[2015.09.07-08.32.21:807][  0]Log file open, 09/07/15 01:32:21
[2015.09.07-08.32.21:807][  0]LogInit:Display: Running engine for game: GodKiller
[2015.09.07-08.32.21:807][  0]LogInit:Display: RandInit(1482782420) SRandInit(1482782434).
[2015.09.07-08.32.21:807][  0]LogTaskGraph: Started task graph with 4 named threads and 7 total threads.
[2015.09.07-08.32.21:807][  0]LogStats: Stats thread started
[2015.09.07-08.32.21:807][  0]LogInit: Version: 4.8.3-2634408+++depot+UE4-Releases+4.8
[2015.09.07-08.32.21:807][  0]LogInit: API Version: 2579680
[2015.09.07-08.32.21:807][  0]LogInit: Compiled (64-bit): Jul 27 2015 16:24:33
[2015.09.07-08.32.21:807][  0]LogInit: Compiled with Visual C++: 18.00.21005.01
[2015.09.07-08.32.21:807][  0]LogInit: Build Configuration: Development
[2015.09.07-08.32.21:807][  0]LogInit: Branch Name: ++depot+UE4-Releases+4.8
[2015.09.07-08.32.21:807][  0]LogInit: Command line:  
[2015.09.07-08.32.21:807][  0]LogInit: Base directory: D:/Program Files/Unreal/Epic Games/4.8/Engine/Binaries/Win64/
[2015.09.07-08.32.21:807][  0]LogInit: Rocket: 1
[2015.09.07-08.32.21:829][  0]LogInit: Using libcurl 7.41.0
[2015.09.07-08.32.21:829][  0]LogInit:  - built for x86_64-pc-win32
[2015.09.07-08.32.21:829][  0]LogInit:  - supports SSL with WinSSL
[2015.09.07-08.32.21:829][  0]LogInit:  - other features:
[2015.09.07-08.32.21:829][  0]LogInit:      CURL_VERSION_SSL
[2015.09.07-08.32.21:829][  0]LogInit:      CURL_VERSION_IPV6
[2015.09.07-08.32.21:829][  0]LogInit:      CURL_VERSION_ASYNCHDNS
[2015.09.07-08.32.21:829][  0]LogInit:      CURL_VERSION_LARGEFILE
[2015.09.07-08.32.21:829][  0]LogInit:      CURL_VERSION_IDN
[2015.09.07-08.32.21:829][  0]LogInit:  CurlRequestOptions (configurable via config and command line):
[2015.09.07-08.32.21:829][  0]LogInit:  - bVerifyPeer = true  - Libcurl will verify peer certificate
[2015.09.07-08.32.21:829][  0]LogInit:  - bUseHttpProxy = false  - Libcurl will NOT use HTTP proxy
[2015.09.07-08.32.21:829][  0]LogInit:  - bDontReuseConnections = false  - Libcurl will reuse connections
[2015.09.07-08.32.21:829][  0]LogInit:  - CertBundlePath = nullptr  - Libcurl will use whatever was configured at build time.
[2015.09.07-08.32.21:848][  0]LogOnline:Warning: No default platform service specified for OnlineSubsystem
[2015.09.07-08.32.21:928][  0]LogInit: Presizing for 0 objects not considered by GC, pre-allocating 0 bytes.
[2015.09.07-08.32.21:937][  0]LogInit: Object subsystem initialized
[2015.09.07-08.32.21:938][  0]LogConsoleResponse:Warning: Skipping Unknown console variable: 'TranslucentSortAxis = (X=0.000000,Y=-1.000000,Z=0.000000)'
[2015.09.07-08.32.21:938][  0]LogConsoleResponse:Warning:   Found in ini file 'D:/Storage/Documents/SourceTRee/Saved/Config/Windows/Engine.ini', in section '[/Script/Engine.RendererSettings]'
[2015.09.07-08.32.21:938][  0]LogConsoleResponse:Warning: Skipping Unknown console variable: 'UIScaleRule = ShortestSide'
[2015.09.07-08.32.21:938][  0]LogConsoleResponse:Warning:   Found in ini file 'D:/Storage/Documents/SourceTRee/Saved/Config/Windows/Engine.ini', in section '[/Script/Engine.RendererSettings]'
[2015.09.07-08.32.21:938][  0]LogConsoleResponse:Warning: Skipping Unknown console variable: 'UIScaleCurve = (EditorCurveData=(Keys=),ExternalCurve=None)'
[2015.09.07-08.32.21:938][  0]LogConsoleResponse:Warning:   Found in ini file 'D:/Storage/Documents/SourceTRee/Saved/Config/Windows/Engine.ini', in section '[/Script/Engine.RendererSettings]'
[2015.09.07-08.32.21:938][  0]LogInit: Selected Device Profile: [Windows]
[2015.09.07-08.32.21:938][  0]LogInit: Applying CVar settings loaded from the selected device profile: [Windows]
[2015.09.07-08.32.21:952][  0]LogInit: Computer: JOSEPH-PC
[2015.09.07-08.32.21:952][  0]LogInit: User: Joseph
[2015.09.07-08.32.21:952][  0]LogInit: CPU Page size=4096, Cores=4
[2015.09.07-08.32.21:952][  0]LogInit: High frequency timer resolution =14.318180 MHz
[2015.09.07-08.32.21:952][  0]LogMemory: Memory total: Physical=15.9GB (16GB approx)
[2015.09.07-08.32.21:952][  0]LogMemory: Platform Memory Stats for Windows
[2015.09.07-08.32.21:952][  0]LogMemory: Process Physical Memory: 53.00 MB used, 53.00 MB peak
[2015.09.07-08.32.21:952][  0]LogMemory: Process Virtual Memory: 24.86 MB used, 24.86 MB peak
[2015.09.07-08.32.21:952][  0]LogMemory: Physical Memory: 3840.63 MB used, 16280.89 MB total
[2015.09.07-08.32.21:952][  0]LogMemory: Virtual Memory: 298.19 MB used, 134217728.00 MB total
[2015.09.07-08.32.22:123][  0]LogTextLocalizationManager: The requested culture ('en_US') has no localization data; parent culture's ('en') localization data will be used.
[2015.09.07-08.32.22:327][  0]LogTextLocalizationManager:Warning: Loaded localization resources contain conflicting entries for (Namespace:ContentBrowser, Key:ImportAssetToolTip):
Localization Resource: (D:/Program Files/Unreal/Epic Games/4.8/Engine/Content/Localization/Editor/en/Editor.locres) Source String Hash: (-630476809) Localized String: (Import to {0}...)
Localization Resource: (D:/Program Files/Unreal/Epic Games/4.8/Engine/Content/Localization/Editor/en/Editor.locres) Source String Hash: (1271782899) Localized String: (Imports an asset from file to this folder.)
[2015.09.07-08.32.22:936][  0]LogD3D11RHI: Found D3D11 adapter 0: AMD Radeon R9 200 Series (Feature Level 11_0)
[2015.09.07-08.32.22:936][  0]LogD3D11RHI: Adapter has 4075MB of dedicated video memory, 0MB of dedicated system memory, and 8140MB of shared system memory, 1 output[s]
[2015.09.07-08.32.22:938][  0]LogD3D11RHI: Found D3D11 adapter 1: Microsoft Basic Render Driver (Feature Level 11_0)
[2015.09.07-08.32.22:938][  0]LogD3D11RHI: Adapter has 0MB of dedicated video memory, 0MB of dedicated system memory, and 8140MB of shared system memory, 0 output[s]
[2015.09.07-08.32.22:938][  0]LogD3D11RHI: Chosen D3D11 Adapter Id = 0
[2015.09.07-08.32.22:946][  0]LogD3D11RHI: InitD3DDevice
[2015.09.07-08.32.22:946][  0]LogD3D11RHI: !Direct3DDevice
[2015.09.07-08.32.22:946][  0]LogRHI: Texture pool is 1361 MB (70% of 1945 MB)
[2015.09.07-08.32.22:955][  0]LogD3D11RHI: Async texture creation disabled: no driver support
[2015.09.07-08.32.22:970][  0]LogShaderCompilers:Display: Using Local Shader Compiler.
[2015.09.07-08.32.25:021][  0]LogTemp:Display: Loaded TP DesktopTargetPlatform
[2015.09.07-08.32.25:044][  0]LogTemp:Display: Loaded TP WindowsClientTargetPlatform
[2015.09.07-08.32.25:067][  0]LogTemp:Display: Loaded TP WindowsNoEditorTargetPlatform
[2015.09.07-08.32.25:090][  0]LogTemp:Display: Loaded TP WindowsServerTargetPlatform
[2015.09.07-08.32.25:115][  0]LogTemp:Display: Loaded TP WindowsTargetPlatform
[2015.09.07-08.32.25:137][  0]LogTemp:Display: Loaded TP AndroidTargetPlatform
[2015.09.07-08.32.25:158][  0]LogTemp:Display: Loaded TP Android_ASTCTargetPlatform
[2015.09.07-08.32.25:178][  0]LogTemp:Display: Loaded TP Android_ATCTargetPlatform
[2015.09.07-08.32.25:199][  0]LogTemp:Display: Loaded TP Android_DXTTargetPlatform
[2015.09.07-08.32.25:221][  0]LogTemp:Display: Loaded TP Android_ETC1TargetPlatform
[2015.09.07-08.32.25:242][  0]LogTemp:Display: Loaded TP Android_ETC2TargetPlatform
[2015.09.07-08.32.25:264][  0]LogTemp:Display: Loaded TP Android_PVRTCTargetPlatform
[2015.09.07-08.32.25:381][  0]LogTemp:Display: Loaded TP IOSTargetPlatform
[2015.09.07-08.32.25:402][  0]LogTemp:Display: Loaded TP LinuxNoEditorTargetPlatform
[2015.09.07-08.32.25:424][  0]LogTemp:Display: Loaded TP LinuxServerTargetPlatform
[2015.09.07-08.32.25:449][  0]LogTemp:Display: Loaded TP LinuxTargetPlatform
[2015.09.07-08.32.25:449][  0]LogTargetPlatformManager:Display: Building Assets For Windows
[2015.09.07-08.32.26:181][  0]LogDerivedDataCache:Display: Max Cache Size: 512 MB
[2015.09.07-08.32.26:338][  0]LogDerivedDataCache: Loaded boot cache 0.16s 53MB C:/Users/Joseph/AppData/Local/UnrealEngine/4.8/DerivedDataCache/Boot.ddc.
[2015.09.07-08.32.26:338][  0]LogDerivedDataCache:Display: Loaded Boot cache: C:/Users/Joseph/AppData/Local/UnrealEngine/4.8/DerivedDataCache/Boot.ddc
[2015.09.07-08.32.26:339][  0]LogDerivedDataCache: FDerivedDataBackendGraph:  Pak pak cache file ../../../../../../../Storage/Documents/SourceTRee/DerivedDataCache/DDC.ddp not found, will not use a pak cache.
[2015.09.07-08.32.26:339][  0]LogDerivedDataCache: Unable to find inner node Pak for hierarchical cache Hierarchy.
[2015.09.07-08.32.26:339][  0]LogDerivedDataCache: FDerivedDataBackendGraph:  CompressedPak pak cache file ../../../../../../../Storage/Documents/SourceTRee/DerivedDataCache/Compressed.ddp not found, will not use a pak cache.
[2015.09.07-08.32.26:339][  0]LogDerivedDataCache: Unable to find inner node CompressedPak for hierarchical cache Hierarchy.
[2015.09.07-08.32.26:543][  0]LogDerivedDataCache:Display: Pak cache opened for reading ../../../Engine/DerivedDataCache/Compressed.ddp.
[2015.09.07-08.32.26:556][  0]LogDerivedDataCache: Using Local data cache path C:/Users/Joseph/AppData/Local/UnrealEngine/Common/DerivedDataCache: Writable
[2015.09.07-08.32.34:244][  0]LogInit: Selected Device Profile: [Windows]
[2015.09.07-08.32.35:143][  0]ImportText (ComponentSweepMultiTests): Missing closing parenthesis: (RootShapeAsset="/Engine/BasicShapes/Cube.Cube",ShapeType="TriggerCapsule",HitResult=(Time=0.50,Location=(X=-100.000015,Y=0.0,Z=100.000015),ImpactPoint=(X=-50.0,Y=0.0,Z=50.0),Normal=(X=-1.0,Y=-0.0,Z=0.0),ImpactNormal=(X=0.0,Y=0.0,Z=1.0),TraceStart=(X=-200.0,Y=0.0,Z=200.0),TraceEnd=(X=0.0,Y=0.0,Z=0.0))
[2015.09.07-08.32.35:143][  0]ImportText (LineTraceSingleByChannelTests): Missing closing parenthesis: (RootShapeAsset="/Engine/BasicShapes/Cube.Cube",HitResult=(Time=0.50,Location=(X=-100.000015,Y=0.0,Z=100.000015),ImpactPoint=(X=-50.0,Y=0.0,Z=50.0),Normal=(X=-1.0,Y=-0.0,Z=0.0),ImpactNormal=(X=0.0,Y=0.0,Z=1.0),TraceStart=(X=-200.0,Y=0.0,Z=200.0),TraceEnd=(X=0.0,Y=0.0,Z=0.0))
[2015.09.07-08.32.35:386][  0]LogMeshUtilities: No automatic mesh reduction module available
[2015.09.07-08.32.35:386][  0]LogMeshUtilities: No automatic mesh merging module available
[2015.09.07-08.32.38:309][  0]LogInit: WinSock: version 1.1 (2.2), MaxSocks=32767, MaxUdp=65467
[2015.09.07-08.32.47:097][  0]UdpMessaging: Initializing bridge on interface 0.0.0.0:0 to multicast group 230.0.0.1:6666.
[2015.09.07-08.32.48:656][  0]SourceControl: Info Source control is disabled
[2015.09.07-08.32.48:955][  0]SourceControl: Info Source control is disabled
[2015.09.07-08.32.48:995][  0]SourceControl: Info Source control is disabled
[2015.09.07-08.32.49:051][  0]SourceControl: Info Source control is disabled
[2015.09.07-08.32.50:059][  0]LogObj: 26273 objects as part of root set at end of initial load.
[2015.09.07-08.32.50:059][  0]LogUObjectAllocator: 5409248 out of 0 bytes used by permanent object pool.
[2015.09.07-08.32.50:702][  0]LogEngine: Initializing Engine...
[2015.09.07-08.32.50:732][  0]LogHMD: Can't find Oculus library dev build: is proper Runtime installed? Version: 0.6.0.0
[2015.09.07-08.32.50:787][  0]LogHMD:Warning: SteamVR failed to initialize.  Error: 110
[2015.09.07-08.32.51:721][  0]LogAIModule: Creating AISystem for world NewWorld
[2015.09.07-08.32.51:854][  0]LogInit: XAudio2 using '1 - LG ULTRAWIDE (AMD High Definition Audio Device)' : 2 channels at 48 kHz using 16 bits per sample (channel mask 0x3)
[2015.09.07-08.32.51:870][  0]LogInit: FAudioDevice initialized.
[2015.09.07-08.32.51:925][  0]LogDerivedDataCache: Saved boot cache 0.06s 53MB C:/Users/Joseph/AppData/Local/UnrealEngine/4.8/DerivedDataCache/Boot.ddc.
[2015.09.07-08.32.51:953][  0]LogInit: Texture streaming: Disabled
[2015.09.07-08.32.52:010][  0]LogAnalytics: Creating configured Analytics provider AnalyticsET
[2015.09.07-08.32.52:011][  0]LogAnalytics: [UEEditor.Rocket.Release] APIServer = http://et2.epicgames.com/ET2/. AppVersion = 4.8.3-2634408+++depot+UE4-Releases+4.8
[2015.09.07-08.32.52:011][  0]LogAnalytics: [UEEditor.Rocket.Release] SetUserId d0fc97d9433d85cfe1d854a78446f226|fbedbf84e6654fb9830ed15a26abc575|31b426bb-6233-41c4-8090-528f38e68011
[2015.09.07-08.32.52:011][  0]LogAnalytics: [UEEditor.Rocket.Release] AnalyticsET::StartSession
[2015.09.07-08.32.52:178][  0]LogInit: Transaction tracking system initialized
[2015.09.07-08.32.52:739][  0]BlueprintLog: New page: Editor Load
[2015.09.07-08.32.52:848][  0]LogAssetRegistry: FAssetRegistry took 0.0285 seconds to start up
[2015.09.07-08.32.52:865][  0]LogDirectoryWatcher:Warning: Failed to begin reading directory changes for ../../../Engine/Plugins/Experimental/CharacterAI/Content/. Error: 0
[2015.09.07-08.32.56:988][  0]LogConsoleManager:Warning: Console variable 'r.VSync' wasn't set ('GameSetting' has a lower priority than 'SystemSettingsIni')
[2015.09.07-08.32.56:988][  0]LogConsoleResponse:Display: 
[2015.09.07-08.32.58:918][  0]LogCook:Display: Done creating registry. It took  0.00s.
[2015.09.07-08.33.00:374][  0]SourceControl: Info Source control is disabled
[2015.09.07-08.33.00:428][  0]Cmd: MAP LOAD FILE="../../../../../../../Storage/Documents/SourceTRee/Content/Scene/NewCave.umap" TEMPLATE=0 SHOWPROGRESS=1 FEATURELEVEL=3
[2015.09.07-08.33.00:542][  0]LightingResults: New page: Lighting Build
[2015.09.07-08.33.00:787][  0]MapCheck: New page: Map Check
[2015.09.07-08.33.00:787][  0]LightingResults: New page: Lighting Build
[2015.09.07-08.33.00:991][  0]LogParticles: Destroying 0 GPU particle simulations for FXSystem 0x0000006010DA8F40
[2015.09.07-08.33.06:590][  0]LogBlueprint:Warning: [compiler Gui] Warning 'gnawmers' is already a 'Enemy 1', you don't need  Cast To Enemy1 .
[2015.09.07-08.33.06:601][  0]LogBlueprint:Warning: [compiler Gui] Warning [0048.33] Compile of Gui successful, but with 1 Warning(s) [in 274 ms]
[2015.09.07-08.33.06:601][  0]LogBlueprint:Warning: [compiler Gui] Warning [0048.33] Compile of Gui successful, but with 2 Warning(s) [in 0 ms]
[2015.09.07-08.33.06:601][  0]LogBlueprint:Warning: [compiler Gui] Warning [0048.33] Compile of Gui successful, but with 3 Warning(s) [in 0 ms]
[2015.09.07-08.33.07:291][  0]LogBlueprint:Warning: [compiler GnawmersHealth] Warning 'gnawmers' is already a 'Enemy 1', you don't need  Cast To Enemy1 .
[2015.09.07-08.33.07:291][  0]LogBlueprint:Warning: [compiler GnawmersHealth] Warning [0049.02] Compile of GnawmersHealth successful, but with 1 Warning(s) [in 24 ms]
[2015.09.07-08.33.07:291][  0]LogBlueprint:Warning: [compiler GnawmersHealth] Warning [0049.02] Compile of GnawmersHealth successful, but with 2 Warning(s) [in 0 ms]
[2015.09.07-08.33.07:292][  0]LogBlueprint:Warning: [compiler GnawmersHealth] Warning [0049.02] Compile of GnawmersHealth successful, but with 3 Warning(s) [in 0 ms]
[2015.09.07-08.33.10:459][  0]LogBlueprint:Warning: [compiler Gui] Warning 'gnawmers' is already a 'Enemy 1', you don't need  Cast To Enemy1 .
[2015.09.07-08.33.10:469][  0]LogBlueprint:Warning: [compiler Gui] Warning [0052.20] Compile of Gui successful, but with 1 Warning(s) [in 60 ms]
[2015.09.07-08.33.10:470][  0]LogBlueprint:Warning: [compiler Gui] Warning [0052.20] Compile of Gui successful, but with 2 Warning(s) [in 1 ms]
[2015.09.07-08.33.10:633][  0]LogBlueprint:Warning: [compiler GnawmersHealth] Warning 'gnawmers' is already a 'Enemy 1', you don't need  Cast To Enemy1 .
[2015.09.07-08.33.10:634][  0]LogBlueprint:Warning: [compiler GnawmersHealth] Warning [0052.36] Compile of GnawmersHealth successful, but with 1 Warning(s) [in 26 ms]
[2015.09.07-08.33.10:634][  0]LogBlueprint:Warning: [compiler GnawmersHealth] Warning [0052.36] Compile of GnawmersHealth successful, but with 2 Warning(s) [in 0 ms]
[2015.09.07-08.33.17:451][  0]LogTexture:Display: Building textures: HQ_Lightmap0_11 (AutoDXT)
[2015.09.07-08.33.17:491][  0]LogTexture:Display: Building textures: HQ_Lightmap0_16 (AutoDXT)
[2015.09.07-08.33.17:513][  0]LogTexture:Display: Building textures: HQ_Lightmap0_19 (AutoDXT)
[2015.09.07-08.33.17:594][  0]LogTexture:Display: Building textures: HQ_Lightmap0_20 (AutoDXT)
[2015.09.07-08.33.17:596][  0]LogTexture:Display: Building textures: HQ_Lightmap0_21 (AutoDXT)
[2015.09.07-08.33.17:602][  0]LogTexture:Display: Building textures: HQ_Lightmap0_22 (AutoDXT)
[2015.09.07-08.33.17:606][  0]LogTexture:Display: Building textures: HQ_Lightmap0_23 (AutoDXT)
[2015.09.07-08.33.17:622][  0]LogTexture:Display: Building textures: HQ_Lightmap0_24 (AutoDXT)
[2015.09.07-08.33.17:636][  0]LogTexture:Display: Building textures: HQ_Lightmap0_3 (AutoDXT)
[2015.09.07-08.33.17:706][  0]LogTexture:Display: Building textures: HQ_Lightmap0_4 (AutoDXT)
[2015.09.07-08.33.17:709][  0]LogTexture:Display: Building textures: HQ_Lightmap0_5 (AutoDXT)
[2015.09.07-08.33.17:716][  0]LogTexture:Display: Building textures: HQ_Lightmap0_8 (AutoDXT)
[2015.09.07-08.33.17:718][  0]LogTexture:Display: Building textures: HQ_Lightmap0_9 (AutoDXT)
[2015.09.07-08.33.17:722][  0]LogTexture:Display: Building textures: HQ_Lightmap1_1 (AutoDXT)
[2015.09.07-08.33.17:738][  0]LogTexture:Display: Building textures: HQ_Lightmap1_10 (AutoDXT)
[2015.09.07-08.33.17:744][  0]LogTexture:Display: Building textures: HQ_Lightmap1_12 (AutoDXT)
[2015.09.07-08.33.17:760][  0]LogTexture:Display: Building textures: HQ_Lightmap1_13 (AutoDXT)
[2015.09.07-08.33.17:762][  0]LogTexture:Display: Building textures: HQ_Lightmap1_14 (AutoDXT)
[2015.09.07-08.33.17:767][  0]LogTexture:Display: Building textures: HQ_Lightmap1_15 (AutoDXT)
[2015.09.07-08.33.17:788][  0]LogTexture:Display: Building textures: HQ_Lightmap1_17 (AutoDXT)
[2015.09.07-08.33.17:793][  0]LogTexture:Display: Building textures: HQ_Lightmap1_18 (AutoDXT)
[2015.09.07-08.33.17:803][  0]LogTexture:Display: Building textures: HQ_Lightmap1_2 (AutoDXT)
[2015.09.07-08.33.17:832][  0]LogTexture:Display: Building textures: HQ_Lightmap1_6 (AutoDXT)
[2015.09.07-08.33.17:848][  0]LogTexture:Display: Building textures: HQ_Lightmap1_7 (AutoDXT)
[2015.09.07-08.33.22:083][  0]LogAIModule: Creating AISystem for world NewCave
[2015.09.07-08.33.22:750][  0]LogEditorServer: Finished looking for orphan Actors (0.000 secs)
[2015.09.07-08.33.22:758][  0]Cmd: MAP CHECKDEP NOCLEARLOG
[2015.09.07-08.33.22:977][  0]MapCheck: Info Map check complete: 0 Error(s), 0 Warning(s), took 218.564ms to complete.
[2015.09.07-08.33.22:977][  0]LogFileHelpers: Loading map 'NewCave' took 22.570
[2015.09.07-08.33.23:891][  0]LogCollectionManager: Loaded 0 collections in 0.002543 seconds
[2015.09.07-08.33.23:912][  0]LogContentBrowser: Native class hierarchy populated in 0.0212 seconds. Added 1792 classes and 301 folders.
[2015.09.07-08.33.24:185][  0]LogContentBrowser: Native class hierarchy updated for 'WidgetCarousel' in 0.0005 seconds. Added 0 classes and 0 folders.
[2015.09.07-08.33.24:644][  0]LogContentBrowser: Native class hierarchy updated for 'AddContentDialog' in 0.0006 seconds. Added 0 classes and 0 folders.
[2015.09.07-08.33.24:986][  0]LogContentBrowser: Native class hierarchy updated for 'SceneOutliner' in 0.0005 seconds. Added 1 classes and 2 folders.
[2015.09.07-08.33.25:396][  0]LogCrashTracker: Crashtracker disabled due to settings.
[2015.09.07-08.33.25:475][  0]LogD3D11RHI: InitD3DDevice
[2015.09.07-08.33.25:553][  0]LogUObjectGlobals:Warning: Failed to find object 'Class None.'
[2015.09.07-08.33.25:629][  0]LogLoad: Full Startup: 67.36 seconds (BP compile: 7.34 seconds)
[2015.09.07-08.33.26:080][  0]LogContentStreaming: Texture pool size is 0.000000MB
[2015.09.07-08.33.26:349][  0]LogContentStreaming: Texture pool size now 1000 MB
[2015.09.07-08.33.26:796][  0]LogRenderer: Reallocating scene render targets to support 1464x904 (Frame:2).
[2015.09.07-08.33.27:241][  1]Cmd: UpdateLandscapeEditorData -warnings
[2015.09.07-08.33.27:310][  1]Cmd: UpdateLandscapeEditorData
[2015.09.07-08.33.27:580][  2]LogD3D11RHI: InitD3DDevice
[2015.09.07-08.33.29:309][ 24]LogAssetRegistry: Asset discovery search completed in 36.4723 seconds
[2015.09.07-08.33.40:551][852]LogD3D11RHI: InitD3DDevice
[2015.09.07-08.34.12:948][585]LogD3D11RHI: InitD3DDevice
[2015.09.07-08.34.13:011][585]LogFactory: FactoryCreateBinary: StaticMesh with FbxFactory (0 0 ../../../../../../../Storage/Documents/GodKillerExports/Game_Rocks/rock_1/Rock_1.OBJ)
[2015.09.07-08.34.13:409][585]LogD3D11RHI: InitD3DDevice
[2015.09.07-08.34.15:453][585]LogFbx: Loading FBX Scene from ../../../../../../../Storage/Documents/GodKillerExports/Game_Rocks/rock_1/Rock_1.OBJ
[2015.09.07-08.34.15:556][585]LogFbx: FBX Scene Loaded Succesfully
[2015.09.07-08.34.15:565][585]LogFbx:Warning: Triangulating static mesh Group1
[2015.09.07-08.34.18:257][585]LogStaticMesh: Building static mesh Rock_1...
[2015.09.07-08.34.19:845][585]LogStaticMesh: Built static mesh [1.588630.2s] /Game/Models/Rocks/Rock_1.Rock_1
[2015.09.07-08.34.19:916][585]FBXImport:Warning: Warning Warning: No smoothing group information was found in this FBX scene.  Please make sure to enable the 'Export Smoothing Groups' option in the FBX Exporter plug-in before exporting the file.  Even for tools that don't support smoothing groups, the FBX Exporter will generate appropriate smoothing data at export-time so that correct vertex normals can be inferred while importing. 
[2015.09.07-08.34.19:916][585]FBXImport:Warning: Warning Warning: The imported mesh is very small. This is most likely an issue with the units used when exporting to FBX. 
[2015.09.07-08.34.19:929][585]LogD3D11RHI: InitD3DDevice
[2015.09.07-08.34.23:624][849]LogD3D11RHI: InitD3DDevice
[2015.09.07-08.34.23:841][849]LogD3D11RHI: InitD3DDevice
[2015.09.07-08.34.25:287][929]LogEditorViewport: Clicking on Actor (LMB): StaticMeshActor (Cave)
[2015.09.07-08.34.26:841][998]LogEditorViewport: Clicking on Actor (LMB): StaticMeshActor (rock24)
[2015.09.07-08.34.30:248][166]LogD3D11RHI: InitD3DDevice
[2015.09.07-08.34.46:223][950]LogD3D11RHI: InitD3DDevice
[2015.09.07-08.34.46:260][950]LogStaticMesh: Building static mesh Rock_1...
[2015.09.07-08.34.46:586][950]LogStaticMesh: Built static mesh [0.326818.2s] /Game/Models/Rocks/Rock_1.Rock_1
[2015.09.07-08.35.00:139][631]LogD3D11RHI: InitD3DDevice
[2015.09.07-08.35.00:177][631]LogStaticMesh: Building static mesh Rock_1...
[2015.09.07-08.35.00:499][631]LogStaticMesh: Built static mesh [0.322097.2s] /Game/Models/Rocks/Rock_1.Rock_1
[2015.09.07-08.35.29:661][897]LogD3D11RHI: InitD3DDevice
[2015.09.07-08.35.29:697][897]LogFactory: FactoryCreateBinary: StaticMesh with FbxFactory (0 0 ../../../../../../../Storage/Documents/GodKillerExports/Game_Rocks/rock_2/Rock_2.OBJ)
[2015.09.07-08.35.29:714][897]LogD3D11RHI: InitD3DDevice
[2015.09.07-08.35.34:627][897]LogFbx: Loading FBX Scene from ../../../../../../../Storage/Documents/GodKillerExports/Game_Rocks/rock_2/Rock_2.OBJ
[2015.09.07-08.35.34:736][897]LogFbx: FBX Scene Loaded Succesfully
[2015.09.07-08.35.34:740][897]LogFbx:Warning: Triangulating static mesh Group1
[2015.09.07-08.35.37:885][897]LogStaticMesh: Building static mesh Rock_2...
[2015.09.07-08.35.38:283][897]LogStaticMesh: Built static mesh [0.397661.2s] /Game/Models/Rocks/Rock_2.Rock_2
[2015.09.07-08.35.38:359][897]FBXImport:Warning: Warning Warning: No smoothing group information was found in this FBX scene.  Please make sure to enable the 'Export Smoothing Groups' option in the FBX Exporter plug-in before exporting the file.  Even for tools that don't support smoothing groups, the FBX Exporter will generate appropriate smoothing data at export-time so that correct vertex normals can be inferred while importing. 
[2015.09.07-08.35.38:378][897]LogD3D11RHI: InitD3DDevice
[2015.09.07-08.35.51:754][675]LogD3D11RHI: InitD3DDevice
[2015.09.07-08.35.51:807][675]LogD3D11RHI: InitD3DDevice
[2015.09.07-08.36.15:078][ 27]LogD3D11RHI: InitD3DDevice
[2015.09.07-08.36.15:100][ 27]LogFactory: FactoryCreateBinary: StaticMesh with FbxFactory (0 0 ../../../../../../../Storage/Documents/GodKillerExports/Game_Rocks/rock_3/Rock_3.OBJ)
[2015.09.07-08.36.15:123][ 27]LogD3D11RHI: InitD3DDevice
[2015.09.07-08.36.20:702][476]LogWindows:Error: Windows GetLastError: The operation completed successfully. (0)
[2015.09.07-08.36.20:754][476]LogCrashTracker: 


[2015.09.07-08.36.45:985][476]LogCrashTracker: 


[2015.09.07-08.36.45:985][476]LogWindows: === Critical error: ===
Fatal error: [File:D:\BuildFarm\buildmachine_++depot+UE4-Releases+4.8\Engine\Source\Runtime\Core\Private\GenericPlatform\GenericPlatformMemory.cpp] [Line: 53] 
Ran out of memory allocating 18446744072452719064 bytes with alignment 0


KERNELBASE.dll {0x00007ffa7ff4a1c8} + 0 bytes
UE4Editor-Core.dll!FOutputDeviceWindowsError::Serialize() {0x00007ffa4a5c7c0f} + 0 bytes [d:\buildfarm\buildmachine_++depot+ue4-releases+4.8\engine\sou
UE4Editor-Core.dll!FOutputDevice::Logf__VA() {0x00007ffa4a4810b8} + 159 bytes [d:\buildfarm\buildmachine_++depot+ue4-releases+4.8\engine\sou
UE4Editor-Core.dll!FDebug::AssertFailed() {0x00007ffa4a451e72} + 65 bytes [d:\buildfarm\buildmachine_++depot+ue4-releases+4.8\engine\sou
UE4Editor-Core.dll!FGenericPlatformMemory::OnOutOfMemory() {0x00007ffa4a2fef80} + 0 bytes [d:\buildfarm\buildmachine_++depot+ue4-releases+4.8\engine\sou
UE4Editor-Core.dll!FMallocTBB::Realloc() {0x00007ffa4a309932} + 0 bytes [d:\buildfarm\buildmachine_++depot+ue4-releases+4.8\engine\sou
UE4Editor-Core.dll!TArray<wchar_t,FDefaultAllocator>::CopyToEmpty<wchar_t,FDefaultAllocator>() {0x00007ffa4a258faf} + 28 bytes [d:\buildfarm\buildmachine_++depot+ue4-releases+4.8\engine\sou
UE4Editor-Core.dll!FTextHistory::Rebuild() {0x00007ffa4a3ba35f} + 37 bytes [d:\buildfarm\buildmachine_++depot+ue4-releases+4.8\engine\sou
UE4Editor-Core.dll!FText::Rebuild() {0x00007ffa4a3ba2c2} + 0 bytes [d:\buildfarm\buildmachine_++depot+ue4-releases+4.8\engine\sou
UE4Editor-Core.dll!FText::ToString() {0x00007ffa4a3c9c8e} + 0 bytes [d:\buildfarm\buildmachine_++depot+ue4-releases+4.8\engine\sou
UE4Editor-SlateCore.dll!FSlateFontMeasure::Measure() {0x00007ffa4d6c7fe1} + 9 bytes [d:\buildfarm\buildmachine_++depot+ue4-releases+4.8\engine\sou
UE4Editor-UnrealEd.dll!SSlowTaskWidget::GetMainTextFont() {0x00007ffa3c665ea6} + 58 bytes [d:\buildfarm\buildmachine_++depot+ue4-releases+4.8\engine\sou
UE4Editor-UnrealEd.dll!TMemberFunctionCaller<SSlowTaskWidget,FSlateFontInfo (__cdecl SSlowTaskWidget::*)(void)const __ptr64>::operator()<>() {0x00007ffa3c629420} + 15 bytes [d:\buildfarm\buildmachine_++depot+ue4-releases+4.8\engine\sou
UE4Editor-UnrealEd.dll!TTupleImpl<TIntegerSequence<> >::ApplyAfter_ExplicitReturnType<FSlateFontInfo,TMemberFunctionCaller<SSlowTaskWidget,FSlateFontInfo (__cdecl SSlowTaskWidget::*)(void)const __ptr64> >() {0x00007ffa3c62a189} + 19 bytes [d:\buildfarm\buildmachine_++depot+ue4-releases+4.8\engine\sou
UE4Editor-UnrealEd.dll!TBaseSPMethodDelegateInstance<1,SSlowTaskWidget,0,FSlateFontInfo __cdecl(void)>::Execute() {0x00007ffa3c65dbc9} + 36 bytes [d:\buildfarm\buildmachine_++depot+ue4-releases+4.8\engine\sou
UE4Editor-Slate.dll!TBaseDelegate<FSlateFontInfo>::Execute() {0x00007ffa49f80afa} + 6 bytes [d:\buildfarm\buildmachine_++depot+ue4-releases+4.8\engine\sou
UE4Editor-Slate.dll!TAttribute<FSlateFontInfo>::Get() {0x00007ffa49f87788} + 14 bytes [d:\buildfarm\buildmachine_++depot+ue4-releases+4.8\engine\sou
UE4Editor-Slate.dll!STextBlock::GetFont() {0x00007ffa49ff98c6} + 32 bytes [d:\buildfarm\buildmachine_++depot+ue4-releases+4.8\engine\sou
UE4Editor-Slate.dll!STextBlock::GetComputedTextStyle() {0x00007ffa49ff8bd1} + 13 bytes [d:\buildfarm\buildmachine_++depot+ue4-releases+4.8\engine\sou
UE4Editor-Slate.dll!STextBlock::ComputeDesiredSize() {0x00007ffa49fe6fc3} + 10 bytes [d:\buildfarm\buildmachine_++depot+ue4-releases+4.8\engine\sou
UE4Editor-SlateCore.dll!SWidget::CacheDesiredSize() {0x00007ffa4d67cd8a} + 20 bytes [d:\buildfarm\buildmachine_++depot+ue4-releases+4.8\engine\sou
UE4Editor-SlateCore.dll!SWidget::SlatePrepass() {0x00007ffa4d6e133d} + 16 bytes [d:\buildfarm\buildmachine_++depot+ue4-releases+4.8\engine\sou
UE4Editor-SlateCore.dll!SWidget::SlatePrepass() {0x00007ffa4d6e12fa} + 17 bytes [d:\buildfarm\buildmachine_++depot+ue4-releases+4.8\engine\sou
UE4Editor-SlateCore.dll!SWidget::SlatePrepass() {0x00007ffa4d6e12fa} + 17 bytes [d:\buildfarm\buildmachine_++depot+ue4-releases+4.8\engine\sou
UE4Editor-SlateCore.dll!SWidget::SlatePrepass() {0x00007ffa4d6e12fa} + 17 bytes [d:\buildfarm\buildmachine_++depot+ue4-releases+4.8\engine\sou
UE4Editor-SlateCore.dll!SWidget::SlatePrepass() {0x00007ffa4d6e12fa} + 17 bytes [d:\buildfarm\buildmachine_++depot+ue4-releases+4.8\engine\sou
UE4Editor-SlateCore.dll!SWidget::SlatePrepass() {0x00007ffa4d6e12fa} + 17 bytes [d:\buildfarm\buildmachine_++depot+ue4-releases+4.8\engine\sou
UE4Editor-SlateCore.dll!SWidget::SlatePrepass() {0x00007ffa4d6e12fa} + 17 bytes [d:\buildfarm\buildmachine_++depot+ue4-releases+4.8\engine\sou
UE4Editor-SlateCore.dll!SWidget::SlatePrepass() {0x00007ffa4d6e12fa} + 17 bytes [d:\buildfarm\buildmachine_++depot+ue4-releases+4.8\engine\sou
UE4Editor-Slate.dll!PrepassWindowAndChildren() {0x00007ffa49e231df} + 33 bytes [d:\buildfarm\buildmachine_++depot+ue4-releases+4.8\engine\sou
UE4Editor-Slate.dll!FSlateApplication::DrawPrepass() {0x00007ffa49dddc69} + 0 bytes [d:\buildfarm\buildmachine_++depot+ue4-releases+4.8\engine\sou
UE4Editor-Slate.dll!FSlateApplication::PrivateDrawWindows() {0x00007ffa49e25a61} + 0 bytes [d:\buildfarm\buildmachine_++depot+ue4-releases+4.8\engine\sou
UE4Editor-Slate.dll!FSlateApplication::DrawWindows() {0x00007ffa49dded40} + 13 bytes [d:\buildfarm\buildmachine_++depot+ue4-releases+4.8\engine\sou
UE4Editor-Slate.dll!FSlateApplication::Tick() {0x00007ffa49e4727f} + 8 bytes [d:\buildfarm\buildmachine_++depot+ue4-releases+4.8\engine\sou
UE4Editor.exe!FEngineLoop::Tick() {0x00007ff649174bf6} + 15 bytes [d:\buildfarm\buildmachine_++depot+ue4-releases+4.8\engine\sou
UE4Editor.exe!GuardedMain() {0x00007ff6491649cc} + 0 bytes [d:\buildfarm\buildmachine_++depot+ue4-releases+4.8\engine\sou
UE4Editor.exe!GuardedMainWrapper() {0x00007ff649164a4a} + 5 bytes [d:\buildfarm\buildmachine_++depot+ue4-releases+4.8\engine\sou
UE4Editor.exe!WinMain() {0x00007ff6491765c9} + 17 bytes [d:\buildfarm\buildmachine_++depot+ue4-releases+4.8\engine\sou
UE4Editor.exe!__tmainCRTStartup() {0x00007ff6491775d9} + 21 bytes [f:\dd\vctools\crt\crtw32\dllstuff\crtexe.c:618]
KERNEL32.DLL {0x00007ffa81712d92} + 0 bytes
ntdll.dll {0x00007ffa84789f64} + 0 bytes
ntdll.dll {0x00007ffa84789f64} + 0 bytes

