[2015.08.30-20.54.04:008][  0]Log file open, 08/30/15 13:54:04
[2015.08.30-20.54.04:008][  0]LogInit:Display: Running engine for game: GodKiller
[2015.08.30-20.54.04:008][  0]LogInit:Display: RandInit(-1887824370) SRandInit(-1887824356).
[2015.08.30-20.54.04:008][  0]LogTaskGraph: Started task graph with 4 named threads and 7 total threads.
[2015.08.30-20.54.04:008][  0]LogStats: Stats thread started
[2015.08.30-20.54.04:008][  0]LogInit: Version: 4.8.3-2634408+++depot+UE4-Releases+4.8
[2015.08.30-20.54.04:008][  0]LogInit: API Version: 2579680
[2015.08.30-20.54.04:008][  0]LogInit: Compiled (64-bit): Jul 27 2015 16:24:33
[2015.08.30-20.54.04:008][  0]LogInit: Compiled with Visual C++: 18.00.21005.01
[2015.08.30-20.54.04:008][  0]LogInit: Build Configuration: Development
[2015.08.30-20.54.04:008][  0]LogInit: Branch Name: ++depot+UE4-Releases+4.8
[2015.08.30-20.54.04:008][  0]LogInit: Command line:  
[2015.08.30-20.54.04:008][  0]LogInit: Base directory: D:/Program Files/Unreal/Epic Games/4.8/Engine/Binaries/Win64/
[2015.08.30-20.54.04:008][  0]LogInit: Rocket: 1
[2015.08.30-20.54.04:033][  0]LogInit: Using libcurl 7.41.0
[2015.08.30-20.54.04:033][  0]LogInit:  - built for x86_64-pc-win32
[2015.08.30-20.54.04:033][  0]LogInit:  - supports SSL with WinSSL
[2015.08.30-20.54.04:033][  0]LogInit:  - other features:
[2015.08.30-20.54.04:033][  0]LogInit:      CURL_VERSION_SSL
[2015.08.30-20.54.04:033][  0]LogInit:      CURL_VERSION_IPV6
[2015.08.30-20.54.04:033][  0]LogInit:      CURL_VERSION_ASYNCHDNS
[2015.08.30-20.54.04:033][  0]LogInit:      CURL_VERSION_LARGEFILE
[2015.08.30-20.54.04:033][  0]LogInit:      CURL_VERSION_IDN
[2015.08.30-20.54.04:033][  0]LogInit:  CurlRequestOptions (configurable via config and command line):
[2015.08.30-20.54.04:033][  0]LogInit:  - bVerifyPeer = true  - Libcurl will verify peer certificate
[2015.08.30-20.54.04:033][  0]LogInit:  - bUseHttpProxy = false  - Libcurl will NOT use HTTP proxy
[2015.08.30-20.54.04:033][  0]LogInit:  - bDontReuseConnections = false  - Libcurl will reuse connections
[2015.08.30-20.54.04:033][  0]LogInit:  - CertBundlePath = nullptr  - Libcurl will use whatever was configured at build time.
[2015.08.30-20.54.04:053][  0]LogOnline:Warning: No default platform service specified for OnlineSubsystem
[2015.08.30-20.54.04:077][  0]LogInit: Presizing for 0 objects not considered by GC, pre-allocating 0 bytes.
[2015.08.30-20.54.04:087][  0]LogInit: Object subsystem initialized
[2015.08.30-20.54.04:088][  0]LogConsoleResponse:Warning: Skipping Unknown console variable: 'TranslucentSortAxis = (X=0.000000,Y=-1.000000,Z=0.000000)'
[2015.08.30-20.54.04:088][  0]LogConsoleResponse:Warning:   Found in ini file 'D:/Storage/Documents/SourceTRee/Saved/Config/Windows/Engine.ini', in section '[/Script/Engine.RendererSettings]'
[2015.08.30-20.54.04:089][  0]LogConsoleResponse:Warning: Skipping Unknown console variable: 'UIScaleRule = ShortestSide'
[2015.08.30-20.54.04:089][  0]LogConsoleResponse:Warning:   Found in ini file 'D:/Storage/Documents/SourceTRee/Saved/Config/Windows/Engine.ini', in section '[/Script/Engine.RendererSettings]'
[2015.08.30-20.54.04:089][  0]LogConsoleResponse:Warning: Skipping Unknown console variable: 'UIScaleCurve = (EditorCurveData=(Keys=),ExternalCurve=None)'
[2015.08.30-20.54.04:089][  0]LogConsoleResponse:Warning:   Found in ini file 'D:/Storage/Documents/SourceTRee/Saved/Config/Windows/Engine.ini', in section '[/Script/Engine.RendererSettings]'
[2015.08.30-20.54.04:089][  0]LogInit: Selected Device Profile: [Windows]
[2015.08.30-20.54.04:089][  0]LogInit: Applying CVar settings loaded from the selected device profile: [Windows]
[2015.08.30-20.54.04:100][  0]LogInit: Computer: JOSEPH-PC
[2015.08.30-20.54.04:100][  0]LogInit: User: Joseph
[2015.08.30-20.54.04:100][  0]LogInit: CPU Page size=4096, Cores=4
[2015.08.30-20.54.04:100][  0]LogInit: High frequency timer resolution =14.318180 MHz
[2015.08.30-20.54.04:100][  0]LogMemory: Memory total: Physical=15.9GB (16GB approx)
[2015.08.30-20.54.04:100][  0]LogMemory: Platform Memory Stats for Windows
[2015.08.30-20.54.04:100][  0]LogMemory: Process Physical Memory: 51.50 MB used, 51.50 MB peak
[2015.08.30-20.54.04:100][  0]LogMemory: Process Virtual Memory: 24.75 MB used, 24.75 MB peak
[2015.08.30-20.54.04:100][  0]LogMemory: Physical Memory: 2907.55 MB used, 16280.89 MB total
[2015.08.30-20.54.04:100][  0]LogMemory: Virtual Memory: 298.17 MB used, 134217728.00 MB total
[2015.08.30-20.54.04:142][  0]LogTextLocalizationManager: The requested culture ('en_US') has no localization data; parent culture's ('en') localization data will be used.
[2015.08.30-20.54.04:349][  0]LogTextLocalizationManager:Warning: Loaded localization resources contain conflicting entries for (Namespace:ContentBrowser, Key:ImportAssetToolTip):
Localization Resource: (D:/Program Files/Unreal/Epic Games/4.8/Engine/Content/Localization/Editor/en/Editor.locres) Source String Hash: (-630476809) Localized String: (Import to {0}...)
Localization Resource: (D:/Program Files/Unreal/Epic Games/4.8/Engine/Content/Localization/Editor/en/Editor.locres) Source String Hash: (1271782899) Localized String: (Imports an asset from file to this folder.)
[2015.08.30-20.54.04:749][  0]LogD3D11RHI: Found D3D11 adapter 0: AMD Radeon R9 200 Series (Feature Level 11_0)
[2015.08.30-20.54.04:749][  0]LogD3D11RHI: Adapter has 4075MB of dedicated video memory, 0MB of dedicated system memory, and 8140MB of shared system memory, 1 output[s]
[2015.08.30-20.54.04:752][  0]LogD3D11RHI: Found D3D11 adapter 1: Microsoft Basic Render Driver (Feature Level 11_0)
[2015.08.30-20.54.04:752][  0]LogD3D11RHI: Adapter has 0MB of dedicated video memory, 0MB of dedicated system memory, and 8140MB of shared system memory, 0 output[s]
[2015.08.30-20.54.04:752][  0]LogD3D11RHI: Chosen D3D11 Adapter Id = 0
[2015.08.30-20.54.04:758][  0]LogD3D11RHI: InitD3DDevice
[2015.08.30-20.54.04:758][  0]LogD3D11RHI: !Direct3DDevice
[2015.08.30-20.54.04:758][  0]LogRHI: Texture pool is 1361 MB (70% of 1945 MB)
[2015.08.30-20.54.04:768][  0]LogD3D11RHI: Async texture creation disabled: no driver support
[2015.08.30-20.54.04:781][  0]LogShaderCompilers:Display: Using Local Shader Compiler.
[2015.08.30-20.54.06:087][  0]LogTemp:Display: Loaded TP DesktopTargetPlatform
[2015.08.30-20.54.06:110][  0]LogTemp:Display: Loaded TP WindowsClientTargetPlatform
[2015.08.30-20.54.06:132][  0]LogTemp:Display: Loaded TP WindowsNoEditorTargetPlatform
[2015.08.30-20.54.06:160][  0]LogTemp:Display: Loaded TP WindowsServerTargetPlatform
[2015.08.30-20.54.06:188][  0]LogTemp:Display: Loaded TP WindowsTargetPlatform
[2015.08.30-20.54.06:207][  0]LogTemp:Display: Loaded TP AndroidTargetPlatform
[2015.08.30-20.54.06:227][  0]LogTemp:Display: Loaded TP Android_ASTCTargetPlatform
[2015.08.30-20.54.06:247][  0]LogTemp:Display: Loaded TP Android_ATCTargetPlatform
[2015.08.30-20.54.06:267][  0]LogTemp:Display: Loaded TP Android_DXTTargetPlatform
[2015.08.30-20.54.06:287][  0]LogTemp:Display: Loaded TP Android_ETC1TargetPlatform
[2015.08.30-20.54.06:308][  0]LogTemp:Display: Loaded TP Android_ETC2TargetPlatform
[2015.08.30-20.54.06:328][  0]LogTemp:Display: Loaded TP Android_PVRTCTargetPlatform
[2015.08.30-20.54.06:398][  0]LogTemp:Display: Loaded TP IOSTargetPlatform
[2015.08.30-20.54.06:417][  0]LogTemp:Display: Loaded TP LinuxNoEditorTargetPlatform
[2015.08.30-20.54.06:437][  0]LogTemp:Display: Loaded TP LinuxServerTargetPlatform
[2015.08.30-20.54.06:460][  0]LogTemp:Display: Loaded TP LinuxTargetPlatform
[2015.08.30-20.54.06:460][  0]LogTargetPlatformManager:Display: Building Assets For Windows
[2015.08.30-20.54.06:789][  0]LogDerivedDataCache:Display: Max Cache Size: 512 MB
[2015.08.30-20.54.06:868][  0]LogDerivedDataCache: Loaded boot cache 0.08s 53MB C:/Users/Joseph/AppData/Local/UnrealEngine/4.8/DerivedDataCache/Boot.ddc.
[2015.08.30-20.54.06:868][  0]LogDerivedDataCache:Display: Loaded Boot cache: C:/Users/Joseph/AppData/Local/UnrealEngine/4.8/DerivedDataCache/Boot.ddc
[2015.08.30-20.54.06:868][  0]LogDerivedDataCache: FDerivedDataBackendGraph:  Pak pak cache file ../../../../../../../Storage/Documents/SourceTRee/DerivedDataCache/DDC.ddp not found, will not use a pak cache.
[2015.08.30-20.54.06:868][  0]LogDerivedDataCache: Unable to find inner node Pak for hierarchical cache Hierarchy.
[2015.08.30-20.54.06:868][  0]LogDerivedDataCache: FDerivedDataBackendGraph:  CompressedPak pak cache file ../../../../../../../Storage/Documents/SourceTRee/DerivedDataCache/Compressed.ddp not found, will not use a pak cache.
[2015.08.30-20.54.06:868][  0]LogDerivedDataCache: Unable to find inner node CompressedPak for hierarchical cache Hierarchy.
[2015.08.30-20.54.07:007][  0]LogDerivedDataCache:Display: Pak cache opened for reading ../../../Engine/DerivedDataCache/Compressed.ddp.
[2015.08.30-20.54.07:019][  0]LogDerivedDataCache: Using Local data cache path C:/Users/Joseph/AppData/Local/UnrealEngine/Common/DerivedDataCache: Writable
[2015.08.30-20.54.07:341][  0]LogInit: Selected Device Profile: [Windows]
[2015.08.30-20.54.07:437][  0]ImportText (ComponentSweepMultiTests): Missing closing parenthesis: (RootShapeAsset="/Engine/BasicShapes/Cube.Cube",ShapeType="TriggerCapsule",HitResult=(Time=0.50,Location=(X=-100.000015,Y=0.0,Z=100.000015),ImpactPoint=(X=-50.0,Y=0.0,Z=50.0),Normal=(X=-1.0,Y=-0.0,Z=0.0),ImpactNormal=(X=0.0,Y=0.0,Z=1.0),TraceStart=(X=-200.0,Y=0.0,Z=200.0),TraceEnd=(X=0.0,Y=0.0,Z=0.0))
[2015.08.30-20.54.07:437][  0]ImportText (LineTraceSingleByChannelTests): Missing closing parenthesis: (RootShapeAsset="/Engine/BasicShapes/Cube.Cube",HitResult=(Time=0.50,Location=(X=-100.000015,Y=0.0,Z=100.000015),ImpactPoint=(X=-50.0,Y=0.0,Z=50.0),Normal=(X=-1.0,Y=-0.0,Z=0.0),ImpactNormal=(X=0.0,Y=0.0,Z=1.0),TraceStart=(X=-200.0,Y=0.0,Z=200.0),TraceEnd=(X=0.0,Y=0.0,Z=0.0))
[2015.08.30-20.54.07:479][  0]LogMeshUtilities: No automatic mesh reduction module available
[2015.08.30-20.54.07:479][  0]LogMeshUtilities: No automatic mesh merging module available
[2015.08.30-20.54.07:922][  0]LogInit: WinSock: version 1.1 (2.2), MaxSocks=32767, MaxUdp=65467
[2015.08.30-20.54.09:303][  0]UdpMessaging: Initializing bridge on interface 0.0.0.0:0 to multicast group 230.0.0.1:6666.
[2015.08.30-20.54.09:811][  0]SourceControl: Info Source control is disabled
[2015.08.30-20.54.10:070][  0]SourceControl: Info Source control is disabled
[2015.08.30-20.54.10:089][  0]SourceControl: Info Source control is disabled
[2015.08.30-20.54.10:105][  0]SourceControl: Info Source control is disabled
[2015.08.30-20.54.10:480][  0]LogObj: 26273 objects as part of root set at end of initial load.
[2015.08.30-20.54.10:480][  0]LogUObjectAllocator: 5409248 out of 0 bytes used by permanent object pool.
[2015.08.30-20.54.10:575][  0]LogEngine: Initializing Engine...
[2015.08.30-20.54.10:579][  0]LogHMD: Can't find Oculus library dev build: is proper Runtime installed? Version: 0.6.0.0
[2015.08.30-20.54.10:581][  0]LogHMD:Warning: SteamVR failed to initialize.  Error: 110
[2015.08.30-20.54.10:799][  0]LogAIModule: Creating AISystem for world NewWorld
[2015.08.30-20.54.10:810][  0]LogInit: XAudio2 using '1 - LG ULTRAWIDE (AMD High Definition Audio Device)' : 2 channels at 48 kHz using 16 bits per sample (channel mask 0x3)
[2015.08.30-20.54.10:823][  0]LogInit: FAudioDevice initialized.
[2015.08.30-20.54.10:866][  0]LogDerivedDataCache: Saved boot cache 0.04s 53MB C:/Users/Joseph/AppData/Local/UnrealEngine/4.8/DerivedDataCache/Boot.ddc.
[2015.08.30-20.54.10:876][  0]LogInit: Texture streaming: Disabled
[2015.08.30-20.54.10:914][  0]LogAnalytics: Creating configured Analytics provider AnalyticsET
[2015.08.30-20.54.10:914][  0]LogAnalytics: [UEEditor.Rocket.Release] APIServer = http://et2.epicgames.com/ET2/. AppVersion = 4.8.3-2634408+++depot+UE4-Releases+4.8
[2015.08.30-20.54.10:914][  0]LogAnalytics: [UEEditor.Rocket.Release] SetUserId d0fc97d9433d85cfe1d854a78446f226|fbedbf84e6654fb9830ed15a26abc575|31b426bb-6233-41c4-8090-528f38e68011
[2015.08.30-20.54.10:914][  0]LogAnalytics: [UEEditor.Rocket.Release] AnalyticsET::StartSession
[2015.08.30-20.54.10:961][  0]LogInit: Transaction tracking system initialized
[2015.08.30-20.54.11:170][  0]BlueprintLog: New page: Editor Load
[2015.08.30-20.54.11:224][  0]LogAssetRegistry: FAssetRegistry took 0.0112 seconds to start up
[2015.08.30-20.54.11:225][  0]LogDirectoryWatcher:Warning: Failed to begin reading directory changes for ../../../Engine/Plugins/Experimental/CharacterAI/Content/. Error: 0
[2015.08.30-20.54.12:437][  0]LogConsoleManager:Warning: Console variable 'r.VSync' wasn't set ('GameSetting' has a lower priority than 'SystemSettingsIni')
[2015.08.30-20.54.12:437][  0]LogConsoleResponse:Display: 
[2015.08.30-20.54.12:636][  0]LogCook:Display: Done creating registry. It took  0.00s.
[2015.08.30-20.54.13:018][  0]SourceControl: Info Source control is disabled
[2015.08.30-20.54.13:018][  0]Cmd: MAP LOAD FILE="../../../../../../../Storage/Documents/SourceTRee/Content/Scene/NewCave.umap" TEMPLATE=0 SHOWPROGRESS=1 FEATURELEVEL=3
[2015.08.30-20.54.13:019][  0]LightingResults: New page: Lighting Build
[2015.08.30-20.54.13:047][  0]MapCheck: New page: Map Check
[2015.08.30-20.54.13:047][  0]LightingResults: New page: Lighting Build
[2015.08.30-20.54.13:070][  0]LogParticles: Destroying 0 GPU particle simulations for FXSystem 0x0000006B5750CF40
[2015.08.30-20.54.15:729][  0]LogBlueprint:Warning: [compiler GnawmersHealth] Warning 'gnawmers' is already a 'Enemy 1', you don't need  Cast To Enemy1 .
[2015.08.30-20.54.15:729][  0]LogBlueprint:Warning: [compiler GnawmersHealth] Warning [0014.72] Compile of GnawmersHealth successful, but with 1 Warning(s) [in 22 ms]
[2015.08.30-20.54.15:729][  0]LogBlueprint:Warning: [compiler GnawmersHealth] Warning [0014.72] Compile of GnawmersHealth successful, but with 2 Warning(s) [in 0 ms]
[2015.08.30-20.54.15:729][  0]LogBlueprint:Warning: [compiler GnawmersHealth] Warning [0014.72] Compile of GnawmersHealth successful, but with 3 Warning(s) [in 0 ms]
[2015.08.30-20.54.16:391][  0]LogBlueprint:Warning: [compiler Gui] Warning 'gnawmers' is already a 'Enemy 1', you don't need  Cast To Enemy1 .
[2015.08.30-20.54.16:400][  0]LogBlueprint:Warning: [compiler Gui] Warning [0015.39] Compile of Gui successful, but with 1 Warning(s) [in 56 ms]
[2015.08.30-20.54.16:401][  0]LogBlueprint:Warning: [compiler Gui] Warning [0015.39] Compile of Gui successful, but with 2 Warning(s) [in 0 ms]
[2015.08.30-20.54.16:401][  0]LogBlueprint:Warning: [compiler Gui] Warning [0015.39] Compile of Gui successful, but with 3 Warning(s) [in 0 ms]
[2015.08.30-20.54.19:422][  0]LogBlueprint:Warning: [compiler Gui] Warning 'gnawmers' is already a 'Enemy 1', you don't need  Cast To Enemy1 .
[2015.08.30-20.54.19:432][  0]LogBlueprint:Warning: [compiler Gui] Warning [0018.42] Compile of Gui successful, but with 1 Warning(s) [in 59 ms]
[2015.08.30-20.54.19:434][  0]LogBlueprint:Warning: [compiler Gui] Warning [0018.43] Compile of Gui successful, but with 2 Warning(s) [in 1 ms]
[2015.08.30-20.54.19:583][  0]LogBlueprint:Warning: [compiler GnawmersHealth] Warning 'gnawmers' is already a 'Enemy 1', you don't need  Cast To Enemy1 .
[2015.08.30-20.54.19:584][  0]LogBlueprint:Warning: [compiler GnawmersHealth] Warning [0018.58] Compile of GnawmersHealth successful, but with 1 Warning(s) [in 28 ms]
[2015.08.30-20.54.19:584][  0]LogBlueprint:Warning: [compiler GnawmersHealth] Warning [0018.58] Compile of GnawmersHealth successful, but with 2 Warning(s) [in 0 ms]
[2015.08.30-20.54.24:624][  0]LogAIModule: Creating AISystem for world NewCave
[2015.08.30-20.54.24:802][  0]LogEditorServer: Finished looking for orphan Actors (0.000 secs)
[2015.08.30-20.54.24:804][  0]Cmd: MAP CHECKDEP NOCLEARLOG
[2015.08.30-20.54.24:986][  0]MapCheck: Info Map check complete: 0 Error(s), 0 Warning(s), took 182.649ms to complete.
[2015.08.30-20.54.24:987][  0]LogFileHelpers: Loading map 'NewCave' took 11.968
[2015.08.30-20.54.25:097][  0]LogCollectionManager: Loaded 0 collections in 0.002417 seconds
[2015.08.30-20.54.25:106][  0]LogContentBrowser: Native class hierarchy populated in 0.0093 seconds. Added 1792 classes and 301 folders.
[2015.08.30-20.54.25:174][  0]LogContentBrowser: Native class hierarchy updated for 'WidgetCarousel' in 0.0005 seconds. Added 0 classes and 0 folders.
[2015.08.30-20.54.25:216][  0]LogContentBrowser: Native class hierarchy updated for 'AddContentDialog' in 0.0006 seconds. Added 0 classes and 0 folders.
[2015.08.30-20.54.25:282][  0]LogContentBrowser: Native class hierarchy updated for 'SceneOutliner' in 0.0005 seconds. Added 1 classes and 2 folders.
[2015.08.30-20.54.25:337][  0]LogCrashTracker: Crashtracker disabled due to settings.
[2015.08.30-20.54.25:339][  0]LogD3D11RHI: InitD3DDevice
[2015.08.30-20.54.25:342][  0]LogUObjectGlobals:Warning: Failed to find object 'Class None.'
[2015.08.30-20.54.25:364][  0]LogLoad: Full Startup: 24.35 seconds (BP compile: 5.64 seconds)
[2015.08.30-20.54.25:465][  0]LogContentStreaming: Texture pool size is 0.000000MB
[2015.08.30-20.54.25:676][  0]LogContentStreaming: Texture pool size now 1000 MB
[2015.08.30-20.54.25:889][  0]LogRenderer: Reallocating scene render targets to support 1552x928 (Frame:2).
[2015.08.30-20.54.26:174][  1]Cmd: UpdateLandscapeEditorData -warnings
[2015.08.30-20.54.26:176][  1]Cmd: UpdateLandscapeEditorData
[2015.08.30-20.54.27:718][ 22]LogAssetRegistry: Asset discovery search completed in 16.5056 seconds
[2015.08.30-20.54.39:214][919]LogEditorViewport: Clicking on Actor (LMB): StaticMeshActor (plane)
[2015.08.30-20.54.56:109][113]LogEditorViewport: Clicking on Actor (LMB): StaticMeshActor (rock15)
[2015.08.30-20.55.14:400][355]LogD3D11RHI: InitD3DDevice
[2015.08.30-20.55.15:165][406]LogActorComponent: UnregisterComponent: (/Engine/Transient.CharMoveComp) Not registered. Aborting.
[2015.08.30-20.55.16:220][406]LogD3D11RHI: InitD3DDevice
[2015.08.30-20.55.18:540][406]LogD3D11RHI: InitD3DDevice
[2015.08.30-20.55.18:757][406]Cmd: OBJ SAVEPACKAGE PACKAGE="/Game/Scene/NewCave" FILE="../../../../../../../Storage/Documents/SourceTRee/Content/Scene/NewCave.umap" SILENT=true AUTOSAVING=false KEEPDIRTY=false
[2015.08.30-20.55.19:883][406]LogSavePackage: Save=1067.285645ms
[2015.08.30-20.55.19:883][406]LogSavePackage: Moving '../../../../../../../Storage/Documents/SourceTRee/Saved/NewCaveD2BE9F174749BCE6F18795A87F641BEE.tmp' to '../../../../../../../Storage/Documents/SourceTRee/Content/Scene/NewCave.umap'
[2015.08.30-20.55.19:976][406]LogFileHelpers: Saving map 'NewCave' took 1.403
[2015.08.30-20.55.20:896][475]LogD3D11RHI: InitD3DDevice
[2015.08.30-20.55.20:926][475]Cmd: OBJ SAVEPACKAGE PACKAGE="/Game/Scene/NewCave" FILE="../../../../../../../Storage/Documents/SourceTRee/Content/Scene/NewCave.umap" SILENT=true AUTOSAVING=false KEEPDIRTY=false
[2015.08.30-20.55.21:970][475]LogSavePackage: Save=980.432556ms
[2015.08.30-20.55.21:970][475]LogSavePackage: Moving '../../../../../../../Storage/Documents/SourceTRee/Saved/NewCave2EA75F754F8E81AA2B8751A1957C31DE.tmp' to '../../../../../../../Storage/Documents/SourceTRee/Content/Scene/NewCave.umap'
[2015.08.30-20.55.26:161][747]BlueprintLog: New page: Pre-PIE auto-recompile
[2015.08.30-20.55.26:161][747]LogPlayLevel: [PIE] Compiling NewCave before PIE...
[2015.08.30-20.55.26:285][747]LogPlayLevel: PIE:  Blueprint regeneration took 125 ms (1 blueprints)
[2015.08.30-20.55.26:441][747]PIE: New page: PIE session: NewCave (Aug 30, 2015, 6:55:26 AM)
[2015.08.30-20.55.26:441][747]LogPlayLevel: Creating play world package: /Game/Scene/UEDPIE_0_NewCave
[2015.08.30-20.55.26:544][747]LogPlayLevel: PIE: StaticDuplicateObject took: (0.102425s)
[2015.08.30-20.55.26:552][747]LogAIModule: Creating AISystem for world NewCave
[2015.08.30-20.55.26:553][747]LogPlayLevel: PIE: World Init took: (0.001276s)
[2015.08.30-20.55.26:553][747]LogPlayLevel: PIE: Created PIE world by copying editor world from /Game/Scene/NewCave.NewCave to /Game/Scene/UEDPIE_0_NewCave.NewCave (0.112060s)
[2015.08.30-20.55.26:605][747]LogInit: XAudio2 using '1 - LG ULTRAWIDE (AMD High Definition Audio Device)' : 2 channels at 48 kHz using 16 bits per sample (channel mask 0x3)
[2015.08.30-20.55.26:613][747]LogInit: FAudioDevice initialized.
[2015.08.30-20.55.26:834][747]LogWorld: Game class is 'ThirdPersonGameMode_C'
[2015.08.30-20.55.27:507][747]LogWorld:Warning: *** WARNING - PATHS MAY NOT BE VALID ***
[2015.08.30-20.55.27:507][747]LogWorld: Bringing World /Game/Scene/UEDPIE_0_NewCave.NewCave up for play (max tick rate 0) at 2015.08.30-13.55.27
[2015.08.30-20.55.27:507][747]LogActor:Warning: GameSession /Game/Scene/UEDPIE_0_NewCave.NewCave:PersistentLevel.GameSession_0 has natively added scene component(s), but none of them were set as the actor's RootComponent - picking one arbitrarily
[2015.08.30-20.55.27:508][747]LogActor:Warning: GameNetworkManager /Game/Scene/UEDPIE_0_NewCave.NewCave:PersistentLevel.GameNetworkManager_0 has natively added scene component(s), but none of them were set as the actor's RootComponent - picking one arbitrarily
[2015.08.30-20.55.27:601][747]LogWorld: Bringing up level for play took: 0.678672
[2015.08.30-20.55.27:703][747]LogScript:Warning: Accessed None 'CallFunc_Array_Get_Item'
	KeySpawner_C /Game/Scene/UEDPIE_0_NewCave.NewCave:PersistentLevel.KeySpawner_C_0
	Function /Game/Key/KeySpawner.KeySpawner_C:ExecuteUbergraph_KeySpawner:0410
[2015.08.30-20.55.27:703][747]PIE:Error: Error Accessed None 'CallFunc_Array_Get_Item' from node SpawnActor in graph 'EventGraph' in blueprint KeySpawner
[2015.08.30-20.55.27:703][747]LogScript:Warning: Accessed None 'CallFunc_Array_Get_Item'
	KeySpawner_C /Game/Scene/UEDPIE_0_NewCave.NewCave:PersistentLevel.KeySpawner_C_0
	Function /Game/Key/KeySpawner.KeySpawner_C:ExecuteUbergraph_KeySpawner:050C
[2015.08.30-20.55.27:703][747]PIE:Error: Error Accessed None 'CallFunc_Array_Get_Item' from node SpawnActor in graph 'EventGraph' in blueprint KeySpawner
[2015.08.30-20.55.27:703][747]LogScript:Warning: Accessed None 'CallFunc_Array_Get_Item'
	KeySpawner_C /Game/Scene/UEDPIE_0_NewCave.NewCave:PersistentLevel.KeySpawner_C_0
	Function /Game/Key/KeySpawner.KeySpawner_C:ExecuteUbergraph_KeySpawner:0605
[2015.08.30-20.55.27:703][747]PIE:Error: Error Accessed None 'CallFunc_Array_Get_Item' from node SetActorLocation in graph 'EventGraph' in blueprint KeySpawner
[2015.08.30-20.55.27:704][747]PIE: Info Play in editor start time for /Game/Scene/UEDPIE_0_NewCave 2.456
[2015.08.30-20.55.27:810][747]LogScript:Warning: Accessed None 'K2Node_DynamicCast_AsThird_Person_Character2'
	SuccessScreen_C /Engine/Transient.UnrealEdEngine_0:GameInstance_0.SuccessScreen_C_0
	Function /Game/GUI/SuccessScreen.SuccessScreen_C:ExecuteUbergraph_SuccessScreen:04AE
[2015.08.30-20.55.37:449][254]LogScript:Warning: Accessed None 'Player'
	Enemy1_C /Game/Scene/UEDPIE_0_NewCave.NewCave:PersistentLevel.Enemy1_C_1
	Function /Game/Enemy1/Enemy1.Enemy1_C:ExecuteUbergraph_Enemy1:0086
[2015.08.30-20.55.37:449][254]PIE:Error: Error Accessed None 'Player' from node Branch in graph 'EventGraph' in blueprint Enemy1
[2015.08.30-20.55.37:457][254]LogScript:Warning: Accessed None 'Player'
	Enemy1_C /Game/Scene/UEDPIE_0_NewCave.NewCave:PersistentLevel.Enemy1_C_4
	Function /Game/Enemy1/Enemy1.Enemy1_C:ExecuteUbergraph_Enemy1:0086
[2015.08.30-20.55.37:457][254]PIE:Error: Error Accessed None 'Player' from node Branch in graph 'EventGraph' in blueprint Enemy1
[2015.08.30-20.55.54:440][739]LogParticles: Destroying 0 GPU particle simulations for FXSystem 0x0000006B632E04A0
[2015.08.30-20.55.54:494][739]LogD3D11RHI: InitD3DDevice
[2015.08.30-20.56.00:924][177]LogD3D11RHI: InitD3DDevice
[2015.08.30-20.56.08:256][676]LogD3D11RHI: InitD3DDevice
[2015.08.30-20.56.40:879][950]LogD3D11RHI: InitD3DDevice
[2015.08.30-20.56.41:736][983]LogD3D11RHI: InitD3DDevice
[2015.08.30-20.56.41:830][985]LogD3D11RHI: InitD3DDevice
[2015.08.30-20.56.42:648][ 16]LogD3D11RHI: InitD3DDevice
[2015.08.30-20.57.07:831][231]LogD3D11RHI: InitD3DDevice
[2015.08.30-20.57.08:486][264]LogD3D11RHI: InitD3DDevice
[2015.08.30-20.57.09:159][298]LogD3D11RHI: InitD3DDevice
[2015.08.30-20.57.53:043][705]LogD3D11RHI: InitD3DDevice
[2015.08.30-20.57.53:112][705]LogD3D11RHI: InitD3DDevice
[2015.08.30-20.58.10:802][536]LogD3D11RHI: InitD3DDevice
[2015.08.30-20.58.10:856][536]LogD3D11RHI: InitD3DDevice
[2015.08.30-20.58.40:680][139]LogEditorViewport: Clicking on Actor (LMB): StaticMeshActor (Lanturn5)
[2015.08.30-20.58.49:885][728]LogD3D11RHI: InitD3DDevice
[2015.08.30-20.58.49:941][728]LogD3D11RHI: InitD3DDevice
[2015.08.30-20.58.55:347][ 32]LogParticles: Destroying 0 GPU particle simulations for FXSystem 0x0000006B63D5F240
[2015.08.30-20.58.55:347][ 32]LogParticles: Destroying 0 GPU particle simulations for FXSystem 0x0000006B4CEC6340
[2015.08.30-20.58.55:392][ 32]LogParticles: Destroying 0 GPU particle simulations for FXSystem 0x0000006B63978860
[2015.08.30-20.58.55:395][ 32]LogD3D11RHI: InitD3DDevice
[2015.08.30-20.59.00:898][ 32]LogD3D11RHI: InitD3DDevice
[2015.08.30-21.00.44:840][782]LogD3D11RHI: InitD3DDevice
[2015.08.30-21.00.44:899][782]LogD3D11RHI: InitD3DDevice
[2015.08.30-21.02.09:879][166]LogActorComponent: UnregisterComponent: (/Engine/Transient.CharMoveComp) Not registered. Aborting.
[2015.08.30-21.02.09:900][166]LogParticles: Destroying 0 GPU particle simulations for FXSystem 0x0000006B63DDE840
[2015.08.30-21.02.09:930][166]LogD3D11RHI: InitD3DDevice
[2015.08.30-21.02.10:942][166]LogD3D11RHI: InitD3DDevice
[2015.08.30-21.02.11:167][166]Cmd: OBJ SAVEPACKAGE PACKAGE="/Game/Scene/NewCave" FILE="../../../../../../../Storage/Documents/SourceTRee/Content/Scene/NewCave.umap" SILENT=true AUTOSAVING=false KEEPDIRTY=false
[2015.08.30-21.02.12:305][166]LogSavePackage: Save=1058.301880ms
[2015.08.30-21.02.12:305][166]LogSavePackage: Moving '../../../../../../../Storage/Documents/SourceTRee/Saved/NewCave472585D44ED38928D7F5B49A3E8A48FD.tmp' to '../../../../../../../Storage/Documents/SourceTRee/Content/Scene/NewCave.umap'
[2015.08.30-21.02.12:424][166]LogFileHelpers: Saving map 'NewCave' took 1.449
[2015.08.30-21.02.13:489][235]LogD3D11RHI: InitD3DDevice
[2015.08.30-21.02.13:529][235]Cmd: OBJ SAVEPACKAGE PACKAGE="/Game/Scene/NewCave" FILE="../../../../../../../Storage/Documents/SourceTRee/Content/Scene/NewCave.umap" SILENT=true AUTOSAVING=false KEEPDIRTY=false
[2015.08.30-21.02.14:762][235]LogSavePackage: Save=1163.912598ms
[2015.08.30-21.02.14:763][235]LogSavePackage: Moving '../../../../../../../Storage/Documents/SourceTRee/Saved/NewCaveF86A63C242F078377B6E02B25B8835AD.tmp' to '../../../../../../../Storage/Documents/SourceTRee/Content/Scene/NewCave.umap'
[2015.08.30-21.03.20:157][779]LogD3D11RHI: InitD3DDevice
[2015.08.30-21.03.20:182][779]Cmd: OBJ SAVEPACKAGE PACKAGE="/Game/Scene/NewCave" FILE="../../../../../../../Storage/Documents/SourceTRee/Content/Scene/NewCave.umap" SILENT=true AUTOSAVING=false KEEPDIRTY=false
[2015.08.30-21.03.21:228][779]LogSavePackage: Save=988.961731ms
[2015.08.30-21.03.21:228][779]LogSavePackage: Moving '../../../../../../../Storage/Documents/SourceTRee/Saved/NewCaveBD06E3F943D42024514B5789803A56E9.tmp' to '../../../../../../../Storage/Documents/SourceTRee/Content/Scene/NewCave.umap'
[2015.08.30-21.03.22:566][844]LogWindowsTextInputMethodSystem:Display: IME system now deactivated.
[2015.08.30-21.03.22:968][845]Cmd: QUIT_EDITOR
[2015.08.30-21.03.23:490][845]LogExit: Preparing to exit.
[2015.08.30-21.03.24:686][845]LogExit: Editor shut down
[2015.08.30-21.03.24:687][845]LogExit: Transaction tracking system shut down
[2015.08.30-21.03.24:702][845]LogParticles: Destroying 0 GPU particle simulations for FXSystem 0x0000006B6FA73E20
[2015.08.30-21.03.24:705][845]LogParticles: Destroying 0 GPU particle simulations for FXSystem 0x0000006B13E6B100
[2015.08.30-21.03.24:705][845]LogParticles: Destroying 0 GPU particle simulations for FXSystem 0x0000006B0B13FC40
[2015.08.30-21.03.24:705][845]LogParticles: Destroying 0 GPU particle simulations for FXSystem 0x0000006B13DDF420
[2015.08.30-21.03.24:705][845]LogParticles: Destroying 0 GPU particle simulations for FXSystem 0x0000006B61D15C60
[2015.08.30-21.03.25:302][845]LogParticles: Destroying 0 GPU particle simulations for FXSystem 0x0000006B0B6AFA60
[2015.08.30-21.03.25:302][845]LogExit: Object subsystem successfully closed.
[2015.08.30-21.03.25:537][845]LogD3D11RHI: Shutdown
[2015.08.30-21.03.25:549][845]LogD3D11RHI: CleanupD3DDevice
[2015.08.30-21.03.25:563][845]LogD3D11RHI: ~FD3D11DynamicRHI
[2015.08.30-21.03.25:600][845]LogModuleManager: Shutting down and abandoning module StaticMeshEditor (189)
[2015.08.30-21.03.25:600][845]LogModuleManager: Shutting down and abandoning module CrashTracker (188)
[2015.08.30-21.03.25:600][845]LogModuleManager: Shutting down and abandoning module SceneOutliner (187)
[2015.08.30-21.03.25:600][845]LogModuleManager: Shutting down and abandoning module SuperSearch (186)
[2015.08.30-21.03.25:600][845]LogModuleManager: Shutting down and abandoning module WidgetCarousel (185)
[2015.08.30-21.03.25:600][845]LogModuleManager: Shutting down and abandoning module AddContentDialog (184)
[2015.08.30-21.03.25:613][845]LogModuleManager: Shutting down and abandoning module EditorWidgets (183)
[2015.08.30-21.03.25:613][845]LogModuleManager: Shutting down and abandoning module CollectionManager (182)
[2015.08.30-21.03.25:613][845]LogModuleManager: Shutting down and abandoning module StatsViewer (181)
[2015.08.30-21.03.25:613][845]LogModuleManager: Shutting down and abandoning module FoliageEdit (180)
[2015.08.30-21.03.25:613][845]LogModuleManager: Shutting down and abandoning module LandscapeEditor (179)
[2015.08.30-21.03.25:626][845]LogModuleManager: Shutting down and abandoning module ActorPickerMode (178)
[2015.08.30-21.03.25:626][845]LogModuleManager: Shutting down and abandoning module GeometryMode (177)
[2015.08.30-21.03.25:626][845]LogModuleManager: Shutting down and abandoning module TextureAlignMode (176)
[2015.08.30-21.03.25:626][845]LogModuleManager: Shutting down and abandoning module BspMode (175)
[2015.08.30-21.03.25:626][845]LogModuleManager: Shutting down and abandoning module PlacementMode (174)
[2015.08.30-21.03.25:626][845]LogModuleManager: Shutting down and abandoning module AutomationWorker (173)
[2015.08.30-21.03.25:626][845]LogModuleManager: Shutting down and abandoning module CharacterAI (172)
[2015.08.30-21.03.25:626][845]LogModuleManager: Shutting down and abandoning module SmartSnapping (171)
[2015.08.30-21.03.25:626][845]LogModuleManager: Shutting down and abandoning module ViewportSnapping (170)
[2015.08.30-21.03.25:626][845]LogModuleManager: Shutting down and abandoning module LogVisualizer (169)
[2015.08.30-21.03.25:626][845]LogModuleManager: Shutting down and abandoning module GameProjectGeneration (168)
[2015.08.30-21.03.25:638][845]LogModuleManager: Shutting down and abandoning module IntroTutorials (167)
[2015.08.30-21.03.25:638][845]LogModuleManager: Shutting down and abandoning module EditorLiveStreaming (166)
[2015.08.30-21.03.25:638][845]LogModuleManager: Shutting down and abandoning module IOSPlatformEditor (165)
[2015.08.30-21.03.25:638][845]LogModuleManager: Shutting down and abandoning module HTML5PlatformEditor (164)
[2015.08.30-21.03.25:638][845]LogModuleManager: Shutting down and abandoning module AndroidDeviceDetection (163)
[2015.08.30-21.03.26:233][845]LogModuleManager: Shutting down and abandoning module AndroidPlatformEditor (162)
[2015.08.30-21.03.26:233][845]LogModuleManager: Shutting down and abandoning module IOSRuntimeSettings (161)
[2015.08.30-21.03.26:233][845]LogModuleManager: Shutting down and abandoning module AndroidRuntimeSettings (160)
[2015.08.30-21.03.26:233][845]LogModuleManager: Shutting down and abandoning module MergeActors (159)
[2015.08.30-21.03.26:255][845]LogModuleManager: Shutting down and abandoning module SizeMap (158)
[2015.08.30-21.03.26:255][845]LogModuleManager: Shutting down and abandoning module TreeMap (157)
[2015.08.30-21.03.26:261][845]LogModuleManager: Shutting down and abandoning module ReferenceViewer (156)
[2015.08.30-21.03.26:261][845]LogModuleManager: Shutting down and abandoning module LocalizationDashboard (155)
[2015.08.30-21.03.26:261][845]LogModuleManager: Shutting down and abandoning module HardwareTargeting (154)
[2015.08.30-21.03.26:261][845]LogModuleManager: Shutting down and abandoning module DeviceProfileEditor (153)
[2015.08.30-21.03.26:261][845]LogModuleManager: Shutting down and abandoning module UndoHistory (152)
[2015.08.30-21.03.26:261][845]LogModuleManager: Shutting down and abandoning module GameplayTagsEditor (151)
[2015.08.30-21.03.26:261][845]LogModuleManager: Shutting down and abandoning module UserFeedback (150)
[2015.08.30-21.03.26:261][845]LogModuleManager: Shutting down and abandoning module XmlParser (149)
[2015.08.30-21.03.26:261][845]LogModuleManager: Shutting down and abandoning module Blutility (148)
[2015.08.30-21.03.26:261][845]LogModuleManager: Shutting down and abandoning module ProjectTargetPlatformEditor (147)
[2015.08.30-21.03.26:261][845]LogModuleManager: Shutting down and abandoning module ProjectSettingsViewer (146)
[2015.08.30-21.03.26:261][845]LogModuleManager: Shutting down and abandoning module InputBindingEditor (145)
[2015.08.30-21.03.26:261][845]LogModuleManager: Shutting down and abandoning module EditorSettingsViewer (144)
[2015.08.30-21.03.26:261][845]LogModuleManager: Shutting down and abandoning module SettingsEditor (143)
[2015.08.30-21.03.26:261][845]LogModuleManager: Shutting down and abandoning module ProjectLauncher (142)
[2015.08.30-21.03.26:261][845]LogModuleManager: Shutting down and abandoning module SessionFrontend (141)
[2015.08.30-21.03.26:261][845]LogModuleManager: Shutting down and abandoning module ProfilerClient (140)
[2015.08.30-21.03.26:272][845]LogModuleManager: Shutting down and abandoning module TargetDeviceServices (139)
[2015.08.30-21.03.26:272][845]LogModuleManager: Shutting down and abandoning module DeviceManager (138)
[2015.08.30-21.03.26:272][845]LogModuleManager: Shutting down and abandoning module AutomationController (137)
[2015.08.30-21.03.26:272][845]LogModuleManager: Shutting down and abandoning module AutomationWindow (136)
[2015.08.30-21.03.26:283][845]LogModuleManager: Shutting down and abandoning module Layers (135)
[2015.08.30-21.03.26:306][845]LogModuleManager: Shutting down and abandoning module ComponentVisualizers (134)
[2015.08.30-21.03.26:306][845]LogModuleManager: Shutting down and abandoning module DetailCustomizations (133)
[2015.08.30-21.03.26:306][845]LogModuleManager: Shutting down and abandoning module PackagesDialog (132)
[2015.08.30-21.03.26:306][845]LogModuleManager: Shutting down and abandoning module AssetRegistry (131)
[2015.08.30-21.03.26:390][845]LogModuleManager: Shutting down and abandoning module Persona (130)
[2015.08.30-21.03.26:395][845]LogModuleManager: Shutting down and abandoning module Kismet (129)
[2015.08.30-21.03.26:397][845]LogModuleManager: Shutting down and abandoning module GraphEditor (128)
[2015.08.30-21.03.26:419][845]LogModuleManager: Shutting down and abandoning module ClassViewer (127)
[2015.08.30-21.03.26:419][845]LogModuleManager: Shutting down and abandoning module Toolbox (126)
[2015.08.30-21.03.26:419][845]LogModuleManager: Shutting down and abandoning module ModuleUI (125)
[2015.08.30-21.03.26:425][845]LogModuleManager: Shutting down and abandoning module MovieSceneTools (124)
[2015.08.30-21.03.26:436][845]LogModuleManager: Shutting down and abandoning module OutputLog (123)
[2015.08.30-21.03.26:436][845]LogModuleManager: Shutting down and abandoning module GammaUI (122)
[2015.08.30-21.03.26:445][845]LogModuleManager: Shutting down and abandoning module Documentation (121)
[2015.08.30-21.03.26:445][845]LogModuleManager: Shutting down and abandoning module GameLiveStreaming (120)
[2015.08.30-21.03.26:445][845]LogModuleManager: Shutting down and abandoning module StreamingPauseRendering (119)
[2015.08.30-21.03.26:445][845]LogModuleManager: Shutting down and abandoning module AnalyticsET (118)
[2015.08.30-21.03.26:445][845]LogModuleManager: Shutting down and abandoning module Analytics (117)
[2015.08.30-21.03.26:445][845]LogModuleManager: Shutting down and abandoning module AITestSuite (116)
[2015.08.30-21.03.26:445][845]LogModuleManager: Shutting down and abandoning module GameplayDebugger (115)
[2015.08.30-21.03.26:445][845]LogModuleManager: Shutting down and abandoning module AIModule (114)
[2015.08.30-21.03.26:445][845]LogModuleManager: Shutting down and abandoning module ProfilerService (113)
[2015.08.30-21.03.26:572][845]LogModuleManager: Shutting down and abandoning module TaskGraph (112)
[2015.08.30-21.03.26:584][845]LogModuleManager: Shutting down and abandoning module SlateRemote (111)
[2015.08.30-21.03.26:584][845]LogModuleManager: Shutting down and abandoning module SteamVRController (110)
[2015.08.30-21.03.26:584][845]LogModuleManager: Shutting down and abandoning module SteamVR (109)
[2015.08.30-21.03.26:584][845]LogModuleManager: Shutting down and abandoning module ProceduralMeshComponent (108)
[2015.08.30-21.03.26:584][845]LogModuleManager: Shutting down and abandoning module OculusRift (107)
[2015.08.30-21.03.26:584][845]LogModuleManager: Shutting down and abandoning module LeapMotionController (106)
[2015.08.30-21.03.26:611][845]LogModuleManager: Shutting down and abandoning module CustomMeshComponent (105)
[2015.08.30-21.03.26:611][845]LogModuleManager: Shutting down and abandoning module CableComponent (104)
[2015.08.30-21.03.26:611][845]LogModuleManager: Shutting down and abandoning module MessagingDebugger (103)
[2015.08.30-21.03.26:630][845]LogModuleManager: Shutting down and abandoning module MediaPlayerEditor (102)
[2015.08.30-21.03.26:638][845]LogModuleManager: Shutting down and abandoning module SpeedTreeImporter (101)
[2015.08.30-21.03.26:638][845]LogModuleManager: Shutting down and abandoning module PluginBrowser (100)
[2015.08.30-21.03.26:638][845]LogModuleManager: Shutting down and abandoning module EpicSurvey (99)
[2015.08.30-21.03.26:638][845]LogModuleManager: Shutting down and abandoning module DesktopPlatform (98)
[2015.08.30-21.03.26:650][845]LogModuleManager: Shutting down and abandoning module VisualStudioSourceCodeAccess (97)
[2015.08.30-21.03.26:650][845]LogModuleManager: Shutting down and abandoning module UObjectPlugin (96)
[2015.08.30-21.03.26:650][845]LogModuleManager: Shutting down and abandoning module SubversionSourceControl (95)
[2015.08.30-21.03.26:650][845]LogModuleManager: Shutting down and abandoning module PerforceSourceControl (94)
[2015.08.30-21.03.26:661][845]LogModuleManager: Shutting down and abandoning module SourceControl (93)
[2015.08.30-21.03.26:676][845]LogModuleManager: Shutting down and abandoning module GitSourceControl (92)
[2015.08.30-21.03.26:676][845]LogModuleManager: Shutting down and abandoning module BlankPlugin (91)
[2015.08.30-21.03.26:676][845]LogModuleManager: Shutting down and abandoning module PaperTiledImporter (90)
[2015.08.30-21.03.26:676][845]LogModuleManager: Shutting down and abandoning module PaperSpriteSheetImporter (89)
[2015.08.30-21.03.26:676][845]LogModuleManager: Shutting down and abandoning module MeshPaint (88)
[2015.08.30-21.03.26:676][845]LogModuleManager: Shutting down and abandoning module SlateReflector (87)
[2015.08.30-21.03.26:693][845]LogModuleManager: Shutting down and abandoning module DirectoryWatcher (86)
[2015.08.30-21.03.26:693][845]LogModuleManager: Shutting down and abandoning module HotReload (85)
[2015.08.30-21.03.26:693][845]LogModuleManager: Shutting down and abandoning module MainFrame (84)
[2015.08.30-21.03.26:693][845]LogModuleManager: Shutting down and abandoning module LevelEditor (83)
[2015.08.30-21.03.26:694][845]LogModuleManager: Shutting down and abandoning module ContentBrowser (82)
[2015.08.30-21.03.26:695][845]LogModuleManager: Shutting down and abandoning module Paper2DEditor (81)
[2015.08.30-21.03.26:700][845]LogModuleManager: Shutting down and abandoning module UdpMessaging (80)
[2015.08.30-21.03.26:800][845]LogModuleManager: Shutting down and abandoning module Paper2D (79)
[2015.08.30-21.03.26:800][845]LogModuleManager: Shutting down and abandoning module WindowsMoviePlayer (78)
[2015.08.30-21.03.26:805][845]LogModuleManager: Shutting down and abandoning module Media (77)
[2015.08.30-21.03.26:805][845]LogModuleManager: Shutting down and abandoning module WmfMedia (76)
[2015.08.30-21.03.26:806][845]LogModuleManager: Shutting down and abandoning module OnlineBlueprintSupport (75)
[2015.08.30-21.03.26:806][845]LogModuleManager: Shutting down and abandoning module PropertyEditor (74)
[2015.08.30-21.03.26:806][845]LogModuleManager: Shutting down and abandoning module BehaviorTreeEditor (73)
[2015.08.30-21.03.26:824][845]LogModuleManager: Shutting down and abandoning module FunctionalTesting (72)
[2015.08.30-21.03.26:824][845]LogModuleManager: Shutting down and abandoning module CollisionAnalyzer (71)
[2015.08.30-21.03.26:840][845]LogModuleManager: Shutting down and abandoning module WorkspaceMenuStructure (70)
[2015.08.30-21.03.26:840][845]LogModuleManager: Shutting down and abandoning module MessageLog (69)
[2015.08.30-21.03.26:840][845]LogModuleManager: Shutting down and abandoning module Sequencer (68)
[2015.08.30-21.03.26:849][845]LogModuleManager: Shutting down and abandoning module AssetTools (67)
[2015.08.30-21.03.26:866][845]LogModuleManager: Shutting down and abandoning module UMGEditor (66)
[2015.08.30-21.03.26:876][845]LogModuleManager: Shutting down and abandoning module UMG (65)
[2015.08.30-21.03.26:876][845]LogModuleManager: Shutting down and abandoning module Slate (64)
[2015.08.30-21.03.26:876][845]LogModuleManager: Shutting down and abandoning module EditorStyle (63)
[2015.08.30-21.03.26:880][845]LogModuleManager: Shutting down and abandoning module SessionServices (62)
[2015.08.30-21.03.26:880][845]LogModuleManager: Shutting down and abandoning module SourceCodeAccess (61)
[2015.08.30-21.03.26:880][845]LogModuleManager: Shutting down and abandoning module HeadMountedDisplay (60)
[2015.08.30-21.03.26:880][845]LogModuleManager: Shutting down and abandoning module XAudio2 (59)
[2015.08.30-21.03.26:880][845]LogModuleManager: Shutting down and abandoning module Networking (57)
[2015.08.30-21.03.26:880][845]LogModuleManager: Shutting down and abandoning module Core (56)
[2015.08.30-21.03.26:880][845]LogModuleManager: Shutting down and abandoning module KismetCompiler (55)
[2015.08.30-21.03.26:880][845]LogModuleManager: Shutting down and abandoning module PhysXFormats (54)
[2015.08.30-21.03.26:880][845]LogModuleManager: Shutting down and abandoning module MeshUtilities (53)
[2015.08.30-21.03.26:880][845]LogModuleManager: Shutting down and abandoning module DerivedDataCache (52)
[2015.08.30-21.03.26:951][845]LogDerivedDataCache: Shutdown
[2015.08.30-21.03.26:951][845]LogModuleManager: Shutting down and abandoning module ShaderFormatOpenGL (51)
[2015.08.30-21.03.26:959][845]LogModuleManager: Shutting down and abandoning module ShaderFormatD3D (50)
[2015.08.30-21.03.26:959][845]LogModuleManager: Shutting down and abandoning module MetalShaderFormat (49)
[2015.08.30-21.03.26:965][845]LogModuleManager: Shutting down and abandoning module TextureFormatUncompressed (48)
[2015.08.30-21.03.26:965][845]LogModuleManager: Shutting down and abandoning module TextureFormatPVR (47)
[2015.08.30-21.03.26:965][845]LogModuleManager: Shutting down and abandoning module TextureFormatIntelISPCTexComp (46)
[2015.08.30-21.03.26:965][845]LogModuleManager: Shutting down and abandoning module TextureFormatDXT (45)
[2015.08.30-21.03.26:965][845]LogModuleManager: Shutting down and abandoning module ImageWrapper (44)
[2015.08.30-21.03.26:965][845]LogModuleManager: Shutting down and abandoning module TextureFormatASTC (43)
[2015.08.30-21.03.26:965][845]LogModuleManager: Shutting down and abandoning module TextureFormatAndroid (42)
[2015.08.30-21.03.26:965][845]LogModuleManager: Shutting down and abandoning module AudioFormatOpus (41)
[2015.08.30-21.03.26:979][845]LogModuleManager: Shutting down and abandoning module AudioFormatOgg (40)
[2015.08.30-21.03.26:979][845]LogModuleManager: Shutting down and abandoning module AudioFormatADPCM (39)
[2015.08.30-21.03.26:979][845]LogModuleManager: Shutting down and abandoning module LinuxTargetPlatform (38)
[2015.08.30-21.03.26:979][845]LogModuleManager: Shutting down and abandoning module LinuxServerTargetPlatform (37)
[2015.08.30-21.03.26:979][845]LogModuleManager: Shutting down and abandoning module LinuxNoEditorTargetPlatform (36)
[2015.08.30-21.03.26:979][845]LogModuleManager: Shutting down and abandoning module Messaging (35)
[2015.08.30-21.03.26:979][845]LogModuleManager: Shutting down and abandoning module IOSTargetPlatform (34)
[2015.08.30-21.03.26:979][845]LogModuleManager: Shutting down and abandoning module HTML5TargetPlatform (33)
[2015.08.30-21.03.26:979][845]LogModuleManager: Shutting down and abandoning module Android_PVRTCTargetPlatform (32)
[2015.08.30-21.03.26:980][845]LogModuleManager: Shutting down and abandoning module Android_ETC2TargetPlatform (31)
[2015.08.30-21.03.26:980][845]LogModuleManager: Shutting down and abandoning module Android_ETC1TargetPlatform (30)
[2015.08.30-21.03.26:980][845]LogModuleManager: Shutting down and abandoning module Android_DXTTargetPlatform (29)
[2015.08.30-21.03.26:980][845]LogModuleManager: Shutting down and abandoning module Android_ATCTargetPlatform (28)
[2015.08.30-21.03.26:980][845]LogModuleManager: Shutting down and abandoning module Android_ASTCTargetPlatform (27)
[2015.08.30-21.03.26:980][845]LogModuleManager: Shutting down and abandoning module AndroidTargetPlatform (26)
[2015.08.30-21.03.26:980][845]LogModuleManager: Shutting down and abandoning module WindowsTargetPlatform (25)
[2015.08.30-21.03.26:980][845]LogModuleManager: Shutting down and abandoning module WindowsServerTargetPlatform (24)
[2015.08.30-21.03.26:980][845]LogModuleManager: Shutting down and abandoning module WindowsNoEditorTargetPlatform (23)
[2015.08.30-21.03.26:980][845]LogModuleManager: Shutting down and abandoning module WindowsClientTargetPlatform (22)
[2015.08.30-21.03.26:980][845]LogModuleManager: Shutting down and abandoning module DesktopTargetPlatform (21)
[2015.08.30-21.03.26:980][845]LogModuleManager: Shutting down and abandoning module TargetPlatform (20)
[2015.08.30-21.03.26:980][845]LogModuleManager: Shutting down and abandoning module InputCore (19)
[2015.08.30-21.03.26:980][845]LogModuleManager: Shutting down and abandoning module Settings (18)
[2015.08.30-21.03.26:980][845]LogModuleManager: Shutting down and abandoning module OnlineSubsystem (16)
[2015.08.30-21.03.26:980][845]LogModuleManager: Shutting down and abandoning module HTTP (15)
[2015.08.30-21.03.26:980][845]LogModuleManager: Shutting down and abandoning module ExampleDeviceProfileSelector (14)
[2015.08.30-21.03.26:980][845]LogModuleManager: Shutting down and abandoning module TextureCompressor (13)
[2015.08.30-21.03.26:980][845]LogModuleManager: Shutting down and abandoning module ShaderCore (12)
[2015.08.30-21.03.26:980][845]LogModuleManager: Shutting down and abandoning module Landscape (11)
[2015.08.30-21.03.26:980][845]LogModuleManager: Shutting down and abandoning module SlateRHIRenderer (10)
[2015.08.30-21.03.26:982][845]LogModuleManager: Shutting down and abandoning module OpenGLDrv (9)
[2015.08.30-21.03.26:992][845]LogModuleManager: Shutting down and abandoning module D3D11RHI (8)
[2015.08.30-21.03.26:992][845]LogModuleManager: Shutting down and abandoning module Renderer (7)
[2015.08.30-21.03.26:992][845]LogModuleManager: Shutting down and abandoning module Engine (6)
[2015.08.30-21.03.26:992][845]LogModuleManager: Shutting down and abandoning module CoreUObject (5)
[2015.08.30-21.03.26:992][845]LogModuleManager: Shutting down and abandoning module NetworkFile (4)
[2015.08.30-21.03.27:006][845]LogModuleManager: Shutting down and abandoning module StreamingFile (3)
[2015.08.30-21.03.27:006][845]LogModuleManager: Shutting down and abandoning module SandboxFile (2)
[2015.08.30-21.03.27:013][845]LogModuleManager: Shutting down and abandoning module PakFile (1)
[2015.08.30-21.03.27:026][845]LogExit: Exiting.
[2015.08.30-21.03.27:027][845]Log file closed, 08/30/15 14:03:27
