Log file open, 04/23/15 15:34:19
LogInit:Display: Running engine for game: GodKiller
LogInit: Version: 4.7.6-2513093+++depot+UE4-Releases+4.7
LogInit: API Version: 2455222
LogInit: Compiled (64-bit): Apr 15 2015 12:09:54
LogInit: Compiled with Visual C++: 18.00.21005.01
LogInit: Build Configuration: Development
LogInit: Branch Name: ++depot+UE4-Releases+4.7
LogInit: Command line: 
LogInit: Base directory: C:/Program Files/Epic Games/4.7/Engine/Binaries/Win64/
LogInit: Rocket: 1
[2015.04.23-22.34.19:089][  0]LogTaskGraph: Started task graph with 3 named threads and 6 total threads.
[2015.04.23-22.34.19:141][  0]LogOnline:Warning: No default platform service specified for OnlineSubsystem
[2015.04.23-22.34.19:154][  0]LogInit: Presizing for 0 objects not considered by GC, pre-allocating 0 bytes.
[2015.04.23-22.34.19:163][  0]LogInit: Object subsystem initialized
[2015.04.23-22.34.19:165][  0]LogConsoleResponse:Warning: Skipping Unknown console variable: 'TranslucentSortAxis = (X=0.000000,Y=-1.000000,Z=0.000000)'
[2015.04.23-22.34.19:165][  0]LogConsoleResponse:Warning:   Found in ini file 'D:/God-Killer/Saved/Config/Windows/Engine.ini', in section '[/Script/Engine.RendererSettings]'
[2015.04.23-22.34.19:165][  0]LogConsoleResponse:Warning: Skipping Unknown console variable: 'UIScaleRule = ShortestSide'
[2015.04.23-22.34.19:165][  0]LogConsoleResponse:Warning:   Found in ini file 'D:/God-Killer/Saved/Config/Windows/Engine.ini', in section '[/Script/Engine.RendererSettings]'
[2015.04.23-22.34.19:165][  0]LogConsoleResponse:Warning: Skipping Unknown console variable: 'UIScaleCurve = (EditorCurveData=(Keys=),ExternalCurve=None)'
[2015.04.23-22.34.19:165][  0]LogConsoleResponse:Warning:   Found in ini file 'D:/God-Killer/Saved/Config/Windows/Engine.ini', in section '[/Script/Engine.RendererSettings]'
[2015.04.23-22.34.19:165][  0]LogInit: Selected Device Profile: [Windows]
[2015.04.23-22.34.19:165][  0]LogInit: Applying CVar settings loaded from the selected device profile: [Windows]
[2015.04.23-22.34.19:169][  0]LogInit: Computer: AI251LAB0234P17
[2015.04.23-22.34.19:169][  0]LogInit: User: student
[2015.04.23-22.34.19:169][  0]LogInit: CPU Page size=4096, Cores=4
[2015.04.23-22.34.19:169][  0]LogInit: High frequency timer resolution =3.507226 MHz
[2015.04.23-22.34.19:169][  0]LogMemory: Memory total: Physical=7.9GB (8GB approx) Virtual=8192.0GB
[2015.04.23-22.34.19:169][  0]LogMemory: Platform Memory Stats for Windows
[2015.04.23-22.34.19:169][  0]LogMemory: Process Physical Memory: 47.96 MB used, 47.96 MB peak
[2015.04.23-22.34.19:169][  0]LogMemory: Process Virtual Memory: 26.34 MB used, 26.34 MB peak
[2015.04.23-22.34.19:169][  0]LogMemory: Physical Memory: 4286.96 MB used, 8115.79 MB total
[2015.04.23-22.34.19:169][  0]LogMemory: Virtual Memory: 277.23 MB used, 8388608.00 MB total
[2015.04.23-22.34.19:192][  0]LogD3D11RHI: Found D3D11 adapter 0: NVIDIA Quadro K2000 (Feature Level 11_0)
[2015.04.23-22.34.19:192][  0]LogD3D11RHI: Adapter has 1990MB of dedicated video memory, 0MB of dedicated system memory, and 3801MB of shared system memory, 1 output[s]
[2015.04.23-22.34.19:192][  0]LogD3D11RHI: Chosen D3D11 Adapter Id = 0
[2015.04.23-22.34.19:196][  0]LogRHI: Texture pool is 1361 MB (70% of 1945 MB)
[2015.04.23-22.34.19:203][  0]LogD3D11RHI: Async texture creation enabled
[2015.04.23-22.34.19:255][  0]LogTextLocalizationManager: The requested culture ('en_US') has no localization data; parent culture's ('en') localization data will be used.
[2015.04.23-22.34.19:309][  0]LogTextLocalizationManager:Warning: Loading localization resources contain conflicting entries for (Namespace:UICommands, Key:Save_ToolTip):
Resource: (C:/Program Files/Epic Games/4.7/Engine/Content/Localization/Editor/en/Editor.locres) Hash: (-29098895) String: (Saves the current level to disk)
Resource: (C:/Program Files/Epic Games/4.7/Engine/Content/Localization/Engine/en/Engine.locres) Hash: (-1280300587) String: (Save selected data to vlog file)
[2015.04.23-22.34.19:309][  0]LogTextLocalizationManager:Warning: Loading localization resources contain conflicting entries for (Namespace:ContentBrowser, Key:ImportAssetToolTip):
Resource: (C:/Program Files/Epic Games/4.7/Engine/Content/Localization/Editor/en/Editor.locres) Hash: (-630476809) String: (Import to {0}...)
Resource: (C:/Program Files/Epic Games/4.7/Engine/Content/Localization/Editor/en/Editor.locres) Hash: (1271782899) String: (Imports an asset from file to this folder.)
[2015.04.23-22.34.19:382][  0]LogContentStreaming: Texture pool size is 0.000000MB
[2015.04.23-22.34.21:627][  0]LogTargetPlatformManager:Display: Building Assets For Windows
[2015.04.23-22.34.22:114][  0]LogTargetPlatformManager:Display: Building Assets For Windows
[2015.04.23-22.34.22:174][  0]LogDerivedDataCache:Display: Max Cache Size: 512 MB
[2015.04.23-22.34.22:210][  0]LogDerivedDataCache: Loaded boot cache 0.04s 39MB C:/Users/student/AppData/Local/UnrealEngine/4.7/DerivedDataCache/Boot.ddc.
[2015.04.23-22.34.22:210][  0]LogDerivedDataCache:Display: Loaded Boot cache: C:/Users/student/AppData/Local/UnrealEngine/4.7/DerivedDataCache/Boot.ddc
[2015.04.23-22.34.22:210][  0]LogDerivedDataCache: FDerivedDataBackendGraph:  Pak pak cache file D:/God-Killer/DerivedDataCache/DDC.ddp not found, will not use a pak cache.
[2015.04.23-22.34.22:210][  0]LogDerivedDataCache: Unable to find inner node Pak for hierarchical cache Hierarchy.
[2015.04.23-22.34.22:326][  0]LogDerivedDataCache:Display: Pak cache opened for reading ../../../Engine/DerivedDataCache/Compressed.ddp.
[2015.04.23-22.34.22:338][  0]LogDerivedDataCache: Using Local data cache path C:/Users/student/AppData/Local/UnrealEngine/Common/DerivedDataCache: Writable
[2015.04.23-22.34.22:634][  0]LogMeshUtilities: No automatic mesh reduction module available
[2015.04.23-22.34.22:634][  0]LogMeshUtilities: No automatic mesh merging module available
[2015.04.23-22.34.22:969][  0]LogInit: WinSock: version 1.1 (2.2), MaxSocks=32767, MaxUdp=65467
[2015.04.23-22.34.23:048][  0]LogSlate:Warning: Failed to load font data from '../../../Engine/Content/Slate/Fonts/Roboto-Italic.ttf'
[2015.04.23-22.34.23:808][  0]UdpMessaging: Initializing bridge on interface 0.0.0.0:0 to multicast group 230.0.0.1:6666.
[2015.04.23-22.34.24:002][  0]SourceControl: Info Source control is disabled
[2015.04.23-22.34.24:002][  0]SourceControl: Info Source control is disabled
[2015.04.23-22.34.24:002][  0]SourceControl: Info Source control is disabled
[2015.04.23-22.34.24:002][  0]LogSourceControl: RunCommandInternalRaw: 'git version'
[2015.04.23-22.34.24:002][  0]LogSourceControl: RunCommandInternalRaw: ExecProcess ReturnCode=2 OutResults=''
[2015.04.23-22.34.24:011][  0]SourceControl: Info Source control is disabled
[2015.04.23-22.34.24:193][  0]LogObj: 24232 objects as part of root set at end of initial load.
[2015.04.23-22.34.24:193][  0]LogUObjectAllocator: 5137176 out of 0 bytes used by permanent object pool.
[2015.04.23-22.34.24:270][  0]LogEngine: Initializing Engine...
[2015.04.23-22.34.27:412][  0]LogInit: XAudio2 using 'Speakers (Realtek High Definition Audio)' : 2 channels at 48 kHz using 32 bits per sample (channel mask 0x3)
[2015.04.23-22.34.27:432][  0]LogInit: FAudioDevice initialized.
[2015.04.23-22.34.27:469][  0]LogAIModule: Creating AISystem for world NewWorld
[2015.04.23-22.34.27:488][  0]LogDerivedDataCache: Saved boot cache 0.02s 39MB C:/Users/student/AppData/Local/UnrealEngine/4.7/DerivedDataCache/Boot.ddc.
[2015.04.23-22.34.27:492][  0]LogInit: Texture streaming: Enabled
[2015.04.23-22.34.27:581][  0]LogAnalytics: Creating configured Analytics provider AnalyticsET
[2015.04.23-22.34.27:581][  0]LogAnalytics: ET APIKey = Rocket.Release. APIServer = http://et2.epicgames.com/ET2/. AppVersion = 4.7.6-2513093+++depot+UE4-Releases+4.7
[2015.04.23-22.34.27:581][  0]LogAnalytics: ET APIKey = Rocket.Release. DataRouterUploadURL = https://datarouter-public-service-gamedev.ol.epicgames.net/datarouter/api/v1/public/data. AppVersion = 4.7.6-2513093+++depot+UE4-Releases+4.7
[2015.04.23-22.34.27:581][  0]LogAnalytics: SetUserId 1043b2434ebbe0915568f690b6dccb4a|fbedbf84e6654fb9830ed15a26abc575|a1cf211a-62eb-4857-bff7-fc45380a1448
[2015.04.23-22.34.27:581][  0]LogAnalytics: AnalyticsET::StartSession [Rocket.Release]
[2015.04.23-22.34.27:601][  0]LogInit: Transaction tracking system initialized
[2015.04.23-22.34.27:766][  0]BlueprintLog: New page: Editor Load
[2015.04.23-22.34.27:800][  0]LogAssetRegistry: FAssetRegistry took 0.0098 seconds to start up
[2015.04.23-22.34.27:800][  0]LogDirectoryWatcher:Warning: Failed to begin reading directory changes for ../../../Engine/Plugins/Experimental/CharacterAI/Content/. Error: 0
[2015.04.23-22.34.28:299][  0]LogTargetPlatformManager:Display: Building Assets For Windows
[2015.04.23-22.34.28:631][  0]LogTargetPlatformManager:Display: Building Assets For Windows
[2015.04.23-22.34.28:875][  0]LogSlate:Warning: Failed to load font data from '../../../Engine/Content/Editor/Slate/Fonts/Roboto-Regular.ttf'
[2015.04.23-22.34.28:875][  0]LogSlate:Warning: Failed to load font data from '../../../Engine/Content/Editor/Slate/Fonts/Roboto-Bold.ttf'
[2015.04.23-22.34.28:879][  0]LogConsoleResponse:Display: 
[2015.04.23-22.34.29:003][  0]LogCook:Display: Done creating registry. It took  0.00s.
[2015.04.23-22.34.29:144][  0]SourceControl: Info Source control is disabled
[2015.04.23-22.34.29:144][  0]Cmd: MAP LOAD FILE="D:/God-Killer/Content/ThirdPersonBP/Maps/ThirdPersonExampleMap.umap" TEMPLATE=0 SHOWPROGRESS=1 FEATURELEVEL=3
[2015.04.23-22.34.29:144][  0]LightingResults: New page: Lighting Build
[2015.04.23-22.34.29:156][  0]MapCheck: New page: Map Check
[2015.04.23-22.34.29:156][  0]LightingResults: New page: Lighting Build
[2015.04.23-22.34.29:163][  0]LogParticles: Destroying 0 GPU particle simulations for FXSystem 0x000000000400A980
[2015.04.23-22.34.29:171][  0]LogLinker:Warning: Asset '../../../Engine/Content/EngineMeshes/Humanoid.uasset' has been saved with empty engine version. The asset will be loaded but may be incompatible.
[2015.04.23-22.34.30:585][  0]LogEditorServer: Finished looking for orphan Actors (0.000 secs)
[2015.04.23-22.34.31:502][  0]LogAIModule: Creating AISystem for world ThirdPersonExampleMap
[2015.04.23-22.34.31:503][  0]Cmd: MAP CHECKDEP
[2015.04.23-22.34.31:503][  0]MapCheck: New page: ThirdPersonExampleMap - Apr 23, 2015, 8:34:31 AM
[2015.04.23-22.34.31:590][  0]MapCheck: Info Map check complete: 0 Error(s), 0 Warning(s), took 87.154ms to complete.
[2015.04.23-22.34.31:590][  0]LogFileHelpers: Loading map 'ThirdPersonExampleMap' took 2.447
[2015.04.23-22.34.31:710][  0]LogCollectionManager: Loaded 0 collections in 0.001462 seconds
[2015.04.23-22.34.31:723][  0]LogContentBrowser: Native class hierarchy populated in 0.0126 seconds. Added 1696 classes and 261 folders.
[2015.04.23-22.34.31:754][  0]LogContentBrowser: Native class hierarchy updated for 'SceneOutliner' in 0.0021 seconds. Added 1 classes and 2 folders.
[2015.04.23-22.34.31:803][  0]LogCrashTracker: Crashtracker disabled due to settings.
[2015.04.23-22.34.31:804][  0]LogSlate:Warning: Failed to load font data from 'Veranda'
[2015.04.23-22.34.31:834][  0]LogLoad: Full Startup: 14.48 seconds (BP compile: 0.51 seconds)
[2015.04.23-22.34.31:851][  0]LogContentBrowser:Verbose: The content browser source was changed by the sources view to '/Game/Models/Lantern'
[2015.04.23-22.34.31:982][  0]LogRenderer:Warning: Reallocating scene render targets to support 32x32 (Frame:2).
[2015.04.23-22.34.32:093][  0]LogRenderer:Warning: Reallocating scene render targets to support 1208x656 (Frame:4).
[2015.04.23-22.34.32:248][  3]LogAssetRegistry: Asset discovery search completed in 4.4582 seconds
[2015.04.23-22.34.39:060][306]LogContentBrowser:Verbose: The content browser source was changed by the sources view to '/Game/sword'
[2015.04.23-22.34.40:012][352]LogContentBrowser:Verbose: The content browser source was changed by the sources view to '/Game/Scene'
[2015.04.23-22.34.41:836][418]LogMaterial: Missing cached shader map for material DarkMetal, compiling. 
[2015.04.23-22.34.41:885][418]LogTexture:Display: Building textures: Copper_D (AutoDXT)
[2015.04.23-22.34.42:205][418]LogMaterial: Missing cached shader map for material Copper, compiling. 
[2015.04.23-22.34.42:218][418]LogMaterial: Missing cached shader map for material Copper_Mat, compiling. 
[2015.04.23-22.34.42:231][418]LogMaterial: Missing cached shader map for material celing, compiling. 
[2015.04.23-22.34.42:256][418]LogMaterial: Missing cached shader map for material frostedglassLight, compiling. 
[2015.04.23-22.34.42:267][418]LogMaterial: Missing cached shader map for material LightMetal, compiling. 
[2015.04.23-22.34.42:498][418]LogTexture:Display: Building textures: HQ_Lightmap0_1 (AutoDXT)
[2015.04.23-22.34.44:577][418]LogTexture:Display: Building textures: HQ_Lightmap0_10 (AutoDXT)
[2015.04.23-22.34.44:616][418]LogTexture:Display: Building textures: HQ_Lightmap0_100 (AutoDXT)
[2015.04.23-22.34.44:632][418]LogTexture:Display: Building textures: HQ_Lightmap0_101 (AutoDXT)
[2015.04.23-22.34.44:647][418]LogTexture:Display: Building textures: HQ_Lightmap0_102 (AutoDXT)
[2015.04.23-22.34.44:660][418]LogTexture:Display: Building textures: HQ_Lightmap0_103 (AutoDXT)
[2015.04.23-22.34.44:683][418]LogTexture:Display: Building textures: HQ_Lightmap0_104 (AutoDXT)
[2015.04.23-22.34.44:699][418]LogTexture:Display: Building textures: HQ_Lightmap0_105 (AutoDXT)
[2015.04.23-22.34.44:770][418]LogTexture:Display: Building textures: HQ_Lightmap0_106 (AutoDXT)
[2015.04.23-22.34.44:804][418]LogTexture:Display: Building textures: HQ_Lightmap0_107 (AutoDXT)
[2015.04.23-22.34.44:882][418]LogTexture:Display: Building textures: HQ_Lightmap0_108 (AutoDXT)
[2015.04.23-22.34.44:908][418]LogTexture:Display: Building textures: HQ_Lightmap0_109 (AutoDXT)
[2015.04.23-22.34.44:937][418]LogTexture:Display: Building textures: HQ_Lightmap0_11 (AutoDXT)
[2015.04.23-22.34.45:003][418]LogTexture:Display: Building textures: HQ_Lightmap0_110 (AutoDXT)
[2015.04.23-22.34.45:073][418]LogTexture:Display: Building textures: HQ_Lightmap0_111 (AutoDXT)
[2015.04.23-22.34.45:156][418]LogTexture:Display: Building textures: HQ_Lightmap0_112 (AutoDXT)
[2015.04.23-22.34.45:228][418]LogTexture:Display: Building textures: HQ_Lightmap0_113 (AutoDXT)
[2015.04.23-22.34.45:292][418]LogTexture:Display: Building textures: HQ_Lightmap0_114 (AutoDXT)
[2015.04.23-22.34.45:362][418]LogTexture:Display: Building textures: HQ_Lightmap0_115 (AutoDXT)
[2015.04.23-22.34.45:388][418]LogTexture:Display: Building textures: HQ_Lightmap0_116 (AutoDXT)
[2015.04.23-22.34.45:409][418]LogTexture:Display: Building textures: HQ_Lightmap0_117 (AutoDXT)
[2015.04.23-22.34.45:423][418]LogTexture:Display: Building textures: HQ_Lightmap0_118 (AutoDXT)
[2015.04.23-22.34.45:450][418]LogTexture:Display: Building textures: HQ_Lightmap0_119 (AutoDXT)
[2015.04.23-22.34.45:464][418]LogTexture:Display: Building textures: HQ_Lightmap0_12 (AutoDXT)
[2015.04.23-22.34.45:488][418]LogTexture:Display: Building textures: HQ_Lightmap0_120 (AutoDXT)
[2015.04.23-22.34.45:501][418]LogTexture:Display: Building textures: HQ_Lightmap0_121 (AutoDXT)
[2015.04.23-22.34.45:528][418]LogTexture:Display: Building textures: HQ_Lightmap0_122 (AutoDXT)
[2015.04.23-22.34.45:555][418]LogTexture:Display: Building textures: HQ_Lightmap0_123 (AutoDXT)
[2015.04.23-22.34.45:581][418]LogTexture:Display: Building textures: HQ_Lightmap0_124 (AutoDXT)
[2015.04.23-22.34.45:607][418]LogTexture:Display: Building textures: HQ_Lightmap0_125 (AutoDXT)
[2015.04.23-22.34.45:622][418]LogTexture:Display: Building textures: HQ_Lightmap0_126 (AutoDXT)
[2015.04.23-22.34.45:648][418]LogTexture:Display: Building textures: HQ_Lightmap0_127 (AutoDXT)
[2015.04.23-22.34.45:661][418]LogTexture:Display: Building textures: HQ_Lightmap0_128 (AutoDXT)
[2015.04.23-22.34.45:688][418]LogTexture:Display: Building textures: HQ_Lightmap0_129 (AutoDXT)
[2015.04.23-22.34.45:729][418]LogTexture:Display: Building textures: HQ_Lightmap0_13 (AutoDXT)
[2015.04.23-22.34.45:764][418]LogTexture:Display: Building textures: HQ_Lightmap0_130 (AutoDXT)
[2015.04.23-22.34.45:791][418]LogTexture:Display: Building textures: HQ_Lightmap0_14 (AutoDXT)
[2015.04.23-22.34.45:830][418]LogTexture:Display: Building textures: HQ_Lightmap0_15 (AutoDXT)
[2015.04.23-22.34.45:882][418]LogTexture:Display: Building textures: HQ_Lightmap0_16 (AutoDXT)
[2015.04.23-22.34.45:908][418]LogTexture:Display: Building textures: HQ_Lightmap0_17 (AutoDXT)
[2015.04.23-22.34.45:940][418]LogTexture:Display: Building textures: HQ_Lightmap0_18 (AutoDXT)
[2015.04.23-22.34.45:958][418]LogTexture:Display: Building textures: HQ_Lightmap0_19 (AutoDXT)
[2015.04.23-22.34.46:047][418]LogTexture:Display: Building textures: HQ_Lightmap0_2 (AutoDXT)
[2015.04.23-22.34.46:167][418]LogTexture:Display: Building textures: HQ_Lightmap0_20 (AutoDXT)
[2015.04.23-22.34.46:229][418]LogTexture:Display: Building textures: HQ_Lightmap0_21 (AutoDXT)
[2015.04.23-22.34.46:294][418]LogTexture:Display: Building textures: HQ_Lightmap0_22 (AutoDXT)
[2015.04.23-22.34.46:353][418]LogTexture:Display: Building textures: HQ_Lightmap0_23 (AutoDXT)
[2015.04.23-22.34.46:416][418]LogTexture:Display: Building textures: HQ_Lightmap0_24 (AutoDXT)
[2015.04.23-22.34.46:488][418]LogTexture:Display: Building textures: HQ_Lightmap0_25 (AutoDXT)
[2015.04.23-22.34.46:522][418]LogTexture:Display: Building textures: HQ_Lightmap0_26 (AutoDXT)
[2015.04.23-22.34.46:594][418]LogTexture:Display: Building textures: HQ_Lightmap0_27 (AutoDXT)
[2015.04.23-22.34.46:610][418]LogTexture:Display: Building textures: HQ_Lightmap0_28 (AutoDXT)
[2015.04.23-22.34.46:672][418]LogTexture:Display: Building textures: HQ_Lightmap0_29 (AutoDXT)
[2015.04.23-22.34.46:714][418]LogTexture:Display: Building textures: HQ_Lightmap0_3 (AutoDXT)
[2015.04.23-22.34.46:726][418]LogTexture:Display: Building textures: HQ_Lightmap0_30 (AutoDXT)
[2015.04.23-22.34.46:754][418]LogTexture:Display: Building textures: HQ_Lightmap0_31 (AutoDXT)
[2015.04.23-22.34.46:803][418]LogTexture:Display: Building textures: HQ_Lightmap0_32 (AutoDXT)
[2015.04.23-22.34.46:845][418]LogTexture:Display: Building textures: HQ_Lightmap0_33 (AutoDXT)
[2015.04.23-22.34.46:861][418]LogTexture:Display: Building textures: HQ_Lightmap0_34 (AutoDXT)
[2015.04.23-22.34.46:944][418]LogTexture:Display: Building textures: HQ_Lightmap0_35 (AutoDXT)
[2015.04.23-22.34.47:024][418]LogTexture:Display: Building textures: HQ_Lightmap0_36 (AutoDXT)
[2015.04.23-22.34.47:049][418]LogTexture:Display: Building textures: HQ_Lightmap0_37 (AutoDXT)
[2015.04.23-22.34.47:075][418]LogTexture:Display: Building textures: HQ_Lightmap0_38 (AutoDXT)
[2015.04.23-22.34.47:086][418]LogTexture:Display: Building textures: HQ_Lightmap0_39 (AutoDXT)
[2015.04.23-22.34.47:115][418]LogTexture:Display: Building textures: HQ_Lightmap0_4 (AutoDXT)
[2015.04.23-22.34.47:165][418]LogTexture:Display: Building textures: HQ_Lightmap0_40 (AutoDXT)
[2015.04.23-22.34.47:194][418]LogTexture:Display: Building textures: HQ_Lightmap0_41 (AutoDXT)
[2015.04.23-22.34.47:229][418]LogTexture:Display: Building textures: HQ_Lightmap0_42 (AutoDXT)
[2015.04.23-22.34.47:258][418]LogTexture:Display: Building textures: HQ_Lightmap0_43 (AutoDXT)
[2015.04.23-22.34.47:283][418]LogTexture:Display: Building textures: HQ_Lightmap0_44 (AutoDXT)
[2015.04.23-22.34.47:297][418]LogTexture:Display: Building textures: HQ_Lightmap0_45 (AutoDXT)
[2015.04.23-22.34.47:316][418]LogTexture:Display: Building textures: HQ_Lightmap0_46 (AutoDXT)
[2015.04.23-22.34.47:402][418]LogTexture:Display: Building textures: HQ_Lightmap0_47 (AutoDXT)
[2015.04.23-22.34.47:481][418]LogTexture:Display: Building textures: HQ_Lightmap0_48 (AutoDXT)
[2015.04.23-22.34.47:515][418]LogTexture:Display: Building textures: HQ_Lightmap0_49 (AutoDXT)
[2015.04.23-22.34.47:563][418]LogTexture:Display: Building textures: HQ_Lightmap0_5 (AutoDXT)
[2015.04.23-22.34.47:607][418]LogTexture:Display: Building textures: HQ_Lightmap0_50 (AutoDXT)
[2015.04.23-22.34.47:643][418]LogTexture:Display: Building textures: HQ_Lightmap0_51 (AutoDXT)
[2015.04.23-22.34.47:673][418]LogTexture:Display: Building textures: HQ_Lightmap0_52 (AutoDXT)
[2015.04.23-22.34.47:708][418]LogTexture:Display: Building textures: HQ_Lightmap0_53 (AutoDXT)
[2015.04.23-22.34.47:736][418]LogTexture:Display: Building textures: HQ_Lightmap0_54 (AutoDXT)
[2015.04.23-22.34.47:765][418]LogTexture:Display: Building textures: HQ_Lightmap0_55 (AutoDXT)
[2015.04.23-22.34.47:811][418]LogTexture:Display: Building textures: HQ_Lightmap0_56 (AutoDXT)
[2015.04.23-22.34.47:876][418]LogTexture:Display: Building textures: HQ_Lightmap0_57 (AutoDXT)
[2015.04.23-22.34.47:903][418]LogTexture:Display: Building textures: HQ_Lightmap0_58 (AutoDXT)
[2015.04.23-22.34.47:944][418]LogTexture:Display: Building textures: HQ_Lightmap0_59 (AutoDXT)
[2015.04.23-22.34.47:983][418]LogTexture:Display: Building textures: HQ_Lightmap0_6 (AutoDXT)
[2015.04.23-22.34.48:076][418]LogTexture:Display: Building textures: HQ_Lightmap0_60 (AutoDXT)
[2015.04.23-22.34.48:158][418]LogTexture:Display: Building textures: HQ_Lightmap0_61 (AutoDXT)
[2015.04.23-22.34.48:205][418]LogTexture:Display: Building textures: HQ_Lightmap0_62 (AutoDXT)
[2015.04.23-22.34.48:296][418]LogTexture:Display: Building textures: HQ_Lightmap0_63 (AutoDXT)
[2015.04.23-22.34.48:397][418]LogTexture:Display: Building textures: HQ_Lightmap0_64 (AutoDXT)
[2015.04.23-22.34.48:486][418]LogTexture:Display: Building textures: HQ_Lightmap0_65 (AutoDXT)
[2015.04.23-22.34.48:537][418]LogTexture:Display: Building textures: HQ_Lightmap0_66 (AutoDXT)
[2015.04.23-22.34.48:586][418]LogTexture:Display: Building textures: HQ_Lightmap0_67 (AutoDXT)
[2015.04.23-22.34.48:626][418]LogTexture:Display: Building textures: HQ_Lightmap0_68 (AutoDXT)
[2015.04.23-22.34.48:710][418]LogTexture:Display: Building textures: HQ_Lightmap0_69 (AutoDXT)
[2015.04.23-22.34.48:749][418]LogTexture:Display: Building textures: HQ_Lightmap0_7 (AutoDXT)
[2015.04.23-22.34.48:826][418]LogTexture:Display: Building textures: HQ_Lightmap0_70 (AutoDXT)
[2015.04.23-22.34.48:852][418]LogTexture:Display: Building textures: HQ_Lightmap0_71 (AutoDXT)
[2015.04.23-22.34.48:874][418]LogTexture:Display: Building textures: HQ_Lightmap0_72 (AutoDXT)
[2015.04.23-22.34.48:973][418]LogTexture:Display: Building textures: HQ_Lightmap0_73 (AutoDXT)
[2015.04.23-22.34.49:034][418]LogTexture:Display: Building textures: HQ_Lightmap0_74 (AutoDXT)
[2015.04.23-22.34.49:075][418]LogTexture:Display: Building textures: HQ_Lightmap0_75 (AutoDXT)
[2015.04.23-22.34.49:095][418]LogTexture:Display: Building textures: HQ_Lightmap0_76 (AutoDXT)
[2015.04.23-22.34.49:134][418]LogTexture:Display: Building textures: HQ_Lightmap0_77 (AutoDXT)
[2015.04.23-22.34.49:154][418]LogTexture:Display: Building textures: HQ_Lightmap0_78 (AutoDXT)
[2015.04.23-22.34.49:185][418]LogTexture:Display: Building textures: HQ_Lightmap0_79 (AutoDXT)
[2015.04.23-22.34.49:229][418]LogTexture:Display: Building textures: HQ_Lightmap0_8 (AutoDXT)
[2015.04.23-22.34.49:275][418]LogTexture:Display: Building textures: HQ_Lightmap0_80 (AutoDXT)
[2015.04.23-22.34.49:303][418]LogTexture:Display: Building textures: HQ_Lightmap0_81 (AutoDXT)
[2015.04.23-22.34.49:317][418]LogTexture:Display: Building textures: HQ_Lightmap0_82 (AutoDXT)
[2015.04.23-22.34.49:343][418]LogTexture:Display: Building textures: HQ_Lightmap0_83 (AutoDXT)
[2015.04.23-22.34.49:365][418]LogTexture:Display: Building textures: HQ_Lightmap0_84 (AutoDXT)
[2015.04.23-22.34.49:423][418]LogTexture:Display: Building textures: HQ_Lightmap0_85 (AutoDXT)
[2015.04.23-22.34.49:482][418]LogTexture:Display: Building textures: HQ_Lightmap0_86 (AutoDXT)
[2015.04.23-22.34.49:516][418]LogTexture:Display: Building textures: HQ_Lightmap0_87 (AutoDXT)
[2015.04.23-22.34.49:551][418]LogTexture:Display: Building textures: HQ_Lightmap0_88 (AutoDXT)
[2015.04.23-22.34.49:566][418]LogTexture:Display: Building textures: HQ_Lightmap0_89 (AutoDXT)
[2015.04.23-22.34.49:579][418]LogTexture:Display: Building textures: HQ_Lightmap0_9 (AutoDXT)
[2015.04.23-22.34.49:619][418]LogTexture:Display: Building textures: HQ_Lightmap0_90 (AutoDXT)
[2015.04.23-22.34.49:634][418]LogTexture:Display: Building textures: HQ_Lightmap0_91 (AutoDXT)
[2015.04.23-22.34.49:647][418]LogTexture:Display: Building textures: HQ_Lightmap0_92 (AutoDXT)
[2015.04.23-22.34.49:660][418]LogTexture:Display: Building textures: HQ_Lightmap0_93 (AutoDXT)
[2015.04.23-22.34.49:682][418]LogTexture:Display: Building textures: HQ_Lightmap0_94 (AutoDXT)
[2015.04.23-22.34.49:730][418]LogTexture:Display: Building textures: HQ_Lightmap0_95 (AutoDXT)
[2015.04.23-22.34.49:752][418]LogTexture:Display: Building textures: HQ_Lightmap0_96 (AutoDXT)
[2015.04.23-22.34.49:761][418]LogTexture:Display: Building textures: HQ_Lightmap0_97 (AutoDXT)
[2015.04.23-22.34.49:781][418]LogTexture:Display: Building textures: HQ_Lightmap0_98 (AutoDXT)
[2015.04.23-22.34.49:790][418]LogTexture:Display: Building textures: HQ_Lightmap0_99 (AutoDXT)
[2015.04.23-22.34.49:801][418]LogTexture:Display: Building textures: HQ_Lightmap1_10 (AutoDXT)
[2015.04.23-22.34.49:822][418]LogTexture:Display: Building textures: HQ_Lightmap1_100 (AutoDXT)
[2015.04.23-22.34.49:837][418]LogTexture:Display: Building textures: HQ_Lightmap1_101 (AutoDXT)
[2015.04.23-22.34.49:851][418]LogTexture:Display: Building textures: HQ_Lightmap1_102 (AutoDXT)
[2015.04.23-22.34.49:869][418]LogTexture:Display: Building textures: HQ_Lightmap1_103 (AutoDXT)
[2015.04.23-22.34.49:890][418]LogTexture:Display: Building textures: HQ_Lightmap1_104 (AutoDXT)
[2015.04.23-22.34.49:936][418]LogTexture:Display: Building textures: HQ_Lightmap1_105 (AutoDXT)
[2015.04.23-22.34.49:997][418]LogTexture:Display: Building textures: HQ_Lightmap1_106 (AutoDXT)
[2015.04.23-22.34.50:027][418]LogTexture:Display: Building textures: HQ_Lightmap1_107 (AutoDXT)
[2015.04.23-22.34.50:058][418]LogTexture:Display: Building textures: HQ_Lightmap1_108 (AutoDXT)
[2015.04.23-22.34.50:069][418]LogTexture:Display: Building textures: HQ_Lightmap1_109 (AutoDXT)
[2015.04.23-22.34.50:078][418]LogTexture:Display: Building textures: HQ_Lightmap1_11 (AutoDXT)
[2015.04.23-22.34.50:096][418]LogTexture:Display: Building textures: HQ_Lightmap1_110 (AutoDXT)
[2015.04.23-22.34.50:105][418]LogTexture:Display: Building textures: HQ_Lightmap1_111 (AutoDXT)
[2015.04.23-22.34.50:114][418]LogTexture:Display: Building textures: HQ_Lightmap1_112 (AutoDXT)
[2015.04.23-22.34.50:124][418]LogTexture:Display: Building textures: HQ_Lightmap1_113 (AutoDXT)
[2015.04.23-22.34.50:142][418]LogTexture:Display: Building textures: HQ_Lightmap1_114 (AutoDXT)
[2015.04.23-22.34.50:168][418]LogTexture:Display: Building textures: HQ_Lightmap1_115 (AutoDXT)
[2015.04.23-22.34.50:187][418]LogTexture:Display: Building textures: HQ_Lightmap1_116 (AutoDXT)
[2015.04.23-22.34.50:197][418]LogTexture:Display: Building textures: HQ_Lightmap1_117 (AutoDXT)
[2015.04.23-22.34.50:215][418]LogTexture:Display: Building textures: HQ_Lightmap1_118 (AutoDXT)
[2015.04.23-22.34.50:223][418]LogTexture:Display: Building textures: HQ_Lightmap1_119 (AutoDXT)
[2015.04.23-22.34.50:234][418]LogTexture:Display: Building textures: HQ_Lightmap1_12 (AutoDXT)
[2015.04.23-22.34.50:259][418]LogTexture:Display: Building textures: HQ_Lightmap1_120 (AutoDXT)
[2015.04.23-22.34.50:271][418]LogTexture:Display: Building textures: HQ_Lightmap1_121 (AutoDXT)
[2015.04.23-22.34.50:327][418]LogTexture:Display: Building textures: HQ_Lightmap1_122 (AutoDXT)
[2015.04.23-22.34.50:340][418]LogTexture:Display: Building textures: HQ_Lightmap1_123 (AutoDXT)
[2015.04.23-22.34.50:363][418]LogTexture:Display: Building textures: HQ_Lightmap1_124 (AutoDXT)
[2015.04.23-22.34.50:374][418]LogTexture:Display: Building textures: HQ_Lightmap1_125 (AutoDXT)
[2015.04.23-22.34.50:423][418]LogTexture:Display: Building textures: HQ_Lightmap1_126 (AutoDXT)
[2015.04.23-22.34.50:449][418]LogTexture:Display: Building textures: HQ_Lightmap1_127 (AutoDXT)
[2015.04.23-22.34.50:499][418]LogTexture:Display: Building textures: HQ_Lightmap1_128 (AutoDXT)
[2015.04.23-22.34.50:548][418]LogTexture:Display: Building textures: HQ_Lightmap1_129 (AutoDXT)
[2015.04.23-22.34.50:567][418]LogTexture:Display: Building textures: HQ_Lightmap1_13 (AutoDXT)
[2015.04.23-22.34.50:577][418]LogTexture:Display: Building textures: HQ_Lightmap1_14 (AutoDXT)
[2015.04.23-22.34.50:601][418]LogTexture:Display: Building textures: HQ_Lightmap1_15 (AutoDXT)
[2015.04.23-22.34.50:613][418]LogTexture:Display: Building textures: HQ_Lightmap1_16 (AutoDXT)
[2015.04.23-22.34.50:636][418]LogTexture:Display: Building textures: HQ_Lightmap1_17 (AutoDXT)
[2015.04.23-22.34.50:656][418]LogTexture:Display: Building textures: HQ_Lightmap1_18 (AutoDXT)
[2015.04.23-22.34.50:675][418]LogTexture:Display: Building textures: HQ_Lightmap1_19 (AutoDXT)
[2015.04.23-22.34.50:713][418]LogTexture:Display: Building textures: HQ_Lightmap1_2 (AutoDXT)
[2015.04.23-22.34.50:809][418]LogTexture:Display: Building textures: HQ_Lightmap1_20 (AutoDXT)
[2015.04.23-22.34.50:832][418]LogTexture:Display: Building textures: HQ_Lightmap1_21 (AutoDXT)
[2015.04.23-22.34.50:874][418]LogTexture:Display: Building textures: HQ_Lightmap1_22 (AutoDXT)
[2015.04.23-22.34.50:898][418]LogTexture:Display: Building textures: HQ_Lightmap1_23 (AutoDXT)
[2015.04.23-22.34.50:910][418]LogTexture:Display: Building textures: HQ_Lightmap1_24 (AutoDXT)
[2015.04.23-22.34.50:947][418]LogTexture:Display: Building textures: HQ_Lightmap1_25 (AutoDXT)
[2015.04.23-22.34.50:982][418]LogTexture:Display: Building textures: HQ_Lightmap1_26 (AutoDXT)
[2015.04.23-22.34.51:045][418]LogTexture:Display: Building textures: HQ_Lightmap1_27 (AutoDXT)
[2015.04.23-22.34.51:085][418]LogTexture:Display: Building textures: HQ_Lightmap1_28 (AutoDXT)
[2015.04.23-22.34.51:118][418]LogTexture:Display: Building textures: HQ_Lightmap1_29 (AutoDXT)
[2015.04.23-22.34.51:157][418]LogTexture:Display: Building textures: HQ_Lightmap1_3 (AutoDXT)
[2015.04.23-22.34.51:223][418]LogTexture:Display: Building textures: HQ_Lightmap1_30 (AutoDXT)
[2015.04.23-22.34.51:268][418]LogTexture:Display: Building textures: HQ_Lightmap1_31 (AutoDXT)
[2015.04.23-22.34.51:313][418]LogTexture:Display: Building textures: HQ_Lightmap1_32 (AutoDXT)
[2015.04.23-22.34.51:334][418]LogTexture:Display: Building textures: HQ_Lightmap1_33 (AutoDXT)
[2015.04.23-22.34.51:365][418]LogTexture:Display: Building textures: HQ_Lightmap1_34 (AutoDXT)
[2015.04.23-22.34.51:394][418]LogTexture:Display: Building textures: HQ_Lightmap1_35 (AutoDXT)
[2015.04.23-22.34.51:430][418]LogTexture:Display: Building textures: HQ_Lightmap1_36 (AutoDXT)
[2015.04.23-22.34.51:451][418]LogTexture:Display: Building textures: HQ_Lightmap1_37 (AutoDXT)
[2015.04.23-22.34.51:474][418]LogTexture:Display: Building textures: HQ_Lightmap1_38 (AutoDXT)
[2015.04.23-22.34.51:488][418]LogTexture:Display: Building textures: HQ_Lightmap1_39 (AutoDXT)
[2015.04.23-22.34.51:546][418]LogTexture:Display: Building textures: HQ_Lightmap1_4 (AutoDXT)
[2015.04.23-22.34.51:604][418]LogTexture:Display: Building textures: HQ_Lightmap1_40 (AutoDXT)
[2015.04.23-22.34.51:636][418]LogTexture:Display: Building textures: HQ_Lightmap1_41 (AutoDXT)
[2015.04.23-22.34.51:684][418]LogTexture:Display: Building textures: HQ_Lightmap1_42 (AutoDXT)
[2015.04.23-22.34.51:728][418]LogTexture:Display: Building textures: HQ_Lightmap1_43 (AutoDXT)
[2015.04.23-22.34.51:773][418]LogTexture:Display: Building textures: HQ_Lightmap1_44 (AutoDXT)
[2015.04.23-22.34.51:822][418]LogTexture:Display: Building textures: HQ_Lightmap1_45 (AutoDXT)
[2015.04.23-22.34.51:843][418]LogTexture:Display: Building textures: HQ_Lightmap1_46 (AutoDXT)
[2015.04.23-22.34.51:896][418]LogTexture:Display: Building textures: HQ_Lightmap1_47 (AutoDXT)
[2015.04.23-22.34.51:908][418]LogTexture:Display: Building textures: HQ_Lightmap1_48 (AutoDXT)
[2015.04.23-22.34.51:953][418]LogTexture:Display: Building textures: HQ_Lightmap1_49 (AutoDXT)
[2015.04.23-22.34.51:984][418]LogTexture:Display: Building textures: HQ_Lightmap1_5 (AutoDXT)
[2015.04.23-22.34.52:015][418]LogTexture:Display: Building textures: HQ_Lightmap1_50 (AutoDXT)
[2015.04.23-22.34.52:037][418]LogTexture:Display: Building textures: HQ_Lightmap1_51 (AutoDXT)
[2015.04.23-22.34.52:073][418]LogTexture:Display: Building textures: HQ_Lightmap1_52 (AutoDXT)
[2015.04.23-22.34.52:097][418]LogTexture:Display: Building textures: HQ_Lightmap1_53 (AutoDXT)
[2015.04.23-22.34.52:109][418]LogTexture:Display: Building textures: HQ_Lightmap1_54 (AutoDXT)
[2015.04.23-22.34.52:147][418]LogTexture:Display: Building textures: HQ_Lightmap1_55 (AutoDXT)
[2015.04.23-22.34.52:182][418]LogTexture:Display: Building textures: HQ_Lightmap1_56 (AutoDXT)
[2015.04.23-22.34.52:201][418]LogTexture:Display: Building textures: HQ_Lightmap1_57 (AutoDXT)
[2015.04.23-22.34.52:220][418]LogTexture:Display: Building textures: HQ_Lightmap1_58 (AutoDXT)
[2015.04.23-22.34.52:230][418]LogTexture:Display: Building textures: HQ_Lightmap1_59 (AutoDXT)
[2015.04.23-22.34.52:252][418]LogTexture:Display: Building textures: HQ_Lightmap1_6 (AutoDXT)
[2015.04.23-22.34.52:327][418]LogTexture:Display: Building textures: HQ_Lightmap1_60 (AutoDXT)
[2015.04.23-22.34.52:347][418]LogTexture:Display: Building textures: HQ_Lightmap1_61 (AutoDXT)
[2015.04.23-22.34.52:372][418]LogTexture:Display: Building textures: HQ_Lightmap1_62 (AutoDXT)
[2015.04.23-22.34.52:392][418]LogTexture:Display: Building textures: HQ_Lightmap1_63 (AutoDXT)
[2015.04.23-22.34.52:414][418]LogTexture:Display: Building textures: HQ_Lightmap1_64 (AutoDXT)
[2015.04.23-22.34.52:424][418]LogTexture:Display: Building textures: HQ_Lightmap1_65 (AutoDXT)
[2015.04.23-22.34.52:436][418]LogTexture:Display: Building textures: HQ_Lightmap1_66 (AutoDXT)
[2015.04.23-22.34.52:466][418]LogTexture:Display: Building textures: HQ_Lightmap1_67 (AutoDXT)
[2015.04.23-22.34.52:499][418]LogTexture:Display: Building textures: HQ_Lightmap1_68 (AutoDXT)
[2015.04.23-22.34.52:550][418]LogTexture:Display: Building textures: HQ_Lightmap1_69 (AutoDXT)
[2015.04.23-22.34.52:595][418]LogTexture:Display: Building textures: HQ_Lightmap1_7 (AutoDXT)
[2015.04.23-22.34.52:628][418]LogTexture:Display: Building textures: HQ_Lightmap1_70 (AutoDXT)
[2015.04.23-22.34.52:665][418]LogTexture:Display: Building textures: HQ_Lightmap1_71 (AutoDXT)
[2015.04.23-22.34.52:676][418]LogTexture:Display: Building textures: HQ_Lightmap1_72 (AutoDXT)
[2015.04.23-22.34.52:695][418]LogTexture:Display: Building textures: HQ_Lightmap1_73 (AutoDXT)
[2015.04.23-22.34.52:705][418]LogTexture:Display: Building textures: HQ_Lightmap1_74 (AutoDXT)
[2015.04.23-22.34.52:725][418]LogTexture:Display: Building textures: HQ_Lightmap1_75 (AutoDXT)
[2015.04.23-22.34.52:769][418]LogTexture:Display: Building textures: HQ_Lightmap1_76 (AutoDXT)
[2015.04.23-22.34.52:793][418]LogTexture:Display: Building textures: HQ_Lightmap1_77 (AutoDXT)
[2015.04.23-22.34.52:834][418]LogTexture:Display: Building textures: HQ_Lightmap1_78 (AutoDXT)
[2015.04.23-22.34.52:892][418]LogTexture:Display: Building textures: HQ_Lightmap1_79 (AutoDXT)
[2015.04.23-22.34.52:947][418]LogTexture:Display: Building textures: HQ_Lightmap1_8 (AutoDXT)
[2015.04.23-22.34.52:970][418]LogTexture:Display: Building textures: HQ_Lightmap1_80 (AutoDXT)
[2015.04.23-22.34.53:020][418]LogTexture:Display: Building textures: HQ_Lightmap1_81 (AutoDXT)
[2015.04.23-22.34.53:063][418]LogTexture:Display: Building textures: HQ_Lightmap1_82 (AutoDXT)
[2015.04.23-22.34.53:121][418]LogTexture:Display: Building textures: HQ_Lightmap1_83 (AutoDXT)
[2015.04.23-22.34.53:191][418]LogTexture:Display: Building textures: HQ_Lightmap1_84 (AutoDXT)
[2015.04.23-22.34.53:251][418]LogTexture:Display: Building textures: HQ_Lightmap1_85 (AutoDXT)
[2015.04.23-22.34.53:287][418]LogTexture:Display: Building textures: HQ_Lightmap1_86 (AutoDXT)
[2015.04.23-22.34.53:307][418]LogTexture:Display: Building textures: HQ_Lightmap1_87 (AutoDXT)
[2015.04.23-22.34.53:331][418]LogTexture:Display: Building textures: HQ_Lightmap1_88 (AutoDXT)
[2015.04.23-22.34.53:342][418]LogTexture:Display: Building textures: HQ_Lightmap1_89 (AutoDXT)
[2015.04.23-22.34.53:356][418]LogTexture:Display: Building textures: HQ_Lightmap1_9 (AutoDXT)
[2015.04.23-22.34.53:420][418]LogTexture:Display: Building textures: HQ_Lightmap1_90 (AutoDXT)
[2015.04.23-22.34.53:434][418]LogTexture:Display: Building textures: HQ_Lightmap1_91 (AutoDXT)
[2015.04.23-22.34.53:478][418]LogTexture:Display: Building textures: HQ_Lightmap1_92 (AutoDXT)
[2015.04.23-22.34.53:508][418]LogTexture:Display: Building textures: HQ_Lightmap1_93 (AutoDXT)
[2015.04.23-22.34.53:526][418]LogTexture:Display: Building textures: HQ_Lightmap1_94 (AutoDXT)
[2015.04.23-22.34.53:535][418]LogTexture:Display: Building textures: HQ_Lightmap1_95 (AutoDXT)
[2015.04.23-22.34.53:554][418]LogTexture:Display: Building textures: HQ_Lightmap1_96 (AutoDXT)
[2015.04.23-22.34.53:564][418]LogTexture:Display: Building textures: HQ_Lightmap1_97 (AutoDXT)
[2015.04.23-22.34.53:574][418]LogTexture:Display: Building textures: HQ_Lightmap1_98 (AutoDXT)
[2015.04.23-22.34.53:598][418]LogTexture:Display: Building textures: HQ_Lightmap1_99 (AutoDXT)
[2015.04.23-22.34.53:669][418]LogTexture:Display: Building textures: LQ_Lightmap_0_1 (DXT1)
[2015.04.23-22.34.54:409][418]LogTexture:Display: Building textures: LQ_Lightmap_0_130 (DXT1)
[2015.04.23-22.34.54:419][418]LogTexture:Display: Building textures: LQ_Lightmap_1_10 (DXT1)
[2015.04.23-22.34.54:429][418]LogTexture:Display: Building textures: LQ_Lightmap_1_100 (DXT1)
[2015.04.23-22.34.54:436][418]LogTexture:Display: Building textures: LQ_Lightmap_1_101 (DXT1)
[2015.04.23-22.34.54:442][418]LogTexture:Display: Building textures: LQ_Lightmap_1_102 (DXT1)
[2015.04.23-22.34.54:452][418]LogTexture:Display: Building textures: LQ_Lightmap_1_103 (DXT1)
[2015.04.23-22.34.54:464][418]LogTexture:Display: Building textures: LQ_Lightmap_1_104 (DXT1)
[2015.04.23-22.34.54:487][418]LogTexture:Display: Building textures: LQ_Lightmap_1_105 (DXT1)
[2015.04.23-22.34.54:514][418]LogTexture:Display: Building textures: LQ_Lightmap_1_106 (DXT1)
[2015.04.23-22.34.54:531][418]LogTexture:Display: Building textures: LQ_Lightmap_1_107 (DXT1)
[2015.04.23-22.34.54:547][418]LogTexture:Display: Building textures: LQ_Lightmap_1_108 (DXT1)
[2015.04.23-22.34.54:553][418]LogTexture:Display: Building textures: LQ_Lightmap_1_109 (DXT1)
[2015.04.23-22.34.54:558][418]LogTexture:Display: Building textures: LQ_Lightmap_1_11 (DXT1)
[2015.04.23-22.34.54:568][418]LogTexture:Display: Building textures: LQ_Lightmap_1_110 (DXT1)
[2015.04.23-22.34.54:572][418]LogTexture:Display: Building textures: LQ_Lightmap_1_111 (DXT1)
[2015.04.23-22.34.54:577][418]LogTexture:Display: Building textures: LQ_Lightmap_1_112 (DXT1)
[2015.04.23-22.34.54:581][418]LogTexture:Display: Building textures: LQ_Lightmap_1_113 (DXT1)
[2015.04.23-22.34.54:591][418]LogTexture:Display: Building textures: LQ_Lightmap_1_114 (DXT1)
[2015.04.23-22.34.54:611][418]LogTexture:Display: Building textures: LQ_Lightmap_1_115 (DXT1)
[2015.04.23-22.34.54:626][418]LogTexture:Display: Building textures: LQ_Lightmap_1_116 (DXT1)
[2015.04.23-22.34.54:630][418]LogTexture:Display: Building textures: LQ_Lightmap_1_117 (DXT1)
[2015.04.23-22.34.54:639][418]LogTexture:Display: Building textures: LQ_Lightmap_1_118 (DXT1)
[2015.04.23-22.34.54:643][418]LogTexture:Display: Building textures: LQ_Lightmap_1_119 (DXT1)
[2015.04.23-22.34.54:649][418]LogTexture:Display: Building textures: LQ_Lightmap_1_12 (DXT1)
[2015.04.23-22.34.54:662][418]LogTexture:Display: Building textures: LQ_Lightmap_1_120 (DXT1)
[2015.04.23-22.34.54:670][418]LogTexture:Display: Building textures: LQ_Lightmap_1_121 (DXT1)
[2015.04.23-22.34.54:698][418]LogTexture:Display: Building textures: LQ_Lightmap_1_122 (DXT1)
[2015.04.23-22.34.54:705][418]LogTexture:Display: Building textures: LQ_Lightmap_1_123 (DXT1)
[2015.04.23-22.34.54:719][418]LogTexture:Display: Building textures: LQ_Lightmap_1_124 (DXT1)
[2015.04.23-22.34.54:725][418]LogTexture:Display: Building textures: LQ_Lightmap_1_125 (DXT1)
[2015.04.23-22.34.54:750][418]LogTexture:Display: Building textures: LQ_Lightmap_1_126 (DXT1)
[2015.04.23-22.34.54:763][418]LogTexture:Display: Building textures: LQ_Lightmap_1_127 (DXT1)
[2015.04.23-22.34.54:789][418]LogTexture:Display: Building textures: LQ_Lightmap_1_128 (DXT1)
[2015.04.23-22.34.54:816][418]LogTexture:Display: Building textures: LQ_Lightmap_1_129 (DXT1)
[2015.04.23-22.34.54:826][418]LogTexture:Display: Building textures: LQ_Lightmap_1_13 (DXT1)
[2015.04.23-22.34.54:833][418]LogTexture:Display: Building textures: LQ_Lightmap_1_14 (DXT1)
[2015.04.23-22.34.54:844][418]LogTexture:Display: Building textures: LQ_Lightmap_1_15 (DXT1)
[2015.04.23-22.34.54:851][418]LogTexture:Display: Building textures: LQ_Lightmap_1_16 (DXT1)
[2015.04.23-22.34.54:864][418]LogTexture:Display: Building textures: LQ_Lightmap_1_17 (DXT1)
[2015.04.23-22.34.54:876][418]LogTexture:Display: Building textures: LQ_Lightmap_1_18 (DXT1)
[2015.04.23-22.34.54:887][418]LogTexture:Display: Building textures: LQ_Lightmap_1_19 (DXT1)
[2015.04.23-22.34.54:913][418]LogTexture:Display: Building textures: LQ_Lightmap_1_2 (DXT1)
[2015.04.23-22.34.54:957][418]LogTexture:Display: Building textures: LQ_Lightmap_1_20 (DXT1)
[2015.04.23-22.34.54:975][418]LogTexture:Display: Building textures: LQ_Lightmap_1_21 (DXT1)
[2015.04.23-22.34.54:996][418]LogTexture:Display: Building textures: LQ_Lightmap_1_22 (DXT1)
[2015.04.23-22.34.55:008][418]LogTexture:Display: Building textures: LQ_Lightmap_1_23 (DXT1)
[2015.04.23-22.34.55:017][418]LogTexture:Display: Building textures: LQ_Lightmap_1_24 (DXT1)
[2015.04.23-22.34.55:038][418]LogTexture:Display: Building textures: LQ_Lightmap_1_25 (DXT1)
[2015.04.23-22.34.55:059][418]LogTexture:Display: Building textures: LQ_Lightmap_1_26 (DXT1)
[2015.04.23-22.34.55:098][418]LogTexture:Display: Building textures: LQ_Lightmap_1_27 (DXT1)
[2015.04.23-22.34.55:128][418]LogTexture:Display: Building textures: LQ_Lightmap_1_28 (DXT1)
[2015.04.23-22.34.55:146][418]LogTexture:Display: Building textures: LQ_Lightmap_1_29 (DXT1)
[2015.04.23-22.34.55:168][418]LogTexture:Display: Building textures: LQ_Lightmap_1_3 (DXT1)
[2015.04.23-22.34.55:205][418]LogTexture:Display: Building textures: LQ_Lightmap_1_30 (DXT1)
[2015.04.23-22.34.55:228][418]LogTexture:Display: Building textures: LQ_Lightmap_1_31 (DXT1)
[2015.04.23-22.34.55:252][418]LogTexture:Display: Building textures: LQ_Lightmap_1_32 (DXT1)
[2015.04.23-22.34.55:266][418]LogTexture:Display: Building textures: LQ_Lightmap_1_33 (DXT1)
[2015.04.23-22.34.55:283][418]LogTexture:Display: Building textures: LQ_Lightmap_1_34 (DXT1)
[2015.04.23-22.34.55:299][418]LogTexture:Display: Building textures: LQ_Lightmap_1_35 (DXT1)
[2015.04.23-22.34.55:316][418]LogTexture:Display: Building textures: LQ_Lightmap_1_36 (DXT1)
[2015.04.23-22.34.55:328][418]LogTexture:Display: Building textures: LQ_Lightmap_1_37 (DXT1)
[2015.04.23-22.34.55:342][418]LogTexture:Display: Building textures: LQ_Lightmap_1_38 (DXT1)
[2015.04.23-22.34.55:351][418]LogTexture:Display: Building textures: LQ_Lightmap_1_39 (DXT1)
[2015.04.23-22.34.55:388][418]LogTexture:Display: Building textures: LQ_Lightmap_1_4 (DXT1)
[2015.04.23-22.34.55:426][418]LogTexture:Display: Building textures: LQ_Lightmap_1_40 (DXT1)
[2015.04.23-22.34.55:451][418]LogTexture:Display: Building textures: LQ_Lightmap_1_41 (DXT1)
[2015.04.23-22.34.55:474][418]LogTexture:Display: Building textures: LQ_Lightmap_1_42 (DXT1)
[2015.04.23-22.34.55:497][418]LogTexture:Display: Building textures: LQ_Lightmap_1_43 (DXT1)
[2015.04.23-22.34.55:519][418]LogTexture:Display: Building textures: LQ_Lightmap_1_44 (DXT1)
[2015.04.23-22.34.55:543][418]LogTexture:Display: Building textures: LQ_Lightmap_1_45 (DXT1)
[2015.04.23-22.34.55:556][418]LogTexture:Display: Building textures: LQ_Lightmap_1_46 (DXT1)
[2015.04.23-22.34.55:582][418]LogTexture:Display: Building textures: LQ_Lightmap_1_47 (DXT1)
[2015.04.23-22.34.55:589][418]LogTexture:Display: Building textures: LQ_Lightmap_1_48 (DXT1)
[2015.04.23-22.34.55:612][418]LogTexture:Display: Building textures: LQ_Lightmap_1_49 (DXT1)
[2015.04.23-22.34.55:627][418]LogTexture:Display: Building textures: LQ_Lightmap_1_5 (DXT1)
[2015.04.23-22.34.55:644][418]LogTexture:Display: Building textures: LQ_Lightmap_1_50 (DXT1)
[2015.04.23-22.34.55:659][418]LogTexture:Display: Building textures: LQ_Lightmap_1_51 (DXT1)
[2015.04.23-22.34.55:678][418]LogTexture:Display: Building textures: LQ_Lightmap_1_52 (DXT1)
[2015.04.23-22.34.55:691][418]LogTexture:Display: Building textures: LQ_Lightmap_1_53 (DXT1)
[2015.04.23-22.34.55:698][418]LogTexture:Display: Building textures: LQ_Lightmap_1_54 (DXT1)
[2015.04.23-22.34.55:718][418]LogTexture:Display: Building textures: LQ_Lightmap_1_55 (DXT1)
[2015.04.23-22.34.55:742][418]LogTexture:Display: Building textures: LQ_Lightmap_1_56 (DXT1)
[2015.04.23-22.34.55:753][418]LogTexture:Display: Building textures: LQ_Lightmap_1_57 (DXT1)
[2015.04.23-22.34.55:763][418]LogTexture:Display: Building textures: LQ_Lightmap_1_58 (DXT1)
[2015.04.23-22.34.55:770][418]LogTexture:Display: Building textures: LQ_Lightmap_1_59 (DXT1)
[2015.04.23-22.34.55:785][418]LogTexture:Display: Building textures: LQ_Lightmap_1_6 (DXT1)
[2015.04.23-22.34.55:829][418]LogTexture:Display: Building textures: LQ_Lightmap_1_60 (DXT1)
[2015.04.23-22.34.55:841][418]LogTexture:Display: Building textures: LQ_Lightmap_1_61 (DXT1)
[2015.04.23-22.34.55:855][418]LogTexture:Display: Building textures: LQ_Lightmap_1_62 (DXT1)
[2015.04.23-22.34.55:868][418]LogTexture:Display: Building textures: LQ_Lightmap_1_63 (DXT1)
[2015.04.23-22.34.55:879][418]LogTexture:Display: Building textures: LQ_Lightmap_1_64 (DXT1)
[2015.04.23-22.34.55:885][418]LogTexture:Display: Building textures: LQ_Lightmap_1_65 (DXT1)
[2015.04.23-22.34.55:892][418]LogTexture:Display: Building textures: LQ_Lightmap_1_66 (DXT1)
[2015.04.23-22.34.55:908][418]LogTexture:Display: Building textures: LQ_Lightmap_1_67 (DXT1)
[2015.04.23-22.34.55:926][418]LogTexture:Display: Building textures: LQ_Lightmap_1_68 (DXT1)
[2015.04.23-22.34.55:954][418]LogTexture:Display: Building textures: LQ_Lightmap_1_69 (DXT1)
[2015.04.23-22.34.55:977][418]LogTexture:Display: Building textures: LQ_Lightmap_1_7 (DXT1)
[2015.04.23-22.34.55:993][418]LogTexture:Display: Building textures: LQ_Lightmap_1_70 (DXT1)
[2015.04.23-22.34.56:012][418]LogTexture:Display: Building textures: LQ_Lightmap_1_71 (DXT1)
[2015.04.23-22.34.56:020][418]LogTexture:Display: Building textures: LQ_Lightmap_1_72 (DXT1)
[2015.04.23-22.34.56:030][418]LogTexture:Display: Building textures: LQ_Lightmap_1_73 (DXT1)
[2015.04.23-22.34.56:037][418]LogTexture:Display: Building textures: LQ_Lightmap_1_74 (DXT1)
[2015.04.23-22.34.56:048][418]LogTexture:Display: Building textures: LQ_Lightmap_1_75 (DXT1)
[2015.04.23-22.34.56:071][418]LogTexture:Display: Building textures: LQ_Lightmap_1_76 (DXT1)
[2015.04.23-22.34.56:083][418]LogTexture:Display: Building textures: LQ_Lightmap_1_77 (DXT1)
[2015.04.23-22.34.56:110][418]LogTexture:Display: Building textures: LQ_Lightmap_1_78 (DXT1)
[2015.04.23-22.34.56:141][418]LogTexture:Display: Building textures: LQ_Lightmap_1_79 (DXT1)
[2015.04.23-22.34.56:173][418]LogTexture:Display: Building textures: LQ_Lightmap_1_8 (DXT1)
[2015.04.23-22.34.56:187][418]LogTexture:Display: Building textures: LQ_Lightmap_1_80 (DXT1)
[2015.04.23-22.34.56:219][418]LogTexture:Display: Building textures: LQ_Lightmap_1_81 (DXT1)
[2015.04.23-22.34.56:250][418]LogTexture:Display: Building textures: LQ_Lightmap_1_82 (DXT1)
[2015.04.23-22.34.56:290][418]LogTexture:Display: Building textures: LQ_Lightmap_1_83 (DXT1)
[2015.04.23-22.34.56:334][418]LogTexture:Display: Building textures: LQ_Lightmap_1_84 (DXT1)
[2015.04.23-22.34.56:367][418]LogTexture:Display: Building textures: LQ_Lightmap_1_85 (DXT1)
[2015.04.23-22.34.56:389][418]LogTexture:Display: Building textures: LQ_Lightmap_1_86 (DXT1)
[2015.04.23-22.34.56:403][418]LogTexture:Display: Building textures: LQ_Lightmap_1_87 (DXT1)
[2015.04.23-22.34.56:415][418]LogTexture:Display: Building textures: LQ_Lightmap_1_88 (DXT1)
[2015.04.23-22.34.56:422][418]LogTexture:Display: Building textures: LQ_Lightmap_1_89 (DXT1)
[2015.04.23-22.34.56:431][418]LogTexture:Display: Building textures: LQ_Lightmap_1_9 (DXT1)
[2015.04.23-22.34.56:464][418]LogTexture:Display: Building textures: LQ_Lightmap_1_90 (DXT1)
[2015.04.23-22.34.56:474][418]LogTexture:Display: Building textures: LQ_Lightmap_1_91 (DXT1)
[2015.04.23-22.34.56:500][418]LogTexture:Display: Building textures: LQ_Lightmap_1_92 (DXT1)
[2015.04.23-22.34.56:513][418]LogTexture:Display: Building textures: LQ_Lightmap_1_93 (DXT1)
[2015.04.23-22.34.56:526][418]LogTexture:Display: Building textures: LQ_Lightmap_1_94 (DXT1)
[2015.04.23-22.34.56:530][418]LogTexture:Display: Building textures: LQ_Lightmap_1_95 (DXT1)
[2015.04.23-22.34.56:544][418]LogTexture:Display: Building textures: LQ_Lightmap_1_96 (DXT1)
[2015.04.23-22.34.56:550][418]LogTexture:Display: Building textures: LQ_Lightmap_1_97 (DXT1)
[2015.04.23-22.34.56:555][418]LogTexture:Display: Building textures: LQ_Lightmap_1_98 (DXT1)
[2015.04.23-22.34.56:567][418]LogTexture:Display: Building textures: LQ_Lightmap_1_99 (DXT1)
[2015.04.23-22.34.56:679][418]Cmd: MAP LOAD FILE="D:/God-Killer/Content/Scene/NewWorld.umap" TEMPLATE=0 SHOWPROGRESS=1 FEATURELEVEL=3
[2015.04.23-22.34.56:680][418]LightingResults: New page: Lighting Build
[2015.04.23-22.34.56:712][418]LoadErrors: New page: Loading map: NewWorld.umap
[2015.04.23-22.34.56:712][418]MapCheck: New page: Map Check
[2015.04.23-22.34.56:712][418]LightingResults: New page: Lighting Build
[2015.04.23-22.34.56:721][418]LogParticles: Destroying 0 GPU particle simulations for FXSystem 0x0000000013646700
[2015.04.23-22.34.56:848][418]LogEditorServer: Finished looking for orphan Actors (0.000 secs)
[2015.04.23-22.34.56:883][418]LogAIModule: Creating AISystem for world NewWorld
[2015.04.23-22.34.56:898][418]Cmd: MAP CHECKDEP
[2015.04.23-22.34.56:898][418]MapCheck: New page: NewWorld - Apr 23, 2015, 8:34:56 AM
[2015.04.23-22.34.56:993][418]MapCheck: Info Map check complete: 0 Error(s), 0 Warning(s), took 94.267ms to complete.
[2015.04.23-22.34.56:993][418]LogFileHelpers: Loading map 'NewWorld' took 0.315
[2015.04.23-22.34.59:506][546]LogPlayLevel: PIE:  No blueprints needed recompiling
[2015.04.23-22.34.59:506][546]PIE: New page: PIE session: NewWorld (Apr 23, 2015, 8:34:59 AM)
[2015.04.23-22.34.59:574][546]LogPlayLevel: PIE: StaticDuplicateObject took: (0.067478s)
[2015.04.23-22.34.59:575][546]LogPlayLevel: PIE: World Init took: (0.000594s)
[2015.04.23-22.34.59:575][546]LogPlayLevel: PIE: Created PIE world by copying editor world from /Game/Scene/NewWorld.NewWorld to /Game/Scene/UEDPIE_0_NewWorld.NewWorld (0.068383s)
[2015.04.23-22.34.59:622][546]LogWorld: Game class is 'ThirdPersonGameMode_C'
[2015.04.23-22.34.59:624][546]LogAIModule: Creating AISystem for world NewWorld
[2015.04.23-22.34.59:671][546]LogWorld: Bringing World /Game/Scene/UEDPIE_0_NewWorld.NewWorld up for play (max tick rate 0) at 2015.04.23-15.34.59
[2015.04.23-22.34.59:672][546]LogWorld: Bringing up level for play took: 0.047379
[2015.04.23-22.34.59:675][546]PIE: Info Play in editor start time for /Game/Scene/UEDPIE_0_NewWorld 0.767
[2015.04.23-22.35.23:734][ 43]LogParticles: Destroying 0 GPU particle simulations for FXSystem 0x00000000030900E0
[2015.04.23-22.35.27:126][223]Cmd: OBJ SAVEPACKAGE PACKAGE="/Game/Scene/NewWorld" FILE="D:/God-Killer/Content/Scene/NewWorld.umap" SILENT=true AUTOSAVING=false KEEPDIRTY=false
[2015.04.23-22.35.29:132][223]LogSavePackage: Save=1929.175415ms
[2015.04.23-22.35.29:132][223]LogSavePackage: Moving 'D:/God-Killer/Saved/NewWorld1464D96746AA322EBB6568A33F77C573.tmp' to 'D:/God-Killer/Content/Scene/NewWorld.umap'
[2015.04.23-22.35.33:249][430]Cmd: QUIT_EDITOR
[2015.04.23-22.35.33:443][430]LogExit: Preparing to exit.
[2015.04.23-22.35.33:865][430]LogExit: Editor shut down
[2015.04.23-22.35.33:865][430]LogExit: Transaction tracking system shut down
[2015.04.23-22.35.33:866][430]LogParticles: Destroying 0 GPU particle simulations for FXSystem 0x000000000AD29C60
[2015.04.23-22.35.33:866][430]LogParticles: Destroying 0 GPU particle simulations for FXSystem 0x0000000042607E20
[2015.04.23-22.35.33:866][430]LogParticles: Destroying 0 GPU particle simulations for FXSystem 0x0000000042867BA0
[2015.04.23-22.35.33:867][430]LogParticles: Destroying 0 GPU particle simulations for FXSystem 0x000000000D7F6E80
[2015.04.23-22.35.33:920][430]LogExit: Object subsystem successfully closed.
[2015.04.23-22.35.33:972][430]LogModuleManager: Shutting down and abandoning module CrashTracker (177)
[2015.04.23-22.35.33:972][430]LogModuleManager: Shutting down and abandoning module SuperSearch (176)
[2015.04.23-22.35.33:972][430]LogModuleManager: Shutting down and abandoning module SceneOutliner (175)
[2015.04.23-22.35.33:972][430]LogModuleManager: Shutting down and abandoning module EditorWidgets (174)
[2015.04.23-22.35.33:972][430]LogModuleManager: Shutting down and abandoning module CollectionManager (173)
[2015.04.23-22.35.33:972][430]LogModuleManager: Shutting down and abandoning module StatsViewer (172)
[2015.04.23-22.35.33:972][430]LogModuleManager: Shutting down and abandoning module FoliageEdit (171)
[2015.04.23-22.35.33:972][430]LogModuleManager: Shutting down and abandoning module LandscapeEditor (170)
[2015.04.23-22.35.33:972][430]LogModuleManager: Shutting down and abandoning module MeshPaint (169)
[2015.04.23-22.35.33:972][430]LogModuleManager: Shutting down and abandoning module ActorPickerMode (168)
[2015.04.23-22.35.33:972][430]LogModuleManager: Shutting down and abandoning module GeometryMode (167)
[2015.04.23-22.35.33:972][430]LogModuleManager: Shutting down and abandoning module TextureAlignMode (166)
[2015.04.23-22.35.33:972][430]LogModuleManager: Shutting down and abandoning module BspMode (165)
[2015.04.23-22.35.33:972][430]LogModuleManager: Shutting down and abandoning module PlacementMode (164)
[2015.04.23-22.35.33:972][430]LogModuleManager: Shutting down and abandoning module AutomationWorker (163)
[2015.04.23-22.35.33:972][430]LogModuleManager: Shutting down and abandoning module CharacterAI (162)
[2015.04.23-22.35.33:972][430]LogModuleManager: Shutting down and abandoning module SmartSnapping (161)
[2015.04.23-22.35.33:972][430]LogModuleManager: Shutting down and abandoning module ViewportSnapping (160)
[2015.04.23-22.35.33:972][430]LogModuleManager: Shutting down and abandoning module LogVisualizer (159)
[2015.04.23-22.35.33:972][430]LogModuleManager: Shutting down and abandoning module GameProjectGeneration (158)
[2015.04.23-22.35.33:972][430]LogModuleManager: Shutting down and abandoning module IntroTutorials (157)
[2015.04.23-22.35.33:972][430]LogModuleManager: Shutting down and abandoning module EditorLiveStreaming (156)
[2015.04.23-22.35.33:972][430]LogModuleManager: Shutting down and abandoning module HardwareTargeting (155)
[2015.04.23-22.35.33:972][430]LogModuleManager: Shutting down and abandoning module DeviceProfileEditor (154)
[2015.04.23-22.35.33:972][430]LogModuleManager: Shutting down and abandoning module UndoHistory (153)
[2015.04.23-22.35.33:972][430]LogModuleManager: Shutting down and abandoning module GameplayTagsEditor (152)
[2015.04.23-22.35.33:972][430]LogModuleManager: Shutting down and abandoning module UserFeedback (151)
[2015.04.23-22.35.33:972][430]LogModuleManager: Shutting down and abandoning module XmlParser (150)
[2015.04.23-22.35.33:972][430]LogModuleManager: Shutting down and abandoning module Blutility (149)
[2015.04.23-22.35.33:972][430]LogModuleManager: Shutting down and abandoning module IOSPlatformEditor (148)
[2015.04.23-22.35.33:972][430]LogModuleManager: Shutting down and abandoning module IOSRuntimeSettings (147)
[2015.04.23-22.35.33:972][430]LogModuleManager: Shutting down and abandoning module AndroidDeviceDetection (146)
[2015.04.23-22.35.34:717][430]LogModuleManager: Shutting down and abandoning module AndroidPlatformEditor (145)
[2015.04.23-22.35.34:717][430]LogModuleManager: Shutting down and abandoning module AndroidRuntimeSettings (144)
[2015.04.23-22.35.34:717][430]LogModuleManager: Shutting down and abandoning module ProjectTargetPlatformEditor (143)
[2015.04.23-22.35.34:717][430]LogModuleManager: Shutting down and abandoning module ProjectSettingsViewer (142)
[2015.04.23-22.35.34:717][430]LogModuleManager: Shutting down and abandoning module InputBindingEditor (141)
[2015.04.23-22.35.34:717][430]LogModuleManager: Shutting down and abandoning module EditorSettingsViewer (140)
[2015.04.23-22.35.34:717][430]LogModuleManager: Shutting down and abandoning module SettingsEditor (139)
[2015.04.23-22.35.34:717][430]LogModuleManager: Shutting down and abandoning module ProjectLauncher (138)
[2015.04.23-22.35.34:717][430]LogModuleManager: Shutting down and abandoning module SessionFrontend (137)
[2015.04.23-22.35.34:717][430]LogModuleManager: Shutting down and abandoning module ProfilerClient (136)
[2015.04.23-22.35.34:717][430]LogModuleManager: Shutting down and abandoning module TargetDeviceServices (135)
[2015.04.23-22.35.34:717][430]LogModuleManager: Shutting down and abandoning module DeviceManager (134)
[2015.04.23-22.35.34:717][430]LogModuleManager: Shutting down and abandoning module AutomationController (133)
[2015.04.23-22.35.34:717][430]LogModuleManager: Shutting down and abandoning module AutomationWindow (132)
[2015.04.23-22.35.34:717][430]LogModuleManager: Shutting down and abandoning module Layers (131)
[2015.04.23-22.35.34:717][430]LogModuleManager: Shutting down and abandoning module ComponentVisualizers (130)
[2015.04.23-22.35.34:717][430]LogModuleManager: Shutting down and abandoning module DetailCustomizations (129)
[2015.04.23-22.35.34:717][430]LogModuleManager: Shutting down and abandoning module PackagesDialog (128)
[2015.04.23-22.35.34:717][430]LogModuleManager: Shutting down and abandoning module AssetRegistry (127)
[2015.04.23-22.35.34:804][430]LogModuleManager: Shutting down and abandoning module Persona (126)
[2015.04.23-22.35.34:804][430]LogModuleManager: Shutting down and abandoning module SlateReflector (125)
[2015.04.23-22.35.34:804][430]LogModuleManager: Shutting down and abandoning module LevelEditor (124)
[2015.04.23-22.35.34:805][430]LogModuleManager: Shutting down and abandoning module Kismet (123)
[2015.04.23-22.35.34:805][430]LogModuleManager: Shutting down and abandoning module GraphEditor (122)
[2015.04.23-22.35.34:805][430]LogModuleManager: Shutting down and abandoning module ClassViewer (121)
[2015.04.23-22.35.34:805][430]LogModuleManager: Shutting down and abandoning module Toolbox (120)
[2015.04.23-22.35.34:805][430]LogModuleManager: Shutting down and abandoning module ModuleUI (119)
[2015.04.23-22.35.34:805][430]LogModuleManager: Shutting down and abandoning module MovieSceneTools (118)
[2015.04.23-22.35.34:805][430]LogModuleManager: Shutting down and abandoning module OutputLog (117)
[2015.04.23-22.35.34:805][430]LogModuleManager: Shutting down and abandoning module GammaUI (116)
[2015.04.23-22.35.34:805][430]LogModuleManager: Shutting down and abandoning module Documentation (115)
[2015.04.23-22.35.34:805][430]LogModuleManager: Shutting down and abandoning module GameLiveStreaming (114)
[2015.04.23-22.35.34:805][430]LogModuleManager: Shutting down and abandoning module StreamingPauseRendering (113)
[2015.04.23-22.35.34:805][430]LogModuleManager: Shutting down and abandoning module HTTP (112)
[2015.04.23-22.35.34:805][430]LogModuleManager: Shutting down and abandoning module AnalyticsET (111)
[2015.04.23-22.35.34:805][430]LogModuleManager: Shutting down and abandoning module Analytics (110)
[2015.04.23-22.35.34:805][430]LogModuleManager: Shutting down and abandoning module AITestSuite (109)
[2015.04.23-22.35.34:805][430]LogModuleManager: Shutting down and abandoning module GameplayDebugger (108)
[2015.04.23-22.35.34:805][430]LogModuleManager: Shutting down and abandoning module AIModule (107)
[2015.04.23-22.35.34:805][430]LogModuleManager: Shutting down and abandoning module ProfilerService (106)
[2015.04.23-22.35.35:012][430]LogModuleManager: Shutting down and abandoning module TaskGraph (105)
[2015.04.23-22.35.35:012][430]LogModuleManager: Shutting down and abandoning module SlateRemote (104)
[2015.04.23-22.35.35:012][430]LogModuleManager: Shutting down and abandoning module ScriptEditorPlugin (103)
[2015.04.23-22.35.35:012][430]LogModuleManager: Shutting down and abandoning module CustomMeshComponent (102)
[2015.04.23-22.35.35:012][430]LogModuleManager: Shutting down and abandoning module CableComponent (101)
[2015.04.23-22.35.35:012][430]LogModuleManager: Shutting down and abandoning module MessagingDebugger (100)
[2015.04.23-22.35.35:012][430]LogModuleManager: Shutting down and abandoning module MediaPlayerEditor (99)
[2015.04.23-22.35.35:012][430]LogModuleManager: Shutting down and abandoning module SpeedTreeImporter (98)
[2015.04.23-22.35.35:012][430]LogModuleManager: Shutting down and abandoning module PluginsEditor (97)
[2015.04.23-22.35.35:012][430]LogModuleManager: Shutting down and abandoning module MainFrame (96)
[2015.04.23-22.35.35:012][430]LogModuleManager: Shutting down and abandoning module EpicSurvey (95)
[2015.04.23-22.35.35:012][430]LogModuleManager: Shutting down and abandoning module DesktopPlatform (94)
[2015.04.23-22.35.35:012][430]LogModuleManager: Shutting down and abandoning module DirectoryWatcher (93)
[2015.04.23-22.35.35:012][430]LogModuleManager: Shutting down and abandoning module HotReload (92)
[2015.04.23-22.35.35:012][430]LogModuleManager: Shutting down and abandoning module VisualStudioSourceCodeAccess (91)
[2015.04.23-22.35.35:012][430]LogModuleManager: Shutting down and abandoning module UObjectPlugin (90)
[2015.04.23-22.35.35:012][430]LogModuleManager: Shutting down and abandoning module SubversionSourceControl (89)
[2015.04.23-22.35.35:012][430]LogModuleManager: Shutting down and abandoning module PerforceSourceControl (88)
[2015.04.23-22.35.35:012][430]LogModuleManager: Shutting down and abandoning module SourceControl (87)
[2015.04.23-22.35.35:012][430]LogModuleManager: Shutting down and abandoning module GitSourceControl (86)
[2015.04.23-22.35.35:012][430]LogModuleManager: Shutting down and abandoning module BlankPlugin (85)
[2015.04.23-22.35.35:012][430]LogModuleManager: Shutting down and abandoning module PaperTiledImporter (84)
[2015.04.23-22.35.35:012][430]LogModuleManager: Shutting down and abandoning module PaperJsonImporter (83)
[2015.04.23-22.35.35:012][430]LogModuleManager: Shutting down and abandoning module ContentBrowser (82)
[2015.04.23-22.35.35:013][430]LogModuleManager: Shutting down and abandoning module Paper2DEditor (81)
[2015.04.23-22.35.35:013][430]LogModuleManager: Shutting down and abandoning module ScriptPlugin (80)
[2015.04.23-22.35.35:013][430]LogModuleManager: Shutting down and abandoning module UdpMessaging (79)
[2015.04.23-22.35.35:113][430]LogModuleManager: Shutting down and abandoning module Paper2D (78)
[2015.04.23-22.35.35:113][430]LogModuleManager: Shutting down and abandoning module WindowsMoviePlayer (77)
[2015.04.23-22.35.35:114][430]LogModuleManager: Shutting down and abandoning module Media (76)
[2015.04.23-22.35.35:115][430]LogModuleManager: Shutting down and abandoning module WmfMedia (75)
[2015.04.23-22.35.35:115][430]LogModuleManager: Shutting down and abandoning module OnlineBlueprintSupport (74)
[2015.04.23-22.35.35:115][430]LogModuleManager: Shutting down and abandoning module PropertyEditor (73)
[2015.04.23-22.35.35:115][430]LogModuleManager: Shutting down and abandoning module BehaviorTreeEditor (72)
[2015.04.23-22.35.35:115][430]LogModuleManager: Shutting down and abandoning module FunctionalTesting (71)
[2015.04.23-22.35.35:115][430]LogModuleManager: Shutting down and abandoning module CollisionAnalyzer (70)
[2015.04.23-22.35.35:115][430]LogModuleManager: Shutting down and abandoning module WorkspaceMenuStructure (69)
[2015.04.23-22.35.35:115][430]LogModuleManager: Shutting down and abandoning module MessageLog (68)
[2015.04.23-22.35.35:115][430]LogModuleManager: Shutting down and abandoning module Sequencer (67)
[2015.04.23-22.35.35:115][430]LogModuleManager: Shutting down and abandoning module AssetTools (66)
[2015.04.23-22.35.35:115][430]LogModuleManager: Shutting down and abandoning module UMGEditor (65)
[2015.04.23-22.35.35:115][430]LogModuleManager: Shutting down and abandoning module UMG (64)
[2015.04.23-22.35.35:115][430]LogModuleManager: Shutting down and abandoning module Slate (63)
[2015.04.23-22.35.35:115][430]LogModuleManager: Shutting down and abandoning module EditorStyle (62)
[2015.04.23-22.35.35:119][430]LogModuleManager: Shutting down and abandoning module SessionServices (61)
[2015.04.23-22.35.35:119][430]LogModuleManager: Shutting down and abandoning module SourceCodeAccess (60)
[2015.04.23-22.35.35:119][430]LogModuleManager: Shutting down and abandoning module HeadMountedDisplay (59)
[2015.04.23-22.35.35:119][430]LogModuleManager: Shutting down and abandoning module XAudio2 (58)
[2015.04.23-22.35.35:119][430]LogModuleManager: Shutting down and abandoning module Networking (56)
[2015.04.23-22.35.35:119][430]LogModuleManager: Shutting down and abandoning module Core (55)
[2015.04.23-22.35.35:119][430]LogModuleManager: Shutting down and abandoning module KismetCompiler (54)
[2015.04.23-22.35.35:119][430]LogModuleManager: Shutting down and abandoning module PhysXFormats (53)
[2015.04.23-22.35.35:119][430]LogModuleManager: Shutting down and abandoning module MeshUtilities (52)
[2015.04.23-22.35.35:119][430]LogModuleManager: Shutting down and abandoning module DerivedDataCache (51)
[2015.04.23-22.35.35:348][430]LogDerivedDataCache: Shutdown
[2015.04.23-22.35.35:348][430]LogModuleManager: Shutting down and abandoning module ShaderFormatOpenGL (50)
[2015.04.23-22.35.35:348][430]LogModuleManager: Shutting down and abandoning module ShaderFormatD3D (49)
[2015.04.23-22.35.35:348][430]LogModuleManager: Shutting down and abandoning module MetalShaderFormat (48)
[2015.04.23-22.35.35:348][430]LogModuleManager: Shutting down and abandoning module TextureFormatUncompressed (47)
[2015.04.23-22.35.35:348][430]LogModuleManager: Shutting down and abandoning module TextureFormatPVR (46)
[2015.04.23-22.35.35:348][430]LogModuleManager: Shutting down and abandoning module TextureFormatIntelISPCTexComp (45)
[2015.04.23-22.35.35:348][430]LogModuleManager: Shutting down and abandoning module TextureFormatDXT (44)
[2015.04.23-22.35.35:348][430]LogModuleManager: Shutting down and abandoning module ImageWrapper (43)
[2015.04.23-22.35.35:348][430]LogModuleManager: Shutting down and abandoning module TextureFormatASTC (42)
[2015.04.23-22.35.35:348][430]LogModuleManager: Shutting down and abandoning module TextureFormatAndroid (41)
[2015.04.23-22.35.35:348][430]LogModuleManager: Shutting down and abandoning module AudioFormatOpus (40)
[2015.04.23-22.35.35:348][430]LogModuleManager: Shutting down and abandoning module AudioFormatOgg (39)
[2015.04.23-22.35.35:348][430]LogModuleManager: Shutting down and abandoning module AudioFormatADPCM (38)
[2015.04.23-22.35.35:348][430]LogModuleManager: Shutting down and abandoning module LinuxTargetPlatform (37)
[2015.04.23-22.35.35:348][430]LogModuleManager: Shutting down and abandoning module LinuxServerTargetPlatform (36)
[2015.04.23-22.35.35:348][430]LogModuleManager: Shutting down and abandoning module LinuxNoEditorTargetPlatform (35)
[2015.04.23-22.35.35:348][430]LogModuleManager: Shutting down and abandoning module Messaging (34)
[2015.04.23-22.35.35:348][430]LogModuleManager: Shutting down and abandoning module IOSTargetPlatform (33)
[2015.04.23-22.35.35:348][430]LogModuleManager: Shutting down and abandoning module HTML5TargetPlatform (32)
[2015.04.23-22.35.35:348][430]LogModuleManager: Shutting down and abandoning module Android_PVRTCTargetPlatform (31)
[2015.04.23-22.35.35:348][430]LogModuleManager: Shutting down and abandoning module Android_ETC2TargetPlatform (30)
[2015.04.23-22.35.35:348][430]LogModuleManager: Shutting down and abandoning module Android_ETC1TargetPlatform (29)
[2015.04.23-22.35.35:348][430]LogModuleManager: Shutting down and abandoning module Android_ES31TargetPlatform (28)
[2015.04.23-22.35.35:348][430]LogModuleManager: Shutting down and abandoning module Android_DXTTargetPlatform (27)
[2015.04.23-22.35.35:348][430]LogModuleManager: Shutting down and abandoning module Android_ATCTargetPlatform (26)
[2015.04.23-22.35.35:348][430]LogModuleManager: Shutting down and abandoning module AndroidTargetPlatform (25)
[2015.04.23-22.35.35:348][430]LogModuleManager: Shutting down and abandoning module WindowsTargetPlatform (24)
[2015.04.23-22.35.35:348][430]LogModuleManager: Shutting down and abandoning module WindowsServerTargetPlatform (23)
[2015.04.23-22.35.35:348][430]LogModuleManager: Shutting down and abandoning module WindowsNoEditorTargetPlatform (22)
[2015.04.23-22.35.35:348][430]LogModuleManager: Shutting down and abandoning module WindowsClientTargetPlatform (21)
[2015.04.23-22.35.35:348][430]LogModuleManager: Shutting down and abandoning module TargetPlatform (20)
[2015.04.23-22.35.35:348][430]LogModuleManager: Shutting down and abandoning module InputCore (19)
[2015.04.23-22.35.35:348][430]LogModuleManager: Shutting down and abandoning module Settings (18)
[2015.04.23-22.35.35:348][430]LogModuleManager: Shutting down and abandoning module OnlineSubsystem (16)
[2015.04.23-22.35.35:348][430]LogModuleManager: Shutting down and abandoning module OculusRift (15)
[2015.04.23-22.35.35:348][430]LogModuleManager: Shutting down and abandoning module ExampleDeviceProfileSelector (14)
[2015.04.23-22.35.35:348][430]LogModuleManager: Shutting down and abandoning module TextureCompressor (13)
[2015.04.23-22.35.35:348][430]LogModuleManager: Shutting down and abandoning module ShaderCore (12)
[2015.04.23-22.35.35:348][430]LogModuleManager: Shutting down and abandoning module Landscape (11)
[2015.04.23-22.35.35:348][430]LogModuleManager: Shutting down and abandoning module SlateRHIRenderer (10)
[2015.04.23-22.35.35:350][430]LogModuleManager: Shutting down and abandoning module OpenGLDrv (9)
[2015.04.23-22.35.35:350][430]LogModuleManager: Shutting down and abandoning module D3D11RHI (8)
[2015.04.23-22.35.35:350][430]LogModuleManager: Shutting down and abandoning module Renderer (7)
[2015.04.23-22.35.35:350][430]LogModuleManager: Shutting down and abandoning module Engine (6)
[2015.04.23-22.35.35:350][430]LogModuleManager: Shutting down and abandoning module CoreUObject (5)
[2015.04.23-22.35.35:350][430]LogModuleManager: Shutting down and abandoning module NetworkFile (4)
[2015.04.23-22.35.35:350][430]LogModuleManager: Shutting down and abandoning module StreamingFile (3)
[2015.04.23-22.35.35:350][430]LogModuleManager: Shutting down and abandoning module SandboxFile (2)
[2015.04.23-22.35.35:350][430]LogModuleManager: Shutting down and abandoning module PakFile (1)
[2015.04.23-22.35.35:350][430]LogExit: Exiting.
[2015.04.23-22.35.35:359][430]Log file closed, 04/23/15 15:35:35
