[2015.08.26-21.34.18:666][  0]Log file open, 08/26/15 14:34:18
[2015.08.26-21.34.18:666][  0]LogInit:Display: Running engine for game: GodKiller
[2015.08.26-21.34.18:666][  0]LogInit:Display: RandInit(-1471352328) SRandInit(-1471352328).
[2015.08.26-21.34.18:666][  0]LogTaskGraph: Started task graph with 4 named threads and 5 total threads.
[2015.08.26-21.34.18:667][  0]LogStats: Stats thread started
[2015.08.26-21.34.18:667][  0]LogInit: Version: 4.8.3-2634408+++depot+UE4-Releases+4.8
[2015.08.26-21.34.18:667][  0]LogInit: API Version: 2579680
[2015.08.26-21.34.18:667][  0]LogInit: Compiled (64-bit): Jul 27 2015 16:24:33
[2015.08.26-21.34.18:667][  0]LogInit: Compiled with Visual C++: 18.00.21005.01
[2015.08.26-21.34.18:667][  0]LogInit: Build Configuration: Development
[2015.08.26-21.34.18:667][  0]LogInit: Branch Name: ++depot+UE4-Releases+4.8
[2015.08.26-21.34.18:667][  0]LogInit: Command line:  
[2015.08.26-21.34.18:667][  0]LogInit: Base directory: C:/Program Files/Epic Games/4.8/Engine/Binaries/Win64/
[2015.08.26-21.34.18:667][  0]LogInit: Rocket: 1
[2015.08.26-21.34.18:733][  0]LogInit: Using libcurl 7.41.0
[2015.08.26-21.34.18:733][  0]LogInit:  - built for x86_64-pc-win32
[2015.08.26-21.34.18:733][  0]LogInit:  - supports SSL with WinSSL
[2015.08.26-21.34.18:733][  0]LogInit:  - other features:
[2015.08.26-21.34.18:733][  0]LogInit:      CURL_VERSION_SSL
[2015.08.26-21.34.18:733][  0]LogInit:      CURL_VERSION_IPV6
[2015.08.26-21.34.18:733][  0]LogInit:      CURL_VERSION_ASYNCHDNS
[2015.08.26-21.34.18:733][  0]LogInit:      CURL_VERSION_LARGEFILE
[2015.08.26-21.34.18:733][  0]LogInit:      CURL_VERSION_IDN
[2015.08.26-21.34.18:733][  0]LogInit:  CurlRequestOptions (configurable via config and command line):
[2015.08.26-21.34.18:734][  0]LogInit:  - bVerifyPeer = true  - Libcurl will verify peer certificate
[2015.08.26-21.34.18:734][  0]LogInit:  - bUseHttpProxy = false  - Libcurl will NOT use HTTP proxy
[2015.08.26-21.34.18:734][  0]LogInit:  - bDontReuseConnections = false  - Libcurl will reuse connections
[2015.08.26-21.34.18:734][  0]LogInit:  - CertBundlePath = nullptr  - Libcurl will use whatever was configured at build time.
[2015.08.26-21.34.18:786][  0]LogOnline:Warning: No default platform service specified for OnlineSubsystem
[2015.08.26-21.34.19:076][  0]LogInit: Presizing for 0 objects not considered by GC, pre-allocating 0 bytes.
[2015.08.26-21.34.19:139][  0]LogInit: Object subsystem initialized
[2015.08.26-21.34.19:158][  0]LogConsoleResponse:Warning: Skipping Unknown console variable: 'TranslucentSortAxis = (X=0.000000,Y=-1.000000,Z=0.000000)'
[2015.08.26-21.34.19:158][  0]LogConsoleResponse:Warning:   Found in ini file 'C:/Users/Samantha/Desktop/God-Killer/Saved/Config/Windows/Engine.ini', in section '[/Script/Engine.RendererSettings]'
[2015.08.26-21.34.19:158][  0]LogConsoleResponse:Warning: Skipping Unknown console variable: 'UIScaleRule = ShortestSide'
[2015.08.26-21.34.19:158][  0]LogConsoleResponse:Warning:   Found in ini file 'C:/Users/Samantha/Desktop/God-Killer/Saved/Config/Windows/Engine.ini', in section '[/Script/Engine.RendererSettings]'
[2015.08.26-21.34.19:158][  0]LogConsoleResponse:Warning: Skipping Unknown console variable: 'UIScaleCurve = (EditorCurveData=(Keys=),ExternalCurve=None)'
[2015.08.26-21.34.19:158][  0]LogConsoleResponse:Warning:   Found in ini file 'C:/Users/Samantha/Desktop/God-Killer/Saved/Config/Windows/Engine.ini', in section '[/Script/Engine.RendererSettings]'
[2015.08.26-21.34.19:183][  0]LogInit: Selected Device Profile: [Windows]
[2015.08.26-21.34.19:183][  0]LogInit: Applying CVar settings loaded from the selected device profile: [Windows]
[2015.08.26-21.34.19:316][  0]LogInit: Computer: SAMANTHAPC
[2015.08.26-21.34.19:316][  0]LogInit: User: Samantha
[2015.08.26-21.34.19:316][  0]LogInit: CPU Page size=4096, Cores=2
[2015.08.26-21.34.19:316][  0]LogInit: High frequency timer resolution =2.240907 MHz
[2015.08.26-21.34.19:323][  0]LogMemory: Memory total: Physical=5.9GB (6GB approx)
[2015.08.26-21.34.19:329][  0]LogMemory: Platform Memory Stats for Windows
[2015.08.26-21.34.19:329][  0]LogMemory: Process Physical Memory: 49.96 MB used, 49.96 MB peak
[2015.08.26-21.34.19:329][  0]LogMemory: Process Virtual Memory: 24.25 MB used, 24.25 MB peak
[2015.08.26-21.34.19:329][  0]LogMemory: Physical Memory: 3338.32 MB used, 6027.63 MB total
[2015.08.26-21.34.19:329][  0]LogMemory: Virtual Memory: 292.76 MB used, 134217728.00 MB total
[2015.08.26-21.34.20:320][  0]LogTextLocalizationManager: The requested culture ('en_US') has no localization data; parent culture's ('en') localization data will be used.
[2015.08.26-21.34.21:284][  0]LogTextLocalizationManager:Warning: Loaded localization resources contain conflicting entries for (Namespace:ContentBrowser, Key:ImportAssetToolTip):
Localization Resource: (C:/Program Files/Epic Games/4.8/Engine/Content/Localization/Editor/en/Editor.locres) Source String Hash: (-630476809) Localized String: (Import to {0}...)
Localization Resource: (C:/Program Files/Epic Games/4.8/Engine/Content/Localization/Editor/en/Editor.locres) Source String Hash: (1271782899) Localized String: (Imports an asset from file to this folder.)
[2015.08.26-21.34.23:332][  0]LogD3D11RHI: Found D3D11 adapter 0: Intel(R) HD Graphics Family (Feature Level 11_0)
[2015.08.26-21.34.23:332][  0]LogD3D11RHI: Adapter has 32MB of dedicated video memory, 0MB of dedicated system memory, and 1760MB of shared system memory, 1 output[s]
[2015.08.26-21.34.23:335][  0]LogD3D11RHI: Found D3D11 adapter 1: Microsoft Basic Render Driver (Feature Level 11_0)
[2015.08.26-21.34.23:335][  0]LogD3D11RHI: Adapter has 0MB of dedicated video memory, 0MB of dedicated system memory, and 256MB of shared system memory, 0 output[s]
[2015.08.26-21.34.23:335][  0]LogD3D11RHI: Chosen D3D11 Adapter Id = 0
[2015.08.26-21.34.23:368][  0]LogD3D11RHI: InitD3DDevice
[2015.08.26-21.34.23:368][  0]LogD3D11RHI: !Direct3DDevice
[2015.08.26-21.34.23:369][  0]LogRHI: Texture pool is 638 MB (70% of 912 MB)
[2015.08.26-21.34.23:386][  0]LogD3D11RHI: Async texture creation enabled
[2015.08.26-21.34.23:517][  0]LogShaderCompilers:Display: Using Local Shader Compiler.
[2015.08.26-21.34.29:989][  0]LogTemp:Display: Loaded TP DesktopTargetPlatform
[2015.08.26-21.34.30:071][  0]LogTemp:Display: Loaded TP WindowsClientTargetPlatform
[2015.08.26-21.34.30:145][  0]LogTemp:Display: Loaded TP WindowsNoEditorTargetPlatform
[2015.08.26-21.34.30:199][  0]LogTemp:Display: Loaded TP WindowsServerTargetPlatform
[2015.08.26-21.34.30:266][  0]LogTemp:Display: Loaded TP WindowsTargetPlatform
[2015.08.26-21.34.30:328][  0]LogTemp:Display: Loaded TP AndroidTargetPlatform
[2015.08.26-21.34.30:386][  0]LogTemp:Display: Loaded TP Android_ASTCTargetPlatform
[2015.08.26-21.34.30:458][  0]LogTemp:Display: Loaded TP Android_ATCTargetPlatform
[2015.08.26-21.34.30:504][  0]LogTemp:Display: Loaded TP Android_DXTTargetPlatform
[2015.08.26-21.34.30:547][  0]LogTemp:Display: Loaded TP Android_ETC1TargetPlatform
[2015.08.26-21.34.30:615][  0]LogTemp:Display: Loaded TP Android_ETC2TargetPlatform
[2015.08.26-21.34.30:673][  0]LogTemp:Display: Loaded TP Android_PVRTCTargetPlatform
[2015.08.26-21.34.30:880][  0]LogTemp:Display: Loaded TP IOSTargetPlatform
[2015.08.26-21.34.30:941][  0]LogTemp:Display: Loaded TP LinuxNoEditorTargetPlatform
[2015.08.26-21.34.30:996][  0]LogTemp:Display: Loaded TP LinuxServerTargetPlatform
[2015.08.26-21.34.31:058][  0]LogTemp:Display: Loaded TP LinuxTargetPlatform
[2015.08.26-21.34.31:058][  0]LogTargetPlatformManager:Display: Building Assets For Windows
[2015.08.26-21.34.32:313][  0]LogDerivedDataCache:Display: Max Cache Size: 512 MB
[2015.08.26-21.34.33:276][  0]LogDerivedDataCache: Loaded boot cache 0.96s 53MB C:/Users/Samantha/AppData/Local/UnrealEngine/4.8/DerivedDataCache/Boot.ddc.
[2015.08.26-21.34.33:276][  0]LogDerivedDataCache:Display: Loaded Boot cache: C:/Users/Samantha/AppData/Local/UnrealEngine/4.8/DerivedDataCache/Boot.ddc
[2015.08.26-21.34.33:276][  0]LogDerivedDataCache: FDerivedDataBackendGraph:  Pak pak cache file ../../../../../../Users/Samantha/Desktop/God-Killer/DerivedDataCache/DDC.ddp not found, will not use a pak cache.
[2015.08.26-21.34.33:276][  0]LogDerivedDataCache: Unable to find inner node Pak for hierarchical cache Hierarchy.
[2015.08.26-21.34.33:276][  0]LogDerivedDataCache: FDerivedDataBackendGraph:  CompressedPak pak cache file ../../../../../../Users/Samantha/Desktop/God-Killer/DerivedDataCache/Compressed.ddp not found, will not use a pak cache.
[2015.08.26-21.34.33:276][  0]LogDerivedDataCache: Unable to find inner node CompressedPak for hierarchical cache Hierarchy.
[2015.08.26-21.34.33:844][  0]LogDerivedDataCache:Display: Pak cache opened for reading ../../../Engine/DerivedDataCache/Compressed.ddp.
[2015.08.26-21.34.33:858][  0]LogDerivedDataCache: Using Local data cache path C:/Users/Samantha/AppData/Local/UnrealEngine/Common/DerivedDataCache: Writable
[2015.08.26-21.34.44:373][  0]LogInit: Selected Device Profile: [Windows]
[2015.08.26-21.34.44:968][  0]ImportText (ComponentSweepMultiTests): Missing closing parenthesis: (RootShapeAsset="/Engine/BasicShapes/Cube.Cube",ShapeType="TriggerCapsule",HitResult=(Time=0.50,Location=(X=-100.000015,Y=0.0,Z=100.000015),ImpactPoint=(X=-50.0,Y=0.0,Z=50.0),Normal=(X=-1.0,Y=-0.0,Z=0.0),ImpactNormal=(X=0.0,Y=0.0,Z=1.0),TraceStart=(X=-200.0,Y=0.0,Z=200.0),TraceEnd=(X=0.0,Y=0.0,Z=0.0))
[2015.08.26-21.34.44:969][  0]ImportText (LineTraceSingleByChannelTests): Missing closing parenthesis: (RootShapeAsset="/Engine/BasicShapes/Cube.Cube",HitResult=(Time=0.50,Location=(X=-100.000015,Y=0.0,Z=100.000015),ImpactPoint=(X=-50.0,Y=0.0,Z=50.0),Normal=(X=-1.0,Y=-0.0,Z=0.0),ImpactNormal=(X=0.0,Y=0.0,Z=1.0),TraceStart=(X=-200.0,Y=0.0,Z=200.0),TraceEnd=(X=0.0,Y=0.0,Z=0.0))
[2015.08.26-21.34.45:163][  0]LogMeshUtilities: No automatic mesh reduction module available
[2015.08.26-21.34.45:163][  0]LogMeshUtilities: No automatic mesh merging module available
[2015.08.26-21.34.47:783][  0]LogInit: WinSock: version 1.1 (2.2), MaxSocks=32767, MaxUdp=65467
[2015.08.26-21.34.51:297][  0]LogModuleManager:Warning: ModuleManager: Unable to load module 'C:/Program Files/Epic Games/4.8/Engine/Binaries/Win64/UE4Editor-XAudio2.dll' because the file couldn't be loaded by the OS.
[2015.08.26-21.35.16:752][  0]UdpMessaging: Initializing bridge on interface 0.0.0.0:0 to multicast group 230.0.0.1:6666.
[2015.08.26-21.35.19:211][  0]SourceControl: Info Source control is disabled
[2015.08.26-21.35.19:240][  0]SourceControl: Info Source control is disabled
[2015.08.26-21.35.19:314][  0]SourceControl: Info Source control is disabled
[2015.08.26-21.35.19:399][  0]SourceControl: Info Source control is disabled
[2015.08.26-21.35.20:914][  0]LogObj: 26273 objects as part of root set at end of initial load.
[2015.08.26-21.35.20:914][  0]LogUObjectAllocator: 5409256 out of 0 bytes used by permanent object pool.
[2015.08.26-21.35.21:591][  0]LogEngine: Initializing Engine...
[2015.08.26-21.35.21:648][  0]LogHMD: Can't find Oculus library dev build: is proper Runtime installed? Version: 0.6.0.0
[2015.08.26-21.35.21:708][  0]LogHMD:Warning: SteamVR failed to initialize.  Error: 110
[2015.08.26-21.35.22:467][  0]LogAIModule: Creating AISystem for world NewWorld
[2015.08.26-21.35.24:967][  0]LogModuleManager:Warning: ModuleManager: Unable to load module 'C:/Program Files/Epic Games/4.8/Engine/Binaries/Win64/UE4Editor-XAudio2.dll' because the file couldn't be loaded by the OS.
[2015.08.26-21.35.25:040][  0]LogDerivedDataCache: Saved boot cache 0.07s 53MB C:/Users/Samantha/AppData/Local/UnrealEngine/4.8/DerivedDataCache/Boot.ddc.
[2015.08.26-21.35.25:057][  0]LogInit: Texture streaming: Disabled
[2015.08.26-21.35.25:176][  0]LogAnalytics: Creating configured Analytics provider AnalyticsET
[2015.08.26-21.35.25:176][  0]LogAnalytics: [UEEditor.Rocket.Release] APIServer = http://et2.epicgames.com/ET2/. AppVersion = 4.8.3-2634408+++depot+UE4-Releases+4.8
[2015.08.26-21.35.25:177][  0]LogAnalytics: [UEEditor.Rocket.Release] SetUserId 46872bea408cfcc0100ac385d2b5ce07|e22a3db169b04f708165eaff958a9646|097015b1-a59a-4201-b460-717027cc9fe8
[2015.08.26-21.35.25:177][  0]LogAnalytics: [UEEditor.Rocket.Release] AnalyticsET::StartSession
[2015.08.26-21.35.25:485][  0]LogInit: Transaction tracking system initialized
[2015.08.26-21.35.26:321][  0]BlueprintLog: New page: Editor Load
[2015.08.26-21.35.26:473][  0]LogAssetRegistry: FAssetRegistry took 0.0118 seconds to start up
[2015.08.26-21.35.26:474][  0]LogDirectoryWatcher:Warning: Failed to begin reading directory changes for ../../../Engine/Plugins/Experimental/CharacterAI/Content/. Error: 0
[2015.08.26-21.35.31:265][  0]LogConsoleManager:Warning: Console variable 'r.VSync' wasn't set ('GameSetting' has a lower priority than 'SystemSettingsIni')
[2015.08.26-21.35.31:265][  0]LogConsoleResponse:Display: 
[2015.08.26-21.35.32:129][  0]LogCook:Display: Done creating registry. It took  0.00s.
[2015.08.26-21.35.33:958][  0]SourceControl: Info Source control is disabled
[2015.08.26-21.35.33:985][  0]Cmd: MAP LOAD FILE="../../../../../../Users/Samantha/Desktop/God-Killer/Content/Scene/NewCave.umap" TEMPLATE=0 SHOWPROGRESS=1 FEATURELEVEL=3
[2015.08.26-21.35.34:034][  0]LightingResults: New page: Lighting Build
[2015.08.26-21.35.34:254][  0]MapCheck: New page: Map Check
[2015.08.26-21.35.34:254][  0]LightingResults: New page: Lighting Build
[2015.08.26-21.35.34:324][  0]LogParticles: Destroying 0 GPU particle simulations for FXSystem 0x000000C3B6FAD300
[2015.08.26-21.35.38:058][  0]LogBlueprint:Warning: [compiler GnawmersHealth] Warning 'gnawmers' is already a 'Enemy 1', you don't need  Cast To Enemy1 .
[2015.08.26-21.35.38:084][  0]LogBlueprint:Warning: [compiler GnawmersHealth] Warning [0085.09] Compile of GnawmersHealth successful, but with 1 Warning(s) [in 56 ms]
[2015.08.26-21.35.38:085][  0]LogBlueprint:Warning: [compiler GnawmersHealth] Warning [0085.09] Compile of GnawmersHealth successful, but with 2 Warning(s) [in 0 ms]
[2015.08.26-21.35.38:085][  0]LogBlueprint:Warning: [compiler GnawmersHealth] Warning [0085.09] Compile of GnawmersHealth successful, but with 3 Warning(s) [in 0 ms]
[2015.08.26-21.35.39:580][  0]LogBlueprint:Warning: [compiler Gui] Warning 'gnawmers' is already a 'Enemy 1', you don't need  Cast To Enemy1 .
[2015.08.26-21.35.39:599][  0]LogBlueprint:Warning: [compiler Gui] Warning [0086.60] Compile of Gui successful, but with 1 Warning(s) [in 78 ms]
[2015.08.26-21.35.39:600][  0]LogBlueprint:Warning: [compiler Gui] Warning [0086.60] Compile of Gui successful, but with 2 Warning(s) [in 1 ms]
[2015.08.26-21.35.39:600][  0]LogBlueprint:Warning: [compiler Gui] Warning [0086.60] Compile of Gui successful, but with 3 Warning(s) [in 0 ms]
[2015.08.26-21.35.43:651][  0]LogBlueprint:Warning: [compiler Gui] Warning 'gnawmers' is already a 'Enemy 1', you don't need  Cast To Enemy1 .
[2015.08.26-21.35.43:680][  0]LogBlueprint:Warning: [compiler Gui] Warning [0090.68] Compile of Gui successful, but with 1 Warning(s) [in 119 ms]
[2015.08.26-21.35.43:686][  0]LogBlueprint:Warning: [compiler Gui] Warning [0090.69] Compile of Gui successful, but with 2 Warning(s) [in 5 ms]
[2015.08.26-21.35.43:999][  0]LogBlueprint:Warning: [compiler GnawmersHealth] Warning 'gnawmers' is already a 'Enemy 1', you don't need  Cast To Enemy1 .
[2015.08.26-21.35.44:001][  0]LogBlueprint:Warning: [compiler GnawmersHealth] Warning [0091.00] Compile of GnawmersHealth successful, but with 1 Warning(s) [in 40 ms]
[2015.08.26-21.35.44:003][  0]LogBlueprint:Warning: [compiler GnawmersHealth] Warning [0091.00] Compile of GnawmersHealth successful, but with 2 Warning(s) [in 1 ms]
[2015.08.26-21.36.36:177][  0]LogAIModule: Creating AISystem for world NewCave
[2015.08.26-21.36.41:608][  0]LogEditorServer: Finished looking for orphan Actors (0.015 secs)
[2015.08.26-21.36.41:654][  0]Cmd: MAP CHECKDEP NOCLEARLOG
[2015.08.26-21.36.41:933][  0]MapCheck: Info Map check complete: 0 Error(s), 0 Warning(s), took 278.12ms to complete.
[2015.08.26-21.36.41:933][  0]LogFileHelpers: Loading map 'NewCave' took 67.949
[2015.08.26-21.36.42:280][  0]LogCollectionManager: Loaded 0 collections in 0.007401 seconds
[2015.08.26-21.36.42:308][  0]LogContentBrowser: Native class hierarchy populated in 0.0274 seconds. Added 1792 classes and 301 folders.
[2015.08.26-21.36.42:614][  0]LogContentBrowser: Native class hierarchy updated for 'WidgetCarousel' in 0.0011 seconds. Added 0 classes and 0 folders.
[2015.08.26-21.36.43:367][  0]LogContentBrowser: Native class hierarchy updated for 'AddContentDialog' in 0.0011 seconds. Added 0 classes and 0 folders.
[2015.08.26-21.36.43:746][  0]LogContentBrowser: Native class hierarchy updated for 'SceneOutliner' in 0.0013 seconds. Added 1 classes and 2 folders.
[2015.08.26-21.36.44:109][  0]LogCrashTracker: Crashtracker disabled due to settings.
[2015.08.26-21.36.44:143][  0]LogD3D11RHI: InitD3DDevice
[2015.08.26-21.36.44:161][  0]LogUObjectGlobals:Warning: Failed to find object 'Class None.'
[2015.08.26-21.36.44:218][  0]LogLoad: Full Startup: 151.22 seconds (BP compile: 7.31 seconds)
[2015.08.26-21.36.44:845][  0]LogContentStreaming: Texture pool size is 0.000000MB
[2015.08.26-21.36.45:633][  0]LogContentStreaming: Texture pool size now 1000 MB
[2015.08.26-21.36.46:184][  0]LogRenderer: Reallocating scene render targets to support 832x712 (Frame:2).
[2015.08.26-21.36.48:290][  1]Cmd: UpdateLandscapeEditorData -warnings
[2015.08.26-21.36.48:331][  1]Cmd: UpdateLandscapeEditorData
[2015.08.26-21.37.00:080][ 59]LogAssetRegistry: Asset discovery search completed in 93.6187 seconds
[2015.08.26-21.39.53:658][967]LogD3D11RHI: InitD3DDevice
[2015.08.26-21.40.29:795][158]LogD3D11RHI: InitD3DDevice
[2015.08.26-21.40.32:190][274]LogD3D11RHI: InitD3DDevice
[2015.08.26-21.40.32:505][274]LogD3D11RHI: InitD3DDevice
[2015.08.26-21.43.34:372][776]LogD3D11RHI: InitD3DDevice
[2015.08.26-21.43.35:624][816]LogD3D11RHI: InitD3DDevice
[2015.08.26-21.43.37:011][874]LogD3D11RHI: InitD3DDevice
[2015.08.26-21.44.06:294][987]LogD3D11RHI: InitD3DDevice
[2015.08.26-21.44.06:637][987]LogLinker:Warning: Asset '../../../Engine/Content/ArtTools/RenderToTexture/Macros/RenderToTextureMacros.uasset' has been saved with empty engine version. The asset will be loaded but may be incompatible.
[2015.08.26-21.44.07:156][987]LogLinker:Warning: Asset '../../../Engine/Content/ArtTools/RenderToTexture/Enums/RenderToTexture_Enum.uasset' has been saved with empty engine version. The asset will be loaded but may be incompatible.
[2015.08.26-21.44.14:950][ 42]LogD3D11RHI: InitD3DDevice
[2015.08.26-21.44.15:003][ 42]LogD3D11RHI: InitD3DDevice
[2015.08.26-21.44.20:102][ 64]LogD3D11RHI: InitD3DDevice
[2015.08.26-21.44.41:711][884]LogD3D11RHI: InitD3DDevice
[2015.08.26-21.47.04:803][135]LogD3D11RHI: InitD3DDevice
[2015.08.26-21.47.23:877][954]LogD3D11RHI: InitD3DDevice
[2015.08.26-21.47.24:962][  7]LogD3D11RHI: InitD3DDevice
[2015.08.26-21.48.08:602][994]LogD3D11RHI: InitD3DDevice
[2015.08.26-21.48.31:199][ 10]LogD3D11RHI: InitD3DDevice
[2015.08.26-21.48.55:312][ 72]LogD3D11RHI: InitD3DDevice
[2015.08.26-21.49.08:393][384]LogActorComponent: UnregisterComponent: (/Engine/Transient.CharMoveComp) Not registered. Aborting.
[2015.08.26-21.49.16:530][608]LogActorComponent: UnregisterComponent: (/Engine/Transient.CharacterMovementComponent_0) Not registered. Aborting.
[2015.08.26-21.49.37:371][417]BlueprintLog: New page: Compile HercBp
[2015.08.26-21.49.38:117][417]LogActorComponent: UnregisterComponent: (/Engine/Transient.CharacterMovementComponent_1) Not registered. Aborting.
[2015.08.26-21.49.40:039][417]BlueprintEditorCompileResults: Info [0927.04] Compile of HercBp successful! [in 2,667 ms]
[2015.08.26-21.49.41:584][467]LogD3D11RHI: InitD3DDevice
[2015.08.26-21.49.41:770][467]Cmd: OBJ SAVEPACKAGE PACKAGE="/Game/Herc/HercAi/HercBp" FILE="../../../../../../Users/Samantha/Desktop/God-Killer/Content/Herc/HercAi/HercBp.uasset" SILENT=true
[2015.08.26-21.49.42:181][467]LogSavePackage: Save=227.196396ms
[2015.08.26-21.49.42:181][467]LogSavePackage: Moving '../../../../../../Users/Samantha/Desktop/God-Killer/Saved/HercBp81DB86CD4793209982E507A730E1F563.tmp' to '../../../../../../Users/Samantha/Desktop/God-Killer/Content/Herc/HercAi/HercBp.uasset'
[2015.08.26-21.50.19:740][ 68]LogD3D11RHI: InitD3DDevice
[2015.08.26-21.50.19:783][ 68]Cmd: OBJ SAVEPACKAGE PACKAGE="/Game/Herc/HercAi/HercBp" FILE="../../../../../../Users/Samantha/Desktop/God-Killer/Content/Herc/HercAi/HercBp.uasset" SILENT=true
[2015.08.26-21.50.19:985][ 68]LogSavePackage: Save=172.200806ms
[2015.08.26-21.50.19:985][ 68]LogSavePackage: Moving '../../../../../../Users/Samantha/Desktop/God-Killer/Saved/HercBpEC6FBA554BC05D98139FC88116BC2716.tmp' to '../../../../../../Users/Samantha/Desktop/God-Killer/Content/Herc/HercAi/HercBp.uasset'
[2015.08.26-21.51.17:317][ 57]LogD3D11RHI: InitD3DDevice
[2015.08.26-21.51.17:363][ 57]Cmd: OBJ SAVEPACKAGE PACKAGE="/Game/Herc/HercAi/HercBp" FILE="../../../../../../Users/Samantha/Desktop/God-Killer/Content/Herc/HercAi/HercBp.uasset" SILENT=true
[2015.08.26-21.51.17:598][ 57]LogSavePackage: Save=197.903351ms
[2015.08.26-21.51.17:598][ 57]LogSavePackage: Moving '../../../../../../Users/Samantha/Desktop/God-Killer/Saved/HercBpF1845B1D4B77EA90AAC76C8E7A93E106.tmp' to '../../../../../../Users/Samantha/Desktop/God-Killer/Content/Herc/HercAi/HercBp.uasset'
[2015.08.26-21.51.30:366][569]LogD3D11RHI: InitD3DDevice
[2015.08.26-21.51.31:071][604]LogD3D11RHI: InitD3DDevice
[2015.08.26-21.51.46:983][423]LogD3D11RHI: InitD3DDevice
[2015.08.26-21.51.59:558][951]LogD3D11RHI: InitD3DDevice
[2015.08.26-21.52.00:592][999]LogD3D11RHI: InitD3DDevice
[2015.08.26-21.52.09:646][360]LogD3D11RHI: InitD3DDevice
[2015.08.26-21.52.43:374][919]LogD3D11RHI: InitD3DDevice
[2015.08.26-21.52.44:264][955]LogD3D11RHI: InitD3DDevice
[2015.08.26-21.52.52:350][255]LogD3D11RHI: InitD3DDevice
[2015.08.26-21.53.10:414][980]LogD3D11RHI: InitD3DDevice
[2015.08.26-21.53.11:226][ 12]LogD3D11RHI: InitD3DDevice
[2015.08.26-21.53.41:986][432]BlueprintLog: New page: Compile AttackPlayer
[2015.08.26-21.53.42:219][432]LogActorComponent: UnregisterComponent: (/Engine/Transient.CharMoveComp) Not registered. Aborting.
[2015.08.26-21.53.42:352][432]LogParticles: Destroying 0 GPU particle simulations for FXSystem 0x000000C3E0AD2480
[2015.08.26-21.53.42:442][432]BlueprintEditorCompileResults: Info [1169.44] Compile of AttackPlayer successful! [in 455 ms]
[2015.08.26-21.53.44:452][520]LogD3D11RHI: InitD3DDevice
[2015.08.26-21.53.44:491][520]Cmd: OBJ SAVEPACKAGE PACKAGE="/Game/Herc/HercAi/AttackPlayer" FILE="../../../../../../Users/Samantha/Desktop/God-Killer/Content/Herc/HercAi/AttackPlayer.uasset" SILENT=true
[2015.08.26-21.53.44:565][520]LogSavePackage: Save=67.614586ms
[2015.08.26-21.53.44:565][520]LogSavePackage: Moving '../../../../../../Users/Samantha/Desktop/God-Killer/Saved/AttackPlayer6AB5427B4BF186333E69F48C8E30D2F8.tmp' to '../../../../../../Users/Samantha/Desktop/God-Killer/Content/Herc/HercAi/AttackPlayer.uasset'
[2015.08.26-21.53.58:953][926]LogD3D11RHI: InitD3DDevice
[2015.08.26-21.54.03:081][144]LogD3D11RHI: InitD3DDevice
[2015.08.26-21.54.03:096][144]LogSlate:Warning: Prevented a slow task dialog from being summoned while a context menu was open
[2015.08.26-21.54.19:071][ 17]LogD3D11RHI: InitD3DDevice
[2015.08.26-21.54.19:125][ 17]Cmd: OBJ SAVEPACKAGE PACKAGE="/Game/Herc/HercAi/HercBlackboard" FILE="../../../../../../Users/Samantha/Desktop/God-Killer/Content/Herc/HercAi/HercBlackboard.uasset" SILENT=true
[2015.08.26-21.54.19:188][ 17]LogSavePackage: Save=29.485382ms
[2015.08.26-21.54.19:188][ 17]LogSavePackage: Moving '../../../../../../Users/Samantha/Desktop/God-Killer/Saved/HercBlackboardDA334E994B929DC0A0D4F38BE87A0899.tmp' to '../../../../../../Users/Samantha/Desktop/God-Killer/Content/Herc/HercAi/HercBlackboard.uasset'
[2015.08.26-21.54.22:691][103]LogD3D11RHI: InitD3DDevice
[2015.08.26-21.54.50:170][699]LogD3D11RHI: InitD3DDevice
[2015.08.26-21.54.51:068][750]LogD3D11RHI: InitD3DDevice
[2015.08.26-21.55.26:775][795]LogD3D11RHI: InitD3DDevice
[2015.08.26-21.55.30:178][988]LogD3D11RHI: InitD3DDevice
[2015.08.26-21.55.35:877][283]LogD3D11RHI: InitD3DDevice
[2015.08.26-21.55.36:614][326]LogD3D11RHI: InitD3DDevice
[2015.08.26-21.56.11:870][288]LogD3D11RHI: InitD3DDevice
[2015.08.26-21.56.37:376][736]LogD3D11RHI: InitD3DDevice
[2015.08.26-21.56.37:948][770]LogD3D11RHI: InitD3DDevice
[2015.08.26-21.56.56:699][864]LogD3D11RHI: InitD3DDevice
[2015.08.26-21.57.05:693][380]LogD3D11RHI: InitD3DDevice
[2015.08.26-21.57.06:667][380]LogActorComponent: UnregisterComponent: (/Engine/Transient.CharMoveComp) Not registered. Aborting.
[2015.08.26-21.57.06:805][380]LogParticles: Destroying 0 GPU particle simulations for FXSystem 0x000000C3CC9CEE80
[2015.08.26-21.57.06:845][380]LogFileHelpers: Editor autosave (incl. sublevels) for '/Game/Scene/NewCave' took 0.178
[2015.08.26-21.57.06:860][380]OBJ SavePackage: Generating thumbnails for [0] asset(s) in package [/Game/Herc/HercAi/HercBehavior] ([1] browsable assets)...
[2015.08.26-21.57.06:860][380]OBJ SavePackage: Finished generating thumbnails for package [/Game/Herc/HercAi/HercBehavior]
[2015.08.26-21.57.06:921][380]LogSavePackage: Save=21.784037ms
[2015.08.26-21.57.06:921][380]LogSavePackage: Moving '../../../../../../Users/Samantha/Desktop/God-Killer/Saved/HercBehavior_Auto137B56563480924D303D607854BDEECA0.tmp' to '../../../../../../Users/Samantha/Desktop/God-Killer/Saved/Autosaves/Game/Herc/HercAi/HercBehavior_Auto1.uasset'
[2015.08.26-21.57.06:924][380]LogFileHelpers: Auto-saving content packages took 0.077
[2015.08.26-21.58.49:342][471]LogD3D11RHI: InitD3DDevice
[2015.08.26-22.00.33:519][407]LogD3D11RHI: InitD3DDevice
[2015.08.26-22.00.34:292][452]LogD3D11RHI: InitD3DDevice
[2015.08.26-22.00.36:755][584]LogD3D11RHI: InitD3DDevice
[2015.08.26-22.00.40:975][813]LogD3D11RHI: InitD3DDevice
[2015.08.26-22.00.49:095][227]LogD3D11RHI: InitD3DDevice
[2015.08.26-22.00.49:837][271]LogD3D11RHI: InitD3DDevice
[2015.08.26-22.00.59:364][812]LogD3D11RHI: InitD3DDevice
[2015.08.26-22.01.00:126][857]LogD3D11RHI: InitD3DDevice
[2015.08.26-22.01.14:155][624]LogD3D11RHI: InitD3DDevice
[2015.08.26-22.01.14:208][624]Cmd: OBJ SAVEPACKAGE PACKAGE="/Game/Herc/HercAi/AttackPlayer" FILE="../../../../../../Users/Samantha/Desktop/God-Killer/Content/Herc/HercAi/AttackPlayer.uasset" SILENT=true
[2015.08.26-22.01.14:329][624]LogSavePackage: Save=55.928246ms
[2015.08.26-22.01.14:329][624]LogSavePackage: Moving '../../../../../../Users/Samantha/Desktop/God-Killer/Saved/AttackPlayer9EFBEF4F470B2D26C6A86CB8D4693A98.tmp' to '../../../../../../Users/Samantha/Desktop/God-Killer/Content/Herc/HercAi/AttackPlayer.uasset'
[2015.08.26-22.01.29:226][278]BlueprintLog: New page: Compile AttackPlayer
[2015.08.26-22.01.29:696][278]BlueprintEditorCompileResults: Info [1636.70] Compile of AttackPlayer successful! [in 468 ms]
[2015.08.26-22.01.30:440][312]LogD3D11RHI: InitD3DDevice
[2015.08.26-22.01.30:478][312]Cmd: OBJ SAVEPACKAGE PACKAGE="/Game/Herc/HercAi/AttackPlayer" FILE="../../../../../../Users/Samantha/Desktop/God-Killer/Content/Herc/HercAi/AttackPlayer.uasset" SILENT=true
[2015.08.26-22.01.30:564][312]LogSavePackage: Save=54.093277ms
[2015.08.26-22.01.30:564][312]LogSavePackage: Moving '../../../../../../Users/Samantha/Desktop/God-Killer/Saved/AttackPlayer055C150144F9ED27B1B8D682D151ACDE.tmp' to '../../../../../../Users/Samantha/Desktop/God-Killer/Content/Herc/HercAi/AttackPlayer.uasset'
[2015.08.26-22.01.34:746][515]LogD3D11RHI: InitD3DDevice
[2015.08.26-22.01.37:566][671]LogD3D11RHI: InitD3DDevice
[2015.08.26-22.01.38:348][715]LogD3D11RHI: InitD3DDevice
[2015.08.26-22.01.51:501][458]LogD3D11RHI: InitD3DDevice
[2015.08.26-22.01.53:791][593]LogD3D11RHI: InitD3DDevice
[2015.08.26-22.02.02:990][ 70]LogD3D11RHI: InitD3DDevice
[2015.08.26-22.02.07:721][320]LogD3D11RHI: InitD3DDevice
[2015.08.26-22.02.14:004][656]LogD3D11RHI: InitD3DDevice
[2015.08.26-22.02.21:952][ 87]LogD3D11RHI: InitD3DDevice
[2015.08.26-22.02.22:797][137]LogD3D11RHI: InitD3DDevice
[2015.08.26-22.02.42:324][262]LogD3D11RHI: InitD3DDevice
[2015.08.26-22.02.43:708][343]LogD3D11RHI: InitD3DDevice
[2015.08.26-22.02.51:898][775]LogD3D11RHI: InitD3DDevice
[2015.08.26-22.02.54:480][908]LogD3D11RHI: InitD3DDevice
[2015.08.26-22.03.11:303][671]LogD3D11RHI: InitD3DDevice
[2015.08.26-22.03.27:942][465]LogD3D11RHI: InitD3DDevice
[2015.08.26-22.03.28:994][511]LogD3D11RHI: InitD3DDevice
[2015.08.26-22.03.31:793][660]LogD3D11RHI: InitD3DDevice
[2015.08.26-22.03.32:972][716]LogD3D11RHI: InitD3DDevice
[2015.08.26-22.05.01:981][ 83]LogActorComponent: UnregisterComponent: (/Engine/Transient.CharMoveComp) Not registered. Aborting.
[2015.08.26-22.05.02:121][ 83]LogParticles: Destroying 0 GPU particle simulations for FXSystem 0x000000C3D37602C0
[2015.08.26-22.05.02:224][ 83]LogD3D11RHI: InitD3DDevice
[2015.08.26-22.05.04:409][ 83]LogD3D11RHI: InitD3DDevice
[2015.08.26-22.05.04:451][ 83]Cmd: OBJ SAVEPACKAGE PACKAGE="/Game/Herc/HercAi/HercBehavior" FILE="../../../../../../Users/Samantha/Desktop/God-Killer/Content/Herc/HercAi/HercBehavior.uasset" SILENT=true
[2015.08.26-22.05.04:530][ 83]LogSavePackage: Save=28.880270ms
[2015.08.26-22.05.04:530][ 83]LogSavePackage: Moving '../../../../../../Users/Samantha/Desktop/God-Killer/Saved/HercBehavior2C340F3D49595FA5D9751EAE9A15B23C.tmp' to '../../../../../../Users/Samantha/Desktop/God-Killer/Content/Herc/HercAi/HercBehavior.uasset'
[2015.08.26-22.05.07:497][ 99]LogD3D11RHI: InitD3DDevice
[2015.08.26-22.05.07:566][ 99]Cmd: OBJ SAVEPACKAGE PACKAGE="/Game/Scene/NewCave" FILE="../../../../../../Users/Samantha/Desktop/God-Killer/Content/Scene/NewCave.umap" SILENT=true AUTOSAVING=false KEEPDIRTY=false
[2015.08.26-22.05.07:574][ 99]LogActorComponent: UnregisterComponent: (/Engine/Transient.CharMoveComp) Not registered. Aborting.
[2015.08.26-22.05.09:471][ 99]LogSavePackage: Save=1638.236694ms
[2015.08.26-22.05.09:471][ 99]LogSavePackage: Moving '../../../../../../Users/Samantha/Desktop/God-Killer/Saved/NewCaveBDC956D74AC39FB07865A1A8C9335BD1.tmp' to '../../../../../../Users/Samantha/Desktop/God-Killer/Content/Scene/NewCave.umap'
[2015.08.26-22.05.51:203][323]LogParticles: Destroying 0 GPU particle simulations for FXSystem 0x000000C3DF67B240
[2015.08.26-22.05.51:940][324]Cmd: QUIT_EDITOR
[2015.08.26-22.05.52:201][324]LogWindowsTextInputMethodSystem:Display: IME system now deactivated.
[2015.08.26-22.05.52:202][324]LogWindowsTextInputMethodSystem:Display: IME system now deactivated.
[2015.08.26-22.05.52:536][324]LogExit: Preparing to exit.
[2015.08.26-22.05.53:316][324]LogExit: Editor shut down
[2015.08.26-22.05.53:317][324]LogExit: Transaction tracking system shut down
[2015.08.26-22.05.53:330][324]LogParticles: Destroying 0 GPU particle simulations for FXSystem 0x000000C3CAD8A3E0
[2015.08.26-22.05.53:332][324]LogParticles: Destroying 0 GPU particle simulations for FXSystem 0x000000C3B0E97240
[2015.08.26-22.05.53:332][324]LogParticles: Destroying 0 GPU particle simulations for FXSystem 0x000000C3D4ED8400
[2015.08.26-22.05.53:332][324]LogParticles: Destroying 0 GPU particle simulations for FXSystem 0x000000C3D72CEFC0
[2015.08.26-22.05.53:332][324]LogParticles: Destroying 0 GPU particle simulations for FXSystem 0x000000C3D704FEC0
[2015.08.26-22.05.53:552][324]LogExit: Object subsystem successfully closed.
[2015.08.26-22.05.53:568][324]LogD3D11RHI: Shutdown
[2015.08.26-22.05.53:568][324]LogD3D11RHI: CleanupD3DDevice
[2015.08.26-22.05.53:784][324]LogD3D11RHI: ~FD3D11DynamicRHI
[2015.08.26-22.05.53:806][324]LogModuleManager: Shutting down and abandoning module CrashTracker (188)
[2015.08.26-22.05.53:806][324]LogModuleManager: Shutting down and abandoning module SceneOutliner (187)
[2015.08.26-22.05.53:826][324]LogModuleManager: Shutting down and abandoning module SuperSearch (186)
[2015.08.26-22.05.53:826][324]LogModuleManager: Shutting down and abandoning module WidgetCarousel (185)
[2015.08.26-22.05.53:844][324]LogModuleManager: Shutting down and abandoning module AddContentDialog (184)
[2015.08.26-22.05.53:863][324]LogModuleManager: Shutting down and abandoning module EditorWidgets (183)
[2015.08.26-22.05.53:863][324]LogModuleManager: Shutting down and abandoning module CollectionManager (182)
[2015.08.26-22.05.53:887][324]LogModuleManager: Shutting down and abandoning module StatsViewer (181)
[2015.08.26-22.05.53:887][324]LogModuleManager: Shutting down and abandoning module FoliageEdit (180)
[2015.08.26-22.05.53:887][324]LogModuleManager: Shutting down and abandoning module LandscapeEditor (179)
[2015.08.26-22.05.53:887][324]LogModuleManager: Shutting down and abandoning module ActorPickerMode (178)
[2015.08.26-22.05.53:887][324]LogModuleManager: Shutting down and abandoning module GeometryMode (177)
[2015.08.26-22.05.53:887][324]LogModuleManager: Shutting down and abandoning module TextureAlignMode (176)
[2015.08.26-22.05.53:887][324]LogModuleManager: Shutting down and abandoning module BspMode (175)
[2015.08.26-22.05.53:887][324]LogModuleManager: Shutting down and abandoning module PlacementMode (174)
[2015.08.26-22.05.53:887][324]LogModuleManager: Shutting down and abandoning module AutomationWorker (173)
[2015.08.26-22.05.53:887][324]LogModuleManager: Shutting down and abandoning module CharacterAI (172)
[2015.08.26-22.05.53:887][324]LogModuleManager: Shutting down and abandoning module SmartSnapping (171)
[2015.08.26-22.05.53:887][324]LogModuleManager: Shutting down and abandoning module ViewportSnapping (170)
[2015.08.26-22.05.53:887][324]LogModuleManager: Shutting down and abandoning module LogVisualizer (169)
[2015.08.26-22.05.53:888][324]LogModuleManager: Shutting down and abandoning module GameProjectGeneration (168)
[2015.08.26-22.05.53:888][324]LogModuleManager: Shutting down and abandoning module IntroTutorials (167)
[2015.08.26-22.05.53:888][324]LogModuleManager: Shutting down and abandoning module EditorLiveStreaming (166)
[2015.08.26-22.05.53:888][324]LogModuleManager: Shutting down and abandoning module IOSPlatformEditor (165)
[2015.08.26-22.05.53:888][324]LogModuleManager: Shutting down and abandoning module HTML5PlatformEditor (164)
[2015.08.26-22.05.53:888][324]LogModuleManager: Shutting down and abandoning module AndroidDeviceDetection (163)
[2015.08.26-22.05.54:651][324]LogModuleManager: Shutting down and abandoning module AndroidPlatformEditor (162)
[2015.08.26-22.05.54:651][324]LogModuleManager: Shutting down and abandoning module IOSRuntimeSettings (161)
[2015.08.26-22.05.54:651][324]LogModuleManager: Shutting down and abandoning module AndroidRuntimeSettings (160)
[2015.08.26-22.05.54:651][324]LogModuleManager: Shutting down and abandoning module MergeActors (159)
[2015.08.26-22.05.54:651][324]LogModuleManager: Shutting down and abandoning module SizeMap (158)
[2015.08.26-22.05.54:651][324]LogModuleManager: Shutting down and abandoning module TreeMap (157)
[2015.08.26-22.05.54:651][324]LogModuleManager: Shutting down and abandoning module ReferenceViewer (156)
[2015.08.26-22.05.54:651][324]LogModuleManager: Shutting down and abandoning module LocalizationDashboard (155)
[2015.08.26-22.05.54:651][324]LogModuleManager: Shutting down and abandoning module HardwareTargeting (154)
[2015.08.26-22.05.54:651][324]LogModuleManager: Shutting down and abandoning module DeviceProfileEditor (153)
[2015.08.26-22.05.54:651][324]LogModuleManager: Shutting down and abandoning module UndoHistory (152)
[2015.08.26-22.05.54:651][324]LogModuleManager: Shutting down and abandoning module GameplayTagsEditor (151)
[2015.08.26-22.05.54:651][324]LogModuleManager: Shutting down and abandoning module UserFeedback (150)
[2015.08.26-22.05.54:651][324]LogModuleManager: Shutting down and abandoning module XmlParser (149)
[2015.08.26-22.05.54:651][324]LogModuleManager: Shutting down and abandoning module Blutility (148)
[2015.08.26-22.05.54:651][324]LogModuleManager: Shutting down and abandoning module ProjectTargetPlatformEditor (147)
[2015.08.26-22.05.54:651][324]LogModuleManager: Shutting down and abandoning module ProjectSettingsViewer (146)
[2015.08.26-22.05.54:651][324]LogModuleManager: Shutting down and abandoning module InputBindingEditor (145)
[2015.08.26-22.05.54:651][324]LogModuleManager: Shutting down and abandoning module EditorSettingsViewer (144)
[2015.08.26-22.05.54:651][324]LogModuleManager: Shutting down and abandoning module SettingsEditor (143)
[2015.08.26-22.05.54:651][324]LogModuleManager: Shutting down and abandoning module ProjectLauncher (142)
[2015.08.26-22.05.54:651][324]LogModuleManager: Shutting down and abandoning module SessionFrontend (141)
[2015.08.26-22.05.54:651][324]LogModuleManager: Shutting down and abandoning module ProfilerClient (140)
[2015.08.26-22.05.54:651][324]LogModuleManager: Shutting down and abandoning module TargetDeviceServices (139)
[2015.08.26-22.05.54:652][324]LogModuleManager: Shutting down and abandoning module DeviceManager (138)
[2015.08.26-22.05.54:652][324]LogModuleManager: Shutting down and abandoning module AutomationController (137)
[2015.08.26-22.05.54:652][324]LogModuleManager: Shutting down and abandoning module AutomationWindow (136)
[2015.08.26-22.05.54:652][324]LogModuleManager: Shutting down and abandoning module Layers (135)
[2015.08.26-22.05.54:652][324]LogModuleManager: Shutting down and abandoning module ComponentVisualizers (134)
[2015.08.26-22.05.54:652][324]LogModuleManager: Shutting down and abandoning module DetailCustomizations (133)
[2015.08.26-22.05.54:652][324]LogModuleManager: Shutting down and abandoning module PackagesDialog (132)
[2015.08.26-22.05.54:652][324]LogModuleManager: Shutting down and abandoning module AssetRegistry (131)
[2015.08.26-22.05.54:754][324]LogModuleManager: Shutting down and abandoning module Persona (130)
[2015.08.26-22.05.54:754][324]LogModuleManager: Shutting down and abandoning module Kismet (129)
[2015.08.26-22.05.54:754][324]LogModuleManager: Shutting down and abandoning module GraphEditor (128)
[2015.08.26-22.05.54:754][324]LogModuleManager: Shutting down and abandoning module ClassViewer (127)
[2015.08.26-22.05.54:755][324]LogModuleManager: Shutting down and abandoning module Toolbox (126)
[2015.08.26-22.05.54:755][324]LogModuleManager: Shutting down and abandoning module ModuleUI (125)
[2015.08.26-22.05.54:755][324]LogModuleManager: Shutting down and abandoning module MovieSceneTools (124)
[2015.08.26-22.05.54:755][324]LogModuleManager: Shutting down and abandoning module OutputLog (123)
[2015.08.26-22.05.54:755][324]LogModuleManager: Shutting down and abandoning module GammaUI (122)
[2015.08.26-22.05.54:756][324]LogModuleManager: Shutting down and abandoning module Documentation (121)
[2015.08.26-22.05.54:756][324]LogModuleManager: Shutting down and abandoning module GameLiveStreaming (120)
[2015.08.26-22.05.54:756][324]LogModuleManager: Shutting down and abandoning module StreamingPauseRendering (119)
[2015.08.26-22.05.54:756][324]LogModuleManager: Shutting down and abandoning module AnalyticsET (118)
[2015.08.26-22.05.54:756][324]LogModuleManager: Shutting down and abandoning module Analytics (117)
[2015.08.26-22.05.54:756][324]LogModuleManager: Shutting down and abandoning module AITestSuite (116)
[2015.08.26-22.05.54:756][324]LogModuleManager: Shutting down and abandoning module GameplayDebugger (115)
[2015.08.26-22.05.54:756][324]LogModuleManager: Shutting down and abandoning module AIModule (114)
[2015.08.26-22.05.54:756][324]LogModuleManager: Shutting down and abandoning module ProfilerService (113)
[2015.08.26-22.05.54:925][324]LogModuleManager: Shutting down and abandoning module TaskGraph (112)
[2015.08.26-22.05.54:925][324]LogModuleManager: Shutting down and abandoning module SlateRemote (111)
[2015.08.26-22.05.54:925][324]LogModuleManager: Shutting down and abandoning module SteamVRController (110)
[2015.08.26-22.05.54:925][324]LogModuleManager: Shutting down and abandoning module SteamVR (109)
[2015.08.26-22.05.54:925][324]LogModuleManager: Shutting down and abandoning module ProceduralMeshComponent (108)
[2015.08.26-22.05.54:925][324]LogModuleManager: Shutting down and abandoning module OculusRift (107)
[2015.08.26-22.05.54:925][324]LogModuleManager: Shutting down and abandoning module LeapMotionController (106)
[2015.08.26-22.05.54:940][324]LogModuleManager: Shutting down and abandoning module CustomMeshComponent (105)
[2015.08.26-22.05.54:940][324]LogModuleManager: Shutting down and abandoning module CableComponent (104)
[2015.08.26-22.05.54:940][324]LogModuleManager: Shutting down and abandoning module MessagingDebugger (103)
[2015.08.26-22.05.54:940][324]LogModuleManager: Shutting down and abandoning module MediaPlayerEditor (102)
[2015.08.26-22.05.54:940][324]LogModuleManager: Shutting down and abandoning module SpeedTreeImporter (101)
[2015.08.26-22.05.54:940][324]LogModuleManager: Shutting down and abandoning module PluginBrowser (100)
[2015.08.26-22.05.54:940][324]LogModuleManager: Shutting down and abandoning module EpicSurvey (99)
[2015.08.26-22.05.54:940][324]LogModuleManager: Shutting down and abandoning module DesktopPlatform (98)
[2015.08.26-22.05.54:940][324]LogModuleManager: Shutting down and abandoning module VisualStudioSourceCodeAccess (97)
[2015.08.26-22.05.54:940][324]LogModuleManager: Shutting down and abandoning module UObjectPlugin (96)
[2015.08.26-22.05.54:940][324]LogModuleManager: Shutting down and abandoning module SubversionSourceControl (95)
[2015.08.26-22.05.54:940][324]LogModuleManager: Shutting down and abandoning module PerforceSourceControl (94)
[2015.08.26-22.05.54:940][324]LogModuleManager: Shutting down and abandoning module SourceControl (93)
[2015.08.26-22.05.54:940][324]LogModuleManager: Shutting down and abandoning module GitSourceControl (92)
[2015.08.26-22.05.54:940][324]LogModuleManager: Shutting down and abandoning module BlankPlugin (91)
[2015.08.26-22.05.54:940][324]LogModuleManager: Shutting down and abandoning module PaperTiledImporter (90)
[2015.08.26-22.05.54:940][324]LogModuleManager: Shutting down and abandoning module PaperSpriteSheetImporter (89)
[2015.08.26-22.05.54:940][324]LogModuleManager: Shutting down and abandoning module MeshPaint (88)
[2015.08.26-22.05.54:940][324]LogModuleManager: Shutting down and abandoning module SlateReflector (87)
[2015.08.26-22.05.54:940][324]LogModuleManager: Shutting down and abandoning module DirectoryWatcher (86)
[2015.08.26-22.05.54:941][324]LogModuleManager: Shutting down and abandoning module HotReload (85)
[2015.08.26-22.05.54:941][324]LogModuleManager: Shutting down and abandoning module MainFrame (84)
[2015.08.26-22.05.54:941][324]LogModuleManager: Shutting down and abandoning module LevelEditor (83)
[2015.08.26-22.05.54:942][324]LogModuleManager: Shutting down and abandoning module ContentBrowser (82)
[2015.08.26-22.05.54:943][324]LogModuleManager: Shutting down and abandoning module Paper2DEditor (81)
[2015.08.26-22.05.54:943][324]LogModuleManager: Shutting down and abandoning module UdpMessaging (80)
[2015.08.26-22.05.55:044][324]LogModuleManager: Shutting down and abandoning module Paper2D (79)
[2015.08.26-22.05.55:044][324]LogModuleManager: Shutting down and abandoning module WindowsMoviePlayer (78)
[2015.08.26-22.05.55:048][324]LogModuleManager: Shutting down and abandoning module Media (77)
[2015.08.26-22.05.55:048][324]LogModuleManager: Shutting down and abandoning module WmfMedia (76)
[2015.08.26-22.05.55:094][324]LogModuleManager: Shutting down and abandoning module OnlineBlueprintSupport (75)
[2015.08.26-22.05.55:094][324]LogModuleManager: Shutting down and abandoning module PropertyEditor (74)
[2015.08.26-22.05.55:094][324]LogModuleManager: Shutting down and abandoning module BehaviorTreeEditor (73)
[2015.08.26-22.05.55:094][324]LogModuleManager: Shutting down and abandoning module FunctionalTesting (72)
[2015.08.26-22.05.55:094][324]LogModuleManager: Shutting down and abandoning module CollisionAnalyzer (71)
[2015.08.26-22.05.55:094][324]LogModuleManager: Shutting down and abandoning module WorkspaceMenuStructure (70)
[2015.08.26-22.05.55:094][324]LogModuleManager: Shutting down and abandoning module MessageLog (69)
[2015.08.26-22.05.55:094][324]LogModuleManager: Shutting down and abandoning module Sequencer (68)
[2015.08.26-22.05.55:094][324]LogModuleManager: Shutting down and abandoning module AssetTools (67)
[2015.08.26-22.05.55:094][324]LogModuleManager: Shutting down and abandoning module UMGEditor (66)
[2015.08.26-22.05.55:094][324]LogModuleManager: Shutting down and abandoning module UMG (65)
[2015.08.26-22.05.55:094][324]LogModuleManager: Shutting down and abandoning module Slate (64)
[2015.08.26-22.05.55:094][324]LogModuleManager: Shutting down and abandoning module EditorStyle (63)
[2015.08.26-22.05.55:097][324]LogModuleManager: Shutting down and abandoning module SessionServices (62)
[2015.08.26-22.05.55:097][324]LogModuleManager: Shutting down and abandoning module SourceCodeAccess (61)
[2015.08.26-22.05.55:097][324]LogModuleManager: Shutting down and abandoning module HeadMountedDisplay (60)
[2015.08.26-22.05.55:097][324]LogModuleManager: Shutting down and abandoning module Networking (57)
[2015.08.26-22.05.55:097][324]LogModuleManager: Shutting down and abandoning module Core (56)
[2015.08.26-22.05.55:097][324]LogModuleManager: Shutting down and abandoning module KismetCompiler (55)
[2015.08.26-22.05.55:097][324]LogModuleManager: Shutting down and abandoning module PhysXFormats (54)
[2015.08.26-22.05.55:097][324]LogModuleManager: Shutting down and abandoning module MeshUtilities (53)
[2015.08.26-22.05.55:097][324]LogModuleManager: Shutting down and abandoning module DerivedDataCache (52)
[2015.08.26-22.05.55:187][324]LogDerivedDataCache: Shutdown
[2015.08.26-22.05.55:187][324]LogModuleManager: Shutting down and abandoning module ShaderFormatOpenGL (51)
[2015.08.26-22.05.55:187][324]LogModuleManager: Shutting down and abandoning module ShaderFormatD3D (50)
[2015.08.26-22.05.55:187][324]LogModuleManager: Shutting down and abandoning module MetalShaderFormat (49)
[2015.08.26-22.05.55:187][324]LogModuleManager: Shutting down and abandoning module TextureFormatUncompressed (48)
[2015.08.26-22.05.55:187][324]LogModuleManager: Shutting down and abandoning module TextureFormatPVR (47)
[2015.08.26-22.05.55:187][324]LogModuleManager: Shutting down and abandoning module TextureFormatIntelISPCTexComp (46)
[2015.08.26-22.05.55:187][324]LogModuleManager: Shutting down and abandoning module TextureFormatDXT (45)
[2015.08.26-22.05.55:187][324]LogModuleManager: Shutting down and abandoning module ImageWrapper (44)
[2015.08.26-22.05.55:187][324]LogModuleManager: Shutting down and abandoning module TextureFormatASTC (43)
[2015.08.26-22.05.55:187][324]LogModuleManager: Shutting down and abandoning module TextureFormatAndroid (42)
[2015.08.26-22.05.55:187][324]LogModuleManager: Shutting down and abandoning module AudioFormatOpus (41)
[2015.08.26-22.05.55:187][324]LogModuleManager: Shutting down and abandoning module AudioFormatOgg (40)
[2015.08.26-22.05.55:187][324]LogModuleManager: Shutting down and abandoning module AudioFormatADPCM (39)
[2015.08.26-22.05.55:187][324]LogModuleManager: Shutting down and abandoning module LinuxTargetPlatform (38)
[2015.08.26-22.05.55:187][324]LogModuleManager: Shutting down and abandoning module LinuxServerTargetPlatform (37)
[2015.08.26-22.05.55:187][324]LogModuleManager: Shutting down and abandoning module LinuxNoEditorTargetPlatform (36)
[2015.08.26-22.05.55:187][324]LogModuleManager: Shutting down and abandoning module Messaging (35)
[2015.08.26-22.05.55:187][324]LogModuleManager: Shutting down and abandoning module IOSTargetPlatform (34)
[2015.08.26-22.05.55:187][324]LogModuleManager: Shutting down and abandoning module HTML5TargetPlatform (33)
[2015.08.26-22.05.55:187][324]LogModuleManager: Shutting down and abandoning module Android_PVRTCTargetPlatform (32)
[2015.08.26-22.05.55:187][324]LogModuleManager: Shutting down and abandoning module Android_ETC2TargetPlatform (31)
[2015.08.26-22.05.55:187][324]LogModuleManager: Shutting down and abandoning module Android_ETC1TargetPlatform (30)
[2015.08.26-22.05.55:187][324]LogModuleManager: Shutting down and abandoning module Android_DXTTargetPlatform (29)
[2015.08.26-22.05.55:187][324]LogModuleManager: Shutting down and abandoning module Android_ATCTargetPlatform (28)
[2015.08.26-22.05.55:187][324]LogModuleManager: Shutting down and abandoning module Android_ASTCTargetPlatform (27)
[2015.08.26-22.05.55:187][324]LogModuleManager: Shutting down and abandoning module AndroidTargetPlatform (26)
[2015.08.26-22.05.55:187][324]LogModuleManager: Shutting down and abandoning module WindowsTargetPlatform (25)
[2015.08.26-22.05.55:187][324]LogModuleManager: Shutting down and abandoning module WindowsServerTargetPlatform (24)
[2015.08.26-22.05.55:187][324]LogModuleManager: Shutting down and abandoning module WindowsNoEditorTargetPlatform (23)
[2015.08.26-22.05.55:187][324]LogModuleManager: Shutting down and abandoning module WindowsClientTargetPlatform (22)
[2015.08.26-22.05.55:187][324]LogModuleManager: Shutting down and abandoning module DesktopTargetPlatform (21)
[2015.08.26-22.05.55:187][324]LogModuleManager: Shutting down and abandoning module TargetPlatform (20)
[2015.08.26-22.05.55:187][324]LogModuleManager: Shutting down and abandoning module InputCore (19)
[2015.08.26-22.05.55:187][324]LogModuleManager: Shutting down and abandoning module Settings (18)
[2015.08.26-22.05.55:187][324]LogModuleManager: Shutting down and abandoning module OnlineSubsystem (16)
[2015.08.26-22.05.55:187][324]LogModuleManager: Shutting down and abandoning module HTTP (15)
[2015.08.26-22.05.55:188][324]LogModuleManager: Shutting down and abandoning module ExampleDeviceProfileSelector (14)
[2015.08.26-22.05.55:188][324]LogModuleManager: Shutting down and abandoning module TextureCompressor (13)
[2015.08.26-22.05.55:188][324]LogModuleManager: Shutting down and abandoning module ShaderCore (12)
[2015.08.26-22.05.55:188][324]LogModuleManager: Shutting down and abandoning module Landscape (11)
[2015.08.26-22.05.55:188][324]LogModuleManager: Shutting down and abandoning module SlateRHIRenderer (10)
[2015.08.26-22.05.55:190][324]LogModuleManager: Shutting down and abandoning module OpenGLDrv (9)
[2015.08.26-22.05.55:190][324]LogModuleManager: Shutting down and abandoning module D3D11RHI (8)
[2015.08.26-22.05.55:190][324]LogModuleManager: Shutting down and abandoning module Renderer (7)
[2015.08.26-22.05.55:190][324]LogModuleManager: Shutting down and abandoning module Engine (6)
[2015.08.26-22.05.55:190][324]LogModuleManager: Shutting down and abandoning module CoreUObject (5)
[2015.08.26-22.05.55:190][324]LogModuleManager: Shutting down and abandoning module NetworkFile (4)
[2015.08.26-22.05.55:190][324]LogModuleManager: Shutting down and abandoning module StreamingFile (3)
[2015.08.26-22.05.55:190][324]LogModuleManager: Shutting down and abandoning module SandboxFile (2)
[2015.08.26-22.05.55:190][324]LogModuleManager: Shutting down and abandoning module PakFile (1)
[2015.08.26-22.05.55:191][324]LogExit: Exiting.
[2015.08.26-22.05.55:193][324]Log file closed, 08/26/15 15:05:55
