[2015.08.28-20.19.36:711][  0]Log file open, 08/28/15 13:19:36
[2015.08.28-20.19.36:711][  0]LogInit:Display: Running engine for game: GodKiller
[2015.08.28-20.19.36:711][  0]LogInit:Display: RandInit(-1178043503) SRandInit(-1178043489).
[2015.08.28-20.19.36:711][  0]LogTaskGraph: Started task graph with 4 named threads and 7 total threads.
[2015.08.28-20.19.36:711][  0]LogStats: Stats thread started
[2015.08.28-20.19.36:711][  0]LogInit: Version: 4.8.3-2634408+++depot+UE4-Releases+4.8
[2015.08.28-20.19.36:711][  0]LogInit: API Version: 2579680
[2015.08.28-20.19.36:711][  0]LogInit: Compiled (64-bit): Jul 27 2015 16:24:33
[2015.08.28-20.19.36:711][  0]LogInit: Compiled with Visual C++: 18.00.21005.01
[2015.08.28-20.19.36:711][  0]LogInit: Build Configuration: Development
[2015.08.28-20.19.36:711][  0]LogInit: Branch Name: ++depot+UE4-Releases+4.8
[2015.08.28-20.19.36:711][  0]LogInit: Command line:  
[2015.08.28-20.19.36:711][  0]LogInit: Base directory: D:/Program Files/Unreal/Epic Games/4.8/Engine/Binaries/Win64/
[2015.08.28-20.19.36:711][  0]LogInit: Rocket: 1
[2015.08.28-20.19.36:735][  0]LogInit: Using libcurl 7.41.0
[2015.08.28-20.19.36:735][  0]LogInit:  - built for x86_64-pc-win32
[2015.08.28-20.19.36:735][  0]LogInit:  - supports SSL with WinSSL
[2015.08.28-20.19.36:735][  0]LogInit:  - other features:
[2015.08.28-20.19.36:735][  0]LogInit:      CURL_VERSION_SSL
[2015.08.28-20.19.36:735][  0]LogInit:      CURL_VERSION_IPV6
[2015.08.28-20.19.36:735][  0]LogInit:      CURL_VERSION_ASYNCHDNS
[2015.08.28-20.19.36:735][  0]LogInit:      CURL_VERSION_LARGEFILE
[2015.08.28-20.19.36:735][  0]LogInit:      CURL_VERSION_IDN
[2015.08.28-20.19.36:735][  0]LogInit:  CurlRequestOptions (configurable via config and command line):
[2015.08.28-20.19.36:735][  0]LogInit:  - bVerifyPeer = true  - Libcurl will verify peer certificate
[2015.08.28-20.19.36:735][  0]LogInit:  - bUseHttpProxy = false  - Libcurl will NOT use HTTP proxy
[2015.08.28-20.19.36:735][  0]LogInit:  - bDontReuseConnections = false  - Libcurl will reuse connections
[2015.08.28-20.19.36:735][  0]LogInit:  - CertBundlePath = nullptr  - Libcurl will use whatever was configured at build time.
[2015.08.28-20.19.36:755][  0]LogOnline:Warning: No default platform service specified for OnlineSubsystem
[2015.08.28-20.19.36:779][  0]LogInit: Presizing for 0 objects not considered by GC, pre-allocating 0 bytes.
[2015.08.28-20.19.36:788][  0]LogInit: Object subsystem initialized
[2015.08.28-20.19.36:789][  0]LogConsoleResponse:Warning: Skipping Unknown console variable: 'TranslucentSortAxis = (X=0.000000,Y=-1.000000,Z=0.000000)'
[2015.08.28-20.19.36:789][  0]LogConsoleResponse:Warning:   Found in ini file 'D:/Storage/Documents/SourceTRee/Saved/Config/Windows/Engine.ini', in section '[/Script/Engine.RendererSettings]'
[2015.08.28-20.19.36:789][  0]LogConsoleResponse:Warning: Skipping Unknown console variable: 'UIScaleRule = ShortestSide'
[2015.08.28-20.19.36:789][  0]LogConsoleResponse:Warning:   Found in ini file 'D:/Storage/Documents/SourceTRee/Saved/Config/Windows/Engine.ini', in section '[/Script/Engine.RendererSettings]'
[2015.08.28-20.19.36:789][  0]LogConsoleResponse:Warning: Skipping Unknown console variable: 'UIScaleCurve = (EditorCurveData=(Keys=),ExternalCurve=None)'
[2015.08.28-20.19.36:789][  0]LogConsoleResponse:Warning:   Found in ini file 'D:/Storage/Documents/SourceTRee/Saved/Config/Windows/Engine.ini', in section '[/Script/Engine.RendererSettings]'
[2015.08.28-20.19.36:789][  0]LogInit: Selected Device Profile: [Windows]
[2015.08.28-20.19.36:789][  0]LogInit: Applying CVar settings loaded from the selected device profile: [Windows]
[2015.08.28-20.19.36:797][  0]LogInit: Computer: JOSEPH-PC
[2015.08.28-20.19.36:797][  0]LogInit: User: Joseph
[2015.08.28-20.19.36:797][  0]LogInit: CPU Page size=4096, Cores=4
[2015.08.28-20.19.36:797][  0]LogInit: High frequency timer resolution =14.318180 MHz
[2015.08.28-20.19.36:797][  0]LogMemory: Memory total: Physical=15.9GB (16GB approx)
[2015.08.28-20.19.36:797][  0]LogMemory: Platform Memory Stats for Windows
[2015.08.28-20.19.36:797][  0]LogMemory: Process Physical Memory: 50.86 MB used, 50.86 MB peak
[2015.08.28-20.19.36:797][  0]LogMemory: Process Virtual Memory: 25.72 MB used, 25.72 MB peak
[2015.08.28-20.19.36:797][  0]LogMemory: Physical Memory: 5917.82 MB used, 16280.89 MB total
[2015.08.28-20.19.36:797][  0]LogMemory: Virtual Memory: 299.13 MB used, 134217728.00 MB total
[2015.08.28-20.19.36:840][  0]LogTextLocalizationManager: The requested culture ('en_US') has no localization data; parent culture's ('en') localization data will be used.
[2015.08.28-20.19.37:061][  0]LogTextLocalizationManager:Warning: Loaded localization resources contain conflicting entries for (Namespace:ContentBrowser, Key:ImportAssetToolTip):
Localization Resource: (D:/Program Files/Unreal/Epic Games/4.8/Engine/Content/Localization/Editor/en/Editor.locres) Source String Hash: (-630476809) Localized String: (Import to {0}...)
Localization Resource: (D:/Program Files/Unreal/Epic Games/4.8/Engine/Content/Localization/Editor/en/Editor.locres) Source String Hash: (1271782899) Localized String: (Imports an asset from file to this folder.)
[2015.08.28-20.19.37:628][  0]LogD3D11RHI: Found D3D11 adapter 0: AMD Radeon R9 200 Series (Feature Level 11_0)
[2015.08.28-20.19.37:628][  0]LogD3D11RHI: Adapter has 4075MB of dedicated video memory, 0MB of dedicated system memory, and 8140MB of shared system memory, 1 output[s]
[2015.08.28-20.19.37:630][  0]LogD3D11RHI: Found D3D11 adapter 1: Microsoft Basic Render Driver (Feature Level 11_0)
[2015.08.28-20.19.37:630][  0]LogD3D11RHI: Adapter has 0MB of dedicated video memory, 0MB of dedicated system memory, and 8140MB of shared system memory, 0 output[s]
[2015.08.28-20.19.37:630][  0]LogD3D11RHI: Chosen D3D11 Adapter Id = 0
[2015.08.28-20.19.37:639][  0]LogD3D11RHI: InitD3DDevice
[2015.08.28-20.19.37:639][  0]LogD3D11RHI: !Direct3DDevice
[2015.08.28-20.19.37:639][  0]LogRHI: Texture pool is 1361 MB (70% of 1945 MB)
[2015.08.28-20.19.37:649][  0]LogD3D11RHI: Async texture creation disabled: no driver support
[2015.08.28-20.19.37:662][  0]LogShaderCompilers:Display: Using Local Shader Compiler.
[2015.08.28-20.19.39:032][  0]LogTemp:Display: Loaded TP DesktopTargetPlatform
[2015.08.28-20.19.39:055][  0]LogTemp:Display: Loaded TP WindowsClientTargetPlatform
[2015.08.28-20.19.39:078][  0]LogTemp:Display: Loaded TP WindowsNoEditorTargetPlatform
[2015.08.28-20.19.39:101][  0]LogTemp:Display: Loaded TP WindowsServerTargetPlatform
[2015.08.28-20.19.39:127][  0]LogTemp:Display: Loaded TP WindowsTargetPlatform
[2015.08.28-20.19.39:147][  0]LogTemp:Display: Loaded TP AndroidTargetPlatform
[2015.08.28-20.19.39:168][  0]LogTemp:Display: Loaded TP Android_ASTCTargetPlatform
[2015.08.28-20.19.39:188][  0]LogTemp:Display: Loaded TP Android_ATCTargetPlatform
[2015.08.28-20.19.39:208][  0]LogTemp:Display: Loaded TP Android_DXTTargetPlatform
[2015.08.28-20.19.39:227][  0]LogTemp:Display: Loaded TP Android_ETC1TargetPlatform
[2015.08.28-20.19.39:249][  0]LogTemp:Display: Loaded TP Android_ETC2TargetPlatform
[2015.08.28-20.19.39:270][  0]LogTemp:Display: Loaded TP Android_PVRTCTargetPlatform
[2015.08.28-20.19.39:344][  0]LogTemp:Display: Loaded TP IOSTargetPlatform
[2015.08.28-20.19.39:364][  0]LogTemp:Display: Loaded TP LinuxNoEditorTargetPlatform
[2015.08.28-20.19.39:384][  0]LogTemp:Display: Loaded TP LinuxServerTargetPlatform
[2015.08.28-20.19.39:409][  0]LogTemp:Display: Loaded TP LinuxTargetPlatform
[2015.08.28-20.19.39:410][  0]LogTargetPlatformManager:Display: Building Assets For Windows
[2015.08.28-20.19.39:751][  0]LogDerivedDataCache:Display: Max Cache Size: 512 MB
[2015.08.28-20.19.39:832][  0]LogDerivedDataCache: Loaded boot cache 0.08s 53MB C:/Users/Joseph/AppData/Local/UnrealEngine/4.8/DerivedDataCache/Boot.ddc.
[2015.08.28-20.19.39:832][  0]LogDerivedDataCache:Display: Loaded Boot cache: C:/Users/Joseph/AppData/Local/UnrealEngine/4.8/DerivedDataCache/Boot.ddc
[2015.08.28-20.19.39:832][  0]LogDerivedDataCache: FDerivedDataBackendGraph:  Pak pak cache file ../../../../../../../Storage/Documents/SourceTRee/DerivedDataCache/DDC.ddp not found, will not use a pak cache.
[2015.08.28-20.19.39:832][  0]LogDerivedDataCache: Unable to find inner node Pak for hierarchical cache Hierarchy.
[2015.08.28-20.19.39:832][  0]LogDerivedDataCache: FDerivedDataBackendGraph:  CompressedPak pak cache file ../../../../../../../Storage/Documents/SourceTRee/DerivedDataCache/Compressed.ddp not found, will not use a pak cache.
[2015.08.28-20.19.39:832][  0]LogDerivedDataCache: Unable to find inner node CompressedPak for hierarchical cache Hierarchy.
[2015.08.28-20.19.39:970][  0]LogDerivedDataCache:Display: Pak cache opened for reading ../../../Engine/DerivedDataCache/Compressed.ddp.
[2015.08.28-20.19.39:983][  0]LogDerivedDataCache: Using Local data cache path C:/Users/Joseph/AppData/Local/UnrealEngine/Common/DerivedDataCache: Writable
[2015.08.28-20.19.40:301][  0]LogInit: Selected Device Profile: [Windows]
[2015.08.28-20.19.40:397][  0]ImportText (ComponentSweepMultiTests): Missing closing parenthesis: (RootShapeAsset="/Engine/BasicShapes/Cube.Cube",ShapeType="TriggerCapsule",HitResult=(Time=0.50,Location=(X=-100.000015,Y=0.0,Z=100.000015),ImpactPoint=(X=-50.0,Y=0.0,Z=50.0),Normal=(X=-1.0,Y=-0.0,Z=0.0),ImpactNormal=(X=0.0,Y=0.0,Z=1.0),TraceStart=(X=-200.0,Y=0.0,Z=200.0),TraceEnd=(X=0.0,Y=0.0,Z=0.0))
[2015.08.28-20.19.40:397][  0]ImportText (LineTraceSingleByChannelTests): Missing closing parenthesis: (RootShapeAsset="/Engine/BasicShapes/Cube.Cube",HitResult=(Time=0.50,Location=(X=-100.000015,Y=0.0,Z=100.000015),ImpactPoint=(X=-50.0,Y=0.0,Z=50.0),Normal=(X=-1.0,Y=-0.0,Z=0.0),ImpactNormal=(X=0.0,Y=0.0,Z=1.0),TraceStart=(X=-200.0,Y=0.0,Z=200.0),TraceEnd=(X=0.0,Y=0.0,Z=0.0))
[2015.08.28-20.19.40:439][  0]LogMeshUtilities: No automatic mesh reduction module available
[2015.08.28-20.19.40:439][  0]LogMeshUtilities: No automatic mesh merging module available
[2015.08.28-20.19.40:884][  0]LogInit: WinSock: version 1.1 (2.2), MaxSocks=32767, MaxUdp=65467
[2015.08.28-20.19.42:397][  0]UdpMessaging: Initializing bridge on interface 0.0.0.0:0 to multicast group 230.0.0.1:6666.
[2015.08.28-20.19.42:917][  0]SourceControl: Info Source control is disabled
[2015.08.28-20.19.43:234][  0]SourceControl: Info Source control is disabled
[2015.08.28-20.19.43:254][  0]SourceControl: Info Source control is disabled
[2015.08.28-20.19.43:272][  0]SourceControl: Info Source control is disabled
[2015.08.28-20.19.43:661][  0]LogObj: 26273 objects as part of root set at end of initial load.
[2015.08.28-20.19.43:661][  0]LogUObjectAllocator: 5409248 out of 0 bytes used by permanent object pool.
[2015.08.28-20.19.43:760][  0]LogEngine: Initializing Engine...
[2015.08.28-20.19.43:765][  0]LogHMD: Can't find Oculus library dev build: is proper Runtime installed? Version: 0.6.0.0
[2015.08.28-20.19.43:767][  0]LogHMD:Warning: SteamVR failed to initialize.  Error: 110
[2015.08.28-20.19.43:984][  0]LogAIModule: Creating AISystem for world NewWorld
[2015.08.28-20.19.43:995][  0]LogInit: XAudio2 using '1 - LG ULTRAWIDE (AMD High Definition Audio Device)' : 2 channels at 48 kHz using 16 bits per sample (channel mask 0x3)
[2015.08.28-20.19.44:006][  0]LogInit: FAudioDevice initialized.
[2015.08.28-20.19.44:059][  0]LogDerivedDataCache: Saved boot cache 0.05s 53MB C:/Users/Joseph/AppData/Local/UnrealEngine/4.8/DerivedDataCache/Boot.ddc.
[2015.08.28-20.19.44:071][  0]LogInit: Texture streaming: Disabled
[2015.08.28-20.19.44:113][  0]LogAnalytics: Creating configured Analytics provider AnalyticsET
[2015.08.28-20.19.44:113][  0]LogAnalytics: [UEEditor.Rocket.Release] APIServer = http://et2.epicgames.com/ET2/. AppVersion = 4.8.3-2634408+++depot+UE4-Releases+4.8
[2015.08.28-20.19.44:113][  0]LogAnalytics: [UEEditor.Rocket.Release] SetUserId d0fc97d9433d85cfe1d854a78446f226|fbedbf84e6654fb9830ed15a26abc575|31b426bb-6233-41c4-8090-528f38e68011
[2015.08.28-20.19.44:113][  0]LogAnalytics: [UEEditor.Rocket.Release] AnalyticsET::StartSession
[2015.08.28-20.19.44:172][  0]LogInit: Transaction tracking system initialized
[2015.08.28-20.19.44:387][  0]BlueprintLog: New page: Editor Load
[2015.08.28-20.19.44:438][  0]LogAssetRegistry: FAssetRegistry took 0.0109 seconds to start up
[2015.08.28-20.19.44:439][  0]LogDirectoryWatcher:Warning: Failed to begin reading directory changes for ../../../Engine/Plugins/Experimental/CharacterAI/Content/. Error: 0
[2015.08.28-20.19.45:651][  0]LogConsoleManager:Warning: Console variable 'r.VSync' wasn't set ('GameSetting' has a lower priority than 'SystemSettingsIni')
[2015.08.28-20.19.45:653][  0]LogConsoleResponse:Display: 
[2015.08.28-20.19.45:851][  0]LogCook:Display: Done creating registry. It took  0.00s.
[2015.08.28-20.19.46:203][  0]SourceControl: Info Source control is disabled
[2015.08.28-20.19.46:204][  0]Cmd: MAP LOAD FILE="../../../../../../../Storage/Documents/SourceTRee/Content/Scene/NewCave.umap" TEMPLATE=0 SHOWPROGRESS=1 FEATURELEVEL=3
[2015.08.28-20.19.46:205][  0]LightingResults: New page: Lighting Build
[2015.08.28-20.19.46:229][  0]MapCheck: New page: Map Check
[2015.08.28-20.19.46:229][  0]LightingResults: New page: Lighting Build
[2015.08.28-20.19.46:243][  0]LogParticles: Destroying 0 GPU particle simulations for FXSystem 0x000000EFF4B9CF40
[2015.08.28-20.19.48:855][  0]LogBlueprint:Warning: [compiler GnawmersHealth] Warning 'gnawmers' is already a 'Enemy 1', you don't need  Cast To Enemy1 .
[2015.08.28-20.19.48:855][  0]LogBlueprint:Warning: [compiler GnawmersHealth] Warning [0014.87] Compile of GnawmersHealth successful, but with 1 Warning(s) [in 22 ms]
[2015.08.28-20.19.48:855][  0]LogBlueprint:Warning: [compiler GnawmersHealth] Warning [0014.87] Compile of GnawmersHealth successful, but with 2 Warning(s) [in 0 ms]
[2015.08.28-20.19.48:856][  0]LogBlueprint:Warning: [compiler GnawmersHealth] Warning [0014.87] Compile of GnawmersHealth successful, but with 3 Warning(s) [in 0 ms]
[2015.08.28-20.19.49:013][  0]LogLinker:Warning: BossHealth has an inappropriate outermost, it was probably saved with a deprecated outer (file: ../../../../../../../Storage/Documents/SourceTRee/Content/GUI/SuccessScreen.uasset)
[2015.08.28-20.19.49:061][  0]LogBlueprint:Warning: [SuccessScreen] CreatePinForVariable: 'BossHealth' variable not found. Base class was probably changed.
[2015.08.28-20.19.49:062][  0]LogBlueprint:Warning: [SuccessScreen] CreatePinForVariable: 'BossKilled' variable not found. Base class was probably changed.
[2015.08.28-20.19.49:104][  0]LogBlueprint:Warning: [compiler SuccessScreen] Warning Could not find a variable named "BossKilled" in 'SuccessScreen'.
Make sure 'SuccessScreen' has been compiled for  Get BossKilled 
[2015.08.28-20.19.49:104][  0]LogBlueprint:Warning: [compiler SuccessScreen] Warning Could not find a variable named "BossHealth" in 'SuccessScreen'.
Make sure 'SuccessScreen' has been compiled for  Get BossHealth 
[2015.08.28-20.19.49:105][  0]LogBlueprint:Error: [compiler SuccessScreen] Error This blueprint (self) is not compatible with ' Target ', therefore that pin must have a connection.
[2015.08.28-20.19.49:106][  0]LogBlueprint:Error: [compiler SuccessScreen] Error The property associated with  Boss Health  could not be found
[2015.08.28-20.19.49:128][  0]LogBlueprint:Warning: [compiler SuccessScreen] Warning [0015.14] Compile of SuccessScreen failed. 2 Fatal Issue(s) 2 Warning(s) [in 61 ms]
[2015.08.28-20.19.49:128][  0]LogBlueprint:Warning: [compiler SuccessScreen] Warning [0015.14] Compile of SuccessScreen failed. 2 Fatal Issue(s) 3 Warning(s) [in 0 ms]
[2015.08.28-20.19.49:128][  0]LogBlueprint:Warning: [compiler SuccessScreen] Warning [0015.14] Compile of SuccessScreen failed. 2 Fatal Issue(s) 4 Warning(s) [in 0 ms]
[2015.08.28-20.19.49:198][  0]LogLinker:Warning: BossHealth has an inappropriate outermost, it was probably saved with a deprecated outer (file: ../../../../../../../Storage/Documents/SourceTRee/Content/GUI/SuccessScreen.uasset)
[2015.08.28-20.19.49:547][  0]LogBlueprint:Warning: [compiler Gui] Warning 'gnawmers' is already a 'Enemy 1', you don't need  Cast To Enemy1 .
[2015.08.28-20.19.49:556][  0]LogBlueprint:Warning: [compiler Gui] Warning [0015.57] Compile of Gui successful, but with 1 Warning(s) [in 59 ms]
[2015.08.28-20.19.49:557][  0]LogBlueprint:Warning: [compiler Gui] Warning [0015.57] Compile of Gui successful, but with 2 Warning(s) [in 0 ms]
[2015.08.28-20.19.49:557][  0]LogBlueprint:Warning: [compiler Gui] Warning [0015.57] Compile of Gui successful, but with 3 Warning(s) [in 0 ms]
[2015.08.28-20.19.52:660][  0]LogBlueprint:Warning: [compiler Gui] Warning 'gnawmers' is already a 'Enemy 1', you don't need  Cast To Enemy1 .
[2015.08.28-20.19.52:670][  0]LogBlueprint:Warning: [compiler Gui] Warning [0018.69] Compile of Gui successful, but with 1 Warning(s) [in 60 ms]
[2015.08.28-20.19.52:672][  0]LogBlueprint:Warning: [compiler Gui] Warning [0018.69] Compile of Gui successful, but with 2 Warning(s) [in 1 ms]
[2015.08.28-20.19.52:822][  0]LogBlueprint:Warning: [compiler GnawmersHealth] Warning 'gnawmers' is already a 'Enemy 1', you don't need  Cast To Enemy1 .
[2015.08.28-20.19.52:823][  0]LogBlueprint:Warning: [compiler GnawmersHealth] Warning [0018.84] Compile of GnawmersHealth successful, but with 1 Warning(s) [in 25 ms]
[2015.08.28-20.19.52:823][  0]LogBlueprint:Warning: [compiler GnawmersHealth] Warning [0018.84] Compile of GnawmersHealth successful, but with 2 Warning(s) [in 0 ms]
[2015.08.28-20.19.57:894][  0]LogAIModule: Creating AISystem for world NewCave
[2015.08.28-20.19.58:048][  0]LogEditorServer: Finished looking for orphan Actors (0.000 secs)
[2015.08.28-20.19.58:051][  0]Cmd: MAP CHECKDEP NOCLEARLOG
[2015.08.28-20.19.58:229][  0]MapCheck: Info Map check complete: 0 Error(s), 0 Warning(s), took 178.079ms to complete.
[2015.08.28-20.19.58:229][  0]LogFileHelpers: Loading map 'NewCave' took 12.025
[2015.08.28-20.19.58:344][  0]LogCollectionManager: Loaded 0 collections in 0.002425 seconds
[2015.08.28-20.19.58:354][  0]LogContentBrowser: Native class hierarchy populated in 0.0097 seconds. Added 1792 classes and 301 folders.
[2015.08.28-20.19.58:419][  0]LogContentBrowser: Native class hierarchy updated for 'WidgetCarousel' in 0.0005 seconds. Added 0 classes and 0 folders.
[2015.08.28-20.19.58:460][  0]LogContentBrowser: Native class hierarchy updated for 'AddContentDialog' in 0.0005 seconds. Added 0 classes and 0 folders.
[2015.08.28-20.19.58:524][  0]LogContentBrowser: Native class hierarchy updated for 'SceneOutliner' in 0.0005 seconds. Added 1 classes and 2 folders.
[2015.08.28-20.19.58:579][  0]LogCrashTracker: Crashtracker disabled due to settings.
[2015.08.28-20.19.58:581][  0]LogD3D11RHI: InitD3DDevice
[2015.08.28-20.19.58:584][  0]LogUObjectGlobals:Warning: Failed to find object 'Class None.'
[2015.08.28-20.19.58:607][  0]LogLoad: Full Startup: 24.62 seconds (BP compile: 5.71 seconds)
[2015.08.28-20.19.58:740][  0]LogContentStreaming: Texture pool size is 0.000000MB
[2015.08.28-20.19.58:941][  0]LogContentStreaming: Texture pool size now 1000 MB
[2015.08.28-20.19.59:145][  0]LogRenderer: Reallocating scene render targets to support 1552x928 (Frame:2).
[2015.08.28-20.19.59:383][  1]Cmd: UpdateLandscapeEditorData -warnings
[2015.08.28-20.19.59:384][  1]Cmd: UpdateLandscapeEditorData
[2015.08.28-20.20.00:778][ 22]LogAssetRegistry: Asset discovery search completed in 16.3519 seconds
[2015.08.28-20.21.05:518][ 23]LogD3D11RHI: InitD3DDevice
[2015.08.28-20.21.12:301][412]LogEditorViewport: Clicking on Actor (LMB): StaticMeshActor (newcave004)
[2015.08.28-20.21.18:024][763]LogD3D11RHI: InitD3DDevice
[2015.08.28-20.21.18:084][763]LogPhysics:Warning: PHYSX: ..\..\PhysXExtensions\src\ExtRigidBodyExt.cpp (217) 4 : computeMassAndInertia: Dynamic actor with illegal collision shapes
[2015.08.28-20.21.18:084][763]LogPhysics:Warning: PHYSX: ..\..\PhysXExtensions\src\ExtRigidBodyExt.cpp (266) 4 : PxRigidBodyExt::updateMassAndInertia: Mass and inertia computation failed, setting mass to 1 and inertia to (1,1,1)
[2015.08.28-20.21.18:093][763]LogPhysics:Warning: PHYSX: ..\..\PhysXExtensions\src\ExtRigidBodyExt.cpp (217) 4 : computeMassAndInertia: Dynamic actor with illegal collision shapes
[2015.08.28-20.21.18:093][763]LogPhysics:Warning: PHYSX: ..\..\PhysXExtensions\src\ExtRigidBodyExt.cpp (266) 4 : PxRigidBodyExt::updateMassAndInertia: Mass and inertia computation failed, setting mass to 1 and inertia to (1,1,1)
[2015.08.28-20.21.18:094][763]LogPhysics:Warning: PHYSX: ..\..\PhysXExtensions\src\ExtRigidBodyExt.cpp (217) 4 : computeMassAndInertia: Dynamic actor with illegal collision shapes
[2015.08.28-20.21.18:094][763]LogPhysics:Warning: PHYSX: ..\..\PhysXExtensions\src\ExtRigidBodyExt.cpp (266) 4 : PxRigidBodyExt::updateMassAndInertia: Mass and inertia computation failed, setting mass to 1 and inertia to (1,1,1)
[2015.08.28-20.21.18:102][763]LogD3D11RHI: InitD3DDevice
[2015.08.28-20.21.29:266][205]LogD3D11RHI: InitD3DDevice
[2015.08.28-20.21.29:329][205]LogD3D11RHI: InitD3DDevice
[2015.08.28-20.21.34:190][205]LogActorComponent: UnregisterComponent: (/Engine/Transient.CharMoveComp) Not registered. Aborting.
[2015.08.28-20.21.35:545][205]LogFactory: FactoryCreateBinary: StaticMesh with FbxFactory (0 0 ../../../../../../../Storage/Documents/GodKillerExports/Cave.FBX)
[2015.08.28-20.21.35:552][205]LogFbx: ItemName: GlobalSettings, ItemCount : 1
[2015.08.28-20.21.35:552][205]LogFbx: ItemName: AnimationStack, ItemCount : 1
[2015.08.28-20.21.35:552][205]LogFbx: ItemName: AnimationLayer, ItemCount : 1
[2015.08.28-20.21.35:552][205]LogFbx: ItemName: Model, ItemCount : 1
[2015.08.28-20.21.35:552][205]LogFbx: ItemName: Geometry, ItemCount : 1
[2015.08.28-20.21.35:552][205]LogFbx: ItemName: Material, ItemCount : 1
[2015.08.28-20.21.35:552][205]LogFbx: ItemName: Texture, ItemCount : 1
[2015.08.28-20.21.35:552][205]LogFbx: ItemName: CollectionExclusive, ItemCount : 7
[2015.08.28-20.21.35:552][205]LogFbx: ItemName: Video, ItemCount : 1
[2015.08.28-20.21.35:565][205]LogD3D11RHI: InitD3DDevice
[2015.08.28-20.21.37:184][205]LogFbx: Loading FBX Scene from ../../../../../../../Storage/Documents/GodKillerExports/Cave.FBX
[2015.08.28-20.21.37:199][205]LogFbx: FBX Scene Loaded Succesfully
[2015.08.28-20.21.37:202][205]LogFbx:Warning: Triangulating static mesh Box006
[2015.08.28-20.21.39:834][205]LogStaticMesh: Building static mesh Cave...
[2015.08.28-20.21.40:056][205]LogStaticMesh: Built static mesh [0.222220.2s] /Game/Models/Cave.Cave
[2015.08.28-20.21.45:369][494]LogD3D11RHI: InitD3DDevice
[2015.08.28-20.21.45:460][499]LogActorFactory: Actor Factory created Cave
[2015.08.28-20.21.47:310][619]LogActorFactory: Actor Factory created Cave
[2015.08.28-20.22.00:468][334]Cmd: TRANSACTION UNDO
[2015.08.28-20.22.00:469][334]LogEditorTransaction: Undo Rotate Actors
[2015.08.28-20.22.00:473][334]LogD3D11RHI: InitD3DDevice
[2015.08.28-20.22.01:345][371]LogEditorViewport: Clicking on Actor (LMB): StaticMeshActor (Rock20)
[2015.08.28-20.22.04:413][542]LogEditorViewport: Clicking on Actor (LMB): StaticMeshActor (newcave004)
[2015.08.28-20.22.09:012][806]LogEditorViewport: Clicking on Actor (LMB): StaticMeshActor (Cave)
[2015.08.28-20.22.15:534][161]LogD3D11RHI: InitD3DDevice
[2015.08.28-20.22.24:712][671]LogD3D11RHI: InitD3DDevice
[2015.08.28-20.22.24:744][671]LogStaticMesh: Building static mesh Cave...
[2015.08.28-20.22.24:959][671]LogStaticMesh: Built static mesh [0.215875.2s] /Game/Models/Cave.Cave
[2015.08.28-20.22.32:036][ 82]LogEditorViewport: Clicking on Actor (LMB): StaticMeshActor (newcave004)
[2015.08.28-20.22.33:642][183]LogEditorViewport: Clicking on Actor (CTRL LMB): StaticMeshActor (Cave)
[2015.08.28-20.22.35:467][292]LogD3D11RHI: InitD3DDevice
[2015.08.28-20.22.37:364][446]LogEditorViewport: Clicking on Actor (LMB): Landscape (Landscape)
[2015.08.28-20.22.38:137][493]LogEditorViewport: Clicking on Actor (LMB): Landscape (Landscape)
[2015.08.28-20.22.38:740][531]LogEditorViewport: Clicking on Actor (LMB): Landscape (Landscape)
[2015.08.28-20.22.39:259][563]LogEditorViewport: Clicking on Actor (LMB): Landscape (Landscape)
[2015.08.28-20.22.39:802][597]LogEditorViewport: Clicking on Actor (LMB): NavMeshBoundsVolume (NavMeshBoundsVolume)
[2015.08.28-20.22.40:436][630]LogEditorViewport: Clicking on Actor (LMB): StaticMeshActor (newcave004)
[2015.08.28-20.22.43:956][859]LogEditorViewport: Clicking on Actor (LMB): Landscape (Landscape)
[2015.08.28-20.22.45:347][947]LogEditorViewport: Clicking on Actor (LMB): Landscape (Landscape)
[2015.08.28-20.22.46:011][989]LogEditorViewport: Clicking on Actor (LMB): Landscape (Landscape)
[2015.08.28-20.22.46:537][ 21]LogEditorViewport: Clicking on Actor (LMB): Landscape (Landscape)
[2015.08.28-20.22.47:101][ 56]LogEditorViewport: Clicking on Actor (LMB): Landscape (Landscape)
[2015.08.28-20.22.47:631][ 89]LogEditorViewport: Clicking on Actor (LMB): Landscape (Landscape)
[2015.08.28-20.22.48:650][153]LogD3D11RHI: InitD3DDevice
[2015.08.28-20.22.50:112][281]LogEditorViewport: Clicking on Actor (LMB): StaticMeshActor (Cave)
[2015.08.28-20.22.51:378][359]LogD3D11RHI: InitD3DDevice
[2015.08.28-20.22.57:185][795]LogD3D11RHI: InitD3DDevice
[2015.08.28-20.23.05:376][140]LogD3D11RHI: InitD3DDevice
[2015.08.28-20.23.23:222][112]LogD3D11RHI: InitD3DDevice
[2015.08.28-20.23.23:266][112]LogStaticMesh: Building static mesh Cave...
[2015.08.28-20.23.23:478][112]LogStaticMesh: Built static mesh [0.214634.2s] /Game/Models/Cave.Cave
[2015.08.28-20.23.41:487][110]LogD3D11RHI: InitD3DDevice
[2015.08.28-20.23.41:515][110]LogStaticMesh: Building static mesh Cave...
[2015.08.28-20.23.41:731][110]LogStaticMesh: Built static mesh [0.216371.2s] /Game/Models/Cave.Cave
[2015.08.28-20.23.52:299][657]LogD3D11RHI: InitD3DDevice
[2015.08.28-20.23.52:331][657]LogStaticMesh: Building static mesh Cave...
[2015.08.28-20.23.52:544][657]LogStaticMesh: Built static mesh [0.213143.2s] /Game/Models/Cave.Cave
[2015.08.28-20.24.00:264][ 74]LogD3D11RHI: InitD3DDevice
[2015.08.28-20.24.30:854][460]LogD3D11RHI: InitD3DDevice
[2015.08.28-20.24.30:884][460]LogStaticMesh: Building static mesh Cave...
[2015.08.28-20.24.31:104][460]LogStaticMesh: Built static mesh [0.221590.2s] /Game/Models/Cave.Cave
[2015.08.28-20.24.39:711][917]LogD3D11RHI: InitD3DDevice
[2015.08.28-20.24.50:096][346]LogEditorViewport: Clicking on Actor (LMB): StaticMeshActor (newcave004)
[2015.08.28-20.24.53:018][497]LogEditorViewport: Clicking on Actor (LMB): StaticMeshActor (Cave)
[2015.08.28-20.24.54:622][592]LogEditorViewport: Clicking on Actor (LMB): StaticMeshActor (newcave004)
[2015.08.28-20.25.00:818][965]LogEditorViewport: Clicking on Actor (LMB): StaticMeshActor (newcave004)
[2015.08.28-20.25.03:839][147]LogD3D11RHI: InitD3DDevice
[2015.08.28-20.25.10:078][568]LogD3D11RHI: InitD3DDevice
[2015.08.28-20.25.10:228][574]Cmd: TRANSACTION UNDO
[2015.08.28-20.25.10:228][574]LogEditorTransaction: Undo Move Actors
[2015.08.28-20.25.10:233][574]LogD3D11RHI: InitD3DDevice
[2015.08.28-20.25.11:828][628]LogEditorViewport: Clicking Background
[2015.08.28-20.25.14:685][767]LogEditorViewport: Clicking on Actor (LMB): Emitter (fire23)
[2015.08.28-20.25.15:741][803]LogEditorViewport: Clicking on Actor (LMB): StaticMeshActor (Cave)
[2015.08.28-20.25.23:042][252]LogEditorViewport: Clicking on Actor (LMB): StaticMeshActor (Rock004)
[2015.08.28-20.25.24:967][373]LogEditorViewport: Clicking on Actor (LMB): StaticMeshActor (newcave004)
[2015.08.28-20.25.29:864][668]LogEditorViewport: Clicking on Actor (LMB): StaticMeshActor (Cave)
[2015.08.28-20.25.47:854][717]LogD3D11RHI: InitD3DDevice
[2015.08.28-20.25.51:798][974]LogEditorViewport: Clicking on Actor (LMB): StaticMeshActor (newcave004)
[2015.08.28-20.25.52:747][ 31]Cmd: DELETE
[2015.08.28-20.25.52:747][ 31]Cmd: ACTOR DELETE
[2015.08.28-20.25.52:753][ 31]LogEditorActor: Deleted Actor: StaticMeshActor
[2015.08.28-20.25.52:754][ 31]LogActorComponent: UnregisterComponent: (/Engine/Transient.CharMoveComp) Not registered. Aborting.
[2015.08.28-20.25.52:795][ 31]LogEditorActor: Deleted 1 Actors (0.048 secs)
[2015.08.28-20.25.52:923][ 39]LogD3D11RHI: InitD3DDevice
[2015.08.28-20.26.00:402][401]LogCrashTracker: 


