[2015.08.28-19.47.10:623][  0]Log file open, 08/28/15 12:47:10
[2015.08.28-19.47.10:623][  0]LogInit:Display: Running engine for game: GodKiller
[2015.08.28-19.47.10:623][  0]LogInit:Display: RandInit(1022771771) SRandInit(1022771785).
[2015.08.28-19.47.10:623][  0]LogTaskGraph: Started task graph with 4 named threads and 7 total threads.
[2015.08.28-19.47.10:623][  0]LogStats: Stats thread started
[2015.08.28-19.47.10:623][  0]LogInit: Version: 4.8.3-2634408+++depot+UE4-Releases+4.8
[2015.08.28-19.47.10:623][  0]LogInit: API Version: 2579680
[2015.08.28-19.47.10:623][  0]LogInit: Compiled (64-bit): Jul 27 2015 16:24:33
[2015.08.28-19.47.10:623][  0]LogInit: Compiled with Visual C++: 18.00.21005.01
[2015.08.28-19.47.10:623][  0]LogInit: Build Configuration: Development
[2015.08.28-19.47.10:623][  0]LogInit: Branch Name: ++depot+UE4-Releases+4.8
[2015.08.28-19.47.10:623][  0]LogInit: Command line:  
[2015.08.28-19.47.10:623][  0]LogInit: Base directory: D:/Program Files/Unreal/Epic Games/4.8/Engine/Binaries/Win64/
[2015.08.28-19.47.10:623][  0]LogInit: Rocket: 1
[2015.08.28-19.47.10:646][  0]LogInit: Using libcurl 7.41.0
[2015.08.28-19.47.10:646][  0]LogInit:  - built for x86_64-pc-win32
[2015.08.28-19.47.10:646][  0]LogInit:  - supports SSL with WinSSL
[2015.08.28-19.47.10:646][  0]LogInit:  - other features:
[2015.08.28-19.47.10:646][  0]LogInit:      CURL_VERSION_SSL
[2015.08.28-19.47.10:646][  0]LogInit:      CURL_VERSION_IPV6
[2015.08.28-19.47.10:646][  0]LogInit:      CURL_VERSION_ASYNCHDNS
[2015.08.28-19.47.10:646][  0]LogInit:      CURL_VERSION_LARGEFILE
[2015.08.28-19.47.10:646][  0]LogInit:      CURL_VERSION_IDN
[2015.08.28-19.47.10:646][  0]LogInit:  CurlRequestOptions (configurable via config and command line):
[2015.08.28-19.47.10:646][  0]LogInit:  - bVerifyPeer = true  - Libcurl will verify peer certificate
[2015.08.28-19.47.10:646][  0]LogInit:  - bUseHttpProxy = false  - Libcurl will NOT use HTTP proxy
[2015.08.28-19.47.10:646][  0]LogInit:  - bDontReuseConnections = false  - Libcurl will reuse connections
[2015.08.28-19.47.10:646][  0]LogInit:  - CertBundlePath = nullptr  - Libcurl will use whatever was configured at build time.
[2015.08.28-19.47.10:666][  0]LogOnline:Warning: No default platform service specified for OnlineSubsystem
[2015.08.28-19.47.10:692][  0]LogInit: Presizing for 0 objects not considered by GC, pre-allocating 0 bytes.
[2015.08.28-19.47.10:701][  0]LogInit: Object subsystem initialized
[2015.08.28-19.47.10:702][  0]LogConsoleResponse:Warning: Skipping Unknown console variable: 'TranslucentSortAxis = (X=0.000000,Y=-1.000000,Z=0.000000)'
[2015.08.28-19.47.10:702][  0]LogConsoleResponse:Warning:   Found in ini file 'D:/Storage/Documents/SourceTRee/Saved/Config/Windows/Engine.ini', in section '[/Script/Engine.RendererSettings]'
[2015.08.28-19.47.10:702][  0]LogConsoleResponse:Warning: Skipping Unknown console variable: 'UIScaleRule = ShortestSide'
[2015.08.28-19.47.10:702][  0]LogConsoleResponse:Warning:   Found in ini file 'D:/Storage/Documents/SourceTRee/Saved/Config/Windows/Engine.ini', in section '[/Script/Engine.RendererSettings]'
[2015.08.28-19.47.10:702][  0]LogConsoleResponse:Warning: Skipping Unknown console variable: 'UIScaleCurve = (EditorCurveData=(Keys=),ExternalCurve=None)'
[2015.08.28-19.47.10:702][  0]LogConsoleResponse:Warning:   Found in ini file 'D:/Storage/Documents/SourceTRee/Saved/Config/Windows/Engine.ini', in section '[/Script/Engine.RendererSettings]'
[2015.08.28-19.47.10:702][  0]LogInit: Selected Device Profile: [Windows]
[2015.08.28-19.47.10:702][  0]LogInit: Applying CVar settings loaded from the selected device profile: [Windows]
[2015.08.28-19.47.10:709][  0]LogInit: Computer: JOSEPH-PC
[2015.08.28-19.47.10:709][  0]LogInit: User: Joseph
[2015.08.28-19.47.10:709][  0]LogInit: CPU Page size=4096, Cores=4
[2015.08.28-19.47.10:709][  0]LogInit: High frequency timer resolution =14.318180 MHz
[2015.08.28-19.47.10:710][  0]LogMemory: Memory total: Physical=15.9GB (16GB approx)
[2015.08.28-19.47.10:710][  0]LogMemory: Platform Memory Stats for Windows
[2015.08.28-19.47.10:710][  0]LogMemory: Process Physical Memory: 50.82 MB used, 50.82 MB peak
[2015.08.28-19.47.10:710][  0]LogMemory: Process Virtual Memory: 25.74 MB used, 25.74 MB peak
[2015.08.28-19.47.10:710][  0]LogMemory: Physical Memory: 4840.73 MB used, 16280.89 MB total
[2015.08.28-19.47.10:710][  0]LogMemory: Virtual Memory: 299.13 MB used, 134217728.00 MB total
[2015.08.28-19.47.10:759][  0]LogTextLocalizationManager: The requested culture ('en_US') has no localization data; parent culture's ('en') localization data will be used.
[2015.08.28-19.47.11:006][  0]LogTextLocalizationManager:Warning: Loaded localization resources contain conflicting entries for (Namespace:ContentBrowser, Key:ImportAssetToolTip):
Localization Resource: (D:/Program Files/Unreal/Epic Games/4.8/Engine/Content/Localization/Editor/en/Editor.locres) Source String Hash: (-630476809) Localized String: (Import to {0}...)
Localization Resource: (D:/Program Files/Unreal/Epic Games/4.8/Engine/Content/Localization/Editor/en/Editor.locres) Source String Hash: (1271782899) Localized String: (Imports an asset from file to this folder.)
[2015.08.28-19.47.11:607][  0]LogD3D11RHI: Found D3D11 adapter 0: AMD Radeon R9 200 Series (Feature Level 11_0)
[2015.08.28-19.47.11:607][  0]LogD3D11RHI: Adapter has 4075MB of dedicated video memory, 0MB of dedicated system memory, and 8140MB of shared system memory, 1 output[s]
[2015.08.28-19.47.11:609][  0]LogD3D11RHI: Found D3D11 adapter 1: Microsoft Basic Render Driver (Feature Level 11_0)
[2015.08.28-19.47.11:609][  0]LogD3D11RHI: Adapter has 0MB of dedicated video memory, 0MB of dedicated system memory, and 8140MB of shared system memory, 0 output[s]
[2015.08.28-19.47.11:609][  0]LogD3D11RHI: Chosen D3D11 Adapter Id = 0
[2015.08.28-19.47.11:619][  0]LogD3D11RHI: InitD3DDevice
[2015.08.28-19.47.11:619][  0]LogD3D11RHI: !Direct3DDevice
[2015.08.28-19.47.11:619][  0]LogRHI: Texture pool is 1361 MB (70% of 1945 MB)
[2015.08.28-19.47.11:629][  0]LogD3D11RHI: Async texture creation disabled: no driver support
[2015.08.28-19.47.11:643][  0]LogShaderCompilers:Display: Using Local Shader Compiler.
[2015.08.28-19.47.13:038][  0]LogTemp:Display: Loaded TP DesktopTargetPlatform
[2015.08.28-19.47.13:062][  0]LogTemp:Display: Loaded TP WindowsClientTargetPlatform
[2015.08.28-19.47.13:086][  0]LogTemp:Display: Loaded TP WindowsNoEditorTargetPlatform
[2015.08.28-19.47.13:110][  0]LogTemp:Display: Loaded TP WindowsServerTargetPlatform
[2015.08.28-19.47.13:136][  0]LogTemp:Display: Loaded TP WindowsTargetPlatform
[2015.08.28-19.47.13:159][  0]LogTemp:Display: Loaded TP AndroidTargetPlatform
[2015.08.28-19.47.13:186][  0]LogTemp:Display: Loaded TP Android_ASTCTargetPlatform
[2015.08.28-19.47.13:213][  0]LogTemp:Display: Loaded TP Android_ATCTargetPlatform
[2015.08.28-19.47.13:238][  0]LogTemp:Display: Loaded TP Android_DXTTargetPlatform
[2015.08.28-19.47.13:264][  0]LogTemp:Display: Loaded TP Android_ETC1TargetPlatform
[2015.08.28-19.47.13:286][  0]LogTemp:Display: Loaded TP Android_ETC2TargetPlatform
[2015.08.28-19.47.13:316][  0]LogTemp:Display: Loaded TP Android_PVRTCTargetPlatform
[2015.08.28-19.47.13:404][  0]LogTemp:Display: Loaded TP IOSTargetPlatform
[2015.08.28-19.47.13:425][  0]LogTemp:Display: Loaded TP LinuxNoEditorTargetPlatform
[2015.08.28-19.47.13:446][  0]LogTemp:Display: Loaded TP LinuxServerTargetPlatform
[2015.08.28-19.47.13:473][  0]LogTemp:Display: Loaded TP LinuxTargetPlatform
[2015.08.28-19.47.13:474][  0]LogTargetPlatformManager:Display: Building Assets For Windows
[2015.08.28-19.47.13:880][  0]LogDerivedDataCache:Display: Max Cache Size: 512 MB
[2015.08.28-19.47.13:963][  0]LogDerivedDataCache: Loaded boot cache 0.08s 53MB C:/Users/Joseph/AppData/Local/UnrealEngine/4.8/DerivedDataCache/Boot.ddc.
[2015.08.28-19.47.13:963][  0]LogDerivedDataCache:Display: Loaded Boot cache: C:/Users/Joseph/AppData/Local/UnrealEngine/4.8/DerivedDataCache/Boot.ddc
[2015.08.28-19.47.13:963][  0]LogDerivedDataCache: FDerivedDataBackendGraph:  Pak pak cache file ../../../../../../../Storage/Documents/SourceTRee/DerivedDataCache/DDC.ddp not found, will not use a pak cache.
[2015.08.28-19.47.13:963][  0]LogDerivedDataCache: Unable to find inner node Pak for hierarchical cache Hierarchy.
[2015.08.28-19.47.13:963][  0]LogDerivedDataCache: FDerivedDataBackendGraph:  CompressedPak pak cache file ../../../../../../../Storage/Documents/SourceTRee/DerivedDataCache/Compressed.ddp not found, will not use a pak cache.
[2015.08.28-19.47.13:963][  0]LogDerivedDataCache: Unable to find inner node CompressedPak for hierarchical cache Hierarchy.
[2015.08.28-19.47.14:145][  0]LogDerivedDataCache:Display: Pak cache opened for reading ../../../Engine/DerivedDataCache/Compressed.ddp.
[2015.08.28-19.47.14:159][  0]LogDerivedDataCache: Using Local data cache path C:/Users/Joseph/AppData/Local/UnrealEngine/Common/DerivedDataCache: Writable
[2015.08.28-19.47.14:492][  0]LogInit: Selected Device Profile: [Windows]
[2015.08.28-19.47.14:594][  0]ImportText (ComponentSweepMultiTests): Missing closing parenthesis: (RootShapeAsset="/Engine/BasicShapes/Cube.Cube",ShapeType="TriggerCapsule",HitResult=(Time=0.50,Location=(X=-100.000015,Y=0.0,Z=100.000015),ImpactPoint=(X=-50.0,Y=0.0,Z=50.0),Normal=(X=-1.0,Y=-0.0,Z=0.0),ImpactNormal=(X=0.0,Y=0.0,Z=1.0),TraceStart=(X=-200.0,Y=0.0,Z=200.0),TraceEnd=(X=0.0,Y=0.0,Z=0.0))
[2015.08.28-19.47.14:595][  0]ImportText (LineTraceSingleByChannelTests): Missing closing parenthesis: (RootShapeAsset="/Engine/BasicShapes/Cube.Cube",HitResult=(Time=0.50,Location=(X=-100.000015,Y=0.0,Z=100.000015),ImpactPoint=(X=-50.0,Y=0.0,Z=50.0),Normal=(X=-1.0,Y=-0.0,Z=0.0),ImpactNormal=(X=0.0,Y=0.0,Z=1.0),TraceStart=(X=-200.0,Y=0.0,Z=200.0),TraceEnd=(X=0.0,Y=0.0,Z=0.0))
[2015.08.28-19.47.14:644][  0]LogMeshUtilities: No automatic mesh reduction module available
[2015.08.28-19.47.14:644][  0]LogMeshUtilities: No automatic mesh merging module available
[2015.08.28-19.47.15:126][  0]LogInit: WinSock: version 1.1 (2.2), MaxSocks=32767, MaxUdp=65467
[2015.08.28-19.47.16:629][  0]UdpMessaging: Initializing bridge on interface 0.0.0.0:0 to multicast group 230.0.0.1:6666.
[2015.08.28-19.47.17:169][  0]SourceControl: Info Source control is disabled
[2015.08.28-19.47.17:475][  0]SourceControl: Info Source control is disabled
[2015.08.28-19.47.17:493][  0]SourceControl: Info Source control is disabled
[2015.08.28-19.47.17:510][  0]SourceControl: Info Source control is disabled
[2015.08.28-19.47.17:926][  0]LogObj: 26273 objects as part of root set at end of initial load.
[2015.08.28-19.47.17:926][  0]LogUObjectAllocator: 5409248 out of 0 bytes used by permanent object pool.
[2015.08.28-19.47.18:031][  0]LogEngine: Initializing Engine...
[2015.08.28-19.47.18:035][  0]LogHMD: Can't find Oculus library dev build: is proper Runtime installed? Version: 0.6.0.0
[2015.08.28-19.47.18:037][  0]LogHMD:Warning: SteamVR failed to initialize.  Error: 110
[2015.08.28-19.47.18:269][  0]LogAIModule: Creating AISystem for world NewWorld
[2015.08.28-19.47.18:280][  0]LogInit: XAudio2 using '1 - LG ULTRAWIDE (AMD High Definition Audio Device)' : 2 channels at 48 kHz using 16 bits per sample (channel mask 0x3)
[2015.08.28-19.47.18:291][  0]LogInit: FAudioDevice initialized.
[2015.08.28-19.47.18:336][  0]LogDerivedDataCache: Saved boot cache 0.04s 53MB C:/Users/Joseph/AppData/Local/UnrealEngine/4.8/DerivedDataCache/Boot.ddc.
[2015.08.28-19.47.18:347][  0]LogInit: Texture streaming: Disabled
[2015.08.28-19.47.18:391][  0]LogAnalytics: Creating configured Analytics provider AnalyticsET
[2015.08.28-19.47.18:391][  0]LogAnalytics: [UEEditor.Rocket.Release] APIServer = http://et2.epicgames.com/ET2/. AppVersion = 4.8.3-2634408+++depot+UE4-Releases+4.8
[2015.08.28-19.47.18:391][  0]LogAnalytics: [UEEditor.Rocket.Release] SetUserId d0fc97d9433d85cfe1d854a78446f226|fbedbf84e6654fb9830ed15a26abc575|31b426bb-6233-41c4-8090-528f38e68011
[2015.08.28-19.47.18:391][  0]LogAnalytics: [UEEditor.Rocket.Release] AnalyticsET::StartSession
[2015.08.28-19.47.18:445][  0]LogInit: Transaction tracking system initialized
[2015.08.28-19.47.18:674][  0]BlueprintLog: New page: Editor Load
[2015.08.28-19.47.18:726][  0]LogAssetRegistry: FAssetRegistry took 0.0111 seconds to start up
[2015.08.28-19.47.18:728][  0]LogDirectoryWatcher:Warning: Failed to begin reading directory changes for ../../../Engine/Plugins/Experimental/CharacterAI/Content/. Error: 0
[2015.08.28-19.47.20:042][  0]LogConsoleManager:Warning: Console variable 'r.VSync' wasn't set ('GameSetting' has a lower priority than 'SystemSettingsIni')
[2015.08.28-19.47.20:043][  0]LogConsoleResponse:Display: 
[2015.08.28-19.47.20:214][  0]LogCook:Display: Done creating registry. It took  0.00s.
[2015.08.28-19.47.20:539][  0]SourceControl: Info Source control is disabled
[2015.08.28-19.47.20:539][  0]Cmd: MAP LOAD FILE="../../../../../../../Storage/Documents/SourceTRee/Content/Scene/NewCave.umap" TEMPLATE=0 SHOWPROGRESS=1 FEATURELEVEL=3
[2015.08.28-19.47.20:540][  0]LightingResults: New page: Lighting Build
[2015.08.28-19.47.20:562][  0]MapCheck: New page: Map Check
[2015.08.28-19.47.20:562][  0]LightingResults: New page: Lighting Build
[2015.08.28-19.47.20:573][  0]LogParticles: Destroying 0 GPU particle simulations for FXSystem 0x000000C4FA300F40
[2015.08.28-19.47.23:048][  0]LogBlueprint:Warning: [compiler GnawmersHealth] Warning 'gnawmers' is already a 'Enemy 1', you don't need  Cast To Enemy1 .
[2015.08.28-19.47.23:049][  0]LogBlueprint:Warning: [compiler GnawmersHealth] Warning [0015.12] Compile of GnawmersHealth successful, but with 1 Warning(s) [in 23 ms]
[2015.08.28-19.47.23:049][  0]LogBlueprint:Warning: [compiler GnawmersHealth] Warning [0015.12] Compile of GnawmersHealth successful, but with 2 Warning(s) [in 0 ms]
[2015.08.28-19.47.23:049][  0]LogBlueprint:Warning: [compiler GnawmersHealth] Warning [0015.12] Compile of GnawmersHealth successful, but with 3 Warning(s) [in 0 ms]
[2015.08.28-19.47.23:233][  0]LogLinker:Warning: BossHealth has an inappropriate outermost, it was probably saved with a deprecated outer (file: ../../../../../../../Storage/Documents/SourceTRee/Content/GUI/SuccessScreen.uasset)
[2015.08.28-19.47.23:283][  0]LogBlueprint:Warning: [SuccessScreen] CreatePinForVariable: 'BossHealth' variable not found. Base class was probably changed.
[2015.08.28-19.47.23:284][  0]LogBlueprint:Warning: [SuccessScreen] CreatePinForVariable: 'BossKilled' variable not found. Base class was probably changed.
[2015.08.28-19.47.23:328][  0]LogBlueprint:Warning: [compiler SuccessScreen] Warning Could not find a variable named "BossKilled" in 'SuccessScreen'.
Make sure 'SuccessScreen' has been compiled for  Get BossKilled 
[2015.08.28-19.47.23:328][  0]LogBlueprint:Warning: [compiler SuccessScreen] Warning Could not find a variable named "BossHealth" in 'SuccessScreen'.
Make sure 'SuccessScreen' has been compiled for  Get BossHealth 
[2015.08.28-19.47.23:329][  0]LogBlueprint:Error: [compiler SuccessScreen] Error This blueprint (self) is not compatible with ' Target ', therefore that pin must have a connection.
[2015.08.28-19.47.23:330][  0]LogBlueprint:Error: [compiler SuccessScreen] Error The property associated with  Boss Health  could not be found
[2015.08.28-19.47.23:356][  0]LogBlueprint:Warning: [compiler SuccessScreen] Warning [0015.43] Compile of SuccessScreen failed. 2 Fatal Issue(s) 2 Warning(s) [in 66 ms]
[2015.08.28-19.47.23:356][  0]LogBlueprint:Warning: [compiler SuccessScreen] Warning [0015.43] Compile of SuccessScreen failed. 2 Fatal Issue(s) 3 Warning(s) [in 0 ms]
[2015.08.28-19.47.23:356][  0]LogBlueprint:Warning: [compiler SuccessScreen] Warning [0015.43] Compile of SuccessScreen failed. 2 Fatal Issue(s) 4 Warning(s) [in 0 ms]
[2015.08.28-19.47.23:431][  0]LogLinker:Warning: BossHealth has an inappropriate outermost, it was probably saved with a deprecated outer (file: ../../../../../../../Storage/Documents/SourceTRee/Content/GUI/SuccessScreen.uasset)
[2015.08.28-19.47.23:801][  0]LogBlueprint:Warning: [compiler Gui] Warning 'gnawmers' is already a 'Enemy 1', you don't need  Cast To Enemy1 .
[2015.08.28-19.47.23:814][  0]LogBlueprint:Warning: [compiler Gui] Warning [0015.88] Compile of Gui successful, but with 1 Warning(s) [in 66 ms]
[2015.08.28-19.47.23:815][  0]LogBlueprint:Warning: [compiler Gui] Warning [0015.88] Compile of Gui successful, but with 2 Warning(s) [in 0 ms]
[2015.08.28-19.47.23:815][  0]LogBlueprint:Warning: [compiler Gui] Warning [0015.88] Compile of Gui successful, but with 3 Warning(s) [in 0 ms]
[2015.08.28-19.47.27:160][  0]LogBlueprint:Warning: [compiler Gui] Warning 'gnawmers' is already a 'Enemy 1', you don't need  Cast To Enemy1 .
[2015.08.28-19.47.27:172][  0]LogBlueprint:Warning: [compiler Gui] Warning [0019.24] Compile of Gui successful, but with 1 Warning(s) [in 69 ms]
[2015.08.28-19.47.27:174][  0]LogBlueprint:Warning: [compiler Gui] Warning [0019.24] Compile of Gui successful, but with 2 Warning(s) [in 1 ms]
[2015.08.28-19.47.27:335][  0]LogBlueprint:Warning: [compiler GnawmersHealth] Warning 'gnawmers' is already a 'Enemy 1', you don't need  Cast To Enemy1 .
[2015.08.28-19.47.27:335][  0]LogBlueprint:Warning: [compiler GnawmersHealth] Warning [0019.41] Compile of GnawmersHealth successful, but with 1 Warning(s) [in 27 ms]
[2015.08.28-19.47.27:336][  0]LogBlueprint:Warning: [compiler GnawmersHealth] Warning [0019.41] Compile of GnawmersHealth successful, but with 2 Warning(s) [in 0 ms]
[2015.08.28-19.47.32:686][  0]LogAIModule: Creating AISystem for world NewCave
[2015.08.28-19.47.32:864][  0]LogEditorServer: Finished looking for orphan Actors (0.000 secs)
[2015.08.28-19.47.32:866][  0]Cmd: MAP CHECKDEP NOCLEARLOG
[2015.08.28-19.47.33:051][  0]MapCheck: Info Map check complete: 0 Error(s), 0 Warning(s), took 184.589ms to complete.
[2015.08.28-19.47.33:051][  0]LogFileHelpers: Loading map 'NewCave' took 12.511
[2015.08.28-19.47.33:147][  0]LogCollectionManager: Loaded 0 collections in 0.002691 seconds
[2015.08.28-19.47.33:157][  0]LogContentBrowser: Native class hierarchy populated in 0.0102 seconds. Added 1792 classes and 301 folders.
[2015.08.28-19.47.33:234][  0]LogContentBrowser: Native class hierarchy updated for 'WidgetCarousel' in 0.0005 seconds. Added 0 classes and 0 folders.
[2015.08.28-19.47.33:284][  0]LogContentBrowser: Native class hierarchy updated for 'AddContentDialog' in 0.0005 seconds. Added 0 classes and 0 folders.
[2015.08.28-19.47.33:361][  0]LogContentBrowser: Native class hierarchy updated for 'SceneOutliner' in 0.0006 seconds. Added 1 classes and 2 folders.
[2015.08.28-19.47.33:415][  0]LogCrashTracker: Crashtracker disabled due to settings.
[2015.08.28-19.47.33:417][  0]LogD3D11RHI: InitD3DDevice
[2015.08.28-19.47.33:421][  0]LogUObjectGlobals:Warning: Failed to find object 'Class None.'
[2015.08.28-19.47.33:443][  0]LogLoad: Full Startup: 25.51 seconds (BP compile: 5.99 seconds)
[2015.08.28-19.47.33:919][  0]LogContentStreaming: Texture pool size is 0.000000MB
[2015.08.28-19.47.34:137][  0]LogContentStreaming: Texture pool size now 1000 MB
[2015.08.28-19.47.34:512][  0]LogRenderer: Reallocating scene render targets to support 1552x928 (Frame:2).
[2015.08.28-19.47.34:756][  1]Cmd: UpdateLandscapeEditorData -warnings
[2015.08.28-19.47.34:758][  1]Cmd: UpdateLandscapeEditorData
[2015.08.28-19.47.42:458][ 24]LogAssetRegistry: Asset discovery search completed in 23.7436 seconds
[2015.08.28-19.48.51:117][230]LogD3D11RHI: InitD3DDevice
[2015.08.28-19.48.52:632][288]LogActorComponent: UnregisterComponent: (/Engine/Transient.CharMoveComp) Not registered. Aborting.
[2015.08.28-19.48.54:014][288]LogWindowsTextInputMethodSystem:Display: IME system now deactivated.
[2015.08.28-19.48.54:398][289]Cmd: QUIT_EDITOR
[2015.08.28-19.48.54:837][289]LogExit: Preparing to exit.
[2015.08.28-19.48.55:784][289]LogExit: Editor shut down
[2015.08.28-19.48.55:784][289]LogExit: Transaction tracking system shut down
[2015.08.28-19.48.55:806][289]LogParticles: Destroying 0 GPU particle simulations for FXSystem 0x000000C49FDD8540
[2015.08.28-19.48.55:810][289]LogParticles: Destroying 0 GPU particle simulations for FXSystem 0x000000C4BC597880
[2015.08.28-19.48.55:810][289]LogParticles: Destroying 0 GPU particle simulations for FXSystem 0x000000C4BC602B60
[2015.08.28-19.48.55:810][289]LogParticles: Destroying 0 GPU particle simulations for FXSystem 0x000000C492AF8C20
[2015.08.28-19.48.55:810][289]LogParticles: Destroying 0 GPU particle simulations for FXSystem 0x000000C492AF8400
[2015.08.28-19.48.55:999][289]LogExit: Object subsystem successfully closed.
[2015.08.28-19.48.56:021][289]LogD3D11RHI: Shutdown
[2015.08.28-19.48.56:021][289]LogD3D11RHI: CleanupD3DDevice
[2015.08.28-19.48.56:025][289]LogD3D11RHI: ~FD3D11DynamicRHI
[2015.08.28-19.48.56:053][289]LogModuleManager: Shutting down and abandoning module CrashTracker (188)
[2015.08.28-19.48.56:053][289]LogModuleManager: Shutting down and abandoning module SceneOutliner (187)
[2015.08.28-19.48.56:053][289]LogModuleManager: Shutting down and abandoning module SuperSearch (186)
[2015.08.28-19.48.56:053][289]LogModuleManager: Shutting down and abandoning module WidgetCarousel (185)
[2015.08.28-19.48.56:053][289]LogModuleManager: Shutting down and abandoning module AddContentDialog (184)
[2015.08.28-19.48.56:054][289]LogModuleManager: Shutting down and abandoning module EditorWidgets (183)
[2015.08.28-19.48.56:054][289]LogModuleManager: Shutting down and abandoning module CollectionManager (182)
[2015.08.28-19.48.56:054][289]LogModuleManager: Shutting down and abandoning module StatsViewer (181)
[2015.08.28-19.48.56:054][289]LogModuleManager: Shutting down and abandoning module FoliageEdit (180)
[2015.08.28-19.48.56:054][289]LogModuleManager: Shutting down and abandoning module LandscapeEditor (179)
[2015.08.28-19.48.56:054][289]LogModuleManager: Shutting down and abandoning module ActorPickerMode (178)
[2015.08.28-19.48.56:054][289]LogModuleManager: Shutting down and abandoning module GeometryMode (177)
[2015.08.28-19.48.56:054][289]LogModuleManager: Shutting down and abandoning module TextureAlignMode (176)
[2015.08.28-19.48.56:054][289]LogModuleManager: Shutting down and abandoning module BspMode (175)
[2015.08.28-19.48.56:054][289]LogModuleManager: Shutting down and abandoning module PlacementMode (174)
[2015.08.28-19.48.56:055][289]LogModuleManager: Shutting down and abandoning module AutomationWorker (173)
[2015.08.28-19.48.56:055][289]LogModuleManager: Shutting down and abandoning module CharacterAI (172)
[2015.08.28-19.48.56:055][289]LogModuleManager: Shutting down and abandoning module SmartSnapping (171)
[2015.08.28-19.48.56:055][289]LogModuleManager: Shutting down and abandoning module ViewportSnapping (170)
[2015.08.28-19.48.56:055][289]LogModuleManager: Shutting down and abandoning module LogVisualizer (169)
[2015.08.28-19.48.56:055][289]LogModuleManager: Shutting down and abandoning module GameProjectGeneration (168)
[2015.08.28-19.48.56:055][289]LogModuleManager: Shutting down and abandoning module IntroTutorials (167)
[2015.08.28-19.48.56:055][289]LogModuleManager: Shutting down and abandoning module EditorLiveStreaming (166)
[2015.08.28-19.48.56:055][289]LogModuleManager: Shutting down and abandoning module IOSPlatformEditor (165)
[2015.08.28-19.48.56:055][289]LogModuleManager: Shutting down and abandoning module HTML5PlatformEditor (164)
[2015.08.28-19.48.56:055][289]LogModuleManager: Shutting down and abandoning module AndroidDeviceDetection (163)
[2015.08.28-19.48.56:780][289]LogModuleManager: Shutting down and abandoning module AndroidPlatformEditor (162)
[2015.08.28-19.48.56:780][289]LogModuleManager: Shutting down and abandoning module IOSRuntimeSettings (161)
[2015.08.28-19.48.56:780][289]LogModuleManager: Shutting down and abandoning module AndroidRuntimeSettings (160)
[2015.08.28-19.48.56:780][289]LogModuleManager: Shutting down and abandoning module MergeActors (159)
[2015.08.28-19.48.56:780][289]LogModuleManager: Shutting down and abandoning module SizeMap (158)
[2015.08.28-19.48.56:780][289]LogModuleManager: Shutting down and abandoning module TreeMap (157)
[2015.08.28-19.48.56:780][289]LogModuleManager: Shutting down and abandoning module ReferenceViewer (156)
[2015.08.28-19.48.56:780][289]LogModuleManager: Shutting down and abandoning module LocalizationDashboard (155)
[2015.08.28-19.48.56:780][289]LogModuleManager: Shutting down and abandoning module HardwareTargeting (154)
[2015.08.28-19.48.56:780][289]LogModuleManager: Shutting down and abandoning module DeviceProfileEditor (153)
[2015.08.28-19.48.56:780][289]LogModuleManager: Shutting down and abandoning module UndoHistory (152)
[2015.08.28-19.48.56:780][289]LogModuleManager: Shutting down and abandoning module GameplayTagsEditor (151)
[2015.08.28-19.48.56:780][289]LogModuleManager: Shutting down and abandoning module UserFeedback (150)
[2015.08.28-19.48.56:780][289]LogModuleManager: Shutting down and abandoning module XmlParser (149)
[2015.08.28-19.48.56:780][289]LogModuleManager: Shutting down and abandoning module Blutility (148)
[2015.08.28-19.48.56:780][289]LogModuleManager: Shutting down and abandoning module ProjectTargetPlatformEditor (147)
[2015.08.28-19.48.56:780][289]LogModuleManager: Shutting down and abandoning module ProjectSettingsViewer (146)
[2015.08.28-19.48.56:781][289]LogModuleManager: Shutting down and abandoning module InputBindingEditor (145)
[2015.08.28-19.48.56:781][289]LogModuleManager: Shutting down and abandoning module EditorSettingsViewer (144)
[2015.08.28-19.48.56:781][289]LogModuleManager: Shutting down and abandoning module SettingsEditor (143)
[2015.08.28-19.48.56:781][289]LogModuleManager: Shutting down and abandoning module ProjectLauncher (142)
[2015.08.28-19.48.56:781][289]LogModuleManager: Shutting down and abandoning module SessionFrontend (141)
[2015.08.28-19.48.56:781][289]LogModuleManager: Shutting down and abandoning module ProfilerClient (140)
[2015.08.28-19.48.56:781][289]LogModuleManager: Shutting down and abandoning module TargetDeviceServices (139)
[2015.08.28-19.48.56:781][289]LogModuleManager: Shutting down and abandoning module DeviceManager (138)
[2015.08.28-19.48.56:781][289]LogModuleManager: Shutting down and abandoning module AutomationController (137)
[2015.08.28-19.48.56:781][289]LogModuleManager: Shutting down and abandoning module AutomationWindow (136)
[2015.08.28-19.48.56:781][289]LogModuleManager: Shutting down and abandoning module Layers (135)
[2015.08.28-19.48.56:781][289]LogModuleManager: Shutting down and abandoning module ComponentVisualizers (134)
[2015.08.28-19.48.56:781][289]LogModuleManager: Shutting down and abandoning module DetailCustomizations (133)
[2015.08.28-19.48.56:781][289]LogModuleManager: Shutting down and abandoning module PackagesDialog (132)
[2015.08.28-19.48.56:781][289]LogModuleManager: Shutting down and abandoning module AssetRegistry (131)
[2015.08.28-19.48.56:892][289]LogModuleManager: Shutting down and abandoning module Persona (130)
[2015.08.28-19.48.56:893][289]LogModuleManager: Shutting down and abandoning module Kismet (129)
[2015.08.28-19.48.56:893][289]LogModuleManager: Shutting down and abandoning module GraphEditor (128)
[2015.08.28-19.48.56:893][289]LogModuleManager: Shutting down and abandoning module ClassViewer (127)
[2015.08.28-19.48.56:893][289]LogModuleManager: Shutting down and abandoning module Toolbox (126)
[2015.08.28-19.48.56:893][289]LogModuleManager: Shutting down and abandoning module ModuleUI (125)
[2015.08.28-19.48.56:893][289]LogModuleManager: Shutting down and abandoning module MovieSceneTools (124)
[2015.08.28-19.48.56:893][289]LogModuleManager: Shutting down and abandoning module OutputLog (123)
[2015.08.28-19.48.56:893][289]LogModuleManager: Shutting down and abandoning module GammaUI (122)
[2015.08.28-19.48.56:893][289]LogModuleManager: Shutting down and abandoning module Documentation (121)
[2015.08.28-19.48.56:893][289]LogModuleManager: Shutting down and abandoning module GameLiveStreaming (120)
[2015.08.28-19.48.56:893][289]LogModuleManager: Shutting down and abandoning module StreamingPauseRendering (119)
[2015.08.28-19.48.56:893][289]LogModuleManager: Shutting down and abandoning module AnalyticsET (118)
[2015.08.28-19.48.56:893][289]LogModuleManager: Shutting down and abandoning module Analytics (117)
[2015.08.28-19.48.56:893][289]LogModuleManager: Shutting down and abandoning module AITestSuite (116)
[2015.08.28-19.48.56:893][289]LogModuleManager: Shutting down and abandoning module GameplayDebugger (115)
[2015.08.28-19.48.56:893][289]LogModuleManager: Shutting down and abandoning module AIModule (114)
[2015.08.28-19.48.56:893][289]LogModuleManager: Shutting down and abandoning module ProfilerService (113)
[2015.08.28-19.48.57:120][289]LogModuleManager: Shutting down and abandoning module TaskGraph (112)
[2015.08.28-19.48.57:120][289]LogModuleManager: Shutting down and abandoning module SlateRemote (111)
[2015.08.28-19.48.57:120][289]LogModuleManager: Shutting down and abandoning module SteamVRController (110)
[2015.08.28-19.48.57:120][289]LogModuleManager: Shutting down and abandoning module SteamVR (109)
[2015.08.28-19.48.57:120][289]LogModuleManager: Shutting down and abandoning module ProceduralMeshComponent (108)
[2015.08.28-19.48.57:120][289]LogModuleManager: Shutting down and abandoning module OculusRift (107)
[2015.08.28-19.48.57:121][289]LogModuleManager: Shutting down and abandoning module LeapMotionController (106)
[2015.08.28-19.48.57:155][289]LogModuleManager: Shutting down and abandoning module CustomMeshComponent (105)
[2015.08.28-19.48.57:155][289]LogModuleManager: Shutting down and abandoning module CableComponent (104)
[2015.08.28-19.48.57:155][289]LogModuleManager: Shutting down and abandoning module MessagingDebugger (103)
[2015.08.28-19.48.57:155][289]LogModuleManager: Shutting down and abandoning module MediaPlayerEditor (102)
[2015.08.28-19.48.57:155][289]LogModuleManager: Shutting down and abandoning module SpeedTreeImporter (101)
[2015.08.28-19.48.57:155][289]LogModuleManager: Shutting down and abandoning module PluginBrowser (100)
[2015.08.28-19.48.57:155][289]LogModuleManager: Shutting down and abandoning module EpicSurvey (99)
[2015.08.28-19.48.57:155][289]LogModuleManager: Shutting down and abandoning module DesktopPlatform (98)
[2015.08.28-19.48.57:155][289]LogModuleManager: Shutting down and abandoning module VisualStudioSourceCodeAccess (97)
[2015.08.28-19.48.57:155][289]LogModuleManager: Shutting down and abandoning module UObjectPlugin (96)
[2015.08.28-19.48.57:155][289]LogModuleManager: Shutting down and abandoning module SubversionSourceControl (95)
[2015.08.28-19.48.57:155][289]LogModuleManager: Shutting down and abandoning module PerforceSourceControl (94)
[2015.08.28-19.48.57:155][289]LogModuleManager: Shutting down and abandoning module SourceControl (93)
[2015.08.28-19.48.57:155][289]LogModuleManager: Shutting down and abandoning module GitSourceControl (92)
[2015.08.28-19.48.57:155][289]LogModuleManager: Shutting down and abandoning module BlankPlugin (91)
[2015.08.28-19.48.57:155][289]LogModuleManager: Shutting down and abandoning module PaperTiledImporter (90)
[2015.08.28-19.48.57:155][289]LogModuleManager: Shutting down and abandoning module PaperSpriteSheetImporter (89)
[2015.08.28-19.48.57:155][289]LogModuleManager: Shutting down and abandoning module MeshPaint (88)
[2015.08.28-19.48.57:155][289]LogModuleManager: Shutting down and abandoning module SlateReflector (87)
[2015.08.28-19.48.57:155][289]LogModuleManager: Shutting down and abandoning module DirectoryWatcher (86)
[2015.08.28-19.48.57:156][289]LogModuleManager: Shutting down and abandoning module HotReload (85)
[2015.08.28-19.48.57:156][289]LogModuleManager: Shutting down and abandoning module MainFrame (84)
[2015.08.28-19.48.57:156][289]LogModuleManager: Shutting down and abandoning module LevelEditor (83)
[2015.08.28-19.48.57:157][289]LogModuleManager: Shutting down and abandoning module ContentBrowser (82)
[2015.08.28-19.48.57:158][289]LogModuleManager: Shutting down and abandoning module Paper2DEditor (81)
[2015.08.28-19.48.57:158][289]LogModuleManager: Shutting down and abandoning module UdpMessaging (80)
[2015.08.28-19.48.57:258][289]LogModuleManager: Shutting down and abandoning module Paper2D (79)
[2015.08.28-19.48.57:258][289]LogModuleManager: Shutting down and abandoning module WindowsMoviePlayer (78)
[2015.08.28-19.48.57:263][289]LogModuleManager: Shutting down and abandoning module Media (77)
[2015.08.28-19.48.57:263][289]LogModuleManager: Shutting down and abandoning module WmfMedia (76)
[2015.08.28-19.48.57:263][289]LogModuleManager: Shutting down and abandoning module OnlineBlueprintSupport (75)
[2015.08.28-19.48.57:263][289]LogModuleManager: Shutting down and abandoning module PropertyEditor (74)
[2015.08.28-19.48.57:263][289]LogModuleManager: Shutting down and abandoning module BehaviorTreeEditor (73)
[2015.08.28-19.48.57:263][289]LogModuleManager: Shutting down and abandoning module FunctionalTesting (72)
[2015.08.28-19.48.57:263][289]LogModuleManager: Shutting down and abandoning module CollisionAnalyzer (71)
[2015.08.28-19.48.57:263][289]LogModuleManager: Shutting down and abandoning module WorkspaceMenuStructure (70)
[2015.08.28-19.48.57:263][289]LogModuleManager: Shutting down and abandoning module MessageLog (69)
[2015.08.28-19.48.57:263][289]LogModuleManager: Shutting down and abandoning module Sequencer (68)
[2015.08.28-19.48.57:263][289]LogModuleManager: Shutting down and abandoning module AssetTools (67)
[2015.08.28-19.48.57:264][289]LogModuleManager: Shutting down and abandoning module UMGEditor (66)
[2015.08.28-19.48.57:264][289]LogModuleManager: Shutting down and abandoning module UMG (65)
[2015.08.28-19.48.57:264][289]LogModuleManager: Shutting down and abandoning module Slate (64)
[2015.08.28-19.48.57:264][289]LogModuleManager: Shutting down and abandoning module EditorStyle (63)
[2015.08.28-19.48.57:268][289]LogModuleManager: Shutting down and abandoning module SessionServices (62)
[2015.08.28-19.48.57:268][289]LogModuleManager: Shutting down and abandoning module SourceCodeAccess (61)
[2015.08.28-19.48.57:268][289]LogModuleManager: Shutting down and abandoning module HeadMountedDisplay (60)
[2015.08.28-19.48.57:268][289]LogModuleManager: Shutting down and abandoning module XAudio2 (59)
[2015.08.28-19.48.57:268][289]LogModuleManager: Shutting down and abandoning module Networking (57)
[2015.08.28-19.48.57:268][289]LogModuleManager: Shutting down and abandoning module Core (56)
[2015.08.28-19.48.57:268][289]LogModuleManager: Shutting down and abandoning module KismetCompiler (55)
[2015.08.28-19.48.57:268][289]LogModuleManager: Shutting down and abandoning module PhysXFormats (54)
[2015.08.28-19.48.57:268][289]LogModuleManager: Shutting down and abandoning module MeshUtilities (53)
[2015.08.28-19.48.57:268][289]LogModuleManager: Shutting down and abandoning module DerivedDataCache (52)
[2015.08.28-19.48.57:746][289]LogDerivedDataCache: Shutdown
[2015.08.28-19.48.57:746][289]LogModuleManager: Shutting down and abandoning module ShaderFormatOpenGL (51)
[2015.08.28-19.48.57:746][289]LogModuleManager: Shutting down and abandoning module ShaderFormatD3D (50)
[2015.08.28-19.48.57:746][289]LogModuleManager: Shutting down and abandoning module MetalShaderFormat (49)
[2015.08.28-19.48.57:746][289]LogModuleManager: Shutting down and abandoning module TextureFormatUncompressed (48)
[2015.08.28-19.48.57:746][289]LogModuleManager: Shutting down and abandoning module TextureFormatPVR (47)
[2015.08.28-19.48.57:746][289]LogModuleManager: Shutting down and abandoning module TextureFormatIntelISPCTexComp (46)
[2015.08.28-19.48.57:746][289]LogModuleManager: Shutting down and abandoning module TextureFormatDXT (45)
[2015.08.28-19.48.57:746][289]LogModuleManager: Shutting down and abandoning module ImageWrapper (44)
[2015.08.28-19.48.57:746][289]LogModuleManager: Shutting down and abandoning module TextureFormatASTC (43)
[2015.08.28-19.48.57:746][289]LogModuleManager: Shutting down and abandoning module TextureFormatAndroid (42)
[2015.08.28-19.48.57:746][289]LogModuleManager: Shutting down and abandoning module AudioFormatOpus (41)
[2015.08.28-19.48.57:746][289]LogModuleManager: Shutting down and abandoning module AudioFormatOgg (40)
[2015.08.28-19.48.57:746][289]LogModuleManager: Shutting down and abandoning module AudioFormatADPCM (39)
[2015.08.28-19.48.57:746][289]LogModuleManager: Shutting down and abandoning module LinuxTargetPlatform (38)
[2015.08.28-19.48.57:746][289]LogModuleManager: Shutting down and abandoning module LinuxServerTargetPlatform (37)
[2015.08.28-19.48.57:746][289]LogModuleManager: Shutting down and abandoning module LinuxNoEditorTargetPlatform (36)
[2015.08.28-19.48.57:746][289]LogModuleManager: Shutting down and abandoning module Messaging (35)
[2015.08.28-19.48.57:746][289]LogModuleManager: Shutting down and abandoning module IOSTargetPlatform (34)
[2015.08.28-19.48.57:746][289]LogModuleManager: Shutting down and abandoning module HTML5TargetPlatform (33)
[2015.08.28-19.48.57:746][289]LogModuleManager: Shutting down and abandoning module Android_PVRTCTargetPlatform (32)
[2015.08.28-19.48.57:746][289]LogModuleManager: Shutting down and abandoning module Android_ETC2TargetPlatform (31)
[2015.08.28-19.48.57:746][289]LogModuleManager: Shutting down and abandoning module Android_ETC1TargetPlatform (30)
[2015.08.28-19.48.57:746][289]LogModuleManager: Shutting down and abandoning module Android_DXTTargetPlatform (29)
[2015.08.28-19.48.57:746][289]LogModuleManager: Shutting down and abandoning module Android_ATCTargetPlatform (28)
[2015.08.28-19.48.57:746][289]LogModuleManager: Shutting down and abandoning module Android_ASTCTargetPlatform (27)
[2015.08.28-19.48.57:746][289]LogModuleManager: Shutting down and abandoning module AndroidTargetPlatform (26)
[2015.08.28-19.48.57:746][289]LogModuleManager: Shutting down and abandoning module WindowsTargetPlatform (25)
[2015.08.28-19.48.57:746][289]LogModuleManager: Shutting down and abandoning module WindowsServerTargetPlatform (24)
[2015.08.28-19.48.57:746][289]LogModuleManager: Shutting down and abandoning module WindowsNoEditorTargetPlatform (23)
[2015.08.28-19.48.57:746][289]LogModuleManager: Shutting down and abandoning module WindowsClientTargetPlatform (22)
[2015.08.28-19.48.57:746][289]LogModuleManager: Shutting down and abandoning module DesktopTargetPlatform (21)
[2015.08.28-19.48.57:746][289]LogModuleManager: Shutting down and abandoning module TargetPlatform (20)
[2015.08.28-19.48.57:746][289]LogModuleManager: Shutting down and abandoning module InputCore (19)
[2015.08.28-19.48.57:746][289]LogModuleManager: Shutting down and abandoning module Settings (18)
[2015.08.28-19.48.57:746][289]LogModuleManager: Shutting down and abandoning module OnlineSubsystem (16)
[2015.08.28-19.48.57:746][289]LogModuleManager: Shutting down and abandoning module HTTP (15)
[2015.08.28-19.48.57:747][289]LogModuleManager: Shutting down and abandoning module ExampleDeviceProfileSelector (14)
[2015.08.28-19.48.57:747][289]LogModuleManager: Shutting down and abandoning module TextureCompressor (13)
[2015.08.28-19.48.57:747][289]LogModuleManager: Shutting down and abandoning module ShaderCore (12)
[2015.08.28-19.48.57:747][289]LogModuleManager: Shutting down and abandoning module Landscape (11)
[2015.08.28-19.48.57:747][289]LogModuleManager: Shutting down and abandoning module SlateRHIRenderer (10)
[2015.08.28-19.48.57:749][289]LogModuleManager: Shutting down and abandoning module OpenGLDrv (9)
[2015.08.28-19.48.57:749][289]LogModuleManager: Shutting down and abandoning module D3D11RHI (8)
[2015.08.28-19.48.57:749][289]LogModuleManager: Shutting down and abandoning module Renderer (7)
[2015.08.28-19.48.57:749][289]LogModuleManager: Shutting down and abandoning module Engine (6)
[2015.08.28-19.48.57:749][289]LogModuleManager: Shutting down and abandoning module CoreUObject (5)
[2015.08.28-19.48.57:749][289]LogModuleManager: Shutting down and abandoning module NetworkFile (4)
[2015.08.28-19.48.57:749][289]LogModuleManager: Shutting down and abandoning module StreamingFile (3)
[2015.08.28-19.48.57:749][289]LogModuleManager: Shutting down and abandoning module SandboxFile (2)
[2015.08.28-19.48.57:749][289]LogModuleManager: Shutting down and abandoning module PakFile (1)
[2015.08.28-19.48.57:750][289]LogExit: Exiting.
[2015.08.28-19.48.57:751][289]Log file closed, 08/28/15 12:48:57
