Log file open, 08/11/15 22:28:18
LogInit:Display: Running engine for game: GodKiller
LogInit: Version: 4.7.6-2513093+++depot+UE4-Releases+4.7
LogInit: API Version: 2455222
LogInit: Compiled (64-bit): Apr 15 2015 12:09:54
LogInit: Compiled with Visual C++: 18.00.21005.01
LogInit: Build Configuration: Development
LogInit: Branch Name: ++depot+UE4-Releases+4.7
LogInit: Command line:  
LogInit: Base directory: D:/Program Files/Unreal/Epic Games/4.7/Engine/Binaries/Win64/
LogInit: Rocket: 1
[2015.08.12-05.28.18:088][  0]LogTaskGraph: Started task graph with 3 named threads and 6 total threads.
[2015.08.12-05.28.18:151][  0]LogOnline:Warning: No default platform service specified for OnlineSubsystem
[2015.08.12-05.28.18:171][  0]LogInit: Presizing for 0 objects not considered by GC, pre-allocating 0 bytes.
[2015.08.12-05.28.18:181][  0]LogInit: Object subsystem initialized
[2015.08.12-05.28.18:183][  0]LogConsoleResponse:Warning: Skipping Unknown console variable: 'TranslucentSortAxis = (X=0.000000,Y=-1.000000,Z=0.000000)'
[2015.08.12-05.28.18:183][  0]LogConsoleResponse:Warning:   Found in ini file 'D:/Storage/Documents/GitHub/God-Killer/Saved/Config/Windows/Engine.ini', in section '[/Script/Engine.RendererSettings]'
[2015.08.12-05.28.18:183][  0]LogConsoleResponse:Warning: Skipping Unknown console variable: 'UIScaleRule = ShortestSide'
[2015.08.12-05.28.18:183][  0]LogConsoleResponse:Warning:   Found in ini file 'D:/Storage/Documents/GitHub/God-Killer/Saved/Config/Windows/Engine.ini', in section '[/Script/Engine.RendererSettings]'
[2015.08.12-05.28.18:183][  0]LogConsoleResponse:Warning: Skipping Unknown console variable: 'UIScaleCurve = (EditorCurveData=(Keys=),ExternalCurve=None)'
[2015.08.12-05.28.18:183][  0]LogConsoleResponse:Warning:   Found in ini file 'D:/Storage/Documents/GitHub/God-Killer/Saved/Config/Windows/Engine.ini', in section '[/Script/Engine.RendererSettings]'
[2015.08.12-05.28.18:183][  0]LogInit: Selected Device Profile: [Windows]
[2015.08.12-05.28.18:183][  0]LogInit: Applying CVar settings loaded from the selected device profile: [Windows]
[2015.08.12-05.28.18:190][  0]LogInit: Computer: JOSEPH-PC
[2015.08.12-05.28.18:190][  0]LogInit: User: Joseph
[2015.08.12-05.28.18:190][  0]LogInit: CPU Page size=4096, Cores=4
[2015.08.12-05.28.18:190][  0]LogInit: High frequency timer resolution =14.318180 MHz
[2015.08.12-05.28.18:190][  0]LogMemory: Memory total: Physical=15.9GB (16GB approx) Virtual=131072.0GB
[2015.08.12-05.28.18:190][  0]LogMemory: Platform Memory Stats for Windows
[2015.08.12-05.28.18:190][  0]LogMemory: Process Physical Memory: 48.47 MB used, 48.47 MB peak
[2015.08.12-05.28.18:190][  0]LogMemory: Process Virtual Memory: 26.80 MB used, 26.81 MB peak
[2015.08.12-05.28.18:190][  0]LogMemory: Physical Memory: 4622.21 MB used, 16280.89 MB total
[2015.08.12-05.28.18:190][  0]LogMemory: Virtual Memory: 293.21 MB used, 134217728.00 MB total
[2015.08.12-05.28.18:218][  0]LogD3D11RHI: Found D3D11 adapter 0: AMD Radeon R9 200 Series (Feature Level 11_0)
[2015.08.12-05.28.18:218][  0]LogD3D11RHI: Adapter has 4075MB of dedicated video memory, 0MB of dedicated system memory, and 8140MB of shared system memory, 1 output[s]
[2015.08.12-05.28.18:219][  0]LogD3D11RHI: Found D3D11 adapter 1: Microsoft Basic Render Driver (Feature Level 11_0)
[2015.08.12-05.28.18:219][  0]LogD3D11RHI: Adapter has 0MB of dedicated video memory, 0MB of dedicated system memory, and 8140MB of shared system memory, 0 output[s]
[2015.08.12-05.28.18:219][  0]LogD3D11RHI: Chosen D3D11 Adapter Id = 0
[2015.08.12-05.28.18:227][  0]LogRHI: Texture pool is 1361 MB (70% of 1945 MB)
[2015.08.12-05.28.18:236][  0]LogD3D11RHI: Async texture creation disabled: no driver support
[2015.08.12-05.28.18:301][  0]LogTextLocalizationManager: The requested culture ('en_US') has no localization data; parent culture's ('en') localization data will be used.
[2015.08.12-05.28.18:363][  0]LogTextLocalizationManager:Warning: Loading localization resources contain conflicting entries for (Namespace:UICommands, Key:Save_ToolTip):
Resource: (D:/Program Files/Unreal/Epic Games/4.7/Engine/Content/Localization/Editor/en/Editor.locres) Hash: (-29098895) String: (Saves the current level to disk)
Resource: (D:/Program Files/Unreal/Epic Games/4.7/Engine/Content/Localization/Engine/en/Engine.locres) Hash: (-1280300587) String: (Save selected data to vlog file)
[2015.08.12-05.28.18:364][  0]LogTextLocalizationManager:Warning: Loading localization resources contain conflicting entries for (Namespace:ContentBrowser, Key:ImportAssetToolTip):
Resource: (D:/Program Files/Unreal/Epic Games/4.7/Engine/Content/Localization/Editor/en/Editor.locres) Hash: (-630476809) String: (Import to {0}...)
Resource: (D:/Program Files/Unreal/Epic Games/4.7/Engine/Content/Localization/Editor/en/Editor.locres) Hash: (1271782899) String: (Imports an asset from file to this folder.)
[2015.08.12-05.28.18:448][  0]LogContentStreaming: Texture pool size is 0.000000MB
[2015.08.12-05.28.22:134][  0]LogTargetPlatformManager:Display: Building Assets For Windows
[2015.08.12-05.28.24:218][  0]LogTargetPlatformManager:Display: Building Assets For Windows
[2015.08.12-05.28.24:325][  0]LogDerivedDataCache:Display: Max Cache Size: 512 MB
[2015.08.12-05.28.24:421][  0]LogDerivedDataCache: Loaded boot cache 0.10s 39MB C:/Users/Joseph/AppData/Local/UnrealEngine/4.7/DerivedDataCache/Boot.ddc.
[2015.08.12-05.28.24:421][  0]LogDerivedDataCache:Display: Loaded Boot cache: C:/Users/Joseph/AppData/Local/UnrealEngine/4.7/DerivedDataCache/Boot.ddc
[2015.08.12-05.28.24:421][  0]LogDerivedDataCache: FDerivedDataBackendGraph:  Pak pak cache file ../../../../../../../Storage/Documents/GitHub/God-Killer/DerivedDataCache/DDC.ddp not found, will not use a pak cache.
[2015.08.12-05.28.24:421][  0]LogDerivedDataCache: Unable to find inner node Pak for hierarchical cache Hierarchy.
[2015.08.12-05.28.24:545][  0]LogDerivedDataCache:Display: Pak cache opened for reading ../../../Engine/DerivedDataCache/Compressed.ddp.
[2015.08.12-05.28.24:558][  0]LogDerivedDataCache: Using Local data cache path C:/Users/Joseph/AppData/Local/UnrealEngine/Common/DerivedDataCache: Writable
[2015.08.12-05.28.24:933][  0]LogMeshUtilities: No automatic mesh reduction module available
[2015.08.12-05.28.24:933][  0]LogMeshUtilities: No automatic mesh merging module available
[2015.08.12-05.28.25:397][  0]LogInit: WinSock: version 1.1 (2.2), MaxSocks=32767, MaxUdp=65467
[2015.08.12-05.28.25:512][  0]LogSlate:Warning: Failed to load font data from '../../../Engine/Content/Slate/Fonts/Roboto-Italic.ttf'
[2015.08.12-05.28.26:510][  0]UdpMessaging: Initializing bridge on interface 0.0.0.0:0 to multicast group 230.0.0.1:6666.
[2015.08.12-05.28.26:798][  0]SourceControl: Info Source control is disabled
[2015.08.12-05.28.26:798][  0]SourceControl: Info Source control is disabled
[2015.08.12-05.28.26:798][  0]SourceControl: Info Source control is disabled
[2015.08.12-05.28.26:798][  0]LogSourceControl: RunCommandInternalRaw: 'git version'
[2015.08.12-05.28.26:798][  0]LogSourceControl: RunCommandInternalRaw: ExecProcess ReturnCode=2 OutResults=''
[2015.08.12-05.28.26:813][  0]SourceControl: Info Source control is disabled
[2015.08.12-05.28.27:092][  0]LogObj: 24232 objects as part of root set at end of initial load.
[2015.08.12-05.28.27:092][  0]LogUObjectAllocator: 5137176 out of 0 bytes used by permanent object pool.
[2015.08.12-05.28.27:196][  0]LogEngine: Initializing Engine...
[2015.08.12-05.28.29:388][  0]LogInit: XAudio2 using '1 - LG ULTRAWIDE (AMD High Definition Audio Device)' : 2 channels at 48 kHz using 16 bits per sample (channel mask 0x3)
[2015.08.12-05.28.29:400][  0]LogInit: FAudioDevice initialized.
[2015.08.12-05.28.29:456][  0]LogAIModule: Creating AISystem for world NewWorld
[2015.08.12-05.28.29:489][  0]LogDerivedDataCache: Saved boot cache 0.03s 39MB C:/Users/Joseph/AppData/Local/UnrealEngine/4.7/DerivedDataCache/Boot.ddc.
[2015.08.12-05.28.29:497][  0]LogInit: Texture streaming: Enabled
[2015.08.12-05.28.29:628][  0]LogAnalytics: Creating configured Analytics provider AnalyticsET
[2015.08.12-05.28.29:628][  0]LogAnalytics: ET APIKey = Rocket.Release. APIServer = http://et2.epicgames.com/ET2/. AppVersion = 4.7.6-2513093+++depot+UE4-Releases+4.7
[2015.08.12-05.28.29:628][  0]LogAnalytics: ET APIKey = Rocket.Release. DataRouterUploadURL = https://datarouter-public-service-gamedev.ol.epicgames.net/datarouter/api/v1/public/data. AppVersion = 4.7.6-2513093+++depot+UE4-Releases+4.7
[2015.08.12-05.28.29:628][  0]LogAnalytics: SetUserId d0fc97d9433d85cfe1d854a78446f226|fbedbf84e6654fb9830ed15a26abc575|31b426bb-6233-41c4-8090-528f38e68011
[2015.08.12-05.28.29:628][  0]LogAnalytics: AnalyticsET::StartSession [Rocket.Release]
[2015.08.12-05.28.29:670][  0]LogInit: Transaction tracking system initialized
[2015.08.12-05.28.29:948][  0]BlueprintLog: New page: Editor Load
[2015.08.12-05.28.29:995][  0]LogAssetRegistry: FAssetRegistry took 0.0105 seconds to start up
[2015.08.12-05.28.29:995][  0]LogDirectoryWatcher:Warning: Failed to begin reading directory changes for ../../../Engine/Plugins/Experimental/CharacterAI/Content/. Error: 0
[2015.08.12-05.28.32:253][  0]LogTargetPlatformManager:Display: Building Assets For Windows
[2015.08.12-05.28.34:320][  0]LogTargetPlatformManager:Display: Building Assets For Windows
[2015.08.12-05.28.34:714][  0]LogSlate:Warning: Failed to load font data from '../../../Engine/Content/Editor/Slate/Fonts/Roboto-Regular.ttf'
[2015.08.12-05.28.34:715][  0]LogSlate:Warning: Failed to load font data from '../../../Engine/Content/Editor/Slate/Fonts/Roboto-Bold.ttf'
[2015.08.12-05.28.34:720][  0]LogConsoleResponse:Display: 
[2015.08.12-05.28.34:901][  0]LogCook:Display: Done creating registry. It took  0.00s.
[2015.08.12-05.28.35:127][  0]SourceControl: Info Source control is disabled
[2015.08.12-05.28.35:127][  0]Cmd: MAP LOAD FILE="../../../../../../../Storage/Documents/GitHub/God-Killer/Content/Scene/NewCave.umap" TEMPLATE=0 SHOWPROGRESS=1 FEATURELEVEL=3
[2015.08.12-05.28.35:128][  0]LightingResults: New page: Lighting Build
[2015.08.12-05.28.35:147][  0]MapCheck: New page: Map Check
[2015.08.12-05.28.35:147][  0]LightingResults: New page: Lighting Build
[2015.08.12-05.28.35:157][  0]LogParticles: Destroying 0 GPU particle simulations for FXSystem 0x000000BFA15BCD60
[2015.08.12-05.28.42:327][  0]LogEditorServer: Finished looking for orphan Actors (0.000 secs)
[2015.08.12-05.28.42:328][  0]LogAIModule: Creating AISystem for world NewCave
[2015.08.12-05.28.42:328][  0]Cmd: MAP CHECKDEP
[2015.08.12-05.28.42:329][  0]MapCheck: New page: NewCave - Aug 11, 2015, 3:28:42 PM
[2015.08.12-05.28.42:524][  0]MapCheck: Info Map check complete: 0 Error(s), 0 Warning(s), took 195.708ms to complete.
[2015.08.12-05.28.42:524][  0]LogFileHelpers: Loading map 'NewCave' took 7.398
[2015.08.12-05.28.42:630][  0]LogCollectionManager: Loaded 0 collections in 0.002217 seconds
[2015.08.12-05.28.42:641][  0]LogContentBrowser: Native class hierarchy populated in 0.0108 seconds. Added 1696 classes and 261 folders.
[2015.08.12-05.28.42:736][  0]LogContentBrowser: Native class hierarchy updated for 'SceneOutliner' in 0.0023 seconds. Added 1 classes and 2 folders.
[2015.08.12-05.28.42:809][  0]LogCrashTracker: Crashtracker disabled due to settings.
[2015.08.12-05.28.42:810][  0]LogSlate:Warning: Failed to load font data from 'Veranda'
[2015.08.12-05.28.42:815][  0]LogUObjectGlobals:Warning: Failed to find object 'Class None.'
[2015.08.12-05.28.42:844][  0]LogLoad: Full Startup: 26.86 seconds (BP compile: 2.91 seconds)
[2015.08.12-05.28.42:886][  0]LogContentBrowser:Verbose: The content browser source was changed by the sources view to '/Game/ThirdPersonBP/Blueprints'
[2015.08.12-05.28.43:090][  0]LogRenderer:Warning: Reallocating scene render targets to support 32x32 (Frame:2).
[2015.08.12-05.28.43:291][  0]LogRenderer:Warning: Reallocating scene render targets to support 1520x928 (Frame:17).
[2015.08.12-05.28.43:486][  1]Cmd: UpdateLandscapeEditorData -warnings
[2015.08.12-05.28.43:487][  1]Cmd: UpdateLandscapeEditorData
[2015.08.12-05.28.44:052][  9]LogAssetRegistry: Asset discovery search completed in 14.0672 seconds
[2015.08.12-05.28.50:939][576]BlueprintLog: New page: Pre-PIE auto-recompile
[2015.08.12-05.28.50:939][576]LogPlayLevel: [PIE] Compiling NewCave before PIE...
[2015.08.12-05.28.51:151][576]LogActorComponent: UnregisterComponent: (/Engine/Transient.CharMoveComp) Not registered. Aborting.
[2015.08.12-05.28.51:225][576]LogPlayLevel: PIE:  Blueprint regeneration took 286 ms (1 blueprints)
[2015.08.12-05.28.51:225][576]PIE: New page: PIE session: NewCave (Aug 11, 2015, 3:28:51 PM)
[2015.08.12-05.28.51:285][576]LogPlayLevel: PIE: StaticDuplicateObject took: (0.059554s)
[2015.08.12-05.28.51:286][576]LogPlayLevel: PIE: World Init took: (0.000711s)
[2015.08.12-05.28.51:286][576]LogPlayLevel: PIE: Created PIE world by copying editor world from /Game/Scene/NewCave.NewCave to /Game/Scene/UEDPIE_0_NewCave.NewCave (0.060537s)
[2015.08.12-05.28.51:348][576]LogWorld: Game class is 'ThirdPersonGameMode_C'
[2015.08.12-05.28.51:351][576]LogAIModule: Creating AISystem for world NewCave
[2015.08.12-05.28.51:706][576]LogWorld:Warning: *** WARNING - PATHS MAY NOT BE VALID ***
[2015.08.12-05.28.51:706][576]LogWorld: Bringing World /Game/Scene/UEDPIE_0_NewCave.NewCave up for play (max tick rate 0) at 2015.08.11-22.28.51
[2015.08.12-05.28.51:710][576]LogWorld: Bringing up level for play took: 0.358265
[2015.08.12-05.28.51:720][576]PIE: Info Play in editor start time for /Game/Scene/UEDPIE_0_NewCave 1.47
[2015.08.12-05.28.51:760][576]LogScript:Warning: Accessed None 'K2Node_DynamicCast_AsThird_Person_Character2'
	SuccessScreen_C /Engine/Transient.UnrealEdEngine_0:GameInstance_0.SuccessScreen_C_0
	Function /Game/GUI/SuccessScreen.SuccessScreen_C:ExecuteUbergraph_SuccessScreen:00D2
[2015.08.12-05.29.04:446][706]LogScript:Warning: Accessed None 'Gnamers'
	Enemy1_C /Game/Scene/UEDPIE_0_NewCave.NewCave:PersistentLevel.Enemy1_C_2
	Function /Game/Enemy1/Enemy1.Enemy1_C:ExecuteUbergraph_Enemy1:0B74
[2015.08.12-05.29.04:447][706]PIE:Error: Error Accessed None 'Gnamers' from node Construction Script in blueprint Enemy1
[2015.08.12-05.29.04:447][706]LogScript:Warning: UGameplayStatics::SpawnEmitterAttached: NULL AttachComponent specified!
[2015.08.12-05.29.04:943][750]LogScript:Warning: Accessed None 'Gnamers'
	Enemy1_C /Game/Scene/UEDPIE_0_NewCave.NewCave:PersistentLevel.Enemy1_C_2
	Function /Game/Enemy1/Enemy1.Enemy1_C:ExecuteUbergraph_Enemy1:0B74
[2015.08.12-05.29.04:944][750]PIE:Error: Error Accessed None 'Gnamers' from node Construction Script in blueprint Enemy1
[2015.08.12-05.29.04:944][750]LogScript:Warning: UGameplayStatics::SpawnEmitterAttached: NULL AttachComponent specified!
[2015.08.12-05.29.04:944][750]LogScript:Warning: Accessed None 'Gnamers'
	Enemy1_C /Game/Scene/UEDPIE_0_NewCave.NewCave:PersistentLevel.Enemy1_C_2
	Function /Game/Enemy1/Enemy1.Enemy1_C:ExecuteUbergraph_Enemy1:0B74
[2015.08.12-05.29.04:944][750]PIE:Error: Error Accessed None 'Gnamers' from node Construction Script in blueprint Enemy1
[2015.08.12-05.29.04:944][750]LogScript:Warning: UGameplayStatics::SpawnEmitterAttached: NULL AttachComponent specified!
[2015.08.12-05.29.05:461][796]LogScript:Warning: Accessed None 'Gnamers'
	Enemy1_C /Game/Scene/UEDPIE_0_NewCave.NewCave:PersistentLevel.Enemy1_C_2
	Function /Game/Enemy1/Enemy1.Enemy1_C:ExecuteUbergraph_Enemy1:0B74
[2015.08.12-05.29.05:461][796]PIE:Error: Error Accessed None 'Gnamers' from node Construction Script in blueprint Enemy1
[2015.08.12-05.29.05:461][796]LogScript:Warning: UGameplayStatics::SpawnEmitterAttached: NULL AttachComponent specified!
[2015.08.12-05.29.05:631][810]LogScript:Warning: Accessed None 'Gnamers'
	Enemy1_C /Game/Scene/UEDPIE_0_NewCave.NewCave:PersistentLevel.Enemy1_C_2
	Function /Game/Enemy1/Enemy1.Enemy1_C:ExecuteUbergraph_Enemy1:0B74
[2015.08.12-05.29.05:631][810]PIE:Error: Error Accessed None 'Gnamers' from node Construction Script in blueprint Enemy1
[2015.08.12-05.29.05:631][810]LogScript:Warning: UGameplayStatics::SpawnEmitterAttached: NULL AttachComponent specified!
[2015.08.12-05.29.06:222][862]LogScript:Warning: Accessed None 'Gnamers'
	Enemy1_C /Game/Scene/UEDPIE_0_NewCave.NewCave:PersistentLevel.Enemy1_C_2
	Function /Game/Enemy1/Enemy1.Enemy1_C:ExecuteUbergraph_Enemy1:0B74
[2015.08.12-05.29.06:222][862]PIE:Error: Error Accessed None 'Gnamers' from node Construction Script in blueprint Enemy1
[2015.08.12-05.29.06:222][862]LogScript:Warning: UGameplayStatics::SpawnEmitterAttached: NULL AttachComponent specified!
[2015.08.12-05.29.06:244][864]LogScript:Warning: Accessed None 'Gnamers'
	Enemy1_C /Game/Scene/UEDPIE_0_NewCave.NewCave:PersistentLevel.Enemy1_C_2
	Function /Game/Enemy1/Enemy1.Enemy1_C:ExecuteUbergraph_Enemy1:0B74
[2015.08.12-05.29.06:244][864]PIE:Error: Error Accessed None 'Gnamers' from node Construction Script in blueprint Enemy1
[2015.08.12-05.29.06:244][864]LogScript:Warning: UGameplayStatics::SpawnEmitterAttached: NULL AttachComponent specified!
[2015.08.12-05.29.06:369][875]LogScript:Warning: Accessed None 'Gnamers'
	Enemy1_C /Game/Scene/UEDPIE_0_NewCave.NewCave:PersistentLevel.Enemy1_C_2
	Function /Game/Enemy1/Enemy1.Enemy1_C:ExecuteUbergraph_Enemy1:0B74
[2015.08.12-05.29.06:369][875]PIE:Error: Error Accessed None 'Gnamers' from node Construction Script in blueprint Enemy1
[2015.08.12-05.29.06:370][875]LogScript:Warning: UGameplayStatics::SpawnEmitterAttached: NULL AttachComponent specified!
[2015.08.12-05.29.06:436][881]LogScript:Warning: Accessed None 'Gnamers'
	Enemy1_C /Game/Scene/UEDPIE_0_NewCave.NewCave:PersistentLevel.Enemy1_C_2
	Function /Game/Enemy1/Enemy1.Enemy1_C:ExecuteUbergraph_Enemy1:0B74
[2015.08.12-05.29.06:437][881]PIE:Error: Error Accessed None 'Gnamers' from node Construction Script in blueprint Enemy1
[2015.08.12-05.29.06:437][881]LogScript:Warning: UGameplayStatics::SpawnEmitterAttached: NULL AttachComponent specified!
[2015.08.12-05.29.06:437][881]LogBlueprintUserMessages: 1.0
[2015.08.12-05.29.06:439][881]LogMaterial:Warning: Material /Game/Materials/GnawmersDeath/Death.Death missing bUsedWithSkeletalMesh=True! Default Material will be used in game.
[2015.08.12-05.29.06:439][881]LogMaterial:Warning:      The material will recompile every editor launch until resaved.
[2015.08.12-05.29.06:889][921]LogScript:Warning: Accessed None 'Gnamers'
	Enemy1_C /Game/Scene/UEDPIE_0_NewCave.NewCave:PersistentLevel.Enemy1_C_2
	Function /Game/Enemy1/Enemy1.Enemy1_C:ExecuteUbergraph_Enemy1:0B74
[2015.08.12-05.29.06:889][921]PIE:Error: Error Accessed None 'Gnamers' from node Construction Script in blueprint Enemy1
[2015.08.12-05.29.06:889][921]LogScript:Warning: UGameplayStatics::SpawnEmitterAttached: NULL AttachComponent specified!
[2015.08.12-05.29.07:108][940]LogScript:Warning: Accessed None 'Gnamers'
	Enemy1_C /Game/Scene/UEDPIE_0_NewCave.NewCave:PersistentLevel.Enemy1_C_2
	Function /Game/Enemy1/Enemy1.Enemy1_C:ExecuteUbergraph_Enemy1:0B74
[2015.08.12-05.29.07:109][940]PIE:Error: Error Accessed None 'Gnamers' from node Construction Script in blueprint Enemy1
[2015.08.12-05.29.07:109][940]LogScript:Warning: UGameplayStatics::SpawnEmitterAttached: NULL AttachComponent specified!
[2015.08.12-05.29.08:883][ 92]LogBlueprintUserMessages: 0.0
[2015.08.12-05.29.09:441][141]LogScript:Warning: Accessed None 'Gnamers'
	Enemy1_C /Game/Scene/UEDPIE_0_NewCave.NewCave:PersistentLevel.Enemy1_C_3
	Function /Game/Enemy1/Enemy1.Enemy1_C:ExecuteUbergraph_Enemy1:0B74
[2015.08.12-05.29.09:442][141]PIE:Error: Error Accessed None 'Gnamers' from node Construction Script in blueprint Enemy1
[2015.08.12-05.29.09:442][141]LogScript:Warning: UGameplayStatics::SpawnEmitterAttached: NULL AttachComponent specified!
[2015.08.12-05.29.09:464][143]LogScript:Warning: Accessed None 'Gnamers'
	Enemy1_C /Game/Scene/UEDPIE_0_NewCave.NewCave:PersistentLevel.Enemy1_C_3
	Function /Game/Enemy1/Enemy1.Enemy1_C:ExecuteUbergraph_Enemy1:0B74
[2015.08.12-05.29.09:465][143]PIE:Error: Error Accessed None 'Gnamers' from node Construction Script in blueprint Enemy1
[2015.08.12-05.29.09:465][143]LogScript:Warning: UGameplayStatics::SpawnEmitterAttached: NULL AttachComponent specified!
[2015.08.12-05.29.09:798][172]LogScript:Warning: Accessed None 'Gnamers'
	Enemy1_C /Game/Scene/UEDPIE_0_NewCave.NewCave:PersistentLevel.Enemy1_C_3
	Function /Game/Enemy1/Enemy1.Enemy1_C:ExecuteUbergraph_Enemy1:0B74
[2015.08.12-05.29.09:799][172]PIE:Error: Error Accessed None 'Gnamers' from node Construction Script in blueprint Enemy1
[2015.08.12-05.29.09:799][172]LogScript:Warning: UGameplayStatics::SpawnEmitterAttached: NULL AttachComponent specified!
[2015.08.12-05.29.09:799][172]LogScript:Warning: Accessed None 'Gnamers'
	Enemy1_C /Game/Scene/UEDPIE_0_NewCave.NewCave:PersistentLevel.Enemy1_C_3
	Function /Game/Enemy1/Enemy1.Enemy1_C:ExecuteUbergraph_Enemy1:0B74
[2015.08.12-05.29.09:799][172]PIE:Error: Error Accessed None 'Gnamers' from node Construction Script in blueprint Enemy1
[2015.08.12-05.29.09:799][172]LogScript:Warning: UGameplayStatics::SpawnEmitterAttached: NULL AttachComponent specified!
[2015.08.12-05.29.10:189][206]LogScript:Warning: Accessed None 'Gnamers'
	Enemy1_C /Game/Scene/UEDPIE_0_NewCave.NewCave:PersistentLevel.Enemy1_C_3
	Function /Game/Enemy1/Enemy1.Enemy1_C:ExecuteUbergraph_Enemy1:0B74
[2015.08.12-05.29.10:189][206]PIE:Error: Error Accessed None 'Gnamers' from node Construction Script in blueprint Enemy1
[2015.08.12-05.29.10:189][206]LogScript:Warning: UGameplayStatics::SpawnEmitterAttached: NULL AttachComponent specified!
[2015.08.12-05.29.10:595][240]LogScript:Warning: Accessed None 'Gnamers'
	Enemy1_C /Game/Scene/UEDPIE_0_NewCave.NewCave:PersistentLevel.Enemy1_C_3
	Function /Game/Enemy1/Enemy1.Enemy1_C:ExecuteUbergraph_Enemy1:0B74
[2015.08.12-05.29.10:595][240]PIE:Error: Error Accessed None 'Gnamers' from node Construction Script in blueprint Enemy1
[2015.08.12-05.29.10:595][240]LogScript:Warning: UGameplayStatics::SpawnEmitterAttached: NULL AttachComponent specified!
[2015.08.12-05.29.10:743][252]LogScript:Warning: Accessed None 'Gnamers'
	Enemy1_C /Game/Scene/UEDPIE_0_NewCave.NewCave:PersistentLevel.Enemy1_C_3
	Function /Game/Enemy1/Enemy1.Enemy1_C:ExecuteUbergraph_Enemy1:0B74
[2015.08.12-05.29.10:743][252]PIE:Error: Error Accessed None 'Gnamers' from node Construction Script in blueprint Enemy1
[2015.08.12-05.29.10:744][252]LogScript:Warning: UGameplayStatics::SpawnEmitterAttached: NULL AttachComponent specified!
[2015.08.12-05.29.11:328][300]LogScript:Warning: Accessed None 'Gnamers'
	Enemy1_C /Game/Scene/UEDPIE_0_NewCave.NewCave:PersistentLevel.Enemy1_C_3
	Function /Game/Enemy1/Enemy1.Enemy1_C:ExecuteUbergraph_Enemy1:0B74
[2015.08.12-05.29.11:328][300]PIE:Error: Error Accessed None 'Gnamers' from node Construction Script in blueprint Enemy1
[2015.08.12-05.29.11:328][300]LogScript:Warning: UGameplayStatics::SpawnEmitterAttached: NULL AttachComponent specified!
[2015.08.12-05.29.11:341][301]LogScript:Warning: Accessed None 'Gnamers'
	Enemy1_C /Game/Scene/UEDPIE_0_NewCave.NewCave:PersistentLevel.Enemy1_C_3
	Function /Game/Enemy1/Enemy1.Enemy1_C:ExecuteUbergraph_Enemy1:0B74
[2015.08.12-05.29.11:341][301]PIE:Error: Error Accessed None 'Gnamers' from node Construction Script in blueprint Enemy1
[2015.08.12-05.29.11:341][301]LogScript:Warning: UGameplayStatics::SpawnEmitterAttached: NULL AttachComponent specified!
[2015.08.12-05.29.11:432][309]LogBlueprintUserMessages: 1.0
[2015.08.12-05.29.11:716][333]LogScript:Warning: Accessed None 'Gnamers'
	Enemy1_C /Game/Scene/UEDPIE_0_NewCave.NewCave:PersistentLevel.Enemy1_C_3
	Function /Game/Enemy1/Enemy1.Enemy1_C:ExecuteUbergraph_Enemy1:0B74
[2015.08.12-05.29.11:716][333]PIE:Error: Error Accessed None 'Gnamers' from node Construction Script in blueprint Enemy1
[2015.08.12-05.29.11:716][333]LogScript:Warning: UGameplayStatics::SpawnEmitterAttached: NULL AttachComponent specified!
[2015.08.12-05.29.12:173][373]LogScript:Warning: Accessed None 'Gnamers'
	Enemy1_C /Game/Scene/UEDPIE_0_NewCave.NewCave:PersistentLevel.Enemy1_C_3
	Function /Game/Enemy1/Enemy1.Enemy1_C:ExecuteUbergraph_Enemy1:0B74
[2015.08.12-05.29.12:173][373]PIE:Error: Error Accessed None 'Gnamers' from node Construction Script in blueprint Enemy1
[2015.08.12-05.29.12:173][373]LogScript:Warning: UGameplayStatics::SpawnEmitterAttached: NULL AttachComponent specified!
[2015.08.12-05.29.13:727][494]LogBlueprintUserMessages: 0.0
[2015.08.12-05.29.14:314][546]LogScript:Warning: Accessed None 'Gnamers'
	Enemy1_C /Game/Scene/UEDPIE_0_NewCave.NewCave:PersistentLevel.Enemy1_C_0
	Function /Game/Enemy1/Enemy1.Enemy1_C:ExecuteUbergraph_Enemy1:0B74
[2015.08.12-05.29.14:314][546]PIE:Error: Error Accessed None 'Gnamers' from node Construction Script in blueprint Enemy1
[2015.08.12-05.29.14:314][546]LogScript:Warning: UGameplayStatics::SpawnEmitterAttached: NULL AttachComponent specified!
[2015.08.12-05.29.16:314][716]LogBlueprintUserMessages: 1.0
[2015.08.12-05.29.20:004][ 49]LogScript:Warning: Accessed None 'Gnamers'
	Enemy1_C /Game/Scene/UEDPIE_0_NewCave.NewCave:PersistentLevel.Enemy1_C_1
	Function /Game/Enemy1/Enemy1.Enemy1_C:ExecuteUbergraph_Enemy1:0B74
[2015.08.12-05.29.20:004][ 49]PIE:Error: Error Accessed None 'Gnamers' from node Construction Script in blueprint Enemy1
[2015.08.12-05.29.20:004][ 49]LogScript:Warning: UGameplayStatics::SpawnEmitterAttached: NULL AttachComponent specified!
[2015.08.12-05.29.21:999][233]LogBlueprintUserMessages: 1.0
[2015.08.12-05.29.25:281][533]LogScript:Warning: Accessed None 'Gnamers'
	Enemy1_C /Game/Scene/UEDPIE_0_NewCave.NewCave:PersistentLevel.Enemy1_C_4
	Function /Game/Enemy1/Enemy1.Enemy1_C:ExecuteUbergraph_Enemy1:0B74
[2015.08.12-05.29.25:281][533]PIE:Error: Error Accessed None 'Gnamers' from node Construction Script in blueprint Enemy1
[2015.08.12-05.29.25:281][533]LogScript:Warning: UGameplayStatics::SpawnEmitterAttached: NULL AttachComponent specified!
[2015.08.12-05.29.25:338][538]LogScript:Warning: Accessed None 'Gnamers'
	Enemy1_C /Game/Scene/UEDPIE_0_NewCave.NewCave:PersistentLevel.Enemy1_C_4
	Function /Game/Enemy1/Enemy1.Enemy1_C:ExecuteUbergraph_Enemy1:0B74
[2015.08.12-05.29.25:338][538]PIE:Error: Error Accessed None 'Gnamers' from node Construction Script in blueprint Enemy1
[2015.08.12-05.29.25:338][538]LogScript:Warning: UGameplayStatics::SpawnEmitterAttached: NULL AttachComponent specified!
[2015.08.12-05.29.25:338][538]LogScript:Warning: Accessed None 'Gnamers'
	Enemy1_C /Game/Scene/UEDPIE_0_NewCave.NewCave:PersistentLevel.Enemy1_C_4
	Function /Game/Enemy1/Enemy1.Enemy1_C:ExecuteUbergraph_Enemy1:0B74
[2015.08.12-05.29.25:339][538]PIE:Error: Error Accessed None 'Gnamers' from node Construction Script in blueprint Enemy1
[2015.08.12-05.29.25:339][538]LogScript:Warning: UGameplayStatics::SpawnEmitterAttached: NULL AttachComponent specified!
[2015.08.12-05.29.25:589][561]LogScript:Warning: Accessed None 'Gnamers'
	Enemy1_C /Game/Scene/UEDPIE_0_NewCave.NewCave:PersistentLevel.Enemy1_C_4
	Function /Game/Enemy1/Enemy1.Enemy1_C:ExecuteUbergraph_Enemy1:0B74
[2015.08.12-05.29.25:590][561]PIE:Error: Error Accessed None 'Gnamers' from node Construction Script in blueprint Enemy1
[2015.08.12-05.29.25:590][561]LogScript:Warning: UGameplayStatics::SpawnEmitterAttached: NULL AttachComponent specified!
[2015.08.12-05.29.27:277][715]LogBlueprintUserMessages: 1.0
[2015.08.12-05.29.27:747][757]LogScript:Warning: Accessed None 'Gnamers'
	Enemy1_C /Game/Scene/UEDPIE_0_NewCave.NewCave:PersistentLevel.Enemy1_C_4
	Function /Game/Enemy1/Enemy1.Enemy1_C:ExecuteUbergraph_Enemy1:0B74
[2015.08.12-05.29.27:747][757]PIE:Error: Error Accessed None 'Gnamers' from node Construction Script in blueprint Enemy1
[2015.08.12-05.29.27:747][757]LogScript:Warning: UGameplayStatics::SpawnEmitterAttached: NULL AttachComponent specified!
[2015.08.12-05.29.27:801][762]LogScript:Warning: Accessed None 'Gnamers'
	Enemy1_C /Game/Scene/UEDPIE_0_NewCave.NewCave:PersistentLevel.Enemy1_C_4
	Function /Game/Enemy1/Enemy1.Enemy1_C:ExecuteUbergraph_Enemy1:0B74
[2015.08.12-05.29.27:801][762]PIE:Error: Error Accessed None 'Gnamers' from node Construction Script in blueprint Enemy1
[2015.08.12-05.29.27:801][762]LogScript:Warning: UGameplayStatics::SpawnEmitterAttached: NULL AttachComponent specified!
[2015.08.12-05.29.29:740][941]LogBlueprintUserMessages: 0.0
[2015.08.12-05.29.40:067][912]LogScript:Warning: Accessed None 'Gnamers'
	Enemy1_C /Game/Scene/UEDPIE_0_NewCave.NewCave:PersistentLevel.Enemy1_C_5
	Function /Game/Enemy1/Enemy1.Enemy1_C:ExecuteUbergraph_Enemy1:0B74
[2015.08.12-05.29.40:067][912]PIE:Error: Error Accessed None 'Gnamers' from node Construction Script in blueprint Enemy1
[2015.08.12-05.29.40:067][912]LogScript:Warning: UGameplayStatics::SpawnEmitterAttached: NULL AttachComponent specified!
[2015.08.12-05.29.42:062][ 95]LogBlueprintUserMessages: 1.0
[2015.08.12-05.30.55:310][300]LogCharacterMovement: ThirdPersonCharacter_C_0 is stuck and failed to move!
[2015.08.12-05.30.55:360][305]LogCharacterMovement: ThirdPersonCharacter_C_0 is stuck and failed to move!
[2015.08.12-05.30.55:381][307]LogCharacterMovement: ThirdPersonCharacter_C_0 is stuck and failed to move!
[2015.08.12-05.30.59:499][715]LogCharacterMovement: ThirdPersonCharacter_C_0 is stuck and failed to move!
[2015.08.12-05.30.59:570][722]LogCharacterMovement: ThirdPersonCharacter_C_0 is stuck and failed to move!
[2015.08.12-05.30.59:591][724]LogCharacterMovement: ThirdPersonCharacter_C_0 is stuck and failed to move!
[2015.08.12-05.30.59:632][728]LogCharacterMovement: ThirdPersonCharacter_C_0 is stuck and failed to move!
[2015.08.12-05.30.59:673][732]LogCharacterMovement: ThirdPersonCharacter_C_0 is stuck and failed to move!
[2015.08.12-05.30.59:746][739]LogCharacterMovement: ThirdPersonCharacter_C_0 is stuck and failed to move!
[2015.08.12-05.30.59:798][744]LogCharacterMovement: ThirdPersonCharacter_C_0 is stuck and failed to move!
[2015.08.12-05.30.59:819][746]LogCharacterMovement: ThirdPersonCharacter_C_0 is stuck and failed to move!
[2015.08.12-05.30.59:840][748]LogCharacterMovement: ThirdPersonCharacter_C_0 is stuck and failed to move!
[2015.08.12-05.30.59:871][751]LogCharacterMovement: ThirdPersonCharacter_C_0 is stuck and failed to move!
[2015.08.12-05.30.59:892][753]LogCharacterMovement: ThirdPersonCharacter_C_0 is stuck and failed to move!
[2015.08.12-05.30.59:923][756]LogCharacterMovement: ThirdPersonCharacter_C_0 is stuck and failed to move!
[2015.08.12-05.30.59:946][758]LogCharacterMovement: ThirdPersonCharacter_C_0 is stuck and failed to move!
[2015.08.12-05.30.59:976][761]LogCharacterMovement: ThirdPersonCharacter_C_0 is stuck and failed to move!
[2015.08.12-05.31.00:007][764]LogCharacterMovement: ThirdPersonCharacter_C_0 is stuck and failed to move!
[2015.08.12-05.31.07:221][465]LogParticles: Destroying 0 GPU particle simulations for FXSystem 0x000000BFA7F6B920
[2015.08.12-05.31.07:902][494]LogEditorViewport: Clicking on Actor (LMB): StaticMeshActor (waterplane)
[2015.08.12-05.31.29:378][997]LogActorComponent: UnregisterComponent: (/Engine/Transient.CharMoveComp) Not registered. Aborting.
[2015.08.12-05.31.31:005][997]Cmd: OBJ SAVEPACKAGE PACKAGE="/Game/Scene/NewCave" FILE="../../../../../../../Storage/Documents/GitHub/God-Killer/Content/Scene/NewCave.umap" SILENT=true AUTOSAVING=false KEEPDIRTY=false
[2015.08.12-05.31.32:477][997]LogSavePackage: Save=1412.286255ms
[2015.08.12-05.31.32:477][997]LogSavePackage: Moving '../../../../../../../Storage/Documents/GitHub/God-Killer/Saved/NewCave6631E0CB4081AFA1898494BDFBE08D3C.tmp' to '../../../../../../../Storage/Documents/GitHub/God-Killer/Content/Scene/NewCave.umap'
[2015.08.12-05.31.32:550][997]LogFileHelpers: Saving map 'NewCave' took 1.758
[2015.08.12-05.31.33:009][ 26]Cmd: OBJ SAVEPACKAGE PACKAGE="/Game/Scene/NewCave" FILE="../../../../../../../Storage/Documents/GitHub/God-Killer/Content/Scene/NewCave.umap" SILENT=true AUTOSAVING=false KEEPDIRTY=false
[2015.08.12-05.31.34:373][ 26]LogSavePackage: Save=1317.220337ms
[2015.08.12-05.31.34:373][ 26]LogSavePackage: Moving '../../../../../../../Storage/Documents/GitHub/God-Killer/Saved/NewCave9AAE19D749F5007575BC99B2F0D0E010.tmp' to '../../../../../../../Storage/Documents/GitHub/God-Killer/Content/Scene/NewCave.umap'
[2015.08.12-05.31.35:648][109]LogEditorViewport: Clicking on Actor (LMB): StaticMeshActor (Rock29)
[2015.08.12-05.31.37:511][233]LogContentBrowser:Verbose: The content browser source was changed by the sources view to 'None'
[2015.08.12-05.31.37:511][233]LogContentBrowser:Verbose: The content browser source was changed by the sources view to '/Game/Models/Rocks'
[2015.08.12-05.31.38:525][279]LogRenderer:Warning: Reallocating scene render targets to support 1944x928 (Frame:15761).
[2015.08.12-05.31.44:428][880]Cmd: OBJ SAVEPACKAGE PACKAGE="/Game/Models/Rocks/Rock004" FILE="../../../../../../../Storage/Documents/GitHub/God-Killer/Content/Models/Rocks/Rock004.uasset" SILENT=true
[2015.08.12-05.31.44:725][880]LogSavePackage: Save=276.285309ms
[2015.08.12-05.31.44:725][880]LogSavePackage: Moving '../../../../../../../Storage/Documents/GitHub/God-Killer/Saved/Rock0048B1E24AC493404911848C1AF71C81EB3.tmp' to '../../../../../../../Storage/Documents/GitHub/God-Killer/Content/Models/Rocks/Rock004.uasset'
[2015.08.12-05.31.46:842][ 33]Cmd: OBJ SAVEPACKAGE PACKAGE="/Game/Scene/NewCave" FILE="../../../../../../../Storage/Documents/GitHub/God-Killer/Content/Scene/NewCave.umap" SILENT=true AUTOSAVING=false KEEPDIRTY=false
[2015.08.12-05.31.46:861][ 33]LogParticles: Destroying 0 GPU particle simulations for FXSystem 0x000000BFC5B83880
[2015.08.12-05.31.48:202][ 33]LogSavePackage: Save=1314.034302ms
[2015.08.12-05.31.48:202][ 33]LogSavePackage: Moving '../../../../../../../Storage/Documents/GitHub/God-Killer/Saved/NewCaveD9ABDDDF4AFC5C6A04B9F7B5D9C7501F.tmp' to '../../../../../../../Storage/Documents/GitHub/God-Killer/Content/Scene/NewCave.umap'
[2015.08.12-05.32.16:711][ 26]Cmd: OBJ SAVEPACKAGE PACKAGE="/Game/Scene/NewCave" FILE="../../../../../../../Storage/Documents/GitHub/God-Killer/Content/Scene/NewCave.umap" SILENT=true AUTOSAVING=false KEEPDIRTY=false
[2015.08.12-05.32.18:081][ 26]LogSavePackage: Save=1323.527466ms
[2015.08.12-05.32.18:081][ 26]LogSavePackage: Moving '../../../../../../../Storage/Documents/GitHub/God-Killer/Saved/NewCaveA657A1AC4BB458343E3C39BABEB0FAEB.tmp' to '../../../../../../../Storage/Documents/GitHub/God-Killer/Content/Scene/NewCave.umap'
[2015.08.12-05.32.21:220][192]Cmd: QUIT_EDITOR
[2015.08.12-05.32.21:472][192]LogExit: Preparing to exit.
[2015.08.12-05.32.22:606][192]LogExit: Editor shut down
[2015.08.12-05.32.22:606][192]LogExit: Transaction tracking system shut down
[2015.08.12-05.32.22:626][192]LogParticles: Destroying 0 GPU particle simulations for FXSystem 0x000000BFB19FDF80
[2015.08.12-05.32.22:629][192]LogParticles: Destroying 0 GPU particle simulations for FXSystem 0x000000BFBDB47EC0
[2015.08.12-05.32.22:722][192]LogParticles: Destroying 0 GPU particle simulations for FXSystem 0x000000BFBD89A840
[2015.08.12-05.32.22:722][192]LogParticles: Destroying 0 GPU particle simulations for FXSystem 0x000000BFBD89A3E0
[2015.08.12-05.32.22:722][192]LogParticles: Destroying 0 GPU particle simulations for FXSystem 0x000000BFB14316C0
[2015.08.12-05.32.22:722][192]LogParticles: Destroying 0 GPU particle simulations for FXSystem 0x000000BFDA72E980
[2015.08.12-05.32.22:722][192]LogExit: Object subsystem successfully closed.
[2015.08.12-05.32.22:785][192]LogModuleManager: Shutting down and abandoning module StaticMeshEditor (178)
[2015.08.12-05.32.22:786][192]LogModuleManager: Shutting down and abandoning module CrashTracker (177)
[2015.08.12-05.32.22:786][192]LogModuleManager: Shutting down and abandoning module SuperSearch (176)
[2015.08.12-05.32.22:786][192]LogModuleManager: Shutting down and abandoning module SceneOutliner (175)
[2015.08.12-05.32.22:786][192]LogModuleManager: Shutting down and abandoning module EditorWidgets (174)
[2015.08.12-05.32.22:786][192]LogModuleManager: Shutting down and abandoning module CollectionManager (173)
[2015.08.12-05.32.22:786][192]LogModuleManager: Shutting down and abandoning module StatsViewer (172)
[2015.08.12-05.32.22:786][192]LogModuleManager: Shutting down and abandoning module FoliageEdit (171)
[2015.08.12-05.32.22:786][192]LogModuleManager: Shutting down and abandoning module LandscapeEditor (170)
[2015.08.12-05.32.22:786][192]LogModuleManager: Shutting down and abandoning module MeshPaint (169)
[2015.08.12-05.32.22:786][192]LogModuleManager: Shutting down and abandoning module ActorPickerMode (168)
[2015.08.12-05.32.22:786][192]LogModuleManager: Shutting down and abandoning module GeometryMode (167)
[2015.08.12-05.32.22:786][192]LogModuleManager: Shutting down and abandoning module TextureAlignMode (166)
[2015.08.12-05.32.22:786][192]LogModuleManager: Shutting down and abandoning module BspMode (165)
[2015.08.12-05.32.22:786][192]LogModuleManager: Shutting down and abandoning module PlacementMode (164)
[2015.08.12-05.32.22:786][192]LogModuleManager: Shutting down and abandoning module AutomationWorker (163)
[2015.08.12-05.32.22:786][192]LogModuleManager: Shutting down and abandoning module CharacterAI (162)
[2015.08.12-05.32.22:786][192]LogModuleManager: Shutting down and abandoning module SmartSnapping (161)
[2015.08.12-05.32.22:786][192]LogModuleManager: Shutting down and abandoning module ViewportSnapping (160)
[2015.08.12-05.32.22:786][192]LogModuleManager: Shutting down and abandoning module LogVisualizer (159)
[2015.08.12-05.32.22:786][192]LogModuleManager: Shutting down and abandoning module GameProjectGeneration (158)
[2015.08.12-05.32.22:786][192]LogModuleManager: Shutting down and abandoning module IntroTutorials (157)
[2015.08.12-05.32.22:786][192]LogModuleManager: Shutting down and abandoning module EditorLiveStreaming (156)
[2015.08.12-05.32.22:786][192]LogModuleManager: Shutting down and abandoning module HardwareTargeting (155)
[2015.08.12-05.32.22:786][192]LogModuleManager: Shutting down and abandoning module DeviceProfileEditor (154)
[2015.08.12-05.32.22:786][192]LogModuleManager: Shutting down and abandoning module UndoHistory (153)
[2015.08.12-05.32.22:786][192]LogModuleManager: Shutting down and abandoning module GameplayTagsEditor (152)
[2015.08.12-05.32.22:786][192]LogModuleManager: Shutting down and abandoning module UserFeedback (151)
[2015.08.12-05.32.22:786][192]LogModuleManager: Shutting down and abandoning module XmlParser (150)
[2015.08.12-05.32.22:786][192]LogModuleManager: Shutting down and abandoning module Blutility (149)
[2015.08.12-05.32.22:786][192]LogModuleManager: Shutting down and abandoning module IOSPlatformEditor (148)
[2015.08.12-05.32.22:786][192]LogModuleManager: Shutting down and abandoning module IOSRuntimeSettings (147)
[2015.08.12-05.32.22:786][192]LogModuleManager: Shutting down and abandoning module AndroidDeviceDetection (146)
[2015.08.12-05.32.23:488][192]LogModuleManager: Shutting down and abandoning module AndroidPlatformEditor (145)
[2015.08.12-05.32.23:488][192]LogModuleManager: Shutting down and abandoning module AndroidRuntimeSettings (144)
[2015.08.12-05.32.23:488][192]LogModuleManager: Shutting down and abandoning module ProjectTargetPlatformEditor (143)
[2015.08.12-05.32.23:488][192]LogModuleManager: Shutting down and abandoning module ProjectSettingsViewer (142)
[2015.08.12-05.32.23:489][192]LogModuleManager: Shutting down and abandoning module InputBindingEditor (141)
[2015.08.12-05.32.23:489][192]LogModuleManager: Shutting down and abandoning module EditorSettingsViewer (140)
[2015.08.12-05.32.23:489][192]LogModuleManager: Shutting down and abandoning module SettingsEditor (139)
[2015.08.12-05.32.23:489][192]LogModuleManager: Shutting down and abandoning module ProjectLauncher (138)
[2015.08.12-05.32.23:489][192]LogModuleManager: Shutting down and abandoning module SessionFrontend (137)
[2015.08.12-05.32.23:489][192]LogModuleManager: Shutting down and abandoning module ProfilerClient (136)
[2015.08.12-05.32.23:489][192]LogModuleManager: Shutting down and abandoning module TargetDeviceServices (135)
[2015.08.12-05.32.23:489][192]LogModuleManager: Shutting down and abandoning module DeviceManager (134)
[2015.08.12-05.32.23:489][192]LogModuleManager: Shutting down and abandoning module AutomationController (133)
[2015.08.12-05.32.23:489][192]LogModuleManager: Shutting down and abandoning module AutomationWindow (132)
[2015.08.12-05.32.23:489][192]LogModuleManager: Shutting down and abandoning module Layers (131)
[2015.08.12-05.32.23:489][192]LogModuleManager: Shutting down and abandoning module ComponentVisualizers (130)
[2015.08.12-05.32.23:489][192]LogModuleManager: Shutting down and abandoning module DetailCustomizations (129)
[2015.08.12-05.32.23:489][192]LogModuleManager: Shutting down and abandoning module PackagesDialog (128)
[2015.08.12-05.32.23:489][192]LogModuleManager: Shutting down and abandoning module AssetRegistry (127)
[2015.08.12-05.32.23:581][192]LogModuleManager: Shutting down and abandoning module Persona (126)
[2015.08.12-05.32.23:582][192]LogModuleManager: Shutting down and abandoning module SlateReflector (125)
[2015.08.12-05.32.23:582][192]LogModuleManager: Shutting down and abandoning module LevelEditor (124)
[2015.08.12-05.32.23:583][192]LogModuleManager: Shutting down and abandoning module Kismet (123)
[2015.08.12-05.32.23:583][192]LogModuleManager: Shutting down and abandoning module GraphEditor (122)
[2015.08.12-05.32.23:583][192]LogModuleManager: Shutting down and abandoning module ClassViewer (121)
[2015.08.12-05.32.23:583][192]LogModuleManager: Shutting down and abandoning module Toolbox (120)
[2015.08.12-05.32.23:583][192]LogModuleManager: Shutting down and abandoning module ModuleUI (119)
[2015.08.12-05.32.23:583][192]LogModuleManager: Shutting down and abandoning module MovieSceneTools (118)
[2015.08.12-05.32.23:584][192]LogModuleManager: Shutting down and abandoning module OutputLog (117)
[2015.08.12-05.32.23:584][192]LogModuleManager: Shutting down and abandoning module GammaUI (116)
[2015.08.12-05.32.23:584][192]LogModuleManager: Shutting down and abandoning module Documentation (115)
[2015.08.12-05.32.23:584][192]LogModuleManager: Shutting down and abandoning module GameLiveStreaming (114)
[2015.08.12-05.32.23:584][192]LogModuleManager: Shutting down and abandoning module StreamingPauseRendering (113)
[2015.08.12-05.32.23:584][192]LogModuleManager: Shutting down and abandoning module HTTP (112)
[2015.08.12-05.32.23:584][192]LogModuleManager: Shutting down and abandoning module AnalyticsET (111)
[2015.08.12-05.32.23:584][192]LogModuleManager: Shutting down and abandoning module Analytics (110)
[2015.08.12-05.32.23:584][192]LogModuleManager: Shutting down and abandoning module AITestSuite (109)
[2015.08.12-05.32.23:584][192]LogModuleManager: Shutting down and abandoning module GameplayDebugger (108)
[2015.08.12-05.32.23:584][192]LogModuleManager: Shutting down and abandoning module AIModule (107)
[2015.08.12-05.32.23:584][192]LogModuleManager: Shutting down and abandoning module ProfilerService (106)
[2015.08.12-05.32.23:724][192]LogModuleManager: Shutting down and abandoning module TaskGraph (105)
[2015.08.12-05.32.23:724][192]LogModuleManager: Shutting down and abandoning module SlateRemote (104)
[2015.08.12-05.32.23:724][192]LogModuleManager: Shutting down and abandoning module ScriptEditorPlugin (103)
[2015.08.12-05.32.23:724][192]LogModuleManager: Shutting down and abandoning module CustomMeshComponent (102)
[2015.08.12-05.32.23:724][192]LogModuleManager: Shutting down and abandoning module CableComponent (101)
[2015.08.12-05.32.23:724][192]LogModuleManager: Shutting down and abandoning module MessagingDebugger (100)
[2015.08.12-05.32.23:724][192]LogModuleManager: Shutting down and abandoning module MediaPlayerEditor (99)
[2015.08.12-05.32.23:724][192]LogModuleManager: Shutting down and abandoning module SpeedTreeImporter (98)
[2015.08.12-05.32.23:724][192]LogModuleManager: Shutting down and abandoning module PluginsEditor (97)
[2015.08.12-05.32.23:724][192]LogModuleManager: Shutting down and abandoning module MainFrame (96)
[2015.08.12-05.32.23:724][192]LogModuleManager: Shutting down and abandoning module EpicSurvey (95)
[2015.08.12-05.32.23:724][192]LogModuleManager: Shutting down and abandoning module DesktopPlatform (94)
[2015.08.12-05.32.23:724][192]LogModuleManager: Shutting down and abandoning module DirectoryWatcher (93)
[2015.08.12-05.32.23:725][192]LogModuleManager: Shutting down and abandoning module HotReload (92)
[2015.08.12-05.32.23:725][192]LogModuleManager: Shutting down and abandoning module VisualStudioSourceCodeAccess (91)
[2015.08.12-05.32.23:725][192]LogModuleManager: Shutting down and abandoning module UObjectPlugin (90)
[2015.08.12-05.32.23:725][192]LogModuleManager: Shutting down and abandoning module SubversionSourceControl (89)
[2015.08.12-05.32.23:725][192]LogModuleManager: Shutting down and abandoning module PerforceSourceControl (88)
[2015.08.12-05.32.23:725][192]LogModuleManager: Shutting down and abandoning module SourceControl (87)
[2015.08.12-05.32.23:725][192]LogModuleManager: Shutting down and abandoning module GitSourceControl (86)
[2015.08.12-05.32.23:725][192]LogModuleManager: Shutting down and abandoning module BlankPlugin (85)
[2015.08.12-05.32.23:725][192]LogModuleManager: Shutting down and abandoning module PaperTiledImporter (84)
[2015.08.12-05.32.23:725][192]LogModuleManager: Shutting down and abandoning module PaperJsonImporter (83)
[2015.08.12-05.32.23:725][192]LogModuleManager: Shutting down and abandoning module ContentBrowser (82)
[2015.08.12-05.32.23:726][192]LogModuleManager: Shutting down and abandoning module Paper2DEditor (81)
[2015.08.12-05.32.23:726][192]LogModuleManager: Shutting down and abandoning module ScriptPlugin (80)
[2015.08.12-05.32.23:726][192]LogModuleManager: Shutting down and abandoning module UdpMessaging (79)
[2015.08.12-05.32.23:827][192]LogModuleManager: Shutting down and abandoning module Paper2D (78)
[2015.08.12-05.32.23:827][192]LogModuleManager: Shutting down and abandoning module WindowsMoviePlayer (77)
[2015.08.12-05.32.23:831][192]LogModuleManager: Shutting down and abandoning module Media (76)
[2015.08.12-05.32.23:831][192]LogModuleManager: Shutting down and abandoning module WmfMedia (75)
[2015.08.12-05.32.23:831][192]LogModuleManager: Shutting down and abandoning module OnlineBlueprintSupport (74)
[2015.08.12-05.32.23:831][192]LogModuleManager: Shutting down and abandoning module PropertyEditor (73)
[2015.08.12-05.32.23:831][192]LogModuleManager: Shutting down and abandoning module BehaviorTreeEditor (72)
[2015.08.12-05.32.23:831][192]LogModuleManager: Shutting down and abandoning module FunctionalTesting (71)
[2015.08.12-05.32.23:831][192]LogModuleManager: Shutting down and abandoning module CollisionAnalyzer (70)
[2015.08.12-05.32.23:831][192]LogModuleManager: Shutting down and abandoning module WorkspaceMenuStructure (69)
[2015.08.12-05.32.23:831][192]LogModuleManager: Shutting down and abandoning module MessageLog (68)
[2015.08.12-05.32.23:831][192]LogModuleManager: Shutting down and abandoning module Sequencer (67)
[2015.08.12-05.32.23:831][192]LogModuleManager: Shutting down and abandoning module AssetTools (66)
[2015.08.12-05.32.23:831][192]LogModuleManager: Shutting down and abandoning module UMGEditor (65)
[2015.08.12-05.32.23:831][192]LogModuleManager: Shutting down and abandoning module UMG (64)
[2015.08.12-05.32.23:831][192]LogModuleManager: Shutting down and abandoning module Slate (63)
[2015.08.12-05.32.23:831][192]LogModuleManager: Shutting down and abandoning module EditorStyle (62)
[2015.08.12-05.32.23:836][192]LogModuleManager: Shutting down and abandoning module SessionServices (61)
[2015.08.12-05.32.23:836][192]LogModuleManager: Shutting down and abandoning module SourceCodeAccess (60)
[2015.08.12-05.32.23:836][192]LogModuleManager: Shutting down and abandoning module HeadMountedDisplay (59)
[2015.08.12-05.32.23:836][192]LogModuleManager: Shutting down and abandoning module XAudio2 (58)
[2015.08.12-05.32.23:836][192]LogModuleManager: Shutting down and abandoning module Networking (56)
[2015.08.12-05.32.23:836][192]LogModuleManager: Shutting down and abandoning module Core (55)
[2015.08.12-05.32.23:836][192]LogModuleManager: Shutting down and abandoning module KismetCompiler (54)
[2015.08.12-05.32.23:836][192]LogModuleManager: Shutting down and abandoning module PhysXFormats (53)
[2015.08.12-05.32.23:836][192]LogModuleManager: Shutting down and abandoning module MeshUtilities (52)
[2015.08.12-05.32.23:836][192]LogModuleManager: Shutting down and abandoning module DerivedDataCache (51)
[2015.08.12-05.32.23:890][192]LogDerivedDataCache: Shutdown
[2015.08.12-05.32.23:890][192]LogModuleManager: Shutting down and abandoning module ShaderFormatOpenGL (50)
[2015.08.12-05.32.23:890][192]LogModuleManager: Shutting down and abandoning module ShaderFormatD3D (49)
[2015.08.12-05.32.23:890][192]LogModuleManager: Shutting down and abandoning module MetalShaderFormat (48)
[2015.08.12-05.32.23:890][192]LogModuleManager: Shutting down and abandoning module TextureFormatUncompressed (47)
[2015.08.12-05.32.23:890][192]LogModuleManager: Shutting down and abandoning module TextureFormatPVR (46)
[2015.08.12-05.32.23:890][192]LogModuleManager: Shutting down and abandoning module TextureFormatIntelISPCTexComp (45)
[2015.08.12-05.32.23:890][192]LogModuleManager: Shutting down and abandoning module TextureFormatDXT (44)
[2015.08.12-05.32.23:890][192]LogModuleManager: Shutting down and abandoning module ImageWrapper (43)
[2015.08.12-05.32.23:890][192]LogModuleManager: Shutting down and abandoning module TextureFormatASTC (42)
[2015.08.12-05.32.23:890][192]LogModuleManager: Shutting down and abandoning module TextureFormatAndroid (41)
[2015.08.12-05.32.23:890][192]LogModuleManager: Shutting down and abandoning module AudioFormatOpus (40)
[2015.08.12-05.32.23:890][192]LogModuleManager: Shutting down and abandoning module AudioFormatOgg (39)
[2015.08.12-05.32.23:890][192]LogModuleManager: Shutting down and abandoning module AudioFormatADPCM (38)
[2015.08.12-05.32.23:890][192]LogModuleManager: Shutting down and abandoning module LinuxTargetPlatform (37)
[2015.08.12-05.32.23:890][192]LogModuleManager: Shutting down and abandoning module LinuxServerTargetPlatform (36)
[2015.08.12-05.32.23:890][192]LogModuleManager: Shutting down and abandoning module LinuxNoEditorTargetPlatform (35)
[2015.08.12-05.32.23:890][192]LogModuleManager: Shutting down and abandoning module Messaging (34)
[2015.08.12-05.32.23:890][192]LogModuleManager: Shutting down and abandoning module IOSTargetPlatform (33)
[2015.08.12-05.32.23:890][192]LogModuleManager: Shutting down and abandoning module HTML5TargetPlatform (32)
[2015.08.12-05.32.23:890][192]LogModuleManager: Shutting down and abandoning module Android_PVRTCTargetPlatform (31)
[2015.08.12-05.32.23:890][192]LogModuleManager: Shutting down and abandoning module Android_ETC2TargetPlatform (30)
[2015.08.12-05.32.23:890][192]LogModuleManager: Shutting down and abandoning module Android_ETC1TargetPlatform (29)
[2015.08.12-05.32.23:890][192]LogModuleManager: Shutting down and abandoning module Android_ES31TargetPlatform (28)
[2015.08.12-05.32.23:890][192]LogModuleManager: Shutting down and abandoning module Android_DXTTargetPlatform (27)
[2015.08.12-05.32.23:890][192]LogModuleManager: Shutting down and abandoning module Android_ATCTargetPlatform (26)
[2015.08.12-05.32.23:890][192]LogModuleManager: Shutting down and abandoning module AndroidTargetPlatform (25)
[2015.08.12-05.32.23:890][192]LogModuleManager: Shutting down and abandoning module WindowsTargetPlatform (24)
[2015.08.12-05.32.23:891][192]LogModuleManager: Shutting down and abandoning module WindowsServerTargetPlatform (23)
[2015.08.12-05.32.23:891][192]LogModuleManager: Shutting down and abandoning module WindowsNoEditorTargetPlatform (22)
[2015.08.12-05.32.23:891][192]LogModuleManager: Shutting down and abandoning module WindowsClientTargetPlatform (21)
[2015.08.12-05.32.23:891][192]LogModuleManager: Shutting down and abandoning module TargetPlatform (20)
[2015.08.12-05.32.23:891][192]LogModuleManager: Shutting down and abandoning module InputCore (19)
[2015.08.12-05.32.23:891][192]LogModuleManager: Shutting down and abandoning module Settings (18)
[2015.08.12-05.32.23:891][192]LogModuleManager: Shutting down and abandoning module OnlineSubsystem (16)
[2015.08.12-05.32.23:891][192]LogModuleManager: Shutting down and abandoning module OculusRift (15)
[2015.08.12-05.32.23:891][192]LogModuleManager: Shutting down and abandoning module ExampleDeviceProfileSelector (14)
[2015.08.12-05.32.23:891][192]LogModuleManager: Shutting down and abandoning module TextureCompressor (13)
[2015.08.12-05.32.23:891][192]LogModuleManager: Shutting down and abandoning module ShaderCore (12)
[2015.08.12-05.32.23:891][192]LogModuleManager: Shutting down and abandoning module Landscape (11)
[2015.08.12-05.32.23:891][192]LogModuleManager: Shutting down and abandoning module SlateRHIRenderer (10)
[2015.08.12-05.32.23:902][192]LogModuleManager: Shutting down and abandoning module OpenGLDrv (9)
[2015.08.12-05.32.23:902][192]LogModuleManager: Shutting down and abandoning module D3D11RHI (8)
[2015.08.12-05.32.23:902][192]LogModuleManager: Shutting down and abandoning module Renderer (7)
[2015.08.12-05.32.23:902][192]LogModuleManager: Shutting down and abandoning module Engine (6)
[2015.08.12-05.32.23:902][192]LogModuleManager: Shutting down and abandoning module CoreUObject (5)
[2015.08.12-05.32.23:902][192]LogModuleManager: Shutting down and abandoning module NetworkFile (4)
[2015.08.12-05.32.23:902][192]LogModuleManager: Shutting down and abandoning module StreamingFile (3)
[2015.08.12-05.32.23:902][192]LogModuleManager: Shutting down and abandoning module SandboxFile (2)
[2015.08.12-05.32.23:902][192]LogModuleManager: Shutting down and abandoning module PakFile (1)
[2015.08.12-05.32.23:903][192]LogExit: Exiting.
[2015.08.12-05.32.23:909][192]Log file closed, 08/11/15 22:32:23
