Log file open, 08/06/15 13:07:46
LogInit:Display: Running engine for game: GodKiller
LogInit: Version: 4.7.6-2513093+++depot+UE4-Releases+4.7
LogInit: API Version: 2455222
LogInit: Compiled (64-bit): Apr 15 2015 12:09:54
LogInit: Compiled with Visual C++: 18.00.21005.01
LogInit: Build Configuration: Development
LogInit: Branch Name: ++depot+UE4-Releases+4.7
LogInit: Command line:  
LogInit: Base directory: C:/Program Files/Epic Games/4.7/Engine/Binaries/Win64/
LogInit: Rocket: 1
[2015.08.06-20.07.46:396][  0]LogTaskGraph: Started task graph with 3 named threads and 4 total threads.
[2015.08.06-20.07.46:475][  0]LogOnline:Warning: No default platform service specified for OnlineSubsystem
[2015.08.06-20.07.46:677][  0]LogInit: Presizing for 0 objects not considered by GC, pre-allocating 0 bytes.
[2015.08.06-20.07.46:710][  0]LogInit: Object subsystem initialized
[2015.08.06-20.07.46:716][  0]LogConsoleResponse:Warning: Skipping Unknown console variable: 'TranslucentSortAxis = (X=0.000000,Y=-1.000000,Z=0.000000)'
[2015.08.06-20.07.46:716][  0]LogConsoleResponse:Warning:   Found in ini file 'C:/Users/Samantha/Desktop/God-Killer/Saved/Config/Windows/Engine.ini', in section '[/Script/Engine.RendererSettings]'
[2015.08.06-20.07.46:716][  0]LogConsoleResponse:Warning: Skipping Unknown console variable: 'UIScaleRule = ShortestSide'
[2015.08.06-20.07.46:716][  0]LogConsoleResponse:Warning:   Found in ini file 'C:/Users/Samantha/Desktop/God-Killer/Saved/Config/Windows/Engine.ini', in section '[/Script/Engine.RendererSettings]'
[2015.08.06-20.07.46:716][  0]LogConsoleResponse:Warning: Skipping Unknown console variable: 'UIScaleCurve = (EditorCurveData=(Keys=),ExternalCurve=None)'
[2015.08.06-20.07.46:716][  0]LogConsoleResponse:Warning:   Found in ini file 'C:/Users/Samantha/Desktop/God-Killer/Saved/Config/Windows/Engine.ini', in section '[/Script/Engine.RendererSettings]'
[2015.08.06-20.07.46:718][  0]LogInit: Selected Device Profile: [Windows]
[2015.08.06-20.07.46:718][  0]LogInit: Applying CVar settings loaded from the selected device profile: [Windows]
[2015.08.06-20.07.46:760][  0]LogInit: Computer: SAMANTHAPC
[2015.08.06-20.07.46:760][  0]LogInit: User: Samantha
[2015.08.06-20.07.46:760][  0]LogInit: CPU Page size=4096, Cores=2
[2015.08.06-20.07.46:760][  0]LogInit: High frequency timer resolution =2.240908 MHz
[2015.08.06-20.07.46:761][  0]LogMemory: Memory total: Physical=5.9GB (6GB approx) Virtual=131072.0GB
[2015.08.06-20.07.46:761][  0]LogMemory: Platform Memory Stats for Windows
[2015.08.06-20.07.46:761][  0]LogMemory: Process Physical Memory: 46.29 MB used, 46.29 MB peak
[2015.08.06-20.07.46:761][  0]LogMemory: Process Virtual Memory: 26.25 MB used, 26.25 MB peak
[2015.08.06-20.07.46:761][  0]LogMemory: Physical Memory: 2653.98 MB used, 6027.63 MB total
[2015.08.06-20.07.46:761][  0]LogMemory: Virtual Memory: 287.81 MB used, 134217728.00 MB total
[2015.08.06-20.07.46:799][  0]LogD3D11RHI: Found D3D11 adapter 0: Intel(R) HD Graphics Family (Feature Level 11_0)
[2015.08.06-20.07.46:799][  0]LogD3D11RHI: Adapter has 32MB of dedicated video memory, 0MB of dedicated system memory, and 1760MB of shared system memory, 1 output[s]
[2015.08.06-20.07.46:802][  0]LogD3D11RHI: Found D3D11 adapter 1: Microsoft Basic Render Driver (Feature Level 11_0)
[2015.08.06-20.07.46:802][  0]LogD3D11RHI: Adapter has 0MB of dedicated video memory, 0MB of dedicated system memory, and 256MB of shared system memory, 0 output[s]
[2015.08.06-20.07.46:802][  0]LogD3D11RHI: Chosen D3D11 Adapter Id = 0
[2015.08.06-20.07.46:823][  0]LogRHI: Texture pool is 638 MB (70% of 912 MB)
[2015.08.06-20.07.46:839][  0]LogD3D11RHI: Async texture creation enabled
[2015.08.06-20.07.48:173][  0]LogTextLocalizationManager: The requested culture ('en_US') has no localization data; parent culture's ('en') localization data will be used.
[2015.08.06-20.07.48:476][  0]LogTextLocalizationManager:Warning: Loading localization resources contain conflicting entries for (Namespace:UICommands, Key:Save_ToolTip):
Resource: (C:/Program Files/Epic Games/4.7/Engine/Content/Localization/Editor/en/Editor.locres) Hash: (-29098895) String: (Saves the current level to disk)
Resource: (C:/Program Files/Epic Games/4.7/Engine/Content/Localization/Engine/en/Engine.locres) Hash: (-1280300587) String: (Save selected data to vlog file)
[2015.08.06-20.07.48:477][  0]LogTextLocalizationManager:Warning: Loading localization resources contain conflicting entries for (Namespace:ContentBrowser, Key:ImportAssetToolTip):
Resource: (C:/Program Files/Epic Games/4.7/Engine/Content/Localization/Editor/en/Editor.locres) Hash: (-630476809) String: (Import to {0}...)
Resource: (C:/Program Files/Epic Games/4.7/Engine/Content/Localization/Editor/en/Editor.locres) Hash: (1271782899) String: (Imports an asset from file to this folder.)
[2015.08.06-20.07.48:800][  0]LogContentStreaming: Texture pool size is 0.000000MB
[2015.08.06-20.07.59:635][  0]LogTargetPlatformManager:Display: Building Assets For Windows
[2015.08.06-20.08.02:719][  0]LogTargetPlatformManager:Display: Building Assets For Windows
[2015.08.06-20.08.03:042][  0]LogDerivedDataCache:Display: Max Cache Size: 512 MB
[2015.08.06-20.08.03:768][  0]LogDerivedDataCache: Loaded boot cache 0.73s 39MB C:/Users/Samantha/AppData/Local/UnrealEngine/4.7/DerivedDataCache/Boot.ddc.
[2015.08.06-20.08.03:768][  0]LogDerivedDataCache:Display: Loaded Boot cache: C:/Users/Samantha/AppData/Local/UnrealEngine/4.7/DerivedDataCache/Boot.ddc
[2015.08.06-20.08.03:768][  0]LogDerivedDataCache: FDerivedDataBackendGraph:  Pak pak cache file ../../../../../../Users/Samantha/Desktop/God-Killer/DerivedDataCache/DDC.ddp not found, will not use a pak cache.
[2015.08.06-20.08.03:768][  0]LogDerivedDataCache: Unable to find inner node Pak for hierarchical cache Hierarchy.
[2015.08.06-20.08.04:317][  0]LogDerivedDataCache:Display: Pak cache opened for reading ../../../Engine/DerivedDataCache/Compressed.ddp.
[2015.08.06-20.08.04:332][  0]LogDerivedDataCache: Using Local data cache path C:/Users/Samantha/AppData/Local/UnrealEngine/Common/DerivedDataCache: Writable
[2015.08.06-20.08.15:863][  0]LogMeshUtilities: No automatic mesh reduction module available
[2015.08.06-20.08.15:863][  0]LogMeshUtilities: No automatic mesh merging module available
[2015.08.06-20.08.18:753][  0]LogInit: WinSock: version 1.1 (2.2), MaxSocks=32767, MaxUdp=65467
[2015.08.06-20.08.23:053][  0]LogModuleManager:Warning: ModuleManager: Unable to load module 'C:/Program Files/Epic Games/4.7/Engine/Binaries/Win64/UE4Editor-XAudio2.dll' because the file couldn't be loaded by the OS.
[2015.08.06-20.08.23:483][  0]LogSlate:Warning: Failed to load font data from '../../../Engine/Content/Slate/Fonts/Roboto-Italic.ttf'
[2015.08.06-20.08.46:333][  0]UdpMessaging: Initializing bridge on interface 0.0.0.0:0 to multicast group 230.0.0.1:6666.
[2015.08.06-20.08.47:139][  0]SourceControl: Info Source control is disabled
[2015.08.06-20.08.47:139][  0]SourceControl: Info Source control is disabled
[2015.08.06-20.08.47:139][  0]SourceControl: Info Source control is disabled
[2015.08.06-20.08.47:139][  0]LogSourceControl: RunCommandInternalRaw: 'git version'
[2015.08.06-20.08.47:140][  0]LogSourceControl: RunCommandInternalRaw: ExecProcess ReturnCode=2 OutResults=''
[2015.08.06-20.08.47:168][  0]SourceControl: Info Source control is disabled
[2015.08.06-20.08.48:359][  0]LogObj: 24232 objects as part of root set at end of initial load.
[2015.08.06-20.08.48:359][  0]LogUObjectAllocator: 5137176 out of 0 bytes used by permanent object pool.
[2015.08.06-20.08.48:701][  0]LogEngine: Initializing Engine...
[2015.08.06-20.08.53:604][  0]LogModuleManager:Warning: ModuleManager: Unable to load module 'C:/Program Files/Epic Games/4.7/Engine/Binaries/Win64/UE4Editor-XAudio2.dll' because the file couldn't be loaded by the OS.
[2015.08.06-20.08.53:749][  0]LogAIModule: Creating AISystem for world NewWorld
[2015.08.06-20.08.53:810][  0]LogDerivedDataCache: Saved boot cache 0.06s 39MB C:/Users/Samantha/AppData/Local/UnrealEngine/4.7/DerivedDataCache/Boot.ddc.
[2015.08.06-20.08.53:827][  0]LogInit: Texture streaming: Enabled
[2015.08.06-20.08.54:797][  0]LogAnalytics: Creating configured Analytics provider AnalyticsET
[2015.08.06-20.08.54:797][  0]LogAnalytics: ET APIKey = Rocket.Release. APIServer = http://et2.epicgames.com/ET2/. AppVersion = 4.7.6-2513093+++depot+UE4-Releases+4.7
[2015.08.06-20.08.54:797][  0]LogAnalytics: ET APIKey = Rocket.Release. DataRouterUploadURL = https://datarouter-public-service-gamedev.ol.epicgames.net/datarouter/api/v1/public/data. AppVersion = 4.7.6-2513093+++depot+UE4-Releases+4.7
[2015.08.06-20.08.54:797][  0]LogAnalytics: SetUserId 46872bea408cfcc0100ac385d2b5ce07|e22a3db169b04f708165eaff958a9646|097015b1-a59a-4201-b460-717027cc9fe8
[2015.08.06-20.08.54:798][  0]LogAnalytics: AnalyticsET::StartSession [Rocket.Release]
[2015.08.06-20.08.54:900][  0]LogInit: Transaction tracking system initialized
[2015.08.06-20.08.55:687][  0]BlueprintLog: New page: Editor Load
[2015.08.06-20.08.55:790][  0]LogAssetRegistry: FAssetRegistry took 0.0112 seconds to start up
[2015.08.06-20.08.55:791][  0]LogDirectoryWatcher:Warning: Failed to begin reading directory changes for ../../../Engine/Plugins/Experimental/CharacterAI/Content/. Error: 0
[2015.08.06-20.08.58:502][  0]LogTargetPlatformManager:Display: Building Assets For Windows
[2015.08.06-20.08.59:609][  0]LogTargetPlatformManager:Display: Building Assets For Windows
[2015.08.06-20.09.00:393][  0]LogSlate:Warning: Failed to load font data from '../../../Engine/Content/Editor/Slate/Fonts/Roboto-Regular.ttf'
[2015.08.06-20.09.00:394][  0]LogSlate:Warning: Failed to load font data from '../../../Engine/Content/Editor/Slate/Fonts/Roboto-Bold.ttf'
[2015.08.06-20.09.00:448][  0]LogConsoleResponse:Display: 
[2015.08.06-20.09.01:766][  0]LogCook:Display: Done creating registry. It took  0.00s.
[2015.08.06-20.09.02:754][  0]SourceControl: Info Source control is disabled
[2015.08.06-20.09.02:755][  0]Cmd: MAP LOAD FILE="../../../../../../Users/Samantha/Desktop/God-Killer/Content/Scene/NewCave.umap" TEMPLATE=0 SHOWPROGRESS=1 FEATURELEVEL=3
[2015.08.06-20.09.02:873][  0]LightingResults: New page: Lighting Build
[2015.08.06-20.09.02:919][  0]MapCheck: New page: Map Check
[2015.08.06-20.09.02:919][  0]LightingResults: New page: Lighting Build
[2015.08.06-20.09.02:968][  0]LogParticles: Destroying 0 GPU particle simulations for FXSystem 0x000000300E597B00
[2015.08.06-20.09.09:310][  0]LogBlueprint:Warning: [Gui] CreatePinForVariable: 'LightningUsed?' variable not found. Base class was probably changed.
[2015.08.06-20.09.09:311][  0]LogBlueprint:Warning: [Gui] CreatePinForVariable: 'LightningUsed?' variable not found. Base class was probably changed.
[2015.08.06-20.09.09:321][  0]LogBlueprint:Warning: [Gui] CreatePinForVariable: 'LightningUsed?' variable not found. Base class was probably changed.
[2015.08.06-20.09.09:684][  0]LogBlueprint:Warning: [compiler] Warning Could not find a variable named "LightningUsed?" in 'ThirdPersonCharacter_C'.
Make sure 'ThirdPersonCharacter_C' has been compiled for  Set LightningUsed? 
[2015.08.06-20.09.09:685][  0]LogBlueprint:Warning: [compiler] Warning Could not find a variable named "LightningUsed?" in 'ThirdPersonCharacter_C'.
Make sure 'ThirdPersonCharacter_C' has been compiled for  Get LightningUsed? 
[2015.08.06-20.09.09:709][  0]LogBlueprint:Warning: [compiler] Warning [0089.66] Compile of Gui successful, but with 2 Warning(s) [in 221 ms]
[2015.08.06-20.09.09:710][  0]LogBlueprint:Warning: [compiler] Warning [0089.66] Compile of Gui successful, but with 3 Warning(s) [in 0 ms]
[2015.08.06-20.09.09:710][  0]LogBlueprint:Warning: [compiler] Warning [0089.67] Compile of Gui successful, but with 4 Warning(s) [in 0 ms]
[2015.08.06-20.09.09:711][  0]LogBlueprint:Warning: [compiler] Warning [0089.67] Compile of Gui successful, but with 5 Warning(s) [in 0 ms]
[2015.08.06-20.09.15:911][  0]LogBlueprint:Warning: [Gui] CreatePinForVariable: 'LightningUsed?' variable not found. Base class was probably changed.
[2015.08.06-20.09.15:911][  0]LogBlueprint:Warning: [Gui] CreatePinForVariable: 'LightningUsed?' variable not found. Base class was probably changed.
[2015.08.06-20.09.15:913][  0]LogBlueprint:Warning: [Gui] CreatePinForVariable: 'LightningUsed?' variable not found. Base class was probably changed.
[2015.08.06-20.09.16:042][  0]LogBlueprint:Warning: [compiler] Warning Could not find a variable named "LightningUsed?" in 'ThirdPersonCharacter_C'.
Make sure 'ThirdPersonCharacter_C' has been compiled for  Set LightningUsed? 
[2015.08.06-20.09.16:042][  0]LogBlueprint:Warning: [compiler] Warning Could not find a variable named "LightningUsed?" in 'ThirdPersonCharacter_C'.
Make sure 'ThirdPersonCharacter_C' has been compiled for  Get LightningUsed? 
[2015.08.06-20.09.16:055][  0]LogBlueprint:Warning: [compiler] Warning [0096.01] Compile of Gui successful, but with 2 Warning(s) [in 134 ms]
[2015.08.06-20.09.16:056][  0]LogBlueprint:Warning: [compiler] Warning [0096.01] Compile of Gui successful, but with 3 Warning(s) [in 0 ms]
[2015.08.06-20.09.33:440][  0]LogEditorServer: Finished looking for orphan Actors (0.000 secs)
[2015.08.06-20.09.33:442][  0]LogAIModule: Creating AISystem for world NewCave
[2015.08.06-20.09.33:443][  0]Cmd: MAP CHECKDEP
[2015.08.06-20.09.33:444][  0]MapCheck: New page: NewCave - Aug 6, 2015, 6:09:33 AM
[2015.08.06-20.09.33:917][  0]MapCheck: Info Map check complete: 0 Error(s), 0 Warning(s), took 473.692ms to complete.
[2015.08.06-20.09.33:917][  0]LogFileHelpers: Loading map 'NewCave' took 31.163
[2015.08.06-20.09.34:141][  0]LogCollectionManager: Loaded 0 collections in 0.006365 seconds
[2015.08.06-20.09.34:177][  0]LogContentBrowser: Native class hierarchy populated in 0.0356 seconds. Added 1696 classes and 261 folders.
[2015.08.06-20.09.34:554][  0]LogContentBrowser: Native class hierarchy updated for 'SceneOutliner' in 0.0080 seconds. Added 1 classes and 2 folders.
[2015.08.06-20.09.34:859][  0]LogCrashTracker: Crashtracker disabled due to settings.
[2015.08.06-20.09.34:865][  0]LogSlate:Warning: Failed to load font data from 'Veranda'
[2015.08.06-20.09.34:946][  0]LogLoad: Full Startup: 114.90 seconds (BP compile: 7.91 seconds)
[2015.08.06-20.09.35:761][  0]LogRenderer:Warning: Reallocating scene render targets to support 32x32 (Frame:2).
[2015.08.06-20.09.36:788][  0]LogRenderer:Warning: Reallocating scene render targets to support 912x712 (Frame:3).
[2015.08.06-20.09.39:243][  1]Cmd: UpdateLandscapeEditorData -warnings
[2015.08.06-20.09.39:339][  1]Cmd: UpdateLandscapeEditorData
[2015.08.06-20.09.39:382][  1]LogContentBrowser:Verbose: The content browser source was changed by the sources view to '/Game/Key/Skeleton/NewModel/SkeletonAi'
[2015.08.06-20.09.44:568][ 35]LogAssetRegistry: Asset discovery search completed in 48.7889 seconds
[2015.08.06-20.13.08:391][925]LogContentBrowser:Verbose: The content browser source was changed by the sources view to '/Game/Key/Skeleton/NewModel/Anim'
[2015.08.06-20.13.08:878][928]LogLinker:Warning: Can't find file '/Game/Models/Skeleton/NewModel/Anim/SkeletonMesh'
[2015.08.06-20.13.08:880][928]LogLinker:Warning: Can't find file '/Game/Models/Skeleton/NewModel/Anim/SkeletonMesh'
[2015.08.06-20.13.08:880][928]LogUObjectGlobals:Warning: Failed to find object 'SkeletalMesh /Game/Models/Skeleton/NewModel/Anim/SkeletonMesh.SkeletonMesh'
[2015.08.06-20.13.09:603][934]LogLinker:Warning: Can't find file '/Game/Models/Skeleton/NewModel/Anim/SkeletonMesh'
[2015.08.06-20.13.09:605][934]LogLinker:Warning: Can't find file '/Game/Models/Skeleton/NewModel/Anim/SkeletonMesh'
[2015.08.06-20.13.09:605][934]LogUObjectGlobals:Warning: Failed to find object 'SkeletalMesh /Game/Models/Skeleton/NewModel/Anim/SkeletonMesh.SkeletonMesh'
[2015.08.06-20.13.09:705][936]LogLinker:Warning: Can't find file '/Game/Models/Skeleton/NewModel/Anim/SkeletonMesh'
[2015.08.06-20.13.09:706][936]LogLinker:Warning: Can't find file '/Game/Models/Skeleton/NewModel/Anim/SkeletonMesh'
[2015.08.06-20.13.09:707][936]LogUObjectGlobals:Warning: Failed to find object 'SkeletalMesh /Game/Models/Skeleton/NewModel/Anim/SkeletonMesh.SkeletonMesh'
[2015.08.06-20.13.09:801][937]LogLinker:Warning: Can't find file '/Game/Models/Skeleton/NewModel/Anim/SkeletonMesh'
[2015.08.06-20.13.09:802][937]LogLinker:Warning: Can't find file '/Game/Models/Skeleton/NewModel/Anim/SkeletonMesh'
[2015.08.06-20.13.09:803][937]LogUObjectGlobals:Warning: Failed to find object 'SkeletalMesh /Game/Models/Skeleton/NewModel/Anim/SkeletonMesh.SkeletonMesh'
[2015.08.06-20.13.52:662][400]BlueprintLog: New page: Pre-PIE auto-recompile
[2015.08.06-20.13.52:663][400]LogPlayLevel: [PIE] Compiling NewCave before PIE...
[2015.08.06-20.13.53:646][400]LogActorComponent: UnregisterComponent: (/Engine/Transient.CharMoveComp) Not registered. Aborting.
[2015.08.06-20.13.53:647][400]LogActorComponent: UnregisterComponent: (/Engine/Transient.CharacterMovementComponent_0) Not registered. Aborting.
[2015.08.06-20.13.53:892][400]LogPlayLevel: PIE:  Blueprint regeneration took 1229 ms (1 blueprints)
[2015.08.06-20.13.53:892][400]PIE: New page: PIE session: NewCave (Aug 6, 2015, 6:13:53 AM)
[2015.08.06-20.13.54:059][400]LogPlayLevel: PIE: StaticDuplicateObject took: (0.165549s)
[2015.08.06-20.13.54:061][400]LogPlayLevel: PIE: World Init took: (0.001660s)
[2015.08.06-20.13.54:061][400]LogPlayLevel: PIE: Created PIE world by copying editor world from /Game/Scene/NewCave.NewCave to /Game/Scene/UEDPIE_0_NewCave.NewCave (0.167846s)
[2015.08.06-20.13.54:263][400]LogWorld: Game class is 'ThirdPersonGameMode_C'
[2015.08.06-20.13.54:267][400]LogAIModule: Creating AISystem for world NewCave
[2015.08.06-20.13.55:378][400]LogWorld:Warning: *** WARNING - PATHS MAY NOT BE VALID ***
[2015.08.06-20.13.55:378][400]LogWorld: Bringing World /Game/Scene/UEDPIE_0_NewCave.NewCave up for play (max tick rate 60) at 2015.08.06-13.13.55
[2015.08.06-20.13.55:386][400]LogWorld: Bringing up level for play took: 1.116883
[2015.08.06-20.13.55:448][400]PIE: Info Play in editor start time for /Game/Scene/UEDPIE_0_NewCave 2.143
[2015.08.06-20.13.55:820][400]LogScript:Warning: Accessed None 'K2Node_DynamicCast_AsThird_Person_Character2'
	SuccessScreen_C /Engine/Transient.UnrealEdEngine_0:GameInstance_0.SuccessScreen_C_0
	Function /Game/GUI/SuccessScreen.SuccessScreen_C:ExecuteUbergraph_SuccessScreen:00D2
[2015.08.06-20.15.04:455][134]LogParticles: Destroying 0 GPU particle simulations for FXSystem 0x000000300DCC6A20
[2015.08.06-20.26.52:068][306]Cmd: QUIT_EDITOR
[2015.08.06-20.26.53:172][306]LogExit: Preparing to exit.
[2015.08.06-20.26.54:309][306]LogExit: Editor shut down
[2015.08.06-20.26.54:311][306]LogExit: Transaction tracking system shut down
[2015.08.06-20.26.54:323][306]LogParticles: Destroying 0 GPU particle simulations for FXSystem 0x00000030166B14E0
[2015.08.06-20.26.54:329][306]LogParticles: Destroying 0 GPU particle simulations for FXSystem 0x000000301E1DC180
[2015.08.06-20.26.54:330][306]LogParticles: Destroying 0 GPU particle simulations for FXSystem 0x000000301E491800
[2015.08.06-20.26.54:331][306]LogParticles: Destroying 0 GPU particle simulations for FXSystem 0x000000301DACD1C0
[2015.08.06-20.26.54:331][306]LogParticles: Destroying 0 GPU particle simulations for FXSystem 0x000000302130ECA0
[2015.08.06-20.26.54:564][306]LogParticles: Destroying 0 GPU particle simulations for FXSystem 0x0000003024257920
[2015.08.06-20.26.54:564][306]LogParticles: Destroying 0 GPU particle simulations for FXSystem 0x0000003024256020
[2015.08.06-20.26.54:564][306]LogParticles: Destroying 0 GPU particle simulations for FXSystem 0x000000301F187EC0
[2015.08.06-20.26.54:564][306]LogExit: Object subsystem successfully closed.
[2015.08.06-20.26.54:753][306]LogModuleManager: Shutting down and abandoning module CrashTracker (177)
[2015.08.06-20.26.54:753][306]LogModuleManager: Shutting down and abandoning module SuperSearch (176)
[2015.08.06-20.26.54:753][306]LogModuleManager: Shutting down and abandoning module SceneOutliner (175)
[2015.08.06-20.26.54:753][306]LogModuleManager: Shutting down and abandoning module EditorWidgets (174)
[2015.08.06-20.26.54:753][306]LogModuleManager: Shutting down and abandoning module CollectionManager (173)
[2015.08.06-20.26.54:754][306]LogModuleManager: Shutting down and abandoning module StatsViewer (172)
[2015.08.06-20.26.54:754][306]LogModuleManager: Shutting down and abandoning module FoliageEdit (171)
[2015.08.06-20.26.54:754][306]LogModuleManager: Shutting down and abandoning module LandscapeEditor (170)
[2015.08.06-20.26.54:754][306]LogModuleManager: Shutting down and abandoning module MeshPaint (169)
[2015.08.06-20.26.54:754][306]LogModuleManager: Shutting down and abandoning module ActorPickerMode (168)
[2015.08.06-20.26.54:754][306]LogModuleManager: Shutting down and abandoning module GeometryMode (167)
[2015.08.06-20.26.54:754][306]LogModuleManager: Shutting down and abandoning module TextureAlignMode (166)
[2015.08.06-20.26.54:754][306]LogModuleManager: Shutting down and abandoning module BspMode (165)
[2015.08.06-20.26.54:755][306]LogModuleManager: Shutting down and abandoning module PlacementMode (164)
[2015.08.06-20.26.54:755][306]LogModuleManager: Shutting down and abandoning module AutomationWorker (163)
[2015.08.06-20.26.54:755][306]LogModuleManager: Shutting down and abandoning module CharacterAI (162)
[2015.08.06-20.26.54:755][306]LogModuleManager: Shutting down and abandoning module SmartSnapping (161)
[2015.08.06-20.26.54:755][306]LogModuleManager: Shutting down and abandoning module ViewportSnapping (160)
[2015.08.06-20.26.54:755][306]LogModuleManager: Shutting down and abandoning module LogVisualizer (159)
[2015.08.06-20.26.54:756][306]LogModuleManager: Shutting down and abandoning module GameProjectGeneration (158)
[2015.08.06-20.26.54:756][306]LogModuleManager: Shutting down and abandoning module IntroTutorials (157)
[2015.08.06-20.26.54:756][306]LogModuleManager: Shutting down and abandoning module EditorLiveStreaming (156)
[2015.08.06-20.26.54:756][306]LogModuleManager: Shutting down and abandoning module HardwareTargeting (155)
[2015.08.06-20.26.54:756][306]LogModuleManager: Shutting down and abandoning module DeviceProfileEditor (154)
[2015.08.06-20.26.54:756][306]LogModuleManager: Shutting down and abandoning module UndoHistory (153)
[2015.08.06-20.26.54:756][306]LogModuleManager: Shutting down and abandoning module GameplayTagsEditor (152)
[2015.08.06-20.26.54:756][306]LogModuleManager: Shutting down and abandoning module UserFeedback (151)
[2015.08.06-20.26.54:756][306]LogModuleManager: Shutting down and abandoning module XmlParser (150)
[2015.08.06-20.26.54:756][306]LogModuleManager: Shutting down and abandoning module Blutility (149)
[2015.08.06-20.26.54:757][306]LogModuleManager: Shutting down and abandoning module IOSPlatformEditor (148)
[2015.08.06-20.26.54:757][306]LogModuleManager: Shutting down and abandoning module IOSRuntimeSettings (147)
[2015.08.06-20.26.54:757][306]LogModuleManager: Shutting down and abandoning module AndroidDeviceDetection (146)
[2015.08.06-20.26.55:566][306]LogModuleManager: Shutting down and abandoning module AndroidPlatformEditor (145)
[2015.08.06-20.26.55:566][306]LogModuleManager: Shutting down and abandoning module AndroidRuntimeSettings (144)
[2015.08.06-20.26.55:566][306]LogModuleManager: Shutting down and abandoning module ProjectTargetPlatformEditor (143)
[2015.08.06-20.26.55:566][306]LogModuleManager: Shutting down and abandoning module ProjectSettingsViewer (142)
[2015.08.06-20.26.55:567][306]LogModuleManager: Shutting down and abandoning module InputBindingEditor (141)
[2015.08.06-20.26.55:567][306]LogModuleManager: Shutting down and abandoning module EditorSettingsViewer (140)
[2015.08.06-20.26.55:567][306]LogModuleManager: Shutting down and abandoning module SettingsEditor (139)
[2015.08.06-20.26.55:567][306]LogModuleManager: Shutting down and abandoning module ProjectLauncher (138)
[2015.08.06-20.26.55:567][306]LogModuleManager: Shutting down and abandoning module SessionFrontend (137)
[2015.08.06-20.26.55:567][306]LogModuleManager: Shutting down and abandoning module ProfilerClient (136)
[2015.08.06-20.26.55:567][306]LogModuleManager: Shutting down and abandoning module TargetDeviceServices (135)
[2015.08.06-20.26.55:567][306]LogModuleManager: Shutting down and abandoning module DeviceManager (134)
[2015.08.06-20.26.55:568][306]LogModuleManager: Shutting down and abandoning module AutomationController (133)
[2015.08.06-20.26.55:568][306]LogModuleManager: Shutting down and abandoning module AutomationWindow (132)
[2015.08.06-20.26.55:568][306]LogModuleManager: Shutting down and abandoning module Layers (131)
[2015.08.06-20.26.55:568][306]LogModuleManager: Shutting down and abandoning module ComponentVisualizers (130)
[2015.08.06-20.26.55:568][306]LogModuleManager: Shutting down and abandoning module DetailCustomizations (129)
[2015.08.06-20.26.55:568][306]LogModuleManager: Shutting down and abandoning module PackagesDialog (128)
[2015.08.06-20.26.55:568][306]LogModuleManager: Shutting down and abandoning module AssetRegistry (127)
[2015.08.06-20.26.55:776][306]LogModuleManager: Shutting down and abandoning module Persona (126)
[2015.08.06-20.26.55:776][306]LogModuleManager: Shutting down and abandoning module SlateReflector (125)
[2015.08.06-20.26.55:776][306]LogModuleManager: Shutting down and abandoning module LevelEditor (124)
[2015.08.06-20.26.55:779][306]LogModuleManager: Shutting down and abandoning module Kismet (123)
[2015.08.06-20.26.55:779][306]LogModuleManager: Shutting down and abandoning module GraphEditor (122)
[2015.08.06-20.26.55:779][306]LogModuleManager: Shutting down and abandoning module ClassViewer (121)
[2015.08.06-20.26.55:779][306]LogModuleManager: Shutting down and abandoning module Toolbox (120)
[2015.08.06-20.26.55:779][306]LogModuleManager: Shutting down and abandoning module ModuleUI (119)
[2015.08.06-20.26.55:779][306]LogModuleManager: Shutting down and abandoning module MovieSceneTools (118)
[2015.08.06-20.26.55:779][306]LogModuleManager: Shutting down and abandoning module OutputLog (117)
[2015.08.06-20.26.55:780][306]LogModuleManager: Shutting down and abandoning module GammaUI (116)
[2015.08.06-20.26.55:780][306]LogModuleManager: Shutting down and abandoning module Documentation (115)
[2015.08.06-20.26.55:780][306]LogModuleManager: Shutting down and abandoning module GameLiveStreaming (114)
[2015.08.06-20.26.55:780][306]LogModuleManager: Shutting down and abandoning module StreamingPauseRendering (113)
[2015.08.06-20.26.55:780][306]LogModuleManager: Shutting down and abandoning module HTTP (112)
[2015.08.06-20.26.55:780][306]LogModuleManager: Shutting down and abandoning module AnalyticsET (111)
[2015.08.06-20.26.55:780][306]LogModuleManager: Shutting down and abandoning module Analytics (110)
[2015.08.06-20.26.55:780][306]LogModuleManager: Shutting down and abandoning module AITestSuite (109)
[2015.08.06-20.26.55:780][306]LogModuleManager: Shutting down and abandoning module GameplayDebugger (108)
[2015.08.06-20.26.55:780][306]LogModuleManager: Shutting down and abandoning module AIModule (107)
[2015.08.06-20.26.55:780][306]LogModuleManager: Shutting down and abandoning module ProfilerService (106)
[2015.08.06-20.26.55:978][306]LogModuleManager: Shutting down and abandoning module TaskGraph (105)
[2015.08.06-20.26.55:978][306]LogModuleManager: Shutting down and abandoning module SlateRemote (104)
[2015.08.06-20.26.55:978][306]LogModuleManager: Shutting down and abandoning module ScriptEditorPlugin (103)
[2015.08.06-20.26.55:978][306]LogModuleManager: Shutting down and abandoning module CustomMeshComponent (102)
[2015.08.06-20.26.55:978][306]LogModuleManager: Shutting down and abandoning module CableComponent (101)
[2015.08.06-20.26.55:978][306]LogModuleManager: Shutting down and abandoning module MessagingDebugger (100)
[2015.08.06-20.26.55:978][306]LogModuleManager: Shutting down and abandoning module MediaPlayerEditor (99)
[2015.08.06-20.26.55:979][306]LogModuleManager: Shutting down and abandoning module SpeedTreeImporter (98)
[2015.08.06-20.26.55:979][306]LogModuleManager: Shutting down and abandoning module PluginsEditor (97)
[2015.08.06-20.26.55:979][306]LogModuleManager: Shutting down and abandoning module MainFrame (96)
[2015.08.06-20.26.55:979][306]LogModuleManager: Shutting down and abandoning module EpicSurvey (95)
[2015.08.06-20.26.55:979][306]LogModuleManager: Shutting down and abandoning module DesktopPlatform (94)
[2015.08.06-20.26.55:979][306]LogModuleManager: Shutting down and abandoning module DirectoryWatcher (93)
[2015.08.06-20.26.55:984][306]LogModuleManager: Shutting down and abandoning module HotReload (92)
[2015.08.06-20.26.55:984][306]LogModuleManager: Shutting down and abandoning module VisualStudioSourceCodeAccess (91)
[2015.08.06-20.26.55:984][306]LogModuleManager: Shutting down and abandoning module UObjectPlugin (90)
[2015.08.06-20.26.55:984][306]LogModuleManager: Shutting down and abandoning module SubversionSourceControl (89)
[2015.08.06-20.26.55:985][306]LogModuleManager: Shutting down and abandoning module PerforceSourceControl (88)
[2015.08.06-20.26.55:985][306]LogModuleManager: Shutting down and abandoning module SourceControl (87)
[2015.08.06-20.26.55:985][306]LogModuleManager: Shutting down and abandoning module GitSourceControl (86)
[2015.08.06-20.26.55:985][306]LogModuleManager: Shutting down and abandoning module BlankPlugin (85)
[2015.08.06-20.26.55:985][306]LogModuleManager: Shutting down and abandoning module PaperTiledImporter (84)
[2015.08.06-20.26.55:985][306]LogModuleManager: Shutting down and abandoning module PaperJsonImporter (83)
[2015.08.06-20.26.55:985][306]LogModuleManager: Shutting down and abandoning module ContentBrowser (82)
[2015.08.06-20.26.55:988][306]LogModuleManager: Shutting down and abandoning module Paper2DEditor (81)
[2015.08.06-20.26.55:989][306]LogModuleManager: Shutting down and abandoning module ScriptPlugin (80)
[2015.08.06-20.26.55:989][306]LogModuleManager: Shutting down and abandoning module UdpMessaging (79)
[2015.08.06-20.26.56:090][306]LogModuleManager: Shutting down and abandoning module Paper2D (78)
[2015.08.06-20.26.56:090][306]LogModuleManager: Shutting down and abandoning module WindowsMoviePlayer (77)
[2015.08.06-20.26.56:099][306]LogModuleManager: Shutting down and abandoning module Media (76)
[2015.08.06-20.26.56:099][306]LogModuleManager: Shutting down and abandoning module WmfMedia (75)
[2015.08.06-20.26.56:099][306]LogModuleManager: Shutting down and abandoning module OnlineBlueprintSupport (74)
[2015.08.06-20.26.56:099][306]LogModuleManager: Shutting down and abandoning module PropertyEditor (73)
[2015.08.06-20.26.56:099][306]LogModuleManager: Shutting down and abandoning module BehaviorTreeEditor (72)
[2015.08.06-20.26.56:099][306]LogModuleManager: Shutting down and abandoning module FunctionalTesting (71)
[2015.08.06-20.26.56:100][306]LogModuleManager: Shutting down and abandoning module CollisionAnalyzer (70)
[2015.08.06-20.26.56:100][306]LogModuleManager: Shutting down and abandoning module WorkspaceMenuStructure (69)
[2015.08.06-20.26.56:100][306]LogModuleManager: Shutting down and abandoning module MessageLog (68)
[2015.08.06-20.26.56:100][306]LogModuleManager: Shutting down and abandoning module Sequencer (67)
[2015.08.06-20.26.56:100][306]LogModuleManager: Shutting down and abandoning module AssetTools (66)
[2015.08.06-20.26.56:100][306]LogModuleManager: Shutting down and abandoning module UMGEditor (65)
[2015.08.06-20.26.56:100][306]LogModuleManager: Shutting down and abandoning module UMG (64)
[2015.08.06-20.26.56:100][306]LogModuleManager: Shutting down and abandoning module Slate (63)
[2015.08.06-20.26.56:100][306]LogModuleManager: Shutting down and abandoning module EditorStyle (62)
[2015.08.06-20.26.56:113][306]LogModuleManager: Shutting down and abandoning module SessionServices (61)
[2015.08.06-20.26.56:113][306]LogModuleManager: Shutting down and abandoning module SourceCodeAccess (60)
[2015.08.06-20.26.56:113][306]LogModuleManager: Shutting down and abandoning module HeadMountedDisplay (59)
[2015.08.06-20.26.56:113][306]LogModuleManager: Shutting down and abandoning module Networking (56)
[2015.08.06-20.26.56:113][306]LogModuleManager: Shutting down and abandoning module Core (55)
[2015.08.06-20.26.56:113][306]LogModuleManager: Shutting down and abandoning module KismetCompiler (54)
[2015.08.06-20.26.56:113][306]LogModuleManager: Shutting down and abandoning module PhysXFormats (53)
[2015.08.06-20.26.56:113][306]LogModuleManager: Shutting down and abandoning module MeshUtilities (52)
[2015.08.06-20.26.56:113][306]LogModuleManager: Shutting down and abandoning module DerivedDataCache (51)
[2015.08.06-20.26.56:167][306]LogDerivedDataCache: Shutdown
[2015.08.06-20.26.56:167][306]LogModuleManager: Shutting down and abandoning module ShaderFormatOpenGL (50)
[2015.08.06-20.26.56:167][306]LogModuleManager: Shutting down and abandoning module ShaderFormatD3D (49)
[2015.08.06-20.26.56:167][306]LogModuleManager: Shutting down and abandoning module MetalShaderFormat (48)
[2015.08.06-20.26.56:167][306]LogModuleManager: Shutting down and abandoning module TextureFormatUncompressed (47)
[2015.08.06-20.26.56:167][306]LogModuleManager: Shutting down and abandoning module TextureFormatPVR (46)
[2015.08.06-20.26.56:167][306]LogModuleManager: Shutting down and abandoning module TextureFormatIntelISPCTexComp (45)
[2015.08.06-20.26.56:167][306]LogModuleManager: Shutting down and abandoning module TextureFormatDXT (44)
[2015.08.06-20.26.56:168][306]LogModuleManager: Shutting down and abandoning module ImageWrapper (43)
[2015.08.06-20.26.56:168][306]LogModuleManager: Shutting down and abandoning module TextureFormatASTC (42)
[2015.08.06-20.26.56:168][306]LogModuleManager: Shutting down and abandoning module TextureFormatAndroid (41)
[2015.08.06-20.26.56:168][306]LogModuleManager: Shutting down and abandoning module AudioFormatOpus (40)
[2015.08.06-20.26.56:168][306]LogModuleManager: Shutting down and abandoning module AudioFormatOgg (39)
[2015.08.06-20.26.56:168][306]LogModuleManager: Shutting down and abandoning module AudioFormatADPCM (38)
[2015.08.06-20.26.56:168][306]LogModuleManager: Shutting down and abandoning module LinuxTargetPlatform (37)
[2015.08.06-20.26.56:168][306]LogModuleManager: Shutting down and abandoning module LinuxServerTargetPlatform (36)
[2015.08.06-20.26.56:168][306]LogModuleManager: Shutting down and abandoning module LinuxNoEditorTargetPlatform (35)
[2015.08.06-20.26.56:168][306]LogModuleManager: Shutting down and abandoning module Messaging (34)
[2015.08.06-20.26.56:168][306]LogModuleManager: Shutting down and abandoning module IOSTargetPlatform (33)
[2015.08.06-20.26.56:168][306]LogModuleManager: Shutting down and abandoning module HTML5TargetPlatform (32)
[2015.08.06-20.26.56:168][306]LogModuleManager: Shutting down and abandoning module Android_PVRTCTargetPlatform (31)
[2015.08.06-20.26.56:168][306]LogModuleManager: Shutting down and abandoning module Android_ETC2TargetPlatform (30)
[2015.08.06-20.26.56:168][306]LogModuleManager: Shutting down and abandoning module Android_ETC1TargetPlatform (29)
[2015.08.06-20.26.56:169][306]LogModuleManager: Shutting down and abandoning module Android_ES31TargetPlatform (28)
[2015.08.06-20.26.56:169][306]LogModuleManager: Shutting down and abandoning module Android_DXTTargetPlatform (27)
[2015.08.06-20.26.56:169][306]LogModuleManager: Shutting down and abandoning module Android_ATCTargetPlatform (26)
[2015.08.06-20.26.56:169][306]LogModuleManager: Shutting down and abandoning module AndroidTargetPlatform (25)
[2015.08.06-20.26.56:169][306]LogModuleManager: Shutting down and abandoning module WindowsTargetPlatform (24)
[2015.08.06-20.26.56:169][306]LogModuleManager: Shutting down and abandoning module WindowsServerTargetPlatform (23)
[2015.08.06-20.26.56:169][306]LogModuleManager: Shutting down and abandoning module WindowsNoEditorTargetPlatform (22)
[2015.08.06-20.26.56:169][306]LogModuleManager: Shutting down and abandoning module WindowsClientTargetPlatform (21)
[2015.08.06-20.26.56:169][306]LogModuleManager: Shutting down and abandoning module TargetPlatform (20)
[2015.08.06-20.26.56:169][306]LogModuleManager: Shutting down and abandoning module InputCore (19)
[2015.08.06-20.26.56:169][306]LogModuleManager: Shutting down and abandoning module Settings (18)
[2015.08.06-20.26.56:170][306]LogModuleManager: Shutting down and abandoning module OnlineSubsystem (16)
[2015.08.06-20.26.56:170][306]LogModuleManager: Shutting down and abandoning module OculusRift (15)
[2015.08.06-20.26.56:170][306]LogModuleManager: Shutting down and abandoning module ExampleDeviceProfileSelector (14)
[2015.08.06-20.26.56:170][306]LogModuleManager: Shutting down and abandoning module TextureCompressor (13)
[2015.08.06-20.26.56:170][306]LogModuleManager: Shutting down and abandoning module ShaderCore (12)
[2015.08.06-20.26.56:170][306]LogModuleManager: Shutting down and abandoning module Landscape (11)
[2015.08.06-20.26.56:170][306]LogModuleManager: Shutting down and abandoning module SlateRHIRenderer (10)
[2015.08.06-20.26.56:181][306]LogModuleManager: Shutting down and abandoning module OpenGLDrv (9)
[2015.08.06-20.26.56:181][306]LogModuleManager: Shutting down and abandoning module D3D11RHI (8)
[2015.08.06-20.26.56:181][306]LogModuleManager: Shutting down and abandoning module Renderer (7)
[2015.08.06-20.26.56:181][306]LogModuleManager: Shutting down and abandoning module Engine (6)
[2015.08.06-20.26.56:181][306]LogModuleManager: Shutting down and abandoning module CoreUObject (5)
[2015.08.06-20.26.56:181][306]LogModuleManager: Shutting down and abandoning module NetworkFile (4)
[2015.08.06-20.26.56:181][306]LogModuleManager: Shutting down and abandoning module StreamingFile (3)
[2015.08.06-20.26.56:181][306]LogModuleManager: Shutting down and abandoning module SandboxFile (2)
[2015.08.06-20.26.56:181][306]LogModuleManager: Shutting down and abandoning module PakFile (1)
[2015.08.06-20.26.56:182][306]LogExit: Exiting.
[2015.08.06-20.26.56:200][306]Log file closed, 08/06/15 13:26:56
