[2015.09.10-04.41.40:717][  0]Log file open, 09/09/15 21:41:40
[2015.09.10-04.41.40:717][  0]LogInit:Display: Running engine for game: GodKiller
[2015.09.10-04.41.40:717][  0]LogInit:Display: RandInit(1537566790) SRandInit(1537566792).
[2015.09.10-04.41.40:717][  0]LogTaskGraph: Started task graph with 4 named threads and 5 total threads.
[2015.09.10-04.41.40:717][  0]LogStats: Stats thread started
[2015.09.10-04.41.40:717][  0]LogInit: Version: 4.8.3-2634408+++depot+UE4-Releases+4.8
[2015.09.10-04.41.40:717][  0]LogInit: API Version: 2579680
[2015.09.10-04.41.40:717][  0]LogInit: Compiled (64-bit): Jul 27 2015 16:24:33
[2015.09.10-04.41.40:717][  0]LogInit: Compiled with Visual C++: 18.00.21005.01
[2015.09.10-04.41.40:717][  0]LogInit: Build Configuration: Development
[2015.09.10-04.41.40:717][  0]LogInit: Branch Name: ++depot+UE4-Releases+4.8
[2015.09.10-04.41.40:717][  0]LogInit: Command line:  
[2015.09.10-04.41.40:717][  0]LogInit: Base directory: C:/Program Files/Epic Games/4.8/Engine/Binaries/Win64/
[2015.09.10-04.41.40:717][  0]LogInit: Rocket: 1
[2015.09.10-04.41.40:783][  0]LogInit: Using libcurl 7.41.0
[2015.09.10-04.41.40:783][  0]LogInit:  - built for x86_64-pc-win32
[2015.09.10-04.41.40:783][  0]LogInit:  - supports SSL with WinSSL
[2015.09.10-04.41.40:783][  0]LogInit:  - other features:
[2015.09.10-04.41.40:783][  0]LogInit:      CURL_VERSION_SSL
[2015.09.10-04.41.40:783][  0]LogInit:      CURL_VERSION_IPV6
[2015.09.10-04.41.40:783][  0]LogInit:      CURL_VERSION_ASYNCHDNS
[2015.09.10-04.41.40:783][  0]LogInit:      CURL_VERSION_LARGEFILE
[2015.09.10-04.41.40:783][  0]LogInit:      CURL_VERSION_IDN
[2015.09.10-04.41.40:784][  0]LogInit:  CurlRequestOptions (configurable via config and command line):
[2015.09.10-04.41.40:784][  0]LogInit:  - bVerifyPeer = true  - Libcurl will verify peer certificate
[2015.09.10-04.41.40:784][  0]LogInit:  - bUseHttpProxy = false  - Libcurl will NOT use HTTP proxy
[2015.09.10-04.41.40:784][  0]LogInit:  - bDontReuseConnections = false  - Libcurl will reuse connections
[2015.09.10-04.41.40:784][  0]LogInit:  - CertBundlePath = nullptr  - Libcurl will use whatever was configured at build time.
[2015.09.10-04.41.40:837][  0]LogOnline:Warning: No default platform service specified for OnlineSubsystem
[2015.09.10-04.41.41:251][  0]LogInit: Presizing for 0 objects not considered by GC, pre-allocating 0 bytes.
[2015.09.10-04.41.41:586][  0]LogInit: Object subsystem initialized
[2015.09.10-04.41.41:750][  0]LogConsoleResponse:Warning: Skipping Unknown console variable: 'TranslucentSortAxis = (X=0.000000,Y=-1.000000,Z=0.000000)'
[2015.09.10-04.41.41:750][  0]LogConsoleResponse:Warning:   Found in ini file 'C:/Users/Samantha/Desktop/God-Killer/Saved/Config/Windows/Engine.ini', in section '[/Script/Engine.RendererSettings]'
[2015.09.10-04.41.41:751][  0]LogConsoleResponse:Warning: Skipping Unknown console variable: 'UIScaleRule = ShortestSide'
[2015.09.10-04.41.41:751][  0]LogConsoleResponse:Warning:   Found in ini file 'C:/Users/Samantha/Desktop/God-Killer/Saved/Config/Windows/Engine.ini', in section '[/Script/Engine.RendererSettings]'
[2015.09.10-04.41.41:751][  0]LogConsoleResponse:Warning: Skipping Unknown console variable: 'UIScaleCurve = (EditorCurveData=(Keys=),ExternalCurve=None)'
[2015.09.10-04.41.41:751][  0]LogConsoleResponse:Warning:   Found in ini file 'C:/Users/Samantha/Desktop/God-Killer/Saved/Config/Windows/Engine.ini', in section '[/Script/Engine.RendererSettings]'
[2015.09.10-04.41.41:867][  0]LogInit: Selected Device Profile: [Windows]
[2015.09.10-04.41.41:868][  0]LogInit: Applying CVar settings loaded from the selected device profile: [Windows]
[2015.09.10-04.41.42:068][  0]LogInit: Computer: SAMANTHAPC
[2015.09.10-04.41.42:068][  0]LogInit: User: Samantha
[2015.09.10-04.41.42:068][  0]LogInit: CPU Page size=4096, Cores=2
[2015.09.10-04.41.42:068][  0]LogInit: High frequency timer resolution =2.240907 MHz
[2015.09.10-04.41.42:072][  0]LogMemory: Memory total: Physical=5.9GB (6GB approx)
[2015.09.10-04.41.42:091][  0]LogMemory: Platform Memory Stats for Windows
[2015.09.10-04.41.42:091][  0]LogMemory: Process Physical Memory: 51.56 MB used, 51.56 MB peak
[2015.09.10-04.41.42:091][  0]LogMemory: Process Virtual Memory: 24.22 MB used, 24.22 MB peak
[2015.09.10-04.41.42:091][  0]LogMemory: Physical Memory: 2726.96 MB used, 6027.63 MB total
[2015.09.10-04.41.42:091][  0]LogMemory: Virtual Memory: 292.76 MB used, 134217728.00 MB total
[2015.09.10-04.41.44:149][  0]LogTextLocalizationManager: The requested culture ('en_US') has no localization data; parent culture's ('en') localization data will be used.
[2015.09.10-04.41.45:157][  0]LogTextLocalizationManager:Warning: Loaded localization resources contain conflicting entries for (Namespace:ContentBrowser, Key:ImportAssetToolTip):
Localization Resource: (C:/Program Files/Epic Games/4.8/Engine/Content/Localization/Editor/en/Editor.locres) Source String Hash: (-630476809) Localized String: (Import to {0}...)
Localization Resource: (C:/Program Files/Epic Games/4.8/Engine/Content/Localization/Editor/en/Editor.locres) Source String Hash: (1271782899) Localized String: (Imports an asset from file to this folder.)
[2015.09.10-04.41.47:420][  0]LogD3D11RHI: Found D3D11 adapter 0: Intel(R) HD Graphics Family (Feature Level 11_0)
[2015.09.10-04.41.47:420][  0]LogD3D11RHI: Adapter has 32MB of dedicated video memory, 0MB of dedicated system memory, and 1760MB of shared system memory, 1 output[s]
[2015.09.10-04.41.47:423][  0]LogD3D11RHI: Found D3D11 adapter 1: Microsoft Basic Render Driver (Feature Level 11_0)
[2015.09.10-04.41.47:423][  0]LogD3D11RHI: Adapter has 0MB of dedicated video memory, 0MB of dedicated system memory, and 256MB of shared system memory, 0 output[s]
[2015.09.10-04.41.47:423][  0]LogD3D11RHI: Chosen D3D11 Adapter Id = 0
[2015.09.10-04.41.47:439][  0]LogD3D11RHI: InitD3DDevice
[2015.09.10-04.41.47:439][  0]LogD3D11RHI: !Direct3DDevice
[2015.09.10-04.41.47:439][  0]LogRHI: Texture pool is 638 MB (70% of 912 MB)
[2015.09.10-04.41.47:454][  0]LogD3D11RHI: Async texture creation enabled
[2015.09.10-04.41.47:891][  0]LogShaderCompilers:Display: Using Local Shader Compiler.
[2015.09.10-04.41.56:271][  0]LogTemp:Display: Loaded TP DesktopTargetPlatform
[2015.09.10-04.41.56:326][  0]LogTemp:Display: Loaded TP WindowsClientTargetPlatform
[2015.09.10-04.41.56:381][  0]LogTemp:Display: Loaded TP WindowsNoEditorTargetPlatform
[2015.09.10-04.41.56:443][  0]LogTemp:Display: Loaded TP WindowsServerTargetPlatform
[2015.09.10-04.41.56:515][  0]LogTemp:Display: Loaded TP WindowsTargetPlatform
[2015.09.10-04.41.56:582][  0]LogTemp:Display: Loaded TP AndroidTargetPlatform
[2015.09.10-04.41.56:644][  0]LogTemp:Display: Loaded TP Android_ASTCTargetPlatform
[2015.09.10-04.41.56:707][  0]LogTemp:Display: Loaded TP Android_ATCTargetPlatform
[2015.09.10-04.41.56:793][  0]LogTemp:Display: Loaded TP Android_DXTTargetPlatform
[2015.09.10-04.41.56:853][  0]LogTemp:Display: Loaded TP Android_ETC1TargetPlatform
[2015.09.10-04.41.56:909][  0]LogTemp:Display: Loaded TP Android_ETC2TargetPlatform
[2015.09.10-04.41.56:961][  0]LogTemp:Display: Loaded TP Android_PVRTCTargetPlatform
[2015.09.10-04.41.57:308][  0]LogTemp:Display: Loaded TP IOSTargetPlatform
[2015.09.10-04.41.57:368][  0]LogTemp:Display: Loaded TP LinuxNoEditorTargetPlatform
[2015.09.10-04.41.57:431][  0]LogTemp:Display: Loaded TP LinuxServerTargetPlatform
[2015.09.10-04.41.57:506][  0]LogTemp:Display: Loaded TP LinuxTargetPlatform
[2015.09.10-04.41.57:506][  0]LogTargetPlatformManager:Display: Building Assets For Windows
[2015.09.10-04.41.59:420][  0]LogDerivedDataCache:Display: Max Cache Size: 512 MB
[2015.09.10-04.42.00:254][  0]LogDerivedDataCache: Loaded boot cache 0.83s 53MB C:/Users/Samantha/AppData/Local/UnrealEngine/4.8/DerivedDataCache/Boot.ddc.
[2015.09.10-04.42.00:254][  0]LogDerivedDataCache:Display: Loaded Boot cache: C:/Users/Samantha/AppData/Local/UnrealEngine/4.8/DerivedDataCache/Boot.ddc
[2015.09.10-04.42.00:254][  0]LogDerivedDataCache: FDerivedDataBackendGraph:  Pak pak cache file ../../../../../../Users/Samantha/Desktop/God-Killer/DerivedDataCache/DDC.ddp not found, will not use a pak cache.
[2015.09.10-04.42.00:254][  0]LogDerivedDataCache: Unable to find inner node Pak for hierarchical cache Hierarchy.
[2015.09.10-04.42.00:255][  0]LogDerivedDataCache: FDerivedDataBackendGraph:  CompressedPak pak cache file ../../../../../../Users/Samantha/Desktop/God-Killer/DerivedDataCache/Compressed.ddp not found, will not use a pak cache.
[2015.09.10-04.42.00:255][  0]LogDerivedDataCache: Unable to find inner node CompressedPak for hierarchical cache Hierarchy.
[2015.09.10-04.42.00:897][  0]LogDerivedDataCache:Display: Pak cache opened for reading ../../../Engine/DerivedDataCache/Compressed.ddp.
[2015.09.10-04.42.00:911][  0]LogDerivedDataCache: Using Local data cache path C:/Users/Samantha/AppData/Local/UnrealEngine/Common/DerivedDataCache: Writable
[2015.09.10-04.42.18:935][  0]LogInit: Selected Device Profile: [Windows]
[2015.09.10-04.42.20:472][  0]ImportText (ComponentSweepMultiTests): Missing closing parenthesis: (RootShapeAsset="/Engine/BasicShapes/Cube.Cube",ShapeType="TriggerCapsule",HitResult=(Time=0.50,Location=(X=-100.000015,Y=0.0,Z=100.000015),ImpactPoint=(X=-50.0,Y=0.0,Z=50.0),Normal=(X=-1.0,Y=-0.0,Z=0.0),ImpactNormal=(X=0.0,Y=0.0,Z=1.0),TraceStart=(X=-200.0,Y=0.0,Z=200.0),TraceEnd=(X=0.0,Y=0.0,Z=0.0))
[2015.09.10-04.42.20:473][  0]ImportText (LineTraceSingleByChannelTests): Missing closing parenthesis: (RootShapeAsset="/Engine/BasicShapes/Cube.Cube",HitResult=(Time=0.50,Location=(X=-100.000015,Y=0.0,Z=100.000015),ImpactPoint=(X=-50.0,Y=0.0,Z=50.0),Normal=(X=-1.0,Y=-0.0,Z=0.0),ImpactNormal=(X=0.0,Y=0.0,Z=1.0),TraceStart=(X=-200.0,Y=0.0,Z=200.0),TraceEnd=(X=0.0,Y=0.0,Z=0.0))
[2015.09.10-04.42.20:922][  0]LogMeshUtilities: No automatic mesh reduction module available
[2015.09.10-04.42.20:922][  0]LogMeshUtilities: No automatic mesh merging module available
[2015.09.10-04.42.26:675][  0]LogInit: WinSock: version 1.1 (2.2), MaxSocks=32767, MaxUdp=65467
[2015.09.10-04.42.31:437][  0]LogModuleManager:Warning: ModuleManager: Unable to load module 'C:/Program Files/Epic Games/4.8/Engine/Binaries/Win64/UE4Editor-XAudio2.dll' because the file couldn't be loaded by the OS.
[2015.09.10-04.42.56:581][  0]UdpMessaging: Initializing bridge on interface 0.0.0.0:0 to multicast group 230.0.0.1:6666.
[2015.09.10-04.42.59:679][  0]SourceControl: Info Source control is disabled
[2015.09.10-04.42.59:710][  0]SourceControl: Info Source control is disabled
[2015.09.10-04.42.59:796][  0]SourceControl: Info Source control is disabled
[2015.09.10-04.42.59:841][  0]SourceControl: Info Source control is disabled
[2015.09.10-04.43.01:381][  0]LogObj: 26273 objects as part of root set at end of initial load.
[2015.09.10-04.43.01:381][  0]LogUObjectAllocator: 5409256 out of 0 bytes used by permanent object pool.
[2015.09.10-04.43.02:412][  0]LogEngine: Initializing Engine...
[2015.09.10-04.43.02:446][  0]LogHMD: Can't find Oculus library dev build: is proper Runtime installed? Version: 0.6.0.0
[2015.09.10-04.43.02:524][  0]LogHMD:Warning: SteamVR failed to initialize.  Error: 110
[2015.09.10-04.43.04:451][  0]LogAIModule: Creating AISystem for world NewWorld
[2015.09.10-04.43.10:116][  0]LogModuleManager:Warning: ModuleManager: Unable to load module 'C:/Program Files/Epic Games/4.8/Engine/Binaries/Win64/UE4Editor-XAudio2.dll' because the file couldn't be loaded by the OS.
[2015.09.10-04.43.10:193][  0]LogDerivedDataCache: Saved boot cache 0.08s 53MB C:/Users/Samantha/AppData/Local/UnrealEngine/4.8/DerivedDataCache/Boot.ddc.
[2015.09.10-04.43.10:210][  0]LogInit: Texture streaming: Disabled
[2015.09.10-04.43.10:346][  0]LogAnalytics: Creating configured Analytics provider AnalyticsET
[2015.09.10-04.43.10:347][  0]LogAnalytics: [UEEditor.Rocket.Release] APIServer = http://et2.epicgames.com/ET2/. AppVersion = 4.8.3-2634408+++depot+UE4-Releases+4.8
[2015.09.10-04.43.10:347][  0]LogAnalytics: [UEEditor.Rocket.Release] SetUserId 46872bea408cfcc0100ac385d2b5ce07|e22a3db169b04f708165eaff958a9646|097015b1-a59a-4201-b460-717027cc9fe8
[2015.09.10-04.43.10:347][  0]LogAnalytics: [UEEditor.Rocket.Release] AnalyticsET::StartSession
[2015.09.10-04.43.10:708][  0]LogInit: Transaction tracking system initialized
[2015.09.10-04.43.11:548][  0]BlueprintLog: New page: Editor Load
[2015.09.10-04.43.11:734][  0]LogAssetRegistry: FAssetRegistry took 0.0142 seconds to start up
[2015.09.10-04.43.11:737][  0]LogDirectoryWatcher:Warning: Failed to begin reading directory changes for ../../../Engine/Plugins/Experimental/CharacterAI/Content/. Error: 0
[2015.09.10-04.43.20:338][  0]LogConsoleManager:Warning: Console variable 'r.VSync' wasn't set ('GameSetting' has a lower priority than 'SystemSettingsIni')
[2015.09.10-04.43.20:348][  0]LogConsoleResponse:Display: 
[2015.09.10-04.43.23:232][  0]LogCook:Display: Done creating registry. It took  0.00s.
[2015.09.10-04.43.25:235][  0]SourceControl: Info Source control is disabled
[2015.09.10-04.43.25:308][  0]Cmd: MAP LOAD FILE="../../../../../../Users/Samantha/Desktop/God-Killer/Content/Scene/NewCave.umap" TEMPLATE=0 SHOWPROGRESS=1 FEATURELEVEL=3
[2015.09.10-04.43.25:310][  0]LightingResults: New page: Lighting Build
[2015.09.10-04.43.25:664][  0]MapCheck: New page: Map Check
[2015.09.10-04.43.25:664][  0]LightingResults: New page: Lighting Build
[2015.09.10-04.43.26:056][  0]LogParticles: Destroying 0 GPU particle simulations for FXSystem 0x000000A7E91F5300
[2015.09.10-04.43.40:291][  0]LogBlueprint:Warning: [compiler Gui] Warning 'gnawmers' is already a 'Enemy 1', you don't need  Cast To Enemy1 .
[2015.09.10-04.43.40:334][  0]LogBlueprint:Warning: [compiler Gui] Warning [0126.60] Compile of Gui successful, but with 1 Warning(s) [in 168 ms]
[2015.09.10-04.43.40:335][  0]LogBlueprint:Warning: [compiler Gui] Warning [0126.60] Compile of Gui successful, but with 2 Warning(s) [in 0 ms]
[2015.09.10-04.43.40:335][  0]LogBlueprint:Warning: [compiler Gui] Warning [0126.60] Compile of Gui successful, but with 3 Warning(s) [in 0 ms]
[2015.09.10-04.43.41:942][  0]LogBlueprint:Warning: [compiler GnawmersHealth] Warning 'gnawmers' is already a 'Enemy 1', you don't need  Cast To Enemy1 .
[2015.09.10-04.43.41:944][  0]LogBlueprint:Warning: [compiler GnawmersHealth] Warning [0128.21] Compile of GnawmersHealth successful, but with 1 Warning(s) [in 43 ms]
[2015.09.10-04.43.41:944][  0]LogBlueprint:Warning: [compiler GnawmersHealth] Warning [0128.21] Compile of GnawmersHealth successful, but with 2 Warning(s) [in 0 ms]
[2015.09.10-04.43.41:945][  0]LogBlueprint:Warning: [compiler GnawmersHealth] Warning [0128.21] Compile of GnawmersHealth successful, but with 3 Warning(s) [in 0 ms]
[2015.09.10-04.43.49:391][  0]LogBlueprint:Warning: [compiler Gui] Warning 'gnawmers' is already a 'Enemy 1', you don't need  Cast To Enemy1 .
[2015.09.10-04.43.49:425][  0]LogBlueprint:Warning: [compiler Gui] Warning [0135.69] Compile of Gui successful, but with 1 Warning(s) [in 144 ms]
[2015.09.10-04.43.49:430][  0]LogBlueprint:Warning: [compiler Gui] Warning [0135.70] Compile of Gui successful, but with 2 Warning(s) [in 4 ms]
[2015.09.10-04.43.49:775][  0]LogBlueprint:Warning: [compiler GnawmersHealth] Warning 'gnawmers' is already a 'Enemy 1', you don't need  Cast To Enemy1 .
[2015.09.10-04.43.49:778][  0]LogBlueprint:Warning: [compiler GnawmersHealth] Warning [0136.05] Compile of GnawmersHealth successful, but with 1 Warning(s) [in 49 ms]
[2015.09.10-04.43.49:779][  0]LogBlueprint:Warning: [compiler GnawmersHealth] Warning [0136.05] Compile of GnawmersHealth successful, but with 2 Warning(s) [in 0 ms]
[2015.09.10-04.44.23:779][  0]LogStaticMesh: Building static mesh SkeletonSacrifice...
[2015.09.10-04.44.26:753][  0]LogStaticMesh: Built static mesh [2.988987.2s] /Game/SkeletonForAltar/SkeletonSacrifice.SkeletonSacrifice
[2015.09.10-04.45.04:866][  0]LogMaterial: Missing cached shader map for material SkeletonGlow3, compiling. 
[2015.09.10-04.45.05:020][  0]LogMaterial: Missing cached shader map for material SkeletonGlow2, compiling. 
[2015.09.10-04.45.05:038][  0]LogMaterial: Missing cached shader map for material 