[2015.08.29-02.18.52:258][  0]Log file open, 08/28/15 19:18:52
[2015.08.29-02.18.52:258][  0]LogInit:Display: Running engine for game: GodKiller
[2015.08.29-02.18.52:258][  0]LogInit:Display: RandInit(402693518) SRandInit(402693532).
[2015.08.29-02.18.52:258][  0]LogTaskGraph: Started task graph with 4 named threads and 7 total threads.
[2015.08.29-02.18.52:258][  0]LogStats: Stats thread started
[2015.08.29-02.18.52:258][  0]LogInit: Version: 4.8.3-2634408+++depot+UE4-Releases+4.8
[2015.08.29-02.18.52:258][  0]LogInit: API Version: 2579680
[2015.08.29-02.18.52:258][  0]LogInit: Compiled (64-bit): Jul 27 2015 16:24:33
[2015.08.29-02.18.52:258][  0]LogInit: Compiled with Visual C++: 18.00.21005.01
[2015.08.29-02.18.52:258][  0]LogInit: Build Configuration: Development
[2015.08.29-02.18.52:258][  0]LogInit: Branch Name: ++depot+UE4-Releases+4.8
[2015.08.29-02.18.52:258][  0]LogInit: Command line:  
[2015.08.29-02.18.52:258][  0]LogInit: Base directory: D:/Program Files/Unreal/Epic Games/4.8/Engine/Binaries/Win64/
[2015.08.29-02.18.52:258][  0]LogInit: Rocket: 1
[2015.08.29-02.18.52:289][  0]LogInit: Using libcurl 7.41.0
[2015.08.29-02.18.52:289][  0]LogInit:  - built for x86_64-pc-win32
[2015.08.29-02.18.52:289][  0]LogInit:  - supports SSL with WinSSL
[2015.08.29-02.18.52:289][  0]LogInit:  - other features:
[2015.08.29-02.18.52:289][  0]LogInit:      CURL_VERSION_SSL
[2015.08.29-02.18.52:289][  0]LogInit:      CURL_VERSION_IPV6
[2015.08.29-02.18.52:289][  0]LogInit:      CURL_VERSION_ASYNCHDNS
[2015.08.29-02.18.52:289][  0]LogInit:      CURL_VERSION_LARGEFILE
[2015.08.29-02.18.52:289][  0]LogInit:      CURL_VERSION_IDN
[2015.08.29-02.18.52:289][  0]LogInit:  CurlRequestOptions (configurable via config and command line):
[2015.08.29-02.18.52:289][  0]LogInit:  - bVerifyPeer = true  - Libcurl will verify peer certificate
[2015.08.29-02.18.52:289][  0]LogInit:  - bUseHttpProxy = false  - Libcurl will NOT use HTTP proxy
[2015.08.29-02.18.52:289][  0]LogInit:  - bDontReuseConnections = false  - Libcurl will reuse connections
[2015.08.29-02.18.52:289][  0]LogInit:  - CertBundlePath = nullptr  - Libcurl will use whatever was configured at build time.
[2015.08.29-02.18.52:310][  0]LogOnline:Warning: No default platform service specified for OnlineSubsystem
[2015.08.29-02.18.52:334][  0]LogInit: Presizing for 0 objects not considered by GC, pre-allocating 0 bytes.
[2015.08.29-02.18.52:342][  0]LogInit: Object subsystem initialized
[2015.08.29-02.18.52:343][  0]LogConsoleResponse:Warning: Skipping Unknown console variable: 'TranslucentSortAxis = (X=0.000000,Y=-1.000000,Z=0.000000)'
[2015.08.29-02.18.52:343][  0]LogConsoleResponse:Warning:   Found in ini file 'D:/Storage/Documents/SourceTRee/Saved/Config/Windows/Engine.ini', in section '[/Script/Engine.RendererSettings]'
[2015.08.29-02.18.52:344][  0]LogConsoleResponse:Warning: Skipping Unknown console variable: 'UIScaleRule = ShortestSide'
[2015.08.29-02.18.52:344][  0]LogConsoleResponse:Warning:   Found in ini file 'D:/Storage/Documents/SourceTRee/Saved/Config/Windows/Engine.ini', in section '[/Script/Engine.RendererSettings]'
[2015.08.29-02.18.52:344][  0]LogConsoleResponse:Warning: Skipping Unknown console variable: 'UIScaleCurve = (EditorCurveData=(Keys=),ExternalCurve=None)'
[2015.08.29-02.18.52:344][  0]LogConsoleResponse:Warning:   Found in ini file 'D:/Storage/Documents/SourceTRee/Saved/Config/Windows/Engine.ini', in section '[/Script/Engine.RendererSettings]'
[2015.08.29-02.18.52:344][  0]LogInit: Selected Device Profile: [Windows]
[2015.08.29-02.18.52:344][  0]LogInit: Applying CVar settings loaded from the selected device profile: [Windows]
[2015.08.29-02.18.52:352][  0]LogInit: Computer: JOSEPH-PC
[2015.08.29-02.18.52:352][  0]LogInit: User: Joseph
[2015.08.29-02.18.52:352][  0]LogInit: CPU Page size=4096, Cores=4
[2015.08.29-02.18.52:352][  0]LogInit: High frequency timer resolution =14.318180 MHz
[2015.08.29-02.18.52:352][  0]LogMemory: Memory total: Physical=15.9GB (16GB approx)
[2015.08.29-02.18.52:352][  0]LogMemory: Platform Memory Stats for Windows
[2015.08.29-02.18.52:352][  0]LogMemory: Process Physical Memory: 50.98 MB used, 50.98 MB peak
[2015.08.29-02.18.52:352][  0]LogMemory: Process Virtual Memory: 25.76 MB used, 25.76 MB peak
[2015.08.29-02.18.52:352][  0]LogMemory: Physical Memory: 3354.73 MB used, 16280.89 MB total
[2015.08.29-02.18.52:352][  0]LogMemory: Virtual Memory: 299.13 MB used, 134217728.00 MB total
[2015.08.29-02.18.52:396][  0]LogTextLocalizationManager: The requested culture ('en_US') has no localization data; parent culture's ('en') localization data will be used.
[2015.08.29-02.18.52:619][  0]LogTextLocalizationManager:Warning: Loaded localization resources contain conflicting entries for (Namespace:ContentBrowser, Key:ImportAssetToolTip):
Localization Resource: (D:/Program Files/Unreal/Epic Games/4.8/Engine/Content/Localization/Editor/en/Editor.locres) Source String Hash: (-630476809) Localized String: (Import to {0}...)
Localization Resource: (D:/Program Files/Unreal/Epic Games/4.8/Engine/Content/Localization/Editor/en/Editor.locres) Source String Hash: (1271782899) Localized String: (Imports an asset from file to this folder.)
[2015.08.29-02.18.53:228][  0]LogD3D11RHI: Found D3D11 adapter 0: AMD Radeon R9 200 Series (Feature Level 11_0)
[2015.08.29-02.18.53:228][  0]LogD3D11RHI: Adapter has 4075MB of dedicated video memory, 0MB of dedicated system memory, and 8140MB of shared system memory, 1 output[s]
[2015.08.29-02.18.53:229][  0]LogD3D11RHI: Found D3D11 adapter 1: Microsoft Basic Render Driver (Feature Level 11_0)
[2015.08.29-02.18.53:229][  0]LogD3D11RHI: Adapter has 0MB of dedicated video memory, 0MB of dedicated system memory, and 8140MB of shared system memory, 0 output[s]
[2015.08.29-02.18.53:229][  0]LogD3D11RHI: Chosen D3D11 Adapter Id = 0
[2015.08.29-02.18.53:236][  0]LogD3D11RHI: InitD3DDevice
[2015.08.29-02.18.53:236][  0]LogD3D11RHI: !Direct3DDevice
[2015.08.29-02.18.53:236][  0]LogRHI: Texture pool is 1361 MB (70% of 1945 MB)
[2015.08.29-02.18.53:245][  0]LogD3D11RHI: Async texture creation disabled: no driver support
[2015.08.29-02.18.53:259][  0]LogShaderCompilers:Display: Using Local Shader Compiler.
[2015.08.29-02.18.54:806][  0]LogTemp:Display: Loaded TP DesktopTargetPlatform
[2015.08.29-02.18.54:830][  0]LogTemp:Display: Loaded TP WindowsClientTargetPlatform
[2015.08.29-02.18.54:853][  0]LogTemp:Display: Loaded TP WindowsNoEditorTargetPlatform
[2015.08.29-02.18.54:876][  0]LogTemp:Display: Loaded TP WindowsServerTargetPlatform
[2015.08.29-02.18.54:902][  0]LogTemp:Display: Loaded TP WindowsTargetPlatform
[2015.08.29-02.18.54:924][  0]LogTemp:Display: Loaded TP AndroidTargetPlatform
[2015.08.29-02.18.54:945][  0]LogTemp:Display: Loaded TP Android_ASTCTargetPlatform
[2015.08.29-02.18.54:967][  0]LogTemp:Display: Loaded TP Android_ATCTargetPlatform
[2015.08.29-02.18.54:989][  0]LogTemp:Display: Loaded TP Android_DXTTargetPlatform
[2015.08.29-02.18.55:011][  0]LogTemp:Display: Loaded TP Android_ETC1TargetPlatform
[2015.08.29-02.18.55:037][  0]LogTemp:Display: Loaded TP Android_ETC2TargetPlatform
[2015.08.29-02.18.55:063][  0]LogTemp:Display: Loaded TP Android_PVRTCTargetPlatform
[2015.08.29-02.18.55:143][  0]LogTemp:Display: Loaded TP IOSTargetPlatform
[2015.08.29-02.18.55:166][  0]LogTemp:Display: Loaded TP LinuxNoEditorTargetPlatform
[2015.08.29-02.18.55:189][  0]LogTemp:Display: Loaded TP LinuxServerTargetPlatform
[2015.08.29-02.18.55:214][  0]LogTemp:Display: Loaded TP LinuxTargetPlatform
[2015.08.29-02.18.55:214][  0]LogTargetPlatformManager:Display: Building Assets For Windows
[2015.08.29-02.18.55:579][  0]LogDerivedDataCache:Display: Max Cache Size: 512 MB
[2015.08.29-02.18.55:747][  0]LogDerivedDataCache: Loaded boot cache 0.17s 53MB C:/Users/Joseph/AppData/Local/UnrealEngine/4.8/DerivedDataCache/Boot.ddc.
[2015.08.29-02.18.55:747][  0]LogDerivedDataCache:Display: Loaded Boot cache: C:/Users/Joseph/AppData/Local/UnrealEngine/4.8/DerivedDataCache/Boot.ddc
[2015.08.29-02.18.55:759][  0]LogDerivedDataCache: FDerivedDataBackendGraph:  Pak pak cache file ../../../../../../../Storage/Documents/SourceTRee/DerivedDataCache/DDC.ddp not found, will not use a pak cache.
[2015.08.29-02.18.55:759][  0]LogDerivedDataCache: Unable to find inner node Pak for hierarchical cache Hierarchy.
[2015.08.29-02.18.55:759][  0]LogDerivedDataCache: FDerivedDataBackendGraph:  CompressedPak pak cache file ../../../../../../../Storage/Documents/SourceTRee/DerivedDataCache/Compressed.ddp not found, will not use a pak cache.
[2015.08.29-02.18.55:759][  0]LogDerivedDataCache: Unable to find inner node CompressedPak for hierarchical cache Hierarchy.
[2015.08.29-02.18.55:951][  0]LogDerivedDataCache:Display: Pak cache opened for reading ../../../Engine/DerivedDataCache/Compressed.ddp.
[2015.08.29-02.18.55:972][  0]LogDerivedDataCache: Using Local data cache path C:/Users/Joseph/AppData/Local/UnrealEngine/Common/DerivedDataCache: Writable
[2015.08.29-02.19.01:640][  0]LogInit: Selected Device Profile: [Windows]
[2015.08.29-02.19.02:562][  0]ImportText (ComponentSweepMultiTests): Missing closing parenthesis: (RootShapeAsset="/Engine/BasicShapes/Cube.Cube",ShapeType="TriggerCapsule",HitResult=(Time=0.50,Location=(X=-100.000015,Y=0.0,Z=100.000015),ImpactPoint=(X=-50.0,Y=0.0,Z=50.0),Normal=(X=-1.0,Y=-0.0,Z=0.0),ImpactNormal=(X=0.0,Y=0.0,Z=1.0),TraceStart=(X=-200.0,Y=0.0,Z=200.0),TraceEnd=(X=0.0,Y=0.0,Z=0.0))
[2015.08.29-02.19.02:563][  0]ImportText (LineTraceSingleByChannelTests): Missing closing parenthesis: (RootShapeAsset="/Engine/BasicShapes/Cube.Cube",HitResult=(Time=0.50,Location=(X=-100.000015,Y=0.0,Z=100.000015),ImpactPoint=(X=-50.0,Y=0.0,Z=50.0),Normal=(X=-1.0,Y=-0.0,Z=0.0),ImpactNormal=(X=0.0,Y=0.0,Z=1.0),TraceStart=(X=-200.0,Y=0.0,Z=200.0),TraceEnd=(X=0.0,Y=0.0,Z=0.0))
[2015.08.29-02.19.02:800][  0]LogMeshUtilities: No automatic mesh reduction module available
[2015.08.29-02.19.02:800][  0]LogMeshUtilities: No automatic mesh merging module available
[2015.08.29-02.19.05:715][  0]LogInit: WinSock: version 1.1 (2.2), MaxSocks=32767, MaxUdp=65467
[2015.08.29-02.19.12:386][  0]UdpMessaging: Initializing bridge on interface 0.0.0.0:0 to multicast group 230.0.0.1:6666.
[2015.08.29-02.19.14:119][  0]SourceControl: Info Source control is disabled
[2015.08.29-02.19.14:385][  0]SourceControl: Info Source control is disabled
[2015.08.29-02.19.14:429][  0]SourceControl: Info Source control is disabled
[2015.08.29-02.19.14:505][  0]SourceControl: Info Source control is disabled
[2015.08.29-02.19.15:554][  0]LogObj: 26273 objects as part of root set at end of initial load.
[2015.08.29-02.19.15:554][  0]LogUObjectAllocator: 5409248 out of 0 bytes used by permanent object pool.
[2015.08.29-02.19.16:165][  0]LogEngine: Initializing Engine...
[2015.08.29-02.19.16:195][  0]LogHMD: Can't find Oculus library dev build: is proper Runtime installed? Version: 0.6.0.0
[2015.08.29-02.19.16:241][  0]LogHMD:Warning: SteamVR failed to initialize.  Error: 110
[2015.08.29-02.19.17:241][  0]LogAIModule: Creating AISystem for world NewWorld
[2015.08.29-02.19.17:351][  0]LogInit: XAudio2 using '1 - LG ULTRAWIDE (AMD High Definition Audio Device)' : 2 channels at 48 kHz using 16 bits per sample (channel mask 0x3)
[2015.08.29-02.19.17:369][  0]LogInit: FAudioDevice initialized.
[2015.08.29-02.19.17:420][  0]LogDerivedDataCache: Saved boot cache 0.05s 53MB C:/Users/Joseph/AppData/Local/UnrealEngine/4.8/DerivedDataCache/Boot.ddc.
[2015.08.29-02.19.17:449][  0]LogInit: Texture streaming: Disabled
[2015.08.29-02.19.17:506][  0]LogAnalytics: Creating configured Analytics provider AnalyticsET
[2015.08.29-02.19.17:506][  0]LogAnalytics: [UEEditor.Rocket.Release] APIServer = http://et2.epicgames.com/ET2/. AppVersion = 4.8.3-2634408+++depot+UE4-Releases+4.8
[2015.08.29-02.19.17:506][  0]LogAnalytics: [UEEditor.Rocket.Release] SetUserId d0fc97d9433d85cfe1d854a78446f226|fbedbf84e6654fb9830ed15a26abc575|31b426bb-6233-41c4-8090-528f38e68011
[2015.08.29-02.19.17:506][  0]LogAnalytics: [UEEditor.Rocket.Release] AnalyticsET::StartSession
[2015.08.29-02.19.17:698][  0]LogInit: Transaction tracking system initialized
[2015.08.29-02.19.18:267][  0]BlueprintLog: New page: Editor Load
[2015.08.29-02.19.18:377][  0]LogAssetRegistry: FAssetRegistry took 0.0193 seconds to start up
[2015.08.29-02.19.18:385][  0]LogDirectoryWatcher:Warning: Failed to begin reading directory changes for ../../../Engine/Plugins/Experimental/CharacterAI/Content/. Error: 0
[2015.08.29-02.19.25:125][  0]LogConsoleManager:Warning: Console variable 'r.VSync' wasn't set ('GameSetting' has a lower priority than 'SystemSettingsIni')
[2015.08.29-02.19.25:125][  0]LogConsoleResponse:Display: 
[2015.08.29-02.19.26:689][  0]LogCook:Display: Done creating registry. It took  0.00s.
[2015.08.29-02.19.28:779][  0]SourceControl: Info Source control is disabled
[2015.08.29-02.19.28:941][  0]Cmd: MAP LOAD FILE="../../../../../../../Storage/Documents/SourceTRee/Content/Scene/NewCave.umap" TEMPLATE=0 SHOWPROGRESS=1 FEATURELEVEL=3
[2015.08.29-02.19.29:005][  0]LightingResults: New page: Lighting Build
[2015.08.29-02.19.29:224][  0]MapCheck: New page: Map Check
[2015.08.29-02.19.29:224][  0]LightingResults: New page: Lighting Build
[2015.08.29-02.19.29:542][  0]LogParticles: Destroying 0 GPU particle simulations for FXSystem 0x000000152A8B0F40
[2015.08.29-02.19.35:527][  0]LogBlueprint:Warning: [compiler GnawmersHealth] Warning 'gnawmers' is already a 'Enemy 1', you don't need  Cast To Enemy1 .
[2015.08.29-02.19.35:562][  0]LogBlueprint:Warning: [compiler GnawmersHealth] Warning [0046.31] Compile of GnawmersHealth successful, but with 1 Warning(s) [in 73 ms]
[2015.08.29-02.19.35:562][  0]LogBlueprint:Warning: [compiler GnawmersHealth] Warning [0046.31] Compile of GnawmersHealth successful, but with 2 Warning(s) [in 0 ms]
[2015.08.29-02.19.35:562][  0]LogBlueprint:Warning: [compiler GnawmersHealth] Warning [0046.31] Compile of GnawmersHealth successful, but with 3 Warning(s) [in 0 ms]
[2015.08.29-02.19.36:662][  0]LogBlueprint:Warning: [compiler Gui] Warning 'gnawmers' is already a 'Enemy 1', you don't need  Cast To Enemy1 .
[2015.08.29-02.19.36:683][  0]LogBlueprint:Warning: [compiler Gui] Warning [0047.43] Compile of Gui successful, but with 1 Warning(s) [in 76 ms]
[2015.08.29-02.19.36:684][  0]LogBlueprint:Warning: [compiler Gui] Warning [0047.43] Compile of Gui successful, but with 2 Warning(s) [in 0 ms]
[2015.08.29-02.19.36:684][  0]LogBlueprint:Warning: [compiler Gui] Warning [0047.43] Compile of Gui successful, but with 3 Warning(s) [in 0 ms]
[2015.08.29-02.19.40:064][  0]LogBlueprint:Warning: [compiler Gui] Warning 'gnawmers' is already a 'Enemy 1', you don't need  Cast To Enemy1 .
[2015.08.29-02.19.40:077][  0]LogBlueprint:Warning: [compiler Gui] Warning [0050.82] Compile of Gui successful, but with 1 Warning(s) [in 64 ms]
[2015.08.29-02.19.40:079][  0]LogBlueprint:Warning: [compiler Gui] Warning [0050.83] Compile of Gui successful, but with 2 Warning(s) [in 1 ms]
[2015.08.29-02.19.40:240][  0]LogBlueprint:Warning: [compiler GnawmersHealth] Warning 'gnawmers' is already a 'Enemy 1', you don't need  Cast To Enemy1 .
[2015.08.29-02.19.40:241][  0]LogBlueprint:Warning: [compiler GnawmersHealth] Warning [0050.99] Compile of GnawmersHealth successful, but with 1 Warning(s) [in 25 ms]
[2015.08.29-02.19.40:242][  0]LogBlueprint:Warning: [compiler GnawmersHealth] Warning [0050.99] Compile of GnawmersHealth successful, but with 2 Warning(s) [in 0 ms]
[2015.08.29-02.19.45:682][  0]LogMaterial: Missing cached shader map for material Mat_Sparks, compiling. 
[2015.08.29-02.19.49:545][  0]LogAIModule: Creating AISystem for world NewCave
[2015.08.29-02.19.50:170][  0]LogEditorServer: Finished looking for orphan Actors (0.000 secs)
[2015.08.29-02.19.50:180][  0]Cmd: MAP CHECKDEP NOCLEARLOG
[2015.08.29-02.19.50:388][  0]MapCheck: Info Map check complete: 0 Error(s), 0 Warning(s), took 208.039ms to complete.
[2015.08.29-02.19.50:388][  0]LogFileHelpers: Loading map 'NewCave' took 21.511
[2015.08.29-02.19.51:344][  0]LogCollectionManager: Loaded 0 collections in 0.002782 seconds
[2015.08.29-02.19.51:366][  0]LogContentBrowser: Native class hierarchy populated in 0.0203 seconds. Added 1792 classes and 301 folders.
[2015.08.29-02.19.51:610][  0]LogContentBrowser: Native class hierarchy updated for 'WidgetCarousel' in 0.0005 seconds. Added 0 classes and 0 folders.
[2015.08.29-02.19.52:018][  0]LogContentBrowser: Native class hierarchy updated for 'AddContentDialog' in 0.0005 seconds. Added 0 classes and 0 folders.
[2015.08.29-02.19.52:341][  0]LogContentBrowser: Native class hierarchy updated for 'SceneOutliner' in 0.0005 seconds. Added 1 classes and 2 folders.
[2015.08.29-02.19.52:710][  0]LogCrashTracker: Crashtracker disabled due to settings.
[2015.08.29-02.19.52:778][  0]LogD3D11RHI: InitD3DDevice
[2015.08.29-02.19.52:840][  0]LogUObjectGlobals:Warning: Failed to find object 'Class None.'
[2015.08.29-02.19.52:925][  0]LogLoad: Full Startup: 63.67 seconds (BP compile: 6.94 seconds)
[2015.08.29-02.19.53:367][  0]LogContentStreaming: Texture pool size is 0.000000MB
[2015.08.29-02.19.53:625][  0]LogContentStreaming: Texture pool size now 1000 MB
[2015.08.29-02.19.54:056][  0]LogRenderer: Reallocating scene render targets to support 1552x928 (Frame:2).
[2015.08.29-02.19.54:380][  1]Cmd: UpdateLandscapeEditorData -warnings
[2015.08.29-02.19.54:472][  1]Cmd: UpdateLandscapeEditorData
[2015.08.29-02.19.55:776][ 22]LogAssetRegistry: Asset discovery search completed in 37.4175 seconds
[2015.08.29-02.20.20:274][778]LogEditorViewport: Clicking on Actor (LMB): StaticMeshActor (newcave004)
[2015.08.29-02.20.24:594][ 38]LogD3D11RHI: InitD3DDevice
[2015.08.29-02.20.30:141][270]LogD3D11RHI: InitD3DDevice
[2015.08.29-02.20.30:265][270]LogD3D11RHI: InitD3DDevice
[2015.08.29-02.20.32:035][270]LogActorComponent: UnregisterComponent: (/Engine/Transient.CharMoveComp) Not registered. Aborting.
[2015.08.29-02.20.33:502][270]LogFactory: FactoryCreateBinary: StaticMesh with FbxFactory (0 0 ../../../../../../../Storage/Documents/GodKillerExports/Cave.FBX)
[2015.08.29-02.20.33:673][270]LogFbx: ItemName: GlobalSettings, ItemCount : 1
[2015.08.29-02.20.33:673][270]LogFbx: ItemName: AnimationStack, ItemCount : 1
[2015.08.29-02.20.33:673][270]LogFbx: ItemName: AnimationLayer, ItemCount : 1
[2015.08.29-02.20.33:673][270]LogFbx: ItemName: Model, ItemCount : 1
[2015.08.29-02.20.33:673][270]LogFbx: ItemName: Geometry, ItemCount : 1
[2015.08.29-02.20.33:673][270]LogFbx: ItemName: Material, ItemCount : 1
[2015.08.29-02.20.33:673][270]LogFbx: ItemName: Texture, ItemCount : 1
[2015.08.29-02.20.33:673][270]LogFbx: ItemName: CollectionExclusive, ItemCount : 7
[2015.08.29-02.20.33:673][270]LogFbx: ItemName: Video, ItemCount : 1
[2015.08.29-02.20.33:759][270]LogD3D11RHI: InitD3DDevice
[2015.08.29-02.20.35:343][270]LogFbx: Loading FBX Scene from ../../../../../../../Storage/Documents/GodKillerExports/Cave.FBX
[2015.08.29-02.20.35:387][270]LogFbx: FBX Scene Loaded Succesfully
[2015.08.29-02.20.35:391][270]LogFbx:Warning: Triangulating static mesh Cave
[2015.08.29-02.20.38:052][270]LogStaticMesh: Building static mesh Cave...
[2015.08.29-02.20.38:285][270]LogStaticMesh: Built static mesh [0.233826.2s] /Game/Models/Cave.Cave
[2015.08.29-02.20.40:648][393]LogD3D11RHI: InitD3DDevice
[2015.08.29-02.20.40:725][394]LogActorFactory: Actor Factory created Cave
[2015.08.29-02.20.42:192][489]LogActorFactory: Actor Factory created Cave
[2015.08.29-02.20.46:292][756]LogEditorViewport: Clicking on Actor (LMB): StaticMeshActor (Rock20)
[2015.08.29-02.20.46:917][794]LogEditorViewport: Clicking on Actor (LMB): StaticMeshActor (newcave004)
[2015.08.29-02.20.49:848][957]LogEditorViewport: Clicking on Actor (LMB): StaticMeshActor (Cave)
[2015.08.29-02.20.58:729][444]LogEditorViewport: Clicking on Actor (LMB): StaticMeshActor (newcave004)
[2015.08.29-02.21.04:720][814]LogEditorViewport: Clicking on Actor (LMB): StaticMeshActor (Cave)
[2015.08.29-02.21.10:690][147]LogEditorViewport: Clicking on Actor (LMB): StaticMeshActor (newcave004)
[2015.08.29-02.21.14:205][360]LogEditorViewport: Clicking on Actor (LMB): StaticMeshActor (Cave)
[2015.08.29-02.21.17:181][527]LogUnrealMath: Expression Error : Unrecognized Operator
[2015.08.29-02.21.17:181][527]LogUnrealMath: Expression Error : Unrecognized Operator
[2015.08.29-02.21.20:494][720]LogEditorViewport: Clicking on Actor (LMB): StaticMeshActor (newcave004)
[2015.08.29-02.21.21:491][786]LogEditorViewport: Clicking on Actor (LMB): StaticMeshActor (Cave)
[2015.08.29-02.21.25:717][ 16]LogD3D11RHI: InitD3DDevice
[2015.08.29-02.21.25:877][ 16]LogD3D11RHI: InitD3DDevice
[2015.08.29-02.21.32:159][369]LogD3D11RHI: InitD3DDevice
[2015.08.29-02.21.32:191][369]LogStaticMesh: Building static mesh Cave...
[2015.08.29-02.21.32:397][369]LogStaticMesh: Built static mesh [0.206410.2s] /Game/Models/Cave.Cave
[2015.08.29-02.21.38:753][696]LogEditorViewport: Clicking on Actor (LMB): StaticMeshActor (newcave004)
[2015.08.29-02.21.42:877][881]LogD3D11RHI: InitD3DDevice
[2015.08.29-02.21.53:868][554]LogEditorViewport: Clicking on Actor (LMB): StaticMeshActor (Cave)
[2015.08.29-02.21.56:050][692]LogEditorViewport: Clicking on Actor (LMB): StaticMeshActor (newcave004)
[2015.08.29-02.21.57:480][785]Cmd: DELETE
[2015.08.29-02.21.57:480][785]Cmd: ACTOR DELETE
[2015.08.29-02.21.57:491][785]LogEditorActor: Deleted Actor: StaticMeshActor
[2015.08.29-02.21.57:495][785]LogActorComponent: UnregisterComponent: (/Engine/Transient.CharMoveComp) Not registered. Aborting.
[2015.08.29-02.21.57:520][785]LogParticles: Destroying 0 GPU particle simulations for FXSystem 0x0000001534FC7920
[2015.08.29-02.21.57:543][785]LogEditorActor: Deleted 1 Actors (0.063 secs)
[2015.08.29-02.21.57:676][794]LogD3D11RHI: InitD3DDevice
[2015.08.29-02.22.08:094][462]LogD3D11RHI: InitD3DDevice
[2015.08.29-02.22.12:033][784]LogEditorViewport: Clicking on Actor (LMB): StaticMeshActor (Torch3)
[2015.08.29-02.22.14:325][917]LogD3D11RHI: InitD3DDevice
[2015.08.29-02.22.18:647][219]LogEditorViewport: Clicking on Actor (LMB): StaticMeshActor (Cave)
[2015.08.29-02.22.24:695][528]LogD3D11RHI: InitD3DDevice
[2015.08.29-02.22.24:755][528]LogD3D11RHI: InitD3DDevice
[2015.08.29-02.22.31:854][923]LogD3D11RHI: InitD3DDevice
[2015.08.29-02.22.31:877][923]LogStaticMesh: Building static mesh Cave...
[2015.08.29-02.22.32:096][923]LogStaticMesh: Built static mesh [0.219974.2s] /Game/Models/Cave.Cave
[2015.08.29-02.22.43:664][597]LogD3D11RHI: InitD3DDevice
[2015.08.29-02.22.43:697][597]LogStaticMesh: Building static mesh Cave...
[2015.08.29-02.22.43:908][597]LogStaticMesh: Built static mesh [0.214174.2s] /Game/Models/Cave.Cave
[2015.08.29-02.23.44:256][372]LogD3D11RHI: InitD3DDevice
[2015.08.29-02.23.44:281][372]LogStaticMesh: Building static mesh Cave...
[2015.08.29-02.23.44:490][372]LogStaticMesh: Built static mesh [0.209344.2s] /Game/Models/Cave.Cave
[2015.08.29-02.23.59:422][178]LogD3D11RHI: InitD3DDevice
[2015.08.29-02.23.59:448][178]LogStaticMesh: Building static mesh Cave...
[2015.08.29-02.23.59:661][178]LogStaticMesh: Built static mesh [0.213244.2s] /Game/Models/Cave.Cave
[2015.08.29-02.24.10:256][639]LogD3D11RHI: InitD3DDevice
[2015.08.29-02.24.10:282][639]LogStaticMesh: Building static mesh Cave...
[2015.08.29-02.24.10:486][639]LogStaticMesh: Built static mesh [0.204184.2s] /Game/Models/Cave.Cave
[2015.08.29-02.24.28:084][624]LogD3D11RHI: InitD3DDevice
[2015.08.29-02.24.28:116][624]LogStaticMesh: Building static mesh Cave...
[2015.08.29-02.24.28:320][624]LogStaticMesh: Built static mesh [0.204530.2s] /Game/Models/Cave.Cave
[2015.08.29-02.24.51:620][151]LogEditorViewport: Clicking on Actor (LMB): Landscape (Landscape)
[2015.08.29-02.24.55:640][398]LogTexture:Display: Building textures: Texture2D_2 (G8)
[2015.08.29-02.24.58:537][574]LogD3D11RHI: InitD3DDevice
[2015.08.29-02.24.59:525][620]LogEditorViewport: Clicking on Actor (CTRL LMB): StaticMeshActor (Cave)
[2015.08.29-02.25.01:570][748]LogD3D11RHI: InitD3DDevice
[2015.08.29-02.25.02:691][808]Cmd: TRANSACTION UNDO
[2015.08.29-02.25.02:691][808]LogEditorTransaction: Undo Landscape Editing: Sculpt
[2015.08.29-02.25.02:703][808]LogTexture:Display: Building textures: Texture2D_3 (BGRA8)
[2015.08.29-02.25.02:762][808]PIE:Warning: Warning AttachTo: '/Game/Scene/NewCave.NewCave:PersistentLevel.LandscapeGizmoActiveActor_0.GizmoRendererComponent0' is not static , cannot attach '/Game/Scene/NewCave.NewCave:PersistentLevel.LandscapeGizmoActiveActor_0.RootComponent0' which is static to it. Aborting.
[2015.08.29-02.25.02:765][808]LogD3D11RHI: InitD3DDevice
[2015.08.29-02.25.03:348][834]Cmd: TRANSACTION UNDO
[2015.08.29-02.25.03:348][834]LogEditorTransaction: Undo Landscape Editing: Sculpt
[2015.08.29-02.25.03:358][834]LogTexture:Display: Building textures: Texture2D_3 (BGRA8)
[2015.08.29-02.25.03:383][834]PIE:Warning: Warning AttachTo: '/Game/Scene/NewCave.NewCave:PersistentLevel.LandscapeGizmoActiveActor_0.GizmoRendererComponent0' is not static , cannot attach '/Game/Scene/NewCave.NewCave:PersistentLevel.LandscapeGizmoActiveActor_0.RootComponent0' which is static to it. Aborting.
[2015.08.29-02.25.04:141][878]LogCrashTracker: 


