Log file open, 05/07/15 12:21:36
LogInit:Display: Running engine for game: GodKiller
LogInit: Version: 4.7.3-2479750+++depot+UE4-Releases+4.7
LogInit: API Version: 2455222
LogInit: Compiled (64-bit): Mar 15 2015 23:20:45
LogInit: Compiled with Visual C++: 18.00.21005.01
LogInit: Build Configuration: Development
LogInit: Branch Name: ++depot+UE4-Releases+4.7
LogInit: Command line: 
LogInit: Base directory: C:/Program Files/Epic Games/4.7/Engine/Binaries/Win64/
LogInit: Rocket: 1
[2015.05.07-19.21.36:326][  0]LogTaskGraph: Started task graph with 3 named threads and 6 total threads.
[2015.05.07-19.21.36:377][  0]LogOnline:Warning: No default platform service specified for OnlineSubsystem
[2015.05.07-19.21.36:390][  0]LogInit: Presizing for 0 objects not considered by GC, pre-allocating 0 bytes.
[2015.05.07-19.21.36:399][  0]LogInit: Object subsystem initialized
[2015.05.07-19.21.36:400][  0]LogConsoleResponse:Warning: Skipping Unknown console variable: 'TranslucentSortAxis = (X=0.000000,Y=-1.000000,Z=0.000000)'
[2015.05.07-19.21.36:400][  0]LogConsoleResponse:Warning:   Found in ini file 'D:/Valadez_Isaac/God-Killer/Saved/Config/Windows/Engine.ini', in section '[/Script/Engine.RendererSettings]'
[2015.05.07-19.21.36:400][  0]LogConsoleResponse:Warning: Skipping Unknown console variable: 'UIScaleRule = ShortestSide'
[2015.05.07-19.21.36:400][  0]LogConsoleResponse:Warning:   Found in ini file 'D:/Valadez_Isaac/God-Killer/Saved/Config/Windows/Engine.ini', in section '[/Script/Engine.RendererSettings]'
[2015.05.07-19.21.36:400][  0]LogConsoleResponse:Warning: Skipping Unknown console variable: 'UIScaleCurve = (EditorCurveData=(Keys=),ExternalCurve=None)'
[2015.05.07-19.21.36:400][  0]LogConsoleResponse:Warning:   Found in ini file 'D:/Valadez_Isaac/God-Killer/Saved/Config/Windows/Engine.ini', in section '[/Script/Engine.RendererSettings]'
[2015.05.07-19.21.36:401][  0]LogInit: Selected Device Profile: [Windows]
[2015.05.07-19.21.36:401][  0]LogInit: Applying CVar settings loaded from the selected device profile: [Windows]
[2015.05.07-19.21.36:405][  0]LogInit: Computer: AI251LAB0234P18
[2015.05.07-19.21.36:405][  0]LogInit: User: student
[2015.05.07-19.21.36:405][  0]LogInit: CPU Page size=4096, Cores=4
[2015.05.07-19.21.36:405][  0]LogInit: High frequency timer resolution =3.507226 MHz
[2015.05.07-19.21.36:405][  0]LogMemory: Memory total: Physical=7.9GB (8GB approx) Virtual=8192.0GB
[2015.05.07-19.21.36:405][  0]LogMemory: Platform Memory Stats for Windows
[2015.05.07-19.21.36:405][  0]LogMemory: Process Physical Memory: 48.09 MB used, 48.09 MB peak
[2015.05.07-19.21.36:405][  0]LogMemory: Process Virtual Memory: 28.55 MB used, 28.55 MB peak
[2015.05.07-19.21.36:405][  0]LogMemory: Physical Memory: 3819.40 MB used, 8115.79 MB total
[2015.05.07-19.21.36:405][  0]LogMemory: Virtual Memory: 280.98 MB used, 8388608.00 MB total
[2015.05.07-19.21.36:428][  0]LogD3D11RHI: Found D3D11 adapter 0: NVIDIA Quadro K2000 (Feature Level 11_0)
[2015.05.07-19.21.36:428][  0]LogD3D11RHI: Adapter has 1990MB of dedicated video memory, 0MB of dedicated system memory, and 3801MB of shared system memory, 1 output[s]
[2015.05.07-19.21.36:428][  0]LogD3D11RHI: Chosen D3D11 Adapter Id = 0
[2015.05.07-19.21.36:433][  0]LogRHI: Texture pool is 1361 MB (70% of 1945 MB)
[2015.05.07-19.21.36:440][  0]LogD3D11RHI: Async texture creation enabled
[2015.05.07-19.21.36:492][  0]LogTextLocalizationManager: The requested culture ('en_US') has no localization data; parent culture's ('en') localization data will be used.
[2015.05.07-19.21.36:553][  0]LogTextLocalizationManager:Warning: Loading localization resources contain conflicting entries for (Namespace:UICommands, Key:Save_ToolTip):
Resource: (C:/Program Files/Epic Games/4.7/Engine/Content/Localization/Editor/en/Editor.locres) Hash: (-29098895) String: (Saves the current level to disk)
Resource: (C:/Program Files/Epic Games/4.7/Engine/Content/Localization/Engine/en/Engine.locres) Hash: (-1280300587) String: (Save selected data to vlog file)
[2015.05.07-19.21.36:553][  0]LogTextLocalizationManager:Warning: Loading localization resources contain conflicting entries for (Namespace:ContentBrowser, Key:ImportAssetToolTip):
Resource: (C:/Program Files/Epic Games/4.7/Engine/Content/Localization/Editor/en/Editor.locres) Hash: (-630476809) String: (Import to {0}...)
Resource: (C:/Program Files/Epic Games/4.7/Engine/Content/Localization/Editor/en/Editor.locres) Hash: (1271782899) String: (Imports an asset from file to this folder.)
[2015.05.07-19.21.36:628][  0]LogContentStreaming: Texture pool size is 0.000000MB
[2015.05.07-19.21.38:830][  0]LogTargetPlatformManager:Display: Building Assets For Windows
[2015.05.07-19.21.39:311][  0]LogTargetPlatformManager:Display: Building Assets For Windows
[2015.05.07-19.21.39:371][  0]LogDerivedDataCache:Display: Max Cache Size: 512 MB
[2015.05.07-19.21.39:407][  0]LogDerivedDataCache: Loaded boot cache 0.04s 39MB C:/Users/student/AppData/Local/UnrealEngine/4.7/DerivedDataCache/Boot.ddc.
[2015.05.07-19.21.39:407][  0]LogDerivedDataCache:Display: Loaded Boot cache: C:/Users/student/AppData/Local/UnrealEngine/4.7/DerivedDataCache/Boot.ddc
[2015.05.07-19.21.39:407][  0]LogDerivedDataCache: FDerivedDataBackendGraph:  Pak pak cache file D:/Valadez_Isaac/God-Killer/DerivedDataCache/DDC.ddp not found, will not use a pak cache.
[2015.05.07-19.21.39:407][  0]LogDerivedDataCache: Unable to find inner node Pak for hierarchical cache Hierarchy.
[2015.05.07-19.21.39:523][  0]LogDerivedDataCache:Display: Pak cache opened for reading ../../../Engine/DerivedDataCache/Compressed.ddp.
[2015.05.07-19.21.39:535][  0]LogDerivedDataCache: Using Local data cache path C:/Users/student/AppData/Local/UnrealEngine/Common/DerivedDataCache: Writable
[2015.05.07-19.21.39:837][  0]LogMeshUtilities: No automatic mesh reduction module available
[2015.05.07-19.21.39:837][  0]LogMeshUtilities: No automatic mesh merging module available
[2015.05.07-19.21.40:166][  0]LogInit: WinSock: version 1.1 (2.2), MaxSocks=32767, MaxUdp=65467
[2015.05.07-19.21.40:243][  0]LogSlate:Warning: Failed to load font data from '../../../Engine/Content/Slate/Fonts/Roboto-Italic.ttf'
[2015.05.07-19.21.40:996][  0]UdpMessaging: Initializing bridge on interface 0.0.0.0:0 to multicast group 230.0.0.1:6666.
[2015.05.07-19.21.41:185][  0]SourceControl: Info Source control is disabled
[2015.05.07-19.21.41:185][  0]SourceControl: Info Source control is disabled
[2015.05.07-19.21.41:185][  0]SourceControl: Info Source control is disabled
[2015.05.07-19.21.41:185][  0]LogSourceControl: RunCommandInternalRaw: 'git version'
[2015.05.07-19.21.41:185][  0]LogSourceControl: RunCommandInternalRaw: ExecProcess ReturnCode=2 OutResults=''
[2015.05.07-19.21.41:194][  0]SourceControl: Info Source control is disabled
[2015.05.07-19.21.41:374][  0]LogObj: 24231 objects as part of root set at end of initial load.
[2015.05.07-19.21.41:374][  0]LogUObjectAllocator: 5136440 out of 0 bytes used by permanent object pool.
[2015.05.07-19.21.41:452][  0]LogEngine: Initializing Engine...
[2015.05.07-19.21.44:601][  0]LogInit: XAudio2 using 'Speakers (Realtek High Definition Audio)' : 2 channels at 48 kHz using 32 bits per sample (channel mask 0x3)
[2015.05.07-19.21.44:621][  0]LogInit: FAudioDevice initialized.
[2015.05.07-19.21.44:657][  0]LogAIModule: Creating AISystem for world NewWorld
[2015.05.07-19.21.44:683][  0]LogDerivedDataCache: Saved boot cache 0.03s 39MB C:/Users/student/AppData/Local/UnrealEngine/4.7/DerivedDataCache/Boot.ddc.
[2015.05.07-19.21.44:688][  0]LogInit: Texture streaming: Enabled
[2015.05.07-19.21.44:776][  0]LogAnalytics: Creating configured Analytics provider AnalyticsET
[2015.05.07-19.21.44:776][  0]LogAnalytics: ET APIKey = Rocket.Release. APIServer = http://et2.epicgames.com/ET2/. AppVersion = 4.7.3-2479750+++depot+UE4-Releases+4.7
[2015.05.07-19.21.44:776][  0]LogAnalytics: ET APIKey = Rocket.Release. DataRouterUploadURL = https://datarouter-public-service-gamedev.ol.epicgames.net/datarouter/api/v1/public/data. AppVersion = 4.7.3-2479750+++depot+UE4-Releases+4.7
[2015.05.07-19.21.44:776][  0]LogAnalytics: SetUserId 24c7de5c4a4f4321b42239b4ba14bacf||a1cf211a-62eb-4857-bff7-fc45380a1448
[2015.05.07-19.21.44:777][  0]LogAnalytics: AnalyticsET::StartSession [Rocket.Release]
[2015.05.07-19.21.44:798][  0]LogInit: Transaction tracking system initialized
[2015.05.07-19.21.44:958][  0]BlueprintLog: New page: Editor Load
[2015.05.07-19.21.44:991][  0]LogAssetRegistry: FAssetRegistry took 0.0099 seconds to start up
[2015.05.07-19.21.44:991][  0]LogDirectoryWatcher:Warning: Failed to begin reading directory changes for ../../../Engine/Plugins/Experimental/CharacterAI/Content/. Error: 0
[2015.05.07-19.21.45:495][  0]LogTargetPlatformManager:Display: Building Assets For Windows
[2015.05.07-19.21.45:825][  0]LogTargetPlatformManager:Display: Building Assets For Windows
[2015.05.07-19.21.46:062][  0]LogSlate:Warning: Failed to load font data from '../../../Engine/Content/Editor/Slate/Fonts/Roboto-Regular.ttf'
[2015.05.07-19.21.46:062][  0]LogSlate:Warning: Failed to load font data from '../../../Engine/Content/Editor/Slate/Fonts/Roboto-Bold.ttf'
[2015.05.07-19.21.46:066][  0]LogConsoleResponse:Display: 
[2015.05.07-19.21.46:189][  0]LogCook:Display: Done creating registry. It took  0.00s.
[2015.05.07-19.21.46:324][  0]SourceControl: Info Source control is disabled
[2015.05.07-19.21.46:324][  0]Cmd: MAP LOAD FILE="D:/Valadez_Isaac/God-Killer/Content/ThirdPersonBP/Maps/ThirdPersonExampleMap.umap" TEMPLATE=0 SHOWPROGRESS=1 FEATURELEVEL=3
[2015.05.07-19.21.46:324][  0]LightingResults: New page: Lighting Build
[2015.05.07-19.21.46:336][  0]MapCheck: New page: Map Check
[2015.05.07-19.21.46:336][  0]LightingResults: New page: Lighting Build
[2015.05.07-19.21.46:342][  0]LogParticles: Destroying 0 GPU particle simulations for FXSystem 0x00000000164CE980
[2015.05.07-19.21.46:350][  0]LogLinker:Warning: Asset '../../../Engine/Content/EngineMeshes/Humanoid.uasset' has been saved with empty engine version. The asset will be loaded but may be incompatible.
[2015.05.07-19.21.48:394][  0]LogEditorServer: Finished looking for orphan Actors (0.000 secs)
[2015.05.07-19.21.48:394][  0]LogAIModule: Creating AISystem for world ThirdPersonExampleMap
[2015.05.07-19.21.48:395][  0]Cmd: MAP CHECKDEP
[2015.05.07-19.21.48:395][  0]MapCheck: New page: ThirdPersonExampleMap - May 7, 2015, 5:21:48 AM
[2015.05.07-19.21.48:484][  0]MapCheck: Info Map check complete: 0 Error(s), 0 Warning(s), took 88.607ms to complete.
[2015.05.07-19.21.48:484][  0]LogFileHelpers: Loading map 'ThirdPersonExampleMap' took 2.160
[2015.05.07-19.21.48:568][  0]LogCollectionManager: Loaded 0 collections in 0.001262 seconds
[2015.05.07-19.21.48:579][  0]LogContentBrowser: Native class hierarchy populated in 0.0117 seconds. Added 1696 classes and 261 folders.
[2015.05.07-19.21.48:653][  0]LogContentBrowser: Native class hierarchy updated for 'SceneOutliner' in 0.0021 seconds. Added 1 classes and 2 folders.
[2015.05.07-19.21.48:703][  0]LogCrashTracker: Crashtracker disabled due to settings.
[2015.05.07-19.21.48:704][  0]LogSlate:Warning: Failed to load font data from 'Veranda'
[2015.05.07-19.21.48:734][  0]LogLoad: Full Startup: 14.13 seconds (BP compile: 0.83 seconds)
[2015.05.07-19.21.48:754][  0]LogContentBrowser:Verbose: The content browser source was changed by the sources view to '/Game/Models/Env'
[2015.05.07-19.21.48:872][  0]LogRenderer:Warning: Reallocating scene render targets to support 32x32 (Frame:2).
[2015.05.07-19.21.48:975][  0]LogRenderer:Warning: Reallocating scene render targets to support 1128x1048 (Frame:3).
[2015.05.07-19.21.49:152][  4]LogAssetRegistry: Asset discovery search completed in 4.1717 seconds
[2015.05.07-19.21.52:418][113]LogContentBrowser:Verbose: The content browser source was changed by the sources view to '/Game/Models'
[2015.05.07-19.21.53:331][146]LogContentBrowser:Verbose: The content browser source was changed by the sources view to '/Game/Scene'
[2015.05.07-19.21.54:340][169]LogParticles:Warning: InitializeSystem called on an unregistered component. Template=/Game/Particles/fire.fire Component=/Game/Scene/NewCave.NewCave:PersistentLevel.fire13_3.ParticleSystemComponent0
[2015.05.07-19.21.54:342][169]LogParticles:Warning: InitializeSystem called on an unregistered component. Template=/Game/Particles/fire.fire Component=/Game/Scene/NewCave.NewCave:PersistentLevel.fire_5.ParticleSystemComponent0
[2015.05.07-19.21.54:343][169]LogParticles:Warning: InitializeSystem called on an unregistered component. Template=/Game/Particles/fire.fire Component=/Game/Scene/NewCave.NewCave:PersistentLevel.fire2.ParticleSystemComponent0
[2015.05.07-19.21.54:344][169]LogParticles:Warning: InitializeSystem called on an unregistered component. Template=/Game/Particles/fire.fire Component=/Game/Scene/NewCave.NewCave:PersistentLevel.fire3.ParticleSystemComponent0
[2015.05.07-19.21.54:344][169]LogParticles:Warning: InitializeSystem called on an unregistered component. Template=/Game/Particles/fire.fire Component=/Game/Scene/NewCave.NewCave:PersistentLevel.fire4.ParticleSystemComponent0
[2015.05.07-19.21.54:345][169]LogParticles:Warning: InitializeSystem called on an unregistered component. Template=/Game/Particles/fire.fire Component=/Game/Scene/NewCave.NewCave:PersistentLevel.fire5.ParticleSystemComponent0
[2015.05.07-19.21.54:346][169]LogParticles:Warning: InitializeSystem called on an unregistered component. Template=/Game/Particles/fire.fire Component=/Game/Scene/NewCave.NewCave:PersistentLevel.fire6.ParticleSystemComponent0
[2015.05.07-19.21.54:348][169]LogParticles:Warning: InitializeSystem called on an unregistered component. Template=/Game/Particles/fire.fire Component=/Game/Scene/NewCave.NewCave:PersistentLevel.fire7.ParticleSystemComponent0
[2015.05.07-19.21.54:349][169]LogParticles:Warning: InitializeSystem called on an unregistered component. Template=/Game/Particles/fire.fire Component=/Game/Scene/NewCave.NewCave:PersistentLevel.fire8.ParticleSystemComponent0
[2015.05.07-19.21.54:350][169]LogParticles:Warning: InitializeSystem called on an unregistered component. Template=/Game/Particles/fire.fire Component=/Game/Scene/NewCave.NewCave:PersistentLevel.fire9.ParticleSystemComponent0
[2015.05.07-19.21.54:351][169]LogParticles:Warning: InitializeSystem called on an unregistered component. Template=/Game/Particles/fire.fire Component=/Game/Scene/NewCave.NewCave:PersistentLevel.fire10.ParticleSystemComponent0
[2015.05.07-19.21.54:352][169]LogParticles:Warning: InitializeSystem called on an unregistered component. Template=/Game/Particles/fire.fire Component=/Game/Scene/NewCave.NewCave:PersistentLevel.fire11.ParticleSystemComponent0
[2015.05.07-19.21.54:353][169]LogParticles:Warning: InitializeSystem called on an unregistered component. Template=/Game/Particles/fire.fire Component=/Game/Scene/NewCave.NewCave:PersistentLevel.fire12.ParticleSystemComponent0
[2015.05.07-19.21.54:354][169]LogParticles:Warning: InitializeSystem called on an unregistered component. Template=/Game/Particles/fire.fire Component=/Game/Scene/NewCave.NewCave:PersistentLevel.fire14.ParticleSystemComponent0
[2015.05.07-19.21.54:355][169]LogParticles:Warning: InitializeSystem called on an unregistered component. Template=/Game/Particles/fire.fire Component=/Game/Scene/NewCave.NewCave:PersistentLevel.fire15.ParticleSystemComponent0
[2015.05.07-19.21.54:356][169]LogParticles:Warning: InitializeSystem called on an unregistered component. Template=/Game/Particles/fire.fire Component=/Game/Scene/NewCave.NewCave:PersistentLevel.fire16.ParticleSystemComponent0
[2015.05.07-19.21.54:357][169]LogParticles:Warning: InitializeSystem called on an unregistered component. Template=/Game/Particles/fire.fire Component=/Game/Scene/NewCave.NewCave:PersistentLevel.fire17_9.ParticleSystemComponent0
[2015.05.07-19.21.54:357][169]LogParticles:Warning: InitializeSystem called on an unregistered component. Template=/Game/Particles/fire.fire Component=/Game/Scene/NewCave.NewCave:PersistentLevel.fire18.ParticleSystemComponent0
[2015.05.07-19.21.54:358][169]LogParticles:Warning: InitializeSystem called on an unregistered component. Template=/Game/Particles/fire.fire Component=/Game/Scene/NewCave.NewCave:PersistentLevel.fire19.ParticleSystemComponent0
[2015.05.07-19.21.54:359][169]LogParticles:Warning: InitializeSystem called on an unregistered component. Template=/Game/Particles/fire.fire Component=/Game/Scene/NewCave.NewCave:PersistentLevel.fire20.ParticleSystemComponent0
[2015.05.07-19.21.54:360][169]LogParticles:Warning: InitializeSystem called on an unregistered component. Template=/Game/Particles/fire.fire Component=/Game/Scene/NewCave.NewCave:PersistentLevel.fire21.ParticleSystemComponent0
[2015.05.07-19.21.54:362][169]LogParticles:Warning: InitializeSystem called on an unregistered component. Template=/Game/Particles/fire.fire Component=/Game/Scene/NewCave.NewCave:PersistentLevel.fire22.ParticleSystemComponent0
[2015.05.07-19.21.54:362][169]LogParticles:Warning: InitializeSystem called on an unregistered component. Template=/Game/Particles/fire.fire Component=/Game/Scene/NewCave.NewCave:PersistentLevel.fire23.ParticleSystemComponent0
[2015.05.07-19.21.54:363][169]LogParticles:Warning: InitializeSystem called on an unregistered component. Template=/Game/Particles/fire.fire Component=/Game/Scene/NewCave.NewCave:PersistentLevel.fire24.ParticleSystemComponent0
[2015.05.07-19.21.54:364][169]LogParticles:Warning: InitializeSystem called on an unregistered component. Template=/Game/Particles/fire.fire Component=/Game/Scene/NewCave.NewCave:PersistentLevel.fire25.ParticleSystemComponent0
[2015.05.07-19.21.54:365][169]LogParticles:Warning: InitializeSystem called on an unregistered component. Template=/Game/Particles/fire.fire Component=/Game/Scene/NewCave.NewCave:PersistentLevel.fire26.ParticleSystemComponent0
[2015.05.07-19.21.54:372][169]LogActorComponent: UnregisterComponent: (/Engine/Transient.CharMoveComp) Not registered. Aborting.
[2015.05.07-19.21.54:405][169]Cmd: MAP LOAD FILE="D:/Valadez_Isaac/God-Killer/Content/Scene/NewCave.umap" TEMPLATE=0 SHOWPROGRESS=1 FEATURELEVEL=3
[2015.05.07-19.21.54:405][169]LightingResults: New page: Lighting Build
[2015.05.07-19.21.54:439][169]LoadErrors: New page: Loading map: NewCave.umap
[2015.05.07-19.21.54:440][169]MapCheck: New page: Map Check
[2015.05.07-19.21.54:440][169]LightingResults: New page: Lighting Build
[2015.05.07-19.21.54:448][169]LogParticles: Destroying 0 GPU particle simulations for FXSystem 0x000000000CECBF60
[2015.05.07-19.21.54:491][169]LogEditorServer: Finished looking for orphan Actors (0.000 secs)
[2015.05.07-19.21.54:491][169]LogAIModule: Creating AISystem for world NewCave
[2015.05.07-19.21.54:507][169]Cmd: MAP CHECKDEP
[2015.05.07-19.21.54:508][169]MapCheck: New page: NewCave - May 7, 2015, 5:21:54 AM
[2015.05.07-19.21.54:608][169]MapCheck: Info Map check complete: 0 Error(s), 0 Warning(s), took 100.035ms to complete.
[2015.05.07-19.21.54:609][169]LogFileHelpers: Loading map 'NewCave' took 0.206
[2015.05.07-19.21.54:678][170]Cmd: UpdateLandscapeEditorData -warnings
[2015.05.07-19.21.54:678][170]Cmd: UpdateLandscapeEditorData
[2015.05.07-19.22.36:539][136]LogEditorViewport: Clicking on Actor (LMB): Landscape (Landscape)
[2015.05.07-19.22.37:965][167]LogEditorViewport: Clicking on Actor (context menu): Landscape (Landscape)
[2015.05.07-19.22.43:201][736]LogPhysics:Warning: FDerivedDataPhysXCooker::BuildTriMesh: Triangle data from '/Game/Scene/NewCave.NewCave:PersistentLevel.ModelComponent_2' invalid (310 verts, 0 indices).
[2015.05.07-19.22.43:202][736]LogPhysics:Warning: FDerivedDataPhysXCooker::BuildTriMesh: Triangle data from '/Game/Scene/NewCave.NewCave:PersistentLevel.ModelComponent_3' invalid (310 verts, 0 indices).
[2015.05.07-19.22.48:705][877]LogTexture:Display: Building textures: Texture2D_2 (G8)
[2015.05.07-19.23.05:946][444]LogEditorViewport: Clicking on Actor (context menu): Landscape (Landscape)
[2015.05.07-19.23.10:043][853]Cmd: ACTOR UNHIDE ALL
[2015.05.07-19.24.08:586][663]LogEditorViewport: Clicking on Actor (double click): StaticMeshActor (newcave004)
[2015.05.07-19.24.40:356][790]LogEditorViewport: Clicking on Actor (double click): Landscape (Landscape)
[2015.05.07-19.28.24:286][119]LogEditorViewport: Clicking on Actor (double click): StaticMeshActor (newcave004)
[2015.05.07-19.29.01:204][813]LogEditorViewport: Clicking on Actor (context menu): StaticMeshActor (newcave004)
[2015.05.07-19.29.03:590][969]LogEditorViewport: Clicking on Actor (double click): StaticMeshActor (newcave004)
[2015.05.07-19.29.07:482][192]LogEditorViewport: Clicking on Actor (double click): StaticMeshActor (newcave004)
[2015.05.07-19.29.20:933][252]LogActorComponent: UnregisterComponent: (/Engine/Transient.CharMoveComp) Not registered. Aborting.
[2015.05.07-19.29.24:717][341]Cmd: OBJ SAVEPACKAGE PACKAGE="/Game/Scene/NewCave" FILE="D:/Valadez_Isaac/God-Killer/Content/Scene/NewCave.umap" SILENT=true AUTOSAVING=false KEEPDIRTY=false
[2015.05.07-19.29.24:736][341]LogTexture:Display: Building textures: Texture2D_3 (BGRA8)
[2015.05.07-19.29.24:968][341]LogSavePackage: Save=233.768799ms
[2015.05.07-19.29.24:968][341]LogSavePackage: Moving 'D:/Valadez_Isaac/God-Killer/Saved/NewCaveB698927F44E43F00599914AD02A1A934.tmp' to 'D:/Valadez_Isaac/God-Killer/Content/Scene/NewCave.umap'
[2015.05.07-19.29.24:988][341]LogFileHelpers: Saving map 'NewCave' took 0.380
[2015.05.07-19.29.30:684][712]LogPlayLevel: PIE:  No blueprints needed recompiling
[2015.05.07-19.29.30:684][712]PIE: New page: PIE session: NewCave (May 7, 2015, 5:29:30 AM)
[2015.05.07-19.29.30:733][712]LogPlayLevel: PIE: StaticDuplicateObject took: (0.048989s)
[2015.05.07-19.29.30:734][712]LogPlayLevel: PIE: World Init took: (0.000623s)
[2015.05.07-19.29.30:734][712]LogPlayLevel: PIE: Created PIE world by copying editor world from /Game/Scene/NewCave.NewCave to /Game/Scene/UEDPIE_0_NewCave.NewCave (0.049804s)
[2015.05.07-19.29.30:785][712]LogWorld: Game class is 'ThirdPersonGameMode_C'
[2015.05.07-19.29.30:787][712]LogAIModule: Creating AISystem for world NewCave
[2015.05.07-19.29.30:815][712]LogWorld:Warning: *** WARNING - PATHS MAY NOT BE VALID ***
[2015.05.07-19.29.30:815][712]LogWorld: Bringing World /Game/Scene/UEDPIE_0_NewCave.NewCave up for play (max tick rate 0) at 2015.05.07-12.29.30
[2015.05.07-19.29.30:816][712]LogWorld: Bringing up level for play took: 0.028761
[2015.05.07-19.29.30:819][712]PIE: Info Play in editor start time for /Game/Scene/UEDPIE_0_NewCave -0.474
[2015.05.07-19.30.18:826][ 94]LogActorComponent: UnregisterComponent: (/Engine/Transient.CharMoveComp) Not registered. Aborting.
[2015.05.07-19.30.18:838][ 94]LogParticles: Destroying 0 GPU particle simulations for FXSystem 0x000000001E4FF240
[2015.05.07-19.30.22:251][190]LogEditorViewport: Clicking on Actor (CTRL LMB): Emitter (fire17)
[2015.05.07-19.30.23:082][213]LogEditorViewport: Clicking on Actor (LMB): StaticMeshActor (Firepit_Tall5)
[2015.05.07-19.30.24:005][238]LogEditorViewport: Clicking on Actor (CTRL LMB): Emitter (fire17)
[2015.05.07-19.30.25:435][281]LogEditorViewport: Clicking on Actor (CTRL LMB): PointLight (PointLight22)
[2015.05.07-19.30.43:401][759]LogEditorViewport: Clicking on Actor (LMB): Landscape (Landscape)
[2015.05.07-19.31.06:229][563]LogEditorViewport: Clicking on Actor (double click): Landscape (Landscape)
[2015.05.07-19.31.07:291][642]LogEditorViewport: Clicking on Actor (double click): Landscape (Landscape)
[2015.05.07-19.31.13:998][ 92]Cmd: TRANSACTION UNDO
[2015.05.07-19.31.13:998][ 92]LogEditorTransaction: Undo Landscape Editing: Flatten
[2015.05.07-19.31.14:039][ 92]LogTexture:Display: Building textures: Texture2D_3 (BGRA8)
[2015.05.07-19.31.25:309][899]LogEditorViewport: Clicking on Actor (LMB): StaticMeshActor (Firepit_Tall15)
[2015.05.07-19.31.26:101][964]LogEditorViewport: Clicking on Actor (CTRL LMB): Emitter (fire27)
[2015.05.07-19.31.30:653][318]LogEditorViewport: Clicking on Actor (CTRL LMB): PointLight (PointLight27)
[2015.05.07-19.31.37:185][785]LogEditorViewport: Clicking on Actor (LMB): PointLight (PointLight27)
[2015.05.07-19.31.56:661][583]LogActorComponent: UnregisterComponent: (/Engine/Transient.CharMoveComp) Not registered. Aborting.
[2015.05.07-19.31.57:887][583]Cmd: OBJ SAVEPACKAGE PACKAGE="/Game/Scene/NewCave" FILE="D:/Valadez_Isaac/God-Killer/Content/Scene/NewCave.umap" SILENT=true AUTOSAVING=false KEEPDIRTY=false
[2015.05.07-19.31.57:952][583]LogTexture:Display: Building textures: Texture2D_3 (BGRA8)
[2015.05.07-19.31.58:139][583]LogSavePackage: Save=238.521271ms
[2015.05.07-19.31.58:139][583]LogSavePackage: Moving 'D:/Valadez_Isaac/God-Killer/Saved/NewCave4E09DC554125DFD69A8FE48C6C3E6BBF.tmp' to 'D:/Valadez_Isaac/God-Killer/Content/Scene/NewCave.umap'
[2015.05.07-19.31.58:156][583]LogFileHelpers: Saving map 'NewCave' took 0.382
[2015.05.07-19.31.59:519][616]MapCheck: New page: Map Check
[2015.05.07-19.31.59:623][616]Cmd: MAP REBUILD ALLVISIBLE
[2015.05.07-19.31.59:623][616]LogEditorServer: Rebuildmap Clear paths rebuilt
[2015.05.07-19.32.01:517][616]LightingResults: New page: Lighting Build - May 7, 2015, 5:32:01 AM
[2015.05.07-19.32.06:197][616]LogStaticLightingSystem: Running Lightmass w/ ImmediateImport mode ENABLED
[2015.05.07-19.32.06:197][616]LogStaticLightingSystem: Running Lightmass w/ ImmediateProcess mode ENABLED
[2015.05.07-19.32.06:197][616]LogStaticLightingSystem: Running Lightmass w/ Sorting mode ENABLED
[2015.05.07-19.32.06:197][616]LogStaticLightingSystem: Running Lightmass w/ Mapping paddings ENABLED
[2015.05.07-19.32.06:197][616]LogStaticLightingSystem: Running Lightmass w/ Mapping debug paddings DISABLED
[2015.05.07-19.32.06:367][616]LogEditorBuildUtils: Build time 0:00:06
[2015.05.07-19.32.06:380][616]LogMaterial: Missing cached shader map for material FLightmassMaterialRenderer PotMat, compiling. 
[2015.05.07-19.32.06:386][616]LogMaterial: Missing cached shader map for material FLightmassMaterialRenderer PotMat, compiling. 
[2015.05.07-19.32.06:444][617]Cmd: UpdateLandscapeEditorData
[2015.05.07-19.32.13:050][744]LightingResults:Error: Error Lanturn001 Object has overlapping UVs.
[2015.05.07-19.32.13:050][744]LightingResults: Info Lanturn001 Lightmap UV are overlapping by 22.2%. Please adjust content - Enable Error Coloring to visualize.
[2015.05.07-19.32.13:050][744]LightingResults:Error: Error Lanturn001 Object has overlapping UVs.
[2015.05.07-19.32.13:050][744]LightingResults: Info Lanturn001 Lightmap UV are overlapping by 22.2%. Please adjust content - Enable Error Coloring to visualize.
[2015.05.07-19.32.13:092][745]LightingResults:Error: Error Lanturn001 Object has overlapping UVs.
[2015.05.07-19.32.13:093][745]LightingResults: Info Lanturn001 Lightmap UV are overlapping by 22.2%. Please adjust content - Enable Error Coloring to visualize.
[2015.05.07-19.32.13:222][748]LightingResults:Error: Error Lanturn001 Object has overlapping UVs.
[2015.05.07-19.32.13:222][748]LightingResults: Info Lanturn001 Lightmap UV are overlapping by 22.2%. Please adjust content - Enable Error Coloring to visualize.
[2015.05.07-19.32.13:222][748]LightingResults:Error: Error Lanturn001 Object has overlapping UVs.
[2015.05.07-19.32.13:223][748]LightingResults: Info Lanturn001 Lightmap UV are overlapping by 22.2%. Please adjust content - Enable Error Coloring to visualize.
[2015.05.07-19.32.16:291][819]LightingResults:Error: Error Lanturn001 Object has overlapping UVs.
[2015.05.07-19.32.16:333][820]LightingResults: Info Lanturn001 Lightmap UV are overlapping by 22.2%. Please adjust content - Enable Error Coloring to visualize.
[2015.05.07-19.32.17:629][850]LightingResults:Error: Error Lanturn001 Object has overlapping UVs.
[2015.05.07-19.32.17:629][850]LightingResults: Info Lanturn001 Lightmap UV are overlapping by 22.2%. Please adjust content - Enable Error Coloring to visualize.
[2015.05.07-19.32.17:821][854]LightingResults:Error: Error Lanturn001 Object has overlapping UVs.
[2015.05.07-19.32.17:821][854]LightingResults: Info Lanturn001 Lightmap UV are overlapping by 22.2%. Please adjust content - Enable Error Coloring to visualize.
[2015.05.07-19.32.17:932][857]LightingResults:Error: Error Lanturn001 Object has overlapping UVs.
[2015.05.07-19.32.17:932][857]LightingResults: Info Lanturn001 Lightmap UV are overlapping by 22.2%. Please adjust content - Enable Error Coloring to visualize.
[2015.05.07-19.32.18:235][864]LightingResults:Error: Error Lanturn001 Object has overlapping UVs.
[2015.05.07-19.32.18:235][864]LightingResults: Info Lanturn001 Lightmap UV are overlapping by 22.2%. Please adjust content - Enable Error Coloring to visualize.
[2015.05.07-19.32.18:323][866]LightingResults:Error: Error Lanturn001 Object has overlapping UVs.
[2015.05.07-19.32.18:323][866]LightingResults: Info Lanturn001 Lightmap UV are overlapping by 22.2%. Please adjust content - Enable Error Coloring to visualize.
[2015.05.07-19.32.18:455][869]LightingResults:Error: Error Lanturn001 Object has overlapping UVs.
[2015.05.07-19.32.18:455][869]LightingResults: Info Lanturn001 Lightmap UV are overlapping by 22.2%. Please adjust content - Enable Error Coloring to visualize.
[2015.05.07-19.32.19:160][886]Job is a success!
[2015.05.07-19.32.19:771][887]Lightmass on AI251LAB0234P18: 11.6 sec total, 396 ms importing, 1.37 sec setup, 1.00 sec photons, 8.86 sec processing, 0 ms extra exporting [164/164 mappings]. Threads: 1:01 min total, 45.2 sec processing.
[2015.05.07-19.32.19:833][887]LogStaticLightingSystem: Illumination: 18.2 sec (75 ms encoding lightmaps)
[2015.05.07-19.32.19:833][887]LogStaticLightingSystem: Lightmap texture memory:  0.0 MB (0.0 MB streaming, 0.0 MB non-streaming), 0 textures
[2015.05.07-19.32.19:833][887]LogStaticLightingSystem: Shadowmap texture memory: 0.0 MB (0.0 MB streaming, 0.0 MB non-streaming), 0 textures
[2015.05.07-19.32.20:204][888]Cmd: UpdateLandscapeEditorData
[2015.05.07-19.32.20:204][888]Cmd: MAP CHECK NOTIFYRESULTS
[2015.05.07-19.32.20:205][888]MapCheck: New page: NewCave - May 7, 2015, 5:32:20 AM
[2015.05.07-19.32.20:205][888]MapCheck:Error: Error newcave_4 Component is a static type but has invalid lightmap settings!  Indirect lighting will be black.  Common causes are lightmap resolution of 0, LightmapCoordinateIndex out of bounds. 
[2015.05.07-19.32.20:206][888]MapCheck:Warning: Warning newcave_4 Static mesh actor has NULL StaticMesh property 
[2015.05.07-19.32.20:206][888]MapCheck:Warning: Warning newcave_4 Static mesh actor has NULL StaticMesh property 
[2015.05.07-19.32.20:318][888]MapCheck: Info Map check complete: 1 Error(s), 2 Warning(s), took 113.586ms to complete.
[2015.05.07-19.32.48:597][516]LogPlayLevel: PIE:  No blueprints needed recompiling
[2015.05.07-19.32.48:597][516]PIE: New page: PIE session: NewCave (May 7, 2015, 5:32:48 AM)
[2015.05.07-19.32.48:681][516]LogPlayLevel: PIE: StaticDuplicateObject took: (0.050960s)
[2015.05.07-19.32.48:681][516]LogPlayLevel: PIE: World Init took: (0.000650s)
[2015.05.07-19.32.48:681][516]LogPlayLevel: PIE: Created PIE world by copying editor world from /Game/Scene/NewCave.NewCave to /Game/Scene/UEDPIE_0_NewCave.NewCave (0.051797s)
[2015.05.07-19.32.48:712][516]LogWorld: Game class is 'ThirdPersonGameMode_C'
[2015.05.07-19.32.48:714][516]LogAIModule: Creating AISystem for world NewCave
[2015.05.07-19.32.48:742][516]LogWorld:Warning: *** WARNING - PATHS MAY NOT BE VALID ***
[2015.05.07-19.32.48:742][516]LogWorld: Bringing World /Game/Scene/UEDPIE_0_NewCave.NewCave up for play (max tick rate 0) at 2015.05.07-12.32.48
[2015.05.07-19.32.48:743][516]LogWorld: Bringing up level for play took: 0.028986
[2015.05.07-19.32.48:746][516]PIE: Info Play in editor start time for /Game/Scene/UEDPIE_0_NewCave -0.559
[2015.05.07-19.33.22:817][512]LogParticles: Destroying 0 GPU particle simulations for FXSystem 0x000000000D8434C0
[2015.05.07-19.33.25:911][550]Cmd: OBJ SAVEPACKAGE PACKAGE="/Game/Scene/NewCave" FILE="D:/Valadez_Isaac/God-Killer/Content/Scene/NewCave.umap" SILENT=true AUTOSAVING=false KEEPDIRTY=false
[2015.05.07-19.33.26:145][550]LogSavePackage: Save=219.144135ms
[2015.05.07-19.33.26:145][550]LogSavePackage: Moving 'D:/Valadez_Isaac/God-Killer/Saved/NewCave3C1ECB9741B58AC7CCBE64A7D1F277EB.tmp' to 'D:/Valadez_Isaac/God-Killer/Content/Scene/NewCave.umap'
[2015.05.07-19.33.26:161][550]LogFileHelpers: Saving map 'NewCave' took 0.360
[2015.05.07-19.33.28:151][595]Cmd: QUIT_EDITOR
[2015.05.07-19.33.28:348][595]LogExit: Preparing to exit.
[2015.05.07-19.33.29:170][595]LogExit: Editor shut down
[2015.05.07-19.33.29:171][595]LogExit: Transaction tracking system shut down
[2015.05.07-19.33.29:172][595]LogParticles: Destroying 0 GPU particle simulations for FXSystem 0x000000000B048AE0
[2015.05.07-19.33.29:172][595]LogParticles: Destroying 0 GPU particle simulations for FXSystem 0x000000000B0487C0
[2015.05.07-19.33.29:172][595]LogParticles: Destroying 0 GPU particle simulations for FXSystem 0x000000001BEA8680
[2015.05.07-19.33.29:172][595]LogParticles: Destroying 0 GPU particle simulations for FXSystem 0x000000001E4FDD00
[2015.05.07-19.33.29:172][595]LogParticles: Destroying 0 GPU particle simulations for FXSystem 0x000000000CC51800
[2015.05.07-19.33.29:213][595]LogExit: Object subsystem successfully closed.
[2015.05.07-19.33.29:261][595]LogModuleManager: Shutting down and abandoning module CrashTracker (177)
[2015.05.07-19.33.29:261][595]LogModuleManager: Shutting down and abandoning module SuperSearch (176)
[2015.05.07-19.33.29:261][595]LogModuleManager: Shutting down and abandoning module SceneOutliner (175)
[2015.05.07-19.33.29:261][595]LogModuleManager: Shutting down and abandoning module EditorWidgets (174)
[2015.05.07-19.33.29:261][595]LogModuleManager: Shutting down and abandoning module CollectionManager (173)
[2015.05.07-19.33.29:261][595]LogModuleManager: Shutting down and abandoning module StatsViewer (172)
[2015.05.07-19.33.29:261][595]LogModuleManager: Shutting down and abandoning module FoliageEdit (171)
[2015.05.07-19.33.29:261][595]LogModuleManager: Shutting down and abandoning module LandscapeEditor (170)
[2015.05.07-19.33.29:261][595]LogModuleManager: Shutting down and abandoning module MeshPaint (169)
[2015.05.07-19.33.29:261][595]LogModuleManager: Shutting down and abandoning module ActorPickerMode (168)
[2015.05.07-19.33.29:261][595]LogModuleManager: Shutting down and abandoning module GeometryMode (167)
[2015.05.07-19.33.29:261][595]LogModuleManager: Shutting down and abandoning module TextureAlignMode (166)
[2015.05.07-19.33.29:261][595]LogModuleManager: Shutting down and abandoning module BspMode (165)
[2015.05.07-19.33.29:261][595]LogModuleManager: Shutting down and abandoning module PlacementMode (164)
[2015.05.07-19.33.29:261][595]LogModuleManager: Shutting down and abandoning module AutomationWorker (163)
[2015.05.07-19.33.29:261][595]LogModuleManager: Shutting down and abandoning module CharacterAI (162)
[2015.05.07-19.33.29:261][595]LogModuleManager: Shutting down and abandoning module SmartSnapping (161)
[2015.05.07-19.33.29:261][595]LogModuleManager: Shutting down and abandoning module ViewportSnapping (160)
[2015.05.07-19.33.29:261][595]LogModuleManager: Shutting down and abandoning module LogVisualizer (159)
[2015.05.07-19.33.29:261][595]LogModuleManager: Shutting down and abandoning module GameProjectGeneration (158)
[2015.05.07-19.33.29:261][595]LogModuleManager: Shutting down and abandoning module IntroTutorials (157)
[2015.05.07-19.33.29:261][595]LogModuleManager: Shutting down and abandoning module EditorLiveStreaming (156)
[2015.05.07-19.33.29:261][595]LogModuleManager: Shutting down and abandoning module HardwareTargeting (155)
[2015.05.07-19.33.29:261][595]LogModuleManager: Shutting down and abandoning module DeviceProfileEditor (154)
[2015.05.07-19.33.29:261][595]LogModuleManager: Shutting down and abandoning module UndoHistory (153)
[2015.05.07-19.33.29:261][595]LogModuleManager: Shutting down and abandoning module GameplayTagsEditor (152)
[2015.05.07-19.33.29:261][595]LogModuleManager: Shutting down and abandoning module UserFeedback (151)
[2015.05.07-19.33.29:261][595]LogModuleManager: Shutting down and abandoning module XmlParser (150)
[2015.05.07-19.33.29:261][595]LogModuleManager: Shutting down and abandoning module Blutility (149)
[2015.05.07-19.33.29:261][595]LogModuleManager: Shutting down and abandoning module IOSPlatformEditor (148)
[2015.05.07-19.33.29:261][595]LogModuleManager: Shutting down and abandoning module IOSRuntimeSettings (147)
[2015.05.07-19.33.29:261][595]LogModuleManager: Shutting down and abandoning module AndroidDeviceDetection (146)
[2015.05.07-19.33.30:021][595]LogModuleManager: Shutting down and abandoning module AndroidPlatformEditor (145)
[2015.05.07-19.33.30:021][595]LogModuleManager: Shutting down and abandoning module AndroidRuntimeSettings (144)
[2015.05.07-19.33.30:021][595]LogModuleManager: Shutting down and abandoning module ProjectTargetPlatformEditor (143)
[2015.05.07-19.33.30:021][595]LogModuleManager: Shutting down and abandoning module ProjectSettingsViewer (142)
[2015.05.07-19.33.30:021][595]LogModuleManager: Shutting down and abandoning module InputBindingEditor (141)
[2015.05.07-19.33.30:021][595]LogModuleManager: Shutting down and abandoning module EditorSettingsViewer (140)
[2015.05.07-19.33.30:021][595]LogModuleManager: Shutting down and abandoning module SettingsEditor (139)
[2015.05.07-19.33.30:021][595]LogModuleManager: Shutting down and abandoning module ProjectLauncher (138)
[2015.05.07-19.33.30:021][595]LogModuleManager: Shutting down and abandoning module SessionFrontend (137)
[2015.05.07-19.33.30:021][595]LogModuleManager: Shutting down and abandoning module ProfilerClient (136)
[2015.05.07-19.33.30:021][595]LogModuleManager: Shutting down and abandoning module TargetDeviceServices (135)
[2015.05.07-19.33.30:021][595]LogModuleManager: Shutting down and abandoning module DeviceManager (134)
[2015.05.07-19.33.30:021][595]LogModuleManager: Shutting down and abandoning module AutomationController (133)
[2015.05.07-19.33.30:021][595]LogModuleManager: Shutting down and abandoning module AutomationWindow (132)
[2015.05.07-19.33.30:021][595]LogModuleManager: Shutting down and abandoning module Layers (131)
[2015.05.07-19.33.30:021][595]LogModuleManager: Shutting down and abandoning module ComponentVisualizers (130)
[2015.05.07-19.33.30:021][595]LogModuleManager: Shutting down and abandoning module DetailCustomizations (129)
[2015.05.07-19.33.30:021][595]LogModuleManager: Shutting down and abandoning module PackagesDialog (128)
[2015.05.07-19.33.30:021][595]LogModuleManager: Shutting down and abandoning module AssetRegistry (127)
[2015.05.07-19.33.30:084][595]LogModuleManager: Shutting down and abandoning module Persona (126)
[2015.05.07-19.33.30:084][595]LogModuleManager: Shutting down and abandoning module SlateReflector (125)
[2015.05.07-19.33.30:084][595]LogModuleManager: Shutting down and abandoning module LevelEditor (124)
[2015.05.07-19.33.30:085][595]LogModuleManager: Shutting down and abandoning module Kismet (123)
[2015.05.07-19.33.30:085][595]LogModuleManager: Shutting down and abandoning module GraphEditor (122)
[2015.05.07-19.33.30:085][595]LogModuleManager: Shutting down and abandoning module ClassViewer (121)
[2015.05.07-19.33.30:085][595]LogModuleManager: Shutting down and abandoning module Toolbox (120)
[2015.05.07-19.33.30:085][595]LogModuleManager: Shutting down and abandoning module ModuleUI (119)
[2015.05.07-19.33.30:085][595]LogModuleManager: Shutting down and abandoning module MovieSceneTools (118)
[2015.05.07-19.33.30:085][595]LogModuleManager: Shutting down and abandoning module OutputLog (117)
[2015.05.07-19.33.30:085][595]LogModuleManager: Shutting down and abandoning module GammaUI (116)
[2015.05.07-19.33.30:085][595]LogModuleManager: Shutting down and abandoning module Documentation (115)
[2015.05.07-19.33.30:085][595]LogModuleManager: Shutting down and abandoning module GameLiveStreaming (114)
[2015.05.07-19.33.30:085][595]LogModuleManager: Shutting down and abandoning module StreamingPauseRendering (113)
[2015.05.07-19.33.30:085][595]LogModuleManager: Shutting down and abandoning module HTTP (112)
[2015.05.07-19.33.30:085][595]LogModuleManager: Shutting down and abandoning module AnalyticsET (111)
[2015.05.07-19.33.30:085][595]LogModuleManager: Shutting down and abandoning module Analytics (110)
[2015.05.07-19.33.30:085][595]LogModuleManager: Shutting down and abandoning module AITestSuite (109)
[2015.05.07-19.33.30:085][595]LogModuleManager: Shutting down and abandoning module GameplayDebugger (108)
[2015.05.07-19.33.30:085][595]LogModuleManager: Shutting down and abandoning module AIModule (107)
[2015.05.07-19.33.30:085][595]LogModuleManager: Shutting down and abandoning module ProfilerService (106)
[2015.05.07-19.33.30:111][595]LogModuleManager: Shutting down and abandoning module TaskGraph (105)
[2015.05.07-19.33.30:111][595]LogModuleManager: Shutting down and abandoning module SlateRemote (104)
[2015.05.07-19.33.30:111][595]LogModuleManager: Shutting down and abandoning module ScriptEditorPlugin (103)
[2015.05.07-19.33.30:111][595]LogModuleManager: Shutting down and abandoning module CustomMeshComponent (102)
[2015.05.07-19.33.30:111][595]LogModuleManager: Shutting down and abandoning module CableComponent (101)
[2015.05.07-19.33.30:111][595]LogModuleManager: Shutting down and abandoning module MessagingDebugger (100)
[2015.05.07-19.33.30:111][595]LogModuleManager: Shutting down and abandoning module MediaPlayerEditor (99)
[2015.05.07-19.33.30:111][595]LogModuleManager: Shutting down and abandoning module SpeedTreeImporter (98)
[2015.05.07-19.33.30:111][595]LogModuleManager: Shutting down and abandoning module PluginsEditor (97)
[2015.05.07-19.33.30:111][595]LogModuleManager: Shutting down and abandoning module MainFrame (96)
[2015.05.07-19.33.30:111][595]LogModuleManager: Shutting down and abandoning module EpicSurvey (95)
[2015.05.07-19.33.30:111][595]LogModuleManager: Shutting down and abandoning module DesktopPlatform (94)
[2015.05.07-19.33.30:111][595]LogModuleManager: Shutting down and abandoning module DirectoryWatcher (93)
[2015.05.07-19.33.30:111][595]LogModuleManager: Shutting down and abandoning module HotReload (92)
[2015.05.07-19.33.30:111][595]LogModuleManager: Shutting down and abandoning module VisualStudioSourceCodeAccess (91)
[2015.05.07-19.33.30:111][595]LogModuleManager: Shutting down and abandoning module UObjectPlugin (90)
[2015.05.07-19.33.30:111][595]LogModuleManager: Shutting down and abandoning module SubversionSourceControl (89)
[2015.05.07-19.33.30:111][595]LogModuleManager: Shutting down and abandoning module PerforceSourceControl (88)
[2015.05.07-19.33.30:111][595]LogModuleManager: Shutting down and abandoning module SourceControl (87)
[2015.05.07-19.33.30:111][595]LogModuleManager: Shutting down and abandoning module GitSourceControl (86)
[2015.05.07-19.33.30:111][595]LogModuleManager: Shutting down and abandoning module BlankPlugin (85)
[2015.05.07-19.33.30:111][595]LogModuleManager: Shutting down and abandoning module PaperTiledImporter (84)
[2015.05.07-19.33.30:111][595]LogModuleManager: Shutting down and abandoning module PaperJsonImporter (83)
[2015.05.07-19.33.30:111][595]LogModuleManager: Shutting down and abandoning module ContentBrowser (82)
[2015.05.07-19.33.30:112][595]LogModuleManager: Shutting down and abandoning module Paper2DEditor (81)
[2015.05.07-19.33.30:112][595]LogModuleManager: Shutting down and abandoning module ScriptPlugin (80)
[2015.05.07-19.33.30:112][595]LogModuleManager: Shutting down and abandoning module UdpMessaging (79)
[2015.05.07-19.33.30:212][595]LogModuleManager: Shutting down and abandoning module Paper2D (78)
[2015.05.07-19.33.30:212][595]LogModuleManager: Shutting down and abandoning module WindowsMoviePlayer (77)
[2015.05.07-19.33.30:214][595]LogModuleManager: Shutting down and abandoning module Media (76)
[2015.05.07-19.33.30:214][595]LogModuleManager: Shutting down and abandoning module WmfMedia (75)
[2015.05.07-19.33.30:214][595]LogModuleManager: Shutting down and abandoning module OnlineBlueprintSupport (74)
[2015.05.07-19.33.30:214][595]LogModuleManager: Shutting down and abandoning module PropertyEditor (73)
[2015.05.07-19.33.30:214][595]LogModuleManager: Shutting down and abandoning module BehaviorTreeEditor (72)
[2015.05.07-19.33.30:214][595]LogModuleManager: Shutting down and abandoning module FunctionalTesting (71)
[2015.05.07-19.33.30:214][595]LogModuleManager: Shutting down and abandoning module CollisionAnalyzer (70)
[2015.05.07-19.33.30:214][595]LogModuleManager: Shutting down and abandoning module WorkspaceMenuStructure (69)
[2015.05.07-19.33.30:214][595]LogModuleManager: Shutting down and abandoning module MessageLog (68)
[2015.05.07-19.33.30:214][595]LogModuleManager: Shutting down and abandoning module Sequencer (67)
[2015.05.07-19.33.30:214][595]LogModuleManager: Shutting down and abandoning module AssetTools (66)
[2015.05.07-19.33.30:214][595]LogModuleManager: Shutting down and abandoning module UMGEditor (65)
[2015.05.07-19.33.30:214][595]LogModuleManager: Shutting down and abandoning module UMG (64)
[2015.05.07-19.33.30:214][595]LogModuleManager: Shutting down and abandoning module Slate (63)
[2015.05.07-19.33.30:214][595]LogModuleManager: Shutting down and abandoning module EditorStyle (62)
[2015.05.07-19.33.30:219][595]LogModuleManager: Shutting down and abandoning module SessionServices (61)
[2015.05.07-19.33.30:219][595]LogModuleManager: Shutting down and abandoning module SourceCodeAccess (60)
[2015.05.07-19.33.30:219][595]LogModuleManager: Shutting down and abandoning module HeadMountedDisplay (59)
[2015.05.07-19.33.30:219][595]LogModuleManager: Shutting down and abandoning module XAudio2 (58)
[2015.05.07-19.33.30:219][595]LogModuleManager: Shutting down and abandoning module Networking (56)
[2015.05.07-19.33.30:219][595]LogModuleManager: Shutting down and abandoning module Core (55)
[2015.05.07-19.33.30:219][595]LogModuleManager: Shutting down and abandoning module KismetCompiler (54)
[2015.05.07-19.33.30:219][595]LogModuleManager: Shutting down and abandoning module PhysXFormats (53)
[2015.05.07-19.33.30:219][595]LogModuleManager: Shutting down and abandoning module MeshUtilities (52)
[2015.05.07-19.33.30:219][595]LogModuleManager: Shutting down and abandoning module DerivedDataCache (51)
[2015.05.07-19.33.30:255][595]LogDerivedDataCache: Shutdown
[2015.05.07-19.33.30:255][595]LogModuleManager: Shutting down and abandoning module ShaderFormatOpenGL (50)
[2015.05.07-19.33.30:255][595]LogModuleManager: Shutting down and abandoning module ShaderFormatD3D (49)
[2015.05.07-19.33.30:255][595]LogModuleManager: Shutting down and abandoning module MetalShaderFormat (48)
[2015.05.07-19.33.30:255][595]LogModuleManager: Shutting down and abandoning module TextureFormatUncompressed (47)
[2015.05.07-19.33.30:255][595]LogModuleManager: Shutting down and abandoning module TextureFormatPVR (46)
[2015.05.07-19.33.30:255][595]LogModuleManager: Shutting down and abandoning module TextureFormatIntelISPCTexComp (45)
[2015.05.07-19.33.30:255][595]LogModuleManager: Shutting down and abandoning module TextureFormatDXT (44)
[2015.05.07-19.33.30:255][595]LogModuleManager: Shutting down and abandoning module ImageWrapper (43)
[2015.05.07-19.33.30:255][595]LogModuleManager: Shutting down and abandoning module TextureFormatASTC (42)
[2015.05.07-19.33.30:255][595]LogModuleManager: Shutting down and abandoning module TextureFormatAndroid (41)
[2015.05.07-19.33.30:255][595]LogModuleManager: Shutting down and abandoning module AudioFormatOpus (40)
[2015.05.07-19.33.30:255][595]LogModuleManager: Shutting down and abandoning module AudioFormatOgg (39)
[2015.05.07-19.33.30:255][595]LogModuleManager: Shutting down and abandoning module AudioFormatADPCM (38)
[2015.05.07-19.33.30:255][595]LogModuleManager: Shutting down and abandoning module LinuxTargetPlatform (37)
[2015.05.07-19.33.30:255][595]LogModuleManager: Shutting down and abandoning module LinuxServerTargetPlatform (36)
[2015.05.07-19.33.30:255][595]LogModuleManager: Shutting down and abandoning module LinuxNoEditorTargetPlatform (35)
[2015.05.07-19.33.30:255][595]LogModuleManager: Shutting down and abandoning module Messaging (34)
[2015.05.07-19.33.30:255][595]LogModuleManager: Shutting down and abandoning module IOSTargetPlatform (33)
[2015.05.07-19.33.30:255][595]LogModuleManager: Shutting down and abandoning module HTML5TargetPlatform (32)
[2015.05.07-19.33.30:255][595]LogModuleManager: Shutting down and abandoning module Android_PVRTCTargetPlatform (31)
[2015.05.07-19.33.30:255][595]LogModuleManager: Shutting down and abandoning module Android_ETC2TargetPlatform (30)
[2015.05.07-19.33.30:255][595]LogModuleManager: Shutting down and abandoning module Android_ETC1TargetPlatform (29)
[2015.05.07-19.33.30:255][595]LogModuleManager: Shutting down and abandoning module Android_ES31TargetPlatform (28)
[2015.05.07-19.33.30:255][595]LogModuleManager: Shutting down and abandoning module Android_DXTTargetPlatform (27)
[2015.05.07-19.33.30:255][595]LogModuleManager: Shutting down and abandoning module Android_ATCTargetPlatform (26)
[2015.05.07-19.33.30:255][595]LogModuleManager: Shutting down and abandoning module AndroidTargetPlatform (25)
[2015.05.07-19.33.30:255][595]LogModuleManager: Shutting down and abandoning module WindowsTargetPlatform (24)
[2015.05.07-19.33.30:255][595]LogModuleManager: Shutting down and abandoning module WindowsServerTargetPlatform (23)
[2015.05.07-19.33.30:255][595]LogModuleManager: Shutting down and abandoning module WindowsNoEditorTargetPlatform (22)
[2015.05.07-19.33.30:255][595]LogModuleManager: Shutting down and abandoning module WindowsClientTargetPlatform (21)
[2015.05.07-19.33.30:255][595]LogModuleManager: Shutting down and abandoning module TargetPlatform (20)
[2015.05.07-19.33.30:255][595]LogModuleManager: Shutting down and abandoning module InputCore (19)
[2015.05.07-19.33.30:255][595]LogModuleManager: Shutting down and abandoning module Settings (18)
[2015.05.07-19.33.30:255][595]LogModuleManager: Shutting down and abandoning module OnlineSubsystem (16)
[2015.05.07-19.33.30:255][595]LogModuleManager: Shutting down and abandoning module OculusRift (15)
[2015.05.07-19.33.30:255][595]LogModuleManager: Shutting down and abandoning module ExampleDeviceProfileSelector (14)
[2015.05.07-19.33.30:255][595]LogModuleManager: Shutting down and abandoning module TextureCompressor (13)
[2015.05.07-19.33.30:255][595]LogModuleManager: Shutting down and abandoning module ShaderCore (12)
[2015.05.07-19.33.30:255][595]LogModuleManager: Shutting down and abandoning module Landscape (11)
[2015.05.07-19.33.30:255][595]LogModuleManager: Shutting down and abandoning module SlateRHIRenderer (10)
[2015.05.07-19.33.30:257][595]LogModuleManager: Shutting down and abandoning module OpenGLDrv (9)
[2015.05.07-19.33.30:257][595]LogModuleManager: Shutting down and abandoning module D3D11RHI (8)
[2015.05.07-19.33.30:257][595]LogModuleManager: Shutting down and abandoning module Renderer (7)
[2015.05.07-19.33.30:257][595]LogModuleManager: Shutting down and abandoning module Engine (6)
[2015.05.07-19.33.30:257][595]LogModuleManager: Shutting down and abandoning module CoreUObject (5)
[2015.05.07-19.33.30:257][595]LogModuleManager: Shutting down and abandoning module NetworkFile (4)
[2015.05.07-19.33.30:257][595]LogModuleManager: Shutting down and abandoning module StreamingFile (3)
[2015.05.07-19.33.30:257][595]LogModuleManager: Shutting down and abandoning module SandboxFile (2)
[2015.05.07-19.33.30:257][595]LogModuleManager: Shutting down and abandoning module PakFile (1)
[2015.05.07-19.33.30:257][595]LogExit: Exiting.
[2015.05.07-19.33.30:261][595]Log file closed, 05/07/15 12:33:30
