[2015.09.10-10.31.16:722][  0]Log file open, 09/10/15 03:31:16
[2015.09.10-10.31.16:722][  0]LogInit:Display: Running engine for game: GodKiller
[2015.09.10-10.31.16:722][  0]LogInit:Display: RandInit(1299297810) SRandInit(1299297811).
[2015.09.10-10.31.16:722][  0]LogTaskGraph: Started task graph with 4 named threads and 5 total threads.
[2015.09.10-10.31.16:722][  0]LogStats: Stats thread started
[2015.09.10-10.31.16:722][  0]LogInit: Version: 4.8.3-2634408+++depot+UE4-Releases+4.8
[2015.09.10-10.31.16:722][  0]LogInit: API Version: 2579680
[2015.09.10-10.31.16:722][  0]LogInit: Compiled (64-bit): Jul 27 2015 16:24:33
[2015.09.10-10.31.16:722][  0]LogInit: Compiled with Visual C++: 18.00.21005.01
[2015.09.10-10.31.16:722][  0]LogInit: Build Configuration: Development
[2015.09.10-10.31.16:722][  0]LogInit: Branch Name: ++depot+UE4-Releases+4.8
[2015.09.10-10.31.16:722][  0]LogInit: Command line:  
[2015.09.10-10.31.16:722][  0]LogInit: Base directory: C:/Program Files/Epic Games/4.8/Engine/Binaries/Win64/
[2015.09.10-10.31.16:722][  0]LogInit: Rocket: 1
[2015.09.10-10.31.16:794][  0]LogInit: Using libcurl 7.41.0
[2015.09.10-10.31.16:794][  0]LogInit:  - built for x86_64-pc-win32
[2015.09.10-10.31.16:794][  0]LogInit:  - supports SSL with WinSSL
[2015.09.10-10.31.16:794][  0]LogInit:  - other features:
[2015.09.10-10.31.16:794][  0]LogInit:      CURL_VERSION_SSL
[2015.09.10-10.31.16:795][  0]LogInit:      CURL_VERSION_IPV6
[2015.09.10-10.31.16:795][  0]LogInit:      CURL_VERSION_ASYNCHDNS
[2015.09.10-10.31.16:795][  0]LogInit:      CURL_VERSION_LARGEFILE
[2015.09.10-10.31.16:795][  0]LogInit:      CURL_VERSION_IDN
[2015.09.10-10.31.16:795][  0]LogInit:  CurlRequestOptions (configurable via config and command line):
[2015.09.10-10.31.16:795][  0]LogInit:  - bVerifyPeer = true  - Libcurl will verify peer certificate
[2015.09.10-10.31.16:795][  0]LogInit:  - bUseHttpProxy = false  - Libcurl will NOT use HTTP proxy
[2015.09.10-10.31.16:795][  0]LogInit:  - bDontReuseConnections = false  - Libcurl will reuse connections
[2015.09.10-10.31.16:795][  0]LogInit:  - CertBundlePath = nullptr  - Libcurl will use whatever was configured at build time.
[2015.09.10-10.31.16:843][  0]LogOnline:Warning: No default platform service specified for OnlineSubsystem
[2015.09.10-10.31.17:054][  0]LogInit: Presizing for 0 objects not considered by GC, pre-allocating 0 bytes.
[2015.09.10-10.31.17:098][  0]LogInit: Object subsystem initialized
[2015.09.10-10.31.17:113][  0]LogConsoleResponse:Warning: Skipping Unknown console variable: 'TranslucentSortAxis = (X=0.000000,Y=-1.000000,Z=0.000000)'
[2015.09.10-10.31.17:113][  0]LogConsoleResponse:Warning:   Found in ini file 'C:/Users/Samantha/Desktop/God-Killer/Saved/Config/Windows/Engine.ini', in section '[/Script/Engine.RendererSettings]'
[2015.09.10-10.31.17:113][  0]LogConsoleResponse:Warning: Skipping Unknown console variable: 'UIScaleRule = ShortestSide'
[2015.09.10-10.31.17:113][  0]LogConsoleResponse:Warning:   Found in ini file 'C:/Users/Samantha/Desktop/God-Killer/Saved/Config/Windows/Engine.ini', in section '[/Script/Engine.RendererSettings]'
[2015.09.10-10.31.17:113][  0]LogConsoleResponse:Warning: Skipping Unknown console variable: 'UIScaleCurve = (EditorCurveData=(Keys=),ExternalCurve=None)'
[2015.09.10-10.31.17:113][  0]LogConsoleResponse:Warning:   Found in ini file 'C:/Users/Samantha/Desktop/God-Killer/Saved/Config/Windows/Engine.ini', in section '[/Script/Engine.RendererSettings]'
[2015.09.10-10.31.17:133][  0]LogInit: Selected Device Profile: [Windows]
[2015.09.10-10.31.17:133][  0]LogInit: Applying CVar settings loaded from the selected device profile: [Windows]
[2015.09.10-10.31.17:293][  0]LogInit: Computer: SAMANTHAPC
[2015.09.10-10.31.17:293][  0]LogInit: User: Samantha
[2015.09.10-10.31.17:293][  0]LogInit: CPU Page size=4096, Cores=2
[2015.09.10-10.31.17:293][  0]LogInit: High frequency timer resolution =2.240907 MHz
[2015.09.10-10.31.17:308][  0]LogMemory: Memory total: Physical=5.9GB (6GB approx)
[2015.09.10-10.31.17:315][  0]LogMemory: Platform Memory Stats for Windows
[2015.09.10-10.31.17:315][  0]LogMemory: Process Physical Memory: 51.58 MB used, 51.58 MB peak
[2015.09.10-10.31.17:315][  0]LogMemory: Process Virtual Memory: 24.24 MB used, 24.24 MB peak
[2015.09.10-10.31.17:315][  0]LogMemory: Physical Memory: 2620.74 MB used, 6027.63 MB total
[2015.09.10-10.31.17:315][  0]LogMemory: Virtual Memory: 292.76 MB used, 134217728.00 MB total
[2015.09.10-10.31.18:441][  0]LogTextLocalizationManager: The requested culture ('en_US') has no localization data; parent culture's ('en') localization data will be used.
[2015.09.10-10.31.19:458][  0]LogTextLocalizationManager:Warning: Loaded localization resources contain conflicting entries for (Namespace:ContentBrowser, Key:ImportAssetToolTip):
Localization Resource: (C:/Program Files/Epic Games/4.8/Engine/Content/Localization/Editor/en/Editor.locres) Source String Hash: (-630476809) Localized String: (Import to {0}...)
Localization Resource: (C:/Program Files/Epic Games/4.8/Engine/Content/Localization/Editor/en/Editor.locres) Source String Hash: (1271782899) Localized String: (Imports an asset from file to this folder.)
[2015.09.10-10.31.21:730][  0]LogD3D11RHI: Found D3D11 adapter 0: Intel(R) HD Graphics Family (Feature Level 11_0)
[2015.09.10-10.31.21:730][  0]LogD3D11RHI: Adapter has 32MB of dedicated video memory, 0MB of dedicated system memory, and 1760MB of shared system memory, 1 output[s]
[2015.09.10-10.31.21:732][  0]LogD3D11RHI: Found D3D11 adapter 1: Microsoft Basic Render Driver (Feature Level 11_0)
[2015.09.10-10.31.21:732][  0]LogD3D11RHI: Adapter has 0MB of dedicated video memory, 0MB of dedicated system memory, and 256MB of shared system memory, 0 output[s]
[2015.09.10-10.31.21:733][  0]LogD3D11RHI: Chosen D3D11 Adapter Id = 0
[2015.09.10-10.31.21:761][  0]LogD3D11RHI: InitD3DDevice
[2015.09.10-10.31.21:761][  0]LogD3D11RHI: !Direct3DDevice
[2015.09.10-10.31.21:761][  0]LogRHI: Texture pool is 638 MB (70% of 912 MB)
[2015.09.10-10.31.21:776][  0]LogD3D11RHI: Async texture creation enabled
[2015.09.10-10.31.21:890][  0]LogShaderCompilers:Display: Using Local Shader Compiler.
[2015.09.10-10.31.29:518][  0]LogTemp:Display: Loaded TP DesktopTargetPlatform
[2015.09.10-10.31.29:599][  0]LogTemp:Display: Loaded TP WindowsClientTargetPlatform
[2015.09.10-10.31.29:673][  0]LogTemp:Display: Loaded TP WindowsNoEditorTargetPlatform
[2015.09.10-10.31.29:747][  0]LogTemp:Display: Loaded TP WindowsServerTargetPlatform
[2015.09.10-10.31.29:821][  0]LogTemp:Display: Loaded TP WindowsTargetPlatform
[2015.09.10-10.31.29:906][  0]LogTemp:Display: Loaded TP AndroidTargetPlatform
[2015.09.10-10.31.29:971][  0]LogTemp:Display: Loaded TP Android_ASTCTargetPlatform
[2015.09.10-10.31.30:033][  0]LogTemp:Display: Loaded TP Android_ATCTargetPlatform
[2015.09.10-10.31.30:098][  0]LogTemp:Display: Loaded TP Android_DXTTargetPlatform
[2015.09.10-10.31.30:157][  0]LogTemp:Display: Loaded TP Android_ETC1TargetPlatform
[2015.09.10-10.31.30:245][  0]LogTemp:Display: Loaded TP Android_ETC2TargetPlatform
[2015.09.10-10.31.30:308][  0]LogTemp:Display: Loaded TP Android_PVRTCTargetPlatform
[2015.09.10-10.31.30:614][  0]LogTemp:Display: Loaded TP IOSTargetPlatform
[2015.09.10-10.31.30:682][  0]LogTemp:Display: Loaded TP LinuxNoEditorTargetPlatform
[2015.09.10-10.31.30:728][  0]LogTemp:Display: Loaded TP LinuxServerTargetPlatform
[2015.09.10-10.31.30:808][  0]LogTemp:Display: Loaded TP LinuxTargetPlatform
[2015.09.10-10.31.30:808][  0]LogTargetPlatformManager:Display: Building Assets For Windows
[2015.09.10-10.31.32:232][  0]LogDerivedDataCache:Display: Max Cache Size: 512 MB
[2015.09.10-10.31.33:177][  0]LogDerivedDataCache: Loaded boot cache 0.94s 53MB C:/Users/Samantha/AppData/Local/UnrealEngine/4.8/DerivedDataCache/Boot.ddc.
[2015.09.10-10.31.33:177][  0]LogDerivedDataCache:Display: Loaded Boot cache: C:/Users/Samantha/AppData/Local/UnrealEngine/4.8/DerivedDataCache/Boot.ddc
[2015.09.10-10.31.33:178][  0]LogDerivedDataCache: FDerivedDataBackendGraph:  Pak pak cache file ../../../../../../Users/Samantha/Desktop/God-Killer/DerivedDataCache/DDC.ddp not found, will not use a pak cache.
[2015.09.10-10.31.33:178][  0]LogDerivedDataCache: Unable to find inner node Pak for hierarchical cache Hierarchy.
[2015.09.10-10.31.33:178][  0]LogDerivedDataCache: FDerivedDataBackendGraph:  CompressedPak pak cache file ../../../../../../Users/Samantha/Desktop/God-Killer/DerivedDataCache/Compressed.ddp not found, will not use a pak cache.
[2015.09.10-10.31.33:178][  0]LogDerivedDataCache: Unable to find inner node CompressedPak for hierarchical cache Hierarchy.
[2015.09.10-10.31.33:770][  0]LogDerivedDataCache:Display: Pak cache opened for reading ../../../Engine/DerivedDataCache/Compressed.ddp.
[2015.09.10-10.31.33:784][  0]LogDerivedDataCache: Using Local data cache path C:/Users/Samantha/AppData/Local/UnrealEngine/Common/DerivedDataCache: Writable
[2015.09.10-10.31.44:214][  0]LogInit: Selected Device Profile: [Windows]
[2015.09.10-10.31.44:758][  0]ImportText (ComponentSweepMultiTests): Missing closing parenthesis: (RootShapeAsset="/Engine/BasicShapes/Cube.Cube",ShapeType="TriggerCapsule",HitResult=(Time=0.50,Location=(X=-100.000015,Y=0.0,Z=100.000015),ImpactPoint=(X=-50.0,Y=0.0,Z=50.0),Normal=(X=-1.0,Y=-0.0,Z=0.0),ImpactNormal=(X=0.0,Y=0.0,Z=1.0),TraceStart=(X=-200.0,Y=0.0,Z=200.0),TraceEnd=(X=0.0,Y=0.0,Z=0.0))
[2015.09.10-10.31.44:759][  0]ImportText (LineTraceSingleByChannelTests): Missing closing parenthesis: (RootShapeAsset="/Engine/BasicShapes/Cube.Cube",HitResult=(Time=0.50,Location=(X=-100.000015,Y=0.0,Z=100.000015),ImpactPoint=(X=-50.0,Y=0.0,Z=50.0),Normal=(X=-1.0,Y=-0.0,Z=0.0),ImpactNormal=(X=0.0,Y=0.0,Z=1.0),TraceStart=(X=-200.0,Y=0.0,Z=200.0),TraceEnd=(X=0.0,Y=0.0,Z=0.0))
[2015.09.10-10.31.44:931][  0]LogMeshUtilities: No automatic mesh reduction module available
[2015.09.10-10.31.44:931][  0]LogMeshUtilities: No automatic mesh merging module available
[2015.09.10-10.31.47:099][  0]LogInit: WinSock: version 1.1 (2.2), MaxSocks=32767, MaxUdp=65467
[2015.09.10-10.31.49:186][  0]LogModuleManager:Warning: ModuleManager: Unable to load module 'C:/Program Files/Epic Games/4.8/Engine/Binaries/Win64/UE4Editor-XAudio2.dll' because the file couldn't be loaded by the OS.
[2015.09.10-10.32.25:474][  0]UdpMessaging: Initializing bridge on interface 0.0.0.0:0 to multicast group 230.0.0.1:6666.
[2015.09.10-10.32.27:602][  0]SourceControl: Info Source control is disabled
[2015.09.10-10.32.27:644][  0]SourceControl: Info Source control is disabled
[2015.09.10-10.32.27:736][  0]SourceControl: Info Source control is disabled
[2015.09.10-10.32.27:815][  0]SourceControl: Info Source control is disabled
[2015.09.10-10.32.29:424][  0]LogObj: 26273 objects as part of root set at end of initial load.
[2015.09.10-10.32.29:425][  0]LogUObjectAllocator: 5409256 out of 0 bytes used by permanent object pool.
[2015.09.10-10.32.29:789][  0]LogEngine: Initializing Engine...
[2015.09.10-10.32.29:799][  0]LogHMD: Can't find Oculus library dev build: is proper Runtime installed? Version: 0.6.0.0
[2015.09.10-10.32.29:854][  0]LogHMD:Warning: SteamVR failed to initialize.  Error: 110
[2015.09.10-10.32.30:589][  0]LogAIModule: Creating AISystem for world NewWorld
[2015.09.10-10.32.34:425][  0]LogModuleManager:Warning: ModuleManager: Unable to load module 'C:/Program Files/Epic Games/4.8/Engine/Binaries/Win64/UE4Editor-XAudio2.dll' because the file couldn't be loaded by the OS.
[2015.09.10-10.32.34:537][  0]LogDerivedDataCache: Saved boot cache 0.11s 53MB C:/Users/Samantha/AppData/Local/UnrealEngine/4.8/DerivedDataCache/Boot.ddc.
[2015.09.10-10.32.34:556][  0]LogInit: Texture streaming: Disabled
[2015.09.10-10.32.34:749][  0]LogAnalytics: Creating configured Analytics provider AnalyticsET
[2015.09.10-10.32.34:749][  0]LogAnalytics: [UEEditor.Rocket.Release] APIServer = http://et2.epicgames.com/ET2/. AppVersion = 4.8.3-2634408+++depot+UE4-Releases+4.8
[2015.09.10-10.32.34:749][  0]LogAnalytics: [UEEditor.Rocket.Release] SetUserId 46872bea408cfcc0100ac385d2b5ce07|e22a3db169b04f708165eaff958a9646|097015b1-a59a-4201-b460-717027cc9fe8
[2015.09.10-10.32.34:750][  0]LogAnalytics: [UEEditor.Rocket.Release] AnalyticsET::StartSession
[2015.09.10-10.32.35:060][  0]LogInit: Transaction tracking system initialized
[2015.09.10-10.32.36:160][  0]BlueprintLog: New page: Editor Load
[2015.09.10-10.32.36:658][  0]LogAssetRegistry: FAssetRegistry took 0.0117 seconds to start up
[2015.09.10-10.32.36:659][  0]LogDirectoryWatcher:Warning: Failed to begin reading directory changes for ../../../Engine/Plugins/Experimental/CharacterAI/Content/. Error: 0
[2015.09.10-10.32.42:100][  0]LogConsoleManager:Warning: Console variable 'r.VSync' wasn't set ('GameSetting' has a lower priority than 'SystemSettingsIni')
[2015.09.10-10.32.42:101][  0]LogConsoleResponse:Display: 
[2015.09.10-10.32.42:732][  0]LogCook:Display: Done creating registry. It took  0.00s.
[2015.09.10-10.32.44:258][  0]SourceControl: Info Source control is disabled
[2015.09.10-10.32.44:259][  0]Cmd: MAP LOAD FILE="../../../../../../Users/Samantha/Desktop/God-Killer/Content/Scene/NewCave.umap" TEMPLATE=0 SHOWPROGRESS=1 FEATURELEVEL=3
[2015.09.10-10.32.44:260][  0]LightingResults: New page: Lighting Build
[2015.09.10-10.32.44:328][  0]MapCheck: New page: Map Check
[2015.09.10-10.32.44:328][  0]LightingResults: New page: Lighting Build
[2015.09.10-10.32.44:403][  0]LogParticles: Destroying 0 GPU particle simulations for FXSystem 0x0000004005DC5300
[2015.09.10-10.32.53:357][  0]LogBlueprint:Warning: [compiler Gui] Warning 'gnawmers' is already a 'Enemy 1', you don't need  Cast To Enemy1 .
[2015.09.10-10.32.53:390][  0]LogBlueprint:Warning: [compiler Gui] Warning [0103.10] Compile of Gui successful, but with 1 Warning(s) [in 194 ms]
[2015.09.10-10.32.53:391][  0]LogBlueprint:Warning: [compiler Gui] Warning [0103.10] Compile of Gui successful, but with 2 Warning(s) [in 0 ms]
[2015.09.10-10.32.53:391][  0]LogBlueprint:Warning: [compiler Gui] Warning [0103.10] Compile of Gui successful, but with 3 Warning(s) [in 0 ms]
[2015.09.10-10.32.54:902][  0]LogBlueprint:Warning: [compiler GnawmersHealth] Warning 'gnawmers' is already a 'Enemy 1', you don't need  Cast To Enemy1 .
[2015.09.10-10.32.54:904][  0]LogBlueprint:Warning: [compiler GnawmersHealth] Warning [0104.61] Compile of GnawmersHealth successful, but with 1 Warning(s) [in 43 ms]
[2015.09.10-10.32.54:904][  0]LogBlueprint:Warning: [compiler GnawmersHealth] Warning [0104.61] Compile of GnawmersHealth successful, but with 2 Warning(s) [in 0 ms]
[2015.09.10-10.32.54:904][  0]LogBlueprint:Warning: [compiler GnawmersHealth] Warning [0104.62] Compile of GnawmersHealth successful, but with 3 Warning(s) [in 0 ms]
[2015.09.10-10.33.02:614][  0]LogBlueprint:Warning: [compiler Gui] Warning 'gnawmers' is already a 'Enemy 1', you don't need  Cast To Enemy1 .
[2015.09.10-10.33.02:644][  0]LogBlueprint:Warning: [compiler Gui] Warning [0112.35] Compile of Gui successful, but with 1 Warning(s) [in 126 ms]
[2015.09.10-10.33.02:649][  0]LogBlueprint:Warning: [compiler Gui] Warning [0112.36] Compile of Gui successful, but with 2 Warning(s) [in 4 ms]
[2015.09.10-10.33.02:964][  0]LogBlueprint:Warning: [compiler GnawmersHealth] Warning 'gnawmers' is already a 'Enemy 1', you don't need  Cast To Enemy1 .
[2015.09.10-10.33.02:967][  0]LogBlueprint:Warning: [compiler GnawmersHealth] Warning [0112.68] Compile of GnawmersHealth successful, but with 1 Warning(s) [in 49 ms]
[2015.09.10-10.33.02:968][  0]LogBlueprint:Warning: [compiler GnawmersHealth] Warning [0112.68] Compile of GnawmersHealth successful, but with 2 Warning(s) [in 0 ms]
[2015.09.10-10.34.06:927][  0]LogAIModule: Creating AISystem for world NewCave
[2015.09.10-10.34.12:333][  0]LogEditorServer: Finished looking for orphan Actors (0.000 secs)
[2015.09.10-10.34.12:342][  0]Cmd: MAP CHECKDEP NOCLEARLOG
[2015.09.10-10.34.12:693][  0]MapCheck: Info Map check complete: 0 Error(s), 0 Warning(s), took 350.543ms to complete.
[2015.09.10-10.34.12:693][  0]LogFileHelpers: Loading map 'NewCave' took 88.434
[2015.09.10-10.34.12:930][  0]LogCollectionManager: Loaded 0 collections in 0.008568 seconds
[2015.09.10-10.34.12:958][  0]LogContentBrowser: Native class hierarchy populated in 0.0275 seconds. Added 1792 classes and 301 folders.
[2015.09.10-10.34.13:211][  0]LogContentBrowser: Native class hierarchy updated for 'WidgetCarousel' in 0.0013 seconds. Added 0 classes and 0 folders.
[2015.09.10-10.34.13:955][  0]LogContentBrowser: Native class hierarchy updated for 'AddContentDialog' in 0.0011 seconds. Added 0 classes and 0 folders.
[2015.09.10-10.34.14:233][  0]LogContentBrowser: Native class hierarchy updated for 'SceneOutliner' in 0.0011 seconds. Added 1 classes and 2 folders.
[2015.09.10-10.34.14:437][  0]LogCrashTracker: Crashtracker disabled due to settings.
[2015.09.10-10.34.14:440][  0]LogD3D11RHI: InitD3DDevice
[2015.09.10-10.34.14:451][  0]LogUObjectGlobals:Warning: Failed to find object 'Class None.'
[2015.09.10-10.34.14:477][  0]LogLoad: Full Startup: 184.19 seconds (BP compile: 14.78 seconds)
[2015.09.10-10.34.15:116][  0]LogContentStreaming: Texture pool size is 0.000000MB
[2015.09.10-10.34.15:854][  0]LogContentStreaming: Texture pool size now 700 MB
[2015.09.10-10.34.16:241][  0]LogRenderer: Reallocating scene render targets to support 864x712 (Frame:2).
[2015.09.10-10.34.18:254][  1]Cmd: UpdateLandscapeEditorData -warnings
[2015.09.10-10.34.18:286][  1]Cmd: UpdateLandscapeEditorData
[2015.09.10-10.34.19:346][  2]LogD3D11RHI: InitD3DDevice
[2015.09.10-10.34.25:945][ 65]LogAssetRegistry: Asset discovery search completed in 109.2977 seconds
[2015.09.10-10.34.28:277][136]LogD3D11RHI: InitD3DDevice
[2015.09.10-10.34.45:784][339]LogNavigationPoint: PostEditMove Clear paths rebuilt
[2015.09.10-10.34.53:021][431]LogNavigationPoint: PostEditMove Clear paths rebuilt
[2015.09.10-10.35.02:040][547]LogEditorViewport: Clicking on Actor (LMB): Landscape (Landscape)
[2015.09.10-10.35.18:608][ 38]LogNavigationPoint: PostEditMove Clear paths rebuilt
[2015.09.10-10.35.24:351][177]LogNavigationPoint: PostEditMove Clear paths rebuilt
[2015.09.10-10.35.31:116][283]LogNavigationPoint: PostEditMove Clear paths rebuilt
[2015.09.10-10.35.53:838][532]LogNavigationPoint: PostEditMove Clear paths rebuilt
[2015.09.10-10.35.57:613][570]LogNavigationPoint: PostEditMove Clear paths rebuilt
[2015.09.10-10.36.01:822][613]LogNavigationPoint: PostEditMove Clear paths rebuilt
[2015.09.10-10.36.04:303][638]LogNavigationPoint: PostEditMove Clear paths rebuilt
[2015.09.10-10.36.08:401][680]LogNavigationPoint: PostEditMove Clear paths rebuilt
[2015.09.10-10.36.13:346][731]LogNavigationPoint: PostEditMove Clear paths rebuilt
[2015.09.10-10.37.01:851][215]LogNavigationPoint: PostEditMove Clear paths rebuilt
[2015.09.10-10.37.17:897][389]LogNavigationPoint: PostEditMove Clear paths rebuilt
[2015.09.10-10.37.22:363][443]LogNavigationPoint: PostEditMove Clear paths rebuilt
[2015.09.10-10.37.26:620][493]LogNavigationPoint: PostEditMove Clear paths rebuilt
[2015.09.10-10.37.30:186][536]LogNavigationPoint: PostEditMove Clear paths rebuilt
[2015.09.10-10.37.36:407][608]LogNavigationPoint: PostEditMove Clear paths rebuilt
[2015.09.10-10.37.40:871][659]LogNavigationPoint: PostEditMove Clear paths rebuilt
[2015.09.10-10.37.43:522][689]LogNavigationPoint: PostEditMove Clear paths rebuilt
[2015.09.10-10.37.48:950][751]LogNavigationPoint: PostEditMove Clear paths rebuilt
[2015.09.10-10.37.51:940][785]LogNavigationPoint: PostEditMove Clear paths rebuilt
[2015.09.10-10.37.55:111][821]LogNavigationPoint: PostEditMove Clear paths rebuilt
[2015.09.10-10.37.58:039][854]LogNavigationPoint: PostEditMove Clear paths rebuilt
[2015.09.10-10.38.06:175][946]LogNavigationPoint: PostEditMove Clear paths rebuilt
[2015.09.10-10.38.07:969][965]LogD3D11RHI: InitD3DDevice
[2015.09.10-10.38.08:078][965]Cmd: OBJ SAVEPACKAGE PACKAGE="/Game/Scene/NewCave" FILE="../../../../../../Users/Samantha/Desktop/God-Killer/Content/Scene/NewCave.umap" SILENT=true AUTOSAVING=false KEEPDIRTY=false
[2015.09.10-10.38.18:040][965]LogSavePackage: Save=7532.528809ms
[2015.09.10-10.38.18:040][965]LogSavePackage: Moving '../../../../../../Users/Samantha/Desktop/God-Killer/Saved/NewCaveAEF518FC412743BF1042F7BB9FA54CD8.tmp' to '../../../../../../Users/Samantha/Desktop/God-Killer/Content/Scene/NewCave.umap'
[2015.09.10-10.38.22:025][  5]LogWindowsTextInputMethodSystem:Display: IME system now deactivated.
[2015.09.10-10.38.23:119][  6]Cmd: QUIT_EDITOR
[2015.09.10-10.38.24:694][  6]LogExit: Preparing to exit.
[2015.09.10-10.38.25:999][  6]LogExit: Editor shut down
[2015.09.10-10.38.26:000][  6]LogExit: Transaction tracking system shut down
[2015.09.10-10.38.26:039][  6]LogParticles: Destroying 0 GPU particle simulations for FXSystem 0x00000040193E7EC0
[2015.09.10-10.38.26:048][  6]LogParticles: Destroying 0 GPU particle simulations for FXSystem 0x00000040225DE840
[2015.09.10-10.38.26:049][  6]LogParticles: Destroying 0 GPU particle simulations for FXSystem 0x0000004024390400
[2015.09.10-10.38.26:049][  6]LogParticles: Destroying 0 GPU particle simulations for FXSystem 0x00000040245B9D00
[2015.09.10-10.38.26:049][  6]LogParticles: Destroying 0 GPU particle simulations for FXSystem 0x00000040259EB920
[2015.09.10-10.38.26:050][  6]LogParticles: Destroying 0 GPU particle simulations for FXSystem 0x00000040259EB2E0
[2015.09.10-10.38.26:050][  6]LogParticles: Destroying 0 GPU particle simulations for FXSystem 0x00000040259E8FE0
[2015.09.10-10.38.26:050][  6]LogParticles: Destroying 0 GPU particle simulations for FXSystem 0x00000040259EA200
[2015.09.10-10.38.26:050][  6]LogParticles: Destroying 0 GPU particle simulations for FXSystem 0x00000040258E3F60
[2015.09.10-10.38.26:645][  6]LogExit: Object subsystem successfully closed.
[2015.09.10-10.38.26:701][  6]LogD3D11RHI: Shutdown
[2015.09.10-10.38.26:701][  6]LogD3D11RHI: CleanupD3DDevice
[2015.09.10-10.38.27:201][  6]LogD3D11RHI: ~FD3D11DynamicRHI
[2015.09.10-10.38.27:267][  6]LogModuleManager: Shutting down and abandoning module CrashTracker (188)
[2015.09.10-10.38.27:268][  6]LogModuleManager: Shutting down and abandoning module SceneOutliner (187)
[2015.09.10-10.38.27:268][  6]LogModuleManager: Shutting down and abandoning module SuperSearch (186)
[2015.09.10-10.38.27:268][  6]LogModuleManager: Shutting down and abandoning module WidgetCarousel (185)
[2015.09.10-10.38.27:268][  6]LogModuleManager: Shutting down and abandoning module AddContentDialog (184)
[2015.09.10-10.38.27:270][  6]LogModuleManager: Shutting down and abandoning module EditorWidgets (183)
[2015.09.10-10.38.27:270][  6]LogModuleManager: Shutting down and abandoning module CollectionManager (182)
[2015.09.10-10.38.27:270][  6]LogModuleManager: Shutting down and abandoning module StatsViewer (181)
[2015.09.10-10.38.27:271][  6]LogModuleManager: Shutting down and abandoning module FoliageEdit (180)
[2015.09.10-10.38.27:271][  6]LogModuleManager: Shutting down and abandoning module LandscapeEditor (179)
[2015.09.10-10.38.27:271][  6]LogModuleManager: Shutting down and abandoning module ActorPickerMode (178)
[2015.09.10-10.38.27:271][  6]LogModuleManager: Shutting down and abandoning module GeometryMode (177)
[2015.09.10-10.38.27:271][  6]LogModuleManager: Shutting down and abandoning module TextureAlignMode (176)
[2015.09.10-10.38.27:271][  6]LogModuleManager: Shutting down and abandoning module BspMode (175)
[2015.09.10-10.38.27:271][  6]LogModuleManager: Shutting down and abandoning module PlacementMode (174)
[2015.09.10-10.38.27:271][  6]LogModuleManager: Shutting down and abandoning module AutomationWorker (173)
[2015.09.10-10.38.27:271][  6]LogModuleManager: Shutting down and abandoning module CharacterAI (172)
[2015.09.10-10.38.27:271][  6]LogModuleManager: Shutting down and abandoning module SmartSnapping (171)
[2015.09.10-10.38.27:271][  6]LogModuleManager: Shutting down and abandoning module ViewportSnapping (170)
[2015.09.10-10.38.27:271][  6]LogModuleManager: Shutting down and abandoning module LogVisualizer (169)
[2015.09.10-10.38.27:272][  6]LogModuleManager: Shutting down and abandoning module GameProjectGeneration (168)
[2015.09.10-10.38.27:272][  6]LogModuleManager: Shutting down and abandoning module IntroTutorials (167)
[2015.09.10-10.38.27:272][  6]LogModuleManager: Shutting down and abandoning module EditorLiveStreaming (166)
[2015.09.10-10.38.27:272][  6]LogModuleManager: Shutting down and abandoning module IOSPlatformEditor (165)
[2015.09.10-10.38.27:272][  6]LogModuleManager: Shutting down and abandoning module HTML5PlatformEditor (164)
[2015.09.10-10.38.27:272][  6]LogModuleManager: Shutting down and abandoning module AndroidDeviceDetection (163)
[2015.09.10-10.38.28:025][  6]LogModuleManager: Shutting down and abandoning module AndroidPlatformEditor (162)
[2015.09.10-10.38.28:025][  6]LogModuleManager: Shutting down and abandoning module IOSRuntimeSettings (161)
[2015.09.10-10.38.28:025][  6]LogModuleManager: Shutting down and abandoning module AndroidRuntimeSettings (160)
[2015.09.10-10.38.28:025][  6]LogModuleManager: Shutting down and abandoning module MergeActors (159)
[2015.09.10-10.38.28:025][  6]LogModuleManager: Shutting down and abandoning module SizeMap (158)
[2015.09.10-10.38.28:025][  6]LogModuleManager: Shutting down and abandoning module TreeMap (157)
[2015.09.10-10.38.28:025][  6]LogModuleManager: Shutting down and abandoning module ReferenceViewer (156)
[2015.09.10-10.38.28:025][  6]LogModuleManager: Shutting down and abandoning module LocalizationDashboard (155)
[2015.09.10-10.38.28:025][  6]LogModuleManager: Shutting down and abandoning module HardwareTargeting (154)
[2015.09.10-10.38.28:025][  6]LogModuleManager: Shutting down and abandoning module DeviceProfileEditor (153)
[2015.09.10-10.38.28:025][  6]LogModuleManager: Shutting down and abandoning module UndoHistory (152)
[2015.09.10-10.38.28:025][  6]LogModuleManager: Shutting down and abandoning module GameplayTagsEditor (151)
[2015.09.10-10.38.28:026][  6]LogModuleManager: Shutting down and abandoning module UserFeedback (150)
[2015.09.10-10.38.28:026][  6]LogModuleManager: Shutting down and abandoning module XmlParser (149)
[2015.09.10-10.38.28:026][  6]LogModuleManager: Shutting down and abandoning module Blutility (148)
[2015.09.10-10.38.28:026][  6]LogModuleManager: Shutting down and abandoning module ProjectTargetPlatformEditor (147)
[2015.09.10-10.38.28:026][  6]LogModuleManager: Shutting down and abandoning module ProjectSettingsViewer (146)
[2015.09.10-10.38.28:026][  6]LogModuleManager: Shutting down and abandoning module InputBindingEditor (145)
[2015.09.10-10.38.28:026][  6]LogModuleManager: Shutting down and abandoning module EditorSettingsViewer (144)
[2015.09.10-10.38.28:026][  6]LogModuleManager: Shutting down and abandoning module SettingsEditor (143)
[2015.09.10-10.38.28:026][  6]LogModuleManager: Shutting down and abandoning module ProjectLauncher (142)
[2015.09.10-10.38.28:027][  6]LogModuleManager: Shutting down and abandoning module SessionFrontend (141)
[2015.09.10-10.38.28:027][  6]LogModuleManager: Shutting down and abandoning module ProfilerClient (140)
[2015.09.10-10.38.28:027][  6]LogModuleManager: Shutting down and abandoning module TargetDeviceServices (139)
[2015.09.10-10.38.28:027][  6]LogModuleManager: Shutting down and abandoning module DeviceManager (138)
[2015.09.10-10.38.28:027][  6]LogModuleManager: Shutting down and abandoning module AutomationController (137)
[2015.09.10-10.38.28:027][  6]LogModuleManager: Shutting down and abandoning module AutomationWindow (136)
[2015.09.10-10.38.28:027][  6]LogModuleManager: Shutting down and abandoning module Layers (135)
[2015.09.10-10.38.28:027][  6]LogModuleManager: Shutting down and abandoning module ComponentVisualizers (134)
[2015.09.10-10.38.28:027][  6]LogModuleManager: Shutting down and abandoning module DetailCustomizations (133)
[2015.09.10-10.38.28:027][  6]LogModuleManager: Shutting down and abandoning module PackagesDialog (132)
[2015.09.10-10.38.28:028][  6]LogModuleManager: Shutting down and abandoning module AssetRegistry (131)
[2015.09.10-10.38.28:271][  6]LogModuleManager: Shutting down and abandoning module Persona (130)
[2015.09.10-10.38.28:272][  6]LogModuleManager: Shutting down and abandoning module Kismet (129)
[2015.09.10-10.38.28:272][  6]LogModuleManager: Shutting down and abandoning module GraphEditor (128)
[2015.09.10-10.38.28:272][  6]LogModuleManager: Shutting down and abandoning module ClassViewer (127)
[2015.09.10-10.38.28:272][  6]LogModuleManager: Shutting down and abandoning module Toolbox (126)
[2015.09.10-10.38.28:272][  6]LogModuleManager: Shutting down and abandoning module ModuleUI (125)
[2015.09.10-10.38.28:272][  6]LogModuleManager: Shutting down and abandoning module MovieSceneTools (124)
[2015.09.10-10.38.28:272][  6]LogModuleManager: Shutting down and abandoning module OutputLog (123)
[2015.09.10-10.38.28:272][  6]LogModuleManager: Shutting down and abandoning module GammaUI (122)
[2015.09.10-10.38.28:273][  6]LogModuleManager: Shutting down and abandoning module Documentation (121)
[2015.09.10-10.38.28:273][  6]LogModuleManager: Shutting down and abandoning module GameLiveStreaming (120)
[2015.09.10-10.38.28:273][  6]LogModuleManager: Shutting down and abandoning module StreamingPauseRendering (119)
[2015.09.10-10.38.28:273][  6]LogModuleManager: Shutting down and abandoning module AnalyticsET (118)
[2015.09.10-10.38.28:273][  6]LogModuleManager: Shutting down and abandoning module Analytics (117)
[2015.09.10-10.38.28:273][  6]LogModuleManager: Shutting down and abandoning module AITestSuite (116)
[2015.09.10-10.38.28:273][  6]LogModuleManager: Shutting down and abandoning module GameplayDebugger (115)
[2015.09.10-10.38.28:273][  6]LogModuleManager: Shutting down and abandoning module AIModule (114)
[2015.09.10-10.38.28:273][  6]LogModuleManager: Shutting down and abandoning module ProfilerService (113)
[2015.09.10-10.38.28:300][  6]LogModuleManager: Shutting down and abandoning module TaskGraph (112)
[2015.09.10-10.38.28:300][  6]LogModuleManager: Shutting down and abandoning module SlateRemote (111)
[2015.09.10-10.38.28:301][  6]LogModuleManager: Shutting down and abandoning module SteamVRController (110)
[2015.09.10-10.38.28:301][  6]LogModuleManager: Shutting down and abandoning module SteamVR (109)
[2015.09.10-10.38.28:301][  6]LogModuleManager: Shutting down and abandoning module ProceduralMeshComponent (108)
[2015.09.10-10.38.28:301][  6]LogModuleManager: Shutting down and abandoning module OculusRift (107)
[2015.09.10-10.38.28:301][  6]LogModuleManager: Shutting down and abandoning module LeapMotionController (106)
[2015.09.10-10.38.28:338][  6]LogModuleManager: Shutting down and abandoning module CustomMeshComponent (105)
[2015.09.10-10.38.28:339][  6]LogModuleManager: Shutting down and abandoning module CableComponent (104)
[2015.09.10-10.38.28:339][  6]LogModuleManager: Shutting down and abandoning module MessagingDebugger (103)
[2015.09.10-10.38.28:339][  6]LogModuleManager: Shutting down and abandoning module MediaPlayerEditor (102)
[2015.09.10-10.38.28:339][  6]LogModuleManager: Shutting down and abandoning module SpeedTreeImporter (101)
[2015.09.10-10.38.28:339][  6]LogModuleManager: Shutting down and abandoning module PluginBrowser (100)
[2015.09.10-10.38.28:339][  6]LogModuleManager: Shutting down and abandoning module EpicSurvey (99)
[2015.09.10-10.38.28:339][  6]LogModuleManager: Shutting down and abandoning module DesktopPlatform (98)
[2015.09.10-10.38.28:339][  6]LogModuleManager: Shutting down and abandoning module VisualStudioSourceCodeAccess (97)
[2015.09.10-10.38.28:339][  6]LogModuleManager: Shutting down and abandoning module UObjectPlugin (96)
[2015.09.10-10.38.28:339][  6]LogModuleManager: Shutting down and abandoning module SubversionSourceControl (95)
[2015.09.10-10.38.28:339][  6]LogModuleManager: Shutting down and abandoning module PerforceSourceControl (94)
[2015.09.10-10.38.28:339][  6]LogModuleManager: Shutting down and abandoning module SourceControl (93)
[2015.09.10-10.38.28:339][  6]LogModuleManager: Shutting down and abandoning module GitSourceControl (92)
[2015.09.10-10.38.28:339][  6]LogModuleManager: Shutting down and abandoning module BlankPlugin (91)
[2015.09.10-10.38.28:339][  6]LogModuleManager: Shutting down and abandoning module PaperTiledImporter (90)
[2015.09.10-10.38.28:340][  6]LogModuleManager: Shutting down and abandoning module PaperSpriteSheetImporter (89)
[2015.09.10-10.38.28:340][  6]LogModuleManager: Shutting down and abandoning module MeshPaint (88)
[2015.09.10-10.38.28:340][  6]LogModuleManager: Shutting down and abandoning module SlateReflector (87)
[2015.09.10-10.38.28:340][  6]LogModuleManager: Shutting down and abandoning module DirectoryWatcher (86)
[2015.09.10-10.38.28:341][  6]LogModuleManager: Shutting down and abandoning module HotReload (85)
[2015.09.10-10.38.28:341][  6]LogModuleManager: Shutting down and abandoning module MainFrame (84)
[2015.09.10-10.38.28:341][  6]LogModuleManager: Shutting down and abandoning module LevelEditor (83)
[2015.09.10-10.38.28:344][  6]LogModuleManager: Shutting down and abandoning module ContentBrowser (82)
[2015.09.10-10.38.28:346][  6]LogModuleManager: Shutting down and abandoning module Paper2DEditor (81)
[2015.09.10-10.38.28:346][  6]LogModuleManager: Shutting down and abandoning module UdpMessaging (80)
[2015.09.10-10.38.28:447][  6]LogModuleManager: Shutting down and abandoning module Paper2D (79)
[2015.09.10-10.38.28:447][  6]LogModuleManager: Shutting down and abandoning module WindowsMoviePlayer (78)
[2015.09.10-10.38.28:460][  6]LogModuleManager: Shutting down and abandoning module Media (77)
[2015.09.10-10.38.28:460][  6]LogModuleManager: Shutting down and abandoning module WmfMedia (76)
[2015.09.10-10.38.28:461][  6]LogModuleManager: Shutting down and abandoning module OnlineBlueprintSupport (75)
[2015.09.10-10.38.28:461][  6]LogModuleManager: Shutting down and abandoning module PropertyEditor (74)
[2015.09.10-10.38.28:461][  6]LogModuleManager: Shutting down and abandoning module BehaviorTreeEditor (73)
[2015.09.10-10.38.28:461][  6]LogModuleManager: Shutting down and abandoning module FunctionalTesting (72)
[2015.09.10-10.38.28:461][  6]LogModuleManager: Shutting down and abandoning module CollisionAnalyzer (71)
[2015.09.10-10.38.28:461][  6]LogModuleManager: Shutting down and abandoning module WorkspaceMenuStructure (70)
[2015.09.10-10.38.28:461][  6]LogModuleManager: Shutting down and abandoning module MessageLog (69)
[2015.09.10-10.38.28:461][  6]LogModuleManager: Shutting down and abandoning module Sequencer (68)
[2015.09.10-10.38.28:462][  6]LogModuleManager: Shutting down and abandoning module AssetTools (67)
[2015.09.10-10.38.28:462][  6]LogModuleManager: Shutting down and abandoning module UMGEditor (66)
[2015.09.10-10.38.28:462][  6]LogModuleManager: Shutting down and abandoning module UMG (65)
[2015.09.10-10.38.28:462][  6]LogModuleManager: Shutting down and abandoning module Slate (64)
[2015.09.10-10.38.28:462][  6]LogModuleManager: Shutting down and abandoning module EditorStyle (63)
[2015.09.10-10.38.28:469][  6]LogModuleManager: Shutting down and abandoning module SessionServices (62)
[2015.09.10-10.38.28:469][  6]LogModuleManager: Shutting down and abandoning module SourceCodeAccess (61)
[2015.09.10-10.38.28:469][  6]LogModuleManager: Shutting down and abandoning module HeadMountedDisplay (60)
[2015.09.10-10.38.28:469][  6]LogModuleManager: Shutting down and abandoning module Networking (57)
[2015.09.10-10.38.28:469][  6]LogModuleManager: Shutting down and abandoning module Core (56)
[2015.09.10-10.38.28:470][  6]LogModuleManager: Shutting down and abandoning module KismetCompiler (55)
[2015.09.10-10.38.28:470][  6]LogModuleManager: Shutting down and abandoning module PhysXFormats (54)
[2015.09.10-10.38.28:470][  6]LogModuleManager: Shutting down and abandoning module MeshUtilities (53)
[2015.09.10-10.38.28:470][  6]LogModuleManager: Shutting down and abandoning module DerivedDataCache (52)
[2015.09.10-10.38.28:562][  6]LogDerivedDataCache: Shutdown
[2015.09.10-10.38.28:562][  6]LogModuleManager: Shutting down and abandoning module ShaderFormatOpenGL (51)
[2015.09.10-10.38.28:562][  6]LogModuleManager: Shutting down and abandoning module ShaderFormatD3D (50)
[2015.09.10-10.38.28:562][  6]LogModuleManager: Shutting down and abandoning module MetalShaderFormat (49)
[2015.09.10-10.38.28:562][  6]LogModuleManager: Shutting down and abandoning module TextureFormatUncompressed (48)
[2015.09.10-10.38.28:562][  6]LogModuleManager: Shutting down and abandoning module TextureFormatPVR (47)
[2015.09.10-10.38.28:562][  6]LogModuleManager: Shutting down and abandoning module TextureFormatIntelISPCTexComp (46)
[2015.09.10-10.38.28:562][  6]LogModuleManager: Shutting down and abandoning module TextureFormatDXT (45)
[2015.09.10-10.38.28:562][  6]LogModuleManager: Shutting down and abandoning module ImageWrapper (44)
[2015.09.10-10.38.28:562][  6]LogModuleManager: Shutting down and abandoning module TextureFormatASTC (43)
[2015.09.10-10.38.28:563][  6]LogModuleManager: Shutting down and abandoning module TextureFormatAndroid (42)
[2015.09.10-10.38.28:563][  6]LogModuleManager: Shutting down and abandoning module AudioFormatOpus (41)
[2015.09.10-10.38.28:563][  6]LogModuleManager: Shutting down and abandoning module AudioFormatOgg (40)
[2015.09.10-10.38.28:563][  6]LogModuleManager: Shutting down and abandoning module AudioFormatADPCM (39)
[2015.09.10-10.38.28:563][  6]LogModuleManager: Shutting down and abandoning module LinuxTargetPlatform (38)
[2015.09.10-10.38.28:563][  6]LogModuleManager: Shutting down and abandoning module LinuxServerTargetPlatform (37)
[2015.09.10-10.38.28:563][  6]LogModuleManager: Shutting down and abandoning module LinuxNoEditorTargetPlatform (36)
[2015.09.10-10.38.28:563][  6]LogModuleManager: Shutting down and abandoning module Messaging (35)
[2015.09.10-10.38.28:563][  6]LogModuleManager: Shutting down and abandoning module IOSTargetPlatform (34)
[2015.09.10-10.38.28:563][  6]LogModuleManager: Shutting down and abandoning module HTML5TargetPlatform (33)
[2015.09.10-10.38.28:563][  6]LogModuleManager: Shutting down and abandoning module Android_PVRTCTargetPlatform (32)
[2015.09.10-10.38.28:563][  6]LogModuleManager: Shutting down and abandoning module Android_ETC2TargetPlatform (31)
[2015.09.10-10.38.28:563][  6]LogModuleManager: Shutting down and abandoning module Android_ETC1TargetPlatform (30)
[2015.09.10-10.38.28:563][  6]LogModuleManager: Shutting down and abandoning module Android_DXTTargetPlatform (29)
[2015.09.10-10.38.28:563][  6]LogModuleManager: Shutting down and abandoning module Android_ATCTargetPlatform (28)
[2015.09.10-10.38.28:563][  6]LogModuleManager: Shutting down and abandoning module Android_ASTCTargetPlatform (27)
[2015.09.10-10.38.28:563][  6]LogModuleManager: Shutting down and abandoning module AndroidTargetPlatform (26)
[2015.09.10-10.38.28:563][  6]LogModuleManager: Shutting down and abandoning module WindowsTargetPlatform (25)
[2015.09.10-10.38.28:563][  6]LogModuleManager: Shutting down and abandoning module WindowsServerTargetPlatform (24)
[2015.09.10-10.38.28:563][  6]LogModuleManager: Shutting down and abandoning module WindowsNoEditorTargetPlatform (23)
[2015.09.10-10.38.28:563][  6]LogModuleManager: Shutting down and abandoning module WindowsClientTargetPlatform (22)
[2015.09.10-10.38.28:563][  6]LogModuleManager: Shutting down and abandoning module DesktopTargetPlatform (21)
[2015.09.10-10.38.28:563][  6]LogModuleManager: Shutting down and abandoning module TargetPlatform (20)
[2015.09.10-10.38.28:563][  6]LogModuleManager: Shutting down and abandoning module InputCore (19)
[2015.09.10-10.38.28:563][  6]LogModuleManager: Shutting down and abandoning module Settings (18)
[2015.09.10-10.38.28:564][  6]LogModuleManager: Shutting down and abandoning module OnlineSubsystem (16)
[2015.09.10-10.38.28:564][  6]LogModuleManager: Shutting down and abandoning module HTTP (15)
[2015.09.10-10.38.28:564][  6]LogModuleManager: Shutting down and abandoning module ExampleDeviceProfileSelector (14)
[2015.09.10-10.38.28:564][  6]LogModuleManager: Shutting down and abandoning module TextureCompressor (13)
[2015.09.10-10.38.28:565][  6]LogModuleManager: Shutting down and abandoning module ShaderCore (12)
[2015.09.10-10.38.28:565][  6]LogModuleManager: Shutting down and abandoning module Landscape (11)
[2015.09.10-10.38.28:565][  6]LogModuleManager: Shutting down and abandoning module SlateRHIRenderer (10)
[2015.09.10-10.38.28:571][  6]LogModuleManager: Shutting down and abandoning module OpenGLDrv (9)
[2015.09.10-10.38.28:571][  6]LogModuleManager: Shutting down and abandoning module D3D11RHI (8)
[2015.09.10-10.38.28:571][  6]LogModuleManager: Shutting down and abandoning module Renderer (7)
[2015.09.10-10.38.28:571][  6]LogModuleManager: Shutting down and abandoning module Engine (6)
[2015.09.10-10.38.28:571][  6]LogModuleManager: Shutting down and abandoning module CoreUObject (5)
[2015.09.10-10.38.28:571][  6]LogModuleManager: Shutting down and abandoning module NetworkFile (4)
[2015.09.10-10.38.28:571][  6]LogModuleManager: Shutting down and abandoning module StreamingFile (3)
[2015.09.10-10.38.28:572][  6]LogModuleManager: Shutting down and abandoning module SandboxFile (2)
[2015.09.10-10.38.28:572][  6]LogModuleManager: Shutting down and abandoning module PakFile (1)
[2015.09.10-10.38.28:573][  6]LogExit: Exiting.
[2015.09.10-10.38.28:579][  6]Log file closed, 09/10/15 03:38:28
