Log file open, 05/12/15 19:04:09
LogInit:Display: Running engine for game: GodKiller
LogInit: Version: 4.7.3-2479750+++depot+UE4-Releases+4.7
LogInit: API Version: 2455222
LogInit: Compiled (64-bit): Mar 15 2015 23:20:45
LogInit: Compiled with Visual C++: 18.00.21005.01
LogInit: Build Configuration: Development
LogInit: Branch Name: ++depot+UE4-Releases+4.7
LogInit: Command line: 
LogInit: Base directory: C:/Program Files/Epic Games/4.7/Engine/Binaries/Win64/
LogInit: Rocket: 1
[2015.05.13-02.04.09:772][  0]LogTaskGraph: Started task graph with 3 named threads and 6 total threads.
[2015.05.13-02.04.09:824][  0]LogOnline:Warning: No default platform service specified for OnlineSubsystem
[2015.05.13-02.04.09:836][  0]LogInit: Presizing for 0 objects not considered by GC, pre-allocating 0 bytes.
[2015.05.13-02.04.09:846][  0]LogInit: Object subsystem initialized
[2015.05.13-02.04.09:847][  0]LogConsoleResponse:Warning: Skipping Unknown console variable: 'TranslucentSortAxis = (X=0.000000,Y=-1.000000,Z=0.000000)'
[2015.05.13-02.04.09:847][  0]LogConsoleResponse:Warning:   Found in ini file 'D:/Valadez_Isaac/God-Killer/Saved/Config/Windows/Engine.ini', in section '[/Script/Engine.RendererSettings]'
[2015.05.13-02.04.09:847][  0]LogConsoleResponse:Warning: Skipping Unknown console variable: 'UIScaleRule = ShortestSide'
[2015.05.13-02.04.09:847][  0]LogConsoleResponse:Warning:   Found in ini file 'D:/Valadez_Isaac/God-Killer/Saved/Config/Windows/Engine.ini', in section '[/Script/Engine.RendererSettings]'
[2015.05.13-02.04.09:847][  0]LogConsoleResponse:Warning: Skipping Unknown console variable: 'UIScaleCurve = (EditorCurveData=(Keys=),ExternalCurve=None)'
[2015.05.13-02.04.09:847][  0]LogConsoleResponse:Warning:   Found in ini file 'D:/Valadez_Isaac/God-Killer/Saved/Config/Windows/Engine.ini', in section '[/Script/Engine.RendererSettings]'
[2015.05.13-02.04.09:848][  0]LogInit: Selected Device Profile: [Windows]
[2015.05.13-02.04.09:848][  0]LogInit: Applying CVar settings loaded from the selected device profile: [Windows]
[2015.05.13-02.04.09:852][  0]LogInit: Computer: AI251LAB0234P18
[2015.05.13-02.04.09:852][  0]LogInit: User: student
[2015.05.13-02.04.09:852][  0]LogInit: CPU Page size=4096, Cores=4
[2015.05.13-02.04.09:852][  0]LogInit: High frequency timer resolution =3.507226 MHz
[2015.05.13-02.04.09:852][  0]LogMemory: Memory total: Physical=7.9GB (8GB approx) Virtual=8192.0GB
[2015.05.13-02.04.09:852][  0]LogMemory: Platform Memory Stats for Windows
[2015.05.13-02.04.09:852][  0]LogMemory: Process Physical Memory: 48.16 MB used, 48.16 MB peak
[2015.05.13-02.04.09:852][  0]LogMemory: Process Virtual Memory: 26.41 MB used, 26.41 MB peak
[2015.05.13-02.04.09:852][  0]LogMemory: Physical Memory: 3734.26 MB used, 8115.79 MB total
[2015.05.13-02.04.09:852][  0]LogMemory: Virtual Memory: 278.04 MB used, 8388608.00 MB total
[2015.05.13-02.04.09:877][  0]LogD3D11RHI: Found D3D11 adapter 0: NVIDIA Quadro K2000 (Feature Level 11_0)
[2015.05.13-02.04.09:877][  0]LogD3D11RHI: Adapter has 1990MB of dedicated video memory, 0MB of dedicated system memory, and 3801MB of shared system memory, 1 output[s]
[2015.05.13-02.04.09:877][  0]LogD3D11RHI: Chosen D3D11 Adapter Id = 0
[2015.05.13-02.04.09:881][  0]LogRHI: Texture pool is 1361 MB (70% of 1945 MB)
[2015.05.13-02.04.09:890][  0]LogD3D11RHI: Async texture creation enabled
[2015.05.13-02.04.09:942][  0]LogTextLocalizationManager: The requested culture ('en_US') has no localization data; parent culture's ('en') localization data will be used.
[2015.05.13-02.04.10:002][  0]LogTextLocalizationManager:Warning: Loading localization resources contain conflicting entries for (Namespace:UICommands, Key:Save_ToolTip):
Resource: (C:/Program Files/Epic Games/4.7/Engine/Content/Localization/Editor/en/Editor.locres) Hash: (-29098895) String: (Saves the current level to disk)
Resource: (C:/Program Files/Epic Games/4.7/Engine/Content/Localization/Engine/en/Engine.locres) Hash: (-1280300587) String: (Save selected data to vlog file)
[2015.05.13-02.04.10:002][  0]LogTextLocalizationManager:Warning: Loading localization resources contain conflicting entries for (Namespace:ContentBrowser, Key:ImportAssetToolTip):
Resource: (C:/Program Files/Epic Games/4.7/Engine/Content/Localization/Editor/en/Editor.locres) Hash: (-630476809) String: (Import to {0}...)
Resource: (C:/Program Files/Epic Games/4.7/Engine/Content/Localization/Editor/en/Editor.locres) Hash: (1271782899) String: (Imports an asset from file to this folder.)
[2015.05.13-02.04.10:075][  0]LogContentStreaming: Texture pool size is 0.000000MB
[2015.05.13-02.04.12:283][  0]LogTargetPlatformManager:Display: Building Assets For Windows
[2015.05.13-02.04.12:764][  0]LogTargetPlatformManager:Display: Building Assets For Windows
[2015.05.13-02.04.12:825][  0]LogDerivedDataCache:Display: Max Cache Size: 512 MB
[2015.05.13-02.04.12:860][  0]LogDerivedDataCache: Loaded boot cache 0.04s 39MB C:/Users/student/AppData/Local/UnrealEngine/4.7/DerivedDataCache/Boot.ddc.
[2015.05.13-02.04.12:860][  0]LogDerivedDataCache:Display: Loaded Boot cache: C:/Users/student/AppData/Local/UnrealEngine/4.7/DerivedDataCache/Boot.ddc
[2015.05.13-02.04.12:860][  0]LogDerivedDataCache: FDerivedDataBackendGraph:  Pak pak cache file D:/Valadez_Isaac/God-Killer/DerivedDataCache/DDC.ddp not found, will not use a pak cache.
[2015.05.13-02.04.12:860][  0]LogDerivedDataCache: Unable to find inner node Pak for hierarchical cache Hierarchy.
[2015.05.13-02.04.12:976][  0]LogDerivedDataCache:Display: Pak cache opened for reading ../../../Engine/DerivedDataCache/Compressed.ddp.
[2015.05.13-02.04.12:987][  0]LogDerivedDataCache: Using Local data cache path C:/Users/student/AppData/Local/UnrealEngine/Common/DerivedDataCache: Writable
[2015.05.13-02.04.13:286][  0]LogMeshUtilities: No automatic mesh reduction module available
[2015.05.13-02.04.13:286][  0]LogMeshUtilities: No automatic mesh merging module available
[2015.05.13-02.04.13:618][  0]LogInit: WinSock: version 1.1 (2.2), MaxSocks=32767, MaxUdp=65467
[2015.05.13-02.04.13:695][  0]LogSlate:Warning: Failed to load font data from '../../../Engine/Content/Slate/Fonts/Roboto-Italic.ttf'
[2015.05.13-02.04.14:451][  0]UdpMessaging: Initializing bridge on interface 0.0.0.0:0 to multicast group 230.0.0.1:6666.
[2015.05.13-02.04.14:643][  0]SourceControl: Info Source control is disabled
[2015.05.13-02.04.14:643][  0]SourceControl: Info Source control is disabled
[2015.05.13-02.04.14:643][  0]SourceControl: Info Source control is disabled
[2015.05.13-02.04.14:643][  0]LogSourceControl: RunCommandInternalRaw: 'git version'
[2015.05.13-02.04.14:643][  0]LogSourceControl: RunCommandInternalRaw: ExecProcess ReturnCode=2 OutResults=''
[2015.05.13-02.04.14:652][  0]SourceControl: Info Source control is disabled
[2015.05.13-02.04.14:830][  0]LogObj: 24231 objects as part of root set at end of initial load.
[2015.05.13-02.04.14:830][  0]LogUObjectAllocator: 5136440 out of 0 bytes used by permanent object pool.
[2015.05.13-02.04.14:907][  0]LogEngine: Initializing Engine...
[2015.05.13-02.04.17:054][  0]LogInit: XAudio2 using 'Speakers (Realtek High Definition Audio)' : 2 channels at 48 kHz using 32 bits per sample (channel mask 0x3)
[2015.05.13-02.04.17:075][  0]LogInit: FAudioDevice initialized.
[2015.05.13-02.04.17:111][  0]LogAIModule: Creating AISystem for world NewWorld
[2015.05.13-02.04.17:129][  0]LogDerivedDataCache: Saved boot cache 0.02s 39MB C:/Users/student/AppData/Local/UnrealEngine/4.7/DerivedDataCache/Boot.ddc.
[2015.05.13-02.04.17:134][  0]LogInit: Texture streaming: Enabled
[2015.05.13-02.04.17:223][  0]LogAnalytics: Creating configured Analytics provider AnalyticsET
[2015.05.13-02.04.17:223][  0]LogAnalytics: ET APIKey = Rocket.Release. APIServer = http://et2.epicgames.com/ET2/. AppVersion = 4.7.3-2479750+++depot+UE4-Releases+4.7
[2015.05.13-02.04.17:223][  0]LogAnalytics: ET APIKey = Rocket.Release. DataRouterUploadURL = https://datarouter-public-service-gamedev.ol.epicgames.net/datarouter/api/v1/public/data. AppVersion = 4.7.3-2479750+++depot+UE4-Releases+4.7
[2015.05.13-02.04.17:223][  0]LogAnalytics: SetUserId 24c7de5c4a4f4321b42239b4ba14bacf||a1cf211a-62eb-4857-bff7-fc45380a1448
[2015.05.13-02.04.17:223][  0]LogAnalytics: AnalyticsET::StartSession [Rocket.Release]
[2015.05.13-02.04.17:245][  0]LogInit: Transaction tracking system initialized
[2015.05.13-02.04.17:404][  0]BlueprintLog: New page: Editor Load
[2015.05.13-02.04.17:437][  0]LogAssetRegistry: FAssetRegistry took 0.0099 seconds to start up
[2015.05.13-02.04.17:437][  0]LogDirectoryWatcher:Warning: Failed to begin reading directory changes for ../../../Engine/Plugins/Experimental/CharacterAI/Content/. Error: 0
[2015.05.13-02.04.17:922][  0]LogTargetPlatformManager:Display: Building Assets For Windows
[2015.05.13-02.04.18:253][  0]LogTargetPlatformManager:Display: Building Assets For Windows
[2015.05.13-02.04.18:494][  0]LogSlate:Warning: Failed to load font data from '../../../Engine/Content/Editor/Slate/Fonts/Roboto-Regular.ttf'
[2015.05.13-02.04.18:494][  0]LogSlate:Warning: Failed to load font data from '../../../Engine/Content/Editor/Slate/Fonts/Roboto-Bold.ttf'
[2015.05.13-02.04.18:498][  0]LogConsoleResponse:Display: 
[2015.05.13-02.04.18:621][  0]LogCook:Display: Done creating registry. It took  0.00s.
[2015.05.13-02.04.18:757][  0]SourceControl: Info Source control is disabled
[2015.05.13-02.04.18:758][  0]Cmd: MAP LOAD FILE="D:/Valadez_Isaac/God-Killer/Content/Scene/NewCave.umap" TEMPLATE=0 SHOWPROGRESS=1 FEATURELEVEL=3
[2015.05.13-02.04.18:758][  0]LightingResults: New page: Lighting Build
[2015.05.13-02.04.18:770][  0]MapCheck: New page: Map Check
[2015.05.13-02.04.18:770][  0]LightingResults: New page: Lighting Build
[2015.05.13-02.04.18:776][  0]LogParticles: Destroying 0 GPU particle simulations for FXSystem 0x000000001645A980
[2015.05.13-02.04.19:088][  0]LogLinker:Warning: Asset '../../../Engine/Content/EngineMeshes/Humanoid.uasset' has been saved with empty engine version. The asset will be loaded but may be incompatible.
[2015.05.13-02.04.20:993][  0]LogEditorServer: Finished looking for orphan Actors (0.000 secs)
[2015.05.13-02.04.20:993][  0]LogAIModule: Creating AISystem for world NewCave
[2015.05.13-02.04.20:994][  0]Cmd: MAP CHECKDEP
[2015.05.13-02.04.20:994][  0]MapCheck: New page: NewCave - May 12, 2015, 12:04:20 PM
[2015.05.13-02.04.21:095][  0]MapCheck: Info Map check complete: 0 Error(s), 0 Warning(s), took 101.097ms to complete.
[2015.05.13-02.04.21:095][  0]LogFileHelpers: Loading map 'NewCave' took 2.337
[2015.05.13-02.04.21:177][  0]LogCollectionManager: Loaded 0 collections in 0.001376 seconds
[2015.05.13-02.04.21:190][  0]LogContentBrowser: Native class hierarchy populated in 0.0128 seconds. Added 1696 classes and 261 folders.
[2015.05.13-02.04.21:268][  0]LogContentBrowser: Native class hierarchy updated for 'SceneOutliner' in 0.0022 seconds. Added 1 classes and 2 folders.
[2015.05.13-02.04.21:318][  0]LogCrashTracker: Crashtracker disabled due to settings.
[2015.05.13-02.04.21:319][  0]LogSlate:Warning: Failed to load font data from 'Veranda'
[2015.05.13-02.04.21:322][  0]LogUObjectGlobals:Warning: Failed to find object 'Class None.'
[2015.05.13-02.04.21:347][  0]LogLoad: Full Startup: 13.31 seconds (BP compile: 0.88 seconds)
[2015.05.13-02.04.21:375][  0]LogContentBrowser:Verbose: The content browser source was changed by the sources view to '/Game/Models'
[2015.05.13-02.04.21:521][  0]LogRenderer:Warning: Reallocating scene render targets to support 32x32 (Frame:2).
[2015.05.13-02.04.21:631][  0]LogRenderer:Warning: Reallocating scene render targets to support 984x1048 (Frame:12).
[2015.05.13-02.04.21:748][  1]Cmd: UpdateLandscapeEditorData -warnings
[2015.05.13-02.04.21:749][  1]Cmd: UpdateLandscapeEditorData
[2015.05.13-02.04.21:847][  4]LogAssetRegistry: Asset discovery search completed in 4.4198 seconds
[2015.05.13-02.14.08:472][783]LogContentBrowser:Verbose: The content browser source was changed by the sources view to '/Game/Models/Env'
[2015.05.13-02.14.16:625][318]LogContentBrowser:Verbose: The content browser source was changed by the sources view to '/Game/Materials'
[2015.05.13-02.14.18:764][354]LogMaterial: Missing cached shader map for material Cave, compiling. 
[2015.05.13-02.14.18:821][354]LogActorComponent: UnregisterComponent: (/Engine/Transient.SkeletalMeshComponent_0) Not registered. Aborting.
[2015.05.13-02.14.18:859][354]LogActorComponent: UnregisterComponent: (/Engine/Transient.SkeletalMeshComponent_0) Not registered. Aborting.
[2015.05.13-02.14.18:859][354]LogActorComponent: RegisterComponentWithWorld: (/Engine/Transient.MaterialEditorMeshComponent_0) Already registered. Aborting.
[2015.05.13-02.14.18:859][354]LogActorComponent: UnregisterComponent: (/Engine/Transient.SkeletalMeshComponent_0) Not registered. Aborting.
[2015.05.13-02.14.18:859][354]LogActorComponent: RegisterComponentWithWorld: (/Engine/Transient.MaterialEditorMeshComponent_0) Already registered. Aborting.
[2015.05.13-02.14.18:863][354]LogMaterial: Missing cached shader map for material Cave, compiling. 
[2015.05.13-02.14.18:869][354]LogMaterial: 0.000058 seconds spent updating 1 materials, 1 interfaces, 0 instances, 0 with static permutations.
[2015.05.13-02.14.18:892][354]LogMaterial: Missing cached shader map for material FMatExpressionPreview MaterialExpressionTextureSample_2, compiling. 
[2015.05.13-02.14.18:894][354]LogMaterial: Missing cached shader map for material FMatExpressionPreview MaterialExpressionTextureSample_0, compiling. 
[2015.05.13-02.14.18:896][354]LogMaterial: Missing cached shader map for material FMatExpressionPreview MaterialExpressionTextureSample_1, compiling. 
[2015.05.13-02.14.18:898][354]LogMaterial: Missing cached shader map for material FMatExpressionPreview MaterialExpressionTextureSample_3, compiling. 
[2015.05.13-02.14.19:913][424]MaterialEditorStats: Info Base pass shader with static lighting: 82 instructions
[2015.05.13-02.14.19:913][424]MaterialEditorStats: Info Base pass shader with only dynamic lighting: 51 instructions
[2015.05.13-02.14.19:913][424]MaterialEditorStats: Info Vertex shader: 33 instructions
[2015.05.13-02.14.19:914][424]MaterialEditorStats: Info Texture samplers: 5/16
[2015.05.13-02.14.24:861][646]LogMaterial: Missing cached shader map for material celing, compiling. 
[2015.05.13-02.14.24:891][646]LogActorComponent: UnregisterComponent: (/Engine/Transient.SkeletalMeshComponent_1) Not registered. Aborting.
[2015.05.13-02.14.24:927][646]LogActorComponent: UnregisterComponent: (/Engine/Transient.SkeletalMeshComponent_1) Not registered. Aborting.
[2015.05.13-02.14.24:927][646]LogActorComponent: RegisterComponentWithWorld: (/Engine/Transient.MaterialEditorMeshComponent_1) Already registered. Aborting.
[2015.05.13-02.14.24:927][646]LogActorComponent: UnregisterComponent: (/Engine/Transient.SkeletalMeshComponent_1) Not registered. Aborting.
[2015.05.13-02.14.24:927][646]LogActorComponent: RegisterComponentWithWorld: (/Engine/Transient.MaterialEditorMeshComponent_1) Already registered. Aborting.
[2015.05.13-02.14.24:931][646]LogMaterial: Missing cached shader map for material celing, compiling. 
[2015.05.13-02.14.24:937][646]LogMaterial: 0.000032 seconds spent updating 1 materials, 1 interfaces, 0 instances, 0 with static permutations.
[2015.05.13-02.14.24:963][646]LogMaterial: Missing cached shader map for material FMatExpressionPreview MaterialExpressionTextureSample_2, compiling. 
[2015.05.13-02.14.24:965][646]LogMaterial: Missing cached shader map for material FMatExpressionPreview MaterialExpressionTextureSample_0, compiling. 
[2015.05.13-02.14.25:043][646]LogMaterial: Missing cached shader map for material FMatExpressionPreview MaterialExpressionTextureSample_1, compiling. 
[2015.05.13-02.14.25:607][683]MaterialEditorStats: Info Base pass shader with static lighting: 81 instructions
[2015.05.13-02.14.25:607][683]MaterialEditorStats: Info Base pass shader with only dynamic lighting: 50 instructions
[2015.05.13-02.14.25:607][683]MaterialEditorStats: Info Vertex shader: 33 instructions
[2015.05.13-02.14.25:607][683]MaterialEditorStats: Info Texture samplers: 5/16
[2015.05.13-02.14.28:544][852]LogMaterial: Missing cached shader map for material cave_purple, compiling. 
[2015.05.13-02.14.28:584][852]LogActorComponent: UnregisterComponent: (/Engine/Transient.SkeletalMeshComponent_2) Not registered. Aborting.
[2015.05.13-02.14.28:620][852]LogActorComponent: UnregisterComponent: (/Engine/Transient.SkeletalMeshComponent_2) Not registered. Aborting.
[2015.05.13-02.14.28:620][852]LogActorComponent: RegisterComponentWithWorld: (/Engine/Transient.MaterialEditorMeshComponent_2) Already registered. Aborting.
[2015.05.13-02.14.28:621][852]LogActorComponent: UnregisterComponent: (/Engine/Transient.SkeletalMeshComponent_2) Not registered. Aborting.
[2015.05.13-02.14.28:621][852]LogActorComponent: RegisterComponentWithWorld: (/Engine/Transient.MaterialEditorMeshComponent_2) Already registered. Aborting.
[2015.05.13-02.14.28:623][852]LogMaterial: Missing cached shader map for material cave_purple, compiling. 
[2015.05.13-02.14.28:628][852]LogMaterial: 0.000095 seconds spent updating 1 materials, 1 interfaces, 0 instances, 0 with static permutations.
[2015.05.13-02.14.28:654][852]LogMaterial: Missing cached shader map for material FMatExpressionPreview MaterialExpressionConstant3Vector_0, compiling. 
[2015.05.13-02.14.29:269][893]MaterialEditorStats: Info Base pass shader with only dynamic lighting: 36 instructions
[2015.05.13-02.14.29:269][893]MaterialEditorStats: Info Vertex shader: 31 instructions
[2015.05.13-02.14.29:269][893]MaterialEditorStats: Info Texture samplers: 0/16
[2015.05.13-02.14.31:978][ 34]LogMaterial: Missing cached shader map for material Copper, compiling. 
[2015.05.13-02.14.32:014][ 34]LogActorComponent: UnregisterComponent: (/Engine/Transient.SkeletalMeshComponent_3) Not registered. Aborting.
[2015.05.13-02.14.32:053][ 34]LogActorComponent: UnregisterComponent: (/Engine/Transient.SkeletalMeshComponent_3) Not registered. Aborting.
[2015.05.13-02.14.32:053][ 34]LogActorComponent: RegisterComponentWithWorld: (/Engine/Transient.MaterialEditorMeshComponent_3) Already registered. Aborting.
[2015.05.13-02.14.32:053][ 34]LogActorComponent: UnregisterComponent: (/Engine/Transient.SkeletalMeshComponent_3) Not registered. Aborting.
[2015.05.13-02.14.32:053][ 34]LogActorComponent: RegisterComponentWithWorld: (/Engine/Transient.MaterialEditorMeshComponent_3) Already registered. Aborting.
[2015.05.13-02.14.32:056][ 34]LogMaterial: Missing cached shader map for material Copper, compiling. 
[2015.05.13-02.14.32:062][ 34]LogMaterial: 0.000040 seconds spent updating 1 materials, 1 interfaces, 0 instances, 0 with static permutations.
[2015.05.13-02.14.32:097][ 34]LogMaterial: Missing cached shader map for material FMatExpressionPreview MaterialExpressionTextureSample_1, compiling. 
[2015.05.13-02.14.32:823][ 45]MaterialEditorStats: Info Base pass shader with static lighting: 61 instructions
[2015.05.13-02.14.32:823][ 45]MaterialEditorStats: Info Base pass shader with only dynamic lighting: 30 instructions
[2015.05.13-02.14.32:823][ 45]MaterialEditorStats: Info Vertex shader: 33 instructions
[2015.05.13-02.14.32:823][ 45]MaterialEditorStats: Info Texture samplers: 3/16
[2015.05.13-02.14.35:115][ 78]LogMaterial: Missing cached shader map for material Copper_Mat, compiling. 
[2015.05.13-02.14.35:166][ 78]LogActorComponent: UnregisterComponent: (/Engine/Transient.SkeletalMeshComponent_4) Not registered. Aborting.
[2015.05.13-02.14.35:205][ 78]LogActorComponent: UnregisterComponent: (/Engine/Transient.SkeletalMeshComponent_4) Not registered. Aborting.
[2015.05.13-02.14.35:205][ 78]LogActorComponent: RegisterComponentWithWorld: (/Engine/Transient.MaterialEditorMeshComponent_4) Already registered. Aborting.
[2015.05.13-02.14.35:205][ 78]LogActorComponent: UnregisterComponent: (/Engine/Transient.SkeletalMeshComponent_4) Not registered. Aborting.
[2015.05.13-02.14.35:205][ 78]LogActorComponent: RegisterComponentWithWorld: (/Engine/Transient.MaterialEditorMeshComponent_4) Already registered. Aborting.
[2015.05.13-02.14.35:208][ 78]LogMaterial: Missing cached shader map for material Copper_Mat, compiling. 
[2015.05.13-02.14.35:214][ 78]LogMaterial: 0.000035 seconds spent updating 1 materials, 1 interfaces, 0 instances, 0 with static permutations.
[2015.05.13-02.14.35:274][ 78]LogMaterial: Missing cached shader map for material FMatExpressionPreview MaterialExpressionTextureSample_0, compiling. 
[2015.05.13-02.14.35:887][ 88]MaterialEditorStats: Info Base pass shader with static lighting: 61 instructions
[2015.05.13-02.14.35:887][ 88]MaterialEditorStats: Info Base pass shader with only dynamic lighting: 30 instructions
[2015.05.13-02.14.35:887][ 88]MaterialEditorStats: Info Vertex shader: 33 instructions
[2015.05.13-02.14.35:887][ 88]MaterialEditorStats: Info Texture samplers: 3/16
[2015.05.13-02.14.54:785][458]LogMaterial: Missing cached shader map for material DarkMetal, compiling. 
[2015.05.13-02.14.54:818][458]LogActorComponent: UnregisterComponent: (/Engine/Transient.SkeletalMeshComponent_5) Not registered. Aborting.
[2015.05.13-02.14.54:856][458]LogActorComponent: UnregisterComponent: (/Engine/Transient.SkeletalMeshComponent_5) Not registered. Aborting.
[2015.05.13-02.14.54:856][458]LogActorComponent: RegisterComponentWithWorld: (/Engine/Transient.MaterialEditorMeshComponent_5) Already registered. Aborting.
[2015.05.13-02.14.54:857][458]LogActorComponent: UnregisterComponent: (/Engine/Transient.SkeletalMeshComponent_5) Not registered. Aborting.
[2015.05.13-02.14.54:857][458]LogActorComponent: RegisterComponentWithWorld: (/Engine/Transient.MaterialEditorMeshComponent_5) Already registered. Aborting.
[2015.05.13-02.14.54:860][458]LogMaterial: Missing cached shader map for material DarkMetal, compiling. 
[2015.05.13-02.14.54:866][458]LogMaterial: 0.000038 seconds spent updating 1 materials, 1 interfaces, 0 instances, 0 with static permutations.
[2015.05.13-02.14.54:889][458]LogMaterial: Missing cached shader map for material FMatExpressionPreview MaterialExpressionTextureSample_0, compiling. 
[2015.05.13-02.14.55:618][470]MaterialEditorStats: Info Base pass shader with static lighting: 61 instructions
[2015.05.13-02.14.55:618][470]MaterialEditorStats: Info Base pass shader with only dynamic lighting: 30 instructions
[2015.05.13-02.14.55:618][470]MaterialEditorStats: Info Vertex shader: 33 instructions
[2015.05.13-02.14.55:618][470]MaterialEditorStats: Info Texture samplers: 3/16
[2015.05.13-02.15.04:041][631]LogEditorViewport: Clicking on Actor (LMB): StaticMeshActor (Lanturn001)
[2015.05.13-02.15.06:877][679]LogRenderer:Warning: Reallocating scene render targets to support 1000x1048 (Frame:17499).
[2015.05.13-02.15.16:295][844]LogMaterial: Missing cached shader map for material frostedglassLight, compiling. 
[2015.05.13-02.15.16:320][844]LogActorComponent: UnregisterComponent: (/Engine/Transient.SkeletalMeshComponent_6) Not registered. Aborting.
[2015.05.13-02.15.16:358][844]LogActorComponent: UnregisterComponent: (/Engine/Transient.SkeletalMeshComponent_6) Not registered. Aborting.
[2015.05.13-02.15.16:358][844]LogActorComponent: RegisterComponentWithWorld: (/Engine/Transient.MaterialEditorMeshComponent_6) Already registered. Aborting.
[2015.05.13-02.15.16:358][844]LogActorComponent: UnregisterComponent: (/Engine/Transient.SkeletalMeshComponent_6) Not registered. Aborting.
[2015.05.13-02.15.16:358][844]LogActorComponent: RegisterComponentWithWorld: (/Engine/Transient.MaterialEditorMeshComponent_6) Already registered. Aborting.
[2015.05.13-02.15.16:363][844]LogMaterial: Missing cached shader map for material frostedglassLight, compiling. 
[2015.05.13-02.15.16:368][844]LogMaterial: 0.000038 seconds spent updating 1 materials, 1 interfaces, 0 instances, 0 with static permutations.
[2015.05.13-02.15.16:393][844]LogMaterial: Missing cached shader map for material FMatExpressionPreview MaterialExpressionConstant3Vector_4, compiling. 
[2015.05.13-02.15.16:398][844]LogMaterial: Missing cached shader map for material FMatExpressionPreview MaterialExpressionAdd_0, compiling. 
[2015.05.13-02.15.16:401][844]LogMaterial: Missing cached shader map for material FMatExpressionPreview MaterialExpressionConstant3Vector_1, compiling. 
[2015.05.13-02.15.16:403][844]LogMaterial: Missing cached shader map for material FMatExpressionPreview MaterialExpressionMultiply_0, compiling. 
[2015.05.13-02.15.17:441][861]MaterialEditorStats: Info Base pass shader with static lighting: 66 instructions
[2015.05.13-02.15.17:441][861]MaterialEditorStats: Info Base pass shader with only dynamic lighting: 35 instructions
[2015.05.13-02.15.17:441][861]MaterialEditorStats: Info Vertex shader: 31 instructions
[2015.05.13-02.15.17:441][861]MaterialEditorStats: Info Texture samplers: 2/16
[2015.05.13-02.15.30:648][240]LogMaterial: Missing cached shader map for material Glass, compiling. 
[2015.05.13-02.15.30:715][240]LogActorComponent: UnregisterComponent: (/Engine/Transient.SkeletalMeshComponent_7) Not registered. Aborting.
[2015.05.13-02.15.30:754][240]LogActorComponent: UnregisterComponent: (/Engine/Transient.SkeletalMeshComponent_7) Not registered. Aborting.
[2015.05.13-02.15.30:754][240]LogActorComponent: RegisterComponentWithWorld: (/Engine/Transient.MaterialEditorMeshComponent_7) Already registered. Aborting.
[2015.05.13-02.15.30:754][240]LogActorComponent: UnregisterComponent: (/Engine/Transient.SkeletalMeshComponent_7) Not registered. Aborting.
[2015.05.13-02.15.30:754][240]LogActorComponent: RegisterComponentWithWorld: (/Engine/Transient.MaterialEditorMeshComponent_7) Already registered. Aborting.
[2015.05.13-02.15.30:786][240]LogMaterial: Missing cached shader map for material Glass, compiling. 
[2015.05.13-02.15.30:793][240]LogMaterial: 0.000080 seconds spent updating 1 materials, 1 interfaces, 0 instances, 0 with static permutations.
[2015.05.13-02.15.30:828][240]LogMaterial: Missing cached shader map for material FMatExpressionPreview MaterialExpressionConstant3Vector_0, compiling. 
[2015.05.13-02.15.32:474][270]MaterialEditorStats: Info Base pass shader with static lighting: 50 instructions
[2015.05.13-02.15.32:474][270]MaterialEditorStats: Info Base pass shader with only dynamic lighting: 25 instructions
[2015.05.13-02.15.32:474][270]MaterialEditorStats: Info Base pass shader for self shadowed translucency: 61 instructions
[2015.05.13-02.15.32:474][270]MaterialEditorStats: Info Vertex shader: 68 instructions
[2015.05.13-02.15.32:474][270]MaterialEditorStats: Info Texture samplers: 4/16
[2015.05.13-02.15.37:663][370]LogMaterial: Missing cached shader map for material Ground, compiling. 
[2015.05.13-02.15.37:711][370]LogActorComponent: UnregisterComponent: (/Engine/Transient.SkeletalMeshComponent_8) Not registered. Aborting.
[2015.05.13-02.15.37:749][370]LogActorComponent: UnregisterComponent: (/Engine/Transient.SkeletalMeshComponent_8) Not registered. Aborting.
[2015.05.13-02.15.37:749][370]LogActorComponent: RegisterComponentWithWorld: (/Engine/Transient.MaterialEditorMeshComponent_8) Already registered. Aborting.
[2015.05.13-02.15.37:749][370]LogActorComponent: UnregisterComponent: (/Engine/Transient.SkeletalMeshComponent_8) Not registered. Aborting.
[2015.05.13-02.15.37:749][370]LogActorComponent: RegisterComponentWithWorld: (/Engine/Transient.MaterialEditorMeshComponent_8) Already registered. Aborting.
[2015.05.13-02.15.37:754][370]LogMaterial: Missing cached shader map for material Ground, compiling. 
[2015.05.13-02.15.37:760][370]LogMaterial: 0.000036 seconds spent updating 1 materials, 1 interfaces, 0 instances, 0 with static permutations.
[2015.05.13-02.15.37:785][370]LogMaterial: Missing cached shader map for material FMatExpressionPreview MaterialExpressionTextureSample_2, compiling. 
[2015.05.13-02.15.37:787][370]LogMaterial: Missing cached shader map for material FMatExpressionPreview MaterialExpressionTextureSample_0, compiling. 
[2015.05.13-02.15.37:789][370]LogMaterial: Missing cached shader map for material FMatExpressionPreview MaterialExpressionTextureSample_1, compiling. 
[2015.05.13-02.15.37:791][370]LogMaterial: Missing cached shader map for material FMatExpressionPreview MaterialExpressionTextureSample_3, compiling. 
[2015.05.13-02.15.38:646][382]MaterialEditorStats: Info Base pass shader with static lighting: 82 instructions
[2015.05.13-02.15.38:646][382]MaterialEditorStats: Info Base pass shader with only dynamic lighting: 51 instructions
[2015.05.13-02.15.38:646][382]MaterialEditorStats: Info Vertex shader: 33 instructions
[2015.05.13-02.15.38:646][382]MaterialEditorStats: Info Texture samplers: 5/16
[2015.05.13-02.15.42:107][449]LogMaterial: Missing cached shader map for material LightMetal, compiling. 
[2015.05.13-02.15.42:160][449]LogActorComponent: UnregisterComponent: (/Engine/Transient.SkeletalMeshComponent_9) Not registered. Aborting.
[2015.05.13-02.15.42:198][449]LogActorComponent: UnregisterComponent: (/Engine/Transient.SkeletalMeshComponent_9) Not registered. Aborting.
[2015.05.13-02.15.42:198][449]LogActorComponent: RegisterComponentWithWorld: (/Engine/Transient.MaterialEditorMeshComponent_9) Already registered. Aborting.
[2015.05.13-02.15.42:198][449]LogActorComponent: UnregisterComponent: (/Engine/Transient.SkeletalMeshComponent_9) Not registered. Aborting.
[2015.05.13-02.15.42:198][449]LogActorComponent: RegisterComponentWithWorld: (/Engine/Transient.MaterialEditorMeshComponent_9) Already registered. Aborting.
[2015.05.13-02.15.42:201][449]LogMaterial: Missing cached shader map for material LightMetal, compiling. 
[2015.05.13-02.15.42:207][449]LogMaterial: 0.000051 seconds spent updating 1 materials, 1 interfaces, 0 instances, 0 with static permutations.
[2015.05.13-02.15.42:264][449]LogMaterial: Missing cached shader map for material FMatExpressionPreview MaterialExpressionTextureSample_2, compiling. 
[2015.05.13-02.15.42:926][460]MaterialEditorStats: Info Base pass shader with static lighting: 61 instructions
[2015.05.13-02.15.42:926][460]MaterialEditorStats: Info Base pass shader with only dynamic lighting: 30 instructions
[2015.05.13-02.15.42:926][460]MaterialEditorStats: Info Vertex shader: 33 instructions
[2015.05.13-02.15.42:926][460]MaterialEditorStats: Info Texture samplers: 3/16
[2015.05.13-02.15.50:948][581]LogMaterial: Missing cached shader map for material OtherStone, compiling. 
[2015.05.13-02.15.51:006][581]LogActorComponent: UnregisterComponent: (/Engine/Transient.SkeletalMeshComponent_10) Not registered. Aborting.
[2015.05.13-02.15.51:046][581]LogActorComponent: UnregisterComponent: (/Engine/Transient.SkeletalMeshComponent_10) Not registered. Aborting.
[2015.05.13-02.15.51:046][581]LogActorComponent: RegisterComponentWithWorld: (/Engine/Transient.MaterialEditorMeshComponent_10) Already registered. Aborting.
[2015.05.13-02.15.51:046][581]LogActorComponent: UnregisterComponent: (/Engine/Transient.SkeletalMeshComponent_10) Not registered. Aborting.
[2015.05.13-02.15.51:046][581]LogActorComponent: RegisterComponentWithWorld: (/Engine/Transient.MaterialEditorMeshComponent_10) Already registered. Aborting.
[2015.05.13-02.15.51:050][581]LogMaterial: Missing cached shader map for material OtherStone, compiling. 
[2015.05.13-02.15.51:056][581]LogMaterial: 0.000038 seconds spent updating 1 materials, 1 interfaces, 0 instances, 0 with static permutations.
[2015.05.13-02.15.51:137][581]LogMaterial: Missing cached shader map for material FMatExpressionPreview MaterialExpressionTextureSample_0, compiling. 
[2015.05.13-02.15.51:140][581]LogMaterial: Missing cached shader map for material FMatExpressionPreview MaterialExpressionMultiply_3, compiling. 
[2015.05.13-02.15.51:143][581]LogMaterial: Missing cached shader map for material FMatExpressionPreview MaterialExpressionMultiply_4, compiling. 
[2015.05.13-02.15.51:146][581]LogMaterial: Missing cached shader map for material FMatExpressionPreview MaterialExpressionTextureSample_1, compiling. 
[2015.05.13-02.15.51:149][581]LogMaterial: Missing cached shader map for material FMatExpressionPreview MaterialExpressionTextureSample_2, compiling. 
[2015.05.13-02.15.51:814][592]MaterialEditorStats: Info Base pass shader with static lighting: 80 instructions
[2015.05.13-02.15.51:814][592]MaterialEditorStats: Info Base pass shader with only dynamic lighting: 49 instructions
[2015.05.13-02.15.51:814][592]MaterialEditorStats: Info Vertex shader: 33 instructions
[2015.05.13-02.15.51:814][592]MaterialEditorStats: Info Texture samplers: 5/16
[2015.05.13-02.15.58:646][812]LogMaterial: Missing cached shader map for material PotMat, compiling. 
[2015.05.13-02.15.58:706][812]LogActorComponent: UnregisterComponent: (/Engine/Transient.SkeletalMeshComponent_11) Not registered. Aborting.
[2015.05.13-02.15.58:744][812]LogActorComponent: UnregisterComponent: (/Engine/Transient.SkeletalMeshComponent_11) Not registered. Aborting.
[2015.05.13-02.15.58:744][812]LogActorComponent: RegisterComponentWithWorld: (/Engine/Transient.MaterialEditorMeshComponent_11) Already registered. Aborting.
[2015.05.13-02.15.58:744][812]LogActorComponent: UnregisterComponent: (/Engine/Transient.SkeletalMeshComponent_11) Not registered. Aborting.
[2015.05.13-02.15.58:744][812]LogActorComponent: RegisterComponentWithWorld: (/Engine/Transient.MaterialEditorMeshComponent_11) Already registered. Aborting.
[2015.05.13-02.15.58:747][812]LogMaterial: Missing cached shader map for material PotMat, compiling. 
[2015.05.13-02.15.58:751][812]LogMaterial: 0.000062 seconds spent updating 1 materials, 1 interfaces, 0 instances, 0 with static permutations.
[2015.05.13-02.15.58:799][812]LogMaterial: Missing cached shader map for material FMatExpressionPreview MaterialExpressionTextureSample_0, compiling. 
[2015.05.13-02.15.59:403][822]MaterialEditorStats: Info Base pass shader with only dynamic lighting: 31 instructions
[2015.05.13-02.15.59:403][822]MaterialEditorStats: Info Vertex shader: 33 instructions
[2015.05.13-02.15.59:403][822]MaterialEditorStats: Info Texture samplers: 1/16
[2015.05.13-02.16.02:469][928]LogMaterial: Missing cached shader map for material Rock2, compiling. 
[2015.05.13-02.16.02:511][928]LogActorComponent: UnregisterComponent: (/Engine/Transient.SkeletalMeshComponent_12) Not registered. Aborting.
[2015.05.13-02.16.02:550][928]LogActorComponent: UnregisterComponent: (/Engine/Transient.SkeletalMeshComponent_12) Not registered. Aborting.
[2015.05.13-02.16.02:550][928]LogActorComponent: RegisterComponentWithWorld: (/Engine/Transient.MaterialEditorMeshComponent_12) Already registered. Aborting.
[2015.05.13-02.16.02:551][928]LogActorComponent: UnregisterComponent: (/Engine/Transient.SkeletalMeshComponent_12) Not registered. Aborting.
[2015.05.13-02.16.02:551][928]LogActorComponent: RegisterComponentWithWorld: (/Engine/Transient.MaterialEditorMeshComponent_12) Already registered. Aborting.
[2015.05.13-02.16.02:565][928]LogMaterial: Missing cached shader map for material Rock2, compiling. 
[2015.05.13-02.16.02:572][928]LogMaterial: 0.000051 seconds spent updating 1 materials, 1 interfaces, 0 instances, 0 with static permutations.
[2015.05.13-02.16.02:640][928]LogMaterial: Missing cached shader map for material FMatExpressionPreview MaterialExpressionTextureSample_2, compiling. 
[2015.05.13-02.16.02:644][928]LogMaterial: Missing cached shader map for material FMatExpressionPreview MaterialExpressionTextureSample_0, compiling. 
[2015.05.13-02.16.02:647][928]LogMaterial: Missing cached shader map for material FMatExpressionPreview MaterialExpressionTextureSample_1, compiling. 
[2015.05.13-02.16.02:650][928]LogMaterial: Missing cached shader map for material FMatExpressionPreview MaterialExpressionTextureSample_3, compiling. 
[2015.05.13-02.16.03:314][939]MaterialEditorStats: Info Base pass shader with static lighting: 81 instructions
[2015.05.13-02.16.03:314][939]MaterialEditorStats: Info Base pass shader with only dynamic lighting: 50 instructions
[2015.05.13-02.16.03:314][939]MaterialEditorStats: Info Vertex shader: 33 instructions
[2015.05.13-02.16.03:314][939]MaterialEditorStats: Info Texture samplers: 5/16
[2015.05.13-02.16.06:248][  1]LogMaterial: Missing cached shader map for material StonePillarMat, compiling. 
[2015.05.13-02.16.06:312][  1]LogActorComponent: UnregisterComponent: (/Engine/Transient.SkeletalMeshComponent_13) Not registered. Aborting.
[2015.05.13-02.16.06:350][  1]LogActorComponent: UnregisterComponent: (/Engine/Transient.SkeletalMeshComponent_13) Not registered. Aborting.
[2015.05.13-02.16.06:350][  1]LogActorComponent: RegisterComponentWithWorld: (/Engine/Transient.MaterialEditorMeshComponent_13) Already registered. Aborting.
[2015.05.13-02.16.06:350][  1]LogActorComponent: UnregisterComponent: (/Engine/Transient.SkeletalMeshComponent_13) Not registered. Aborting.
[2015.05.13-02.16.06:350][  1]LogActorComponent: RegisterComponentWithWorld: (/Engine/Transient.MaterialEditorMeshComponent_13) Already registered. Aborting.
[2015.05.13-02.16.06:355][  1]LogMaterial: Missing cached shader map for material StonePillarMat, compiling. 
[2015.05.13-02.16.06:361][  1]LogMaterial: 0.000049 seconds spent updating 1 materials, 1 interfaces, 0 instances, 0 with static permutations.
[2015.05.13-02.16.06:382][  1]LogMaterial: Missing cached shader map for material FMatExpressionPreview MaterialExpressionTextureSample_0, compiling. 
[2015.05.13-02.16.06:384][  1]LogMaterial: Missing cached shader map for material FMatExpressionPreview MaterialExpressionMultiply_3, compiling. 
[2015.05.13-02.16.06:386][  1]LogMaterial: Missing cached shader map for material FMatExpressionPreview MaterialExpressionMultiply_4, compiling. 
[2015.05.13-02.16.06:388][  1]LogMaterial: Missing cached shader map for material FMatExpressionPreview MaterialExpressionTextureSample_1, compiling. 
[2015.05.13-02.16.06:390][  1]LogMaterial: Missing cached shader map for material FMatExpressionPreview MaterialExpressionTextureSample_2, compiling. 
[2015.05.13-02.16.07:232][ 14]MaterialEditorStats: Info Base pass shader with static lighting: 85 instructions
[2015.05.13-02.16.07:232][ 14]MaterialEditorStats: Info Base pass shader with only dynamic lighting: 54 instructions
[2015.05.13-02.16.07:232][ 14]MaterialEditorStats: Info Vertex shader: 33 instructions
[2015.05.13-02.16.07:232][ 14]MaterialEditorStats: Info Texture samplers: 5/16
[2015.05.13-02.16.23:199][319]LogEditorViewport: Clicking on Actor (LMB): StaticMeshActor (FloorTile2)
[2015.05.13-02.16.24:806][352]Cmd: SELECT NONE
[2015.05.13-02.19.46:967][124]LogPlayLevel: PIE:  No blueprints needed recompiling
[2015.05.13-02.19.46:967][124]PIE: New page: PIE session: NewCave (May 12, 2015, 12:19:46 PM)
[2015.05.13-02.19.47:015][124]LogPlayLevel: PIE: StaticDuplicateObject took: (0.047981s)
[2015.05.13-02.19.47:016][124]LogPlayLevel: PIE: World Init took: (0.000725s)
[2015.05.13-02.19.47:016][124]LogPlayLevel: PIE: Created PIE world by copying editor world from /Game/Scene/NewCave.NewCave to /Game/Scene/UEDPIE_0_NewCave.NewCave (0.048959s)
[2015.05.13-02.19.47:096][124]LogWorld: Game class is 'ThirdPersonGameMode_C'
[2015.05.13-02.19.47:097][124]LogAIModule: Creating AISystem for world NewCave
[2015.05.13-02.19.47:130][124]LogWorld:Warning: *** WARNING - PATHS MAY NOT BE VALID ***
[2015.05.13-02.19.47:130][124]LogWorld: Bringing World /Game/Scene/UEDPIE_0_NewCave.NewCave up for play (max tick rate 0) at 2015.05.12-19.19.47
[2015.05.13-02.19.47:131][124]LogWorld: Bringing up level for play took: 0.032965
[2015.05.13-02.19.47:135][124]PIE: Info Play in editor start time for /Game/Scene/UEDPIE_0_NewCave -0.35
[2015.05.13-02.19.56:783][386]LogBlueprintUserMessages: 100.0
[2015.05.13-02.19.56:783][386]LogBlueprintUserMessages: 100.0
[2015.05.13-02.19.56:822][387]LogBlueprintUserMessages: 99.0
[2015.05.13-02.19.58:381][429]LogBlueprintUserMessages: 98.0
[2015.05.13-02.19.58:416][430]LogBlueprintUserMessages: 95.0
[2015.05.13-02.20.00:043][474]LogBlueprintUserMessages: 97.0
[2015.05.13-02.20.00:080][475]LogBlueprintUserMessages: 90.0
[2015.05.13-02.20.00:525][487]LogBlueprintUserMessages: 96.0
[2015.05.13-02.20.00:707][492]LogBlueprintUserMessages: 95.0
[2015.05.13-02.20.02:042][527]LogBlueprintUserMessages: 94.0
[2015.05.13-02.20.02:848][546]LogBlueprintUserMessages: 85.0
[2015.05.13-02.20.07:562][671]LogBlueprintUserMessages: 44.0
[2015.05.13-02.20.10:639][755]LogBlueprintUserMessages: -9.0
[2015.05.13-02.20.10:639][755]LogBlueprintUserMessages: 80.0
[2015.05.13-02.20.10:746][758]LogBlueprintUserMessages: -9.0
[2015.05.13-02.20.11:489][777]LogBlueprintUserMessages: -9.0
[2015.05.13-02.20.12:265][796]LogBlueprintUserMessages: -9.0
[2015.05.13-02.20.12:379][799]LogBlueprintUserMessages: -9.0
[2015.05.13-02.20.12:413][800]LogBlueprintUserMessages: 75.0
[2015.05.13-02.20.29:305][238]LogParticles: Destroying 0 GPU particle simulations for FXSystem 0x0000000016A06160
[2015.05.13-02.20.29:306][238]LogParticles: Destroying 0 GPU particle simulations for FXSystem 0x000000001C68C680
[2015.05.13-02.20.29:306][238]LogParticles: Destroying 0 GPU particle simulations for FXSystem 0x000000001EF90720
[2015.05.13-02.20.29:306][238]LogParticles: Destroying 0 GPU particle simulations for FXSystem 0x000000001612ECA0
[2015.05.13-02.20.29:307][238]LogParticles: Destroying 0 GPU particle simulations for FXSystem 0x000000002666F240
[2015.05.13-02.20.29:307][238]LogParticles: Destroying 0 GPU particle simulations for FXSystem 0x0000000025E871A0
[2015.05.13-02.20.29:307][238]LogParticles: Destroying 0 GPU particle simulations for FXSystem 0x0000000026F4C0E0
[2015.05.13-02.20.29:307][238]LogParticles: Destroying 0 GPU particle simulations for FXSystem 0x0000000028C0B1A0
[2015.05.13-02.20.29:308][238]LogParticles: Destroying 0 GPU particle simulations for FXSystem 0x000000002F2AAC00
[2015.05.13-02.20.29:308][238]LogParticles: Destroying 0 GPU particle simulations for FXSystem 0x0000000003199580
[2015.05.13-02.21.51:147][ 45]LogWindows:Error: Windows GetLastError: The operation completed successfully. (0)
[2015.05.13-02.21.51:218][ 45]LogCrashTracker: 


[2015.05.13-02.22.30:764][ 45]LogEditorViewport: Clicking on Actor (context menu): StaticMeshActor (newcave004)
[2015.05.13-02.22.30:849][ 45]LogEditorViewport: Clicking on Actor (context menu): StaticMeshActor (newcave004)
[2015.05.13-02.22.30:892][ 45]LogEditorViewport: Clicking on Actor (LMB): StaticMeshActor (newcave004)
[2015.05.13-02.22.30:922][ 45]LogEditorViewport: Clicking on Actor (context menu): StaticMeshActor (newcave004)
[2015.05.13-02.22.31:168][ 45]LogCrashTracker: 


[2015.05.13-02.22.31:168][ 45]LogWindows: === Critical error: ===
Assertion failed: IsValid() [File:D:\BuildFarm\buildmachine_++depot+UE4-Releases+4.7\Engine\Source\Runtime\Core\Public\Templates\SharedPointer.h] [Line: 658] 



KERNELBASE.dll!UnknownFunction (0x000007fefd78940d) + 0 bytes [UnknownFile:0]
UE4Editor-Core.dll!FOutputDeviceWindowsError::Serialize() (0x000007fee5218014) + 0 bytes [d:\buildfarm\buildmachine_++depot+ue4-releases+4.7\engine\source\runtime\core\private\windows\windowsplatformoutputdevices.cpp:95]
UE4Editor-Core.dll!FOutputDevice::Logf__VA() (0x000007fee5097818) + 159 bytes [d:\buildfarm\buildmachine_++depot+ue4-releases+4.7\engine\source\runtime\core\private\misc\outputdevice.cpp:144]
UE4Editor-Core.dll!FDebug::AssertFailed() (0x000007fee5078b17) + 62 bytes [d:\buildfarm\buildmachine_++depot+ue4-releases+4.7\engine\source\runtime\core\private\misc\outputdevice.cpp:224]
UE4Editor-SceneOutliner.dll!SceneOutliner::FGetVisibilityVisitor::RecurseChildren() (0x000007fed410b977) + 68 bytes [d:\buildfarm\buildmachine_++depot+ue4-releases+4.7\engine\source\editor\sceneoutliner\private\sceneoutlinergutter.cpp:24]
UE4Editor-SceneOutliner.dll!SceneOutliner::TTreeItemGetter<bool>::Visit() (0x000007fed412233f) + 15 bytes [d:\buildfarm\buildmachine_++depot+ue4-releases+4.7\engine\source\editor\sceneoutliner\public\sceneoutlinervisitortypes.h:71]
UE4Editor-SceneOutliner.dll!SceneOutliner::FGetVisibilityVisitor::RecurseChildren() (0x000007fed410b983) + 80 bytes [d:\buildfarm\buildmachine_++depot+ue4-releases+4.7\engine\source\editor\sceneoutliner\private\sceneoutlinergutter.cpp:24]
UE4Editor-SceneOutliner.dll!SceneOutliner::TTreeItemGetter<bool>::Visit() (0x000007fed412237f) + 15 bytes [d:\buildfarm\buildmachine_++depot+ue4-releases+4.7\engine\source\editor\sceneoutliner\public\sceneoutlinervisitortypes.h:69]
UE4Editor-SceneOutliner.dll!SceneOutliner::SVisibilityWidget::IsVisible() (0x000007fed40eed57) + 64 bytes [d:\buildfarm\buildmachine_++depot+ue4-releases+4.7\engine\source\editor\sceneoutliner\private\sceneoutlinergutter.cpp:282]
UE4Editor-SceneOutliner.dll!SceneOutliner::SVisibilityWidget::GetBrush() (0x000007fed40d3e6e) + 0 bytes [d:\buildfarm\buildmachine_++depot+ue4-releases+4.7\engine\source\editor\sceneoutliner\private\sceneoutlinergutter.cpp:264]
UE4Editor-SceneOutliner.dll!TBaseSPMethodDelegateInstance<1,SceneOutliner::SVisibilityWidget,0,FSlateBrush const * __ptr64 __cdecl(void)>::Execute() (0x000007fed40c6986) + 32 bytes [d:\buildfarm\buildmachine_++depot+ue4-releases+4.7\engine\source\runtime\core\public\delegates\delegateinstancesimpl_variadics.inl:282]
UE4Editor-Slate.dll!SImage::OnPaint() (0x000007fee23f3f9f) + 28 bytes [d:\buildfarm\buildmachine_++depot+ue4-releases+4.7\engine\source\runtime\slate\private\widgets\images\simage.cpp:25]
UE4Editor-SlateCore.dll!SWidget::Paint() (0x000007fee566d4dd) + 63 bytes [d:\buildfarm\buildmachine_++depot+ue4-releases+4.7\engine\source\runtime\slatecore\private\widgets\swidget.cpp:639]
UE4Editor-SlateCore.dll!SPanel::PaintArrangedChildren() (0x000007fee566d9dc) + 0 bytes [d:\buildfarm\buildmachine_++depot+ue4-releases+4.7\engine\source\runtime\slatecore\private\widgets\spanel.cpp:45]
UE4Editor-SlateCore.dll!SPanel::OnPaint() (0x000007fee566cbac) + 68 bytes [d:\buildfarm\buildmachine_++depot+ue4-releases+4.7\engine\source\runtime\slatecore\private\widgets\spanel.cpp:24]
UE4Editor-SlateCore.dll!SWidget::Paint() (0x000007fee566d4dd) + 63 bytes [d:\buildfarm\buildmachine_++depot+ue4-releases+4.7\engine\source\runtime\slatecore\private\widgets\swidget.cpp:639]
UE4Editor-Slate.dll!SBox::OnPaint() (0x000007fee23f274e) + 105 bytes [d:\buildfarm\buildmachine_++depot+ue4-releases+4.7\engine\source\runtime\slate\private\widgets\layout\sbox.cpp:176]
UE4Editor-SlateCore.dll!SWidget::Paint() (0x000007fee566d4dd) + 63 bytes [d:\buildfarm\buildmachine_++depot+ue4-releases+4.7\engine\source\runtime\slatecore\private\widgets\swidget.cpp:639]
UE4Editor-SlateCore.dll!SPanel::PaintArrangedChildren() (0x000007fee566d9dc) + 0 bytes [d:\buildfarm\buildmachine_++depot+ue4-releases+4.7\engine\source\runtime\slatecore\private\widgets\spanel.cpp:45]
UE4Editor-SlateCore.dll!SPanel::OnPaint() (0x000007fee566cbac) + 68 bytes [d:\buildfarm\buildmachine_++depot+ue4-releases+4.7\engine\source\runtime\slatecore\private\widgets\spanel.cpp:24]
UE4Editor-SlateCore.dll!SWidget::Paint() (0x000007fee566d4dd) + 63 bytes [d:\buildfarm\buildmachine_++depot+ue4-releases+4.7\engine\source\runtime\slatecore\private\widgets\swidget.cpp:639]
UE4Editor-SlateCore.dll!SCompoundWidget::OnPaint() (0x000007fee566c7d1) + 135 bytes [d:\buildfarm\buildmachine_++depot+ue4-releases+4.7\engine\source\runtime\slatecore\private\widgets\scompoundwidget.cpp:30]
UE4Editor-Slate.dll!SBorder::OnPaint() (0x000007fee23f2538) + 0 bytes [d:\buildfarm\buildmachine_++depot+ue4-releases+4.7\engine\source\runtime\slate\private\widgets\layout\sborder.cpp:101]
UE4Editor-SceneOutliner.dll!STableRow<TSharedPtr<SceneOutliner::ITreeItem,0> >::OnPaint() (0x000007fed4100c50) + 44 bytes [d:\buildfarm\buildmachine_++depot+ue4-releases+4.7\engine\source\runtime\slate\public\widgets\views\stablerow.h:202]
UE4Editor-SceneOutliner.dll!SceneOutliner::SSceneOutlinerTreeRow::OnPaint() (0x000007fed41010e1) + 0 bytes [d:\buildfarm\buildmachine_++depot+ue4-releases+4.7\engine\source\editor\sceneoutliner\private\soutlinertreeview.cpp:326]
UE4Editor-SlateCore.dll!SWidget::Paint() (0x000007fee566d4dd) + 63 bytes [d:\buildfarm\buildmachine_++depot+ue4-releases+4.7\engine\source\runtime\slatecore\private\widgets\swidget.cpp:639]
UE4Editor-SlateCore.dll!SPanel::PaintArrangedChildren() (0x000007fee566d9dc) + 0 bytes [d:\buildfarm\buildmachine_++depot+ue4-releases+4.7\engine\source\runtime\slatecore\private\widgets\spanel.cpp:45]
UE4Editor-SlateCore.dll!SPanel::OnPaint() (0x000007fee566cbac) + 68 bytes [d:\buildfarm\buildmachine_++depot+ue4-releases+4.7\engine\source\runtime\slatecore\private\widgets\spanel.cpp:24]
UE4Editor-SlateCore.dll!SWidget::Paint() (0x000007fee566d4dd) + 63 bytes [d:\buildfarm\buildmachine_++depot+ue4-releases+4.7\engine\source\runtime\slatecore\private\widgets\swidget.cpp:639]
UE4Editor-SlateCore.dll!SPanel::PaintArrangedChildren() (0x000007fee566d9dc) + 0 bytes [d:\buildfarm\buildmachine_++depot+ue4-releases+4.7\engine\source\runtime\slatecore\private\widgets\spanel.cpp:45]
UE4Editor-SlateCore.dll!SPanel::OnPaint() (0x000007fee566cbac) + 68 bytes [d:\buildfarm\buildmachine_++depot+ue4-releases+4.7\engine\source\runtime\slatecore\private\widgets\spanel.cpp:24]
UE4Editor-SlateCore.dll!SWidget::Paint() (0x000007fee566d4dd) + 63 bytes [d:\buildfarm\buildmachine_++depot+ue4-releases+4.7\engine\source\runtime\slatecore\private\widgets\swidget.cpp:639]
UE4Editor-SlateCore.dll!SPanel::PaintArrangedChildren() (0x000007fee566d9dc) + 0 bytes [d:\buildfarm\buildmachine_++depot+ue4-releases+4.7\engine\source\runtime\slatecore\private\widgets\spanel.cpp:45]
UE4Editor-SlateCore.dll!SPanel::OnPaint() (0x000007fee566cbac) + 68 bytes [d:\buildfarm\buildmachine_++depot+ue4-releases+4.7\engine\source\runtime\slatecore\private\widgets\spanel.cpp:24]
UE4Editor-SlateCore.dll!SWidget::Paint() (0x000007fee566d4dd) + 63 bytes [d:\buildfarm\buildmachine_++depot+ue4-releases+4.7\engine\source\runtime\slatecore\private\widgets\swidget.cpp:639]
UE4Editor-SlateCore.dll!SCompoundWidget::OnPaint() (0x000007fee566c7d1) + 135 bytes [d:\buildfarm\buildmachine_++depot+ue4-releases+4.7\engine\source\runtime\slatecore\private\widgets\scompoundwidget.cpp:30]
UE4Editor-Slate.dll!STableViewBase::OnPaint() (0x000007fee2430444) + 0 bytes [d:\buildfarm\buildmachine_++depot+ue4-releases+4.7\engine\source\runtime\slate\private\widgets\views\stableviewbase.cpp:536]
UE4Editor-SlateCore.dll!SWidget::Paint() (0x000007fee566d4dd) + 63 bytes [d:\buildfarm\buildmachine_++depot+ue4-releases+4.7\engine\source\runtime\slatecore\private\widgets\swidget.cpp:639]
UE4Editor-SlateCore.dll!SOverlay::OnPaint() (0x000007fee566ca75) + 0 bytes [d:\buildfarm\buildmachine_++depot+ue4-releases+4.7\engine\source\runtime\slatecore\private\widgets\soverlay.cpp:102]
UE4Editor-SlateCore.dll!SWidget::Paint() (0x000007fee566d4dd) + 63 bytes [d:\buildfarm\buildmachine_++depot+ue4-releases+4.7\engine\source\runtime\slatecore\private\widgets\swidget.cpp:639]
UE4Editor-SlateCore.dll!SPanel::PaintArrangedChildren() (0x000007fee566d9dc) + 0 bytes [d:\buildfarm\buildmachine_++depot+ue4-releases+4.7\engine\source\runtime\slatecore\private\widgets\spanel.cpp:45]
UE4Editor-SlateCore.dll!SPanel::OnPaint() (0x000007fee566cbac) + 68 bytes [d:\buildfarm\buildmachine_++depot+ue4-releases+4.7\engine\source\runtime\slatecore\private\widgets\spanel.cpp:24]
UE4Editor-SlateCore.dll!SWidget::Paint() (0x000007fee566d4dd) + 63 bytes [d:\buildfarm\buildmachine_++depot+ue4-releases+4.7\engine\source\runtime\slatecore\private\widgets\swidget.cpp:639]
UE4Editor-SlateCore.dll!SCompoundWidget::OnPaint() (0x000007fee566c7d1) + 135 bytes [d:\buildfarm\buildmachine_++depot+ue4-releases+4.7\engine\source\runtime\slatecore\private\widgets\scompoundwidget.cpp:30]
UE4Editor-Slate.dll!SBorder::OnPaint() (0x000007fee23f2538) + 0 bytes [d:\buildfarm\buildmachine_++depot+ue4-releases+4.7\engine\source\runtime\slate\private\widgets\layout\sborder.cpp:101]
UE4Editor-SlateCore.dll!SWidget::Paint() (0x000007fee566d4dd) + 63 bytes [d:\buildfarm\buildmachine_++depot+ue4-releases+4.7\engine\source\runtime\slatecore\private\widgets\swidget.cpp:639]
UE4Editor-SlateCore.dll!SCompoundWidget::OnPaint() (0x000007fee566c7d1) + 135 bytes [d:\buildfarm\buildmachine_++depot+ue4-releases+4.7\engine\source\runtime\slatecore\private\widgets\scompoundwidget.cpp:30]
UE4Editor-SlateCore.dll!SWidget::Paint() (0x000007fee566d4dd) + 63 bytes [d:\buildfarm\buildmachine_++depot+ue4-releases+4.7\engine\source\runtime\slatecore\private\widgets\swidget.cpp:639]
UE4Editor-SlateCore.dll!SCompoundWidget::OnPaint() (0x000007fee566c7d1) + 135 bytes [d:\buildfarm\buildmachine_++depot+ue4-releases+4.7\engine\source\runtime\slatecore\private\widgets\scompoundwidget.cpp:30]
UE4Editor-Slate.dll!SBorder::OnPaint() (0x000007fee23f2538) + 0 bytes [d:\buildfarm\buildmachine_++depot+ue4-releases+4.7\engine\source\runtime\slate\private\widgets\layout\sborder.cpp:101]
UE4Editor-SlateCore.dll!SWidget::Paint() (0x000007fee566d4dd) + 63 bytes [d:\buildfarm\buildmachine_++depot+ue4-releases+4.7\engine\source\runtime\slatecore\private\widgets\swidget.cpp:639]
UE4Editor-SlateCore.dll!SCompoundWidget::OnPaint() (0x000007fee566c7d1) + 135 bytes [d:\buildfarm\buildmachine_++depot+ue4-releases+4.7\engine\source\runtime\slatecore\private\widgets\scompoundwidget.cpp:30]
UE4Editor-Slate.dll!SBorder::OnPaint() (0x000007fee23f2538) + 0 bytes [d:\buildfarm\buildmachine_++depot+ue4-releases+4.7\engine\source\runtime\slate\private\widgets\layout\sborder.cpp:101]
UE4Editor-SlateCore.dll!SWidget::Paint() (0x000007fee566d4dd) + 63 bytes [d:\buildfarm\buildmachine_++depot+ue4-releases+4.7\engine\source\runtime\slatecore\private\widgets\swidget.cpp:639]
UE4Editor-SlateCore.dll!SOverlay::OnPaint() (0x000007fee566ca75) + 0 bytes [d:\buildfarm\buildmachine_++depot+ue4-releases+4.7\engine\source\runtime\slatecore\private\widgets\soverlay.cpp:102]
UE4Editor-SlateCore.dll!SWidget::Paint() (0x000007fee566d4dd) + 63 bytes [d:\buildfarm\buildmachine_++depot+ue4-releases+4.7\engine\source\runtime\slatecore\private\widgets\swidget.cpp:639]
UE4Editor-SlateCore.dll!SPanel::PaintArrangedChildren() (0x000007fee566d9dc) + 0 bytes [d:\buildfarm\buildmachine_++depot+ue4-releases+4.7\engine\source\runtime\slatecore\private\widgets\spanel.cpp:45]
UE4Editor-SlateCore.dll!SPanel::OnPaint() (0x000007fee566cbac) + 68 bytes [d:\buildfarm\buildmachine_++depot+ue4-releases+4.7\engine\source\runtime\slatecore\private\widgets\spanel.cpp:24]
UE4Editor-SlateCore.dll!SWidget::Paint() (0x000007fee566d4dd) + 63 bytes [d:\buildfarm\buildmachine_++depot+ue4-releases+4.7\engine\source\runtime\slatecore\private\widgets\swidget.cpp:639]
UE4Editor-SlateCore.dll!SCompoundWidget::OnPaint() (0x000007fee566c7d1) + 135 bytes [d:\buildfarm\buildmachine_++depot+ue4-releases+4.7\engine\source\runtime\slatecore\private\widgets\scompoundwidget.cpp:30]
UE4Editor-SlateCore.dll!SWidget::Paint() (0x000007fee566d4dd) + 63 bytes [d:\buildfarm\buildmachine_++depot+ue4-releases+4.7\engine\source\runtime\slatecore\private\widgets\swidget.cpp:639]
UE4Editor-SlateCore.dll!SPanel::PaintArrangedChildren() (0x000007fee566d9dc) + 0 bytes [d:\buildfarm\buildmachine_++depot+ue4-releases+4.7\engine\source\runtime\slatecore\private\widgets\spanel.cpp:45]
UE4Editor-Slate.dll!SSplitter::OnPaint() (0x000007fee23f55f7) + 0 bytes [d:\buildfarm\buildmachine_++depot+ue4-releases+4.7\engine\source\runtime\slate\private\widgets\layout\ssplitter.cpp:169]
UE4Editor-SlateCore.dll!SWidget::Paint() (0x000007fee566d4dd) + 63 bytes [d:\buildfarm\buildmachine_++depot+ue4-releases+4.7\engine\source\runtime\slatecore\private\widgets\swidget.cpp:639]
UE4Editor-SlateCore.dll!SCompoundWidget::OnPaint() (0x000007fee566c7d1) + 135 bytes [d:\buildfarm\buildmachine_++depot+ue4-releases+4.7\engine\source\runtime\slatecore\private\widgets\scompoundwidget.cpp:30]
UE4Editor-SlateCore.dll!SWidget::Paint() (0x000007fee566d4dd) + 63 bytes [d:\buildfarm\buildmachine_++depot+ue4-releases+4.7\engine\source\runtime\slatecore\private\widgets\swidget.cpp:639]
UE4Editor-SlateCore.dll!SPanel::PaintArrangedChildren() (0x000007fee566d9dc) + 0 bytes [d:\buildfarm\buildmachine_++depot+ue4-releases+4.7\engine\source\runtime\slatecore\private\widgets\spanel.cpp:45]
UE4Editor-Slate.dll!SSplitter::OnPaint() (0x000007fee23f55f7) + 0 bytes [d:\buildfarm\buildmachine_++depot+ue4-releases+4.7\engine\source\runtime\slate\private\widgets\layout\ssplitter.cpp:169]
UE4Editor-SlateCore.dll!SWidget::Paint() (0x000007fee566d4dd) + 63 bytes [d:\buildfarm\buildmachine_++depot+ue4-releases+4.7\engine\source\runtime\slatecore\private\widgets\swidget.cpp:639]
UE4Editor-SlateCore.dll!SOverlay::OnPaint() (0x000007fee566ca75) + 0 bytes [d:\buildfarm\buildmachine_++depot+ue4-releases+4.7\engine\source\runtime\slatecore\private\widgets\soverlay.cpp:102]
UE4Editor-SlateCore.dll!SWidget::Paint() (0x000007fee566d4dd) + 63 bytes [d:\buildfarm\buildmachine_++depot+ue4-releases+4.7\engine\source\runtime\slatecore\private\widgets\swidget.cpp:639]
UE4Editor-SlateCore.dll!SCompoundWidget::OnPaint() (0x000007fee566c7d1) + 135 bytes [d:\buildfarm\buildmachine_++depot+ue4-releases+4.7\engine\source\runtime\slatecore\private\widgets\scompoundwidget.cpp:30]
UE4Editor-SlateCore.dll!SWidget::Paint() (0x000007fee566d4dd) + 63 bytes [d:\buildfarm\buildmachine_++depot+ue4-releases+4.7\engine\source\runtime\slatecore\private\widgets\swidget.cpp:639]
UE4Editor-SlateCore.dll!SPanel::PaintArrangedChildren() (0x000007fee566d9dc) + 0 bytes [d:\buildfarm\buildmachine_++depot+ue4-releases+4.7\engine\source\runtime\slatecore\private\widgets\spanel.cpp:45]
UE4Editor-SlateCore.dll!SPanel::OnPaint() (0x000007fee566cbac) + 68 bytes [d:\buildfarm\buildmachine_++depot+ue4-releases+4.7\engine\source\runtime\slatecore\private\widgets\spanel.cpp:24]
UE4Editor-SlateCore.dll!SWidget::Paint() (0x000007fee566d4dd) + 63 bytes [d:\buildfarm\buildmachine_++depot+ue4-releases+4.7\engine\source\runtime\slatecore\private\widgets\swidget.cpp:639]
UE4Editor-SlateCore.dll!SCompoundWidget::OnPaint() (0x000007fee566c7d1) + 135 bytes [d:\buildfarm\buildmachine_++depot+ue4-releases+4.7\engine\source\runtime\slatecore\private\widgets\scompoundwidget.cpp:30]
UE4Editor-SlateCore.dll!SWidget::Paint() (0x000007fee566d4dd) + 63 bytes [d:\buildfarm\buildmachine_++depot+ue4-releases+4.7\engine\source\runtime\slatecore\private\widgets\swidget.cpp:639]
UE4Editor-SlateCore.dll!SCompoundWidget::OnPaint() (0x000007fee566c7d1) + 135 bytes [d:\buildfarm\buildmachine_++depot+ue4-releases+4.7\engine\source\runtime\slatecore\private\widgets\scompoundwidget.cpp:30]
UE4Editor-Slate.dll!SBorder::OnPaint() (0x000007fee23f2538) + 0 bytes [d:\buildfarm\buildmachine_++depot+ue4-releases+4.7\engine\source\runtime\slate\private\widgets\layout\sborder.cpp:101]
UE4Editor-SlateCore.dll!SWidget::Paint() (0x000007fee566d4dd) + 63 bytes [d:\buildfarm\buildmachine_++depot+ue4-releases+4.7\engine\source\runtime\slatecore\private\widgets\swidget.cpp:639]
UE4Editor-SlateCor

[2015.05.13-02.22.31:259][ 45]LogExit: Executing StaticShutdownAfterError
[2015.05.13-02.22.31:270][ 45]LogWindows: FPlatformMisc::RequestExit(1)
[2015.05.13-02.22.31:270][ 45]Log file closed, 05/12/15 19:22:31
