[2015.09.17-22.01.01:081][  0]Log file open, 09/17/15 15:01:01
[2015.09.17-22.01.01:081][  0]LogInit:Display: Running engine for game: GodKiller
[2015.09.17-22.01.01:081][  0]LogInit:Display: RandInit(2041975469) SRandInit(2041975470).
[2015.09.17-22.01.01:081][  0]LogTaskGraph: Started task graph with 4 named threads and 5 total threads.
[2015.09.17-22.01.01:081][  0]LogStats: Stats thread started
[2015.09.17-22.01.01:081][  0]LogInit: Version: 4.8.3-2634408+++depot+UE4-Releases+4.8
[2015.09.17-22.01.01:081][  0]LogInit: API Version: 2579680
[2015.09.17-22.01.01:081][  0]LogInit: Compiled (64-bit): Jul 27 2015 16:24:33
[2015.09.17-22.01.01:082][  0]LogInit: Compiled with Visual C++: 18.00.21005.01
[2015.09.17-22.01.01:082][  0]LogInit: Build Configuration: Development
[2015.09.17-22.01.01:082][  0]LogInit: Branch Name: ++depot+UE4-Releases+4.8
[2015.09.17-22.01.01:082][  0]LogInit: Command line:  
[2015.09.17-22.01.01:082][  0]LogInit: Base directory: C:/Program Files/Epic Games/4.8/Engine/Binaries/Win64/
[2015.09.17-22.01.01:082][  0]LogInit: Rocket: 1
[2015.09.17-22.01.01:171][  0]LogInit: Using libcurl 7.41.0
[2015.09.17-22.01.01:171][  0]LogInit:  - built for x86_64-pc-win32
[2015.09.17-22.01.01:171][  0]LogInit:  - supports SSL with WinSSL
[2015.09.17-22.01.01:171][  0]LogInit:  - other features:
[2015.09.17-22.01.01:171][  0]LogInit:      CURL_VERSION_SSL
[2015.09.17-22.01.01:171][  0]LogInit:      CURL_VERSION_IPV6
[2015.09.17-22.01.01:171][  0]LogInit:      CURL_VERSION_ASYNCHDNS
[2015.09.17-22.01.01:171][  0]LogInit:      CURL_VERSION_LARGEFILE
[2015.09.17-22.01.01:171][  0]LogInit:      CURL_VERSION_IDN
[2015.09.17-22.01.01:171][  0]LogInit:  CurlRequestOptions (configurable via config and command line):
[2015.09.17-22.01.01:171][  0]LogInit:  - bVerifyPeer = true  - Libcurl will verify peer certificate
[2015.09.17-22.01.01:171][  0]LogInit:  - bUseHttpProxy = false  - Libcurl will NOT use HTTP proxy
[2015.09.17-22.01.01:171][  0]LogInit:  - bDontReuseConnections = false  - Libcurl will reuse connections
[2015.09.17-22.01.01:171][  0]LogInit:  - CertBundlePath = nullptr  - Libcurl will use whatever was configured at build time.
[2015.09.17-22.01.01:214][  0]LogOnline:Warning: No default platform service specified for OnlineSubsystem
[2015.09.17-22.01.01:320][  0]LogInit: Presizing for 0 objects not considered by GC, pre-allocating 0 bytes.
[2015.09.17-22.01.01:343][  0]LogInit: Object subsystem initialized
[2015.09.17-22.01.01:347][  0]LogConsoleResponse:Warning: Skipping Unknown console variable: 'TranslucentSortAxis = (X=0.000000,Y=-1.000000,Z=0.000000)'
[2015.09.17-22.01.01:347][  0]LogConsoleResponse:Warning:   Found in ini file 'C:/Users/Samantha/Desktop/God-Killer/Saved/Config/Windows/Engine.ini', in section '[/Script/Engine.RendererSettings]'
[2015.09.17-22.01.01:347][  0]LogConsoleResponse:Warning: Skipping Unknown console variable: 'UIScaleRule = ShortestSide'
[2015.09.17-22.01.01:347][  0]LogConsoleResponse:Warning:   Found in ini file 'C:/Users/Samantha/Desktop/God-Killer/Saved/Config/Windows/Engine.ini', in section '[/Script/Engine.RendererSettings]'
[2015.09.17-22.01.01:347][  0]LogConsoleResponse:Warning: Skipping Unknown console variable: 'UIScaleCurve = (EditorCurveData=(Keys=),ExternalCurve=None)'
[2015.09.17-22.01.01:347][  0]LogConsoleResponse:Warning:   Found in ini file 'C:/Users/Samantha/Desktop/God-Killer/Saved/Config/Windows/Engine.ini', in section '[/Script/Engine.RendererSettings]'
[2015.09.17-22.01.01:348][  0]LogInit: Selected Device Profile: [Windows]
[2015.09.17-22.01.01:348][  0]LogInit: Applying CVar settings loaded from the selected device profile: [Windows]
[2015.09.17-22.01.01:419][  0]LogInit: Computer: SAMANTHAPC
[2015.09.17-22.01.01:419][  0]LogInit: User: Samantha
[2015.09.17-22.01.01:419][  0]LogInit: CPU Page size=4096, Cores=2
[2015.09.17-22.01.01:419][  0]LogInit: High frequency timer resolution =2.240903 MHz
[2015.09.17-22.01.01:419][  0]LogMemory: Memory total: Physical=5.9GB (6GB approx)
[2015.09.17-22.01.01:419][  0]LogMemory: Platform Memory Stats for Windows
[2015.09.17-22.01.01:419][  0]LogMemory: Process Physical Memory: 49.45 MB used, 49.45 MB peak
[2015.09.17-22.01.01:419][  0]LogMemory: Process Virtual Memory: 24.21 MB used, 24.21 MB peak
[2015.09.17-22.01.01:419][  0]LogMemory: Physical Memory: 2795.07 MB used, 6027.63 MB total
[2015.09.17-22.01.01:419][  0]LogMemory: Virtual Memory: 292.76 MB used, 134217728.00 MB total
[2015.09.17-22.01.01:756][  0]LogTextLocalizationManager: The requested culture ('en_US') has no localization data; parent culture's ('en') localization data will be used.
[2015.09.17-22.01.02:855][  0]LogTextLocalizationManager:Warning: Loaded localization resources contain conflicting entries for (Namespace:ContentBrowser, Key:ImportAssetToolTip):
Localization Resource: (C:/Program Files/Epic Games/4.8/Engine/Content/Localization/Editor/en/Editor.locres) Source String Hash: (-630476809) Localized String: (Import to {0}...)
Localization Resource: (C:/Program Files/Epic Games/4.8/Engine/Content/Localization/Editor/en/Editor.locres) Source String Hash: (1271782899) Localized String: (Imports an asset from file to this folder.)
[2015.09.17-22.01.04:161][  0]LogD3D11RHI: Found D3D11 adapter 0: Intel(R) HD Graphics Family (Feature Level 11_0)
[2015.09.17-22.01.04:161][  0]LogD3D11RHI: Adapter has 32MB of dedicated video memory, 0MB of dedicated system memory, and 1760MB of shared system memory, 1 output[s]
[2015.09.17-22.01.04:164][  0]LogD3D11RHI: Found D3D11 adapter 1: Microsoft Basic Render Driver (Feature Level 11_0)
[2015.09.17-22.01.04:164][  0]LogD3D11RHI: Adapter has 0MB of dedicated video memory, 0MB of dedicated system memory, and 256MB of shared system memory, 0 output[s]
[2015.09.17-22.01.04:164][  0]LogD3D11RHI: Chosen D3D11 Adapter Id = 0
[2015.09.17-22.01.04:193][  0]LogD3D11RHI: InitD3DDevice
[2015.09.17-22.01.04:193][  0]LogD3D11RHI: !Direct3DDevice
[2015.09.17-22.01.04:193][  0]LogRHI: Texture pool is 638 MB (70% of 912 MB)
[2015.09.17-22.01.04:209][  0]LogD3D11RHI: Async texture creation enabled
[2015.09.17-22.01.04:223][  0]LogShaderCompilers:Display: Using Local Shader Compiler.
[2015.09.17-22.01.12:475][  0]LogTemp:Display: Loaded TP DesktopTargetPlatform
[2015.09.17-22.01.12:536][  0]LogTemp:Display: Loaded TP WindowsClientTargetPlatform
[2015.09.17-22.01.12:602][  0]LogTemp:Display: Loaded TP WindowsNoEditorTargetPlatform
[2015.09.17-22.01.12:667][  0]LogTemp:Display: Loaded TP WindowsServerTargetPlatform
[2015.09.17-22.01.12:734][  0]LogTemp:Display: Loaded TP WindowsTargetPlatform
[2015.09.17-22.01.12:805][  0]LogTemp:Display: Loaded TP AndroidTargetPlatform
[2015.09.17-22.01.12:863][  0]LogTemp:Display: Loaded TP Android_ASTCTargetPlatform
[2015.09.17-22.01.12:937][  0]LogTemp:Display: Loaded TP Android_ATCTargetPlatform
[2015.09.17-22.01.13:012][  0]LogTemp:Display: Loaded TP Android_DXTTargetPlatform
[2015.09.17-22.01.13:062][  0]LogTemp:Display: Loaded TP Android_ETC1TargetPlatform
[2015.09.17-22.01.13:117][  0]LogTemp:Display: Loaded TP Android_ETC2TargetPlatform
[2015.09.17-22.01.13:172][  0]LogTemp:Display: Loaded TP Android_PVRTCTargetPlatform
[2015.09.17-22.01.13:373][  0]LogTemp:Display: Loaded TP IOSTargetPlatform
[2015.09.17-22.01.13:429][  0]LogTemp:Display: Loaded TP LinuxNoEditorTargetPlatform
[2015.09.17-22.01.13:472][  0]LogTemp:Display: Loaded TP LinuxServerTargetPlatform
[2015.09.17-22.01.13:535][  0]LogTemp:Display: Loaded TP LinuxTargetPlatform
[2015.09.17-22.01.13:535][  0]LogTargetPlatformManager:Display: Building Assets For Windows
[2015.09.17-22.01.14:674][  0]LogDerivedDataCache:Display: Max Cache Size: 512 MB
[2015.09.17-22.01.15:613][  0]LogDerivedDataCache: Loaded boot cache 0.93s 53MB C:/Users/Samantha/AppData/Local/UnrealEngine/4.8/DerivedDataCache/Boot.ddc.
[2015.09.17-22.01.15:613][  0]LogDerivedDataCache:Display: Loaded Boot cache: C:/Users/Samantha/AppData/Local/UnrealEngine/4.8/DerivedDataCache/Boot.ddc
[2015.09.17-22.01.15:614][  0]LogDerivedDataCache: FDerivedDataBackendGraph:  Pak pak cache file ../../../../../../Users/Samantha/Desktop/God-Killer/DerivedDataCache/DDC.ddp not found, will not use a pak cache.
[2015.09.17-22.01.15:614][  0]LogDerivedDataCache: Unable to find inner node Pak for hierarchical cache Hierarchy.
[2015.09.17-22.01.15:614][  0]LogDerivedDataCache: FDerivedDataBackendGraph:  CompressedPak pak cache file ../../../../../../Users/Samantha/Desktop/God-Killer/DerivedDataCache/Compressed.ddp not found, will not use a pak cache.
[2015.09.17-22.01.15:614][  0]LogDerivedDataCache: Unable to find inner node CompressedPak for hierarchical cache Hierarchy.
[2015.09.17-22.01.16:210][  0]LogDerivedDataCache:Display: Pak cache opened for reading ../../../Engine/DerivedDataCache/Compressed.ddp.
[2015.09.17-22.01.16:224][  0]LogDerivedDataCache: Using Local data cache path C:/Users/Samantha/AppData/Local/UnrealEngine/Common/DerivedDataCache: Writable
[2015.09.17-22.01.23:798][  0]LogInit: Selected Device Profile: [Windows]
[2015.09.17-22.01.24:088][  0]ImportText (ComponentSweepMultiTests): Missing closing parenthesis: (RootShapeAsset="/Engine/BasicShapes/Cube.Cube",ShapeType="TriggerCapsule",HitResult=(Time=0.50,Location=(X=-100.000015,Y=0.0,Z=100.000015),ImpactPoint=(X=-50.0,Y=0.0,Z=50.0),Normal=(X=-1.0,Y=-0.0,Z=0.0),ImpactNormal=(X=0.0,Y=0.0,Z=1.0),TraceStart=(X=-200.0,Y=0.0,Z=200.0),TraceEnd=(X=0.0,Y=0.0,Z=0.0))
[2015.09.17-22.01.24:089][  0]ImportText (LineTraceSingleByChannelTests): Missing closing parenthesis: (RootShapeAsset="/Engine/BasicShapes/Cube.Cube",HitResult=(Time=0.50,Location=(X=-100.000015,Y=0.0,Z=100.000015),ImpactPoint=(X=-50.0,Y=0.0,Z=50.0),Normal=(X=-1.0,Y=-0.0,Z=0.0),ImpactNormal=(X=0.0,Y=0.0,Z=1.0),TraceStart=(X=-200.0,Y=0.0,Z=200.0),TraceEnd=(X=0.0,Y=0.0,Z=0.0))
[2015.09.17-22.01.24:216][  0]LogMeshUtilities: No automatic mesh reduction module available
[2015.09.17-22.01.24:216][  0]LogMeshUtilities: No automatic mesh merging module available
[2015.09.17-22.01.25:573][  0]LogInit: WinSock: version 1.1 (2.2), MaxSocks=32767, MaxUdp=65467
[2015.09.17-22.01.28:087][  0]LogModuleManager:Warning: ModuleManager: Unable to load module 'C:/Program Files/Epic Games/4.8/Engine/Binaries/Win64/UE4Editor-XAudio2.dll' because the file couldn't be loaded by the OS.
[2015.09.17-22.01.54:007][  0]UdpMessaging: Initializing bridge on interface 0.0.0.0:0 to multicast group 230.0.0.1:6666.
[2015.09.17-22.01.55:672][  0]SourceControl: Info Source control is disabled
[2015.09.17-22.01.56:149][  0]SourceControl: Info Source control is disabled
[2015.09.17-22.01.56:218][  0]SourceControl: Info Source control is disabled
[2015.09.17-22.01.56:286][  0]SourceControl: Info Source control is disabled
[2015.09.17-22.01.57:587][  0]LogObj: 26273 objects as part of root set at end of initial load.
[2015.09.17-22.01.57:587][  0]LogUObjectAllocator: 5409256 out of 0 bytes used by permanent object pool.
[2015.09.17-22.01.57:921][  0]LogEngine: Initializing Engine...
[2015.09.17-22.01.57:930][  0]LogHMD: Can't find Oculus library dev build: is proper Runtime installed? Version: 0.6.0.0
[2015.09.17-22.01.57:993][  0]LogHMD:Warning: SteamVR failed to initialize.  Error: 110
[2015.09.17-22.01.58:523][  0]LogAIModule: Creating AISystem for world NewWorld
[2015.09.17-22.02.00:529][  0]LogModuleManager:Warning: ModuleManager: Unable to load module 'C:/Program Files/Epic Games/4.8/Engine/Binaries/Win64/UE4Editor-XAudio2.dll' because the file couldn't be loaded by the OS.
[2015.09.17-22.02.00:610][  0]LogDerivedDataCache: Saved boot cache 0.08s 53MB C:/Users/Samantha/AppData/Local/UnrealEngine/4.8/DerivedDataCache/Boot.ddc.
[2015.09.17-22.02.00:633][  0]LogInit: Texture streaming: Disabled
[2015.09.17-22.02.00:930][  0]LogAnalytics: Creating configured Analytics provider AnalyticsET
[2015.09.17-22.02.00:930][  0]LogAnalytics: [UEEditor.Rocket.Release] APIServer = http://et2.epicgames.com/ET2/. AppVersion = 4.8.3-2634408+++depot+UE4-Releases+4.8
[2015.09.17-22.02.00:930][  0]LogAnalytics: [UEEditor.Rocket.Release] SetUserId 46872bea408cfcc0100ac385d2b5ce07|e22a3db169b04f708165eaff958a9646|097015b1-a59a-4201-b460-717027cc9fe8
[2015.09.17-22.02.00:931][  0]LogAnalytics: [UEEditor.Rocket.Release] AnalyticsET::StartSession
[2015.09.17-22.02.01:191][  0]LogInit: Transaction tracking system initialized
[2015.09.17-22.02.01:934][  0]BlueprintLog: New page: Editor Load
[2015.09.17-22.02.02:062][  0]LogAssetRegistry: FAssetRegistry took 0.0116 seconds to start up
[2015.09.17-22.02.02:063][  0]LogDirectoryWatcher:Warning: Failed to begin reading directory changes for ../../../Engine/Plugins/Experimental/CharacterAI/Content/. Error: 0
[2015.09.17-22.02.07:188][  0]LogConsoleManager:Warning: Console variable 'r.VSync' wasn't set ('GameSetting' has a lower priority than 'SystemSettingsIni')
[2015.09.17-22.02.07:188][  0]LogConsoleResponse:Display: 
[2015.09.17-22.02.07:816][  0]LogCook:Display: Done creating registry. It took  0.00s.
[2015.09.17-22.02.09:569][  0]SourceControl: Info Source control is disabled
[2015.09.17-22.02.09:721][  0]LogD3D11RHI: InitD3DDevice
[2015.09.17-22.02.27:843][  0]LogD3D11RHI: InitD3DDevice
[2015.09.17-22.02.39:202][  0]LogWindowsTextInputMethodSystem:Display: IME system now deactivated.
[2015.09.17-22.02.39:203][  0]LogWindowsTextInputMethodSystem:Display: IME system now deactivated.
[2015.09.17-22.02.39:254][  0]LogWindowsTextInputMethodSystem:Display: IME system now deactivated.
[2015.09.17-22.02.39:254][  0]LogWindowsTextInputMethodSystem:Display: IME system now deactivated.
[2015.09.17-22.02.39:258][  0]LogD3D11RHI: InitD3DDevice
[2015.09.17-22.02.42:243][  0]LogWindowsTextInputMethodSystem:Display: IME system now deactivated.
[2015.09.17-22.02.42:243][  0]LogWindowsTextInputMethodSystem:Display: IME system now deactivated.
[2015.09.17-22.02.42:603][  0]LogWindowsTextInputMethodSystem:Display: IME system now deactivated.
[2015.09.17-22.02.42:604][  0]LogWindowsTextInputMethodSystem:Display: IME system now deactivated.
[2015.09.17-22.02.42:606][  0]Cmd: MAP LOAD FILE="../../../../../../Users/Samantha/Desktop/God-Killer/Content/Scene/NewCave.umap" TEMPLATE=0 SHOWPROGRESS=1 FEATURELEVEL=3
[2015.09.17-22.02.42:608][  0]LightingResults: New page: Lighting Build
[2015.09.17-22.02.42:681][  0]MapCheck: New page: Map Check
[2015.09.17-22.02.42:681][  0]LightingResults: New page: Lighting Build
[2015.09.17-22.02.42:741][  0]LogParticles: Destroying 0 GPU particle simulations for FXSystem 0x00000015F9B25300
[2015.09.17-22.02.49:079][  0]LogBlueprint:Warning: [compiler Gui] Warning 'gnawmers' is already a 'Enemy 1', you don't need  Cast To Enemy1 .
[2015.09.17-22.02.49:107][  0]LogBlueprint:Warning: [compiler Gui] Warning [0114.67] Compile of Gui successful, but with 1 Warning(s) [in 116 ms]
[2015.09.17-22.02.49:107][  0]LogBlueprint:Warning: [compiler Gui] Warning [0114.67] Compile of Gui successful, but with 2 Warning(s) [in 0 ms]
[2015.09.17-22.02.49:108][  0]LogBlueprint:Warning: [compiler Gui] Warning [0114.67] Compile of Gui successful, but with 3 Warning(s) [in 0 ms]
[2015.09.17-22.02.50:346][  0]LogBlueprint:Warning: [compiler GnawmersHealth] Warning 'gnawmers' is already a 'Enemy 1', you don't need  Cast To Enemy1 .
[2015.09.17-22.02.50:347][  0]LogBlueprint:Warning: [compiler GnawmersHealth] Warning [0115.91] Compile of GnawmersHealth successful, but with 1 Warning(s) [in 38 ms]
[2015.09.17-22.02.50:348][  0]LogBlueprint:Warning: [compiler GnawmersHealth] Warning [0115.91] Compile of GnawmersHealth successful, but with 2 Warning(s) [in 0 ms]
[2015.09.17-22.02.50:348][  0]LogBlueprint:Warning: [compiler GnawmersHealth] Warning [0115.91] Compile of GnawmersHealth successful, but with 3 Warning(s) [in 0 ms]
[2015.09.17-22.02.56:108][  0]LogBlueprint:Warning: [compiler Gui] Warning 'gnawmers' is already a 'Enemy 1', you don't need  Cast To Enemy1 .
[2015.09.17-22.02.56:126][  0]LogBlueprint:Warning: [compiler Gui] Warning [0121.69] Compile of Gui successful, but with 1 Warning(s) [in 80 ms]
[2015.09.17-22.02.56:129][  0]LogBlueprint:Warning: [compiler Gui] Warning [0121.69] Compile of Gui successful, but with 2 Warning(s) [in 2 ms]
[2015.09.17-22.02.56:301][  0]LogBlueprint:Warning: [compiler GnawmersHealth] Warning 'gnawmers' is already a 'Enemy 1', you don't need  Cast To Enemy1 .
[2015.09.17-22.02.56:302][  0]LogBlueprint:Warning: [compiler GnawmersHealth] Warning [0121.87] Compile of GnawmersHealth successful, but with 1 Warning(s) [in 24 ms]
[2015.09.17-22.02.56:303][  0]LogBlueprint:Warning: [compiler GnawmersHealth] Warning [0121.87] Compile of GnawmersHealth successful, but with 2 Warning(s) [in 0 ms]
[2015.09.17-22.03.00:805][  0]LogPackageName:Error: DoesPackageExist: DoesPackageExist FAILED: '/Game/Help Sergio/LoopBossFightMusic' is not a standard unreal filename or a long path name. Reason: Name may not contain the following characters:  
[2015.09.17-22.03.00:806][  0]LogLinker:Warning: Can't find file '/Game/Help Sergio/LoopBossFightMusic'
[2015.09.17-22.03.00:806][  0]LogPackageName:Error: DoesPackageExist: DoesPackageExist FAILED: '/Game/Help Sergio/LoopBossFightMusic' is not a standard unreal filename or a long path name. Reason: Name may not contain the following characters:  
[2015.09.17-22.03.00:806][  0]LogLinker:Warning: Can't find file for asset '/Game/Help Sergio/LoopBossFightMusic' while loading ../../../../../../Users/Samantha/Desktop/God-Killer/Content/Scene/NewCave.umap.
[2015.09.17-22.03.00:806][  0]LoadErrors:Error: Error /Game/Scene/NewCave : Can't find file for asset. /Game/Help Sergio/LoopBossFightMusic
[2015.09.17-22.03.01:275][  0]LogPackageName:Error: DoesPackageExist: DoesPackageExist FAILED: '/Game/Help Sergio/LoopBossFightMusic' is not a standard unreal filename or a long path name. Reason: Name may not contain the following characters:  
[2015.09.17-22.03.01:275][  0]LogLinker:Warning: Can't find file '/Game/Help Sergio/LoopBossFightMusic'
[2015.09.17-22.03.01:275][  0]LogPackageName:Error: DoesPackageExist: DoesPackageExist FAILED: '/Game/Help Sergio/LoopBossFightMusic' is not a standard unreal filename or a long path name. Reason: Name may not contain the following characters:  
[2015.09.17-22.03.01:275][  0]LogLinker:Warning: Can't find file for asset '/Game/Help Sergio/LoopBossFightMusic' while loading ../../../../../../Users/Samantha/Desktop/God-Killer/Content/Scene/NewCave.umap.
[2015.09.17-22.03.01:276][  0]LoadErrors:Error: Error /Game/Scene/NewCave : Can't find file for asset. /Game/Help Sergio/LoopBossFightMusic
[2015.09.17-22.03.01:379][  0]LogPackageName:Error: DoesPackageExist: DoesPackageExist FAILED: '/Game/Help Sergio/LoopBossFightMusic' is not a standard unreal filename or a long path name. Reason: Name may not contain the following characters:  
[2015.09.17-22.03.01:379][  0]LogLinker:Warning: Can't find file '/Game/Help Sergio/LoopBossFightMusic'
[2015.09.17-22.03.01:379][  0]LogPackageName:Error: DoesPackageExist: DoesPackageExist FAILED: '/Game/Help Sergio/LoopBossFightMusic' is not a standard unreal filename or a long path name. Reason: Name may not contain the following characters:  
[2015.09.17-22.03.01:379][  0]LogLinker:Warning: Can't find file for asset '/Game/Help Sergio/LoopBossFightMusic' while loading NULL.
[2015.09.17-22.03.01:379][  0]LogPackageName:Error: DoesPackageExist: DoesPackageExist FAILED: '/Game/Help Sergio/LoopBossFightMusic' is not a standard unreal filename or a long path name. Reason: Name may not contain the following characters:  
[2015.09.17-22.03.01:379][  0]LogLinker:Warning: Can't find file '/Game/Help Sergio/LoopBossFightMusic'
[2015.09.17-22.03.01:380][  0]LogPackageName:Error: DoesPackageExist: DoesPackageExist FAILED: '/Game/Help Sergio/LoopBossFightMusic' is not a standard unreal filename or a long path name. Reason: Name may not contain the following characters:  
[2015.09.17-22.03.01:380][  0]LogLinker:Warning: Can't find file for asset '/Game/Help Sergio/LoopBossFightMusic' while loading NULL.
[2015.09.17-22.03.04:948][  0]LogPackageName:Error: DoesPackageExist: DoesPackageExist FAILED: '/Game/Help Sergio/LoopBossFightMusic' is not a standard unreal filename or a long path name. Reason: Name may not contain the following characters:  
[2015.09.17-22.03.04:948][  0]LogLinker:Warning: Can't find file '/Game/Help Sergio/LoopBossFightMusic'
[2015.09.17-22.03.04:948][  0]LoadErrors: Info Failed to load /Game/Help Sergio/LoopBossFightMusic.LoopBossFightMusic Referenced by AudioComponent0
[2015.09.17-22.03.04:949][  0]LogPackageName:Error: DoesPackageExist: DoesPackageExist FAILED: '/Game/Help Sergio/LoopBossFightMusic' is not a standard unreal filename or a long path name. Reason: Name may not contain the following characters:  
[2015.09.17-22.03.04:949][  0]LogLinker:Warning: Can't find file for asset '/Game/Help Sergio/LoopBossFightMusic' while loading NULL.
[2015.09.17-22.03.04:949][  0]LoadErrors: Info Failed to load /Game/Help Sergio/LoopBossFightMusic.LoopBossFightMusic Referenced by AudioComponent0
[2015.09.17-22.04.11:144][  0]LogAIModule: Creating AISystem for world NewCave
[2015.09.17-22.04.16:411][  0]LogEditorServer: Finished looking for orphan Actors (0.001 secs)
[2015.09.17-22.04.16:421][  0]Cmd: MAP CHECKDEP NOCLEARLOG
[2015.09.17-22.04.16:735][  0]MapCheck: Info Map check complete: 0 Error(s), 0 Warning(s), took 313.055ms to complete.
[2015.09.17-22.04.16:735][  0]LogFileHelpers: Loading map 'NewCave' took 94.129
[2015.09.17-22.04.16:946][  0]LogCollectionManager: Loaded 0 collections in 0.007368 seconds
[2015.09.17-22.04.16:972][  0]LogContentBrowser: Native class hierarchy populated in 0.0255 seconds. Added 1792 classes and 301 folders.
[2015.09.17-22.04.17:239][  0]LogContentBrowser: Native class hierarchy updated for 'WidgetCarousel' in 0.0011 seconds. Added 0 classes and 0 folders.
[2015.09.17-22.04.18:005][  0]LogContentBrowser: Native class hierarchy updated for 'AddContentDialog' in 0.0012 seconds. Added 0 classes and 0 folders.
[2015.09.17-22.04.18:305][  0]LogContentBrowser: Native class hierarchy updated for 'SceneOutliner' in 0.0011 seconds. Added 1 classes and 2 folders.
[2015.09.17-22.04.18:488][  0]LogCrashTracker: Crashtracker disabled due to settings.
[2015.09.17-22.04.18:491][  0]LogD3D11RHI: InitD3DDevice
[2015.09.17-22.04.18:499][  0]LogUObjectGlobals:Warning: Failed to find object 'Class None.'
[2015.09.17-22.04.18:524][  0]LogStats:Warning: MetaData mismatch. Did you assign a stat to two groups? New //STATGROUP_Threads//SplashScreenThread///Thread_10c88_0///####STATCAT_Advanced#### old //STATGROUP_Threads//SplashScreenThread///Thread_11060_0///####STATCAT_Advanced####
[2015.09.17-22.04.18:524][  0]LogLoad: Full Startup: 204.09 seconds (BP compile: 12.07 seconds)
[2015.09.17-22.04.19:022][  0]LogContentStreaming: Texture pool size is 0.000000MB
[2015.09.17-22.04.19:880][  0]LogContentStreaming: Texture pool size now 700 MB
[2015.09.17-22.04.19:894][  0]LogD3D11RHI: InitD3DDevice
[2015.09.17-22.04.20:435][  0]LogRenderer: Reallocating scene render targets to support 952x712 (Frame:2).
[2015.09.17-22.04.22:111][  1]Cmd: UpdateLandscapeEditorData -warnings
[2015.09.17-22.04.22:116][  1]Cmd: UpdateLandscapeEditorData
[2015.09.17-22.04.32:761][ 72]LogAssetRegistry: Asset discovery search completed in 150.7112 seconds
[2015.09.17-22.04.42:082][142]LogD3D11RHI: InitD3DDevice
[2015.09.17-22.04.58:806][889]LogD3D11RHI: InitD3DDevice
[2015.09.17-22.05.05:261][186]LogD3D11RHI: InitD3DDevice
[2015.09.17-22.05.08:361][326]LogD3D11RHI: InitD3DDevice
[2015.09.17-22.05.08:923][349]LogD3D11RHI: InitD3DDevice
[2015.09.17-22.05.09:229][360]LogD3D11RHI: InitD3DDevice
[2015.09.17-22.05.10:941][434]LogD3D11RHI: InitD3DDevice
[2015.09.17-22.05.13:146][547]LogD3D11RHI: InitD3DDevice
[2015.09.17-22.08.14:361][399]LogD3D11RHI: InitD3DDevice
[2015.09.17-22.08.15:120][437]LogD3D11RHI: InitD3DDevice
[2015.09.17-22.12.14:879][876]LogD3D11RHI: InitD3DDevice
[2015.09.17-22.13.14:739][ 65]LogD3D11RHI: InitD3DDevice
[2015.09.17-22.13.14:843][ 65]LogFactory: FactoryCreateBinary: SoundWave with SoundFactory (0 0 ../../../../../../Users/Samantha/Desktop/Help Sergio/[Dark Souls] Iron Lumberjacks (1)_audio.wav)
[2015.09.17-22.13.16:138][ 65]LogAudioDerivedData:Display: Building compressed audio format OGG wave _Dark_Souls__Iron_Lumberjacks__1__audio...
[2015.09.17-22.13.37:886][ 65]LogAudioDerivedData:Warning: Updated SoundWave->RawPCMDataSize during cooking SoundWave /Game/_Dark_Souls__Iron_Lumberjacks__1__audio._Dark_Souls__Iron_Lumberjacks__1__audio.
[2015.09.17-22.13.37:932][ 65]LogFactory: FactoryCreateBinary: SoundWave with SoundFactory (0 0 ../../../../../../Users/Samantha/Desktop/Help Sergio/animal-bats-cave.wav)
[2015.09.17-22.13.38:119][ 65]LogAudioDerivedData:Display: Building compressed audio format OGG wave animal-bats-cave...
[2015.09.17-22.13.40:043][ 65]LogAudioDerivedData:Warning: Updated SoundWave->RawPCMDataSize during cooking SoundWave /Game/animal-bats-cave.animal-bats-cave.
[2015.09.17-22.13.40:049][ 65]LogFactory: FactoryCreateBinary: SoundWave with SoundFactory (0 0 ../../../../../../Users/Samantha/Desktop/Help Sergio/beautiful-piano_fyol1rEd.wav)
[2015.09.17-22.13.40:331][ 65]Error: Currently, only 16 bit WAV files are supported (beautiful-piano_fyol1rEd).
[2015.09.17-22.13.40:368][ 65]LogD3D11RHI: InitD3DDevice
[2015.09.17-22.13.46:576][ 65]LogAssetTools:Warning: Failed to import '../../../../../../Users/Samantha/Desktop/Help Sergio/beautiful-piano_fyol1rEd.wav'. Failed to create asset '/Game/beautiful-piano_fyol1rEd'
[2015.09.17-22.13.46:580][ 65]LogFactory: FactoryCreateBinary: SoundWave with SoundFactory (0 0 ../../../../../../Users/Samantha/Desktop/Help Sergio/Cave Music.wav)
[2015.09.17-22.13.48:261][ 65]Error: Currently, only 16 bit WAV files are supported (Cave_Music).
[2015.09.17-22.13.48:383][ 65]LogD3D11RHI: InitD3DDevice
[2015.09.17-22.13.51:390][ 65]LogAssetTools:Warning: Failed to import '../../../../../../Users/Samantha/Desktop/Help Sergio/Cave Music.wav'. Failed to create asset '/Game/Cave_Music'
[2015.09.17-22.13.51:394][ 65]LogFactory: FactoryCreateBinary: SoundWave with SoundFactory (0 0 ../../../../../../Users/Samantha/Desktop/Help Sergio/LoopBossFightMusic.wav)
[2015.09.17-22.13.51:951][ 65]LogAudioDerivedData:Display: Building compressed audio format OGG wave LoopBossFightMusic...
[2015.09.17-22.13.59:836][ 65]LogAudioDerivedData:Warning: Updated SoundWave->RawPCMDataSize during cooking SoundWave /Game/LoopBossFightMusic.LoopBossFightMusic.
[2015.09.17-22.13.59:865][ 65]LogFactory: FactoryCreateBinary: SoundWave with SoundFactory (0 0 ../../../../../../Users/Samantha/Desktop/Help Sergio/SCI-FI-AMB-HVY-CAVE-WIND.wav)
[2015.09.17-22.14.00:117][ 65]LogAudioDerivedData:Display: Building compressed audio format OGG wave SCI-FI-AMB-HVY-CAVE-WIND...
[2015.09.17-22.14.04:624][ 65]LogAudioDerivedData:Warning: Updated SoundWave->RawPCMDataSize during cooking SoundWave /Game/SCI-FI-AMB-HVY-CAVE-WIND.SCI-FI-AMB-HVY-CAVE-WIND.
[2015.09.17-22.14.04:633][ 65]LogFactory: FactoryCreateBinary: SoundWave with SoundFactory (0 0 ../../../../../../Users/Samantha/Desktop/Help Sergio/steam.L.wav)
[2015.09.17-22.14.04:702][ 65]Error: Currently, only 16 bit WAV files are supported (steam_L).
[2015.09.17-22.14.04:711][ 65]LogD3D11RHI: InitD3DDevice
[2015.09.17-22.14.08:202][ 65]LogAssetTools:Warning: Failed to import '../../../../../../Users/Samantha/Desktop/Help Sergio/steam.L.wav'. Failed to create asset '/Game/steam_L'
[2015.09.17-22.14.08:206][ 65]LogFactory: FactoryCreateBinary: SoundWave with SoundFactory (0 0 ../../../../../../Users/Samantha/Desktop/Help Sergio/steam.R.wav)
[2015.09.17-22.14.08:276][ 65]Error: Currently, only 16 bit WAV files are supported (steam_R).
[2015.09.17-22.14.08:290][ 65]LogD3D11RHI: InitD3DDevice
[2015.09.17-22.14.09:407][ 65]LogAssetTools:Warning: Failed to import '../../../../../../Users/Samantha/Desktop/Help Sergio/steam.R.wav'. Failed to create asset '/Game/steam_R'
[2015.09.17-22.14.09:412][ 65]LogFactory: FactoryCreateBinary: SoundWave with SoundFactory (0 0 ../../../../../../Users/Samantha/Desktop/Help Sergio/water-drip-cave-1.L.wav)
[2015.09.17-22.14.09:676][ 65]Error: Currently, only 16 bit WAV files are supported (water-drip-cave-1_L).
[2015.09.17-22.14.09:706][ 65]LogD3D11RHI: InitD3DDevice
[2015.09.17-22.14.10:638][ 65]LogAssetTools:Warning: Failed to import '../../../../../../Users/Samantha/Desktop/Help Sergio/water-drip-cave-1.L.wav'. Failed to create asset '/Game/water-drip-cave-1_L'
[2015.09.17-22.14.10:642][ 65]LogFactory: FactoryCreateBinary: SoundWave with SoundFactory (0 0 ../../../../../../Users/Samantha/Desktop/Help Sergio/water-drip-cave-1.R.wav)
[2015.09.17-22.14.10:909][ 65]Error: Currently, only 16 bit WAV files are supported (water-drip-cave-1_R).
[2015.09.17-22.14.10:940][ 65]LogD3D11RHI: InitD3DDevice
[2015.09.17-22.14.11:740][ 65]LogAssetTools:Warning: Failed to import '../../../../../../Users/Samantha/Desktop/Help Sergio/water-drip-cave-1.R.wav'. Failed to create asset '/Game/water-drip-cave-1_R'
[2015.09.17-22.14.11:744][ 65]LogFactory: FactoryCreateBinary: SoundWave with SoundFactory (0 0 ../../../../../../Users/Samantha/Desktop/Help Sergio/water-drip-cave-2.wav)
[2015.09.17-22.14.12:123][ 65]LogAudioDerivedData:Display: Building compressed audio format OGG wave water-drip-cave-2...
[2015.09.17-22.14.18:215][ 65]LogAudioDerivedData:Warning: Updated SoundWave->RawPCMDataSize during cooking SoundWave /Game/water-drip-cave-2.water-drip-cave-2.
[2015.09.17-22.14.18:235][ 65]LogFactory: FactoryCreateBinary: SoundWave with SoundFactory (0 0 ../../../../../../Users/Samantha/Desktop/Help Sergio/water-drip-cave-3.wav)
[2015.09.17-22.14.18:577][ 65]LogAudioDerivedData:Display: Building compressed audio format OGG wave water-drip-cave-3...
[2015.09.17-22.14.25:698][ 65]LogAudioDerivedData:Warning: Updated SoundWave->RawPCMDataSize during cooking SoundWave /Game/water-drip-cave-3.water-drip-cave-3.
[2015.09.17-22.14.25:719][ 65]LogFactory: FactoryCreateBinary: SoundWave with SoundFactory (0 0 ../../../../../../Users/Samantha/Desktop/Help Sergio/WATER-DRIPPING-IN-CAVE3.L.wav)
[2015.09.17-22.14.25:858][ 65]Error: Currently, only 16 bit WAV files are supported (WATER-DRIPPING-IN-CAVE3_L).
[2015.09.17-22.14.25:876][ 65]LogD3D11RHI: InitD3DDevice
[2015.09.17-22.14.32:681][ 65]LogAssetTools:Warning: Failed to import '../../../../../../Users/Samantha/Desktop/Help Sergio/WATER-DRIPPING-IN-CAVE3.L.wav'. Failed to create asset '/Game/WATER-DRIPPING-IN-CAVE3_L'
[2015.09.17-22.14.32:685][ 65]LogFactory: FactoryCreateBinary: SoundWave with SoundFactory (0 0 ../../../../../../Users/Samantha/Desktop/Help Sergio/WATER-DRIPPING-IN-CAVE3.R.wav)
[2015.09.17-22.14.32:770][ 65]Error: Currently, only 16 bit WAV files are supported (WATER-DRIPPING-IN-CAVE3_R).
[2015.09.17-22.14.32:788][ 65]LogD3D11RHI: InitD3DDevice
[2015.09.17-22.14.33:719][ 65]LogAssetTools:Warning: Failed to import '../../../../../../Users/Samantha/Desktop/Help Sergio/WATER-DRIPPING-IN-CAVE3.R.wav'. Failed to create asset '/Game/WATER-DRIPPING-IN-CAVE3_R'
[2015.09.17-22.14.42:302][179]LogD3D11RHI: InitD3DDevice
[2015.09.17-22.14.43:600][232]LogD3D11RHI: InitD3DDevice
[2015.09.17-22.15.03:772][648]LogD3D11RHI: InitD3DDevice
[2015.09.17-22.15.04:432][682]LogD3D11RHI: InitD3DDevice
[2015.09.17-22.15.06:302][779]LogD3D11RHI: InitD3DDevice
[2015.09.17-22.15.06:400][779]LogD3D11RHI: InitD3DDevice
[2015.09.17-22.15.06:694][779]LogD3D11RHI: InitD3DDevice
[2015.09.17-22.15.07:034][779]LogSavePackage: Save=76.425888ms
[2015.09.17-22.15.07:034][779]LogSavePackage: Moving '../../../../../../Users/Samantha/Desktop/God-Killer/Saved/_Dark_Souls__Iron_Lumberjacks__1__audioEBF3848045137B2E76A4E0BF6EA71E11.tmp' to '../../../../../../Users/Samantha/Desktop/God-Killer/Content/Sergio/_Dark_Souls__Iron_Lumberjacks__1__audio.uasset'
[2015.09.17-22.15.07:169][779]Cmd: OBJ SAVEPACKAGE PACKAGE="/Game/Sergio/LoopBossFightMusic" FILE="../../../../../../Users/Samantha/Desktop/God-Killer/Content/Sergio/LoopBossFightMusic.uasset" SILENT=true
[2015.09.17-22.15.07:227][779]LogSavePackage: Save=51.976814ms
[2015.09.17-22.15.07:227][779]LogSavePackage: Moving '../../../../../../Users/Samantha/Desktop/God-Killer/Saved/LoopBossFightMusicF20BB6C548859A4FB6F23FB443E458A9.tmp' to '../../../../../../Users/Samantha/Desktop/God-Killer/Content/Sergio/LoopBossFightMusic.uasset'
[2015.09.17-22.15.07:307][779]Cmd: OBJ SAVEPACKAGE PACKAGE="/Game/Sergio/animal-bats-cave" FILE="../../../../../../Users/Samantha/Desktop/God-Killer/Content/Sergio/animal-bats-cave.uasset" SILENT=true
[2015.09.17-22.15.07:339][779]LogSavePackage: Save=25.986399ms
[2015.09.17-22.15.07:339][779]LogSavePackage: Moving '../../../../../../Users/Samantha/Desktop/God-Killer/Saved/animal-bats-caveC3ED393D4956CE2A011844B63FDE866C.tmp' to '../../../../../../Users/Samantha/Desktop/God-Killer/Content/Sergio/animal-bats-cave.uasset'
[2015.09.17-22.15.07:423][779]Cmd: OBJ SAVEPACKAGE PACKAGE="/Game/Sergio/SCI-FI-AMB-HVY-CAVE-WIND" FILE="../../../../../../Users/Samantha/Desktop/God-Killer/Content/Sergio/SCI-FI-AMB-HVY-CAVE-WIND.uasset" SILENT=true
[2015.09.17-22.15.07:481][779]LogSavePackage: Save=54.196457ms
[2015.09.17-22.15.07:481][779]LogSavePackage: Moving '../../../../../../Users/Samantha/Desktop/God-Killer/Saved/SCI-FI-AMB-HVY-CAVE-WINDC2410C5C469A724C56B0C7A1CBA235AF.tmp' to '../../../../../../Users/Samantha/Desktop/God-Killer/Content/Sergio/SCI-FI-AMB-HVY-CAVE-WIND.uasset'
[2015.09.17-22.15.07:593][779]Cmd: OBJ SAVEPACKAGE PACKAGE="/Game/Sergio/water-drip-cave-2" FILE="../../../../../../Users/Samantha/Desktop/God-Killer/Content/Sergio/water-drip-cave-2.uasset" SILENT=true
[2015.09.17-22.15.07:641][779]LogSavePackage: Save=41.778248ms
[2015.09.17-22.15.07:641][779]LogSavePackage: Moving '../../../../../../Users/Samantha/Desktop/God-Killer/Saved/water-drip-cave-212849E6A480BFA58F773DF87B5986A79.tmp' to '../../../../../../Users/Samantha/Desktop/God-Killer/Content/Sergio/water-drip-cave-2.uasset'
[2015.09.17-22.15.07:751][779]Cmd: OBJ SAVEPACKAGE PACKAGE="/Game/Sergio/water-drip-cave-3" FILE="../../../../../../Users/Samantha/Desktop/God-Killer/Content/Sergio/water-drip-cave-3.uasset" SILENT=true
[2015.09.17-22.15.07:794][779]LogSavePackage: Save=38.779903ms
[2015.09.17-22.15.07:794][779]LogSavePackage: Moving '../../../../../../Users/Samantha/Desktop/God-Killer/Saved/water-drip-cave-36984B0CF4528D574C8EAA7988F983E6D.tmp' to '../../../../../../Users/Samantha/Desktop/God-Killer/Content/Sergio/water-drip-cave-3.uasset'
[2015.09.17-22.15.07:825][779]LogD3D11RHI: InitD3DDevice
[2015.09.17-22.15.50:349][116]LogD3D11RHI: InitD3DDevice
[2015.09.17-22.15.51:372][158]LogD3D11RHI: InitD3DDevice
[2015.09.17-22.15.52:208][183]LogD3D11RHI: InitD3DDevice
[2015.09.17-22.16.14:950][368]LogD3D11RHI: InitD3DDevice
[2015.09.17-22.16.14:975][368]LogFactory: FactoryCreateBinary: SoundWave with SoundFactory (0 0 C:\Users\Samantha\Desktop\Help Sergio\beautiful-piano_fyol1rEd.wav)
[2015.09.17-22.16.15:050][368]Error: Currently, only 16 bit WAV files are supported (beautiful-piano_fyol1rEd).
[2015.09.17-22.16.15:082][368]LogD3D11RHI: InitD3DDevice
[2015.09.17-22.16.22:118][368]LogAssetTools:Warning: Failed to import 'C:\Users\Samantha\Desktop\Help Sergio\beautiful-piano_fyol1rEd.wav'. Failed to create asset '/Game/Sergio/beautiful-piano_fyol1rEd'
[2015.09.17-22.16.22:123][368]LogFactory: FactoryCreateBinary: SoundWave with SoundFactory (0 0 C:\Users\Samantha\Desktop\Help Sergio\Cave Music.wav)
[2015.09.17-22.16.22:649][368]Error: Currently, only 16 bit WAV files are supported (Cave_Music).
[2015.09.17-22.16.22:778][368]LogD3D11RHI: InitD3DDevice
[2015.09.17-22.16.23:843][368]LogAssetTools:Warning: Failed to import 'C:\Users\Samantha\Desktop\Help Sergio\Cave Music.wav'. Failed to create asset '/Game/Sergio/Cave_Music'
[2015.09.17-22.16.39:893][448]LogD3D11RHI: InitD3DDevice
[2015.09.17-22.16.45:881][466]LogD3D11RHI: InitD3DDevice
[2015.09.17-22.16.45:907][466]LogFactory: FactoryCreateBinary: SoundWave with SoundFactory (0 0 C:\Users\Samantha\Desktop\Help Sergio\steam.L.wav)
[2015.09.17-22.16.45:911][466]Error: Currently, only 16 bit WAV files are supported (steam_L).
[2015.09.17-22.16.45:924][466]LogD3D11RHI: InitD3DDevice
[2015.09.17-22.16.49:643][466]LogAssetTools:Warning: Failed to import 'C:\Users\Samantha\Desktop\Help Sergio\steam.L.wav'. Failed to create asset '/Game/Sergio/steam_L'
[2015.09.17-22.16.49:648][466]LogFactory: FactoryCreateBinary: SoundWave with SoundFactory (0 0 C:\Users\Samantha\Desktop\Help Sergio\steam.R.wav)
[2015.09.17-22.16.49:652][466]Error: Currently, only 16 bit WAV files are supported (steam_R).
[2015.09.17-22.16.49:668][466]LogD3D11RHI: InitD3DDevice
[2015.09.17-22.16.50:610][466]LogAssetTools:Warning: Failed to import 'C:\Users\Samantha\Desktop\Help Sergio\steam.R.wav'. Failed to create asset '/Game/Sergio/steam_R'
[2015.09.17-22.17.07:493][540]LogD3D11RHI: InitD3DDevice
[2015.09.17-22.17.07:566][540]LogD3D11RHI: InitD3DDevice
[2015.09.17-22.17.07:568][540]LogAssetTools:Warning: Failed to import 'C:\Users\Samantha\Desktop\Help Sergio\sunrise-without-you_fJ3zyBEu.mp3'. Unknown extension 'mp3'.
[2015.09.17-22.17.10:464][549]LogEditorViewport: Clicking on Actor (LMB): StaticMeshActor (Rock32)
[2015.09.17-22.17.24:100][624]LogD3D11RHI: InitD3DDevice
[2015.09.17-22.17.24:129][624]LogFactory: FactoryCreateBinary: SoundWave with SoundFactory (0 0 C:\Users\Samantha\Desktop\Help Sergio\water-drip-cave-1.L.wav)
[2015.09.17-22.17.24:187][624]Error: Currently, only 16 bit WAV files are supported (water-drip-cave-1_L).
[2015.09.17-22.17.24:215][624]LogD3D11RHI: InitD3DDevice
[2015.09.17-22.17.27:532][624]LogAssetTools:Warning: Failed to import 'C:\Users\Samantha\Desktop\Help Sergio\water-drip-cave-1.L.wav'. Failed to create asset '/Game/Sergio/water-drip-cave-1_L'
[2015.09.17-22.17.37:649][666]LogD3D11RHI: InitD3DDevice
[2015.09.17-22.17.37:673][666]LogFactory: FactoryCreateBinary: SoundWave with SoundFactory (0 0 C:\Users\Samantha\Desktop\Help Sergio\WATER-DRIPPING-IN-CAVE3.L.wav)
[2015.09.17-22.17.37:688][666]Error: Currently, only 16 bit WAV files are supported (WATER-DRIPPING-IN-CAVE3_L).
[2015.09.17-22.17.37:704][666]LogD3D11RHI: InitD3DDevice
[2015.09.17-22.17.41:417][666]LogAssetTools:Warning: Failed to import 'C:\Users\Samantha\Desktop\Help Sergio\WATER-DRIPPING-IN-CAVE3.L.wav'. Failed to create asset '/Game/Sergio/WATER-DRIPPING-IN-CAVE3_L'
[2015.09.17-22.18.18:798][798]LogD3D11RHI: InitD3DDevice
[2015.09.17-22.18.18:825][798]LogFactory: FactoryCreateBinary: SoundWave with SoundFactory (0 0 ../../../../../../Users/Samantha/Desktop/Help Sergio/beautiful-piano_fyol1rEd.wav)
[2015.09.17-22.18.18:901][798]Error: Currently, only 16 bit WAV files are supported (beautiful-piano_fyol1rEd).
[2015.09.17-22.18.18:932][798]LogD3D11RHI: InitD3DDevice
[2015.09.17-22.18.20:576][798]LogAssetTools:Warning: Failed to import '../../../../../../Users/Samantha/Desktop/Help Sergio/beautiful-piano_fyol1rEd.wav'. Failed to create asset '/Game/Sergio/beautiful-piano_fyol1rEd'
[2015.09.17-22.18.20:580][798]LogFactory: FactoryCreateBinary: SoundWave with SoundFactory (0 0 ../../../../../../Users/Samantha/Desktop/Help Sergio/Cave Music.wav)
[2015.09.17-22.18.21:002][798]Error: Currently, only 16 bit WAV files are supported (Cave_Music).
[2015.09.17-22.18.21:127][798]LogD3D11RHI: InitD3DDevice
[2015.09.17-22.18.24:858][798]LogAssetTools:Warning: Failed to import '../../../../../../Users/Samantha/Desktop/Help Sergio/Cave Music.wav'. Failed to create asset '/Game/Sergio/Cave_Music'
[2015.09.17-22.18.24:861][798]LogFactory: FactoryCreateBinary: SoundWave with SoundFactory (0 0 ../../../../../../Users/Samantha/Desktop/Help Sergio/steam.L.wav)
[2015.09.17-22.18.24:866][798]Error: Currently, only 16 bit WAV files are supported (steam_L).
[2015.09.17-22.18.24:882][798]LogD3D11RHI: InitD3DDevice
[2015.09.17-22.18.25:735][798]LogAssetTools:Warning: Failed to import '../../../../../../Users/Samantha/Desktop/Help Sergio/steam.L.wav'. Failed to create asset '/Game/Sergio/steam_L'
[2015.09.17-22.18.25:738][798]LogFactory: FactoryCreateBinary: SoundWave with SoundFactory (0 0 ../../../../../../Users/Samantha/Desktop/Help Sergio/steam.R.wav)
[2015.09.17-22.18.25:742][798]Error: Currently, only 16 bit WAV files are supported (steam_R).
[2015.09.17-22.18.25:758][798]LogD3D11RHI: InitD3DDevice
[2015.09.17-22.18.26:472][798]LogAssetTools:Warning: Failed to import '../../../../../../Users/Samantha/Desktop/Help Sergio/steam.R.wav'. Failed to create asset '/Game/Sergio/steam_R'
[2015.09.17-22.18.26:476][798]LogFactory: FactoryCreateBinary: SoundWave with SoundFactory (0 0 ../../../../../../Users/Samantha/Desktop/Help Sergio/water-drip-cave-1.L.wav)
[2015.09.17-22.18.26:526][798]Error: Currently, only 16 bit WAV files are supported (water-drip-cave-1_L).
[2015.09.17-22.18.26:556][798]LogD3D11RHI: InitD3DDevice
[2015.09.17-22.18.27:158][798]LogAssetTools:Warning: Failed to import '../../../../../../Users/Samantha/Desktop/Help Sergio/water-drip-cave-1.L.wav'. Failed to create asset '/Game/Sergio/water-drip-cave-1_L'
[2015.09.17-22.18.27:162][798]LogFactory: FactoryCreateBinary: SoundWave with SoundFactory (0 0 ../../../../../../Users/Samantha/Desktop/Help Sergio/water-drip-cave-1.R.wav)
[2015.09.17-22.18.27:217][798]Error: Currently, only 16 bit WAV files are supported (water-drip-cave-1_R).
[2015.09.17-22.18.27:247][798]LogD3D11RHI: InitD3DDevice
[2015.09.17-22.18.27:824][798]LogAssetTools:Warning: Failed to import '../../../../../../Users/Samantha/Desktop/Help Sergio/water-drip-cave-1.R.wav'. Failed to create asset '/Game/Sergio/water-drip-cave-1_R'
[2015.09.17-22.18.27:828][798]LogFactory: FactoryCreateBinary: SoundWave with SoundFactory (0 0 ../../../../../../Users/Samantha/Desktop/Help Sergio/WATER-DRIPPING-IN-CAVE3.L.wav)
[2015.09.17-22.18.27:843][798]Error: Currently, only 16 bit WAV files are supported (WATER-DRIPPING-IN-CAVE3_L).
[2015.09.17-22.18.27:863][798]LogD3D11RHI: InitD3DDevice
[2015.09.17-22.18.28:523][798]LogAssetTools:Warning: Failed to import '../../../../../../Users/Samantha/Desktop/Help Sergio/WATER-DRIPPING-IN-CAVE3.L.wav'. Failed to create asset '/Game/Sergio/WATER-DRIPPING-IN-CAVE3_L'
[2015.09.17-22.18.28:526][798]LogFactory: FactoryCreateBinary: SoundWave with SoundFactory (0 0 ../../../../../../Users/Samantha/Desktop/Help Sergio/WATER-DRIPPING-IN-CAVE3.R.wav)
[2015.09.17-22.18.28:541][798]Error: Currently, only 16 bit WAV files are supported (WATER-DRIPPING-IN-CAVE3_R).
[2015.09.17-22.18.28:561][798]LogD3D11RHI: InitD3DDevice
[2015.09.17-22.18.29:203][798]LogAssetTools:Warning: Failed to import '../../../../../../Users/Samantha/Desktop/Help Sergio/WATER-DRIPPING-IN-CAVE3.R.wav'. Failed to create asset '/Game/Sergio/WATER-DRIPPING-IN-CAVE3_R'
[2015.09.17-22.19.05:229][954]LogD3D11RHI: InitD3DDevice
[2015.09.17-22.19.06:075][954]LogFileHelpers: Editor autosave (incl. sublevels) for '/Game/Scene/NewCave' took 0.165
[2015.09.17-22.19.06:108][954]LogSavePackage: Save=11.838978ms
[2015.09.17-22.19.06:108][954]LogSavePackage: Moving '../../../../../../Users/Samantha/Desktop/God-Killer/Saved/_Dark_Souls__Iron_Lumberjacks__1__audio_Auto1165AC3AB43955A6865A6759F88B09E9E.tmp' to '../../../../../../Users/Samantha/Desktop/God-Killer/Saved/Autosaves/Game/_Dark_Souls__Iron_Lumberjacks__1__audio_Auto1.uasset'
[2015.09.17-22.19.06:123][954]Cmd: OBJ SAVEPACKAGE PACKAGE="/Game/animal-bats-cave" FILE="../../../../../../Users/Samantha/Desktop/God-Killer/Saved/Autosaves/Game/animal-bats-cave_Auto1.uasset" SILENT=false AUTOSAVING=true
[2015.09.17-22.19.06:143][954]LogSavePackage: Save=13.739551ms
[2015.09.17-22.19.06:143][954]LogSavePackage: Moving '../../../../../../Users/Samantha/Desktop/God-Killer/Saved/animal-bats-cave_Auto1BE7EECCF4E973E8CF864DD80304D91D1.tmp' to '../../../../../../Users/Samantha/Desktop/God-Killer/Saved/Autosaves/Game/animal-bats-cave_Auto1.uasset'
[2015.09.17-22.19.06:166][954]Cmd: OBJ SAVEPACKAGE PACKAGE="/Game/LoopBossFightMusic" FILE="../../../../../../Users/Samantha/Desktop/God-Killer/Saved/Autosaves/Game/LoopBossFightMusic_Auto1.uasset" SILENT=false AUTOSAVING=true
[2015.09.17-22.19.06:189][954]LogSavePackage: Save=13.146486ms
[2015.09.17-22.19.06:189][954]LogSavePackage: Moving '../../../../../../Users/Samantha/Desktop/God-Killer/Saved/LoopBossFightMusic_Auto1020F04AA450F32FBBE5C468C900AA20B.tmp' to '../../../../../../Users/Samantha/Desktop/God-Killer/Saved/Autosaves/Game/LoopBossFightMusic_Auto1.uasset'
[2015.09.17-22.19.06:241][954]LogSavePackage: Save=17.920454ms
[2015.09.17-22.19.06:241][954]LogSavePackage: Moving '../../../../../../Users/Samantha/Desktop/God-Killer/Saved/SCI-FI-AMB-HVY-CAVE-WIND_Auto1D44FE46742E59831F44CA29EDAA0B113.tmp' to '../../../../../../Users/Samantha/Desktop/God-Killer/Saved/Autosaves/Game/SCI-FI-AMB-HVY-CAVE-WIND_Auto1.uasset'
[2015.09.17-22.19.06:268][954]Cmd: OBJ SAVEPACKAGE PACKAGE="/Game/water-drip-cave-2" FILE="../../../../../../Users/Samantha/Desktop/God-Killer/Saved/Autosaves/Game/water-drip-cave-2_Auto1.uasset" SILENT=false AUTOSAVING=true
[2015.09.17-22.19.06:286][954]LogSavePackage: Save=12.900157ms
[2015.09.17-22.19.06:286][954]LogSavePackage: Moving '../../../../../../Users/Samantha/Desktop/God-Killer/Saved/water-drip-cave-2_Auto178E9C9A14CAB42BACCFFBBBD4C252EFE.tmp' to '../../../../../../Users/Samantha/Desktop/God-Killer/Saved/Autosaves/Game/water-drip-cave-2_Auto1.uasset'
[2015.09.17-22.19.06:302][954]Cmd: OBJ SAVEPACKAGE PACKAGE="/Game/water-drip-cave-3" FILE="../../../../../../Users/Samantha/Desktop/God-Killer/Saved/Autosaves/Game/water-drip-cave-3_Auto1.uasset" SILENT=false AUTOSAVING=true
[2015.09.17-22.19.06:316][954]LogSavePackage: Save=9.385056ms
[2015.09.17-22.19.06:316][954]LogSavePackage: Moving '../../../../../../Users/Samantha/Desktop/God-Killer/Saved/water-drip-cave-3_Auto153AB2D3D40CD6C92D6D99BA0D2E0B28C.tmp' to '../../../../../../Users/Samantha/Desktop/God-Killer/Saved/Autosaves/Game/water-drip-cave-3_Auto1.uasset'
[2015.09.17-22.19.06:320][954]LogFileHelpers: Auto-saving content packages took 0.243
[2015.09.17-22.19.27:717][ 19]LogEditorViewport: Clicking on Actor (LMB): StaticMeshActor (Stalagmite33)
[2015.09.17-22.19.34:297][ 62]LogD3D11RHI: InitD3DDevice
[2015.09.17-22.19.34:369][ 62]Cmd: OBJ SAVEPACKAGE PACKAGE="/Game/Scene/NewCave" FILE="../../../../../../Users/Samantha/Desktop/God-Killer/Content/Scene/NewCave.umap" SILENT=true AUTOSAVING=false KEEPDIRTY=false
[2015.09.17-22.19.43:572][ 62]LogSavePackage: Save=9016.646484ms
[2015.09.17-22.19.43:574][ 62]LogSavePackage: Moving '../../../../../../Users/Samantha/Desktop/God-Killer/Saved/NewCaveE531720548C15B4ADCA2DB80FCA79721.tmp' to '../../../../../../Users/Samantha/Desktop/God-Killer/Content/Scene/NewCave.umap'
[2015.09.17-22.19.47:714][ 89]LogD3D11RHI: InitD3DDevice
[2015.09.17-22.19.51:654][237]LogD3D11RHI: InitD3DDevice
[2015.09.17-22.19.51:697][237]Cmd: OBJ SAVEPACKAGE PACKAGE="/Game/_Dark_Souls__Iron_Lumberjacks__1__audio" FILE="../../../../../../Users/Samantha/Desktop/God-Killer/Content/_Dark_Souls__Iron_Lumberjacks__1__audio.uasset" SILENT=true
[2015.09.17-22.19.51:711][237]LogSavePackage: Save=9.536780ms
[2015.09.17-22.19.51:711][237]LogSavePackage: Moving '../../../../../../Users/Samantha/Desktop/God-Killer/Saved/_Dark_Souls__Iron_Lumberjacks__1__audio65324AFC41A07CE552F5818C40DF73F3.tmp' to '../../../../../../Users/Samantha/Desktop/God-Killer/Content/_Dark_Souls__Iron_Lumberjacks__1__audio.uasset'
[2015.09.17-22.19.51:746][237]Cmd: OBJ SAVEPACKAGE PACKAGE="/Game/animal-bats-cave" FILE="../../../../../../Users/Samantha/Desktop/God-Killer/Content/animal-bats-cave.uasset" SILENT=true
[2015.09.17-22.19.51:761][237]LogSavePackage: Save=9.050369ms
[2015.09.17-22.19.51:761][237]LogSavePackage: Moving '../../../../../../Users/Samantha/Desktop/God-Killer/Saved/animal-bats-cave1A586A704350F2D3CF2A7486EFE58BBE.tmp' to '../../../../../../Users/Samantha/Desktop/God-Killer/Content/animal-bats-cave.uasset'
[2015.09.17-22.19.51:835][237]Cmd: OBJ SAVEPACKAGE PACKAGE="/Game/LoopBossFightMusic" FILE="../../../../../../Users/Samantha/Desktop/God-Killer/Content/LoopBossFightMusic.uasset" SILENT=true
[2015.09.17-22.19.51:849][237]LogSavePackage: Save=9.115968ms
[2015.09.17-22.19.51:849][237]LogSavePackage: Moving '../../../../../../Users/Samantha/Desktop/God-Killer/Saved/LoopBossFightMusicFBA8E57F4AA371A5F2F5F1B998B7D06B.tmp' to '../../../../../../Users/Samantha/Desktop/God-Killer/Content/LoopBossFightMusic.uasset'
[2015.09.17-22.19.51:884][237]Cmd: OBJ SAVEPACKAGE PACKAGE="/Game/SCI-FI-AMB-HVY-CAVE-WIND" FILE="../../../../../../Users/Samantha/Desktop/God-Killer/Content/SCI-FI-AMB-HVY-CAVE-WIND.uasset" SILENT=true
[2015.09.17-22.19.51:898][237]LogSavePackage: Save=9.352034ms
[2015.09.17-22.19.51:898][237]LogSavePackage: Moving '../../../../../../Users/Samantha/Desktop/God-Killer/Saved/SCI-FI-AMB-HVY-CAVE-WIND407D94CE48237128F11328BA52F748F9.tmp' to '../../../../../../Users/Samantha/Desktop/God-Killer/Content/SCI-FI-AMB-HVY-CAVE-WIND.uasset'
[2015.09.17-22.19.51:927][237]Cmd: OBJ SAVEPACKAGE PACKAGE="/Game/water-drip-cave-2" FILE="../../../../../../Users/Samantha/Desktop/God-Killer/Content/water-drip-cave-2.uasset" SILENT=true
[2015.09.17-22.19.51:941][237]LogSavePackage: Save=9.366759ms
[2015.09.17-22.19.51:941][237]LogSavePackage: Moving '../../../../../../Users/Samantha/Desktop/God-Killer/Saved/water-drip-cave-21362C8294AF88BD3A798AFA3D5AA91EF.tmp' to '../../../../../../Users/Samantha/Desktop/God-Killer/Content/water-drip-cave-2.uasset'
[2015.09.17-22.19.51:970][237]Cmd: OBJ SAVEPACKAGE PACKAGE="/Game/water-drip-cave-3" FILE="../../../../../../Users/Samantha/Desktop/God-Killer/Content/water-drip-cave-3.uasset" SILENT=true
[2015.09.17-22.19.52:002][237]LogSavePackage: Save=27.039993ms
[2015.09.17-22.19.52:002][237]LogSavePackage: Moving '../../../../../../Users/Samantha/Desktop/God-Killer/Saved/water-drip-cave-3F4B032FF4D1FA402F1E198AB75687C59.tmp' to '../../../../../../Users/Samantha/Desktop/God-Killer/Content/water-drip-cave-3.uasset'
[2015.09.17-22.19.55:727][262]LogWindowsTextInputMethodSystem:Display: IME system now deactivated.
[2015.09.17-22.19.55:728][262]LogWindowsTextInputMethodSystem:Display: IME system now deactivated.
[2015.09.17-22.19.57:042][263]Cmd: QUIT_EDITOR
[2015.09.17-22.19.58:926][263]LogExit: Preparing to exit.
[2015.09.17-22.20.00:405][263]LogExit: Editor shut down
[2015.09.17-22.20.00:407][263]LogExit: Transaction tracking system shut down
[2015.09.17-22.20.00:457][263]LogParticles: Destroying 0 GPU particle simulations for FXSystem 0x000000158C7E8F40
[2015.09.17-22.20.00:464][263]LogParticles: Destroying 0 GPU particle simulations for FXSystem 0x000000159DC349A0
[2015.09.17-22.20.00:465][263]LogParticles: Destroying 0 GPU particle simulations for FXSystem 0x00000015A0A9F880
[2015.09.17-22.20.00:465][263]LogParticles: Destroying 0 GPU particle simulations for FXSystem 0x000000159F59C5E0
[2015.09.17-22.20.02:101][263]LogExit: Object subsystem successfully closed.
[2015.09.17-22.20.02:378][263]LogD3D11RHI: Shutdown
[2015.09.17-22.20.02:378][263]LogD3D11RHI: CleanupD3DDevice
[2015.09.17-22.20.02:869][263]LogD3D11RHI: ~FD3D11DynamicRHI
[2015.09.17-22.20.03:159][263]LogModuleManager: Shutting down and abandoning module CrashTracker (188)
[2015.09.17-22.20.03:161][263]LogModuleManager: Shutting down and abandoning module SceneOutliner (187)
[2015.09.17-22.20.03:161][263]LogModuleManager: Shutting down and abandoning module SuperSearch (186)
[2015.09.17-22.20.03:161][263]LogModuleManager: Shutting down and abandoning module WidgetCarousel (185)
[2015.09.17-22.20.03:181][263]LogModuleManager: Shutting down and abandoning module AddContentDialog (184)
[2015.09.17-22.20.03:223][263]LogModuleManager: Shutting down and abandoning module EditorWidgets (183)
[2015.09.17-22.20.03:223][263]LogModuleManager: Shutting down and abandoning module CollectionManager (182)
[2015.09.17-22.20.03:235][263]LogModuleManager: Shutting down and abandoning module StatsViewer (181)
[2015.09.17-22.20.03:253][263]LogModuleManager: Shutting down and abandoning module FoliageEdit (180)
[2015.09.17-22.20.03:257][263]LogModuleManager: Shutting down and abandoning module LandscapeEditor (179)
[2015.09.17-22.20.03:280][263]LogModuleManager: Shutting down and abandoning module ActorPickerMode (178)
[2015.09.17-22.20.03:280][263]LogModuleManager: Shutting down and abandoning module GeometryMode (177)
[2015.09.17-22.20.03:280][263]LogModuleManager: Shutting down and abandoning module TextureAlignMode (176)
[2015.09.17-22.20.03:280][263]LogModuleManager: Shutting down and abandoning module BspMode (175)
[2015.09.17-22.20.03:280][263]LogModuleManager: Shutting down and abandoning module PlacementMode (174)
[2015.09.17-22.20.03:287][263]LogModuleManager: Shutting down and abandoning module AutomationWorker (173)
[2015.09.17-22.20.03:287][263]LogModuleManager: Shutting down and abandoning module CharacterAI (172)
[2015.09.17-22.20.03:287][263]LogModuleManager: Shutting down and abandoning module SmartSnapping (171)
[2015.09.17-22.20.03:287][263]LogModuleManager: Shutting down and abandoning module ViewportSnapping (170)
[2015.09.17-22.20.03:287][263]LogModuleManager: Shutting down and abandoning module LogVisualizer (169)
[2015.09.17-22.20.03:307][263]LogModuleManager: Shutting down and abandoning module GameProjectGeneration (168)
[2015.09.17-22.20.03:327][263]LogModuleManager: Shutting down and abandoning module IntroTutorials (167)
[2015.09.17-22.20.03:364][263]LogModuleManager: Shutting down and abandoning module EditorLiveStreaming (166)
[2015.09.17-22.20.03:364][263]LogModuleManager: Shutting down and abandoning module IOSPlatformEditor (165)
[2015.09.17-22.20.03:374][263]LogModuleManager: Shutting down and abandoning module HTML5PlatformEditor (164)
[2015.09.17-22.20.03:374][263]LogModuleManager: Shutting down and abandoning module AndroidDeviceDetection (163)
[2015.09.17-22.20.03:643][263]LogModuleManager: Shutting down and abandoning module AndroidPlatformEditor (162)
[2015.09.17-22.20.03:643][263]LogModuleManager: Shutting down and abandoning module IOSRuntimeSettings (161)
[2015.09.17-22.20.03:643][263]LogModuleManager: Shutting down and abandoning module AndroidRuntimeSettings (160)
[2015.09.17-22.20.03:643][263]LogModuleManager: Shutting down and abandoning module MergeActors (159)
[2015.09.17-22.20.03:702][263]LogModuleManager: Shutting down and abandoning module SizeMap (158)
[2015.09.17-22.20.03:702][263]LogModuleManager: Shutting down and abandoning module TreeMap (157)
[2015.09.17-22.20.03:707][263]LogModuleManager: Shutting down and abandoning module ReferenceViewer (156)
[2015.09.17-22.20.03:708][263]LogModuleManager: Shutting down and abandoning module LocalizationDashboard (155)
[2015.09.17-22.20.03:715][263]LogModuleManager: Shutting down and abandoning module HardwareTargeting (154)
[2015.09.17-22.20.03:715][263]LogModuleManager: Shutting down and abandoning module DeviceProfileEditor (153)
[2015.09.17-22.20.03:726][263]LogModuleManager: Shutting down and abandoning module UndoHistory (152)
[2015.09.17-22.20.03:735][263]LogModuleManager: Shutting down and abandoning module GameplayTagsEditor (151)
[2015.09.17-22.20.03:740][263]LogModuleManager: Shutting down and abandoning module UserFeedback (150)
[2015.09.17-22.20.03:741][263]LogModuleManager: Shutting down and abandoning module XmlParser (149)
[2015.09.17-22.20.03:741][263]LogModuleManager: Shutting down and abandoning module Blutility (148)
[2015.09.17-22.20.03:741][263]LogModuleManager: Shutting down and abandoning module ProjectTargetPlatformEditor (147)
[2015.09.17-22.20.03:741][263]LogModuleManager: Shutting down and abandoning module ProjectSettingsViewer (146)
[2015.09.17-22.20.03:741][263]LogModuleManager: Shutting down and abandoning module InputBindingEditor (145)
[2015.09.17-22.20.03:776][263]LogModuleManager: Shutting down and abandoning module EditorSettingsViewer (144)
[2015.09.17-22.20.03:776][263]LogModuleManager: Shutting down and abandoning module SettingsEditor (143)
[2015.09.17-22.20.03:791][263]LogModuleManager: Shutting down and abandoning module ProjectLauncher (142)
[2015.09.17-22.20.03:814][263]LogModuleManager: Shutting down and abandoning module SessionFrontend (141)
[2015.09.17-22.20.03:826][263]LogModuleManager: Shutting down and abandoning module ProfilerClient (140)
[2015.09.17-22.20.03:834][263]LogModuleManager: Shutting down and abandoning module TargetDeviceServices (139)
[2015.09.17-22.20.03:834][263]LogModuleManager: Shutting down and abandoning module DeviceManager (138)
[2015.09.17-22.20.03:840][263]LogModuleManager: Shutting down and abandoning module AutomationController (137)
[2015.09.17-22.20.03:857][263]LogModuleManager: Shutting down and abandoning module AutomationWindow (136)
[2015.09.17-22.20.03:863][263]LogModuleManager: Shutting down and abandoning module Layers (135)
[2015.09.17-22.20.03:879][263]LogModuleManager: Shutting down and abandoning module ComponentVisualizers (134)
[2015.09.17-22.20.03:879][263]LogModuleManager: Shutting down and abandoning module DetailCustomizations (133)
[2015.09.17-22.20.03:880][263]LogModuleManager: Shutting down and abandoning module PackagesDialog (132)
[2015.09.17-22.20.03:880][263]LogModuleManager: Shutting down and abandoning module AssetRegistry (131)
[2015.09.17-22.20.04:065][263]LogModuleManager: Shutting down and abandoning module Persona (130)
[2015.09.17-22.20.04:092][263]LogModuleManager: Shutting down and abandoning module Kismet (129)
[2015.09.17-22.20.04:112][263]LogModuleManager: Shutting down and abandoning module GraphEditor (128)
[2015.09.17-22.20.04:145][263]LogModuleManager: Shutting down and abandoning module ClassViewer (127)
[2015.09.17-22.20.04:157][263]LogModuleManager: Shutting down and abandoning module Toolbox (126)
[2015.09.17-22.20.04:157][263]LogModuleManager: Shutting down and abandoning module ModuleUI (125)
[2015.09.17-22.20.04:171][263]LogModuleManager: Shutting down and abandoning module MovieSceneTools (124)
[2015.09.17-22.20.04:183][263]LogModuleManager: Shutting down and abandoning module OutputLog (123)
[2015.09.17-22.20.04:183][263]LogModuleManager: Shutting down and abandoning module GammaUI (122)
[2015.09.17-22.20.04:201][263]LogModuleManager: Shutting down and abandoning module Documentation (121)
[2015.09.17-22.20.04:201][263]LogModuleManager: Shutting down and abandoning module GameLiveStreaming (120)
[2015.09.17-22.20.04:210][263]LogModuleManager: Shutting down and abandoning module StreamingPauseRendering (119)
[2015.09.17-22.20.04:210][263]LogModuleManager: Shutting down and abandoning module AnalyticsET (118)
[2015.09.17-22.20.04:210][263]LogModuleManager: Shutting down and abandoning module Analytics (117)
[2015.09.17-22.20.04:210][263]LogModuleManager: Shutting down and abandoning module AITestSuite (116)
[2015.09.17-22.20.04:218][263]LogModuleManager: Shutting down and abandoning module GameplayDebugger (115)
[2015.09.17-22.20.04:218][263]LogModuleManager: Shutting down and abandoning module AIModule (114)
[2015.09.17-22.20.04:218][263]LogModuleManager: Shutting down and abandoning module ProfilerService (113)
[2015.09.17-22.20.04:424][263]LogModuleManager: Shutting down and abandoning module TaskGraph (112)
[2015.09.17-22.20.04:439][263]LogModuleManager: Shutting down and abandoning module SlateRemote (111)
[2015.09.17-22.20.04:439][263]LogModuleManager: Shutting down and abandoning module SteamVRController (110)
[2015.09.17-22.20.04:439][263]LogModuleManager: Shutting down and abandoning module SteamVR (109)
[2015.09.17-22.20.04:439][263]LogModuleManager: Shutting down and abandoning module ProceduralMeshComponent (108)
[2015.09.17-22.20.04:439][263]LogModuleManager: Shutting down and abandoning module OculusRift (107)
[2015.09.17-22.20.04:439][263]LogModuleManager: Shutting down and abandoning module LeapMotionController (106)
[2015.09.17-22.20.04:553][263]LogModuleManager: Shutting down and abandoning module CustomMeshComponent (105)
[2015.09.17-22.20.04:553][263]LogModuleManager: Shutting down and abandoning module CableComponent (104)
[2015.09.17-22.20.04:582][263]LogModuleManager: Shutting down and abandoning module MessagingDebugger (103)
[2015.09.17-22.20.04:612][263]LogModuleManager: Shutting down and abandoning module MediaPlayerEditor (102)
[2015.09.17-22.20.04:623][263]LogModuleManager: Shutting down and abandoning module SpeedTreeImporter (101)
[2015.09.17-22.20.04:623][263]LogModuleManager: Shutting down and abandoning module PluginBrowser (100)
[2015.09.17-22.20.04:634][263]LogModuleManager: Shutting down and abandoning module EpicSurvey (99)
[2015.09.17-22.20.04:668][263]LogModuleManager: Shutting down and abandoning module DesktopPlatform (98)
[2015.09.17-22.20.04:709][263]LogModuleManager: Shutting down and abandoning module VisualStudioSourceCodeAccess (97)
[2015.09.17-22.20.04:737][263]LogModuleManager: Shutting down and abandoning module UObjectPlugin (96)
[2015.09.17-22.20.04:737][263]LogModuleManager: Shutting down and abandoning module SubversionSourceControl (95)
[2015.09.17-22.20.04:772][263]LogModuleManager: Shutting down and abandoning module PerforceSourceControl (94)
[2015.09.17-22.20.04:783][263]LogModuleManager: Shutting down and abandoning module SourceControl (93)
[2015.09.17-22.20.04:826][263]LogModuleManager: Shutting down and abandoning module GitSourceControl (92)
[2015.09.17-22.20.04:850][263]LogModuleManager: Shutting down and abandoning module BlankPlugin (91)
[2015.09.17-22.20.04:850][263]LogModuleManager: Shutting down and abandoning module PaperTiledImporter (90)
[2015.09.17-22.20.04:850][263]LogModuleManager: Shutting down and abandoning module PaperSpriteSheetImporter (89)
[2015.09.17-22.20.04:850][263]LogModuleManager: Shutting down and abandoning module MeshPaint (88)
[2015.09.17-22.20.04:870][263]LogModuleManager: Shutting down and abandoning module SlateReflector (87)
[2015.09.17-22.20.04:887][263]LogModuleManager: Shutting down and abandoning module DirectoryWatcher (86)
[2015.09.17-22.20.04:889][263]LogModuleManager: Shutting down and abandoning module HotReload (85)
[2015.09.17-22.20.04:889][263]LogModuleManager: Shutting down and abandoning module MainFrame (84)
[2015.09.17-22.20.04:890][263]LogModuleManager: Shutting down and abandoning module LevelEditor (83)
[2015.09.17-22.20.04:914][263]LogModuleManager: Shutting down and abandoning module ContentBrowser (82)
[2015.09.17-22.20.04:917][263]LogModuleManager: Shutting down and abandoning module Paper2DEditor (81)
[2015.09.17-22.20.04:940][263]LogModuleManager: Shutting down and abandoning module UdpMessaging (80)
[2015.09.17-22.20.05:041][263]LogModuleManager: Shutting down and abandoning module Paper2D (79)
[2015.09.17-22.20.05:053][263]LogModuleManager: Shutting down and abandoning module WindowsMoviePlayer (78)
[2015.09.17-22.20.05:060][263]LogModuleManager: Shutting down and abandoning module Media (77)
[2015.09.17-22.20.05:060][263]LogModuleManager: Shutting down and abandoning module WmfMedia (76)
[2015.09.17-22.20.05:077][263]LogModuleManager: Shutting down and abandoning module OnlineBlueprintSupport (75)
[2015.09.17-22.20.05:077][263]LogModuleManager: Shutting down and abandoning module PropertyEditor (74)
[2015.09.17-22.20.05:077][263]LogModuleManager: Shutting down and abandoning module BehaviorTreeEditor (73)
[2015.09.17-22.20.05:115][263]LogModuleManager: Shutting down and abandoning module FunctionalTesting (72)
[2015.09.17-22.20.05:120][263]LogModuleManager: Shutting down and abandoning module CollisionAnalyzer (71)
[2015.09.17-22.20.05:137][263]LogModuleManager: Shutting down and abandoning module WorkspaceMenuStructure (70)
[2015.09.17-22.20.05:137][263]LogModuleManager: Shutting down and abandoning module MessageLog (69)
[2015.09.17-22.20.05:137][263]LogModuleManager: Shutting down and abandoning module Sequencer (68)
[2015.09.17-22.20.05:215][263]LogModuleManager: Shutting down and abandoning module AssetTools (67)
[2015.09.17-22.20.05:258][263]LogModuleManager: Shutting down and abandoning module UMGEditor (66)
[2015.09.17-22.20.05:338][263]LogModuleManager: Shutting down and abandoning module UMG (65)
[2015.09.17-22.20.05:338][263]LogModuleManager: Shutting down and abandoning module Slate (64)
[2015.09.17-22.20.05:338][263]LogModuleManager: Shutting down and abandoning module EditorStyle (63)
[2015.09.17-22.20.05:352][263]LogModuleManager: Shutting down and abandoning module SessionServices (62)
[2015.09.17-22.20.05:352][263]LogModuleManager: Shutting down and abandoning module SourceCodeAccess (61)
[2015.09.17-22.20.05:352][263]LogModuleManager: Shutting down and abandoning module HeadMountedDisplay (60)
[2015.09.17-22.20.05:352][263]LogModuleManager: Shutting down and abandoning module Networking (57)
[2015.09.17-22.20.05:352][263]LogModuleManager: Shutting down and abandoning module Core (56)
[2015.09.17-22.20.05:352][263]LogModuleManager: Shutting down and abandoning module KismetCompiler (55)
[2015.09.17-22.20.05:386][263]LogModuleManager: Shutting down and abandoning module PhysXFormats (54)
[2015.09.17-22.20.05:386][263]LogModuleManager: Shutting down and abandoning module MeshUtilities (53)
[2015.09.17-22.20.05:414][263]LogModuleManager: Shutting down and abandoning module DerivedDataCache (52)
[2015.09.17-22.20.05:464][263]LogDerivedDataCache: Shutdown
[2015.09.17-22.20.05:464][263]LogModuleManager: Shutting down and abandoning module ShaderFormatOpenGL (51)
[2015.09.17-22.20.05:490][263]LogModuleManager: Shutting down and abandoning module ShaderFormatD3D (50)
[2015.09.17-22.20.05:490][263]LogModuleManager: Shutting down and abandoning module MetalShaderFormat (49)
[2015.09.17-22.20.05:497][263]LogModuleManager: Shutting down and abandoning module TextureFormatUncompressed (48)
[2015.09.17-22.20.05:497][263]LogModuleManager: Shutting down and abandoning module TextureFormatPVR (47)
[2015.09.17-22.20.05:497][263]LogModuleManager: Shutting down and abandoning module TextureFormatIntelISPCTexComp (46)
[2015.09.17-22.20.05:497][263]LogModuleManager: Shutting down and abandoning module TextureFormatDXT (45)
[2015.09.17-22.20.05:497][263]LogModuleManager: Shutting down and abandoning module ImageWrapper (44)
[2015.09.17-22.20.05:498][263]LogModuleManager: Shutting down and abandoning module TextureFormatASTC (43)
[2015.09.17-22.20.05:498][263]LogModuleManager: Shutting down and abandoning module TextureFormatAndroid (42)
[2015.09.17-22.20.05:498][263]LogModuleManager: Shutting down and abandoning module AudioFormatOpus (41)
[2015.09.17-22.20.05:520][263]LogModuleManager: Shutting down and abandoning module AudioFormatOgg (40)
[2015.09.17-22.20.05:520][263]LogModuleManager: Shutting down and abandoning module AudioFormatADPCM (39)
[2015.09.17-22.20.05:520][263]LogModuleManager: Shutting down and abandoning module LinuxTargetPlatform (38)
[2015.09.17-22.20.05:520][263]LogModuleManager: Shutting down and abandoning module LinuxServerTargetPlatform (37)
[2015.09.17-22.20.05:520][263]LogModuleManager: Shutting down and abandoning module LinuxNoEditorTargetPlatform (36)
[2015.09.17-22.20.05:520][263]LogModuleManager: Shutting down and abandoning module Messaging (35)
[2015.09.17-22.20.05:520][263]LogModuleManager: Shutting down and abandoning module IOSTargetPlatform (34)
[2015.09.17-22.20.05:520][263]LogModuleManager: Shutting down and abandoning module HTML5TargetPlatform (33)
[2015.09.17-22.20.05:520][263]LogModuleManager: Shutting down and abandoning module Android_PVRTCTargetPlatform (32)
[2015.09.17-22.20.05:520][263]LogModuleManager: Shutting down and abandoning module Android_ETC2TargetPlatform (31)
[2015.09.17-22.20.05:520][263]LogModuleManager: Shutting down and abandoning module Android_ETC1TargetPlatform (30)
[2015.09.17-22.20.05:520][263]LogModuleManager: Shutting down and abandoning module Android_DXTTargetPlatform (29)
[2015.09.17-22.20.05:520][263]LogModuleManager: Shutting down and abandoning module Android_ATCTargetPlatform (28)
[2015.09.17-22.20.05:520][263]LogModuleManager: Shutting down and abandoning module Android_ASTCTargetPlatform (27)
[2015.09.17-22.20.05:520][263]LogModuleManager: Shutting down and abandoning module AndroidTargetPlatform (26)
[2015.09.17-22.20.05:520][263]LogModuleManager: Shutting down and abandoning module WindowsTargetPlatform (25)
[2015.09.17-22.20.05:520][263]LogModuleManager: Shutting down and abandoning module WindowsServerTargetPlatform (24)
[2015.09.17-22.20.05:520][263]LogModuleManager: Shutting down and abandoning module WindowsNoEditorTargetPlatform (23)
[2015.09.17-22.20.05:520][263]LogModuleManager: Shutting down and abandoning module WindowsClientTargetPlatform (22)
[2015.09.17-22.20.05:520][263]LogModuleManager: Shutting down and abandoning module DesktopTargetPlatform (21)
[2015.09.17-22.20.05:520][263]LogModuleManager: Shutting down and abandoning module TargetPlatform (20)
[2015.09.17-22.20.05:520][263]LogModuleManager: Shutting down and abandoning module InputCore (19)
[2015.09.17-22.20.05:521][263]LogModuleManager: Shutting down and abandoning module Settings (18)
[2015.09.17-22.20.05:521][263]LogModuleManager: Shutting down and abandoning module OnlineSubsystem (16)
[2015.09.17-22.20.05:521][263]LogModuleManager: Shutting down and abandoning module HTTP (15)
[2015.09.17-22.20.05:521][263]LogModuleManager: Shutting down and abandoning module ExampleDeviceProfileSelector (14)
[2015.09.17-22.20.05:521][263]LogModuleManager: Shutting down and abandoning module TextureCompressor (13)
[2015.09.17-22.20.05:522][263]LogModuleManager: Shutting down and abandoning module ShaderCore (12)
[2015.09.17-22.20.05:522][263]LogModuleManager: Shutting down and abandoning module Landscape (11)
[2015.09.17-22.20.05:522][263]LogModuleManager: Shutting down and abandoning module SlateRHIRenderer (10)
[2015.09.17-22.20.05:579][263]LogModuleManager: Shutting down and abandoning module OpenGLDrv (9)
[2015.09.17-22.20.05:601][263]LogModuleManager: Shutting down and abandoning module D3D11RHI (8)
[2015.09.17-22.20.05:601][263]LogModuleManager: Shutting down and abandoning module Renderer (7)
[2015.09.17-22.20.05:601][263]LogModuleManager: Shutting down and abandoning module Engine (6)
[2015.09.17-22.20.05:601][263]LogModuleManager: Shutting down and abandoning module CoreUObject (5)
[2015.09.17-22.20.05:601][263]LogModuleManager: Shutting down and abandoning module NetworkFile (4)
[2015.09.17-22.20.05:619][263]LogModuleManager: Shutting down and abandoning module StreamingFile (3)
[2015.09.17-22.20.05:620][263]LogModuleManager: Shutting down and abandoning module SandboxFile (2)
[2015.09.17-22.20.05:644][263]LogModuleManager: Shutting down and abandoning module PakFile (1)
[2015.09.17-22.20.05:709][263]LogExit: Exiting.
[2015.09.17-22.20.05:926][263]Log file closed, 09/17/15 15:20:05
