Log file open, 05/01/15 12:08:48
LogInit:Display: Running engine for game: GodKiller
LogInit: Version: 4.7.6-2513093+++depot+UE4-Releases+4.7
LogInit: API Version: 2455222
LogInit: Compiled (64-bit): Apr 15 2015 12:09:54
LogInit: Compiled with Visual C++: 18.00.21005.01
LogInit: Build Configuration: Development
LogInit: Branch Name: ++depot+UE4-Releases+4.7
LogInit: Command line:  
LogInit: Base directory: E:/Program Files/Epic Games/4.7/Engine/Binaries/Win64/
LogInit: Rocket: 1
[2015.05.01-19.08.48:831][  0]LogTaskGraph: Started task graph with 3 named threads and 6 total threads.
[2015.05.01-19.08.48:916][  0]LogOnline:Warning: No default platform service specified for OnlineSubsystem
[2015.05.01-19.08.49:030][  0]LogInit: Presizing for 0 objects not considered by GC, pre-allocating 0 bytes.
[2015.05.01-19.08.49:138][  0]LogInit: Object subsystem initialized
[2015.05.01-19.08.49:212][  0]LogConsoleResponse:Warning: Skipping Unknown console variable: 'TranslucentSortAxis = (X=0.000000,Y=-1.000000,Z=0.000000)'
[2015.05.01-19.08.49:212][  0]LogConsoleResponse:Warning:   Found in ini file 'E:/Documents/GitHub/God-Killer/Saved/Config/Windows/Engine.ini', in section '[/Script/Engine.RendererSettings]'
[2015.05.01-19.08.49:212][  0]LogConsoleResponse:Warning: Skipping Unknown console variable: 'UIScaleRule = ShortestSide'
[2015.05.01-19.08.49:212][  0]LogConsoleResponse:Warning:   Found in ini file 'E:/Documents/GitHub/God-Killer/Saved/Config/Windows/Engine.ini', in section '[/Script/Engine.RendererSettings]'
[2015.05.01-19.08.49:212][  0]LogConsoleResponse:Warning: Skipping Unknown console variable: 'UIScaleCurve = (EditorCurveData=(Keys=),ExternalCurve=None)'
[2015.05.01-19.08.49:212][  0]LogConsoleResponse:Warning:   Found in ini file 'E:/Documents/GitHub/God-Killer/Saved/Config/Windows/Engine.ini', in section '[/Script/Engine.RendererSettings]'
[2015.05.01-19.08.49:248][  0]LogInit: Selected Device Profile: [Windows]
[2015.05.01-19.08.49:248][  0]LogInit: Applying CVar settings loaded from the selected device profile: [Windows]
[2015.05.01-19.08.49:348][  0]LogInit: Computer: JOSEPH-PC
[2015.05.01-19.08.49:348][  0]LogInit: User: Joseph
[2015.05.01-19.08.49:348][  0]LogInit: CPU Page size=4096, Cores=4
[2015.05.01-19.08.49:348][  0]LogInit: High frequency timer resolution =3.919443 MHz
[2015.05.01-19.08.49:348][  0]LogMemory: Memory total: Physical=15.9GB (16GB approx) Virtual=8192.0GB
[2015.05.01-19.08.49:348][  0]LogMemory: Platform Memory Stats for Windows
[2015.05.01-19.08.49:348][  0]LogMemory: Process Physical Memory: 52.71 MB used, 52.71 MB peak
[2015.05.01-19.08.49:348][  0]LogMemory: Process Virtual Memory: 27.89 MB used, 28.00 MB peak
[2015.05.01-19.08.49:348][  0]LogMemory: Physical Memory: 4665.60 MB used, 16280.89 MB total
[2015.05.01-19.08.49:348][  0]LogMemory: Virtual Memory: 284.85 MB used, 8388608.00 MB total
[2015.05.01-19.08.49:481][  0]LogD3D11RHI: Found D3D11 adapter 0: AMD Radeon R9 200 Series (Feature Level 11_0)
[2015.05.01-19.08.49:481][  0]LogD3D11RHI: Adapter has 4073MB of dedicated video memory, 0MB of dedicated system memory, and 3840MB of shared system memory, 1 output[s]
[2015.05.01-19.08.49:481][  0]LogD3D11RHI: Chosen D3D11 Adapter Id = 0
[2015.05.01-19.08.49:493][  0]LogRHI: Texture pool is 1361 MB (70% of 1945 MB)
[2015.05.01-19.08.49:516][  0]LogD3D11RHI: Async texture creation disabled: no driver support
[2015.05.01-19.08.50:586][  0]LogTextLocalizationManager: The requested culture ('en_US') has no localization data; parent culture's ('en') localization data will be used.
[2015.05.01-19.08.50:742][  0]LogTextLocalizationManager:Warning: Loading localization resources contain conflicting entries for (Namespace:UICommands, Key:Save_ToolTip):
Resource: (E:/Program Files/Epic Games/4.7/Engine/Content/Localization/Editor/en/Editor.locres) Hash: (-29098895) String: (Saves the current level to disk)
Resource: (E:/Program Files/Epic Games/4.7/Engine/Content/Localization/Engine/en/Engine.locres) Hash: (-1280300587) String: (Save selected data to vlog file)
[2015.05.01-19.08.50:742][  0]LogTextLocalizationManager:Warning: Loading localization resources contain conflicting entries for (Namespace:ContentBrowser, Key:ImportAssetToolTip):
Resource: (E:/Program Files/Epic Games/4.7/Engine/Content/Localization/Editor/en/Editor.locres) Hash: (-630476809) String: (Import to {0}...)
Resource: (E:/Program Files/Epic Games/4.7/Engine/Content/Localization/Editor/en/Editor.locres) Hash: (1271782899) String: (Imports an asset from file to this folder.)
[2015.05.01-19.08.50:860][  0]LogContentStreaming: Texture pool size is 0.000000MB
[2015.05.01-19.08.56:488][  0]LogTargetPlatformManager:Display: Building Assets For Windows
[2015.05.01-19.08.58:274][  0]LogTargetPlatformManager:Display: Building Assets For Windows
[2015.05.01-19.08.58:538][  0]LogDerivedDataCache:Display: Max Cache Size: 512 MB
[2015.05.01-19.08.58:732][  0]LogDerivedDataCache: Loaded boot cache 0.17s 39MB C:/Users/Joseph/AppData/Local/UnrealEngine/4.7/DerivedDataCache/Boot.ddc.
[2015.05.01-19.08.58:732][  0]LogDerivedDataCache:Display: Loaded Boot cache: C:/Users/Joseph/AppData/Local/UnrealEngine/4.7/DerivedDataCache/Boot.ddc
[2015.05.01-19.08.58:733][  0]LogDerivedDataCache: FDerivedDataBackendGraph:  Pak pak cache file ../../../../../../Documents/GitHub/God-Killer/DerivedDataCache/DDC.ddp not found, will not use a pak cache.
[2015.05.01-19.08.58:733][  0]LogDerivedDataCache: Unable to find inner node Pak for hierarchical cache Hierarchy.
[2015.05.01-19.08.58:893][  0]LogDerivedDataCache:Display: Pak cache opened for reading ../../../Engine/DerivedDataCache/Compressed.ddp.
[2015.05.01-19.08.58:906][  0]LogDerivedDataCache: Using Local data cache path C:/Users/Joseph/AppData/Local/UnrealEngine/Common/DerivedDataCache: Writable
[2015.05.01-19.09.04:542][  0]LogMeshUtilities: No automatic mesh reduction module available
[2015.05.01-19.09.04:542][  0]LogMeshUtilities: No automatic mesh merging module available
[2015.05.01-19.09.07:262][  0]LogInit: WinSock: version 1.1 (2.2), MaxSocks=32767, MaxUdp=65467
[2015.05.01-19.09.07:664][  0]LogSlate:Warning: Failed to load font data from '../../../Engine/Content/Slate/Fonts/Roboto-Italic.ttf'
[2015.05.01-19.09.20:664][  0]UdpMessaging: Initializing bridge on interface 0.0.0.0:0 to multicast group 230.0.0.1:6666.
[2015.05.01-19.09.21:622][  0]SourceControl: Info Source control is disabled
[2015.05.01-19.09.21:633][  0]SourceControl: Info Source control is disabled
[2015.05.01-19.09.21:633][  0]SourceControl: Info Source control is disabled
[2015.05.01-19.09.21:633][  0]LogSourceControl: RunCommandInternalRaw: 'git version'
[2015.05.01-19.09.21:633][  0]LogSourceControl: RunCommandInternalRaw: ExecProcess ReturnCode=2 OutResults=''
[2015.05.01-19.09.21:660][  0]SourceControl: Info Source control is disabled
[2015.05.01-19.09.22:959][  0]LogObj: 24232 objects as part of root set at end of initial load.
[2015.05.01-19.09.22:959][  0]LogUObjectAllocator: 5137176 out of 0 bytes used by permanent object pool.
[2015.05.01-19.09.23:496][  0]LogEngine: Initializing Engine...
[2015.05.01-19.09.26:021][  0]LogInit: XAudio2 using '1 - LG ULTRAWIDE (AMD High Definition Audio Device)' : 2 channels at 48 kHz using 16 bits per sample (channel mask 0x3)
[2015.05.01-19.09.26:074][  0]LogInit: FAudioDevice initialized.
[2015.05.01-19.09.26:517][  0]LogAIModule: Creating AISystem for world NewWorld
[2015.05.01-19.09.26:581][  0]LogDerivedDataCache: Saved boot cache 0.03s 39MB C:/Users/Joseph/AppData/Local/UnrealEngine/4.7/DerivedDataCache/Boot.ddc.
[2015.05.01-19.09.26:590][  0]LogInit: Texture streaming: Enabled
[2015.05.01-19.09.27:109][  0]LogAnalytics: Creating configured Analytics provider AnalyticsET
[2015.05.01-19.09.27:110][  0]LogAnalytics: ET APIKey = Rocket.Release. APIServer = http://et2.epicgames.com/ET2/. AppVersion = 4.7.6-2513093+++depot+UE4-Releases+4.7
[2015.05.01-19.09.27:110][  0]LogAnalytics: ET APIKey = Rocket.Release. DataRouterUploadURL = https://datarouter-public-service-gamedev.ol.epicgames.net/datarouter/api/v1/public/data. AppVersion = 4.7.6-2513093+++depot+UE4-Releases+4.7
[2015.05.01-19.09.27:110][  0]LogAnalytics: SetUserId b9e16797403c47e8d8c7f7803aa9954f|fbedbf84e6654fb9830ed15a26abc575|2ed228c2-85a1-483a-b700-9447107bbaed
[2015.05.01-19.09.27:121][  0]LogAnalytics: AnalyticsET::StartSession [Rocket.Release]
[2015.05.01-19.09.27:225][  0]LogInit: Transaction tracking system initialized
[2015.05.01-19.09.28:305][  0]BlueprintLog: New page: Editor Load
[2015.05.01-19.09.28:398][  0]LogAssetRegistry: FAssetRegistry took 0.0099 seconds to start up
[2015.05.01-19.09.28:399][  0]LogDirectoryWatcher:Warning: Failed to begin reading directory changes for ../../../Engine/Plugins/Experimental/CharacterAI/Content/. Error: 0
[2015.05.01-19.09.31:441][  0]LogTargetPlatformManager:Display: Building Assets For Windows
[2015.05.01-19.09.32:491][  0]LogTargetPlatformManager:Display: Building Assets For Windows
[2015.05.01-19.09.34:730][  0]LogSlate:Warning: Failed to load font data from '../../../Engine/Content/Editor/Slate/Fonts/Roboto-Regular.ttf'
[2015.05.01-19.09.34:732][  0]LogSlate:Warning: Failed to load font data from '../../../Engine/Content/Editor/Slate/Fonts/Roboto-Bold.ttf'
[2015.05.01-19.09.34:827][  0]LogConsoleResponse:Display: 
[2015.05.01-19.09.36:338][  0]LogCook:Display: Done creating registry. It took  0.00s.
[2015.05.01-19.09.38:278][  0]SourceControl: Info Source control is disabled
[2015.05.01-19.09.38:364][  0]Cmd: MAP LOAD FILE="../../../../../../Documents/GitHub/God-Killer/Content/ThirdPersonBP/Maps/ThirdPersonExampleMap.umap" TEMPLATE=0 SHOWPROGRESS=1 FEATURELEVEL=3
[2015.05.01-19.09.38:404][  0]LightingResults: New page: Lighting Build
[2015.05.01-19.09.38:580][  0]MapCheck: New page: Map Check
[2015.05.01-19.09.38:580][  0]LightingResults: New page: Lighting Build
[2015.05.01-19.09.38:770][  0]LogParticles: Destroying 0 GPU particle simulations for FXSystem 0x0000000013D90680
[2015.05.01-19.09.39:102][  0]LogLinker:Warning: Asset '../../../Engine/Content/EngineMeshes/Humanoid.uasset' has been saved with empty engine version. The asset will be loaded but may be incompatible.
[2015.05.01-19.09.44:806][  0]LogEditorServer: Finished looking for orphan Actors (0.000 secs)
[2015.05.01-19.09.46:227][  0]LogAIModule: Creating AISystem for world ThirdPersonExampleMap
[2015.05.01-19.09.46:253][  0]Cmd: MAP CHECKDEP
[2015.05.01-19.09.46:262][  0]MapCheck: New page: ThirdPersonExampleMap - May 1, 2015, 5:09:46 AM
[2015.05.01-19.09.46:474][  0]MapCheck: Info Map check complete: 0 Error(s), 0 Warning(s), took 221.161ms to complete.
[2015.05.01-19.09.46:474][  0]LogFileHelpers: Loading map 'ThirdPersonExampleMap' took 8.153
[2015.05.01-19.09.47:360][  0]LogCollectionManager: Loaded 0 collections in 0.002204 seconds
[2015.05.01-19.09.47:379][  0]LogContentBrowser: Native class hierarchy populated in 0.0186 seconds. Added 1696 classes and 261 folders.
[2015.05.01-19.09.47:820][  0]LogContentBrowser: Native class hierarchy updated for 'SceneOutliner' in 0.0073 seconds. Added 1 classes and 2 folders.
[2015.05.01-19.09.48:322][  0]LogCrashTracker: Crashtracker disabled due to settings.
[2015.05.01-19.09.48:350][  0]LogSlate:Warning: Failed to load font data from 'Veranda'
[2015.05.01-19.09.48:404][  0]LogUObjectGlobals:Warning: Failed to find object 'Class None.'
[2015.05.01-19.09.48:492][  0]LogLoad: Full Startup: 67.04 seconds (BP compile: 1.99 seconds)
[2015.05.01-19.09.48:907][  0]LogContentBrowser:Verbose: The content browser source was changed by the sources view to '/Game/ThirdPersonBP/Blueprints'
[2015.05.01-19.09.49:426][  0]LogRenderer:Warning: Reallocating scene render targets to support 32x32 (Frame:2).
[2015.05.01-19.09.49:726][  0]LogRenderer:Warning: Reallocating scene render targets to support 1456x968 (Frame:3).
[2015.05.01-19.09.51:143][  5]LogAssetRegistry: Asset discovery search completed in 22.7544 seconds
[2015.05.01-19.11.41:498][852]LogContentBrowser:Verbose: The content browser source was changed by the sources view to '/Game/Scene'
[2015.05.01-19.11.42:818][920]LogParticles:Warning: InitializeSystem called on an unregistered component. Template=/Game/Particles/fire.fire Component=/Game/Scene/NewCave.NewCave:PersistentLevel.fire_5.ParticleSystemComponent0
[2015.05.01-19.11.42:835][920]LogParticles:Warning: InitializeSystem called on an unregistered component. Template=/Game/Particles/fire.fire Component=/Game/Scene/NewCave.NewCave:PersistentLevel.fire2.ParticleSystemComponent0
[2015.05.01-19.11.42:837][920]LogParticles:Warning: InitializeSystem called on an unregistered component. Template=/Game/Particles/fire.fire Component=/Game/Scene/NewCave.NewCave:PersistentLevel.fire3.ParticleSystemComponent0
[2015.05.01-19.11.42:839][920]LogParticles:Warning: InitializeSystem called on an unregistered component. Template=/Game/Particles/fire.fire Component=/Game/Scene/NewCave.NewCave:PersistentLevel.fire4.ParticleSystemComponent0
[2015.05.01-19.11.42:842][920]LogParticles:Warning: InitializeSystem called on an unregistered component. Template=/Game/Particles/fire.fire Component=/Game/Scene/NewCave.NewCave:PersistentLevel.fire5.ParticleSystemComponent0
[2015.05.01-19.11.42:844][920]LogParticles:Warning: InitializeSystem called on an unregistered component. Template=/Game/Particles/fire.fire Component=/Game/Scene/NewCave.NewCave:PersistentLevel.fire6.ParticleSystemComponent0
[2015.05.01-19.11.42:846][920]LogParticles:Warning: InitializeSystem called on an unregistered component. Template=/Game/Particles/fire.fire Component=/Game/Scene/NewCave.NewCave:PersistentLevel.fire7.ParticleSystemComponent0
[2015.05.01-19.11.42:848][920]LogParticles:Warning: InitializeSystem called on an unregistered component. Template=/Game/Particles/fire.fire Component=/Game/Scene/NewCave.NewCave:PersistentLevel.fire8.ParticleSystemComponent0
[2015.05.01-19.11.42:851][920]LogParticles:Warning: InitializeSystem called on an unregistered component. Template=/Game/Particles/fire.fire Component=/Game/Scene/NewCave.NewCave:PersistentLevel.fire9.ParticleSystemComponent0
[2015.05.01-19.11.42:853][920]LogParticles:Warning: InitializeSystem called on an unregistered component. Template=/Game/Particles/fire.fire Component=/Game/Scene/NewCave.NewCave:PersistentLevel.fire10.ParticleSystemComponent0
[2015.05.01-19.11.42:855][920]LogParticles:Warning: InitializeSystem called on an unregistered component. Template=/Game/Particles/fire.fire Component=/Game/Scene/NewCave.NewCave:PersistentLevel.fire11.ParticleSystemComponent0
[2015.05.01-19.11.42:858][920]LogParticles:Warning: InitializeSystem called on an unregistered component. Template=/Game/Particles/fire.fire Component=/Game/Scene/NewCave.NewCave:PersistentLevel.fire12.ParticleSystemComponent0
[2015.05.01-19.11.42:860][920]LogParticles:Warning: InitializeSystem called on an unregistered component. Template=/Game/Particles/fire.fire Component=/Game/Scene/NewCave.NewCave:PersistentLevel.fire13.ParticleSystemComponent0
[2015.05.01-19.11.42:885][920]LogActorComponent: UnregisterComponent: (/Engine/Transient.CharMoveComp) Not registered. Aborting.
[2015.05.01-19.11.42:885][920]LogActorComponent: UnregisterComponent: (/Engine/Transient.CharacterMovementComponent_0) Not registered. Aborting.
[2015.05.01-19.11.43:008][920]Cmd: MAP LOAD FILE="../../../../../../Documents/GitHub/God-Killer/Content/Scene/NewCave.umap" TEMPLATE=0 SHOWPROGRESS=1 FEATURELEVEL=3
[2015.05.01-19.11.43:008][920]LightingResults: New page: Lighting Build
[2015.05.01-19.11.43:074][920]LoadErrors: New page: Loading map: NewCave.umap
[2015.05.01-19.11.43:091][920]MapCheck: New page: Map Check
[2015.05.01-19.11.43:091][920]LightingResults: New page: Lighting Build
[2015.05.01-19.11.43:116][920]LogParticles: Destroying 0 GPU particle simulations for FXSystem 0x000000001AF7EB60
[2015.05.01-19.11.43:598][920]LogEditorServer: Finished looking for orphan Actors (0.000 secs)
[2015.05.01-19.11.43:651][920]LogAIModule: Creating AISystem for world NewCave
[2015.05.01-19.11.43:684][920]Cmd: MAP CHECKDEP
[2015.05.01-19.11.43:684][920]MapCheck: New page: NewCave - May 1, 2015, 5:11:43 AM
[2015.05.01-19.11.43:900][920]MapCheck: Info Map check complete: 0 Error(s), 0 Warning(s), took 215.23ms to complete.
[2015.05.01-19.11.43:930][920]LogFileHelpers: Loading map 'NewCave' took 0.934
[2015.05.01-19.11.44:013][921]Cmd: UpdateLandscapeEditorData -warnings
[2015.05.01-19.11.44:085][921]Cmd: UpdateLandscapeEditorData
[2015.05.01-19.11.49:199][521]LogContentBrowser:Verbose: The content browser source was changed by the sources view to '/Game/Models'
[2015.05.01-19.11.50:240][606]LogContentBrowser:Verbose: The content browser source was changed by the sources view to '/Game/Models/Rocks'
[2015.05.01-19.12.34:535][ 61]LogFactory: FactoryCreateBinary: StaticMesh with FbxFactory (0 0 ../../../../../../Chrome Downloads/rock003.FBX)
[2015.05.01-19.12.34:621][ 61]LogFbx: ItemName: GlobalSettings, ItemCount : 1
[2015.05.01-19.12.34:621][ 61]LogFbx: ItemName: AnimationStack, ItemCount : 1
[2015.05.01-19.12.34:621][ 61]LogFbx: ItemName: AnimationLayer, ItemCount : 1
[2015.05.01-19.12.34:621][ 61]LogFbx: ItemName: Model, ItemCount : 1
[2015.05.01-19.12.34:621][ 61]LogFbx: ItemName: Geometry, ItemCount : 1
[2015.05.01-19.12.34:621][ 61]LogFbx: ItemName: Material, ItemCount : 1
[2015.05.01-19.12.36:114][ 61]LogFbx: Loading FBX Scene from ../../../../../../Chrome Downloads/rock003.FBX
[2015.05.01-19.12.36:135][ 61]LogFbx: FBX Scene Loaded Succesfully
[2015.05.01-19.12.36:157][ 61]LogFbx:Warning: Triangulating static mesh Box001
[2015.05.01-19.12.36:950][ 61]LogFbx: == Initial material list:
[2015.05.01-19.12.36:950][ 61]LogFbx: 0: 02 - Default
[2015.05.01-19.12.36:950][ 61]LogFbx: == After sorting:
[2015.05.01-19.12.36:950][ 61]LogFbx: 0: 02 - Default
[2015.05.01-19.12.36:950][ 61]LogFbx: == Mapping table:
[2015.05.01-19.12.36:950][ 61]LogFbx:   sort 0 -> 0
[2015.05.01-19.12.36:953][ 61]LogStaticMesh: Building static mesh rock003...
[2015.05.01-19.12.37:036][ 61]LogStaticMesh: Built static mesh [83.894066ms] /Game/Models/Rocks/rock003.rock003
[2015.05.01-19.12.37:144][ 61]LogContentBrowser:Verbose: The content browser source was changed by the sources view to 'None'
[2015.05.01-19.12.37:144][ 61]LogContentBrowser:Verbose: The content browser source was changed by the sources view to '/Game/Models/Rocks'
[2015.05.01-19.12.41:538][525]LogActorFactory: Actor Factory created Rock001
[2015.05.01-19.12.42:417][609]LogActorFactory: Actor Factory created Rock001
[2015.05.01-19.12.45:529][841]LogActorFactory: Actor Factory created Rock002
[2015.05.01-19.12.46:792][954]LogActorFactory: Actor Factory created Rock002
[2015.05.01-19.12.57:711][ 38]LogEditorViewport: Clicking on Actor (CTRL LMB): StaticMeshActor (Rock001)
[2015.05.01-19.13.12:217][473]LogMaterial: Missing cached shader map for material celing, compiling. 
[2015.05.01-19.13.12:277][473]LogActorComponent: UnregisterComponent: (/Engine/Transient.SkeletalMeshComponent_1) Not registered. Aborting.
[2015.05.01-19.13.12:426][473]LogActorComponent: UnregisterComponent: (/Engine/Transient.SkeletalMeshComponent_1) Not registered. Aborting.
[2015.05.01-19.13.12:426][473]LogActorComponent: RegisterComponentWithWorld: (/Engine/Transient.MaterialEditorMeshComponent_0) Already registered. Aborting.
[2015.05.01-19.13.12:426][473]LogActorComponent: UnregisterComponent: (/Engine/Transient.SkeletalMeshComponent_1) Not registered. Aborting.
[2015.05.01-19.13.12:426][473]LogActorComponent: RegisterComponentWithWorld: (/Engine/Transient.MaterialEditorMeshComponent_0) Already registered. Aborting.
[2015.05.01-19.13.12:435][473]LogMaterial: Missing cached shader map for material celing, compiling. 
[2015.05.01-19.13.12:440][473]LogMaterial: 0.000076 seconds spent updating 1 materials, 1 interfaces, 0 instances, 0 with static permutations.
[2015.05.01-19.13.12:463][473]LogMaterial: Missing cached shader map for material FMatExpressionPreview MaterialExpressionTextureSample_2, compiling. 
[2015.05.01-19.13.12:465][473]LogMaterial: Missing cached shader map for material FMatExpressionPreview MaterialExpressionTextureSample_0, compiling. 
[2015.05.01-19.13.12:467][473]LogMaterial: Missing cached shader map for material FMatExpressionPreview MaterialExpressionTextureSample_1, compiling. 
[2015.05.01-19.13.15:369][667]MaterialEditorStats: Info Base pass shader with static lighting: 81 instructions
[2015.05.01-19.13.15:369][667]MaterialEditorStats: Info Base pass shader with only dynamic lighting: 50 instructions
[2015.05.01-19.13.15:369][667]MaterialEditorStats: Info Vertex shader: 33 instructions
[2015.05.01-19.13.15:370][667]MaterialEditorStats: Info Texture samplers: 5/16
[2015.05.01-19.13.17:645][805]LogMaterial: Missing cached shader map for material celing, compiling. 
[2015.05.01-19.13.17:650][805]LogMaterial: 0.000116 seconds spent updating 1 materials, 1 interfaces, 0 instances, 0 with static permutations.
[2015.05.01-19.13.17:651][805]LogMaterial: Missing cached shader map for material FMatExpressionPreview MaterialExpressionTextureSample_3, compiling. 
[2015.05.01-19.13.17:678][805]LogMaterial: Missing cached shader map for material FMatExpressionPreview MaterialExpressionTextureSample_2, compiling. 
[2015.05.01-19.13.17:680][805]LogMaterial: Missing cached shader map for material FMatExpressionPreview MaterialExpressionTextureSample_0, compiling. 
[2015.05.01-19.13.17:682][805]LogMaterial: Missing cached shader map for material FMatExpressionPreview MaterialExpressionTextureSample_1, compiling. 
[2015.05.01-19.13.17:685][805]LogMaterial: Missing cached shader map for material FMatExpressionPreview MaterialExpressionTextureSample_3, compiling. 
[2015.05.01-19.13.18:501][857]MaterialEditorStats: Info Base pass shader with static lighting: 81 instructions
[2015.05.01-19.13.18:501][857]MaterialEditorStats: Info Base pass shader with only dynamic lighting: 50 instructions
[2015.05.01-19.13.18:501][857]MaterialEditorStats: Info Vertex shader: 33 instructions
[2015.05.01-19.13.18:501][857]MaterialEditorStats: Info Texture samplers: 5/16
[2015.05.01-19.13.27:860][465]LogMaterial: Missing cached shader map for material Rock, compiling. 
[2015.05.01-19.13.27:881][465]LogActorComponent: UnregisterComponent: (/Engine/Transient.SkeletalMeshComponent_2) Not registered. Aborting.
[2015.05.01-19.13.27:947][465]LogActorComponent: UnregisterComponent: (/Engine/Transient.SkeletalMeshComponent_2) Not registered. Aborting.
[2015.05.01-19.13.27:947][465]LogActorComponent: RegisterComponentWithWorld: (/Engine/Transient.MaterialEditorMeshComponent_1) Already registered. Aborting.
[2015.05.01-19.13.27:947][465]LogActorComponent: UnregisterComponent: (/Engine/Transient.SkeletalMeshComponent_2) Not registered. Aborting.
[2015.05.01-19.13.27:947][465]LogActorComponent: RegisterComponentWithWorld: (/Engine/Transient.MaterialEditorMeshComponent_1) Already registered. Aborting.
[2015.05.01-19.13.27:955][465]LogMaterial: Missing cached shader map for material Rock, compiling. 
[2015.05.01-19.13.27:961][465]LogMaterial: 0.000065 seconds spent updating 1 materials, 1 interfaces, 0 instances, 0 with static permutations.
[2015.05.01-19.13.27:995][465]LogMaterial: Missing cached shader map for material FMatExpressionPreview MaterialExpressionTextureSample_2, compiling. 
[2015.05.01-19.13.27:998][465]LogMaterial: Missing cached shader map for material FMatExpressionPreview MaterialExpressionTextureSample_0, compiling. 
[2015.05.01-19.13.28:000][465]LogMaterial: Missing cached shader map for material FMatExpressionPreview MaterialExpressionTextureSample_1, compiling. 
[2015.05.01-19.13.28:003][465]LogMaterial: Missing cached shader map for material FMatExpressionPreview MaterialExpressionTextureSample_3, compiling. 
[2015.05.01-19.13.28:889][504]MaterialEditorStats: Info Base pass shader with static lighting: 82 instructions
[2015.05.01-19.13.28:889][504]MaterialEditorStats: Info Base pass shader with only dynamic lighting: 51 instructions
[2015.05.01-19.13.28:889][504]MaterialEditorStats: Info Vertex shader: 33 instructions
[2015.05.01-19.13.28:889][504]MaterialEditorStats: Info Texture samplers: 5/16
[2015.05.01-19.13.38:784][438]LogMaterial: Missing cached shader map for material Rock2, compiling. 
[2015.05.01-19.13.44:983][991]LogTexture:Display: Building textures: HQ_Lightmap0_20 (AutoDXT)
[2015.05.01-19.13.45:086][991]LogTexture:Display: Building textures: HQ_Lightmap0_22 (AutoDXT)
[2015.05.01-19.13.45:489][991]LogTexture:Display: Building textures: LQ_Lightmap_0_19 (DXT1)
[2015.05.01-19.13.45:525][991]LogTexture:Display: Building textures: LQ_Lightmap_0_20 (DXT1)
[2015.05.01-19.13.45:556][991]LogTexture:Display: Building textures: LQ_Lightmap_0_22 (DXT1)
[2015.05.01-19.13.45:602][991]LogTexture:Display: Building textures: LQ_Lightmap_0_25 (DXT1)
[2015.05.01-19.13.46:010][991]Cmd: OBJ SAVEPACKAGE PACKAGE="/Game/Models/Rocks/Cave" FILE="../../../../../../Documents/GitHub/God-Killer/Content/Models/Rocks/Cave.uasset" SILENT=true
[2015.05.01-19.13.46:174][991]LogSavePackage: Save=160.894547ms
[2015.05.01-19.13.46:174][991]LogSavePackage: Moving '../../../../../../Documents/GitHub/God-Killer/Saved/CaveE1D6D84B4AF7DA4F298F30B5B306393A.tmp' to '../../../../../../Documents/GitHub/God-Killer/Content/Models/Rocks/Cave.uasset'
[2015.05.01-19.13.46:185][991]Cmd: OBJ SAVEPACKAGE PACKAGE="/Game/Models/Rocks/Rock" FILE="../../../../../../Documents/GitHub/God-Killer/Content/Models/Rocks/Rock.uasset" SILENT=true
[2015.05.01-19.13.46:208][991]LogSavePackage: Save=3.469626ms
[2015.05.01-19.13.46:208][991]LogSavePackage: Moving '../../../../../../Documents/GitHub/God-Killer/Saved/Rock83FB5FA1406A66BD5633D6821B8BCADB.tmp' to '../../../../../../Documents/GitHub/God-Killer/Content/Models/Rocks/Rock.uasset'
[2015.05.01-19.13.51:246][504]LogMaterial: Missing cached shader map for material Rock22, compiling. 
[2015.05.01-19.13.56:445][958]LogActorComponent: UnregisterComponent: (/Engine/Transient.CharMoveComp) Not registered. Aborting.
[2015.05.01-19.13.56:460][958]LogParticles: Destroying 0 GPU particle simulations for FXSystem 0x00000000441760C0
[2015.05.01-19.13.56:492][958]LogParticles: Destroying 0 GPU particle simulations for FXSystem 0x000000000FC8F7E0
[2015.05.01-19.14.05:779][809]LogMaterial: Missing cached shader map for material Rock2, compiling. 
[2015.05.01-19.14.05:801][809]LogActorComponent: UnregisterComponent: (/Engine/Transient.SkeletalMeshComponent_3) Not registered. Aborting.
[2015.05.01-19.14.05:828][809]LogActorComponent: UnregisterComponent: (/Engine/Transient.SkeletalMeshComponent_3) Not registered. Aborting.
[2015.05.01-19.14.05:828][809]LogActorComponent: RegisterComponentWithWorld: (/Engine/Transient.MaterialEditorMeshComponent_2) Already registered. Aborting.
[2015.05.01-19.14.05:828][809]LogActorComponent: UnregisterComponent: (/Engine/Transient.SkeletalMeshComponent_3) Not registered. Aborting.
[2015.05.01-19.14.05:828][809]LogActorComponent: RegisterComponentWithWorld: (/Engine/Transient.MaterialEditorMeshComponent_2) Already registered. Aborting.
[2015.05.01-19.14.05:836][809]LogMaterial: Missing cached shader map for material Rock2, compiling. 
[2015.05.01-19.14.05:842][809]LogMaterial: 0.000062 seconds spent updating 1 materials, 1 interfaces, 0 instances, 0 with static permutations.
[2015.05.01-19.14.05:866][809]LogMaterial: Missing cached shader map for material FMatExpressionPreview MaterialExpressionTextureSample_2, compiling. 
[2015.05.01-19.14.05:869][809]LogMaterial: Missing cached shader map for material FMatExpressionPreview MaterialExpressionTextureSample_0, compiling. 
[2015.05.01-19.14.05:871][809]LogMaterial: Missing cached shader map for material FMatExpressionPreview MaterialExpressionTextureSample_1, compiling. 
[2015.05.01-19.14.05:873][809]LogMaterial: Missing cached shader map for material FMatExpressionPreview MaterialExpressionTextureSample_3, compiling. 
[2015.05.01-19.14.06:724][879]MaterialEditorStats: Info Base pass shader with static lighting: 82 instructions
[2015.05.01-19.14.06:724][879]MaterialEditorStats: Info Base pass shader with only dynamic lighting: 51 instructions
[2015.05.01-19.14.06:724][879]MaterialEditorStats: Info Vertex shader: 33 instructions
[2015.05.01-19.14.06:724][879]MaterialEditorStats: Info Texture samplers: 5/16
[2015.05.01-19.14.08:402][ 70]LogMaterial: Missing cached shader map for material Rock2, compiling. 
[2015.05.01-19.14.08:407][ 70]LogMaterial: 0.000103 seconds spent updating 1 materials, 1 interfaces, 0 instances, 0 with static permutations.
[2015.05.01-19.14.08:547][ 70]LogMaterial: Missing cached shader map for material FMatExpressionPreview MaterialExpressionTextureSample_2, compiling. 
[2015.05.01-19.14.08:549][ 70]LogMaterial: Missing cached shader map for material FMatExpressionPreview MaterialExpressionTextureSample_1, compiling. 
[2015.05.01-19.14.08:551][ 70]LogMaterial: Missing cached shader map for material FMatExpressionPreview MaterialExpressionTextureSample_3, compiling. 
[2015.05.01-19.14.09:192][122]MaterialEditorStats: Info Base pass shader with static lighting: 81 instructions
[2015.05.01-19.14.09:192][122]MaterialEditorStats: Info Base pass shader with only dynamic lighting: 50 instructions
[2015.05.01-19.14.09:192][122]MaterialEditorStats: Info Vertex shader: 33 instructions
[2015.05.01-19.14.09:192][122]MaterialEditorStats: Info Texture samplers: 5/16
[2015.05.01-19.14.09:748][179]LogMaterialEditor: Applying material Rock2
[2015.05.01-19.14.11:131][179]LogMaterial: Missing cached shader map for material Rock2, compiling. 
[2015.05.01-19.14.11:152][179]LogMaterial: 0.000071 seconds spent updating 1 materials, 1 interfaces, 0 instances, 0 with static permutations.
[2015.05.01-19.14.11:271][179]LogMaterial: Missing cached shader map for material Rock2, compiling. 
[2015.05.01-19.14.11:303][179]LogMaterial: Missing cached shader map for material Rock2, compiling. 
[2015.05.01-19.14.11:350][179]LogMaterial: 0.038212 seconds spent updating 1 materials, 1 interfaces, 0 instances, 0 with static permutations.
[2015.05.01-19.14.22:006][ 77]Cmd: OBJ SAVEPACKAGE PACKAGE="/Game/Models/Rocks/Rock001" FILE="../../../../../../Documents/GitHub/God-Killer/Content/Models/Rocks/Rock001.uasset" SILENT=true
[2015.05.01-19.14.22:263][ 77]LogSavePackage: Save=239.295990ms
[2015.05.01-19.14.22:263][ 77]LogSavePackage: Moving '../../../../../../Documents/GitHub/God-Killer/Saved/Rock001C1737E2D4A7E08FFE65BCDAFD2FA96B9.tmp' to '../../../../../../Documents/GitHub/God-Killer/Content/Models/Rocks/Rock001.uasset'
[2015.05.01-19.14.27:640][464]Cmd: OBJ SAVEPACKAGE PACKAGE="/Game/Models/Rocks/Rock002" FILE="../../../../../../Documents/GitHub/God-Killer/Content/Models/Rocks/Rock002.uasset" SILENT=true
[2015.05.01-19.14.27:901][464]LogSavePackage: Save=231.824783ms
[2015.05.01-19.14.27:901][464]LogSavePackage: Moving '../../../../../../Documents/GitHub/God-Killer/Saved/Rock002F2BEF533451E3960AAE0B08773C5B70A.tmp' to '../../../../../../Documents/GitHub/God-Killer/Content/Models/Rocks/Rock002.uasset'
[2015.05.01-19.14.29:557][600]LogRenderer:Warning: Reallocating scene render targets to support 1856x968 (Frame:16812).
[2015.05.01-19.14.43:434][645]LogEditorViewport: Clicking on Actor (LMB): StaticMeshActor (Rock001)
[2015.05.01-19.14.54:030][634]LogEditorViewport: Clicking on Actor (LMB): StaticMeshActor (Rock002)
[2015.05.01-19.15.00:137][187]LogActorFactory: Actor Factory created rock003
[2015.05.01-19.15.01:082][261]LogActorFactory: Actor Factory created rock003
[2015.05.01-19.15.11:087][234]Cmd: TRANSACTION UNDO
[2015.05.01-19.15.11:087][234]LogEditorTransaction: Undo Scale Actors
[2015.05.01-19.15.30:590][183]LogEditorViewport: Clicking on Actor (LMB): Landscape (Landscape)
[2015.05.01-19.15.37:893][917]LogEditorViewport: Clicking on Actor (LMB): StaticMeshActor (rock003)
[2015.05.01-19.15.41:966][303]LogEditorViewport: Clicking on Actor (LMB): StaticMeshActor (rock003)
[2015.05.01-19.15.42:266][329]LogEditorViewport: Clicking on Actor (context menu): StaticMeshActor (rock003)
[2015.05.01-19.15.56:027][731]LogEditorViewport: Clicking on Actor (LMB): Landscape (Landscape)
[2015.05.01-19.15.59:582][ 41]LogActorComponent: UnregisterComponent: (/Engine/Transient.CharMoveComp) Not registered. Aborting.
[2015.05.01-19.15.59:595][ 41]LogParticles: Destroying 0 GPU particle simulations for FXSystem 0x000000000F625580
[2015.05.01-19.15.59:595][ 41]LogParticles: Destroying 0 GPU particle simulations for FXSystem 0x0000000010086980
[2015.05.01-19.15.59:596][ 41]LogParticles: Destroying 0 GPU particle simulations for FXSystem 0x00000000101491C0
[2015.05.01-19.15.59:607][ 41]LogParticles: Destroying 0 GPU particle simulations for FXSystem 0x0000000010086200
[2015.05.01-19.16.00:578][ 41]Cmd: OBJ SAVEPACKAGE PACKAGE="/Game/Models/Rocks/rock003" FILE="../../../../../../Documents/GitHub/God-Killer/Content/Models/Rocks/rock003.uasset" SILENT=true
[2015.05.01-19.16.00:745][ 41]LogSavePackage: Save=164.304474ms
[2015.05.01-19.16.00:745][ 41]LogSavePackage: Moving '../../../../../../Documents/GitHub/God-Killer/Saved/rock003EE017C564764BAF50738A8BB512192A0.tmp' to '../../../../../../Documents/GitHub/God-Killer/Content/Models/Rocks/rock003.uasset'
[2015.05.01-19.16.00:784][ 41]Cmd: OBJ SAVEPACKAGE PACKAGE="/Game/Models/Rocks/Rock2" FILE="../../../../../../Documents/GitHub/God-Killer/Content/Models/Rocks/Rock2.uasset" SILENT=true
[2015.05.01-19.16.00:895][ 41]LogSavePackage: Save=107.947990ms
[2015.05.01-19.16.00:895][ 41]LogSavePackage: Moving '../../../../../../Documents/GitHub/God-Killer/Saved/Rock2ED6F7EE044A5EBC3B786178B91DD024E.tmp' to '../../../../../../Documents/GitHub/God-Killer/Content/Models/Rocks/Rock2.uasset'
[2015.05.01-19.16.01:138][ 41]Cmd: OBJ SAVEPACKAGE PACKAGE="/Game/Scene/NewCave" FILE="../../../../../../Documents/GitHub/God-Killer/Content/Scene/NewCave.umap" SILENT=true AUTOSAVING=false KEEPDIRTY=false
[2015.05.01-19.16.01:695][ 41]LogSavePackage: Save=514.012817ms
[2015.05.01-19.16.01:695][ 41]LogSavePackage: Moving '../../../../../../Documents/GitHub/God-Killer/Saved/NewCave8B3B9B87446227068B9D3B99CFA0152A.tmp' to '../../../../../../Documents/GitHub/God-Killer/Content/Scene/NewCave.umap'
[2015.05.01-19.16.01:737][ 41]LogFileHelpers: Saving map 'NewCave' took 0.834
[2015.05.01-19.16.02:467][113]MapCheck: New page: Map Check
[2015.05.01-19.16.02:503][113]Cmd: MAP REBUILD ALLVISIBLE
[2015.05.01-19.16.02:503][113]LogEditorServer: Rebuildmap Clear paths rebuilt
[2015.05.01-19.16.02:643][113]LightingResults: New page: Lighting Build - May 1, 2015, 5:16:02 AM
[2015.05.01-19.16.09:612][113]LogStaticLightingSystem: Running Lightmass w/ ImmediateImport mode ENABLED
[2015.05.01-19.16.09:612][113]LogStaticLightingSystem: Running Lightmass w/ ImmediateProcess mode ENABLED
[2015.05.01-19.16.09:612][113]LogStaticLightingSystem: Running Lightmass w/ Sorting mode ENABLED
[2015.05.01-19.16.09:612][113]LogStaticLightingSystem: Running Lightmass w/ Mapping paddings ENABLED
[2015.05.01-19.16.09:612][113]LogStaticLightingSystem: Running Lightmass w/ Mapping debug paddings DISABLED
[2015.05.01-19.16.10:349][113]LogEditorBuildUtils: Build time 0:00:07
[2015.05.01-19.16.10:427][114]Cmd: UpdateLandscapeEditorData
[2015.05.01-19.16.10:513][115]LogMaterial: Missing cached shader map for material FLightmassMaterialRenderer Rock2, compiling. 
[2015.05.01-19.16.10:523][115]LogMaterial: Missing cached shader map for material FLightmassMaterialRenderer Rock2, compiling. 
[2015.05.01-19.16.17:579][582]LogContentBrowser:Verbose: The content browser source was changed by the sources view to '/Game/ThirdPersonBP/Character'
[2015.05.01-19.16.18:407][632]LogContentBrowser:Verbose: The content browser source was changed by the sources view to '/Game/ThirdPersonBP/Blueprints'
[2015.05.01-19.16.30:985][616]LightingResults:Error: Error Lanturn001 Object has overlapping UVs.
[2015.05.01-19.16.30:999][617]LightingResults: Info Lanturn001 Lightmap UV are overlapping by 22.2%. Please adjust content - Enable Error Coloring to visualize.
[2015.05.01-19.16.31:096][626]LightingResults:Error: Error Lanturn001 Object has overlapping UVs.
[2015.05.01-19.16.31:096][626]LightingResults: Info Lanturn001 Lightmap UV are overlapping by 22.2%. Please adjust content - Enable Error Coloring to visualize.
[2015.05.01-19.16.31:321][646]LightingResults:Error: Error Lanturn001 Object has overlapping UVs.
[2015.05.01-19.16.31:321][646]LightingResults: Info Lanturn001 Lightmap UV are overlapping by 22.2%. Please adjust content - Enable Error Coloring to visualize.
[2015.05.01-19.16.31:516][663]LightingResults:Error: Error Lanturn001 Object has overlapping UVs.
[2015.05.01-19.16.31:528][664]LightingResults: Info Lanturn001 Lightmap UV are overlapping by 22.2%. Please adjust content - Enable Error Coloring to visualize.
[2015.05.01-19.16.31:709][678]LightingResults:Error: Error Lanturn001 Object has overlapping UVs.
[2015.05.01-19.16.31:709][678]LightingResults: Info Lanturn001 Lightmap UV are overlapping by 22.2%. Please adjust content - Enable Error Coloring to visualize.
[2015.05.01-19.16.32:013][703]LightingResults:Error: Error Lanturn001 Object has overlapping UVs.
[2015.05.01-19.16.32:013][703]LightingResults: Info Lanturn001 Lightmap UV are overlapping by 22.2%. Please adjust content - Enable Error Coloring to visualize.
[2015.05.01-19.16.32:576][727]LightingResults:Error: Error Lanturn001 Object has overlapping UVs.
[2015.05.01-19.16.32:576][727]LightingResults: Info Lanturn001 Lightmap UV are overlapping by 22.2%. Please adjust content - Enable Error Coloring to visualize.
[2015.05.01-19.16.32:776][742]LogPlayLevel: PIE:  No blueprints needed recompiling
[2015.05.01-19.16.32:776][742]PIE: New page: PIE session: NewCave (May 1, 2015, 5:16:32 AM)
[2015.05.01-19.16.32:840][742]LogPlayLevel: PIE: StaticDuplicateObject took: (0.063302s)
[2015.05.01-19.16.32:840][742]LogPlayLevel: PIE: World Init took: (0.000815s)
[2015.05.01-19.16.32:841][742]LogPlayLevel: PIE: Created PIE world by copying editor world from /Game/Scene/NewCave.NewCave to /Game/Scene/UEDPIE_0_NewCave.NewCave (0.064393s)
[2015.05.01-19.16.32:921][742]LogWorld: Game class is 'ThirdPersonGameMode_C'
[2015.05.01-19.16.32:985][742]LogAIModule: Creating AISystem for world NewCave
[2015.05.01-19.16.33:048][742]LogWorld: Bringing World /Game/Scene/UEDPIE_0_NewCave.NewCave up for play (max tick rate 0) at 2015.05.01-12.16.33
[2015.05.01-19.16.33:049][742]LogWorld: Bringing up level for play took: 0.064041
[2015.05.01-19.16.33:085][742]PIE: Info Play in editor start time for /Game/Scene/UEDPIE_0_NewCave 0.424
[2015.05.01-19.16.33:154][742]LightingResults:Error: Error Lanturn001 Object has overlapping UVs.
[2015.05.01-19.16.33:154][742]LightingResults: Info Lanturn001 Lightmap UV are overlapping by 22.2%. Please adjust content - Enable Error Coloring to visualize.
[2015.05.01-19.16.33:577][779]LightingResults:Error: Error Lanturn001 Object has overlapping UVs.
[2015.05.01-19.16.33:577][779]LightingResults: Info Lanturn001 Lightmap UV are overlapping by 22.2%. Please adjust content - Enable Error Coloring to visualize.
[2015.05.01-19.16.33:626][784]LightingResults:Error: Error Lanturn001 Object has overlapping UVs.
[2015.05.01-19.16.33:626][784]LightingResults: Info Lanturn001 Lightmap UV are overlapping by 22.2%. Please adjust content - Enable Error Coloring to visualize.
[2015.05.01-19.16.34:170][841]LightingResults:Error: Error Lanturn001 Object has overlapping UVs.
[2015.05.01-19.16.34:170][841]LightingResults: Info Lanturn001 Lightmap UV are overlapping by 22.2%. Please adjust content - Enable Error Coloring to visualize.
[2015.05.01-19.16.34:223][846]LightingResults:Error: Error Lanturn001 Object has overlapping UVs.
[2015.05.01-19.16.34:235][847]LightingResults: Info Lanturn001 Lightmap UV are overlapping by 22.2%. Please adjust content - Enable Error Coloring to visualize.
[2015.05.01-19.16.34:494][872]LightingResults:Error: Error Lanturn001 Object has overlapping UVs.
[2015.05.01-19.16.34:494][872]LightingResults: Info Lanturn001 Lightmap UV are overlapping by 22.2%. Please adjust content - Enable Error Coloring to visualize.
[2015.05.01-19.16.36:676][122]Job is a success!
[2015.05.01-19.16.37:879][220]LogActorComponent: UnregisterComponent: (/Engine/Transient.CharMoveComp) Not registered. Aborting.
[2015.05.01-19.16.37:880][220]LogActorComponent: UnregisterComponent: (/Engine/Transient.CharacterMovementComponent_1) Not registered. Aborting.
[2015.05.01-19.16.37:896][220]LogParticles: Destroying 0 GPU particle simulations for FXSystem 0x000000002A55CA40
[2015.05.01-19.16.40:258][371]LogTexture:Display: Building textures: HQ_Lightmap0_1 (AutoDXT)
[2015.05.01-19.16.40:307][371]LogTexture:Display: Building textures: LQ_Lightmap_0_30 (DXT1)
[2015.05.01-19.16.40:314][371]LogTexture:Display: Building textures: HQ_Lightmap0_30 (AutoDXT)
[2015.05.01-19.16.40:322][371]LogTexture:Display: Building textures: LQ_Lightmap_0_29 (DXT1)
[2015.05.01-19.16.40:328][371]LogTexture:Display: Building textures: HQ_Lightmap0_29 (AutoDXT)
[2015.05.01-19.16.40:334][371]LogTexture:Display: Building textures: LQ_Lightmap_0_28 (DXT1)
[2015.05.01-19.16.40:339][371]LogTexture:Display: Building textures: HQ_Lightmap0_28 (AutoDXT)
[2015.05.01-19.16.40:345][371]LogTexture:Display: Building textures: LQ_Lightmap_0_27 (DXT1)
[2015.05.01-19.16.40:346][371]LogTexture:Display: Building textures: HQ_Lightmap0_27 (AutoDXT)
[2015.05.01-19.16.40:348][371]LogTexture:Display: Building textures: LQ_Lightmap_0_26 (DXT1)
[2015.05.01-19.16.40:355][371]LogTexture:Display: Building textures: HQ_Lightmap0_26 (AutoDXT)
[2015.05.01-19.16.40:364][371]LogTexture:Display: Building textures: LQ_Lightmap_0_25 (DXT1)
[2015.05.01-19.16.40:372][371]LogTexture:Display: Building textures: HQ_Lightmap0_25 (AutoDXT)
[2015.05.01-19.16.40:384][371]LogTexture:Display: Building textures: LQ_Lightmap_0_24 (DXT1)
[2015.05.01-19.16.40:388][371]LogTexture:Display: Building textures: HQ_Lightmap0_24 (AutoDXT)
[2015.05.01-19.16.40:393][371]LogTexture:Display: Building textures: LQ_Lightmap_0_23 (DXT1)
[2015.05.01-19.16.40:395][371]LogTexture:Display: Building textures: HQ_Lightmap0_23 (AutoDXT)
[2015.05.01-19.16.40:398][371]LogTexture:Display: Building textures: LQ_Lightmap_1_22 (DXT1)
[2015.05.01-19.16.40:406][371]LogTexture:Display: Building textures: HQ_Lightmap1_22 (AutoDXT)
[2015.05.01-19.16.40:417][371]LogTexture:Display: Building textures: LQ_Lightmap_1_21 (DXT1)
[2015.05.01-19.16.40:420][371]LogTexture:Display: Building textures: HQ_Lightmap1_21 (AutoDXT)
[2015.05.01-19.16.40:423][371]LogTexture:Display: Building textures: LQ_Lightmap_0_20 (DXT1)
[2015.05.01-19.16.40:429][371]LogTexture:Display: Building textures: HQ_Lightmap0_20 (AutoDXT)
[2015.05.01-19.16.40:436][371]LogTexture:Display: Building textures: LQ_Lightmap_0_19 (DXT1)
[2015.05.01-19.16.40:441][371]LogTexture:Display: Building textures: HQ_Lightmap0_19 (AutoDXT)
[2015.05.01-19.16.40:444][371]LogTexture:Display: Building textures: LQ_Lightmap_0_18 (DXT1)
[2015.05.01-19.16.40:446][371]LogTexture:Display: Building textures: HQ_Lightmap0_18 (AutoDXT)
[2015.05.01-19.16.40:449][371]LogTexture:Display: Building textures: LQ_Lightmap_1_17 (DXT1)
[2015.05.01-19.16.40:451][371]LogTexture:Display: Building textures: HQ_Lightmap1_17 (AutoDXT)
[2015.05.01-19.16.40:454][371]LogTexture:Display: Building textures: LQ_Lightmap_1_16 (DXT1)
[2015.05.01-19.16.40:457][371]LogTexture:Display: Building textures: HQ_Lightmap1_16 (AutoDXT)
[2015.05.01-19.16.40:461][371]LogTexture:Display: Building textures: LQ_Lightmap_1_15 (DXT1)
[2015.05.01-19.16.40:462][371]LogTexture:Display: Building textures: HQ_Lightmap1_15 (AutoDXT)
[2015.05.01-19.16.40:465][371]LogTexture:Display: Building textures: LQ_Lightmap_1_14 (DXT1)
[2015.05.01-19.16.40:467][371]LogTexture:Display: Building textures: HQ_Lightmap1_14 (AutoDXT)
[2015.05.01-19.16.40:470][371]LogTexture:Display: Building textures: LQ_Lightmap_1_13 (DXT1)
[2015.05.01-19.16.40:485][371]LogTexture:Display: Building textures: HQ_Lightmap1_13 (AutoDXT)
[2015.05.01-19.16.40:503][371]LogTexture:Display: Building textures: LQ_Lightmap_1_12 (DXT1)
[2015.05.01-19.16.40:543][371]LogTexture:Display: Building textures: HQ_Lightmap1_12 (AutoDXT)
[2015.05.01-19.16.40:591][371]LogTexture:Display: Building textures: LQ_Lightmap_1_11 (DXT1)
[2015.05.01-19.16.40:615][371]LogTexture:Display: Building textures: HQ_Lightmap1_11 (AutoDXT)
[2015.05.01-19.16.40:644][371]LogTexture:Display: Building textures: LQ_Lightmap_1_10 (DXT1)
[2015.05.01-19.16.40:653][371]LogTexture:Display: Building textures: HQ_Lightmap1_10 (AutoDXT)
[2015.05.01-19.16.40:669][371]LogTexture:Display: Building textures: LQ_Lightmap_1_9 (DXT1)
[2015.05.01-19.16.40:697][371]LogTexture:Display: Building textures: HQ_Lightmap1_9 (AutoDXT)
[2015.05.01-19.16.40:738][371]LogTexture:Display: Building textures: LQ_Lightmap_1_8 (DXT1)
[2015.05.01-19.16.40:769][371]LogTexture:Display: Building textures: HQ_Lightmap1_8 (AutoDXT)
[2015.05.01-19.16.40:811][371]LogTexture:Display: Building textures: LQ_Lightmap_1_7 (DXT1)
[2015.05.01-19.16.40:820][371]LogTexture:Display: Building textures: HQ_Lightmap1_7 (AutoDXT)
[2015.05.01-19.16.40:832][371]LogTexture:Display: Building textures: LQ_Lightmap_1_6 (DXT1)
[2015.05.01-19.16.40:846][371]LogTexture:Display: Building textures: HQ_Lightmap1_6 (AutoDXT)
[2015.05.01-19.16.40:862][371]LogTexture:Display: Building textures: LQ_Lightmap_1_5 (DXT1)
[2015.05.01-19.16.40:922][371]LogTexture:Display: Building textures: HQ_Lightmap1_5 (AutoDXT)
[2015.05.01-19.16.41:007][371]LogTexture:Display: Building textures: LQ_Lightmap_1_4 (DXT1)
[2015.05.01-19.16.41:041][371]LogTexture:Display: Building textures: HQ_Lightmap1_4 (AutoDXT)
[2015.05.01-19.16.41:054][371]LogTexture:Display: Building textures: LQ_Lightmap_1_3 (DXT1)
[2015.05.01-19.16.41:082][371]LogTexture:Display: Building textures: HQ_Lightmap1_3 (AutoDXT)
[2015.05.01-19.16.41:145][371]LogTexture:Display: Building textures: LQ_Lightmap_1_2 (DXT1)
[2015.05.01-19.16.41:150][371]LogTexture:Display: Building textures: HQ_Lightmap1_2 (AutoDXT)
[2015.05.01-19.16.41:156][371]LogTexture:Display: Building textures: LQ_Lightmap_0_1 (DXT1)
[2015.05.01-19.16.41:238][371]Lightmass on JOSEPH-PC: 28.6 sec total, 632 ms importing, 1.61 sec setup, 5.17 sec photons, 21.1 sec processing, 0 ms extra exporting [123/123 mappings]. Threads: 2:27 min total, 1:23 min processing.
[2015.05.01-19.16.41:338][371]LogStaticLightingSystem: Illumination: 35.6 sec (1.01 sec encoding lightmaps)
[2015.05.01-19.16.41:338][371]LogStaticLightingSystem: Lightmap texture memory:  1.5 MB (1.2 MB streaming, 0.3 MB non-streaming), 60 textures
[2015.05.01-19.16.41:338][371]LogStaticLightingSystem: Shadowmap texture memory: 0.0 MB (0.0 MB streaming, 0.0 MB non-streaming), 0 textures
[2015.05.01-19.16.41:633][372]Cmd: UpdateLandscapeEditorData
[2015.05.01-19.16.41:634][372]Cmd: MAP CHECK NOTIFYRESULTS
[2015.05.01-19.16.41:634][372]MapCheck: New page: NewCave - May 1, 2015, 5:16:41 AM
[2015.05.01-19.16.41:637][372]MapCheck:Error: Error newcave_4 Component is a static type but has invalid lightmap settings!  Indirect lighting will be black.  Common causes are lightmap resolution of 0, LightmapCoordinateIndex out of bounds. 
[2015.05.01-19.16.41:637][372]MapCheck:Warning: Warning newcave_4 Static mesh actor has NULL StaticMesh property 
[2015.05.01-19.16.41:637][372]MapCheck:Warning: Warning newcave_4 Static mesh actor has NULL StaticMesh property 
[2015.05.01-19.16.41:887][372]MapCheck: Info Map check complete: 1 Error(s), 2 Warning(s), took 252.734ms to complete.
[2015.05.01-19.17.02:262][159]LogTexture:Warning: Failed to stream mip data from the derived data cache for /Game/Scene/NewCave.HQ_Lightmap0_3. Streaming mips will be recached.
[2015.05.01-19.17.02:266][159]LogTexture:Display: Building textures: HQ_Lightmap0_3 (AutoDXT)
[2015.05.01-19.17.11:664][937]LogEditorViewport: Clicking on Actor (LMB): StaticMeshActor (Cube)
[2015.05.01-19.17.12:464][ 18]Cmd: DELETE
[2015.05.01-19.17.12:464][ 18]Cmd: ACTOR DELETE
[2015.05.01-19.17.12:474][ 18]LogEditorActor: Deleted Actor: StaticMeshActor
[2015.05.01-19.17.12:475][ 18]LogActorComponent: UnregisterComponent: (/Engine/Transient.CharMoveComp) Not registered. Aborting.
[2015.05.01-19.17.12:476][ 18]LogActorComponent: UnregisterComponent: (/Engine/Transient.CharacterMovementComponent_2) Not registered. Aborting.
[2015.05.01-19.17.12:500][ 18]LogEditorActor: Deleted 1 Actors (0.036 secs)
[2015.05.01-19.17.13:630][148]LogPlayLevel: PIE:  No blueprints needed recompiling
[2015.05.01-19.17.13:630][148]PIE: New page: PIE session: NewCave (May 1, 2015, 5:17:13 AM)
[2015.05.01-19.17.13:679][148]LogPlayLevel: PIE: StaticDuplicateObject took: (0.048545s)
[2015.05.01-19.17.13:679][148]LogPlayLevel: PIE: World Init took: (0.000735s)
[2015.05.01-19.17.13:680][148]LogPlayLevel: PIE: Created PIE world by copying editor world from /Game/Scene/NewCave.NewCave to /Game/Scene/UEDPIE_0_NewCave.NewCave (0.049498s)
[2015.05.01-19.17.13:717][148]LogWorld: Game class is 'ThirdPersonGameMode_C'
[2015.05.01-19.17.13:720][148]LogAIModule: Creating AISystem for world NewCave
[2015.05.01-19.17.13:773][148]LogWorld: Bringing World /Game/Scene/UEDPIE_0_NewCave.NewCave up for play (max tick rate 0) at 2015.05.01-12.17.13
[2015.05.01-19.17.13:794][148]LogWorld: Bringing up level for play took: 0.073772
[2015.05.01-19.17.13:798][148]PIE: Info Play in editor start time for /Game/Scene/UEDPIE_0_NewCave 1.137
[2015.05.01-19.17.19:384][794]LogBlueprintUserMessages: 0.0
[2015.05.01-19.17.20:407][913]LogBlueprintUserMessages: 0.0
[2015.05.01-19.17.25:126][459]LogParticles: Destroying 0 GPU particle simulations for FXSystem 0x0000000018DE5E40
[2015.05.01-19.17.25:378][488]Cmd: SELECT NONE
[2015.05.01-19.17.26:165][579]LogPlayLevel: PIE:  No blueprints needed recompiling
[2015.05.01-19.17.26:165][579]PIE: New page: PIE session: NewCave (May 1, 2015, 5:17:26 AM)
[2015.05.01-19.17.26:210][579]LogPlayLevel: PIE: StaticDuplicateObject took: (0.043942s)
[2015.05.01-19.17.26:210][579]LogPlayLevel: PIE: World Init took: (0.000759s)
[2015.05.01-19.17.26:211][579]LogPlayLevel: PIE: Created PIE world by copying editor world from /Game/Scene/NewCave.NewCave to /Game/Scene/UEDPIE_0_NewCave.NewCave (0.044958s)
[2015.05.01-19.17.26:248][579]LogWorld: Game class is 'ThirdPersonGameMode_C'
[2015.05.01-19.17.26:251][579]LogAIModule: Creating AISystem for world NewCave
[2015.05.01-19.17.26:304][579]LogWorld: Bringing World /Game/Scene/UEDPIE_0_NewCave.NewCave up for play (max tick rate 0) at 2015.05.01-12.17.26
[2015.05.01-19.17.26:307][579]LogWorld: Bringing up level for play took: 0.054776
[2015.05.01-19.17.26:310][579]PIE: Info Play in editor start time for /Game/Scene/UEDPIE_0_NewCave -0.351
[2015.05.01-19.17.31:333][166]LogBlueprintUserMessages: 0.0
[2015.05.01-19.17.33:474][420]LogBlueprintUserMessages: 0.0
[2015.05.01-19.17.37:228][868]LogBlueprintUserMessages: 0.0
[2015.05.01-19.17.40:612][272]LogBlueprintUserMessages: 0.0
[2015.05.01-19.17.41:357][360]LogBlueprintUserMessages: 0.0
[2015.05.01-19.17.49:813][361]LogParticles: Destroying 0 GPU particle simulations for FXSystem 0x000000001001C680
[2015.05.01-19.17.55:504][887]LogEditorViewport: Clicking on Actor (LMB): Spawn_C (Spawn)
[2015.05.01-19.17.59:786][333]LogEditorViewport: Clicking on Actor (LMB): Enemy1_C (Enemy1)
[2015.05.01-19.18.00:664][417]Cmd: DELETE
[2015.05.01-19.18.00:664][417]Cmd: ACTOR DELETE
[2015.05.01-19.18.00:674][417]LogEditorActor: Deleted Actor: Enemy1_C
[2015.05.01-19.18.00:677][417]LogActorComponent: UnregisterComponent: (/Engine/Transient.CharMoveComp) Not registered. Aborting.
[2015.05.01-19.18.00:677][417]LogActorComponent: UnregisterComponent: (/Engine/Transient.CharacterMovementComponent_3) Not registered. Aborting.
[2015.05.01-19.18.00:695][417]LogEditorActor: Deleted 1 Actors (0.031 secs)
[2015.05.01-19.18.01:746][539]LogPlayLevel: PIE:  No blueprints needed recompiling
[2015.05.01-19.18.01:746][539]PIE: New page: PIE session: NewCave (May 1, 2015, 5:18:01 AM)
[2015.05.01-19.18.01:790][539]LogPlayLevel: PIE: StaticDuplicateObject took: (0.044019s)
[2015.05.01-19.18.01:791][539]LogPlayLevel: PIE: World Init took: (0.000797s)
[2015.05.01-19.18.01:791][539]LogPlayLevel: PIE: Created PIE world by copying editor world from /Game/Scene/NewCave.NewCave to /Game/Scene/UEDPIE_0_NewCave.NewCave (0.045033s)
[2015.05.01-19.18.01:827][539]LogWorld: Game class is 'ThirdPersonGameMode_C'
[2015.05.01-19.18.01:830][539]LogAIModule: Creating AISystem for world NewCave
[2015.05.01-19.18.01:883][539]LogWorld: Bringing World /Game/Scene/UEDPIE_0_NewCave.NewCave up for play (max tick rate 0) at 2015.05.01-12.18.01
[2015.05.01-19.18.01:884][539]LogWorld: Bringing up level for play took: 0.053099
[2015.05.01-19.18.01:888][539]PIE: Info Play in editor start time for /Game/Scene/UEDPIE_0_NewCave -0.774
[2015.05.01-19.18.08:842][349]LogParticles: Destroying 0 GPU particle simulations for FXSystem 0x000000001CDC9120
[2015.05.01-19.18.13:166][740]LogPlayLevel: PIE:  No blueprints needed recompiling
[2015.05.01-19.18.13:166][740]PIE: New page: PIE session: NewCave (May 1, 2015, 5:18:13 AM)
[2015.05.01-19.18.13:217][740]LogPlayLevel: PIE: StaticDuplicateObject took: (0.050022s)
[2015.05.01-19.18.13:217][740]LogPlayLevel: PIE: World Init took: (0.000738s)
[2015.05.01-19.18.13:217][740]LogPlayLevel: PIE: Created PIE world by copying editor world from /Game/Scene/NewCave.NewCave to /Game/Scene/UEDPIE_0_NewCave.NewCave (0.050981s)
[2015.05.01-19.18.13:258][740]LogWorld: Game class is 'ThirdPersonGameMode_C'
[2015.05.01-19.18.13:261][740]LogAIModule: Creating AISystem for world NewCave
[2015.05.01-19.18.13:316][740]LogWorld: Bringing World /Game/Scene/UEDPIE_0_NewCave.NewCave up for play (max tick rate 0) at 2015.05.01-12.18.13
[2015.05.01-19.18.13:319][740]LogWorld: Bringing up level for play took: 0.057323
[2015.05.01-19.18.13:323][740]PIE: Info Play in editor start time for /Game/Scene/UEDPIE_0_NewCave 0.662
[2015.05.01-19.18.20:413][575]LogBlueprintUserMessages: 0.0
[2015.05.01-19.18.20:414][575]LogBlueprintUserMessages: 0.0
[2015.05.01-19.18.20:416][575]LogBlueprintUserMessages: 0.0
[2015.05.01-19.18.26:226][259]LogActorComponent: UnregisterComponent: (/Engine/Transient.CharMoveComp) Not registered. Aborting.
[2015.05.01-19.18.26:227][259]LogActorComponent: UnregisterComponent: (/Engine/Transient.CharacterMovementComponent_4) Not registered. Aborting.
[2015.05.01-19.18.26:245][259]LogParticles: Destroying 0 GPU particle simulations for FXSystem 0x000000000E1E0F40
[2015.05.01-19.18.29:032][504]LogEditorViewport: Clicking on Actor (CTRL LMB): Spawn_C (Spawn2)
[2015.05.01-19.18.30:022][608]LogEditorViewport: Clicking on Actor (CTRL LMB): Spawn_C (Spawn)
[2015.05.01-19.18.49:357][612]LogEditorViewport: Clicking on Actor (LMB): StaticMeshActor (Pillar2)
[2015.05.01-19.19.02:036][811]Cmd: OBJ SAVEPACKAGE PACKAGE="/Game/Scene/NewCave" FILE="../../../../../../Documents/GitHub/God-Killer/Content/Scene/NewCave.umap" SILENT=true AUTOSAVING=false KEEPDIRTY=false
[2015.05.01-19.19.02:616][811]LogSavePackage: Save=545.381042ms
[2015.05.01-19.19.02:616][811]LogSavePackage: Moving '../../../../../../Documents/GitHub/God-Killer/Saved/NewCave5C6A4FE04DC4D8502B8500BED27FD3BE.tmp' to '../../../../../../Documents/GitHub/God-Killer/Content/Scene/NewCave.umap'
[2015.05.01-19.19.04:352][933]LogActorComponent: UnregisterComponent: (/Engine/Transient.CharMoveComp) Not registered. Aborting.
[2015.05.01-19.19.04:352][933]LogActorComponent: UnregisterComponent: (/Engine/Transient.CharacterMovementComponent_5) Not registered. Aborting.
[2015.05.01-19.19.06:108][101]LogActorComponent: UnregisterComponent: (/Engine/Transient.CharMoveComp) Not registered. Aborting.
[2015.05.01-19.19.06:109][101]LogActorComponent: UnregisterComponent: (/Engine/Transient.CharacterMovementComponent_6) Not registered. Aborting.
[2015.05.01-19.19.06:680][102]Cmd: QUIT_EDITOR
[2015.05.01-19.19.06:988][102]LogExit: Preparing to exit.
[2015.05.01-19.19.07:933][102]LogExit: Editor shut down
[2015.05.01-19.19.07:934][102]LogExit: Transaction tracking system shut down
[2015.05.01-19.19.07:941][102]LogParticles: Destroying 0 GPU particle simulations for FXSystem 0x000000000F4D0AE0
[2015.05.01-19.19.07:942][102]LogParticles: Destroying 0 GPU particle simulations for FXSystem 0x000000000FFE28E0
[2015.05.01-19.19.07:942][102]LogParticles: Destroying 0 GPU particle simulations for FXSystem 0x000000000FFE2520
[2015.05.01-19.19.07:942][102]LogParticles: Destroying 0 GPU particle simulations for FXSystem 0x0000000044276E80
[2015.05.01-19.19.07:942][102]LogParticles: Destroying 0 GPU particle simulations for FXSystem 0x0000000018D2FEC0
[2015.05.01-19.19.07:942][102]LogParticles: Destroying 0 GPU particle simulations for FXSystem 0x000000000F4D1300
[2015.05.01-19.19.07:943][102]LogParticles: Destroying 0 GPU particle simulations for FXSystem 0x000000001021CAE0
[2015.05.01-19.19.07:944][102]LogParticles: Destroying 0 GPU particle simulations for FXSystem 0x000000000F4D3560
[2015.05.01-19.19.08:095][102]LogExit: Object subsystem successfully closed.
[2015.05.01-19.19.08:259][102]LogModuleManager: Shutting down and abandoning module StaticMeshEditor (179)
[2015.05.01-19.19.08:259][102]LogModuleManager: Shutting down and abandoning module MaterialEditor (178)
[2015.05.01-19.19.08:259][102]LogModuleManager: Shutting down and abandoning module CrashTracker (177)
[2015.05.01-19.19.08:259][102]LogModuleManager: Shutting down and abandoning module SuperSearch (176)
[2015.05.01-19.19.08:259][102]LogModuleManager: Shutting down and abandoning module SceneOutliner (175)
[2015.05.01-19.19.08:259][102]LogModuleManager: Shutting down and abandoning module EditorWidgets (174)
[2015.05.01-19.19.08:259][102]LogModuleManager: Shutting down and abandoning module CollectionManager (173)
[2015.05.01-19.19.08:309][102]LogModuleManager: Shutting down and abandoning module StatsViewer (172)
[2015.05.01-19.19.08:323][102]LogModuleManager: Shutting down and abandoning module FoliageEdit (171)
[2015.05.01-19.19.08:323][102]LogModuleManager: Shutting down and abandoning module LandscapeEditor (170)
[2015.05.01-19.19.08:326][102]LogModuleManager: Shutting down and abandoning module MeshPaint (169)
[2015.05.01-19.19.08:326][102]LogModuleManager: Shutting down and abandoning module ActorPickerMode (168)
[2015.05.01-19.19.08:326][102]LogModuleManager: Shutting down and abandoning module GeometryMode (167)
[2015.05.01-19.19.08:326][102]LogModuleManager: Shutting down and abandoning module TextureAlignMode (166)
[2015.05.01-19.19.08:326][102]LogModuleManager: Shutting down and abandoning module BspMode (165)
[2015.05.01-19.19.08:326][102]LogModuleManager: Shutting down and abandoning module PlacementMode (164)
[2015.05.01-19.19.08:326][102]LogModuleManager: Shutting down and abandoning module AutomationWorker (163)
[2015.05.01-19.19.08:326][102]LogModuleManager: Shutting down and abandoning module CharacterAI (162)
[2015.05.01-19.19.08:326][102]LogModuleManager: Shutting down and abandoning module SmartSnapping (161)
[2015.05.01-19.19.08:326][102]LogModuleManager: Shutting down and abandoning module ViewportSnapping (160)
[2015.05.01-19.19.08:326][102]LogModuleManager: Shutting down and abandoning module LogVisualizer (159)
[2015.05.01-19.19.08:326][102]LogModuleManager: Shutting down and abandoning module GameProjectGeneration (158)
[2015.05.01-19.19.08:334][102]LogModuleManager: Shutting down and abandoning module IntroTutorials (157)
[2015.05.01-19.19.08:343][102]LogModuleManager: Shutting down and abandoning module EditorLiveStreaming (156)
[2015.05.01-19.19.08:343][102]LogModuleManager: Shutting down and abandoning module HardwareTargeting (155)
[2015.05.01-19.19.08:343][102]LogModuleManager: Shutting down and abandoning module DeviceProfileEditor (154)
[2015.05.01-19.19.08:343][102]LogModuleManager: Shutting down and abandoning module UndoHistory (153)
[2015.05.01-19.19.08:343][102]LogModuleManager: Shutting down and abandoning module GameplayTagsEditor (152)
[2015.05.01-19.19.08:343][102]LogModuleManager: Shutting down and abandoning module UserFeedback (151)
[2015.05.01-19.19.08:343][102]LogModuleManager: Shutting down and abandoning module XmlParser (150)
[2015.05.01-19.19.08:343][102]LogModuleManager: Shutting down and abandoning module Blutility (149)
[2015.05.01-19.19.08:343][102]LogModuleManager: Shutting down and abandoning module IOSPlatformEditor (148)
[2015.05.01-19.19.08:343][102]LogModuleManager: Shutting down and abandoning module IOSRuntimeSettings (147)
[2015.05.01-19.19.08:343][102]LogModuleManager: Shutting down and abandoning module AndroidDeviceDetection (146)
[2015.05.01-19.19.08:841][102]LogModuleManager: Shutting down and abandoning module AndroidPlatformEditor (145)
[2015.05.01-19.19.08:841][102]LogModuleManager: Shutting down and abandoning module AndroidRuntimeSettings (144)
[2015.05.01-19.19.08:841][102]LogModuleManager: Shutting down and abandoning module ProjectTargetPlatformEditor (143)
[2015.05.01-19.19.08:841][102]LogModuleManager: Shutting down and abandoning module ProjectSettingsViewer (142)
[2015.05.01-19.19.08:841][102]LogModuleManager: Shutting down and abandoning module InputBindingEditor (141)
[2015.05.01-19.19.08:841][102]LogModuleManager: Shutting down and abandoning module EditorSettingsViewer (140)
[2015.05.01-19.19.08:841][102]LogModuleManager: Shutting down and abandoning module SettingsEditor (139)
[2015.05.01-19.19.08:864][102]LogModuleManager: Shutting down and abandoning module ProjectLauncher (138)
[2015.05.01-19.19.08:864][102]LogModuleManager: Shutting down and abandoning module SessionFrontend (137)
[2015.05.01-19.19.08:864][102]LogModuleManager: Shutting down and abandoning module ProfilerClient (136)
[2015.05.01-19.19.08:870][102]LogModuleManager: Shutting down and abandoning module TargetDeviceServices (135)
[2015.05.01-19.19.08:871][102]LogModuleManager: Shutting down and abandoning module DeviceManager (134)
[2015.05.01-19.19.08:871][102]LogModuleManager: Shutting down and abandoning module AutomationController (133)
[2015.05.01-19.19.08:871][102]LogModuleManager: Shutting down and abandoning module AutomationWindow (132)
[2015.05.01-19.19.08:886][102]LogModuleManager: Shutting down and abandoning module Layers (131)
[2015.05.01-19.19.08:907][102]LogModuleManager: Shutting down and abandoning module ComponentVisualizers (130)
[2015.05.01-19.19.08:907][102]LogModuleManager: Shutting down and abandoning module DetailCustomizations (129)
[2015.05.01-19.19.08:907][102]LogModuleManager: Shutting down and abandoning module PackagesDialog (128)
[2015.05.01-19.19.08:907][102]LogModuleManager: Shutting down and abandoning module AssetRegistry (127)
[2015.05.01-19.19.08:947][102]LogModuleManager: Shutting down and abandoning module Persona (126)
[2015.05.01-19.19.08:956][102]LogModuleManager: Shutting down and abandoning module SlateReflector (125)
[2015.05.01-19.19.08:971][102]LogModuleManager: Shutting down and abandoning module LevelEditor (124)
[2015.05.01-19.19.08:972][102]LogModuleManager: Shutting down and abandoning module Kismet (123)
[2015.05.01-19.19.08:972][102]LogModuleManager: Shutting down and abandoning module GraphEditor (122)
[2015.05.01-19.19.08:972][102]LogModuleManager: Shutting down and abandoning module ClassViewer (121)
[2015.05.01-19.19.08:972][102]LogModuleManager: Shutting down and abandoning module Toolbox (120)
[2015.05.01-19.19.08:972][102]LogModuleManager: Shutting down and abandoning module ModuleUI (119)
[2015.05.01-19.19.08:986][102]LogModuleManager: Shutting down and abandoning module MovieSceneTools (118)
[2015.05.01-19.19.08:996][102]LogModuleManager: Shutting down and abandoning module OutputLog (117)
[2015.05.01-19.19.08:996][102]LogModuleManager: Shutting down and abandoning module GammaUI (116)
[2015.05.01-19.19.09:007][102]LogModuleManager: Shutting down and abandoning module Documentation (115)
[2015.05.01-19.19.09:007][102]LogModuleManager: Shutting down and abandoning module GameLiveStreaming (114)
[2015.05.01-19.19.09:007][102]LogModuleManager: Shutting down and abandoning module StreamingPauseRendering (113)
[2015.05.01-19.19.09:007][102]LogModuleManager: Shutting down and abandoning module HTTP (112)
[2015.05.01-19.19.09:008][102]LogModuleManager: Shutting down and abandoning module AnalyticsET (111)
[2015.05.01-19.19.09:008][102]LogModuleManager: Shutting down and abandoning module Analytics (110)
[2015.05.01-19.19.09:008][102]LogModuleManager: Shutting down and abandoning module AITestSuite (109)
[2015.05.01-19.19.09:008][102]LogModuleManager: Shutting down and abandoning module GameplayDebugger (108)
[2015.05.01-19.19.09:008][102]LogModuleManager: Shutting down and abandoning module AIModule (107)
[2015.05.01-19.19.09:008][102]LogModuleManager: Shutting down and abandoning module ProfilerService (106)
[2015.05.01-19.19.09:167][102]LogModuleManager: Shutting down and abandoning module TaskGraph (105)
[2015.05.01-19.19.09:176][102]LogModuleManager: Shutting down and abandoning module SlateRemote (104)
[2015.05.01-19.19.09:176][102]LogModuleManager: Shutting down and abandoning module ScriptEditorPlugin (103)
[2015.05.01-19.19.09:176][102]LogModuleManager: Shutting down and abandoning module CustomMeshComponent (102)
[2015.05.01-19.19.09:176][102]LogModuleManager: Shutting down and abandoning module CableComponent (101)
[2015.05.01-19.19.09:176][102]LogModuleManager: Shutting down and abandoning module MessagingDebugger (100)
[2015.05.01-19.19.09:186][102]LogModuleManager: Shutting down and abandoning module MediaPlayerEditor (99)
[2015.05.01-19.19.09:200][102]LogModuleManager: Shutting down and abandoning module SpeedTreeImporter (98)
[2015.05.01-19.19.09:200][102]LogModuleManager: Shutting down and abandoning module PluginsEditor (97)
[2015.05.01-19.19.09:200][102]LogModuleManager: Shutting down and abandoning module MainFrame (96)
[2015.05.01-19.19.09:200][102]LogModuleManager: Shutting down and abandoning module EpicSurvey (95)
[2015.05.01-19.19.09:200][102]LogModuleManager: Shutting down and abandoning module DesktopPlatform (94)
[2015.05.01-19.19.09:200][102]LogModuleManager: Shutting down and abandoning module DirectoryWatcher (93)
[2015.05.01-19.19.09:200][102]LogModuleManager: Shutting down and abandoning module HotReload (92)
[2015.05.01-19.19.09:200][102]LogModuleManager: Shutting down and abandoning module VisualStudioSourceCodeAccess (91)
[2015.05.01-19.19.09:200][102]LogModuleManager: Shutting down and abandoning module UObjectPlugin (90)
[2015.05.01-19.19.09:200][102]LogModuleManager: Shutting down and abandoning module SubversionSourceControl (89)
[2015.05.01-19.19.09:200][102]LogModuleManager: Shutting down and abandoning module PerforceSourceControl (88)
[2015.05.01-19.19.09:214][102]LogModuleManager: Shutting down and abandoning module SourceControl (87)
[2015.05.01-19.19.09:214][102]LogModuleManager: Shutting down and abandoning module GitSourceControl (86)
[2015.05.01-19.19.09:214][102]LogModuleManager: Shutting down and abandoning module BlankPlugin (85)
[2015.05.01-19.19.09:214][102]LogModuleManager: Shutting down and abandoning module PaperTiledImporter (84)
[2015.05.01-19.19.09:214][102]LogModuleManager: Shutting down and abandoning module PaperJsonImporter (83)
[2015.05.01-19.19.09:214][102]LogModuleManager: Shutting down and abandoning module ContentBrowser (82)
[2015.05.01-19.19.09:215][102]LogModuleManager: Shutting down and abandoning module Paper2DEditor (81)
[2015.05.01-19.19.09:215][102]LogModuleManager: Shutting down and abandoning module ScriptPlugin (80)
[2015.05.01-19.19.09:227][102]LogModuleManager: Shutting down and abandoning module UdpMessaging (79)
[2015.05.01-19.19.09:327][102]LogModuleManager: Shutting down and abandoning module Paper2D (78)
[2015.05.01-19.19.09:327][102]LogModuleManager: Shutting down and abandoning module WindowsMoviePlayer (77)
[2015.05.01-19.19.09:330][102]LogModuleManager: Shutting down and abandoning module Media (76)
[2015.05.01-19.19.09:330][102]LogModuleManager: Shutting down and abandoning module WmfMedia (75)
[2015.05.01-19.19.09:330][102]LogModuleManager: Shutting down and abandoning module OnlineBlueprintSupport (74)
[2015.05.01-19.19.09:330][102]LogModuleManager: Shutting down and abandoning module PropertyEditor (73)
[2015.05.01-19.19.09:330][102]LogModuleManager: Shutting down and abandoning module BehaviorTreeEditor (72)
[2015.05.01-19.19.09:342][102]LogModuleManager: Shutting down and abandoning module FunctionalTesting (71)
[2015.05.01-19.19.09:342][102]LogModuleManager: Shutting down and abandoning module CollisionAnalyzer (70)
[2015.05.01-19.19.09:351][102]LogModuleManager: Shutting down and abandoning module WorkspaceMenuStructure (69)
[2015.05.01-19.19.09:351][102]LogModuleManager: Shutting down and abandoning module MessageLog (68)
[2015.05.01-19.19.09:351][102]LogModuleManager: Shutting down and abandoning module Sequencer (67)
[2015.05.01-19.19.09:352][102]LogModuleManager: Shutting down and abandoning module AssetTools (66)
[2015.05.01-19.19.09:364][102]LogModuleManager: Shutting down and abandoning module UMGEditor (65)
[2015.05.01-19.19.09:376][102]LogModuleManager: Shutting down and abandoning module UMG (64)
[2015.05.01-19.19.09:380][102]LogModuleManager: Shutting down and abandoning module Slate (63)
[2015.05.01-19.19.09:380][102]LogModuleManager: Shutting down and abandoning module EditorStyle (62)
[2015.05.01-19.19.09:388][102]LogModuleManager: Shutting down and abandoning module SessionServices (61)
[2015.05.01-19.19.09:389][102]LogModuleManager: Shutting down and abandoning module SourceCodeAccess (60)
[2015.05.01-19.19.09:389][102]LogModuleManager: Shutting down and abandoning module HeadMountedDisplay (59)
[2015.05.01-19.19.09:389][102]LogModuleManager: Shutting down and abandoning module XAudio2 (58)
[2015.05.01-19.19.09:389][102]LogModuleManager: Shutting down and abandoning module Networking (56)
[2015.05.01-19.19.09:389][102]LogModuleManager: Shutting down and abandoning module Core (55)
[2015.05.01-19.19.09:389][102]LogModuleManager: Shutting down and abandoning module KismetCompiler (54)
[2015.05.01-19.19.09:389][102]LogModuleManager: Shutting down and abandoning module PhysXFormats (53)
[2015.05.01-19.19.09:389][102]LogModuleManager: Shutting down and abandoning module MeshUtilities (52)
[2015.05.01-19.19.09:389][102]LogModuleManager: Shutting down and abandoning module DerivedDataCache (51)
[2015.05.01-19.19.09:476][102]LogDerivedDataCache: Shutdown
[2015.05.01-19.19.09:476][102]LogModuleManager: Shutting down and abandoning module ShaderFormatOpenGL (50)
[2015.05.01-19.19.09:481][102]LogModuleManager: Shutting down and abandoning module ShaderFormatD3D (49)
[2015.05.01-19.19.09:481][102]LogModuleManager: Shutting down and abandoning module MetalShaderFormat (48)
[2015.05.01-19.19.09:488][102]LogModuleManager: Shutting down and abandoning module TextureFormatUncompressed (47)
[2015.05.01-19.19.09:488][102]LogModuleManager: Shutting down and abandoning module TextureFormatPVR (46)
[2015.05.01-19.19.09:488][102]LogModuleManager: Shutting down and abandoning module TextureFormatIntelISPCTexComp (45)
[2015.05.01-19.19.09:488][102]LogModuleManager: Shutting down and abandoning module TextureFormatDXT (44)
[2015.05.01-19.19.09:488][102]LogModuleManager: Shutting down and abandoning module ImageWrapper (43)
[2015.05.01-19.19.09:488][102]LogModuleManager: Shutting down and abandoning module TextureFormatASTC (42)
[2015.05.01-19.19.09:488][102]LogModuleManager: Shutting down and abandoning module TextureFormatAndroid (41)
[2015.05.01-19.19.09:488][102]LogModuleManager: Shutting down and abandoning module AudioFormatOpus (40)
[2015.05.01-19.19.09:488][102]LogModuleManager: Shutting down and abandoning module AudioFormatOgg (39)
[2015.05.01-19.19.09:488][102]LogModuleManager: Shutting down and abandoning module AudioFormatADPCM (38)
[2015.05.01-19.19.09:488][102]LogModuleManager: Shutting down and abandoning module LinuxTargetPlatform (37)
[2015.05.01-19.19.09:488][102]LogModuleManager: Shutting down and abandoning module LinuxServerTargetPlatform (36)
[2015.05.01-19.19.09:488][102]LogModuleManager: Shutting down and abandoning module LinuxNoEditorTargetPlatform (35)
[2015.05.01-19.19.09:488][102]LogModuleManager: Shutting down and abandoning module Messaging (34)
[2015.05.01-19.19.09:488][102]LogModuleManager: Shutting down and abandoning module IOSTargetPlatform (33)
[2015.05.01-19.19.09:488][102]LogModuleManager: Shutting down and abandoning module HTML5TargetPlatform (32)
[2015.05.01-19.19.09:488][102]LogModuleManager: Shutting down and abandoning module Android_PVRTCTargetPlatform (31)
[2015.05.01-19.19.09:488][102]LogModuleManager: Shutting down and abandoning module Android_ETC2TargetPlatform (30)
[2015.05.01-19.19.09:488][102]LogModuleManager: Shutting down and abandoning module Android_ETC1TargetPlatform (29)
[2015.05.01-19.19.09:488][102]LogModuleManager: Shutting down and abandoning module Android_ES31TargetPlatform (28)
[2015.05.01-19.19.09:488][102]LogModuleManager: Shutting down and abandoning module Android_DXTTargetPlatform (27)
[2015.05.01-19.19.09:488][102]LogModuleManager: Shutting down and abandoning module Android_ATCTargetPlatform (26)
[2015.05.01-19.19.09:488][102]LogModuleManager: Shutting down and abandoning module AndroidTargetPlatform (25)
[2015.05.01-19.19.09:488][102]LogModuleManager: Shutting down and abandoning module WindowsTargetPlatform (24)
[2015.05.01-19.19.09:488][102]LogModuleManager: Shutting down and abandoning module WindowsServerTargetPlatform (23)
[2015.05.01-19.19.09:488][102]LogModuleManager: Shutting down and abandoning module WindowsNoEditorTargetPlatform (22)
[2015.05.01-19.19.09:488][102]LogModuleManager: Shutting down and abandoning module WindowsClientTargetPlatform (21)
[2015.05.01-19.19.09:488][102]LogModuleManager: Shutting down and abandoning module TargetPlatform (20)
[2015.05.01-19.19.09:488][102]LogModuleManager: Shutting down and abandoning module InputCore (19)
[2015.05.01-19.19.09:488][102]LogModuleManager: Shutting down and abandoning module Settings (18)
[2015.05.01-19.19.09:488][102]LogModuleManager: Shutting down and abandoning module OnlineSubsystem (16)
[2015.05.01-19.19.09:488][102]LogModuleManager: Shutting down and abandoning module OculusRift (15)
[2015.05.01-19.19.09:488][102]LogModuleManager: Shutting down and abandoning module ExampleDeviceProfileSelector (14)
[2015.05.01-19.19.09:488][102]LogModuleManager: Shutting down and abandoning module TextureCompressor (13)
[2015.05.01-19.19.09:488][102]LogModuleManager: Shutting down and abandoning module ShaderCore (12)
[2015.05.01-19.19.09:488][102]LogModuleManager: Shutting down and abandoning module Landscape (11)
[2015.05.01-19.19.09:488][102]LogModuleManager: Shutting down and abandoning module SlateRHIRenderer (10)
[2015.05.01-19.19.09:492][102]LogModuleManager: Shutting down and abandoning module OpenGLDrv (9)
[2015.05.01-19.19.09:492][102]LogModuleManager: Shutting down and abandoning module D3D11RHI (8)
[2015.05.01-19.19.09:492][102]LogModuleManager: Shutting down and abandoning module Renderer (7)
[2015.05.01-19.19.09:492][102]LogModuleManager: Shutting down and abandoning module Engine (6)
[2015.05.01-19.19.09:492][102]LogModuleManager: Shutting down and abandoning module CoreUObject (5)
[2015.05.01-19.19.09:492][102]LogModuleManager: Shutting down and abandoning module NetworkFile (4)
[2015.05.01-19.19.09:492][102]LogModuleManager: Shutting down and abandoning module StreamingFile (3)
[2015.05.01-19.19.09:492][102]LogModuleManager: Shutting down and abandoning module SandboxFile (2)
[2015.05.01-19.19.09:492][102]LogModuleManager: Shutting down and abandoning module PakFile (1)
[2015.05.01-19.19.09:504][102]LogExit: Exiting.
[2015.05.01-19.19.09:523][102]Log file closed, 05/01/15 12:19:09
