Log file open, 05/03/15 15:00:49
LogInit:Display: Running engine for game: GodKiller
LogInit: Version: 4.7.3-2479750+++depot+UE4-Releases+4.7
LogInit: API Version: 2455222
LogInit: Compiled (64-bit): Mar 15 2015 23:20:45
LogInit: Compiled with Visual C++: 18.00.21005.01
LogInit: Build Configuration: Development
LogInit: Branch Name: ++depot+UE4-Releases+4.7
LogInit: Command line:  
LogInit: Base directory: E:/Unreal/Epic Games/4.7/Engine/Binaries/Win64/
LogInit: Rocket: 1
[2015.05.03-22.00.49:127][  0]LogTaskGraph: Started task graph with 3 named threads and 6 total threads.
[2015.05.03-22.00.49:183][  0]LogOnline:Warning: No default platform service specified for OnlineSubsystem
[2015.05.03-22.00.49:200][  0]LogInit: Presizing for 0 objects not considered by GC, pre-allocating 0 bytes.
[2015.05.03-22.00.49:213][  0]LogInit: Object subsystem initialized
[2015.05.03-22.00.49:215][  0]LogConsoleResponse:Warning: Skipping Unknown console variable: 'TranslucentSortAxis = (X=0.000000,Y=-1.000000,Z=0.000000)'
[2015.05.03-22.00.49:215][  0]LogConsoleResponse:Warning:   Found in ini file 'C:/Users/Nargon/Documents/God-Killer/Saved/Config/Windows/Engine.ini', in section '[/Script/Engine.RendererSettings]'
[2015.05.03-22.00.49:215][  0]LogConsoleResponse:Warning: Skipping Unknown console variable: 'UIScaleRule = ShortestSide'
[2015.05.03-22.00.49:215][  0]LogConsoleResponse:Warning:   Found in ini file 'C:/Users/Nargon/Documents/God-Killer/Saved/Config/Windows/Engine.ini', in section '[/Script/Engine.RendererSettings]'
[2015.05.03-22.00.49:215][  0]LogConsoleResponse:Warning: Skipping Unknown console variable: 'UIScaleCurve = (EditorCurveData=(Keys=),ExternalCurve=None)'
[2015.05.03-22.00.49:215][  0]LogConsoleResponse:Warning:   Found in ini file 'C:/Users/Nargon/Documents/God-Killer/Saved/Config/Windows/Engine.ini', in section '[/Script/Engine.RendererSettings]'
[2015.05.03-22.00.49:216][  0]LogInit: Selected Device Profile: [Windows]
[2015.05.03-22.00.49:216][  0]LogInit: Applying CVar settings loaded from the selected device profile: [Windows]
[2015.05.03-22.00.49:243][  0]LogInit: Computer: NARGON-PC
[2015.05.03-22.00.49:243][  0]LogInit: User: Nargon
[2015.05.03-22.00.49:243][  0]LogInit: CPU Page size=4096, Cores=4
[2015.05.03-22.00.49:243][  0]LogInit: High frequency timer resolution =1.948720 MHz
[2015.05.03-22.00.49:244][  0]LogMemory: Memory total: Physical=8.0GB (8GB approx) Virtual=8192.0GB
[2015.05.03-22.00.49:244][  0]LogMemory: Platform Memory Stats for Windows
[2015.05.03-22.00.49:244][  0]LogMemory: Process Physical Memory: 48.72 MB used, 48.72 MB peak
[2015.05.03-22.00.49:244][  0]LogMemory: Process Virtual Memory: 24.43 MB used, 24.43 MB peak
[2015.05.03-22.00.49:244][  0]LogMemory: Physical Memory: 6353.72 MB used, 8169.16 MB total
[2015.05.03-22.00.49:244][  0]LogMemory: Virtual Memory: 273.09 MB used, 8388608.00 MB total
[2015.05.03-22.00.49:284][  0]LogD3D11RHI: Found D3D11 adapter 0: NVIDIA GeForce GTX 560M   (Feature Level 11_0)
[2015.05.03-22.00.49:284][  0]LogD3D11RHI: Adapter has 2000MB of dedicated video memory, 0MB of dedicated system memory, and 2047MB of shared system memory, 1 output[s]
[2015.05.03-22.00.49:284][  0]LogD3D11RHI: Chosen D3D11 Adapter Id = 0
[2015.05.03-22.00.49:305][  0]LogRHI: Texture pool is 1361 MB (70% of 1945 MB)
[2015.05.03-22.00.49:316][  0]LogD3D11RHI: Async texture creation enabled
[2015.05.03-22.00.49:397][  0]LogTextLocalizationManager: The requested culture ('en_US') has no localization data; parent culture's ('en') localization data will be used.
[2015.05.03-22.00.49:482][  0]LogTextLocalizationManager:Warning: Loading localization resources contain conflicting entries for (Namespace:UICommands, Key:Save_ToolTip):
Resource: (E:/Unreal/Epic Games/4.7/Engine/Content/Localization/Editor/en/Editor.locres) Hash: (-29098895) String: (Saves the current level to disk)
Resource: (E:/Unreal/Epic Games/4.7/Engine/Content/Localization/Engine/en/Engine.locres) Hash: (-1280300587) String: (Save selected data to vlog file)
[2015.05.03-22.00.49:482][  0]LogTextLocalizationManager:Warning: Loading localization resources contain conflicting entries for (Namespace:ContentBrowser, Key:ImportAssetToolTip):
Resource: (E:/Unreal/Epic Games/4.7/Engine/Content/Localization/Editor/en/Editor.locres) Hash: (-630476809) String: (Import to {0}...)
Resource: (E:/Unreal/Epic Games/4.7/Engine/Content/Localization/Editor/en/Editor.locres) Hash: (1271782899) String: (Imports an asset from file to this folder.)
[2015.05.03-22.00.49:592][  0]LogContentStreaming: Texture pool size is 0.000000MB
[2015.05.03-22.00.52:818][  0]LogTargetPlatformManager:Display: Building Assets For Windows
[2015.05.03-22.00.53:556][  0]LogTargetPlatformManager:Display: Building Assets For Windows
[2015.05.03-22.00.53:639][  0]LogDerivedDataCache:Display: Max Cache Size: 512 MB
[2015.05.03-22.00.53:692][  0]LogDerivedDataCache: Loaded boot cache 0.05s 39MB C:/Users/Nargon/AppData/Local/UnrealEngine/4.7/DerivedDataCache/Boot.ddc.
[2015.05.03-22.00.53:692][  0]LogDerivedDataCache:Display: Loaded Boot cache: C:/Users/Nargon/AppData/Local/UnrealEngine/4.7/DerivedDataCache/Boot.ddc
[2015.05.03-22.00.53:692][  0]LogDerivedDataCache: FDerivedDataBackendGraph:  Pak pak cache file C:/Users/Nargon/Documents/God-Killer/DerivedDataCache/DDC.ddp not found, will not use a pak cache.
[2015.05.03-22.00.53:692][  0]LogDerivedDataCache: Unable to find inner node Pak for hierarchical cache Hierarchy.
[2015.05.03-22.00.53:866][  0]LogDerivedDataCache:Display: Pak cache opened for reading ../../../Engine/DerivedDataCache/Compressed.ddp.
[2015.05.03-22.00.53:878][  0]LogDerivedDataCache: Using Local data cache path C:/Users/Nargon/AppData/Local/UnrealEngine/Common/DerivedDataCache: Writable
[2015.05.03-22.00.54:322][  0]LogMeshUtilities: No automatic mesh reduction module available
[2015.05.03-22.00.54:322][  0]LogMeshUtilities: No automatic mesh merging module available
[2015.05.03-22.00.54:794][  0]LogInit: WinSock: version 1.1 (2.2), MaxSocks=32767, MaxUdp=65467
[2015.05.03-22.00.54:894][  0]LogSlate:Warning: Failed to load font data from '../../../Engine/Content/Slate/Fonts/Roboto-Italic.ttf'
[2015.05.03-22.00.56:271][  0]UdpMessaging: Initializing bridge on interface 0.0.0.0:0 to multicast group 230.0.0.1:6666.
[2015.05.03-22.00.56:535][  0]SourceControl: Info Source control is disabled
[2015.05.03-22.00.56:535][  0]SourceControl: Info Source control is disabled
[2015.05.03-22.00.56:536][  0]SourceControl: Info Source control is disabled
[2015.05.03-22.00.56:536][  0]LogSourceControl: RunCommandInternalRaw: 'git version'
[2015.05.03-22.00.56:536][  0]LogSourceControl: RunCommandInternalRaw: ExecProcess ReturnCode=2 OutResults=''
[2015.05.03-22.00.56:547][  0]SourceControl: Info Source control is disabled
[2015.05.03-22.00.56:795][  0]LogObj: 24231 objects as part of root set at end of initial load.
[2015.05.03-22.00.56:795][  0]LogUObjectAllocator: 5136432 out of 0 bytes used by permanent object pool.
[2015.05.03-22.00.56:900][  0]LogEngine: Initializing Engine...
[2015.05.03-22.00.59:114][  0]LogInit: XAudio2 using 'Speakers (Realtek High Definition Audio)' : 2 channels at 48 kHz using 32 bits per sample (channel mask 0x3)
[2015.05.03-22.00.59:128][  0]LogInit: FAudioDevice initialized.
[2015.05.03-22.00.59:176][  0]LogAIModule: Creating AISystem for world NewWorld
[2015.05.03-22.00.59:245][  0]LogDerivedDataCache: Saved boot cache 0.07s 39MB C:/Users/Nargon/AppData/Local/UnrealEngine/4.7/DerivedDataCache/Boot.ddc.
[2015.05.03-22.00.59:251][  0]LogInit: Texture streaming: Enabled
[2015.05.03-22.00.59:378][  0]LogAnalytics: Creating configured Analytics provider AnalyticsET
[2015.05.03-22.00.59:378][  0]LogAnalytics: ET APIKey = Rocket.Release. APIServer = http://et2.epicgames.com/ET2/. AppVersion = 4.7.3-2479750+++depot+UE4-Releases+4.7
[2015.05.03-22.00.59:378][  0]LogAnalytics: ET APIKey = Rocket.Release. DataRouterUploadURL = https://datarouter-public-service-gamedev.ol.epicgames.net/datarouter/api/v1/public/data. AppVersion = 4.7.3-2479750+++depot+UE4-Releases+4.7
[2015.05.03-22.00.59:378][  0]LogAnalytics: SetUserId f66fb68b41e6b40cb4c8ddab8a154b7e|ecb70a7e3ce340b3a897ae77bd608e2c|90ddc32f-7eb2-4426-89b9-b6a36000bee7
[2015.05.03-22.00.59:378][  0]LogAnalytics: AnalyticsET::StartSession [Rocket.Release]
[2015.05.03-22.00.59:452][  0]LogInit: Transaction tracking system initialized
[2015.05.03-22.00.59:669][  0]BlueprintLog: New page: Editor Load
[2015.05.03-22.00.59:709][  0]LogAssetRegistry: FAssetRegistry took 0.0101 seconds to start up
[2015.05.03-22.00.59:709][  0]LogDirectoryWatcher:Warning: Failed to begin reading directory changes for ../../../Engine/Plugins/Experimental/CharacterAI/Content/. Error: 0
[2015.05.03-22.01.00:844][  0]LogTargetPlatformManager:Display: Building Assets For Windows
[2015.05.03-22.01.01:440][  0]LogTargetPlatformManager:Display: Building Assets For Windows
[2015.05.03-22.01.01:812][  0]LogSlate:Warning: Failed to load font data from '../../../Engine/Content/Editor/Slate/Fonts/Roboto-Regular.ttf'
[2015.05.03-22.01.01:813][  0]LogSlate:Warning: Failed to load font data from '../../../Engine/Content/Editor/Slate/Fonts/Roboto-Bold.ttf'
[2015.05.03-22.01.01:882][  0]LogConsoleResponse:Display: 
[2015.05.03-22.01.02:105][  0]LogCook:Display: Done creating registry. It took  0.00s.
[2015.05.03-22.01.02:297][  0]SourceControl: Info Source control is disabled
[2015.05.03-22.01.02:297][  0]Cmd: MAP LOAD FILE="C:/Users/Nargon/Documents/God-Killer/Content/ThirdPersonBP/Maps/ThirdPersonExampleMap.umap" TEMPLATE=0 SHOWPROGRESS=1 FEATURELEVEL=3
[2015.05.03-22.01.02:313][  0]LightingResults: New page: Lighting Build
[2015.05.03-22.01.02:330][  0]MapCheck: New page: Map Check
[2015.05.03-22.01.02:330][  0]LightingResults: New page: Lighting Build
[2015.05.03-22.01.02:339][  0]LogParticles: Destroying 0 GPU particle simulations for FXSystem 0x0000000011C6E520
[2015.05.03-22.01.02:548][  0]LogLinker:Warning: Asset '../../../Engine/Content/EngineMeshes/Humanoid.uasset' has been saved with empty engine version. The asset will be loaded but may be incompatible.
[2015.05.03-22.01.09:596][  0]LogEditorServer: Finished looking for orphan Actors (0.000 secs)
[2015.05.03-22.01.11:251][  0]LogAIModule: Creating AISystem for world ThirdPersonExampleMap
[2015.05.03-22.01.11:252][  0]Cmd: MAP CHECKDEP
[2015.05.03-22.01.11:252][  0]MapCheck: New page: ThirdPersonExampleMap - May 3, 2015, 8:01:11 AM
[2015.05.03-22.01.11:403][  0]MapCheck: Info Map check complete: 0 Error(s), 0 Warning(s), took 150.239ms to complete.
[2015.05.03-22.01.11:403][  0]LogFileHelpers: Loading map 'ThirdPersonExampleMap' took 9.106
[2015.05.03-22.01.11:504][  0]LogCollectionManager: Loaded 0 collections in 0.001942 seconds
[2015.05.03-22.01.11:516][  0]LogContentBrowser: Native class hierarchy populated in 0.0120 seconds. Added 1696 classes and 261 folders.
[2015.05.03-22.01.11:626][  0]LogContentBrowser: Native class hierarchy updated for 'SceneOutliner' in 0.0019 seconds. Added 1 classes and 2 folders.
[2015.05.03-22.01.11:733][  0]LogCrashTracker: Crashtracker disabled due to settings.
[2015.05.03-22.01.11:735][  0]LogSlate:Warning: Failed to load font data from 'Veranda'
[2015.05.03-22.01.11:739][  0]LogUObjectGlobals:Warning: Failed to find object 'Class None.'
[2015.05.03-22.01.11:770][  0]LogLoad: Full Startup: 25.07 seconds (BP compile: 1.13 seconds)
[2015.05.03-22.01.12:135][  0]LogContentBrowser:Verbose: The content browser source was changed by the sources view to '/Game/Scene'
[2015.05.03-22.01.12:359][  0]LogRenderer:Warning: Reallocating scene render targets to support 32x32 (Frame:2).
[2015.05.03-22.01.12:510][  0]LogRenderer:Warning: Reallocating scene render targets to support 936x744 (Frame:5).
[2015.05.03-22.01.14:140][  5]LogAssetRegistry: Asset discovery search completed in 14.4411 seconds
[2015.05.03-22.01.17:430][152]LogContentBrowser:Verbose: The content browser source was changed by the sources view to '/Game/ThirdPersonBP'
[2015.05.03-22.01.18:657][219]LogContentBrowser:Verbose: The content browser source was changed by the sources view to '/Game/ThirdPersonBP/Blueprints'
[2015.05.03-22.01.33:461][923]LogActorComponent: UnregisterComponent: (/Engine/Transient.CharMoveComp) Not registered. Aborting.
[2015.05.03-22.01.33:461][923]LogActorComponent: UnregisterComponent: (/Engine/Transient.CharacterMovementComponent_0) Not registered. Aborting.
[2015.05.03-22.01.44:076][542]LogUObjectGlobals:Warning: Failed to find object 'Object None.'
[2015.05.03-22.01.44:082][542]LogUObjectGlobals:Warning: Failed to find object 'Object None.'
[2015.05.03-22.01.44:082][542]LogUObjectGlobals:Warning: Failed to find object 'Object None.'
[2015.05.03-22.01.44:082][542]LogUObjectGlobals:Warning: Failed to find object 'Object None.'
[2015.05.03-22.01.44:083][542]LogUObjectGlobals:Warning: Failed to find object 'Object None.'
[2015.05.03-22.01.44:090][542]LogProperty:Warning: ObjectProperty /Script/Engine.EdGraphPin:LinkedTo.LinkedTo: unresolved reference to 'EdGraphPin'K2Node_AIMoveTo_10.EdGraphPin_2872''
[2015.05.03-22.01.44:093][542]LogProperty:Warning: ObjectProperty /Script/Engine.EdGraphPin:LinkedTo.LinkedTo: unresolved reference to 'EdGraphPin'K2Node_AIMoveTo_10.EdGraphPin_2873''
[2015.05.03-22.01.44:096][542]LogProperty:Warning: ObjectProperty /Script/Engine.EdGraphPin:LinkedTo.LinkedTo: unresolved reference to 'EdGraphPin'K2Node_AIMoveTo_10.EdGraphPin_2867''
[2015.05.03-22.01.44:097][542]LogProperty:Warning: ObjectProperty /Script/Engine.EdGraphPin:LinkedTo.LinkedTo: unresolved reference to 'EdGraphPin'K2Node_AIMoveTo_10.EdGraphPin_2866''
[2015.05.03-22.01.44:102][542]LogProperty:Warning: ObjectProperty /Script/Engine.EdGraphPin:LinkedTo.LinkedTo: unresolved reference to 'EdGraphPin'K2Node_VariableSet_280.EdGraphPin_2930''
[2015.05.03-22.01.44:106][542]LogProperty:Warning: ObjectProperty /Script/Engine.EdGraphPin:LinkedTo.LinkedTo: unresolved reference to 'EdGraphPin'K2Node_CallFunction_2798.EdGraphPin_2844''
[2015.05.03-22.01.44:107][542]LogLinker:Warning: Can't find file '/Game/Zeke/blueprint/Police_AI'
[2015.05.03-22.01.44:107][542]LogLinker: Can't find file '/Game/Zeke/blueprint/Police_AI'
[2015.05.03-22.01.44:108][542]LogProperty:Warning: ObjectProperty /Script/Engine.EdGraphPin:DefaultObject: unresolved reference to 'BlueprintGeneratedClass'/Game/Zeke/blueprint/Police_AI.Police_AI_C''
[2015.05.03-22.02.18:913][543]Cmd: OBJ SAVEPACKAGE PACKAGE="/Game/ThirdPersonBP/Blueprints/Enemy1" FILE="C:/Users/Nargon/Documents/God-Killer/Content/ThirdPersonBP/Blueprints/Enemy1.uasset" SILENT=true
[2015.05.03-22.02.19:317][543]LogSavePackage: Save=359.176788ms
[2015.05.03-22.02.19:317][543]LogSavePackage: Moving 'C:/Users/Nargon/Documents/God-Killer/Saved/Enemy1610C35A34EF5C6379A8620A1A1CB225D.tmp' to 'C:/Users/Nargon/Documents/God-Killer/Content/ThirdPersonBP/Blueprints/Enemy1.uasset'
[2015.05.03-22.02.45:077][ 43]BlueprintLog: New page: Compile Enemy1
[2015.05.03-22.02.45:502][ 43]LogActorComponent: UnregisterComponent: (/Engine/Transient.CharMoveComp) Not registered. Aborting.
[2015.05.03-22.02.45:557][ 43]BlueprintEditorCompileResults: Info [0118.85] Compile of Enemy1 successful! [in 480 ms]
[2015.05.03-22.03.37:336][941]LogActorComponent: UnregisterComponent: (/Engine/Transient.CharMoveComp) Not registered. Aborting.
[2015.05.03-22.03.41:203][941]LogSavePackage: Save=3487.149414ms
[2015.05.03-22.03.41:203][941]LogSavePackage: Moving 'C:/Users/Nargon/Documents/God-Killer/Saved/ThirdPersonExampleMap80AC64D445ED1271CEFC109219B57933.tmp' to 'C:/Users/Nargon/Documents/God-Killer/Content/ThirdPersonBP/Maps/ThirdPersonExampleMap.umap'
[2015.05.03-22.03.41:453][941]LogFileHelpers: Saving map 'ThirdPersonExampleMap' took 4.041
[2015.05.03-22.03.57:170][218]LogPlayLevel: PIE:  No blueprints needed recompiling
[2015.05.03-22.03.57:179][218]PIE: New page: PIE session: ThirdPersonExampleMap (May 3, 2015, 8:03:57 AM)
[2015.05.03-22.03.57:220][218]LogPlayLevel: PIE: StaticDuplicateObject took: (0.040728s)
[2015.05.03-22.03.57:221][218]LogPlayLevel: PIE: World Init took: (0.001015s)
[2015.05.03-22.03.57:221][218]LogPlayLevel: PIE: Created PIE world by copying editor world from /Game/ThirdPersonBP/Maps/ThirdPersonExampleMap.ThirdPersonExampleMap to /Game/ThirdPersonBP/Maps/UEDPIE_0_ThirdPersonExampleMap.ThirdPersonExampleMap (0.041996s)
[2015.05.03-22.03.57:340][218]LogWorld: Game class is 'ThirdPersonGameMode_C'
[2015.05.03-22.03.57:423][218]LogAIModule: Creating AISystem for world ThirdPersonExampleMap
[2015.05.03-22.03.57:431][218]LogWorld:Warning: *** WARNING - PATHS MAY NOT BE VALID ***
[2015.05.03-22.03.57:431][218]LogWorld: Bringing World /Game/ThirdPersonBP/Maps/UEDPIE_0_ThirdPersonExampleMap.ThirdPersonExampleMap up for play (max tick rate 60) at 2015.05.03-15.03.57
[2015.05.03-22.03.57:463][218]LogWorld: Bringing up level for play took: 0.039634
[2015.05.03-22.03.57:541][218]PIE: Info Play in editor start time for /Game/ThirdPersonBP/Maps/UEDPIE_0_ThirdPersonExampleMap 0.762
[2015.05.03-22.04.07:320][789]LogScript:Warning: Accessed None 'CallFunc_CreateMoveToProxyObject_ReturnValue'
	Enemy1_C /Game/ThirdPersonBP/Maps/UEDPIE_0_ThirdPersonExampleMap.ThirdPersonExampleMap:PersistentLevel.Enemy1_C_3
	Function /Game/ThirdPersonBP/Blueprints/Enemy1.Enemy1_C:ExecuteUbergraph_Enemy1:00AC
[2015.05.03-22.04.07:320][789]PIE:Error: Error Accessed None 'CallFunc_CreateMoveToProxyObject_ReturnValue' from node Construction Script in blueprint Enemy1
[2015.05.03-22.04.07:320][789]LogScript:Warning: Accessed None 'CallFunc_CreateMoveToProxyObject_ReturnValue'
	Enemy1_C /Game/ThirdPersonBP/Maps/UEDPIE_0_ThirdPersonExampleMap.ThirdPersonExampleMap:PersistentLevel.Enemy1_C_3
	Function /Game/ThirdPersonBP/Blueprints/Enemy1.Enemy1_C:ExecuteUbergraph_Enemy1:00EF
[2015.05.03-22.04.07:320][789]PIE:Error: Error Accessed None 'CallFunc_CreateMoveToProxyObject_ReturnValue' from node Construction Script in blueprint Enemy1
[2015.05.03-22.04.12:273][ 86]LogScript:Warning: Accessed None 'CallFunc_CreateMoveToProxyObject_ReturnValue'
	Enemy1_C /Game/ThirdPersonBP/Maps/UEDPIE_0_ThirdPersonExampleMap.ThirdPersonExampleMap:PersistentLevel.Enemy1_C_3
	Function /Game/ThirdPersonBP/Blueprints/Enemy1.Enemy1_C:ExecuteUbergraph_Enemy1:00AC
[2015.05.03-22.04.12:273][ 86]PIE:Error: Error Accessed None 'CallFunc_CreateMoveToProxyObject_ReturnValue' from node Construction Script in blueprint Enemy1
[2015.05.03-22.04.12:273][ 86]LogScript:Warning: Accessed None 'CallFunc_CreateMoveToProxyObject_ReturnValue'
	Enemy1_C /Game/ThirdPersonBP/Maps/UEDPIE_0_ThirdPersonExampleMap.ThirdPersonExampleMap:PersistentLevel.Enemy1_C_3
	Function /Game/ThirdPersonBP/Blueprints/Enemy1.Enemy1_C:ExecuteUbergraph_Enemy1:00EF
[2015.05.03-22.04.12:273][ 86]PIE:Error: Error Accessed None 'CallFunc_CreateMoveToProxyObject_ReturnValue' from node Construction Script in blueprint Enemy1
[2015.05.03-22.04.17:273][386]LogScript:Warning: Accessed None 'CallFunc_CreateMoveToProxyObject_ReturnValue'
	Enemy1_C /Game/ThirdPersonBP/Maps/UEDPIE_0_ThirdPersonExampleMap.ThirdPersonExampleMap:PersistentLevel.Enemy1_C_3
	Function /Game/ThirdPersonBP/Blueprints/Enemy1.Enemy1_C:ExecuteUbergraph_Enemy1:00AC
[2015.05.03-22.04.17:273][386]PIE:Error: Error Accessed None 'CallFunc_CreateMoveToProxyObject_ReturnValue' from node Construction Script in blueprint Enemy1
[2015.05.03-22.04.17:273][386]LogScript:Warning: Accessed None 'CallFunc_CreateMoveToProxyObject_ReturnValue'
	Enemy1_C /Game/ThirdPersonBP/Maps/UEDPIE_0_ThirdPersonExampleMap.ThirdPersonExampleMap:PersistentLevel.Enemy1_C_3
	Function /Game/ThirdPersonBP/Blueprints/Enemy1.Enemy1_C:ExecuteUbergraph_Enemy1:00EF
[2015.05.03-22.04.17:273][386]PIE:Error: Error Accessed None 'CallFunc_CreateMoveToProxyObject_ReturnValue' from node Construction Script in blueprint Enemy1
[2015.05.03-22.04.17:563][387]LogScript:Warning: Accessed None 'CallFunc_CreateMoveToProxyObject_ReturnValue'
	Enemy1_C /Game/ThirdPersonBP/Maps/UEDPIE_0_ThirdPersonExampleMap.ThirdPersonExampleMap:PersistentLevel.Enemy1_C_4
	Function /Game/ThirdPersonBP/Blueprints/Enemy1.Enemy1_C:ExecuteUbergraph_Enemy1:00AC
[2015.05.03-22.04.17:564][387]PIE:Error: Error Accessed None 'CallFunc_CreateMoveToProxyObject_ReturnValue' from node Construction Script in blueprint Enemy1
[2015.05.03-22.04.17:564][387]LogScript:Warning: Accessed None 'CallFunc_CreateMoveToProxyObject_ReturnValue'
	Enemy1_C /Game/ThirdPersonBP/Maps/UEDPIE_0_ThirdPersonExampleMap.ThirdPersonExampleMap:PersistentLevel.Enemy1_C_4
	Function /Game/ThirdPersonBP/Blueprints/Enemy1.Enemy1_C:ExecuteUbergraph_Enemy1:00EF
[2015.05.03-22.04.17:564][387]PIE:Error: Error Accessed None 'CallFunc_CreateMoveToProxyObject_ReturnValue' from node Construction Script in blueprint Enemy1
[2015.05.03-22.04.22:290][671]LogScript:Warning: Accessed None 'CallFunc_CreateMoveToProxyObject_ReturnValue'
	Enemy1_C /Game/ThirdPersonBP/Maps/UEDPIE_0_ThirdPersonExampleMap.ThirdPersonExampleMap:PersistentLevel.Enemy1_C_3
	Function /Game/ThirdPersonBP/Blueprints/Enemy1.Enemy1_C:ExecuteUbergraph_Enemy1:00AC
[2015.05.03-22.04.22:290][671]PIE:Error: Error Accessed None 'CallFunc_CreateMoveToProxyObject_ReturnValue' from node Construction Script in blueprint Enemy1
[2015.05.03-22.04.22:290][671]LogScript:Warning: Accessed None 'CallFunc_CreateMoveToProxyObject_ReturnValue'
	Enemy1_C /Game/ThirdPersonBP/Maps/UEDPIE_0_ThirdPersonExampleMap.ThirdPersonExampleMap:PersistentLevel.Enemy1_C_3
	Function /Game/ThirdPersonBP/Blueprints/Enemy1.Enemy1_C:ExecuteUbergraph_Enemy1:00EF
[2015.05.03-22.04.22:291][671]PIE:Error: Error Accessed None 'CallFunc_CreateMoveToProxyObject_ReturnValue' from node Construction Script in blueprint Enemy1
[2015.05.03-22.04.22:291][671]LogScript:Warning: Accessed None 'CallFunc_CreateMoveToProxyObject_ReturnValue'
	Enemy1_C /Game/ThirdPersonBP/Maps/UEDPIE_0_ThirdPersonExampleMap.ThirdPersonExampleMap:PersistentLevel.Enemy1_C_4
	Function /Game/ThirdPersonBP/Blueprints/Enemy1.Enemy1_C:ExecuteUbergraph_Enemy1:00AC
[2015.05.03-22.04.22:291][671]PIE:Error: Error Accessed None 'CallFunc_CreateMoveToProxyObject_ReturnValue' from node Construction Script in blueprint Enemy1
[2015.05.03-22.04.22:291][671]LogScript:Warning: Accessed None 'CallFunc_CreateMoveToProxyObject_ReturnValue'
	Enemy1_C /Game/ThirdPersonBP/Maps/UEDPIE_0_ThirdPersonExampleMap.ThirdPersonExampleMap:PersistentLevel.Enemy1_C_4
	Function /Game/ThirdPersonBP/Blueprints/Enemy1.Enemy1_C:ExecuteUbergraph_Enemy1:00EF
[2015.05.03-22.04.22:292][671]PIE:Error: Error Accessed None 'CallFunc_CreateMoveToProxyObject_ReturnValue' from node Construction Script in blueprint Enemy1
[2015.05.03-22.04.22:308][672]LogScript:Warning: Accessed None 'CallFunc_CreateMoveToProxyObject_ReturnValue'
	Enemy1_C /Game/ThirdPersonBP/Maps/UEDPIE_0_ThirdPersonExampleMap.ThirdPersonExampleMap:PersistentLevel.Enemy1_C_5
	Function /Game/ThirdPersonBP/Blueprints/Enemy1.Enemy1_C:ExecuteUbergraph_Enemy1:00AC
[2015.05.03-22.04.22:308][672]PIE:Error: Error Accessed None 'CallFunc_CreateMoveToProxyObject_ReturnValue' from node Construction Script in blueprint Enemy1
[2015.05.03-22.04.22:308][672]LogScript:Warning: Accessed None 'CallFunc_CreateMoveToProxyObject_ReturnValue'
	Enemy1_C /Game/ThirdPersonBP/Maps/UEDPIE_0_ThirdPersonExampleMap.ThirdPersonExampleMap:PersistentLevel.Enemy1_C_5
	Function /Game/ThirdPersonBP/Blueprints/Enemy1.Enemy1_C:ExecuteUbergraph_Enemy1:00EF
[2015.05.03-22.04.22:308][672]PIE:Error: Error Accessed None 'CallFunc_CreateMoveToProxyObject_ReturnValue' from node Construction Script in blueprint Enemy1
[2015.05.03-22.04.23:737][748]LogActorComponent: UnregisterComponent: (/Engine/Transient.CharMoveComp) Not registered. Aborting.
[2015.05.03-22.04.23:738][748]LogActorComponent: UnregisterComponent: (/Engine/Transient.CharacterMovementComponent_1) Not registered. Aborting.
[2015.05.03-22.04.23:760][748]LogParticles: Destroying 0 GPU particle simulations for FXSystem 0x0000000048910E00
[2015.05.03-22.04.56:694][997]LogSlate:Warning: Prevented a slow task dialog from being summoned while a context menu was open
[2015.05.03-22.06.51:792][798]BlueprintLog: New page: Compile Enemy1
[2015.05.03-22.06.51:923][798]BlueprintEditorCompileResults: Info [0365.22] Compile of Enemy1 successful! [in 130 ms]
[2015.05.03-22.06.54:658][957]Cmd: OBJ SAVEPACKAGE PACKAGE="/Game/ThirdPersonBP/Blueprints/Enemy1" FILE="C:/Users/Nargon/Documents/God-Killer/Content/ThirdPersonBP/Blueprints/Enemy1.uasset" SILENT=true
[2015.05.03-22.07.04:866][957]LogSavePackage: Save=356.050629ms
[2015.05.03-22.07.04:866][957]LogSavePackage: Moving 'C:/Users/Nargon/Documents/God-Killer/Saved/Enemy117E908AA46721AEECAE9BB96702CEEE8.tmp' to 'C:/Users/Nargon/Documents/God-Killer/Content/ThirdPersonBP/Blueprints/Enemy1.uasset'
[2015.05.03-22.07.09:633][ 68]LogPlayLevel: PIE:  No blueprints needed recompiling
[2015.05.03-22.07.09:633][ 68]PIE: New page: PIE session: ThirdPersonExampleMap (May 3, 2015, 8:07:09 AM)
[2015.05.03-22.07.10:072][ 68]LogPlayLevel: PIE: StaticDuplicateObject took: (0.438728s)
[2015.05.03-22.07.10:073][ 68]LogPlayLevel: PIE: World Init took: (0.000911s)
[2015.05.03-22.07.10:073][ 68]LogPlayLevel: PIE: Created PIE world by copying editor world from /Game/ThirdPersonBP/Maps/ThirdPersonExampleMap.ThirdPersonExampleMap to /Game/ThirdPersonBP/Maps/UEDPIE_0_ThirdPersonExampleMap.ThirdPersonExampleMap (0.439898s)
[2015.05.03-22.07.10:122][ 68]LogWorld: Game class is 'ThirdPersonGameMode_C'
[2015.05.03-22.07.10:125][ 68]LogAIModule: Creating AISystem for world ThirdPersonExampleMap
[2015.05.03-22.07.10:132][ 68]LogWorld:Warning: *** WARNING - PATHS MAY NOT BE VALID ***
[2015.05.03-22.07.10:132][ 68]LogWorld: Bringing World /Game/ThirdPersonBP/Maps/UEDPIE_0_ThirdPersonExampleMap.ThirdPersonExampleMap up for play (max tick rate 60) at 2015.05.03-15.07.10
[2015.05.03-22.07.10:133][ 68]LogWorld: Bringing up level for play took: 0.008091
[2015.05.03-22.07.10:135][ 68]PIE: Info Play in editor start time for /Game/ThirdPersonBP/Maps/UEDPIE_0_ThirdPersonExampleMap 1.354
[2015.05.03-22.07.17:764][522]LogScript:Warning: Accessed None 'CallFunc_CreateMoveToProxyObject_ReturnValue'
	Enemy1_C /Game/ThirdPersonBP/Maps/UEDPIE_0_ThirdPersonExampleMap.ThirdPersonExampleMap:PersistentLevel.Enemy1_C_4
	Function /Game/ThirdPersonBP/Blueprints/Enemy1.Enemy1_C:ExecuteUbergraph_Enemy1:00AC
[2015.05.03-22.07.17:764][522]PIE:Error: Error Accessed None 'CallFunc_CreateMoveToProxyObject_ReturnValue' from node Construction Script in blueprint Enemy1
[2015.05.03-22.07.17:764][522]LogScript:Warning: Accessed None 'CallFunc_CreateMoveToProxyObject_ReturnValue'
	Enemy1_C /Game/ThirdPersonBP/Maps/UEDPIE_0_ThirdPersonExampleMap.ThirdPersonExampleMap:PersistentLevel.Enemy1_C_4
	Function /Game/ThirdPersonBP/Blueprints/Enemy1.Enemy1_C:ExecuteUbergraph_Enemy1:00EF
[2015.05.03-22.07.17:764][522]PIE:Error: Error Accessed None 'CallFunc_CreateMoveToProxyObject_ReturnValue' from node Construction Script in blueprint Enemy1
[2015.05.03-22.07.20:765][702]LogScript:Warning: Accessed None 'CallFunc_CreateMoveToProxyObject_ReturnValue'
	Enemy1_C /Game/ThirdPersonBP/Maps/UEDPIE_0_ThirdPersonExampleMap.ThirdPersonExampleMap:PersistentLevel.Enemy1_C_5
	Function /Game/ThirdPersonBP/Blueprints/Enemy1.Enemy1_C:ExecuteUbergraph_Enemy1:00AC
[2015.05.03-22.07.20:765][702]PIE:Error: Error Accessed None 'CallFunc_CreateMoveToProxyObject_ReturnValue' from node Construction Script in blueprint Enemy1
[2015.05.03-22.07.20:765][702]LogScript:Warning: Accessed None 'CallFunc_CreateMoveToProxyObject_ReturnValue'
	Enemy1_C /Game/ThirdPersonBP/Maps/UEDPIE_0_ThirdPersonExampleMap.ThirdPersonExampleMap:PersistentLevel.Enemy1_C_5
	Function /Game/ThirdPersonBP/Blueprints/Enemy1.Enemy1_C:ExecuteUbergraph_Enemy1:00EF
[2015.05.03-22.07.20:765][702]PIE:Error: Error Accessed None 'CallFunc_CreateMoveToProxyObject_ReturnValue' from node Construction Script in blueprint Enemy1
[2015.05.03-22.07.26:780][ 61]LogScript:Warning: Accessed None 'CallFunc_CreateMoveToProxyObject_ReturnValue'
	Enemy1_C /Game/ThirdPersonBP/Maps/UEDPIE_0_ThirdPersonExampleMap.ThirdPersonExampleMap:PersistentLevel.Enemy1_C_6
	Function /Game/ThirdPersonBP/Blueprints/Enemy1.Enemy1_C:ExecuteUbergraph_Enemy1:00AC
[2015.05.03-22.07.26:780][ 61]PIE:Error: Error Accessed None 'CallFunc_CreateMoveToProxyObject_ReturnValue' from node Construction Script in blueprint Enemy1
[2015.05.03-22.07.26:780][ 61]LogScript:Warning: Accessed None 'CallFunc_CreateMoveToProxyObject_ReturnValue'
	Enemy1_C /Game/ThirdPersonBP/Maps/UEDPIE_0_ThirdPersonExampleMap.ThirdPersonExampleMap:PersistentLevel.Enemy1_C_6
	Function /Game/ThirdPersonBP/Blueprints/Enemy1.Enemy1_C:ExecuteUbergraph_Enemy1:00EF
[2015.05.03-22.07.26:780][ 61]PIE:Error: Error Accessed None 'CallFunc_CreateMoveToProxyObject_ReturnValue' from node Construction Script in blueprint Enemy1
[2015.05.03-22.07.29:620][208]LogActorComponent: UnregisterComponent: (/Engine/Transient.CharMoveComp) Not registered. Aborting.
[2015.05.03-22.07.29:639][208]LogParticles: Destroying 0 GPU particle simulations for FXSystem 0x0000000041CE1A80
[2015.05.03-22.08.15:057][554]LogSlate:Warning: Prevented a slow task dialog from being summoned while a context menu was open
[2015.05.03-22.08.18:194][734]LogActorComponent: UnregisterComponent: (/Engine/Transient.CharMoveComp) Not registered. Aborting.
[2015.05.03-22.08.18:194][734]LogActorComponent: UnregisterComponent: (/Engine/Transient.CharacterMovementComponent_2) Not registered. Aborting.
[2015.05.03-22.08.18:283][734]Cmd: OBJ SAVEPACKAGE PACKAGE="/Game/ThirdPersonBP/Blueprints/Enemy1" FILE="C:/Users/Nargon/Documents/God-Killer/Content/ThirdPersonBP/Blueprints/Enemy1.uasset" SILENT=true
[2015.05.03-22.08.18:636][734]LogSavePackage: Save=338.012146ms
[2015.05.03-22.08.18:636][734]LogSavePackage: Moving 'C:/Users/Nargon/Documents/God-Killer/Saved/Enemy197C694BA418B11F753F5C4A36605A004.tmp' to 'C:/Users/Nargon/Documents/God-Killer/Content/ThirdPersonBP/Blueprints/Enemy1.uasset'
[2015.05.03-22.08.19:853][807]BlueprintLog: New page: Compile Enemy1
[2015.05.03-22.08.19:945][807]LogActorComponent: UnregisterComponent: (/Engine/Transient.CharMoveComp) Not registered. Aborting.
[2015.05.03-22.08.19:977][807]BlueprintEditorCompileResults: Info [0453.27] Compile of Enemy1 successful! [in 122 ms]
[2015.05.03-22.08.25:618][126]LogEditorViewport: Clicking on Actor (LMB): Spawn_C (Spawn)
[2015.05.03-22.08.41:444][ 42]LogPlayLevel: PIE:  No blueprints needed recompiling
[2015.05.03-22.08.41:444][ 42]PIE: New page: PIE session: ThirdPersonExampleMap (May 3, 2015, 8:08:41 AM)
[2015.05.03-22.08.41:473][ 42]LogPlayLevel: PIE: StaticDuplicateObject took: (0.028144s)
[2015.05.03-22.08.41:474][ 42]LogPlayLevel: PIE: World Init took: (0.000914s)
[2015.05.03-22.08.41:474][ 42]LogPlayLevel: PIE: Created PIE world by copying editor world from /Game/ThirdPersonBP/Maps/ThirdPersonExampleMap.ThirdPersonExampleMap to /Game/ThirdPersonBP/Maps/UEDPIE_0_ThirdPersonExampleMap.ThirdPersonExampleMap (0.029315s)
[2015.05.03-22.08.41:518][ 42]LogWorld: Game class is 'ThirdPersonGameMode_C'
[2015.05.03-22.08.41:520][ 42]LogAIModule: Creating AISystem for world ThirdPersonExampleMap
[2015.05.03-22.08.41:528][ 42]LogWorld:Warning: *** WARNING - PATHS MAY NOT BE VALID ***
[2015.05.03-22.08.41:528][ 42]LogWorld: Bringing World /Game/ThirdPersonBP/Maps/UEDPIE_0_ThirdPersonExampleMap.ThirdPersonExampleMap up for play (max tick rate 60) at 2015.05.03-15.08.41
[2015.05.03-22.08.41:529][ 42]LogWorld: Bringing up level for play took: 0.008300
[2015.05.03-22.08.41:531][ 42]PIE: Info Play in editor start time for /Game/ThirdPersonBP/Maps/UEDPIE_0_ThirdPersonExampleMap 0.749
[2015.05.03-22.08.46:434][335]LogScript:Warning: Accessed None 'CallFunc_CreateMoveToProxyObject_ReturnValue'
	Enemy1_C /Game/ThirdPersonBP/Maps/UEDPIE_0_ThirdPersonExampleMap.ThirdPersonExampleMap:PersistentLevel.Enemy1_C_3
	Function /Game/ThirdPersonBP/Blueprints/Enemy1.Enemy1_C:ExecuteUbergraph_Enemy1:00B4
[2015.05.03-22.08.46:435][335]PIE:Error: Error Accessed None 'CallFunc_CreateMoveToProxyObject_ReturnValue' from node Construction Script in blueprint Enemy1
[2015.05.03-22.08.46:435][335]LogScript:Warning: Accessed None 'CallFunc_CreateMoveToProxyObject_ReturnValue'
	Enemy1_C /Game/ThirdPersonBP/Maps/UEDPIE_0_ThirdPersonExampleMap.ThirdPersonExampleMap:PersistentLevel.Enemy1_C_3
	Function /Game/ThirdPersonBP/Blueprints/Enemy1.Enemy1_C:ExecuteUbergraph_Enemy1:00F7
[2015.05.03-22.08.46:435][335]PIE:Error: Error Accessed None 'CallFunc_CreateMoveToProxyObject_ReturnValue' from node Construction Script in blueprint Enemy1
[2015.05.03-22.08.52:450][673]LogScript:Warning: Accessed None 'CallFunc_CreateMoveToProxyObject_ReturnValue'
	Enemy1_C /Game/ThirdPersonBP/Maps/UEDPIE_0_ThirdPersonExampleMap.ThirdPersonExampleMap:PersistentLevel.Enemy1_C_4
	Function /Game/ThirdPersonBP/Blueprints/Enemy1.Enemy1_C:ExecuteUbergraph_Enemy1:00B4
[2015.05.03-22.08.52:450][673]PIE:Error: Error Accessed None 'CallFunc_CreateMoveToProxyObject_ReturnValue' from node Construction Script in blueprint Enemy1
[2015.05.03-22.08.52:450][673]LogScript:Warning: Accessed None 'CallFunc_CreateMoveToProxyObject_ReturnValue'
	Enemy1_C /Game/ThirdPersonBP/Maps/UEDPIE_0_ThirdPersonExampleMap.ThirdPersonExampleMap:PersistentLevel.Enemy1_C_4
	Function /Game/ThirdPersonBP/Blueprints/Enemy1.Enemy1_C:ExecuteUbergraph_Enemy1:00F7
[2015.05.03-22.08.52:450][673]PIE:Error: Error Accessed None 'CallFunc_CreateMoveToProxyObject_ReturnValue' from node Construction Script in blueprint Enemy1
[2015.05.03-22.08.56:369][905]LogActorComponent: UnregisterComponent: (/Engine/Transient.CharMoveComp) Not registered. Aborting.
[2015.05.03-22.08.56:390][905]LogParticles: Destroying 0 GPU particle simulations for FXSystem 0x000000000F3BB740
[2015.05.03-22.13.10:266][ 29]LogSlate:Warning: Prevented a slow task dialog from being summoned while a context menu was open
[2015.05.03-22.14.39:577][441]LogFileHelpers: Editor autosave (incl. sublevels) for '/Game/ThirdPersonBP/Maps/ThirdPersonExampleMap' took 0.027
[2015.05.03-22.14.39:612][441]OBJ SavePackage: Generating thumbnails for [1] asset(s) in package [/Game/ThirdPersonBP/Blueprints/Enemy1] ([1] browsable assets)...
[2015.05.03-22.14.39:643][441]OBJ SavePackage:     Rendered thumbnail for [Blueprint /Game/ThirdPersonBP/Blueprints/Enemy1.Enemy1]
[2015.05.03-22.14.39:643][441]OBJ SavePackage: Finished generating thumbnails for package [/Game/ThirdPersonBP/Blueprints/Enemy1]
[2015.05.03-22.14.40:091][441]LogSavePackage: Save=428.411987ms
[2015.05.03-22.14.40:092][441]LogSavePackage: Moving 'C:/Users/Nargon/Documents/God-Killer/Saved/Enemy1_Auto1C04D4935427354D7E144C9AAADFD664A.tmp' to 'C:/Users/Nargon/Documents/God-Killer/Saved/Autosaves/Game/ThirdPersonBP/Blueprints/Enemy1_Auto1.uasset'
[2015.05.03-22.14.40:102][441]LogFileHelpers: Auto-saving content packages took 0.525
[2015.05.03-22.19.04:135][126]LogActorComponent: UnregisterComponent: (/Engine/Transient.CharMoveComp) Not registered. Aborting.
[2015.05.03-22.19.21:376][140]BlueprintLog: New page: Compile Enemy1
[2015.05.03-22.19.21:881][140]BlueprintEditorCompileResults: Info [1115.17] Compile of Enemy1 successful! [in 504 ms]
[2015.05.03-22.19.23:976][248]LogPlayLevel: PIE:  No blueprints needed recompiling
[2015.05.03-22.19.23:976][248]PIE: New page: PIE session: ThirdPersonExampleMap (May 3, 2015, 8:19:23 AM)
[2015.05.03-22.19.24:040][248]LogPlayLevel: PIE: StaticDuplicateObject took: (0.063062s)
[2015.05.03-22.19.24:042][248]LogPlayLevel: PIE: World Init took: (0.002545s)
[2015.05.03-22.19.24:043][248]LogPlayLevel: PIE: Created PIE world by copying editor world from /Game/ThirdPersonBP/Maps/ThirdPersonExampleMap.ThirdPersonExampleMap to /Game/ThirdPersonBP/Maps/UEDPIE_0_ThirdPersonExampleMap.ThirdPersonExampleMap (0.065860s)
[2015.05.03-22.19.24:085][248]LogWorld: Game class is 'ThirdPersonGameMode_C'
[2015.05.03-22.19.24:088][248]LogAIModule: Creating AISystem for world ThirdPersonExampleMap
[2015.05.03-22.19.24:095][248]LogWorld:Warning: *** WARNING - PATHS MAY NOT BE VALID ***
[2015.05.03-22.19.24:096][248]LogWorld: Bringing World /Game/ThirdPersonBP/Maps/UEDPIE_0_ThirdPersonExampleMap.ThirdPersonExampleMap up for play (max tick rate 60) at 2015.05.03-15.19.24
[2015.05.03-22.19.24:096][248]LogWorld: Bringing up level for play took: 0.007984
[2015.05.03-22.19.24:098][248]PIE: Info Play in editor start time for /Game/ThirdPersonBP/Maps/UEDPIE_0_ThirdPersonExampleMap -0.691
[2015.05.03-22.19.37:524][ 48]LogActorComponent: UnregisterComponent: (/Engine/Transient.CharMoveComp) Not registered. Aborting.
[2015.05.03-22.19.37:543][ 48]LogParticles: Destroying 0 GPU particle simulations for FXSystem 0x000000004604C220
[2015.05.03-22.24.37:149][149]LogParticles: Destroying 0 GPU particle simulations for FXSystem 0x000000000B3CC5E0
[2015.05.03-22.24.37:213][149]Cmd: OBJ SAVEPACKAGE PACKAGE="/Game/ThirdPersonBP/Blueprints/Enemy1" FILE="C:/Users/Nargon/Documents/God-Killer/Content/ThirdPersonBP/Blueprints/Enemy1.uasset" SILENT=true
[2015.05.03-22.24.37:566][149]LogSavePackage: Save=336.956573ms
[2015.05.03-22.24.37:566][149]LogSavePackage: Moving 'C:/Users/Nargon/Documents/God-Killer/Saved/Enemy1B28BA8134E1676DA455E34939B70A20C.tmp' to 'C:/Users/Nargon/Documents/God-Killer/Content/ThirdPersonBP/Blueprints/Enemy1.uasset'
[2015.05.03-22.24.38:484][204]BlueprintLog: New page: Compile Enemy1
[2015.05.03-22.24.38:575][204]LogActorComponent: UnregisterComponent: (/Engine/Transient.CharMoveComp) Not registered. Aborting.
[2015.05.03-22.24.38:609][204]BlueprintEditorCompileResults: Info [1431.89] Compile of Enemy1 successful! [in 124 ms]
[2015.05.03-22.24.44:366][540]LogPlayLevel: PIE:  No blueprints needed recompiling
[2015.05.03-22.24.44:367][540]PIE: New page: PIE session: ThirdPersonExampleMap (May 3, 2015, 8:24:44 AM)
[2015.05.03-22.24.44:399][540]LogPlayLevel: PIE: StaticDuplicateObject took: (0.032242s)
[2015.05.03-22.24.44:400][540]LogPlayLevel: PIE: World Init took: (0.001163s)
[2015.05.03-22.24.44:401][540]LogPlayLevel: PIE: Created PIE world by copying editor world from /Game/ThirdPersonBP/Maps/ThirdPersonExampleMap.ThirdPersonExampleMap to /Game/ThirdPersonBP/Maps/UEDPIE_0_ThirdPersonExampleMap.ThirdPersonExampleMap (0.033718s)
[2015.05.03-22.24.44:450][540]LogWorld: Game class is 'ThirdPersonGameMode_C'
[2015.05.03-22.24.44:452][540]LogAIModule: Creating AISystem for world ThirdPersonExampleMap
[2015.05.03-22.24.44:460][540]LogWorld:Warning: *** WARNING - PATHS MAY NOT BE VALID ***
[2015.05.03-22.24.44:460][540]LogWorld: Bringing World /Game/ThirdPersonBP/Maps/UEDPIE_0_ThirdPersonExampleMap.ThirdPersonExampleMap up for play (max tick rate 60) at 2015.05.03-15.24.44
[2015.05.03-22.24.44:461][540]LogWorld: Bringing up level for play took: 0.008304
[2015.05.03-22.24.44:463][540]PIE: Info Play in editor start time for /Game/ThirdPersonBP/Maps/UEDPIE_0_ThirdPersonExampleMap -0.33
[2015.05.03-22.25.12:981][214]LogBlueprintUserMessages: 10.0
[2015.05.03-22.25.16:157][396]LogBlueprintUserMessages: 10.0
[2015.05.03-22.25.16:158][396]LogBlueprintUserMessages: 10.0
[2015.05.03-22.25.18:608][528]LogBlueprintUserMessages: 10.0
[2015.05.03-22.25.19:731][587]LogBlueprintUserMessages: 10.0
[2015.05.03-22.25.20:917][654]LogActorComponent: UnregisterComponent: (/Engine/Transient.CharMoveComp) Not registered. Aborting.
[2015.05.03-22.25.20:940][654]LogParticles: Destroying 0 GPU particle simulations for FXSystem 0x00000000404C2020
[2015.05.03-22.26.06:404][352]Cmd: OBJ SAVEPACKAGE PACKAGE="/Game/ThirdPersonBP/Blueprints/Enemy1" FILE="C:/Users/Nargon/Documents/God-Killer/Content/ThirdPersonBP/Blueprints/Enemy1.uasset" SILENT=true
[2015.05.03-22.26.06:753][352]LogSavePackage: Save=337.261902ms
[2015.05.03-22.26.06:753][352]LogSavePackage: Moving 'C:/Users/Nargon/Documents/God-Killer/Saved/Enemy172706ECA47F173F117F4FF8112AE70DA.tmp' to 'C:/Users/Nargon/Documents/God-Killer/Content/ThirdPersonBP/Blueprints/Enemy1.uasset'
[2015.05.03-22.26.30:930][763]LogActorComponent: UnregisterComponent: (/Engine/Transient.CharMoveComp) Not registered. Aborting.
[2015.05.03-22.26.31:718][809]BlueprintLog: New page: Compile Enemy1
[2015.05.03-22.26.31:861][809]BlueprintEditorCompileResults: Info [1545.14] Compile of Enemy1 successful! [in 142 ms]
[2015.05.03-22.26.36:361][ 69]Cmd: OBJ SAVEPACKAGE PACKAGE="/Game/ThirdPersonBP/Blueprints/Enemy1" FILE="C:/Users/Nargon/Documents/God-Killer/Content/ThirdPersonBP/Blueprints/Enemy1.uasset" SILENT=true
[2015.05.03-22.26.36:711][ 69]LogSavePackage: Save=336.230438ms
[2015.05.03-22.26.36:711][ 69]LogSavePackage: Moving 'C:/Users/Nargon/Documents/God-Killer/Saved/Enemy18BAED0A14F5E37E2CAFD1B96D4CA74E9.tmp' to 'C:/Users/Nargon/Documents/God-Killer/Content/ThirdPersonBP/Blueprints/Enemy1.uasset'
[2015.05.03-22.26.48:177][750]LogActorComponent: UnregisterComponent: (/Engine/Transient.CharMoveComp) Not registered. Aborting.
[2015.05.03-22.26.48:257][750]Cmd: OBJ SAVEPACKAGE PACKAGE="/Game/ThirdPersonBP/Blueprints/Enemy1" FILE="C:/Users/Nargon/Documents/God-Killer/Content/ThirdPersonBP/Blueprints/Enemy1.uasset" SILENT=true
[2015.05.03-22.26.48:595][750]LogSavePackage: Save=328.687561ms
[2015.05.03-22.26.48:595][750]LogSavePackage: Moving 'C:/Users/Nargon/Documents/God-Killer/Saved/Enemy199B9768C434A8B1B68547695C1C90BE3.tmp' to 'C:/Users/Nargon/Documents/God-Killer/Content/ThirdPersonBP/Blueprints/Enemy1.uasset'
[2015.05.03-22.27.02:791][562]LogActorComponent: UnregisterComponent: (/Engine/Transient.CharMoveComp) Not registered. Aborting.
[2015.05.03-22.27.02:862][562]Cmd: OBJ SAVEPACKAGE PACKAGE="/Game/ThirdPersonBP/Blueprints/Enemy1" FILE="C:/Users/Nargon/Documents/God-Killer/Content/ThirdPersonBP/Blueprints/Enemy1.uasset" SILENT=true
[2015.05.03-22.27.02:944][562]LogSavePackage: Save=72.652306ms
[2015.05.03-22.27.02:944][562]LogSavePackage: Moving 'C:/Users/Nargon/Documents/God-Killer/Saved/Enemy1A2199E2845AFA8252014E186DD07D887.tmp' to 'C:/Users/Nargon/Documents/God-Killer/Content/ThirdPersonBP/Blueprints/Enemy1.uasset'
[2015.05.03-22.27.06:495][769]LogContentBrowser:Verbose: The content browser source was changed by the sources view to '/Game/Scene'
[2015.05.03-22.27.11:450][858]LogParticles:Warning: InitializeSystem called on an unregistered component. Template=/Game/Particles/fire.fire Component=/Game/Scene/NewCave.NewCave:PersistentLevel.fire_5.ParticleSystemComponent0
[2015.05.03-22.27.11:452][858]LogParticles:Warning: InitializeSystem called on an unregistered component. Template=/Game/Particles/fire.fire Component=/Game/Scene/NewCave.NewCave:PersistentLevel.fire2.ParticleSystemComponent0
[2015.05.03-22.27.11:453][858]LogParticles:Warning: InitializeSystem called on an unregistered component. Template=/Game/Particles/fire.fire Component=/Game/Scene/NewCave.NewCave:PersistentLevel.fire3.ParticleSystemComponent0
[2015.05.03-22.27.11:454][858]LogParticles:Warning: InitializeSystem called on an unregistered component. Template=/Game/Particles/fire.fire Component=/Game/Scene/NewCave.NewCave:PersistentLevel.fire4.ParticleSystemComponent0
[2015.05.03-22.27.11:456][858]LogParticles:Warning: InitializeSystem called on an unregistered component. Template=/Game/Particles/fire.fire Component=/Game/Scene/NewCave.NewCave:PersistentLevel.fire5.ParticleSystemComponent0
[2015.05.03-22.27.11:457][858]LogParticles:Warning: InitializeSystem called on an unregistered component. Template=/Game/Particles/fire.fire Component=/Game/Scene/NewCave.NewCave:PersistentLevel.fire6.ParticleSystemComponent0
[2015.05.03-22.27.11:458][858]LogParticles:Warning: InitializeSystem called on an unregistered component. Template=/Game/Particles/fire.fire Component=/Game/Scene/NewCave.NewCave:PersistentLevel.fire7.ParticleSystemComponent0
[2015.05.03-22.27.11:459][858]LogParticles:Warning: InitializeSystem called on an unregistered component. Template=/Game/Particles/fire.fire Component=/Game/Scene/NewCave.NewCave:PersistentLevel.fire8.ParticleSystemComponent0
[2015.05.03-22.27.11:461][858]LogParticles:Warning: InitializeSystem called on an unregistered component. Template=/Game/Particles/fire.fire Component=/Game/Scene/NewCave.NewCave:PersistentLevel.fire9.ParticleSystemComponent0
[2015.05.03-22.27.11:462][858]LogParticles:Warning: InitializeSystem called on an unregistered component. Template=/Game/Particles/fire.fire Component=/Game/Scene/NewCave.NewCave:PersistentLevel.fire10.ParticleSystemComponent0
[2015.05.03-22.27.11:463][858]LogParticles:Warning: InitializeSystem called on an unregistered component. Template=/Game/Particles/fire.fire Component=/Game/Scene/NewCave.NewCave:PersistentLevel.fire11.ParticleSystemComponent0
[2015.05.03-22.27.11:464][858]LogParticles:Warning: InitializeSystem called on an unregistered component. Template=/Game/Particles/fire.fire Component=/Game/Scene/NewCave.NewCave:PersistentLevel.fire12.ParticleSystemComponent0
[2015.05.03-22.27.11:466][858]LogParticles:Warning: InitializeSystem called on an unregistered component. Template=/Game/Particles/fire.fire Component=/Game/Scene/NewCave.NewCave:PersistentLevel.fire13.ParticleSystemComponent0
[2015.05.03-22.27.11:482][858]LogActorComponent: UnregisterComponent: (/Engine/Transient.CharMoveComp) Not registered. Aborting.
[2015.05.03-22.27.11:482][858]LogActorComponent: UnregisterComponent: (/Engine/Transient.CharacterMovementComponent_3) Not registered. Aborting.
[2015.05.03-22.27.11:515][858]Cmd: MAP LOAD FILE="C:/Users/Nargon/Documents/God-Killer/Content/Scene/NewCave.umap" TEMPLATE=0 SHOWPROGRESS=1 FEATURELEVEL=3
[2015.05.03-22.27.11:516][858]LightingResults: New page: Lighting Build
[2015.05.03-22.27.11:624][858]LoadErrors: New page: Loading map: NewCave.umap
[2015.05.03-22.27.11:802][858]MapCheck: New page: Map Check
[2015.05.03-22.27.11:802][858]LightingResults: New page: Lighting Build
[2015.05.03-22.27.11:821][858]LogParticles: Destroying 0 GPU particle simulations for FXSystem 0x0000000018962020
[2015.05.03-22.27.13:443][858]LogEditorServer: Finished looking for orphan Actors (0.000 secs)
[2015.05.03-22.27.13:584][858]LogAIModule: Creating AISystem for world NewCave
[2015.05.03-22.27.13:623][858]Cmd: MAP CHECKDEP
[2015.05.03-22.27.13:623][858]MapCheck: New page: NewCave - May 3, 2015, 8:27:13 AM
[2015.05.03-22.27.15:004][858]MapCheck: Info Map check complete: 0 Error(s), 0 Warning(s), took 1,380.466ms to complete.
[2015.05.03-22.27.15:056][858]LogFileHelpers: Loading map 'NewCave' took 3.550
[2015.05.03-22.27.15:176][859]Cmd: UpdateLandscapeEditorData -warnings
[2015.05.03-22.27.15:177][859]Cmd: UpdateLandscapeEditorData
[2015.05.03-22.27.17:398][988]LogEditorViewport: Clicking on Actor (LMB): Landscape (Landscape)
[2015.05.03-22.27.34:106][966]BlueprintLog: New page: Pre-PIE auto-recompile
[2015.05.03-22.27.34:112][966]LogActorComponent: UnregisterComponent: (/Engine/Transient.CharMoveComp) Not registered. Aborting.
[2015.05.03-22.27.34:117][966]LogPlayLevel: [PIE] Compiling Enemy1 before PIE...
[2015.05.03-22.27.34:222][966]LogPlayLevel: PIE:  Blueprint regeneration took 116 ms (1 blueprints)
[2015.05.03-22.27.34:222][966]PIE: New page: PIE session: NewCave (May 3, 2015, 8:27:34 AM)
[2015.05.03-22.27.34:576][966]LogPlayLevel: PIE: StaticDuplicateObject took: (0.353004s)
[2015.05.03-22.27.34:577][966]LogPlayLevel: PIE: World Init took: (0.000736s)
[2015.05.03-22.27.34:577][966]LogPlayLevel: PIE: Created PIE world by copying editor world from /Game/Scene/NewCave.NewCave to /Game/Scene/UEDPIE_0_NewCave.NewCave (0.353976s)
[2015.05.03-22.27.34:632][966]LogWorld: Game class is 'ThirdPersonGameMode_C'
[2015.05.03-22.27.34:634][966]LogAIModule: Creating AISystem for world NewCave
[2015.05.03-22.27.34:663][966]LogWorld:Warning: *** WARNING - PATHS MAY NOT BE VALID ***
[2015.05.03-22.27.34:663][966]LogWorld: Bringing World /Game/Scene/UEDPIE_0_NewCave.NewCave up for play (max tick rate 60) at 2015.05.03-15.27.34
[2015.05.03-22.27.34:664][966]LogWorld: Bringing up level for play took: 0.029802
[2015.05.03-22.27.34:711][966]PIE: Info Play in editor start time for /Game/Scene/UEDPIE_0_NewCave -0.085
[2015.05.03-22.27.45:618][618]LogBlueprintUserMessages: 100.0
[2015.05.03-22.27.45:717][624]LogBlueprintUserMessages: 100.0
[2015.05.03-22.27.46:801][689]LogBlueprintUserMessages: 100.0
[2015.05.03-22.27.47:901][755]LogBlueprintUserMessages: 100.0
[2015.05.03-22.28.41:685][953]LogActorComponent: UnregisterComponent: (/Engine/Transient.CharMoveComp) Not registered. Aborting.
[2015.05.03-22.28.58:497][914]LogParticles: Destroying 0 GPU particle simulations for FXSystem 0x0000000048EDA160
[2015.05.03-22.29.09:746][562]Cmd: OBJ SAVEPACKAGE PACKAGE="/Game/ThirdPersonBP/Blueprints/Enemy1" FILE="C:/Users/Nargon/Documents/God-Killer/Content/ThirdPersonBP/Blueprints/Enemy1.uasset" SILENT=true
[2015.05.03-22.29.10:091][562]LogSavePackage: Save=328.928223ms
[2015.05.03-22.29.10:091][562]LogSavePackage: Moving 'C:/Users/Nargon/Documents/God-Killer/Saved/Enemy10E474C6F4B7A35DC4F7528B2EAE2CBF2.tmp' to 'C:/Users/Nargon/Documents/God-Killer/Content/ThirdPersonBP/Blueprints/Enemy1.uasset'
[2015.05.03-22.29.10:782][602]BlueprintLog: New page: Compile Enemy1
[2015.05.03-22.29.10:861][602]LogActorComponent: UnregisterComponent: (/Engine/Transient.CharMoveComp) Not registered. Aborting.
[2015.05.03-22.29.10:895][602]BlueprintEditorCompileResults: Info [1704.17] Compile of Enemy1 successful! [in 112 ms]
[2015.05.03-22.29.12:733][707]LogPlayLevel: PIE:  No blueprints needed recompiling
[2015.05.03-22.29.12:733][707]PIE: New page: PIE session: NewCave (May 3, 2015, 8:29:12 AM)
[2015.05.03-22.29.12:793][707]LogPlayLevel: PIE: StaticDuplicateObject took: (0.059590s)
[2015.05.03-22.29.12:794][707]LogPlayLevel: PIE: World Init took: (0.000744s)
[2015.05.03-22.29.12:794][707]LogPlayLevel: PIE: Created PIE world by copying editor world from /Game/Scene/NewCave.NewCave to /Game/Scene/UEDPIE_0_NewCave.NewCave (0.060555s)
[2015.05.03-22.29.12:837][707]LogWorld: Game class is 'ThirdPersonGameMode_C'
[2015.05.03-22.29.12:839][707]LogAIModule: Creating AISystem for world NewCave
[2015.05.03-22.29.12:869][707]LogWorld:Warning: *** WARNING - PATHS MAY NOT BE VALID ***
[2015.05.03-22.29.12:869][707]LogWorld: Bringing World /Game/Scene/UEDPIE_0_NewCave.NewCave up for play (max tick rate 60) at 2015.05.03-15.29.12
[2015.05.03-22.29.12:870][707]LogWorld: Bringing up level for play took: 0.030712
[2015.05.03-22.29.12:873][707]PIE: Info Play in editor start time for /Game/Scene/UEDPIE_0_NewCave 0.077
[2015.05.03-22.29.32:877][903]LogActorComponent: UnregisterComponent: (/Engine/Transient.CharMoveComp) Not registered. Aborting.
[2015.05.03-22.29.32:905][903]LogParticles: Destroying 0 GPU particle simulations for FXSystem 0x000000003F58D080
[2015.05.03-22.29.40:735][346]LogParticles: Destroying 0 GPU particle simulations for FXSystem 0x000000003F6AE480
[2015.05.03-22.29.41:550][347]Cmd: QUIT_EDITOR
[2015.05.03-22.29.42:082][347]LogExit: Preparing to exit.
[2015.05.03-22.29.42:782][347]LogExit: Editor shut down
[2015.05.03-22.29.42:783][347]LogExit: Transaction tracking system shut down
[2015.05.03-22.29.42:785][347]LogParticles: Destroying 0 GPU particle simulations for FXSystem 0x0000000004544680
[2015.05.03-22.29.42:785][347]LogParticles: Destroying 0 GPU particle simulations for FXSystem 0x0000000017B51A80
[2015.05.03-22.29.42:785][347]LogParticles: Destroying 0 GPU particle simulations for FXSystem 0x0000000041CE1B20
[2015.05.03-22.29.42:785][347]LogParticles: Destroying 0 GPU particle simulations for FXSystem 0x0000000041CE05E0
[2015.05.03-22.29.42:787][347]LogParticles: Destroying 0 GPU particle simulations for FXSystem 0x00000000426F42C0
[2015.05.03-22.29.43:609][347]LogExit: Object subsystem successfully closed.
[2015.05.03-22.29.44:137][347]LogModuleManager: Shutting down and abandoning module CrashTracker (177)
[2015.05.03-22.29.44:138][347]LogModuleManager: Shutting down and abandoning module SuperSearch (176)
[2015.05.03-22.29.44:138][347]LogModuleManager: Shutting down and abandoning module SceneOutliner (175)
[2015.05.03-22.29.44:138][347]LogModuleManager: Shutting down and abandoning module EditorWidgets (174)
[2015.05.03-22.29.44:138][347]LogModuleManager: Shutting down and abandoning module CollectionManager (173)
[2015.05.03-22.29.44:146][347]LogModuleManager: Shutting down and abandoning module StatsViewer (172)
[2015.05.03-22.29.44:158][347]LogModuleManager: Shutting down and abandoning module FoliageEdit (171)
[2015.05.03-22.29.44:158][347]LogModuleManager: Shutting down and abandoning module LandscapeEditor (170)
[2015.05.03-22.29.44:174][347]LogModuleManager: Shutting down and abandoning module MeshPaint (169)
[2015.05.03-22.29.44:181][347]LogModuleManager: Shutting down and abandoning module ActorPickerMode (168)
[2015.05.03-22.29.44:182][347]LogModuleManager: Shutting down and abandoning module GeometryMode (167)
[2015.05.03-22.29.44:182][347]LogModuleManager: Shutting down and abandoning module TextureAlignMode (166)
[2015.05.03-22.29.44:182][347]LogModuleManager: Shutting down and abandoning module BspMode (165)
[2015.05.03-22.29.44:182][347]LogModuleManager: Shutting down and abandoning module PlacementMode (164)
[2015.05.03-22.29.44:182][347]LogModuleManager: Shutting down and abandoning module AutomationWorker (163)
[2015.05.03-22.29.44:182][347]LogModuleManager: Shutting down and abandoning module CharacterAI (162)
[2015.05.03-22.29.44:182][347]LogModuleManager: Shutting down and abandoning module SmartSnapping (161)
[2015.05.03-22.29.44:182][347]LogModuleManager: Shutting down and abandoning module ViewportSnapping (160)
[2015.05.03-22.29.44:182][347]LogModuleManager: Shutting down and abandoning module LogVisualizer (159)
[2015.05.03-22.29.44:225][347]LogModuleManager: Shutting down and abandoning module GameProjectGeneration (158)
[2015.05.03-22.29.44:236][347]LogModuleManager: Shutting down and abandoning module IntroTutorials (157)
[2015.05.03-22.29.44:274][347]LogModuleManager: Shutting down and abandoning module EditorLiveStreaming (156)
[2015.05.03-22.29.44:274][347]LogModuleManager: Shutting down and abandoning module HardwareTargeting (155)
[2015.05.03-22.29.44:275][347]LogModuleManager: Shutting down and abandoning module DeviceProfileEditor (154)
[2015.05.03-22.29.44:280][347]LogModuleManager: Shutting down and abandoning module UndoHistory (153)
[2015.05.03-22.29.44:288][347]LogModuleManager: Shutting down and abandoning module GameplayTagsEditor (152)
[2015.05.03-22.29.44:288][347]LogModuleManager: Shutting down and abandoning module UserFeedback (151)
[2015.05.03-22.29.44:288][347]LogModuleManager: Shutting down and abandoning module XmlParser (150)
[2015.05.03-22.29.44:299][347]LogModuleManager: Shutting down and abandoning module Blutility (149)
[2015.05.03-22.29.44:299][347]LogModuleManager: Shutting down and abandoning module IOSPlatformEditor (148)
[2015.05.03-22.29.44:299][347]LogModuleManager: Shutting down and abandoning module IOSRuntimeSettings (147)
[2015.05.03-22.29.44:299][347]LogModuleManager: Shutting down and abandoning module AndroidDeviceDetection (146)
[2015.05.03-22.29.44:644][347]LogModuleManager: Shutting down and abandoning module AndroidPlatformEditor (145)
[2015.05.03-22.29.44:644][347]LogModuleManager: Shutting down and abandoning module AndroidRuntimeSettings (144)
[2015.05.03-22.29.44:644][347]LogModuleManager: Shutting down and abandoning module ProjectTargetPlatformEditor (143)
[2015.05.03-22.29.44:689][347]LogModuleManager: Shutting down and abandoning module ProjectSettingsViewer (142)
[2015.05.03-22.29.44:690][347]LogModuleManager: Shutting down and abandoning module InputBindingEditor (141)
[2015.05.03-22.29.44:713][347]LogModuleManager: Shutting down and abandoning module EditorSettingsViewer (140)
[2015.05.03-22.29.44:713][347]LogModuleManager: Shutting down and abandoning module SettingsEditor (139)
[2015.05.03-22.29.44:722][347]LogModuleManager: Shutting down and abandoning module ProjectLauncher (138)
[2015.05.03-22.29.44:740][347]LogModuleManager: Shutting down and abandoning module SessionFrontend (137)
[2015.05.03-22.29.44:753][347]LogModuleManager: Shutting down and abandoning module ProfilerClient (136)
[2015.05.03-22.29.44:757][347]LogModuleManager: Shutting down and abandoning module TargetDeviceServices (135)
[2015.05.03-22.29.44:757][347]LogModuleManager: Shutting down and abandoning module DeviceManager (134)
[2015.05.03-22.29.44:770][347]LogModuleManager: Shutting down and abandoning module AutomationController (133)
[2015.05.03-22.29.44:775][347]LogModuleManager: Shutting down and abandoning module AutomationWindow (132)
[2015.05.03-22.29.44:787][347]LogModuleManager: Shutting down and abandoning module Layers (131)
[2015.05.03-22.29.44:800][347]LogModuleManager: Shutting down and abandoning module ComponentVisualizers (130)
[2015.05.03-22.29.44:800][347]LogModuleManager: Shutting down and abandoning module DetailCustomizations (129)
[2015.05.03-22.29.44:800][347]LogModuleManager: Shutting down and abandoning module PackagesDialog (128)
[2015.05.03-22.29.44:810][347]LogModuleManager: Shutting down and abandoning module AssetRegistry (127)
[2015.05.03-22.29.44:929][347]LogModuleManager: Shutting down and abandoning module Persona (126)
[2015.05.03-22.29.44:956][347]LogModuleManager: Shutting down and abandoning module SlateReflector (125)
[2015.05.03-22.29.44:969][347]LogModuleManager: Shutting down and abandoning module LevelEditor (124)
[2015.05.03-22.29.44:975][347]LogModuleManager: Shutting down and abandoning module Kismet (123)
[2015.05.03-22.29.44:975][347]LogModuleManager: Shutting down and abandoning module GraphEditor (122)
[2015.05.03-22.29.44:975][347]LogModuleManager: Shutting down and abandoning module ClassViewer (121)
[2015.05.03-22.29.44:975][347]LogModuleManager: Shutting down and abandoning module Toolbox (120)
[2015.05.03-22.29.44:975][347]LogModuleManager: Shutting down and abandoning module ModuleUI (119)
[2015.05.03-22.29.44:987][347]LogModuleManager: Shutting down and abandoning module MovieSceneTools (118)
[2015.05.03-22.29.45:014][347]LogModuleManager: Shutting down and abandoning module OutputLog (117)
[2015.05.03-22.29.45:014][347]LogModuleManager: Shutting down and abandoning module GammaUI (116)
[2015.05.03-22.29.45:021][347]LogModuleManager: Shutting down and abandoning module Documentation (115)
[2015.05.03-22.29.45:021][347]LogModuleManager: Shutting down and abandoning module GameLiveStreaming (114)
[2015.05.03-22.29.45:025][347]LogModuleManager: Shutting down and abandoning module StreamingPauseRendering (113)
[2015.05.03-22.29.45:034][347]LogModuleManager: Shutting down and abandoning module HTTP (112)
[2015.05.03-22.29.45:034][347]LogModuleManager: Shutting down and abandoning module AnalyticsET (111)
[2015.05.03-22.29.45:034][347]LogModuleManager: Shutting down and abandoning module Analytics (110)
[2015.05.03-22.29.45:034][347]LogModuleManager: Shutting down and abandoning module AITestSuite (109)
[2015.05.03-22.29.45:038][347]LogModuleManager: Shutting down and abandoning module GameplayDebugger (108)
[2015.05.03-22.29.45:038][347]LogModuleManager: Shutting down and abandoning module AIModule (107)
[2015.05.03-22.29.45:048][347]LogModuleManager: Shutting down and abandoning module ProfilerService (106)
[2015.05.03-22.29.45:193][347]LogModuleManager: Shutting down and abandoning module TaskGraph (105)
[2015.05.03-22.29.45:200][347]LogModuleManager: Shutting down and abandoning module SlateRemote (104)
[2015.05.03-22.29.45:200][347]LogModuleManager: Shutting down and abandoning module ScriptEditorPlugin (103)
[2015.05.03-22.29.45:200][347]LogModuleManager: Shutting down and abandoning module CustomMeshComponent (102)
[2015.05.03-22.29.45:200][347]LogModuleManager: Shutting down and abandoning module CableComponent (101)
[2015.05.03-22.29.45:206][347]LogModuleManager: Shutting down and abandoning module MessagingDebugger (100)
[2015.05.03-22.29.45:217][347]LogModuleManager: Shutting down and abandoning module MediaPlayerEditor (99)
[2015.05.03-22.29.45:224][347]LogModuleManager: Shutting down and abandoning module SpeedTreeImporter (98)
[2015.05.03-22.29.45:224][347]LogModuleManager: Shutting down and abandoning module PluginsEditor (97)
[2015.05.03-22.29.45:238][347]LogModuleManager: Shutting down and abandoning module MainFrame (96)
[2015.05.03-22.29.45:238][347]LogModuleManager: Shutting down and abandoning module EpicSurvey (95)
[2015.05.03-22.29.45:246][347]LogModuleManager: Shutting down and abandoning module DesktopPlatform (94)
[2015.05.03-22.29.45:263][347]LogModuleManager: Shutting down and abandoning module DirectoryWatcher (93)
[2015.05.03-22.29.45:263][347]LogModuleManager: Shutting down and abandoning module HotReload (92)
[2015.05.03-22.29.45:263][347]LogModuleManager: Shutting down and abandoning module VisualStudioSourceCodeAccess (91)
[2015.05.03-22.29.45:277][347]LogModuleManager: Shutting down and abandoning module UObjectPlugin (90)
[2015.05.03-22.29.45:277][347]LogModuleManager: Shutting down and abandoning module SubversionSourceControl (89)
[2015.05.03-22.29.45:286][347]LogModuleManager: Shutting down and abandoning module PerforceSourceControl (88)
[2015.05.03-22.29.45:298][347]LogModuleManager: Shutting down and abandoning module SourceControl (87)
[2015.05.03-22.29.45:303][347]LogModuleManager: Shutting down and abandoning module GitSourceControl (86)
[2015.05.03-22.29.45:312][347]LogModuleManager: Shutting down and abandoning module BlankPlugin (85)
[2015.05.03-22.29.45:312][347]LogModuleManager: Shutting down and abandoning module PaperTiledImporter (84)
[2015.05.03-22.29.45:312][347]LogModuleManager: Shutting down and abandoning module PaperJsonImporter (83)
[2015.05.03-22.29.45:312][347]LogModuleManager: Shutting down and abandoning module ContentBrowser (82)
[2015.05.03-22.29.45:313][347]LogModuleManager: Shutting down and abandoning module Paper2DEditor (81)
[2015.05.03-22.29.45:340][347]LogModuleManager: Shutting down and abandoning module ScriptPlugin (80)
[2015.05.03-22.29.45:345][347]LogModuleManager: Shutting down and abandoning module UdpMessaging (79)
[2015.05.03-22.29.45:445][347]LogModuleManager: Shutting down and abandoning module Paper2D (78)
[2015.05.03-22.29.45:458][347]LogModuleManager: Shutting down and abandoning module WindowsMoviePlayer (77)
[2015.05.03-22.29.45:466][347]LogModuleManager: Shutting down and abandoning module Media (76)
[2015.05.03-22.29.45:466][347]LogModuleManager: Shutting down and abandoning module WmfMedia (75)
[2015.05.03-22.29.45:533][347]LogModuleManager: Shutting down and abandoning module OnlineBlueprintSupport (74)
[2015.05.03-22.29.45:533][347]LogModuleManager: Shutting down and abandoning module PropertyEditor (73)
[2015.05.03-22.29.45:533][347]LogModuleManager: Shutting down and abandoning module BehaviorTreeEditor (72)
[2015.05.03-22.29.45:556][347]LogModuleManager: Shutting down and abandoning module FunctionalTesting (71)
[2015.05.03-22.29.45:562][347]LogModuleManager: Shutting down and abandoning module CollisionAnalyzer (70)
[2015.05.03-22.29.45:573][347]LogModuleManager: Shutting down and abandoning module WorkspaceMenuStructure (69)
[2015.05.03-22.29.45:573][347]LogModuleManager: Shutting down and abandoning module MessageLog (68)
[2015.05.03-22.29.45:573][347]LogModuleManager: Shutting down and abandoning module Sequencer (67)
[2015.05.03-22.29.45:602][347]LogModuleManager: Shutting down and abandoning module AssetTools (66)
[2015.05.03-22.29.45:628][347]LogModuleManager: Shutting down and abandoning module UMGEditor (65)
[2015.05.03-22.29.45:638][347]LogModuleManager: Shutting down and abandoning module UMG (64)
[2015.05.03-22.29.45:641][347]LogModuleManager: Shutting down and abandoning module Slate (63)
[2015.05.03-22.29.45:641][347]LogModuleManager: Shutting down and abandoning module EditorStyle (62)
[2015.05.03-22.29.45:645][347]LogModuleManager: Shutting down and abandoning module SessionServices (61)
[2015.05.03-22.29.45:645][347]LogModuleManager: Shutting down and abandoning module SourceCodeAccess (60)
[2015.05.03-22.29.45:645][347]LogModuleManager: Shutting down and abandoning module HeadMountedDisplay (59)
[2015.05.03-22.29.45:645][347]LogModuleManager: Shutting down and abandoning module XAudio2 (58)
[2015.05.03-22.29.45:645][347]LogModuleManager: Shutting down and abandoning module Networking (56)
[2015.05.03-22.29.45:645][347]LogModuleManager: Shutting down and abandoning module Core (55)
[2015.05.03-22.29.45:645][347]LogModuleManager: Shutting down and abandoning module KismetCompiler (54)
[2015.05.03-22.29.45:645][347]LogModuleManager: Shutting down and abandoning module PhysXFormats (53)
[2015.05.03-22.29.45:645][347]LogModuleManager: Shutting down and abandoning module MeshUtilities (52)
[2015.05.03-22.29.45:659][347]LogModuleManager: Shutting down and abandoning module DerivedDataCache (51)
[2015.05.03-22.29.45:687][347]LogDerivedDataCache: Shutdown
[2015.05.03-22.29.45:687][347]LogModuleManager: Shutting down and abandoning module ShaderFormatOpenGL (50)
[2015.05.03-22.29.45:691][347]LogModuleManager: Shutting down and abandoning module ShaderFormatD3D (49)
[2015.05.03-22.29.45:699][347]LogModuleManager: Shutting down and abandoning module MetalShaderFormat (48)
[2015.05.03-22.29.45:709][347]LogModuleManager: Shutting down and abandoning module TextureFormatUncompressed (47)
[2015.05.03-22.29.45:709][347]LogModuleManager: Shutting down and abandoning module TextureFormatPVR (46)
[2015.05.03-22.29.45:718][347]LogModuleManager: Shutting down and abandoning module TextureFormatIntelISPCTexComp (45)
[2015.05.03-22.29.45:719][347]LogModuleManager: Shutting down and abandoning module TextureFormatDXT (44)
[2015.05.03-22.29.45:720][347]LogModuleManager: Shutting down and abandoning module ImageWrapper (43)
[2015.05.03-22.29.45:720][347]LogModuleManager: Shutting down and abandoning module TextureFormatASTC (42)
[2015.05.03-22.29.45:721][347]LogModuleManager: Shutting down and abandoning module TextureFormatAndroid (41)
[2015.05.03-22.29.45:721][347]LogModuleManager: Shutting down and abandoning module AudioFormatOpus (40)
[2015.05.03-22.29.45:726][347]LogModuleManager: Shutting down and abandoning module AudioFormatOgg (39)
[2015.05.03-22.29.45:726][347]LogModuleManager: Shutting down and abandoning module AudioFormatADPCM (38)
[2015.05.03-22.29.45:727][347]LogModuleManager: Shutting down and abandoning module LinuxTargetPlatform (37)
[2015.05.03-22.29.45:727][347]LogModuleManager: Shutting down and abandoning module LinuxServerTargetPlatform (36)
[2015.05.03-22.29.45:732][347]LogModuleManager: Shutting down and abandoning module LinuxNoEditorTargetPlatform (35)
[2015.05.03-22.29.45:735][347]LogModuleManager: Shutting down and abandoning module Messaging (34)
[2015.05.03-22.29.45:735][347]LogModuleManager: Shutting down and abandoning module IOSTargetPlatform (33)
[2015.05.03-22.29.45:735][347]LogModuleManager: Shutting down and abandoning module HTML5TargetPlatform (32)
[2015.05.03-22.29.45:735][347]LogModuleManager: Shutting down and abandoning module Android_PVRTCTargetPlatform (31)
[2015.05.03-22.29.45:735][347]LogModuleManager: Shutting down and abandoning module Android_ETC2TargetPlatform (30)
[2015.05.03-22.29.45:735][347]LogModuleManager: Shutting down and abandoning module Android_ETC1TargetPlatform (29)
[2015.05.03-22.29.45:735][347]LogModuleManager: Shutting down and abandoning module Android_ES31TargetPlatform (28)
[2015.05.03-22.29.45:735][347]LogModuleManager: Shutting down and abandoning module Android_DXTTargetPlatform (27)
[2015.05.03-22.29.45:735][347]LogModuleManager: Shutting down and abandoning module Android_ATCTargetPlatform (26)
[2015.05.03-22.29.45:735][347]LogModuleManager: Shutting down and abandoning module AndroidTargetPlatform (25)
[2015.05.03-22.29.45:735][347]LogModuleManager: Shutting down and abandoning module WindowsTargetPlatform (24)
[2015.05.03-22.29.45:735][347]LogModuleManager: Shutting down and abandoning module WindowsServerTargetPlatform (23)
[2015.05.03-22.29.45:735][347]LogModuleManager: Shutting down and abandoning module WindowsNoEditorTargetPlatform (22)
[2015.05.03-22.29.45:735][347]LogModuleManager: Shutting down and abandoning module WindowsClientTargetPlatform (21)
[2015.05.03-22.29.45:735][347]LogModuleManager: Shutting down and abandoning module TargetPlatform (20)
[2015.05.03-22.29.45:735][347]LogModuleManager: Shutting down and abandoning module InputCore (19)
[2015.05.03-22.29.45:735][347]LogModuleManager: Shutting down and abandoning module Settings (18)
[2015.05.03-22.29.45:735][347]LogModuleManager: Shutting down and abandoning module OnlineSubsystem (16)
[2015.05.03-22.29.45:746][347]LogModuleManager: Shutting down and abandoning module OculusRift (15)
[2015.05.03-22.29.45:746][347]LogModuleManager: Shutting down and abandoning module ExampleDeviceProfileSelector (14)
[2015.05.03-22.29.45:746][347]LogModuleManager: Shutting down and abandoning module TextureCompressor (13)
[2015.05.03-22.29.45:749][347]LogModuleManager: Shutting down and abandoning module ShaderCore (12)
[2015.05.03-22.29.45:749][347]LogModuleManager: Shutting down and abandoning module Landscape (11)
[2015.05.03-22.29.45:750][347]LogModuleManager: Shutting down and abandoning module SlateRHIRenderer (10)
[2015.05.03-22.29.45:767][347]LogModuleManager: Shutting down and abandoning module OpenGLDrv (9)
[2015.05.03-22.29.45:767][347]LogModuleManager: Shutting down and abandoning module D3D11RHI (8)
[2015.05.03-22.29.45:767][347]LogModuleManager: Shutting down and abandoning module Renderer (7)
[2015.05.03-22.29.45:767][347]LogModuleManager: Shutting down and abandoning module Engine (6)
[2015.05.03-22.29.45:767][347]LogModuleManager: Shutting down and abandoning module CoreUObject (5)
[2015.05.03-22.29.45:767][347]LogModuleManager: Shutting down and abandoning module NetworkFile (4)
[2015.05.03-22.29.45:775][347]LogModuleManager: Shutting down and abandoning module StreamingFile (3)
[2015.05.03-22.29.45:785][347]LogModuleManager: Shutting down and abandoning module SandboxFile (2)
[2015.05.03-22.29.45:789][347]LogModuleManager: Shutting down and abandoning module PakFile (1)
[2015.05.03-22.29.45:810][347]LogExit: Exiting.
[2015.05.03-22.29.45:815][347]Log file closed, 05/03/15 15:29:45
