[2015.08.29-03.08.27:574][  0]Log file open, 08/28/15 20:08:27
[2015.08.29-03.08.27:575][  0]LogInit:Display: Running engine for game: GodKiller
[2015.08.29-03.08.27:575][  0]LogInit:Display: RandInit(57586478) SRandInit(57586492).
[2015.08.29-03.08.27:575][  0]LogTaskGraph: Started task graph with 4 named threads and 7 total threads.
[2015.08.29-03.08.27:575][  0]LogStats: Stats thread started
[2015.08.29-03.08.27:575][  0]LogInit: Version: 4.8.3-2634408+++depot+UE4-Releases+4.8
[2015.08.29-03.08.27:575][  0]LogInit: API Version: 2579680
[2015.08.29-03.08.27:575][  0]LogInit: Compiled (64-bit): Jul 27 2015 16:24:33
[2015.08.29-03.08.27:575][  0]LogInit: Compiled with Visual C++: 18.00.21005.01
[2015.08.29-03.08.27:575][  0]LogInit: Build Configuration: Development
[2015.08.29-03.08.27:575][  0]LogInit: Branch Name: ++depot+UE4-Releases+4.8
[2015.08.29-03.08.27:575][  0]LogInit: Command line:  
[2015.08.29-03.08.27:575][  0]LogInit: Base directory: D:/Program Files/Unreal/Epic Games/4.8/Engine/Binaries/Win64/
[2015.08.29-03.08.27:575][  0]LogInit: Rocket: 1
[2015.08.29-03.08.27:600][  0]LogInit: Using libcurl 7.41.0
[2015.08.29-03.08.27:600][  0]LogInit:  - built for x86_64-pc-win32
[2015.08.29-03.08.27:600][  0]LogInit:  - supports SSL with WinSSL
[2015.08.29-03.08.27:600][  0]LogInit:  - other features:
[2015.08.29-03.08.27:600][  0]LogInit:      CURL_VERSION_SSL
[2015.08.29-03.08.27:600][  0]LogInit:      CURL_VERSION_IPV6
[2015.08.29-03.08.27:600][  0]LogInit:      CURL_VERSION_ASYNCHDNS
[2015.08.29-03.08.27:600][  0]LogInit:      CURL_VERSION_LARGEFILE
[2015.08.29-03.08.27:600][  0]LogInit:      CURL_VERSION_IDN
[2015.08.29-03.08.27:600][  0]LogInit:  CurlRequestOptions (configurable via config and command line):
[2015.08.29-03.08.27:600][  0]LogInit:  - bVerifyPeer = true  - Libcurl will verify peer certificate
[2015.08.29-03.08.27:600][  0]LogInit:  - bUseHttpProxy = false  - Libcurl will NOT use HTTP proxy
[2015.08.29-03.08.27:600][  0]LogInit:  - bDontReuseConnections = false  - Libcurl will reuse connections
[2015.08.29-03.08.27:600][  0]LogInit:  - CertBundlePath = nullptr  - Libcurl will use whatever was configured at build time.
[2015.08.29-03.08.27:621][  0]LogOnline:Warning: No default platform service specified for OnlineSubsystem
[2015.08.29-03.08.27:645][  0]LogInit: Presizing for 0 objects not considered by GC, pre-allocating 0 bytes.
[2015.08.29-03.08.27:654][  0]LogInit: Object subsystem initialized
[2015.08.29-03.08.27:655][  0]LogConsoleResponse:Warning: Skipping Unknown console variable: 'TranslucentSortAxis = (X=0.000000,Y=-1.000000,Z=0.000000)'
[2015.08.29-03.08.27:655][  0]LogConsoleResponse:Warning:   Found in ini file 'D:/Storage/Documents/SourceTRee/Saved/Config/Windows/Engine.ini', in section '[/Script/Engine.RendererSettings]'
[2015.08.29-03.08.27:655][  0]LogConsoleResponse:Warning: Skipping Unknown console variable: 'UIScaleRule = ShortestSide'
[2015.08.29-03.08.27:655][  0]LogConsoleResponse:Warning:   Found in ini file 'D:/Storage/Documents/SourceTRee/Saved/Config/Windows/Engine.ini', in section '[/Script/Engine.RendererSettings]'
[2015.08.29-03.08.27:655][  0]LogConsoleResponse:Warning: Skipping Unknown console variable: 'UIScaleCurve = (EditorCurveData=(Keys=),ExternalCurve=None)'
[2015.08.29-03.08.27:655][  0]LogConsoleResponse:Warning:   Found in ini file 'D:/Storage/Documents/SourceTRee/Saved/Config/Windows/Engine.ini', in section '[/Script/Engine.RendererSettings]'
[2015.08.29-03.08.27:655][  0]LogInit: Selected Device Profile: [Windows]
[2015.08.29-03.08.27:655][  0]LogInit: Applying CVar settings loaded from the selected device profile: [Windows]
[2015.08.29-03.08.27:664][  0]LogInit: Computer: JOSEPH-PC
[2015.08.29-03.08.27:664][  0]LogInit: User: Joseph
[2015.08.29-03.08.27:664][  0]LogInit: CPU Page size=4096, Cores=4
[2015.08.29-03.08.27:664][  0]LogInit: High frequency timer resolution =14.318180 MHz
[2015.08.29-03.08.27:664][  0]LogMemory: Memory total: Physical=15.9GB (16GB approx)
[2015.08.29-03.08.27:664][  0]LogMemory: Platform Memory Stats for Windows
[2015.08.29-03.08.27:664][  0]LogMemory: Process Physical Memory: 50.98 MB used, 50.98 MB peak
[2015.08.29-03.08.27:664][  0]LogMemory: Process Virtual Memory: 24.77 MB used, 24.77 MB peak
[2015.08.29-03.08.27:664][  0]LogMemory: Physical Memory: 4075.05 MB used, 16280.89 MB total
[2015.08.29-03.08.27:664][  0]LogMemory: Virtual Memory: 298.19 MB used, 134217728.00 MB total
[2015.08.29-03.08.27:707][  0]LogTextLocalizationManager: The requested culture ('en_US') has no localization data; parent culture's ('en') localization data will be used.
[2015.08.29-03.08.27:929][  0]LogTextLocalizationManager:Warning: Loaded localization resources contain conflicting entries for (Namespace:ContentBrowser, Key:ImportAssetToolTip):
Localization Resource: (D:/Program Files/Unreal/Epic Games/4.8/Engine/Content/Localization/Editor/en/Editor.locres) Source String Hash: (-630476809) Localized String: (Import to {0}...)
Localization Resource: (D:/Program Files/Unreal/Epic Games/4.8/Engine/Content/Localization/Editor/en/Editor.locres) Source String Hash: (1271782899) Localized String: (Imports an asset from file to this folder.)
[2015.08.29-03.08.28:306][  0]LogD3D11RHI: Found D3D11 adapter 0: AMD Radeon R9 200 Series (Feature Level 11_0)
[2015.08.29-03.08.28:306][  0]LogD3D11RHI: Adapter has 4075MB of dedicated video memory, 0MB of dedicated system memory, and 8140MB of shared system memory, 1 output[s]
[2015.08.29-03.08.28:308][  0]LogD3D11RHI: Found D3D11 adapter 1: Microsoft Basic Render Driver (Feature Level 11_0)
[2015.08.29-03.08.28:308][  0]LogD3D11RHI: Adapter has 0MB of dedicated video memory, 0MB of dedicated system memory, and 8140MB of shared system memory, 0 output[s]
[2015.08.29-03.08.28:308][  0]LogD3D11RHI: Chosen D3D11 Adapter Id = 0
[2015.08.29-03.08.28:317][  0]LogD3D11RHI: InitD3DDevice
[2015.08.29-03.08.28:317][  0]LogD3D11RHI: !Direct3DDevice
[2015.08.29-03.08.28:317][  0]LogRHI: Texture pool is 1361 MB (70% of 1945 MB)
[2015.08.29-03.08.28:330][  0]LogD3D11RHI: Async texture creation disabled: no driver support
[2015.08.29-03.08.28:342][  0]LogShaderCompilers:Display: Using Local Shader Compiler.
[2015.08.29-03.08.29:585][  0]LogTemp:Display: Loaded TP DesktopTargetPlatform
[2015.08.29-03.08.29:609][  0]LogTemp:Display: Loaded TP WindowsClientTargetPlatform
[2015.08.29-03.08.29:633][  0]LogTemp:Display: Loaded TP WindowsNoEditorTargetPlatform
[2015.08.29-03.08.29:656][  0]LogTemp:Display: Loaded TP WindowsServerTargetPlatform
[2015.08.29-03.08.29:682][  0]LogTemp:Display: Loaded TP WindowsTargetPlatform
[2015.08.29-03.08.29:705][  0]LogTemp:Display: Loaded TP AndroidTargetPlatform
[2015.08.29-03.08.29:725][  0]LogTemp:Display: Loaded TP Android_ASTCTargetPlatform
[2015.08.29-03.08.29:748][  0]LogTemp:Display: Loaded TP Android_ATCTargetPlatform
[2015.08.29-03.08.29:769][  0]LogTemp:Display: Loaded TP Android_DXTTargetPlatform
[2015.08.29-03.08.29:792][  0]LogTemp:Display: Loaded TP Android_ETC1TargetPlatform
[2015.08.29-03.08.29:814][  0]LogTemp:Display: Loaded TP Android_ETC2TargetPlatform
[2015.08.29-03.08.29:836][  0]LogTemp:Display: Loaded TP Android_PVRTCTargetPlatform
[2015.08.29-03.08.29:910][  0]LogTemp:Display: Loaded TP IOSTargetPlatform
[2015.08.29-03.08.29:931][  0]LogTemp:Display: Loaded TP LinuxNoEditorTargetPlatform
[2015.08.29-03.08.29:952][  0]LogTemp:Display: Loaded TP LinuxServerTargetPlatform
[2015.08.29-03.08.29:976][  0]LogTemp:Display: Loaded TP LinuxTargetPlatform
[2015.08.29-03.08.29:976][  0]LogTargetPlatformManager:Display: Building Assets For Windows
[2015.08.29-03.08.30:327][  0]LogDerivedDataCache:Display: Max Cache Size: 512 MB
[2015.08.29-03.08.30:406][  0]LogDerivedDataCache: Loaded boot cache 0.08s 53MB C:/Users/Joseph/AppData/Local/UnrealEngine/4.8/DerivedDataCache/Boot.ddc.
[2015.08.29-03.08.30:406][  0]LogDerivedDataCache:Display: Loaded Boot cache: C:/Users/Joseph/AppData/Local/UnrealEngine/4.8/DerivedDataCache/Boot.ddc
[2015.08.29-03.08.30:406][  0]LogDerivedDataCache: FDerivedDataBackendGraph:  Pak pak cache file ../../../../../../../Storage/Documents/SourceTRee/DerivedDataCache/DDC.ddp not found, will not use a pak cache.
[2015.08.29-03.08.30:406][  0]LogDerivedDataCache: Unable to find inner node Pak for hierarchical cache Hierarchy.
[2015.08.29-03.08.30:406][  0]LogDerivedDataCache: FDerivedDataBackendGraph:  CompressedPak pak cache file ../../../../../../../Storage/Documents/SourceTRee/DerivedDataCache/Compressed.ddp not found, will not use a pak cache.
[2015.08.29-03.08.30:406][  0]LogDerivedDataCache: Unable to find inner node CompressedPak for hierarchical cache Hierarchy.
[2015.08.29-03.08.30:554][  0]LogDerivedDataCache:Display: Pak cache opened for reading ../../../Engine/DerivedDataCache/Compressed.ddp.
[2015.08.29-03.08.30:567][  0]LogDerivedDataCache: Using Local data cache path C:/Users/Joseph/AppData/Local/UnrealEngine/Common/DerivedDataCache: Writable
[2015.08.29-03.08.30:900][  0]LogInit: Selected Device Profile: [Windows]
[2015.08.29-03.08.31:000][  0]ImportText (ComponentSweepMultiTests): Missing closing parenthesis: (RootShapeAsset="/Engine/BasicShapes/Cube.Cube",ShapeType="TriggerCapsule",HitResult=(Time=0.50,Location=(X=-100.000015,Y=0.0,Z=100.000015),ImpactPoint=(X=-50.0,Y=0.0,Z=50.0),Normal=(X=-1.0,Y=-0.0,Z=0.0),ImpactNormal=(X=0.0,Y=0.0,Z=1.0),TraceStart=(X=-200.0,Y=0.0,Z=200.0),TraceEnd=(X=0.0,Y=0.0,Z=0.0))
[2015.08.29-03.08.31:001][  0]ImportText (LineTraceSingleByChannelTests): Missing closing parenthesis: (RootShapeAsset="/Engine/BasicShapes/Cube.Cube",HitResult=(Time=0.50,Location=(X=-100.000015,Y=0.0,Z=100.000015),ImpactPoint=(X=-50.0,Y=0.0,Z=50.0),Normal=(X=-1.0,Y=-0.0,Z=0.0),ImpactNormal=(X=0.0,Y=0.0,Z=1.0),TraceStart=(X=-200.0,Y=0.0,Z=200.0),TraceEnd=(X=0.0,Y=0.0,Z=0.0))
[2015.08.29-03.08.31:045][  0]LogMeshUtilities: No automatic mesh reduction module available
[2015.08.29-03.08.31:045][  0]LogMeshUtilities: No automatic mesh merging module available
[2015.08.29-03.08.31:505][  0]LogInit: WinSock: version 1.1 (2.2), MaxSocks=32767, MaxUdp=65467
[2015.08.29-03.08.32:932][  0]UdpMessaging: Initializing bridge on interface 0.0.0.0:0 to multicast group 230.0.0.1:6666.
[2015.08.29-03.08.33:459][  0]SourceControl: Info Source control is disabled
[2015.08.29-03.08.33:697][  0]SourceControl: Info Source control is disabled
[2015.08.29-03.08.33:717][  0]SourceControl: Info Source control is disabled
[2015.08.29-03.08.33:735][  0]SourceControl: Info Source control is disabled
[2015.08.29-03.08.34:134][  0]LogObj: 26273 objects as part of root set at end of initial load.
[2015.08.29-03.08.34:134][  0]LogUObjectAllocator: 5409256 out of 0 bytes used by permanent object pool.
[2015.08.29-03.08.34:234][  0]LogEngine: Initializing Engine...
[2015.08.29-03.08.34:238][  0]LogHMD: Can't find Oculus library dev build: is proper Runtime installed? Version: 0.6.0.0
[2015.08.29-03.08.34:241][  0]LogHMD:Warning: SteamVR failed to initialize.  Error: 110
[2015.08.29-03.08.34:463][  0]LogAIModule: Creating AISystem for world NewWorld
[2015.08.29-03.08.34:474][  0]LogInit: XAudio2 using '1 - LG ULTRAWIDE (AMD High Definition Audio Device)' : 2 channels at 48 kHz using 16 bits per sample (channel mask 0x3)
[2015.08.29-03.08.34:487][  0]LogInit: FAudioDevice initialized.
[2015.08.29-03.08.34:531][  0]LogDerivedDataCache: Saved boot cache 0.04s 53MB C:/Users/Joseph/AppData/Local/UnrealEngine/4.8/DerivedDataCache/Boot.ddc.
[2015.08.29-03.08.34:541][  0]LogInit: Texture streaming: Disabled
[2015.08.29-03.08.34:583][  0]LogAnalytics: Creating configured Analytics provider AnalyticsET
[2015.08.29-03.08.34:583][  0]LogAnalytics: [UEEditor.Rocket.Release] APIServer = http://et2.epicgames.com/ET2/. AppVersion = 4.8.3-2634408+++depot+UE4-Releases+4.8
[2015.08.29-03.08.34:583][  0]LogAnalytics: [UEEditor.Rocket.Release] SetUserId d0fc97d9433d85cfe1d854a78446f226|fbedbf84e6654fb9830ed15a26abc575|31b426bb-6233-41c4-8090-528f38e68011
[2015.08.29-03.08.34:583][  0]LogAnalytics: [UEEditor.Rocket.Release] AnalyticsET::StartSession
[2015.08.29-03.08.34:634][  0]LogInit: Transaction tracking system initialized
[2015.08.29-03.08.34:875][  0]BlueprintLog: New page: Editor Load
[2015.08.29-03.08.34:929][  0]LogAssetRegistry: FAssetRegistry took 0.0112 seconds to start up
[2015.08.29-03.08.34:930][  0]LogDirectoryWatcher:Warning: Failed to begin reading directory changes for ../../../Engine/Plugins/Experimental/CharacterAI/Content/. Error: 0
[2015.08.29-03.08.36:281][  0]LogConsoleManager:Warning: Console variable 'r.VSync' wasn't set ('GameSetting' has a lower priority than 'SystemSettingsIni')
[2015.08.29-03.08.36:281][  0]LogConsoleResponse:Display: 
[2015.08.29-03.08.36:449][  0]LogCook:Display: Done creating registry. It took  0.00s.
[2015.08.29-03.08.36:814][  0]SourceControl: Info Source control is disabled
[2015.08.29-03.08.36:814][  0]Cmd: MAP LOAD FILE="../../../../../../../Storage/Documents/SourceTRee/Content/Scene/NewCave.umap" TEMPLATE=0 SHOWPROGRESS=1 FEATURELEVEL=3
[2015.08.29-03.08.36:815][  0]LightingResults: New page: Lighting Build
[2015.08.29-03.08.36:837][  0]MapCheck: New page: Map Check
[2015.08.29-03.08.36:837][  0]LightingResults: New page: Lighting Build
[2015.08.29-03.08.36:859][  0]LogParticles: Destroying 0 GPU particle simulations for FXSystem 0x0000009A67D70F40
[2015.08.29-03.08.39:418][  0]LogBlueprint:Warning: [compiler GnawmersHealth] Warning 'gnawmers' is already a 'Enemy 1', you don't need  Cast To Enemy1 .
[2015.08.29-03.08.39:418][  0]LogBlueprint:Warning: [compiler GnawmersHealth] Warning [0014.75] Compile of GnawmersHealth successful, but with 1 Warning(s) [in 22 ms]
[2015.08.29-03.08.39:418][  0]LogBlueprint:Warning: [compiler GnawmersHealth] Warning [0014.75] Compile of GnawmersHealth successful, but with 2 Warning(s) [in 0 ms]
[2015.08.29-03.08.39:418][  0]LogBlueprint:Warning: [compiler GnawmersHealth] Warning [0014.75] Compile of GnawmersHealth successful, but with 3 Warning(s) [in 0 ms]
[2015.08.29-03.08.40:110][  0]LogBlueprint:Warning: [compiler Gui] Warning 'gnawmers' is already a 'Enemy 1', you don't need  Cast To Enemy1 .
[2015.08.29-03.08.40:120][  0]LogBlueprint:Warning: [compiler Gui] Warning [0015.45] Compile of Gui successful, but with 1 Warning(s) [in 59 ms]
[2015.08.29-03.08.40:120][  0]LogBlueprint:Warning: [compiler Gui] Warning [0015.45] Compile of Gui successful, but with 2 Warning(s) [in 0 ms]
[2015.08.29-03.08.40:120][  0]LogBlueprint:Warning: [compiler Gui] Warning [0015.45] Compile of Gui successful, but with 3 Warning(s) [in 0 ms]
[2015.08.29-03.08.43:279][  0]LogBlueprint:Warning: [compiler Gui] Warning 'gnawmers' is already a 'Enemy 1', you don't need  Cast To Enemy1 .
[2015.08.29-03.08.43:289][  0]LogBlueprint:Warning: [compiler Gui] Warning [0018.62] Compile of Gui successful, but with 1 Warning(s) [in 61 ms]
[2015.08.29-03.08.43:291][  0]LogBlueprint:Warning: [compiler Gui] Warning [0018.62] Compile of Gui successful, but with 2 Warning(s) [in 1 ms]
[2015.08.29-03.08.43:445][  0]LogBlueprint:Warning: [compiler GnawmersHealth] Warning 'gnawmers' is already a 'Enemy 1', you don't need  Cast To Enemy1 .
[2015.08.29-03.08.43:446][  0]LogBlueprint:Warning: [compiler GnawmersHealth] Warning [0018.78] Compile of GnawmersHealth successful, but with 1 Warning(s) [in 26 ms]
[2015.08.29-03.08.43:447][  0]LogBlueprint:Warning: [compiler GnawmersHealth] Warning [0018.78] Compile of GnawmersHealth successful, but with 2 Warning(s) [in 0 ms]
[2015.08.29-03.08.48:608][  0]LogAIModule: Creating AISystem for world NewCave
[2015.08.29-03.08.48:779][  0]LogEditorServer: Finished looking for orphan Actors (0.000 secs)
[2015.08.29-03.08.48:781][  0]Cmd: MAP CHECKDEP NOCLEARLOG
[2015.08.29-03.08.48:972][  0]MapCheck: Info Map check complete: 0 Error(s), 0 Warning(s), took 190.754ms to complete.
[2015.08.29-03.08.48:972][  0]LogFileHelpers: Loading map 'NewCave' took 12.158
[2015.08.29-03.08.49:081][  0]LogCollectionManager: Loaded 0 collections in 0.002609 seconds
[2015.08.29-03.08.49:091][  0]LogContentBrowser: Native class hierarchy populated in 0.0093 seconds. Added 1792 classes and 301 folders.
[2015.08.29-03.08.49:160][  0]LogContentBrowser: Native class hierarchy updated for 'WidgetCarousel' in 0.0005 seconds. Added 0 classes and 0 folders.
[2015.08.29-03.08.49:202][  0]LogContentBrowser: Native class hierarchy updated for 'AddContentDialog' in 0.0005 seconds. Added 0 classes and 0 folders.
[2015.08.29-03.08.49:268][  0]LogContentBrowser: Native class hierarchy updated for 'SceneOutliner' in 0.0005 seconds. Added 1 classes and 2 folders.
[2015.08.29-03.08.49:324][  0]LogCrashTracker: Crashtracker disabled due to settings.
[2015.08.29-03.08.49:326][  0]LogD3D11RHI: InitD3DDevice
[2015.08.29-03.08.49:329][  0]LogUObjectGlobals:Warning: Failed to find object 'Class None.'
[2015.08.29-03.08.49:351][  0]LogLoad: Full Startup: 24.68 seconds (BP compile: 5.81 seconds)
[2015.08.29-03.08.49:453][  0]LogContentStreaming: Texture pool size is 0.000000MB
[2015.08.29-03.08.49:653][  0]LogContentStreaming: Texture pool size now 1000 MB
[2015.08.29-03.08.49:863][  0]LogRenderer: Reallocating scene render targets to support 1552x928 (Frame:2).
[2015.08.29-03.08.50:120][  1]Cmd: UpdateLandscapeEditorData -warnings
[2015.08.29-03.08.50:122][  1]Cmd: UpdateLandscapeEditorData
[2015.08.29-03.08.51:890][ 24]LogAssetRegistry: Asset discovery search completed in 16.9729 seconds
[2015.08.29-03.09.04:089][997]LogD3D11RHI: InitD3DDevice
[2015.08.29-03.09.04:357][ 26]LogD3D11RHI: InitD3DDevice
[2015.08.29-03.10.08:036][864]LogEditorViewport: Clicking on Actor (LMB): StaticMeshActor (Firepit_Tall16)
[2015.08.29-03.10.18:713][649]LogD3D11RHI: InitD3DDevice
[2015.08.29-03.10.18:757][649]Cmd: OBJ SAVEPACKAGE PACKAGE="/Game/Scene/NewCave" FILE="../../../../../../../Storage/Documents/SourceTRee/Content/Scene/NewCave.umap" SILENT=true AUTOSAVING=false KEEPDIRTY=false
[2015.08.29-03.10.18:759][649]LogActorComponent: UnregisterComponent: (/Engine/Transient.CharMoveComp) Not registered. Aborting.
[2015.08.29-03.10.20:543][649]LogSavePackage: Save=678.209229ms
[2015.08.29-03.10.20:543][649]LogSavePackage: Moving '../../../../../../../Storage/Documents/SourceTRee/Saved/NewCave5A4A1BF64F361C222BA2D7982F3BC00F.tmp' to '../../../../../../../Storage/Documents/SourceTRee/Content/Scene/NewCave.umap'
[2015.08.29-03.10.32:506][538]LogD3D11RHI: InitD3DDevice
[2015.08.29-03.10.32:537][538]Cmd: OBJ SAVEPACKAGE PACKAGE="/Game/Scene/NewCave" FILE="../../../../../../../Storage/Documents/SourceTRee/Content/Scene/NewCave.umap" SILENT=true AUTOSAVING=false KEEPDIRTY=false
[2015.08.29-03.10.33:286][538]LogSavePackage: Save=685.450684ms
[2015.08.29-03.10.33:286][538]LogSavePackage: Moving '../../../../../../../Storage/Documents/SourceTRee/Saved/NewCave363CF8154B7368E6B0D42981678AA88E.tmp' to '../../../../../../../Storage/Documents/SourceTRee/Content/Scene/NewCave.umap'
[2015.08.29-03.10.39:473][989]LogD3D11RHI: InitD3DDevice
[2015.08.29-03.11.06:366][879]LogD3D11RHI: InitD3DDevice
[2015.08.29-03.11.10:172][144]LogD3D11RHI: InitD3DDevice
[2015.08.29-03.11.10:205][144]Cmd: OBJ SAVEPACKAGE PACKAGE="/Game/Scene/NewCave" FILE="../../../../../../../Storage/Documents/SourceTRee/Content/Scene/NewCave.umap" SILENT=true AUTOSAVING=false KEEPDIRTY=false
[2015.08.29-03.11.10:958][144]LogSavePackage: Save=684.208374ms
[2015.08.29-03.11.10:958][144]LogSavePackage: Moving '../../../../../../../Storage/Documents/SourceTRee/Saved/NewCaveABD2D85C4068A0DDD94917B52464980B.tmp' to '../../../../../../../Storage/Documents/SourceTRee/Content/Scene/NewCave.umap'
[2015.08.29-03.11.16:312][466]LogD3D11RHI: InitD3DDevice
[2015.08.29-03.11.28:798][280]LogD3D11RHI: InitD3DDevice
[2015.08.29-03.11.28:840][280]Cmd: OBJ SAVEPACKAGE PACKAGE="/Game/Scene/NewCave" FILE="../../../../../../../Storage/Documents/SourceTRee/Content/Scene/NewCave.umap" SILENT=true AUTOSAVING=false KEEPDIRTY=false
[2015.08.29-03.11.29:592][280]LogSavePackage: Save=680.103210ms
[2015.08.29-03.11.29:592][280]LogSavePackage: Moving '../../../../../../../Storage/Documents/SourceTRee/Saved/NewCave51932255440CA45CFCD68799C6C0A5FC.tmp' to '../../../../../../../Storage/Documents/SourceTRee/Content/Scene/NewCave.umap'
[2015.08.29-03.11.41:951][115]LogEditorViewport: Clicking on Actor (CTRL LMB): Landscape (Landscape)
[2015.08.29-03.11.43:104][194]LogEditorViewport: Clicking on Actor (CTRL LMB): Landscape (Landscape)
[2015.08.29-03.11.49:985][616]LogD3D11RHI: InitD3DDevice
[2015.08.29-03.12.26:575][  0]LogD3D11RHI: InitD3DDevice
[2015.08.29-03.12.26:609][  0]Cmd: OBJ SAVEPACKAGE PACKAGE="/Game/Scene/NewCave" FILE="../../../../../../../Storage/Documents/SourceTRee/Content/Scene/NewCave.umap" SILENT=true AUTOSAVING=false KEEPDIRTY=false
[2015.08.29-03.12.27:370][  0]LogSavePackage: Save=687.505981ms
[2015.08.29-03.12.27:370][  0]LogSavePackage: Moving '../../../../../../../Storage/Documents/SourceTRee/Saved/NewCaveE3C8EBF24906A6AA38A3E384C9A6DF88.tmp' to '../../../../../../../Storage/Documents/SourceTRee/Content/Scene/NewCave.umap'
[2015.08.29-03.12.41:741][980]Cmd: TRANSACTION UNDO
[2015.08.29-03.12.41:741][980]LogEditorTransaction: Undo Move Actors
[2015.08.29-03.12.41:749][980]LogD3D11RHI: InitD3DDevice
[2015.08.29-03.12.59:054][ 64]LogD3D11RHI: InitD3DDevice
[2015.08.29-03.13.12:905][ 19]LogD3D11RHI: InitD3DDevice
[2015.08.29-03.13.22:244][705]LogEditorViewport: Clicking on Actor (LMB): Landscape (Landscape)
[2015.08.29-03.13.23:181][769]Cmd: TRANSACTION UNDO
[2015.08.29-03.13.23:181][769]LogEditorTransaction: Undo Clicking on Actors
[2015.08.29-03.13.23:201][769]LogD3D11RHI: InitD3DDevice
[2015.08.29-03.13.33:006][376]LogNavigationPoint: PostEditMove Clear paths rebuilt
[2015.08.29-03.13.33:195][384]LogD3D11RHI: InitD3DDevice
[2015.08.29-03.13.40:058][832]LogNavigationPoint: PostEditMove Clear paths rebuilt
[2015.08.29-03.13.41:724][958]LogNavigationPoint: PostEditMove Clear paths rebuilt
[2015.08.29-03.13.42:108][985]Cmd: TRANSACTION UNDO
[2015.08.29-03.13.42:108][985]LogEditorTransaction: Undo Move Actors
[2015.08.29-03.13.42:113][985]LogActorComponent: ~FComponentReregisterContext: (/Game/Scene/NewCave.NewCave:PersistentLevel.ShelterWall13.StaticMeshComponent0) Component already registered.
[2015.08.29-03.13.42:113][985]LogActorComponent: ~FComponentReregisterContext: (/Game/Scene/NewCave.NewCave:PersistentLevel.SpikedWall9.StaticMeshComponent0) Component already registered.
[2015.08.29-03.13.42:114][985]LogActorComponent: ~FComponentReregisterContext: (/Game/Scene/NewCave.NewCave:PersistentLevel.ShelterWall8.StaticMeshComponent0) Component already registered.
[2015.08.29-03.13.42:118][985]LogD3D11RHI: InitD3DDevice
[2015.08.29-03.13.42:902][ 25]LogEditorViewport: Clicking on Actor (CTRL LMB): Landscape (Landscape)
[2015.08.29-03.13.42:909][ 25]LogNavigationPoint: PostEditMove Clear paths rebuilt
[2015.08.29-03.13.43:108][ 33]LogD3D11RHI: InitD3DDevice
[2015.08.29-03.13.44:173][ 78]LogEditorViewport: Clicking on Actor (CTRL LMB): Landscape (Landscape)
[2015.08.29-03.13.51:998][589]LogNavigationPoint: PostEditMove Clear paths rebuilt
[2015.08.29-03.13.53:679][715]LogEditorViewport: Clicking on Actor (LMB): StaticMeshActor (waterplane)
[2015.08.29-03.14.00:763][165]LogD3D11RHI: InitD3DDevice
[2015.08.29-03.14.08:937][679]LogD3D11RHI: InitD3DDevice
[2015.08.29-03.14.29:124][924]LogD3D11RHI: InitD3DDevice
[2015.08.29-03.14.35:530][391]LogEditorViewport: Clicking on Actor (LMB): PointLight (PointLight36)
[2015.08.29-03.14.36:669][469]LogEditorViewport: Clicking on Actor (CTRL LMB): PointLight (PointLight35)
[2015.08.29-03.15.02:369][116]LogEditorActor: Deleted Actor: PointLight
[2015.08.29-03.15.02:380][116]LogEditorActor: Deleted Actor: PointLight
[2015.08.29-03.15.02:430][116]LogEditorActor: Deleted 2 Actors (0.067 secs)
[2015.08.29-03.15.11:370][828]LogEditorViewport: Clicking on Actor (LMB): StaticMeshActor (Barrel20)
[2015.08.29-03.15.12:815][904]LogEditorViewport: Clicking on Actor (CTRL LMB): StaticMeshActor (ShelterWall14)
[2015.08.29-03.15.13:582][947]LogEditorViewport: Clicking on Actor (CTRL LMB): StaticMeshActor (Board59)
[2015.08.29-03.15.15:568][ 85]Cmd: DELETE
[2015.08.29-03.15.15:568][ 85]Cmd: ACTOR DELETE
[2015.08.29-03.15.15:574][ 85]LogEditorActor: Deleted Actor: StaticMeshActor
[2015.08.29-03.15.15:577][ 85]LogEditorActor: Deleted Actor: StaticMeshActor
[2015.08.29-03.15.15:578][ 85]LogEditorActor: Deleted Actor: StaticMeshActor
[2015.08.29-03.15.15:625][ 85]LogEditorActor: Deleted 3 Actors (0.056 secs)
[2015.08.29-03.15.25:911][883]LogEditorViewport: Clicking on Actor (CTRL LMB): LightmassImportanceVolume (LightmassImportanceVolume)
[2015.08.29-03.15.28:588][ 51]Cmd: TRANSACTION UNDO
[2015.08.29-03.15.28:588][ 51]LogEditorTransaction: Undo Move Actors
[2015.08.29-03.15.28:591][ 51]LogActorComponent: ~FComponentReregisterContext: (/Game/Scene/NewCave.NewCave:PersistentLevel.Board66.StaticMeshComponent0) Component already registered.
[2015.08.29-03.15.28:592][ 51]LogActorComponent: ~FComponentReregisterContext: (/Game/Scene/NewCave.NewCave:PersistentLevel.Board67.StaticMeshComponent0) Component already registered.
[2015.08.29-03.15.28:597][ 51]LogD3D11RHI: InitD3DDevice
[2015.08.29-03.15.30:815][180]LogEditorViewport: Clicking on Actor (CTRL LMB): Landscape (Landscape)
[2015.08.29-03.15.32:168][268]LogEditorViewport: Clicking on Actor (CTRL LMB): Landscape (Landscape)
[2015.08.29-03.15.40:172][725]Cmd: DELETE
[2015.08.29-03.15.40:172][725]Cmd: ACTOR DELETE
[2015.08.29-03.15.40:178][725]LogEditorActor: Deleted Actor: StaticMeshActor
[2015.08.29-03.15.40:180][725]LogEditorActor: Deleted Actor: StaticMeshActor
[2015.08.29-03.15.40:182][725]LogEditorActor: Deleted Actor: StaticMeshActor
[2015.08.29-03.15.40:183][725]LogEditorActor: Deleted Actor: StaticMeshActor
[2015.08.29-03.15.40:185][725]LogEditorActor: Deleted Actor: StaticMeshActor
[2015.08.29-03.15.40:186][725]LogEditorActor: Deleted Actor: StaticMeshActor
[2015.08.29-03.15.40:187][725]LogEditorActor: Deleted Actor: StaticMeshActor
[2015.08.29-03.15.40:189][725]LogEditorActor: Deleted Actor: StaticMeshActor
[2015.08.29-03.15.40:190][725]LogEditorActor: Deleted Actor: StaticMeshActor
[2015.08.29-03.15.40:191][725]LogEditorActor: Deleted Actor: StaticMeshActor
[2015.08.29-03.15.40:193][725]LogEditorActor: Deleted Actor: StaticMeshActor
[2015.08.29-03.15.40:194][725]LogEditorActor: Deleted Actor: StaticMeshActor
[2015.08.29-03.15.40:196][725]LogEditorActor: Deleted Actor: StaticMeshActor
[2015.08.29-03.15.40:244][725]LogEditorActor: Deleted 13 Actors (0.071 secs)
[2015.08.29-03.15.42:815][918]LogD3D11RHI: InitD3DDevice
[2015.08.29-03.15.58:902][ 78]LogD3D11RHI: InitD3DDevice
[2015.08.29-03.15.59:125][ 78]Cmd: OBJ SAVEPACKAGE PACKAGE="/Game/Scene/NewCave" FILE="../../../../../../../Storage/Documents/SourceTRee/Content/Scene/NewCave.umap" SILENT=true AUTOSAVING=false KEEPDIRTY=false
[2015.08.29-03.16.00:094][ 78]LogSavePackage: Save=889.020630ms
[2015.08.29-03.16.00:094][ 78]LogSavePackage: Moving '../../../../../../../Storage/Documents/SourceTRee/Saved/NewCaveC1662D9846C6CB6205C3AF8731E61D54.tmp' to '../../../../../../../Storage/Documents/SourceTRee/Content/Scene/NewCave.umap'
[2015.08.29-03.16.00:189][ 78]LogFileHelpers: Saving map 'NewCave' took 1.256
[2015.08.29-03.16.00:640][113]LogD3D11RHI: InitD3DDevice
[2015.08.29-03.16.00:669][113]Cmd: OBJ SAVEPACKAGE PACKAGE="/Game/Scene/NewCave" FILE="../../../../../../../Storage/Documents/SourceTRee/Content/Scene/NewCave.umap" SILENT=true AUTOSAVING=false KEEPDIRTY=false
[2015.08.29-03.16.01:422][113]LogSavePackage: Save=678.018555ms
[2015.08.29-03.16.01:422][113]LogSavePackage: Moving '../../../../../../../Storage/Documents/SourceTRee/Saved/NewCave87397963448C2810BCD002BC8DC5052E.tmp' to '../../../../../../../Storage/Documents/SourceTRee/Content/Scene/NewCave.umap'
[2015.08.29-03.16.30:421][214]LogEditorViewport: Clicking on Actor (LMB): Emitter (P_Fire5)
[2015.08.29-03.16.34:499][439]LogEditorViewport: Clicking on Actor (LMB): Emitter (P_Fire5)
[2015.08.29-03.16.35:156][478]LogEditorViewport: Clicking on Actor (LMB): Emitter (P_Fire5)
[2015.08.29-03.16.36:359][550]LogD3D11RHI: InitD3DDevice
[2015.08.29-03.16.38:491][734]LogEditorViewport: Clicking on Actor (LMB): PointLight (PointLight34)
[2015.08.29-03.16.39:706][814]LogD3D11RHI: InitD3DDevice
[2015.08.29-03.16.42:094][987]LogCrashTracker: 


