Log file open, 05/19/15 21:03:11
LogInit:Display: Running engine for game: GodKiller
LogInit: Version: 4.7.3-2479750+++depot+UE4-Releases+4.7
LogInit: API Version: 2455222
LogInit: Compiled (64-bit): Mar 15 2015 23:20:45
LogInit: Compiled with Visual C++: 18.00.21005.01
LogInit: Build Configuration: Development
LogInit: Branch Name: ++depot+UE4-Releases+4.7
LogInit: Command line: 
LogInit: Base directory: C:/Program Files/Epic Games/4.7/Engine/Binaries/Win64/
LogInit: Rocket: 1
[2015.05.20-04.03.11:983][  0]LogTaskGraph: Started task graph with 3 named threads and 6 total threads.
[2015.05.20-04.03.12:035][  0]LogOnline:Warning: No default platform service specified for OnlineSubsystem
[2015.05.20-04.03.12:047][  0]LogInit: Presizing for 0 objects not considered by GC, pre-allocating 0 bytes.
[2015.05.20-04.03.12:056][  0]LogInit: Object subsystem initialized
[2015.05.20-04.03.12:058][  0]LogConsoleResponse:Warning: Skipping Unknown console variable: 'TranslucentSortAxis = (X=0.000000,Y=-1.000000,Z=0.000000)'
[2015.05.20-04.03.12:058][  0]LogConsoleResponse:Warning:   Found in ini file 'C:/Users/student/Desktop/God-Killer/Saved/Config/Windows/Engine.ini', in section '[/Script/Engine.RendererSettings]'
[2015.05.20-04.03.12:058][  0]LogConsoleResponse:Warning: Skipping Unknown console variable: 'UIScaleRule = ShortestSide'
[2015.05.20-04.03.12:058][  0]LogConsoleResponse:Warning:   Found in ini file 'C:/Users/student/Desktop/God-Killer/Saved/Config/Windows/Engine.ini', in section '[/Script/Engine.RendererSettings]'
[2015.05.20-04.03.12:058][  0]LogConsoleResponse:Warning: Skipping Unknown console variable: 'UIScaleCurve = (EditorCurveData=(Keys=),ExternalCurve=None)'
[2015.05.20-04.03.12:058][  0]LogConsoleResponse:Warning:   Found in ini file 'C:/Users/student/Desktop/God-Killer/Saved/Config/Windows/Engine.ini', in section '[/Script/Engine.RendererSettings]'
[2015.05.20-04.03.12:058][  0]LogInit: Selected Device Profile: [Windows]
[2015.05.20-04.03.12:058][  0]LogInit: Applying CVar settings loaded from the selected device profile: [Windows]
[2015.05.20-04.03.12:066][  0]LogInit: Computer: AI251LAB0234P14
[2015.05.20-04.03.12:066][  0]LogInit: User: student
[2015.05.20-04.03.12:066][  0]LogInit: CPU Page size=4096, Cores=4
[2015.05.20-04.03.12:066][  0]LogInit: High frequency timer resolution =3.507216 MHz
[2015.05.20-04.03.12:066][  0]LogMemory: Memory total: Physical=7.9GB (8GB approx) Virtual=8192.0GB
[2015.05.20-04.03.12:066][  0]LogMemory: Platform Memory Stats for Windows
[2015.05.20-04.03.12:066][  0]LogMemory: Process Physical Memory: 48.43 MB used, 48.43 MB peak
[2015.05.20-04.03.12:066][  0]LogMemory: Process Virtual Memory: 26.43 MB used, 26.43 MB peak
[2015.05.20-04.03.12:066][  0]LogMemory: Physical Memory: 3458.30 MB used, 8115.79 MB total
[2015.05.20-04.03.12:066][  0]LogMemory: Virtual Memory: 278.04 MB used, 8388608.00 MB total
[2015.05.20-04.03.12:090][  0]LogD3D11RHI: Found D3D11 adapter 0: NVIDIA Quadro K2000 (Feature Level 11_0)
[2015.05.20-04.03.12:090][  0]LogD3D11RHI: Adapter has 1990MB of dedicated video memory, 0MB of dedicated system memory, and 3801MB of shared system memory, 1 output[s]
[2015.05.20-04.03.12:090][  0]LogD3D11RHI: Chosen D3D11 Adapter Id = 0
[2015.05.20-04.03.12:095][  0]LogRHI: Texture pool is 1361 MB (70% of 1945 MB)
[2015.05.20-04.03.12:104][  0]LogD3D11RHI: Async texture creation enabled
[2015.05.20-04.03.12:155][  0]LogTextLocalizationManager: The requested culture ('en_US') has no localization data; parent culture's ('en') localization data will be used.
[2015.05.20-04.03.12:211][  0]LogTextLocalizationManager:Warning: Loading localization resources contain conflicting entries for (Namespace:UICommands, Key:Save_ToolTip):
Resource: (C:/Program Files/Epic Games/4.7/Engine/Content/Localization/Editor/en/Editor.locres) Hash: (-29098895) String: (Saves the current level to disk)
Resource: (C:/Program Files/Epic Games/4.7/Engine/Content/Localization/Engine/en/Engine.locres) Hash: (-1280300587) String: (Save selected data to vlog file)
[2015.05.20-04.03.12:211][  0]LogTextLocalizationManager:Warning: Loading localization resources contain conflicting entries for (Namespace:ContentBrowser, Key:ImportAssetToolTip):
Resource: (C:/Program Files/Epic Games/4.7/Engine/Content/Localization/Editor/en/Editor.locres) Hash: (-630476809) String: (Import to {0}...)
Resource: (C:/Program Files/Epic Games/4.7/Engine/Content/Localization/Editor/en/Editor.locres) Hash: (1271782899) String: (Imports an asset from file to this folder.)
[2015.05.20-04.03.12:288][  0]LogContentStreaming: Texture pool size is 0.000000MB
[2015.05.20-04.03.14:395][  0]LogTargetPlatformManager:Display: Building Assets For Windows
[2015.05.20-04.03.14:878][  0]LogTargetPlatformManager:Display: Building Assets For Windows
[2015.05.20-04.03.14:937][  0]LogDerivedDataCache:Display: Max Cache Size: 512 MB
[2015.05.20-04.03.14:972][  0]LogDerivedDataCache: Loaded boot cache 0.03s 39MB C:/Users/student/AppData/Local/UnrealEngine/4.7/DerivedDataCache/Boot.ddc.
[2015.05.20-04.03.14:972][  0]LogDerivedDataCache:Display: Loaded Boot cache: C:/Users/student/AppData/Local/UnrealEngine/4.7/DerivedDataCache/Boot.ddc
[2015.05.20-04.03.14:972][  0]LogDerivedDataCache: FDerivedDataBackendGraph:  Pak pak cache file ../../../../../../Users/student/Desktop/God-Killer/DerivedDataCache/DDC.ddp not found, will not use a pak cache.
[2015.05.20-04.03.14:973][  0]LogDerivedDataCache: Unable to find inner node Pak for hierarchical cache Hierarchy.
[2015.05.20-04.03.15:089][  0]LogDerivedDataCache:Display: Pak cache opened for reading ../../../Engine/DerivedDataCache/Compressed.ddp.
[2015.05.20-04.03.15:100][  0]LogDerivedDataCache: Using Local data cache path C:/Users/student/AppData/Local/UnrealEngine/Common/DerivedDataCache: Writable
[2015.05.20-04.03.15:398][  0]LogMeshUtilities: No automatic mesh reduction module available
[2015.05.20-04.03.15:398][  0]LogMeshUtilities: No automatic mesh merging module available
[2015.05.20-04.03.15:730][  0]LogInit: WinSock: version 1.1 (2.2), MaxSocks=32767, MaxUdp=65467
[2015.05.20-04.03.15:806][  0]LogSlate:Warning: Failed to load font data from '../../../Engine/Content/Slate/Fonts/Roboto-Italic.ttf'
[2015.05.20-04.03.16:557][  0]UdpMessaging: Initializing bridge on interface 0.0.0.0:0 to multicast group 230.0.0.1:6666.
[2015.05.20-04.03.16:751][  0]SourceControl: Info Source control is disabled
[2015.05.20-04.03.16:751][  0]SourceControl: Info Source control is disabled
[2015.05.20-04.03.16:751][  0]SourceControl: Info Source control is disabled
[2015.05.20-04.03.16:751][  0]LogSourceControl: RunCommandInternalRaw: 'git version'
[2015.05.20-04.03.16:752][  0]LogSourceControl: RunCommandInternalRaw: ExecProcess ReturnCode=2 OutResults=''
[2015.05.20-04.03.16:760][  0]SourceControl: Info Source control is disabled
[2015.05.20-04.03.16:940][  0]LogObj: 24231 objects as part of root set at end of initial load.
[2015.05.20-04.03.16:940][  0]LogUObjectAllocator: 5136440 out of 0 bytes used by permanent object pool.
[2015.05.20-04.03.17:017][  0]LogEngine: Initializing Engine...
[2015.05.20-04.03.20:162][  0]LogInit: XAudio2 using 'Speakers (Realtek High Definition Audio)' : 2 channels at 48 kHz using 32 bits per sample (channel mask 0x3)
[2015.05.20-04.03.20:182][  0]LogInit: FAudioDevice initialized.
[2015.05.20-04.03.20:218][  0]LogAIModule: Creating AISystem for world NewWorld
[2015.05.20-04.03.20:237][  0]LogDerivedDataCache: Saved boot cache 0.02s 39MB C:/Users/student/AppData/Local/UnrealEngine/4.7/DerivedDataCache/Boot.ddc.
[2015.05.20-04.03.20:241][  0]LogInit: Texture streaming: Enabled
[2015.05.20-04.03.20:330][  0]LogAnalytics: Creating configured Analytics provider AnalyticsET
[2015.05.20-04.03.20:330][  0]LogAnalytics: ET APIKey = Rocket.Release. APIServer = http://et2.epicgames.com/ET2/. AppVersion = 4.7.3-2479750+++depot+UE4-Releases+4.7
[2015.05.20-04.03.20:330][  0]LogAnalytics: ET APIKey = Rocket.Release. DataRouterUploadURL = https://datarouter-public-service-gamedev.ol.epicgames.net/datarouter/api/v1/public/data. AppVersion = 4.7.3-2479750+++depot+UE4-Releases+4.7
[2015.05.20-04.03.20:330][  0]LogAnalytics: SetUserId d40ebd9f4e2bf184fc99cd8aa533de7a||a1cf211a-62eb-4857-bff7-fc45380a1448
[2015.05.20-04.03.20:330][  0]LogAnalytics: AnalyticsET::StartSession [Rocket.Release]
[2015.05.20-04.03.20:352][  0]LogInit: Transaction tracking system initialized
[2015.05.20-04.03.20:510][  0]BlueprintLog: New page: Editor Load
[2015.05.20-04.03.20:543][  0]LogAssetRegistry: FAssetRegistry took 0.0095 seconds to start up
[2015.05.20-04.03.20:543][  0]LogDirectoryWatcher:Warning: Failed to begin reading directory changes for ../../../Engine/Plugins/Experimental/CharacterAI/Content/. Error: 0
[2015.05.20-04.03.21:030][  0]LogTargetPlatformManager:Display: Building Assets For Windows
[2015.05.20-04.03.21:361][  0]LogTargetPlatformManager:Display: Building Assets For Windows
[2015.05.20-04.03.21:602][  0]LogSlate:Warning: Failed to load font data from '../../../Engine/Content/Editor/Slate/Fonts/Roboto-Regular.ttf'
[2015.05.20-04.03.21:602][  0]LogSlate:Warning: Failed to load font data from '../../../Engine/Content/Editor/Slate/Fonts/Roboto-Bold.ttf'
[2015.05.20-04.03.21:607][  0]LogConsoleResponse:Display: 
[2015.05.20-04.03.21:730][  0]LogCook:Display: Done creating registry. It took  0.00s.
[2015.05.20-04.03.21:866][  0]SourceControl: Info Source control is disabled
[2015.05.20-04.03.21:866][  0]Cmd: MAP LOAD FILE="../../../../../../Users/student/Desktop/God-Killer/Content/Scene/NewCave.umap" TEMPLATE=0 SHOWPROGRESS=1 FEATURELEVEL=3
[2015.05.20-04.03.21:866][  0]LightingResults: New page: Lighting Build
[2015.05.20-04.03.21:878][  0]MapCheck: New page: Map Check
[2015.05.20-04.03.21:878][  0]LightingResults: New page: Lighting Build
[2015.05.20-04.03.21:884][  0]LogParticles: Destroying 0 GPU particle simulations for FXSystem 0x000000000F38A520
[2015.05.20-04.03.25:063][  0]LogEditorServer: Finished looking for orphan Actors (0.000 secs)
[2015.05.20-04.03.25:064][  0]LogAIModule: Creating AISystem for world NewCave
[2015.05.20-04.03.25:064][  0]Cmd: MAP CHECKDEP
[2015.05.20-04.03.25:064][  0]MapCheck: New page: NewCave - May 19, 2015, 2:03:25 PM
[2015.05.20-04.03.25:176][  0]MapCheck: Info Map check complete: 0 Error(s), 0 Warning(s), took 111.236ms to complete.
[2015.05.20-04.03.25:176][  0]LogFileHelpers: Loading map 'NewCave' took 3.310
[2015.05.20-04.03.25:252][  0]LogCollectionManager: Loaded 0 collections in 0.001348 seconds
[2015.05.20-04.03.25:265][  0]LogContentBrowser: Native class hierarchy populated in 0.0126 seconds. Added 1696 classes and 261 folders.
[2015.05.20-04.03.25:340][  0]LogContentBrowser: Native class hierarchy updated for 'SceneOutliner' in 0.0022 seconds. Added 1 classes and 2 folders.
[2015.05.20-04.03.25:388][  0]LogCrashTracker: Crashtracker disabled due to settings.
[2015.05.20-04.03.25:389][  0]LogSlate:Warning: Failed to load font data from 'Veranda'
[2015.05.20-04.03.25:392][  0]LogUObjectGlobals:Warning: Failed to find object 'Class None.'
[2015.05.20-04.03.25:416][  0]LogLoad: Full Startup: 15.23 seconds (BP compile: 1.31 seconds)
[2015.05.20-04.03.25:452][  0]LogContentBrowser:Verbose: The content browser source was changed by the sources view to '/Game/ThirdPersonBP/Character'
[2015.05.20-04.03.25:599][  0]LogRenderer:Warning: Reallocating scene render targets to support 32x32 (Frame:2).
[2015.05.20-04.03.25:725][  0]LogRenderer:Warning: Reallocating scene render targets to support 1104x1048 (Frame:13).
[2015.05.20-04.03.25:801][  1]Cmd: UpdateLandscapeEditorData -warnings
[2015.05.20-04.03.25:802][  1]Cmd: UpdateLandscapeEditorData
[2015.05.20-04.03.25:923][  4]LogAssetRegistry: Asset discovery search completed in 5.3897 seconds
[2015.05.20-04.03.29:370][115]LogContentBrowser:Verbose: The content browser source was changed by the sources view to '/Game/Models'
[2015.05.20-04.03.31:560][160]LogContentBrowser:Verbose: The content browser source was changed by the sources view to '/Game/Models/Env'
[2015.05.20-04.03.39:998][222]LogFactory: FactoryCreateBinary: StaticMesh with FbxFactory (0 0 F:/GodKillerExports/ScalfoldingSupport.FBX)
[2015.05.20-04.03.40:010][222]LogFbx: ItemName: GlobalSettings, ItemCount : 1
[2015.05.20-04.03.40:010][222]LogFbx: ItemName: AnimationStack, ItemCount : 1
[2015.05.20-04.03.40:010][222]LogFbx: ItemName: AnimationLayer, ItemCount : 1
[2015.05.20-04.03.40:010][222]LogFbx: ItemName: Model, ItemCount : 1
[2015.05.20-04.03.40:010][222]LogFbx: ItemName: Geometry, ItemCount : 1
[2015.05.20-04.03.40:010][222]LogFbx: ItemName: Material, ItemCount : 1
[2015.05.20-04.03.40:010][222]LogFbx: ItemName: Texture, ItemCount : 1
[2015.05.20-04.03.40:010][222]LogFbx: ItemName: AnimationCurve, ItemCount : 3
[2015.05.20-04.03.40:010][222]LogFbx: ItemName: AnimationCurveNode, ItemCount : 1
[2015.05.20-04.03.41:606][222]LogFbx: Loading FBX Scene from F:/GodKillerExports/ScalfoldingSupport.FBX
[2015.05.20-04.03.41:613][222]LogFbx: FBX Scene Loaded Succesfully
[2015.05.20-04.03.41:616][222]LogFbx:Warning: Triangulating static mesh Cylinder073
[2015.05.20-04.03.41:689][222]LogFbx: == Initial material list:
[2015.05.20-04.03.41:689][222]LogFbx: 0: 02 - Default
[2015.05.20-04.03.41:689][222]LogFbx: == After sorting:
[2015.05.20-04.03.41:689][222]LogFbx: 0: 02 - Default
[2015.05.20-04.03.41:689][222]LogFbx: == Mapping table:
[2015.05.20-04.03.41:689][222]LogFbx:   sort 0 -> 0
[2015.05.20-04.03.41:691][222]LogStaticMesh: Building static mesh ScalfoldingSupport...
[2015.05.20-04.03.41:718][222]LogStaticMesh: Built static mesh [27.030842ms] /Game/Models/Env/ScalfoldingSupport.ScalfoldingSupport
[2015.05.20-04.03.41:788][222]LogContentBrowser:Verbose: The content browser source was changed by the sources view to 'None'
[2015.05.20-04.03.41:789][222]LogContentBrowser:Verbose: The content browser source was changed by the sources view to '/Game/Models/Env'
[2015.05.20-04.03.47:149][327]LogActorFactory: Actor Factory created ScalfoldingSupport
[2015.05.20-04.03.48:422][354]LogActorFactory: Actor Factory created ScalfoldingSupport
[2015.05.20-04.03.50:603][389]LogRenderer:Warning: Reallocating scene render targets to support 1360x1048 (Frame:659).
[2015.05.20-04.03.55:608][835]LogStaticMesh: Building static mesh ScalfoldingSupport...
[2015.05.20-04.03.55:636][835]LogStaticMesh: Built static mesh [28.191021ms] /Game/Models/Env/ScalfoldingSupport.ScalfoldingSupport
[2015.05.20-04.04.01:869][387]LogContentBrowser:Verbose: The content browser source was changed by the sources view to 'None'
[2015.05.20-04.04.01:869][387]LogContentBrowser:Verbose: The content browser source was changed by the sources view to '/Game/Models/Env'
[2015.05.20-04.04.04:120][491]Cmd: OBJ SAVEPACKAGE PACKAGE="/Game/Models/Env/ScalfoldingSupport" FILE="../../../../../../Users/student/Desktop/God-Killer/Content/Models/Env/ScalfoldingSupport.uasset" SILENT=true
[2015.05.20-04.04.04:299][491]LogSavePackage: Save=178.023544ms
[2015.05.20-04.04.04:299][491]LogSavePackage: Moving '../../../../../../Users/student/Desktop/God-Killer/Saved/ScalfoldingSupport224D131C49BE2553ECACC28783A107D6.tmp' to '../../../../../../Users/student/Desktop/God-Killer/Content/Models/Env/ScalfoldingSupport.uasset'
[2015.05.20-04.04.12:911][ 44]LogStaticMesh: Building static mesh ScalfoldingSupport...
[2015.05.20-04.04.12:939][ 44]LogStaticMesh: Built static mesh [28.335865ms] /Game/Models/Env/ScalfoldingSupport.ScalfoldingSupport
[2015.05.20-04.04.12:989][ 44]LogPhysics:Warning: PHYSX: ..\..\PhysXExtensions\src\ExtRigidBodyExt.cpp (234) 4 : computeMassAndInertia: Dynamic actor with illegal collision shapes
[2015.05.20-04.04.12:989][ 44]LogPhysics:Warning: PHYSX: ..\..\PhysXExtensions\src\ExtRigidBodyExt.cpp (283) 4 : PxRigidBodyExt::updateMassAndInertia: Mass and inertia computation failed, setting mass to 1 and inertia to (1,1,1)
[2015.05.20-04.04.26:451][381]LogStaticMesh: Building static mesh ScalfoldingSupport...
[2015.05.20-04.04.26:478][381]LogStaticMesh: Built static mesh [26.952717ms] /Game/Models/Env/ScalfoldingSupport.ScalfoldingSupport
[2015.05.20-04.04.26:503][381]LogPhysics:Warning: PHYSX: ..\..\PhysXExtensions\src\ExtRigidBodyExt.cpp (234) 4 : computeMassAndInertia: Dynamic actor with illegal collision shapes
[2015.05.20-04.04.26:503][381]LogPhysics:Warning: PHYSX: ..\..\PhysXExtensions\src\ExtRigidBodyExt.cpp (283) 4 : PxRigidBodyExt::updateMassAndInertia: Mass and inertia computation failed, setting mass to 1 and inertia to (1,1,1)
[2015.05.20-04.04.40:697][690]LogStaticMesh: Building static mesh ScalfoldingSupport...
[2015.05.20-04.04.40:724][690]LogStaticMesh: Built static mesh [27.223017ms] /Game/Models/Env/ScalfoldingSupport.ScalfoldingSupport
[2015.05.20-04.04.40:755][690]LogPhysics:Warning: PHYSX: ..\..\PhysXExtensions\src\ExtRigidBodyExt.cpp (234) 4 : computeMassAndInertia: Dynamic actor with illegal collision shapes
[2015.05.20-04.04.40:755][690]LogPhysics:Warning: PHYSX: ..\..\PhysXExtensions\src\ExtRigidBodyExt.cpp (283) 4 : PxRigidBodyExt::updateMassAndInertia: Mass and inertia computation failed, setting mass to 1 and inertia to (1,1,1)
[2015.05.20-04.04.43:718][752]LogEditorViewport: Clicking on Actor (LMB): StaticMeshActor (scafbod8)
[2015.05.20-04.04.50:699][889]Cmd: DELETE
[2015.05.20-04.04.50:699][889]Cmd: ACTOR DELETE
[2015.05.20-04.04.50:710][889]LogEditorActor: Deleted Actor: StaticMeshActor
[2015.05.20-04.04.50:734][889]LogParticles: Destroying 0 GPU particle simulations for FXSystem 0x000000000C148E00
[2015.05.20-04.04.50:747][889]LogEditorActor: Deleted 1 Actors (0.048 secs)
[2015.05.20-04.04.51:671][911]LogEditorViewport: Clicking on Actor (LMB): StaticMeshActor (scafbod7)
[2015.05.20-04.04.52:410][927]Cmd: DELETE
[2015.05.20-04.04.52:410][927]Cmd: ACTOR DELETE
[2015.05.20-04.04.52:420][927]LogEditorActor: Deleted Actor: StaticMeshActor
[2015.05.20-04.04.52:458][927]LogEditorActor: Deleted 1 Actors (0.048 secs)
[2015.05.20-04.04.53:272][945]LogEditorViewport: Clicking on Actor (LMB): StaticMeshActor (FloorTile30)
[2015.05.20-04.04.53:735][955]LogEditorViewport: Clicking on Actor (LMB): StaticMeshActor (ScalfoldingSupport)
[2015.05.20-04.05.03:467][160]LogEditorViewport: Clicking on Actor (LMB): StaticMeshActor (newcave004)
[2015.05.20-04.05.10:741][679]LogEditorViewport: Clicking on Actor (LMB): StaticMeshActor (ScalfoldingSupport)
[2015.05.20-04.05.15:229][982]LogEditorViewport: Clicking on Actor (LMB): StaticMeshActor (SCAFWOOD4)
[2015.05.20-04.05.18:088][139]LogPhysics:Warning: PHYSX: ..\..\PhysXExtensions\src\ExtRigidBodyExt.cpp (234) 4 : computeMassAndInertia: Dynamic actor with illegal collision shapes
[2015.05.20-04.05.18:088][139]LogPhysics:Warning: PHYSX: ..\..\PhysXExtensions\src\ExtRigidBodyExt.cpp (283) 4 : PxRigidBodyExt::updateMassAndInertia: Mass and inertia computation failed, setting mass to 1 and inertia to (1,1,1)
[2015.05.20-04.05.18:097][139]LogPhysics:Warning: PHYSX: ..\..\PhysXExtensions\src\ExtRigidBodyExt.cpp (234) 4 : computeMassAndInertia: Dynamic actor with illegal collision shapes
[2015.05.20-04.05.18:097][139]LogPhysics:Warning: PHYSX: ..\..\PhysXExtensions\src\ExtRigidBodyExt.cpp (283) 4 : PxRigidBodyExt::updateMassAndInertia: Mass and inertia computation failed, setting mass to 1 and inertia to (1,1,1)
[2015.05.20-04.05.18:099][139]LogPhysics:Warning: PHYSX: ..\..\PhysXExtensions\src\ExtRigidBodyExt.cpp (234) 4 : computeMassAndInertia: Dynamic actor with illegal collision shapes
[2015.05.20-04.05.18:099][139]LogPhysics:Warning: PHYSX: ..\..\PhysXExtensions\src\ExtRigidBodyExt.cpp (283) 4 : PxRigidBodyExt::updateMassAndInertia: Mass and inertia computation failed, setting mass to 1 and inertia to (1,1,1)
[2015.05.20-04.05.30:430][941]LogEditorFactories: Performing atomic reimport of [F:/GodKillerExports/ScalfoldingPlatform.FBX]
[2015.05.20-04.05.30:443][941]LogFbx: Loading FBX Scene from F:/GodKillerExports/ScalfoldingPlatform.FBX
[2015.05.20-04.05.30:449][941]LogFbx: FBX Scene Loaded Succesfully
[2015.05.20-04.05.30:452][941]LogFbx:Warning: Triangulating static mesh Platform001
[2015.05.20-04.05.30:480][941]LogFbx: == Initial material list:
[2015.05.20-04.05.30:480][941]LogFbx: 0: 02 - Default
[2015.05.20-04.05.30:481][941]LogFbx: == After sorting:
[2015.05.20-04.05.30:481][941]LogFbx: 0: 02 - Default
[2015.05.20-04.05.30:481][941]LogFbx: == Mapping table:
[2015.05.20-04.05.30:481][941]LogFbx:   sort 0 -> 0
[2015.05.20-04.05.33:347][941]LogOutputDevice: === Handled error: ===

Ensure condition failed: Object [File:D:\BuildFarm\buildmachine_++depot+UE4-Releases+4.7\Engine\Source\Editor\PropertyEditor\Private\PropertyNode.cpp] [Line: 1837]

Stack: 
UE4Editor-Core.dll!FWindowsPlatformStackWalk::StackWalkAndDump() (0x000007fece099e76) + 0 bytes [d:\buildfarm\buildmachine_++depot+ue4-releases+4.7\engine\source\runtime\core\private\windows\windowsplatformstackwalk.cpp:174]
UE4Editor-Core.dll!FDebug::EnsureFailed() (0x000007fecdf02ff8) + 0 bytes [d:\buildfarm\buildmachine_++depot+ue4-releases+4.7\engine\source\runtime\core\private\misc\outputdevice.cpp:279]
UE4Editor-PropertyEditor.dll!FPropertyNode::NotifyPreChange() (0x000007fec7c09169) + 59 bytes [d:\buildfarm\buildmachine_++depot+ue4-releases+4.7\engine\source\editor\propertyeditor\private\propertynode.cpp:1837]
UE4Editor-PropertyEditor.dll!FPropertyValueImpl::ImportText() (0x000007fec7be1ba1) + 0 bytes [d:\buildfarm\buildmachine_++depot+ue4-releases+4.7\engine\source\editor\propertyeditor\private\propertyhandleimpl.cpp:386]
UE4Editor-PropertyEditor.dll!FPropertyValueImpl::ImportText() (0x000007fec7be23e7) + 27 bytes [d:\buildfarm\buildmachine_++depot+ue4-releases+4.7\engine\source\editor\propertyeditor\private\propertyhandleimpl.cpp:283]
UE4Editor-PropertyEditor.dll!FPropertyValueImpl::SetValueAsString() (0x000007fec7c75dd3) + 0 bytes [d:\buildfarm\buildmachine_++depot+ue4-releases+4.7\engine\source\editor\propertyeditor\private\propertyhandleimpl.cpp:696]
UE4Editor-PropertyEditor.dll!SPropertyEditorText::OnTextCommitted() (0x000007fec7c30a79) + 32 bytes [d:\buildfarm\buildmachine_++depot+ue4-releases+4.7\engine\source\editor\propertyeditor\private\userinterface\propertyeditor\spropertyeditortext.cpp:95]
UE4Editor-PropertyEditor.dll!TBaseSPMethodDelegateInstance<0,SPropertyEditorText,0,TTypeWrapper<void> __cdecl(FText const & __ptr64,enum ETextCommit::Type)>::Execute() (0x000007fec7b834a7) + 38 bytes [d:\buildfarm\buildmachine_++depot+ue4-releases+4.7\engine\source\runtime\core\public\delegates\delegateinstancesimpl_variadics.inl:282]
UE4Editor-PropertyEditor.dll!TBaseSPMethodDelegateInstance<0,SPropertyEditorText,0,void __cdecl(FText const & __ptr64,enum ETextCommit::Type)>::ExecuteIfSafe() (0x000007fec7b885e7) + 14 bytes [d:\buildfarm\buildmachine_++depot+ue4-releases+4.7\engine\source\runtime\core\public\delegates\delegateinstancesimpl_variadics.inl:388]
UE4Editor-Slate.dll!SEditableText::OnFocusLost() (0x000007fecb269ca0) + 0 bytes [d:\buildfarm\buildmachine_++depot+ue4-releases+4.7\engine\source\runtime\slate\private\widgets\input\seditabletext.cpp:1617]
UE4Editor-Slate.dll!FSlateApplication::SetUserFocus() (0x000007fecb10b26c) + 0 bytes [d:\buildfarm\buildmachine_++depot+ue4-releases+4.7\engine\source\runtime\slate\private\framework\application\slateapplication.cpp:2061]
UE4Editor-Slate.dll!FSlateApplication::ProcessReply() (0x000007fecb0f6aaa) + 37 bytes [d:\buildfarm\buildmachine_++depot+ue4-releases+4.7\engine\source\runtime\slate\private\framework\application\slateapplication.cpp:2238]
UE4Editor-Slate.dll!FSlateApplication::ResetToDefaultInputSettings() (0x000007fecb1049c2) + 99 bytes [d:\buildfarm\buildmachine_++depot+ue4-releases+4.7\engine\source\runtime\slate\private\framework\application\slateapplication.cpp:1904]
UE4Editor-Slate.dll!FSlateApplication::ProcessWindowActivatedEvent() (0x000007fecb0f7e5e) + 8 bytes [d:\buildfarm\buildmachine_++depot+ue4-releases+4.7\engine\source\runtime\slate\private\framework\application\slateapplication.cpp:4891]
UE4Editor-Slate.dll!FSlateApplication::OnWindowActivationChanged() (0x000007fecb0e8fb8) + 14 bytes [d:\buildfarm\buildmachine_++depot+ue4-releases+4.7\engine\source\runtime\slate\private\framework\application\slateapplication.cpp:4796]
UE4Editor-Core.dll!FWindowsApplication::ProcessDeferredMessage() (0x000007fecdff2cfa) + 60 bytes [d:\buildfarm\buildmachine_++depot+ue4-releases+4.7\engine\source\runtime\core\private\windows\windowsapplication.cpp:1465]
UE4Editor-Core.dll!FWindowsApplication::DeferMessage() (0x000007fecdfe5cce) + 74 bytes [d:\buildfarm\buildmachine_++depot+ue4-releases+4.7\engine\source\runtime\core\private\windows\windowsapplication.cpp:1669]
UE4Editor-Core.dll!FWindowsApplication::ProcessMessage() (0x000007fecdff4765) + 0 bytes [d:\buildfarm\buildmachine_++depot+ue4-releases+4.7\engine\source\runtime\core\private\windows\windowsapplication.cpp:720]
UE4Editor-Core.dll!FWindowsApplication::AppWndProc() (0x000007fecdfe3132) + 0 bytes [d:\buildfarm\buildmachine_++depot+ue4-releases+4.7\engine\source\runtime\core\private\windows\windowsapplication.cpp:604]
USER32.dll!UnknownFunction (0x0000000077059bd1) + 0 bytes [UnknownFile:0]
USER32.dll!UnknownFunction (0x00000000770572cb) + 0 bytes [UnknownFile:0]
USER32.dll!UnknownFunction (0x0000000077056829) + 0 bytes [UnknownFile:0]
ntdll.dll!UnknownFunction (0x00000000772b11f5) + 0 bytes [UnknownFile:0]
USER32.dll!UnknownFunction (0x000000007705193a) + 0 bytes [UnknownFile:0]
UE4Editor-SlateCore.dll!SWindow::ShowWindow() (0x000007fece500be3) + 0 bytes [d:\buildfarm\buildmachine_++depot+ue4-releases+4.7\engine\source\runtime\slatecore\private\widgets\swindow.cpp:1110]
UE4Editor-UnrealEd.dll!FFeedbackContextEditor::StartSlowTask() (0x000007fec96d1375) + 0 bytes [d:\buildfarm\buildmachine_++depot+ue4-releases+4.7\engine\source\editor\unrealed\private\feedbackcontexteditor.cpp:390]
UE4Editor-Core.dll!FScopedSlowTask::MakeDialog() (0x000007fecdf17a9a) + 32 bytes [d:\buildfarm\buildmachine_++depot+ue4-releases+4.7\engine\source\runtime\core\private\misc\feedbackcontext.cpp:87]
UE4Editor-Core.dll!FFeedbackContext::BeginSlowTask() (0x000007fecdef8e8c) + 0 bytes [d:\buildfarm\buildmachine_++depot+ue4-releases+4.7\engine\source\runtime\core\private\misc\feedbackcontext.cpp:37]
UE4Editor-Engine.dll!UStaticMesh::Build() (0x000007fecbd5724b) + 26 bytes [d:\buildfarm\buildmachine_++depot+ue4-releases+4.7\engine\source\runtime\engine\private\staticmeshbuild.cpp:68]
UE4Editor-UnrealEd.dll!UnFbx::FFbxImporter::ImportStaticMeshAsSingle() (0x000007fec9d3ae4b) + 11 bytes [d:\buildfarm\buildmachine_++depot+ue4-releases+4.7\engine\source\editor\unrealed\private\fbx\fbxstaticmeshimport.cpp:1230]
UE4Editor-UnrealEd.dll!UnFbx::FFbxImporter::ImportStaticMesh() (0x000007fec9d38c90) + 66 bytes [d:\buildfarm\buildmachine_++depot+ue4-releases+4.7\engine\source\editor\unrealed\private\fbx\fbxstaticmeshimport.cpp:91]
UE4Editor-UnrealEd.dll!UnFbx::FFbxImporter::ReimportStaticMesh() (0x000007fec9d4b753) + 95 bytes [d:\buildfarm\buildmachine_++depot+ue4-releases+4.7\engine\source\editor\unrealed\private\fbx\fbxstaticmeshimport.cpp:802]
UE4Editor-UnrealEd.dll!UReimportFbxStaticMeshFactory::Reimport() (0x000007fec9c6e6fe) + 14 bytes [d:\buildfarm\buildmachine_++depot+ue4-releases+4.7\engine\source\editor\unrealed\private\factories\editorfactories.cpp:5727]
UE4Editor-UnrealEd.dll!FReimportManager::Reimport() (0x000007fec953fd5f) + 0 bytes [d:\buildfarm\buildmachine_++depot+ue4-releases+4.7\engine\source\editor\unrealed\private\editor.cpp:2657]
UE4Editor-UnrealEd.dll!FAssetEditorToolkit::Reimport_Execute() (0x000007fec9ed540b) + 53 bytes [d:\buildfarm\buildmachine_++depot+ue4-releases+4.7\engine\source\editor\unrealed\private\toolkits\asseteditortoolkit.cpp:610]
UE4Editor-UnrealEd.dll!TBaseRawMethodDelegateInstance<0,FAssetEditorToolkit,void __cdecl(void),UObject * __ptr64>::ExecuteIfSafe() (0x000007fec9eb577a) + 0 bytes [d:\buildfarm\buildmachine_++depot+ue4-releases+4.7\engine\source\runtime\core\public\delegates\delegateinstancesimpl_variadics.inl:582]
UE4Editor-Slate.dll!SMenuEntryBlock::OnClicked() (0x000007fecb1a8413) + 0 bytes [d:\buildfarm\buildmachine_++depot+ue4-releases+4.7\engine\source\runtime\slate\private\framework\multibox\smenuentryblock.cpp:892]
UE4Editor-Slate.dll!SMenuEntryBlock::OnMenuItemButtonClicked() (0x000007fecb1ad308) + 0 bytes [d:\buildfarm\buildmachine_++depot+ue4-releases+4.7\engine\source\runtime\slate\private\framework\multibox\smenuentryblock.cpp:842]
UE4Editor-Slate.dll!TMemberFunctionCaller<SMenuEntryBlock,FReply (__cdecl SMenuEntryBlock::*)(void) __ptr64>::operator()<>() (0x000007fecb127be7) + 16 bytes [d:\buildfarm\buildmachine_++depot+ue4-releases+4.7\engine\source\runtime\core\public\delegates\delegateinstanceinterface_variadics.h:161]
UE4Editor-Slate.dll!TTupleImpl<TIntegerSequence<> >::ApplyAfter_ExplicitReturnType<FReply,TMemberFunctionCaller<SMenuEntryBlock,FReply (__cdecl SMenuEntryBlock::*)(void) __ptr64> >() (0x000007fecb1290d9) + 19 bytes [d:\buildfarm\buildmachine_++depot+ue4-releases+4.7\engine\source\runtime\core\public\delegates\tuple.h:113]
UE4Editor-Slate.dll!TBaseSPMethodDelegateInstance<0,SMenuEntryBlock,0,FReply __cdecl(void)>::Execute() (0x000007fecb18ec39) + 36 bytes [d:\buildfarm\buildmachine_++depot+ue4-releases+4.7\engine\source\runtime\core\public\delegates\delegateinstancesimpl_variadics.inl:282]
UE4Editor-Slate.dll!TBaseDelegate<FReply>::Execute() (0x000007fecb24153a) + 6 bytes [d:\buildfarm\buildmachine_++depot+ue4-releases+4.7\engine\source\runtime\core\public\delegates\delegatesignatureimpl_variadics.inl:439]
UE4Editor-Slate.dll!SButton::OnMouseButtonUp() (0x000007fecb26fd63) + 17 bytes [d:\buildfarm\buildmachine_++depot+ue4-releases+4.7\engine\source\runtime\slate\private\widgets\input\sbutton.cpp:228]
UE4Editor-Slate.dll!<lambda_de96dc3471181973108233c6db1f9843>::operator()() (0x000007fecb08dd7c) + 24 bytes [d:\buildfarm\buildmachine_++depot+ue4-releases+4.7\engine\source\runtime\slate\private\framework\application\slateapplication.cpp:3985]
UE4Editor-Slate.dll!FEventRouter::Route<FReply,FEventRouter::FToLeafmostPolicy,FPointerEvent,<lambda_de96dc3471181973108233c6db1f9843> >() (0x000007fecb048407) + 21 bytes [d:\buildfarm\buildmachine_++depot+ue4-releases+4.7\engine\source\runtime\slate\private\framework\application\slateapplication.cpp:202]
UE4Editor-Slate.dll!FSlateApplication::ProcessMouseButtonUpEvent() (0x000007fecb0f4f29) + 75 bytes [d:\buildfarm\buildmachine_++depot+ue4-releases+4.7\engine\source\runtime\slate\private\framework\application\slateapplication.cpp:3988]
UE4Editor-Slate.dll!FSlateApplication::OnMouseUp() (0x000007fecb0e4926) + 16 bytes [d:\buildfarm\buildmachine_++depot+ue4-releases+4.7\engine\source\runtime\slate\private\framework\application\slateapplication.cpp:3949]
UE4Editor-Core.dll!FWindowsApplication::ProcessDeferredMessage() (0x000007fecdff3915) + 12 bytes [d:\buildfarm\buildmachine_++depot+ue4-releases+4.7\engine\source\runtime\core\private\windows\windowsapplication.cpp:1373]
UE4Editor-Core.dll!FWindowsApplication::DeferMessage() (0x000007fecdfe5cce) + 74 bytes [d:\buildfarm\buildmachine_++depot+ue4-releases+4.7\engine\source\runtime\core\private\windows\windowsapplication.cpp:1669]
UE4Editor-Core.dll!FWindowsApplication::ProcessMessage() (0x000007fecdff4cf0) + 41 bytes [d:\buildfarm\buildmachine_++depot+ue4-releases+4.7\engine\source\runtime\core\private\windows\windowsapplication.cpp:742]
UE4Editor-Core.dll!FWindowsApplication::AppWndProc() (0x000007fecdfe3132) + 0 bytes [d:\buildfarm\buildmachine_++depot+ue4-releases+4.7\engine\source\runtime\core\private\windows\windowsapplication.cpp:604]
USER32.dll!UnknownFunction (0x0000000077059bd1) + 0 bytes [UnknownFile:0]
USER32.dll!UnknownFunction (0x00000000770598da) + 0 bytes [UnknownFile:0]
UE4Editor-Core.dll!FWindowsPlatformMisc::PumpMessages() (0x000007fece093e66) + 48 bytes [d:\buildfarm\buildmachine_++depot+ue4-releases+4.7\engine\source\runtime\core\private\windows\windowsplatformmisc.cpp:774]
UE4Editor.exe!FEngineLoop::Tick() (0x000000013fa700a9) + 8 bytes [d:\buildfarm\buildmachine_++depot+ue4-releases+4.7\engine\source\runtime\launch\private\launchengineloop.cpp:2233]
UE4Editor.exe!GuardedMain() (0x000000013fa6267c) + 0 bytes [d:\buildfarm\buildmachine_++depot+ue4-releases+4.7\engine\source\runtime\launch\private\launch.cpp:142]
UE4Editor.exe!GuardedMainWrapper() (0x000000013fa626ea) + 5 bytes [d:\buildfarm\buildmachine_++depot+ue4-releases+4.7\engine\source\runtime\launch\private\windows\launchwindows.cpp:126]
UE4Editor.exe!WinMain() (0x000000013fa72219) + 17 bytes [d:\buildfarm\buildmachine_++depot+ue4-releases+4.7\engine\source\runtime\launch\private\windows\launchwindows.cpp:202]
UE4Editor.exe!__tmainCRTStartup() (0x000000013fa73159) + 21 bytes [f:\dd\vctools\crt\crtw32\dllstuff\crtexe.c:618]
kernel32.dll!UnknownFunction (0x00000000771559ed) + 0 bytes [UnknownFile:0]
ntdll.dll!UnknownFunction (0x000000007728c541) + 0 bytes [UnknownFile:0]
ntdll.dll!UnknownFunction (0x000000007728c541) + 0 bytes [UnknownFile:0]

[2015.05.20-04.05.33:573][941]LogOutputDevice: === Handled error: ===

Ensure condition failed: Object [File:D:\BuildFarm\buildmachine_++depot+UE4-Releases+4.7\Engine\Source\Editor\PropertyEditor\Private\PropertyNode.cpp] [Line: 1842]

Stack: 
UE4Editor-Core.dll!FWindowsPlatformStackWalk::StackWalkAndDump() (0x000007fece099e76) + 0 bytes [d:\buildfarm\buildmachine_++depot+ue4-releases+4.7\engine\source\runtime\core\private\windows\windowsplatformstackwalk.cpp:174]
UE4Editor-Core.dll!FDebug::EnsureFailed() (0x000007fecdf02ff8) + 0 bytes [d:\buildfarm\buildmachine_++depot+ue4-releases+4.7\engine\source\runtime\core\private\misc\outputdevice.cpp:279]
UE4Editor-PropertyEditor.dll!FPropertyNode::NotifyPreChange() (0x000007fec7c09299) + 53 bytes [d:\buildfarm\buildmachine_++depot+ue4-releases+4.7\engine\source\editor\propertyeditor\private\propertynode.cpp:1842]
UE4Editor-PropertyEditor.dll!FPropertyValueImpl::ImportText() (0x000007fec7be1ba1) + 0 bytes [d:\buildfarm\buildmachine_++depot+ue4-releases+4.7\engine\source\editor\propertyeditor\private\propertyhandleimpl.cpp:386]
UE4Editor-PropertyEditor.dll!FPropertyValueImpl::ImportText() (0x000007fec7be23e7) + 27 bytes [d:\buildfarm\buildmachine_++depot+ue4-releases+4.7\engine\source\editor\propertyeditor\private\propertyhandleimpl.cpp:283]
UE4Editor-PropertyEditor.dll!FPropertyValueImpl::SetValueAsString() (0x000007fec7c75dd3) + 0 bytes [d:\buildfarm\buildmachine_++depot+ue4-releases+4.7\engine\source\editor\propertyeditor\private\propertyhandleimpl.cpp:696]
UE4Editor-PropertyEditor.dll!SPropertyEditorText::OnTextCommitted() (0x000007fec7c30a79) + 32 bytes [d:\buildfarm\buildmachine_++depot+ue4-releases+4.7\engine\source\editor\propertyeditor\private\userinterface\propertyeditor\spropertyeditortext.cpp:95]
UE4Editor-PropertyEditor.dll!TBaseSPMethodDelegateInstance<0,SPropertyEditorText,0,TTypeWrapper<void> __cdecl(FText const & __ptr64,enum ETextCommit::Type)>::Execute() (0x000007fec7b834a7) + 38 bytes [d:\buildfarm\buildmachine_++depot+ue4-releases+4.7\engine\source\runtime\core\public\delegates\delegateinstancesimpl_variadics.inl:282]
UE4Editor-PropertyEditor.dll!TBaseSPMethodDelegateInstance<0,SPropertyEditorText,0,void __cdecl(FText const & __ptr64,enum ETextCommit::Type)>::ExecuteIfSafe() (0x000007fec7b885e7) + 14 bytes [d:\buildfarm\buildmachine_++depot+ue4-releases+4.7\engine\source\runtime\core\public\delegates\delegateinstancesimpl_variadics.inl:388]
UE4Editor-Slate.dll!SEditableText::OnFocusLost() (0x000007fecb269ca0) + 0 bytes [d:\buildfarm\buildmachine_++depot+ue4-releases+4.7\engine\source\runtime\slate\private\widgets\input\seditabletext.cpp:1617]
UE4Editor-Slate.dll!FSlateApplication::SetUserFocus() (0x000007fecb10b26c) + 0 bytes [d:\buildfarm\buildmachine_++depot+ue4-releases+4.7\engine\source\runtime\slate\private\framework\application\slateapplication.cpp:2061]
UE4Editor-Slate.dll!FSlateApplication::ProcessReply() (0x000007fecb0f6aaa) + 37 bytes [d:\buildfarm\buildmachine_++depot+ue4-releases+4.7\engine\source\runtime\slate\private\framework\application\slateapplication.cpp:2238]
UE4Editor-Slate.dll!FSlateApplication::ResetToDefaultInputSettings() (0x000007fecb1049c2) + 99 bytes [d:\buildfarm\buildmachine_++depot+ue4-releases+4.7\engine\source\runtime\slate\private\framework\application\slateapplication.cpp:1904]
UE4Editor-Slate.dll!FSlateApplication::ProcessWindowActivatedEvent() (0x000007fecb0f7e5e) + 8 bytes [d:\buildfarm\buildmachine_++depot+ue4-releases+4.7\engine\source\runtime\slate\private\framework\application\slateapplication.cpp:4891]
UE4Editor-Slate.dll!FSlateApplication::OnWindowActivationChanged() (0x000007fecb0e8fb8) + 14 bytes [d:\buildfarm\buildmachine_++depot+ue4-releases+4.7\engine\source\runtime\slate\private\framework\application\slateapplication.cpp:4796]
UE4Editor-Core.dll!FWindowsApplication::ProcessDeferredMessage() (0x000007fecdff2cfa) + 60 bytes [d:\buildfarm\buildmachine_++depot+ue4-releases+4.7\engine\source\runtime\core\private\windows\windowsapplication.cpp:1465]
UE4Editor-Core.dll!FWindowsApplication::DeferMessage() (0x000007fecdfe5cce) + 74 bytes [d:\buildfarm\buildmachine_++depot+ue4-releases+4.7\engine\source\runtime\core\private\windows\windowsapplication.cpp:1669]
UE4Editor-Core.dll!FWindowsApplication::ProcessMessage() (0x000007fecdff4765) + 0 bytes [d:\buildfarm\buildmachine_++depot+ue4-releases+4.7\engine\source\runtime\core\private\windows\windowsapplication.cpp:720]
UE4Editor-Core.dll!FWindowsApplication::AppWndProc() (0x000007fecdfe3132) + 0 bytes [d:\buildfarm\buildmachine_++depot+ue4-releases+4.7\engine\source\runtime\core\private\windows\windowsapplication.cpp:604]
USER32.dll!UnknownFunction (0x0000000077059bd1) + 0 bytes [UnknownFile:0]
USER32.dll!UnknownFunction (0x00000000770572cb) + 0 bytes [UnknownFile:0]
USER32.dll!UnknownFunction (0x0000000077056829) + 0 bytes [UnknownFile:0]
ntdll.dll!UnknownFunction (0x00000000772b11f5) + 0 bytes [UnknownFile:0]
USER32.dll!UnknownFunction (0x000000007705193a) + 0 bytes [UnknownFile:0]
UE4Editor-SlateCore.dll!SWindow::ShowWindow() (0x000007fece500be3) + 0 bytes [d:\buildfarm\buildmachine_++depot+ue4-releases+4.7\engine\source\runtime\slatecore\private\widgets\swindow.cpp:1110]
UE4Editor-UnrealEd.dll!FFeedbackContextEditor::StartSlowTask() (0x000007fec96d1375) + 0 bytes [d:\buildfarm\buildmachine_++depot+ue4-releases+4.7\engine\source\editor\unrealed\private\feedbackcontexteditor.cpp:390]
UE4Editor-Core.dll!FScopedSlowTask::MakeDialog() (0x000007fecdf17a9a) + 32 bytes [d:\buildfarm\buildmachine_++depot+ue4-releases+4.7\engine\source\runtime\core\private\misc\feedbackcontext.cpp:87]
UE4Editor-Core.dll!FFeedbackContext::BeginSlowTask() (0x000007fecdef8e8c) + 0 bytes [d:\buildfarm\buildmachine_++depot+ue4-releases+4.7\engine\source\runtime\core\private\misc\feedbackcontext.cpp:37]
UE4Editor-Engine.dll!UStaticMesh::Build() (0x000007fecbd5724b) + 26 bytes [d:\buildfarm\buildmachine_++depot+ue4-releases+4.7\engine\source\runtime\engine\private\staticmeshbuild.cpp:68]
UE4Editor-UnrealEd.dll!UnFbx::FFbxImporter::ImportStaticMeshAsSingle() (0x000007fec9d3ae4b) + 11 bytes [d:\buildfarm\buildmachine_++depot+ue4-releases+4.7\engine\source\editor\unrealed\private\fbx\fbxstaticmeshimport.cpp:1230]
UE4Editor-UnrealEd.dll!UnFbx::FFbxImporter::ImportStaticMesh() (0x000007fec9d38c90) + 66 bytes [d:\buildfarm\buildmachine_++depot+ue4-releases+4.7\engine\source\editor\unrealed\private\fbx\fbxstaticmeshimport.cpp:91]
UE4Editor-UnrealEd.dll!UnFbx::FFbxImporter::ReimportStaticMesh() (0x000007fec9d4b753) + 95 bytes [d:\buildfarm\buildmachine_++depot+ue4-releases+4.7\engine\source\editor\unrealed\private\fbx\fbxstaticmeshimport.cpp:802]
UE4Editor-UnrealEd.dll!UReimportFbxStaticMeshFactory::Reimport() (0x000007fec9c6e6fe) + 14 bytes [d:\buildfarm\buildmachine_++depot+ue4-releases+4.7\engine\source\editor\unrealed\private\factories\editorfactories.cpp:5727]
UE4Editor-UnrealEd.dll!FReimportManager::Reimport() (0x000007fec953fd5f) + 0 bytes [d:\buildfarm\buildmachine_++depot+ue4-releases+4.7\engine\source\editor\unrealed\private\editor.cpp:2657]
UE4Editor-UnrealEd.dll!FAssetEditorToolkit::Reimport_Execute() (0x000007fec9ed540b) + 53 bytes [d:\buildfarm\buildmachine_++depot+ue4-releases+4.7\engine\source\editor\unrealed\private\toolkits\asseteditortoolkit.cpp:610]
UE4Editor-UnrealEd.dll!TBaseRawMethodDelegateInstance<0,FAssetEditorToolkit,void __cdecl(void),UObject * __ptr64>::ExecuteIfSafe() (0x000007fec9eb577a) + 0 bytes [d:\buildfarm\buildmachine_++depot+ue4-releases+4.7\engine\source\runtime\core\public\delegates\delegateinstancesimpl_variadics.inl:582]
UE4Editor-Slate.dll!SMenuEntryBlock::OnClicked() (0x000007fecb1a8413) + 0 bytes [d:\buildfarm\buildmachine_++depot+ue4-releases+4.7\engine\source\runtime\slate\private\framework\multibox\smenuentryblock.cpp:892]
UE4Editor-Slate.dll!SMenuEntryBlock::OnMenuItemButtonClicked() (0x000007fecb1ad308) + 0 bytes [d:\buildfarm\buildmachine_++depot+ue4-releases+4.7\engine\source\runtime\slate\private\framework\multibox\smenuentryblock.cpp:842]
UE4Editor-Slate.dll!TMemberFunctionCaller<SMenuEntryBlock,FReply (__cdecl SMenuEntryBlock::*)(void) __ptr64>::operator()<>() (0x000007fecb127be7) + 16 bytes [d:\buildfarm\buildmachine_++depot+ue4-releases+4.7\engine\source\runtime\core\public\delegates\delegateinstanceinterface_variadics.h:161]
UE4Editor-Slate.dll!TTupleImpl<TIntegerSequence<> >::ApplyAfter_ExplicitReturnType<FReply,TMemberFunctionCaller<SMenuEntryBlock,FReply (__cdecl SMenuEntryBlock::*)(void) __ptr64> >() (0x000007fecb1290d9) + 19 bytes [d:\buildfarm\buildmachine_++depot+ue4-releases+4.7\engine\source\runtime\core\public\delegates\tuple.h:113]
UE4Editor-Slate.dll!TBaseSPMethodDelegateInstance<0,SMenuEntryBlock,0,FReply __cdecl(void)>::Execute() (0x000007fecb18ec39) + 36 bytes [d:\buildfarm\buildmachine_++depot+ue4-releases+4.7\engine\source\runtime\core\public\delegates\delegateinstancesimpl_variadics.inl:282]
UE4Editor-Slate.dll!TBaseDelegate<FReply>::Execute() (0x000007fecb24153a) + 6 bytes [d:\buildfarm\buildmachine_++depot+ue4-releases+4.7\engine\source\runtime\core\public\delegates\delegatesignatureimpl_variadics.inl:439]
UE4Editor-Slate.dll!SButton::OnMouseButtonUp() (0x000007fecb26fd63) + 17 bytes [d:\buildfarm\buildmachine_++depot+ue4-releases+4.7\engine\source\runtime\slate\private\widgets\input\sbutton.cpp:228]
UE4Editor-Slate.dll!<lambda_de96dc3471181973108233c6db1f9843>::operator()() (0x000007fecb08dd7c) + 24 bytes [d:\buildfarm\buildmachine_++depot+ue4-releases+4.7\engine\source\runtime\slate\private\framework\application\slateapplication.cpp:3985]
UE4Editor-Slate.dll!FEventRouter::Route<FReply,FEventRouter::FToLeafmostPolicy,FPointerEvent,<lambda_de96dc3471181973108233c6db1f9843> >() (0x000007fecb048407) + 21 bytes [d:\buildfarm\buildmachine_++depot+ue4-releases+4.7\engine\source\runtime\slate\private\framework\application\slateapplication.cpp:202]
UE4Editor-Slate.dll!FSlateApplication::ProcessMouseButtonUpEvent() (0x000007fecb0f4f29) + 75 bytes [d:\buildfarm\buildmachine_++depot+ue4-releases+4.7\engine\source\runtime\slate\private\framework\application\slateapplication.cpp:3988]
UE4Editor-Slate.dll!FSlateApplication::OnMouseUp() (0x000007fecb0e4926) + 16 bytes [d:\buildfarm\buildmachine_++depot+ue4-releases+4.7\engine\source\runtime\slate\private\framework\application\slateapplication.cpp:3949]
UE4Editor-Core.dll!FWindowsApplication::ProcessDeferredMessage() (0x000007fecdff3915) + 12 bytes [d:\buildfarm\buildmachine_++depot+ue4-releases+4.7\engine\source\runtime\core\private\windows\windowsapplication.cpp:1373]
UE4Editor-Core.dll!FWindowsApplication::DeferMessage() (0x000007fecdfe5cce) + 74 bytes [d:\buildfarm\buildmachine_++depot+ue4-releases+4.7\engine\source\runtime\core\private\windows\windowsapplication.cpp:1669]
UE4Editor-Core.dll!FWindowsApplication::ProcessMessage() (0x000007fecdff4cf0) + 41 bytes [d:\buildfarm\buildmachine_++depot+ue4-releases+4.7\engine\source\runtime\core\private\windows\windowsapplication.cpp:742]
UE4Editor-Core.dll!FWindowsApplication::AppWndProc() (0x000007fecdfe3132) + 0 bytes [d:\buildfarm\buildmachine_++depot+ue4-releases+4.7\engine\source\runtime\core\private\windows\windowsapplication.cpp:604]
USER32.dll!UnknownFunction (0x0000000077059bd1) + 0 bytes [UnknownFile:0]
USER32.dll!UnknownFunction (0x00000000770598da) + 0 bytes [UnknownFile:0]
UE4Editor-Core.dll!FWindowsPlatformMisc::PumpMessages() (0x000007fece093e66) + 48 bytes [d:\buildfarm\buildmachine_++depot+ue4-releases+4.7\engine\source\runtime\core\private\windows\windowsplatformmisc.cpp:774]
UE4Editor.exe!FEngineLoop::Tick() (0x000000013fa700a9) + 8 bytes [d:\buildfarm\buildmachine_++depot+ue4-releases+4.7\engine\source\runtime\launch\private\launchengineloop.cpp:2233]
UE4Editor.exe!GuardedMain() (0x000000013fa6267c) + 0 bytes [d:\buildfarm\buildmachine_++depot+ue4-releases+4.7\engine\source\runtime\launch\private\launch.cpp:142]
UE4Editor.exe!GuardedMainWrapper() (0x000000013fa626ea) + 5 bytes [d:\buildfarm\buildmachine_++depot+ue4-releases+4.7\engine\source\runtime\launch\private\windows\launchwindows.cpp:126]
UE4Editor.exe!WinMain() (0x000000013fa72219) + 17 bytes [d:\buildfarm\buildmachine_++depot+ue4-releases+4.7\engine\source\runtime\launch\private\windows\launchwindows.cpp:202]
UE4Editor.exe!__tmainCRTStartup() (0x000000013fa73159) + 21 bytes [f:\dd\vctools\crt\crtw32\dllstuff\crtexe.c:618]
kernel32.dll!UnknownFunction (0x00000000771559ed) + 0 bytes [UnknownFile:0]
ntdll.dll!UnknownFunction (0x000000007728c541) + 0 bytes [UnknownFile:0]
ntdll.dll!UnknownFunction (0x000000007728c541) + 0 bytes [UnknownFile:0]

