[2015.08.29-02.45.15:257][  0]Log file open, 08/28/15 19:45:15
[2015.08.29-02.45.15:257][  0]LogInit:Display: Running engine for game: GodKiller
[2015.08.29-02.45.15:257][  0]LogInit:Display: RandInit(1596941343) SRandInit(1596941357).
[2015.08.29-02.45.15:257][  0]LogTaskGraph: Started task graph with 4 named threads and 7 total threads.
[2015.08.29-02.45.15:257][  0]LogStats: Stats thread started
[2015.08.29-02.45.15:257][  0]LogInit: Version: 4.8.3-2634408+++depot+UE4-Releases+4.8
[2015.08.29-02.45.15:257][  0]LogInit: API Version: 2579680
[2015.08.29-02.45.15:257][  0]LogInit: Compiled (64-bit): Jul 27 2015 16:24:33
[2015.08.29-02.45.15:257][  0]LogInit: Compiled with Visual C++: 18.00.21005.01
[2015.08.29-02.45.15:257][  0]LogInit: Build Configuration: Development
[2015.08.29-02.45.15:257][  0]LogInit: Branch Name: ++depot+UE4-Releases+4.8
[2015.08.29-02.45.15:257][  0]LogInit: Command line:  
[2015.08.29-02.45.15:257][  0]LogInit: Base directory: D:/Program Files/Unreal/Epic Games/4.8/Engine/Binaries/Win64/
[2015.08.29-02.45.15:257][  0]LogInit: Rocket: 1
[2015.08.29-02.45.15:284][  0]LogInit: Using libcurl 7.41.0
[2015.08.29-02.45.15:284][  0]LogInit:  - built for x86_64-pc-win32
[2015.08.29-02.45.15:284][  0]LogInit:  - supports SSL with WinSSL
[2015.08.29-02.45.15:284][  0]LogInit:  - other features:
[2015.08.29-02.45.15:284][  0]LogInit:      CURL_VERSION_SSL
[2015.08.29-02.45.15:284][  0]LogInit:      CURL_VERSION_IPV6
[2015.08.29-02.45.15:284][  0]LogInit:      CURL_VERSION_ASYNCHDNS
[2015.08.29-02.45.15:284][  0]LogInit:      CURL_VERSION_LARGEFILE
[2015.08.29-02.45.15:284][  0]LogInit:      CURL_VERSION_IDN
[2015.08.29-02.45.15:284][  0]LogInit:  CurlRequestOptions (configurable via config and command line):
[2015.08.29-02.45.15:284][  0]LogInit:  - bVerifyPeer = true  - Libcurl will verify peer certificate
[2015.08.29-02.45.15:284][  0]LogInit:  - bUseHttpProxy = false  - Libcurl will NOT use HTTP proxy
[2015.08.29-02.45.15:284][  0]LogInit:  - bDontReuseConnections = false  - Libcurl will reuse connections
[2015.08.29-02.45.15:284][  0]LogInit:  - CertBundlePath = nullptr  - Libcurl will use whatever was configured at build time.
[2015.08.29-02.45.15:306][  0]LogOnline:Warning: No default platform service specified for OnlineSubsystem
[2015.08.29-02.45.15:330][  0]LogInit: Presizing for 0 objects not considered by GC, pre-allocating 0 bytes.
[2015.08.29-02.45.15:338][  0]LogInit: Object subsystem initialized
[2015.08.29-02.45.15:339][  0]LogConsoleResponse:Warning: Skipping Unknown console variable: 'TranslucentSortAxis = (X=0.000000,Y=-1.000000,Z=0.000000)'
[2015.08.29-02.45.15:339][  0]LogConsoleResponse:Warning:   Found in ini file 'D:/Storage/Documents/SourceTRee/Saved/Config/Windows/Engine.ini', in section '[/Script/Engine.RendererSettings]'
[2015.08.29-02.45.15:339][  0]LogConsoleResponse:Warning: Skipping Unknown console variable: 'UIScaleRule = ShortestSide'
[2015.08.29-02.45.15:339][  0]LogConsoleResponse:Warning:   Found in ini file 'D:/Storage/Documents/SourceTRee/Saved/Config/Windows/Engine.ini', in section '[/Script/Engine.RendererSettings]'
[2015.08.29-02.45.15:339][  0]LogConsoleResponse:Warning: Skipping Unknown console variable: 'UIScaleCurve = (EditorCurveData=(Keys=),ExternalCurve=None)'
[2015.08.29-02.45.15:339][  0]LogConsoleResponse:Warning:   Found in ini file 'D:/Storage/Documents/SourceTRee/Saved/Config/Windows/Engine.ini', in section '[/Script/Engine.RendererSettings]'
[2015.08.29-02.45.15:340][  0]LogInit: Selected Device Profile: [Windows]
[2015.08.29-02.45.15:340][  0]LogInit: Applying CVar settings loaded from the selected device profile: [Windows]
[2015.08.29-02.45.15:347][  0]LogInit: Computer: JOSEPH-PC
[2015.08.29-02.45.15:347][  0]LogInit: User: Joseph
[2015.08.29-02.45.15:347][  0]LogInit: CPU Page size=4096, Cores=4
[2015.08.29-02.45.15:347][  0]LogInit: High frequency timer resolution =14.318180 MHz
[2015.08.29-02.45.15:347][  0]LogMemory: Memory total: Physical=15.9GB (16GB approx)
[2015.08.29-02.45.15:347][  0]LogMemory: Platform Memory Stats for Windows
[2015.08.29-02.45.15:348][  0]LogMemory: Process Physical Memory: 51.00 MB used, 51.00 MB peak
[2015.08.29-02.45.15:348][  0]LogMemory: Process Virtual Memory: 24.76 MB used, 24.76 MB peak
[2015.08.29-02.45.15:348][  0]LogMemory: Physical Memory: 3826.29 MB used, 16280.89 MB total
[2015.08.29-02.45.15:348][  0]LogMemory: Virtual Memory: 298.19 MB used, 134217728.00 MB total
[2015.08.29-02.45.15:392][  0]LogTextLocalizationManager: The requested culture ('en_US') has no localization data; parent culture's ('en') localization data will be used.
[2015.08.29-02.45.15:603][  0]LogTextLocalizationManager:Warning: Loaded localization resources contain conflicting entries for (Namespace:ContentBrowser, Key:ImportAssetToolTip):
Localization Resource: (D:/Program Files/Unreal/Epic Games/4.8/Engine/Content/Localization/Editor/en/Editor.locres) Source String Hash: (-630476809) Localized String: (Import to {0}...)
Localization Resource: (D:/Program Files/Unreal/Epic Games/4.8/Engine/Content/Localization/Editor/en/Editor.locres) Source String Hash: (1271782899) Localized String: (Imports an asset from file to this folder.)
[2015.08.29-02.45.16:150][  0]LogD3D11RHI: Found D3D11 adapter 0: AMD Radeon R9 200 Series (Feature Level 11_0)
[2015.08.29-02.45.16:150][  0]LogD3D11RHI: Adapter has 4075MB of dedicated video memory, 0MB of dedicated system memory, and 8140MB of shared system memory, 1 output[s]
[2015.08.29-02.45.16:152][  0]LogD3D11RHI: Found D3D11 adapter 1: Microsoft Basic Render Driver (Feature Level 11_0)
[2015.08.29-02.45.16:152][  0]LogD3D11RHI: Adapter has 0MB of dedicated video memory, 0MB of dedicated system memory, and 8140MB of shared system memory, 0 output[s]
[2015.08.29-02.45.16:152][  0]LogD3D11RHI: Chosen D3D11 Adapter Id = 0
[2015.08.29-02.45.16:159][  0]LogD3D11RHI: InitD3DDevice
[2015.08.29-02.45.16:159][  0]LogD3D11RHI: !Direct3DDevice
[2015.08.29-02.45.16:159][  0]LogRHI: Texture pool is 1361 MB (70% of 1945 MB)
[2015.08.29-02.45.16:168][  0]LogD3D11RHI: Async texture creation disabled: no driver support
[2015.08.29-02.45.16:181][  0]LogShaderCompilers:Display: Using Local Shader Compiler.
[2015.08.29-02.45.17:458][  0]LogTemp:Display: Loaded TP DesktopTargetPlatform
[2015.08.29-02.45.17:481][  0]LogTemp:Display: Loaded TP WindowsClientTargetPlatform
[2015.08.29-02.45.17:505][  0]LogTemp:Display: Loaded TP WindowsNoEditorTargetPlatform
[2015.08.29-02.45.17:531][  0]LogTemp:Display: Loaded TP WindowsServerTargetPlatform
[2015.08.29-02.45.17:563][  0]LogTemp:Display: Loaded TP WindowsTargetPlatform
[2015.08.29-02.45.17:584][  0]LogTemp:Display: Loaded TP AndroidTargetPlatform
[2015.08.29-02.45.17:605][  0]LogTemp:Display: Loaded TP Android_ASTCTargetPlatform
[2015.08.29-02.45.17:626][  0]LogTemp:Display: Loaded TP Android_ATCTargetPlatform
[2015.08.29-02.45.17:647][  0]LogTemp:Display: Loaded TP Android_DXTTargetPlatform
[2015.08.29-02.45.17:669][  0]LogTemp:Display: Loaded TP Android_ETC1TargetPlatform
[2015.08.29-02.45.17:695][  0]LogTemp:Display: Loaded TP Android_ETC2TargetPlatform
[2015.08.29-02.45.17:723][  0]LogTemp:Display: Loaded TP Android_PVRTCTargetPlatform
[2015.08.29-02.45.17:796][  0]LogTemp:Display: Loaded TP IOSTargetPlatform
[2015.08.29-02.45.17:816][  0]LogTemp:Display: Loaded TP LinuxNoEditorTargetPlatform
[2015.08.29-02.45.17:836][  0]LogTemp:Display: Loaded TP LinuxServerTargetPlatform
[2015.08.29-02.45.17:860][  0]LogTemp:Display: Loaded TP LinuxTargetPlatform
[2015.08.29-02.45.17:860][  0]LogTargetPlatformManager:Display: Building Assets For Windows
[2015.08.29-02.45.18:210][  0]LogDerivedDataCache:Display: Max Cache Size: 512 MB
[2015.08.29-02.45.18:288][  0]LogDerivedDataCache: Loaded boot cache 0.08s 53MB C:/Users/Joseph/AppData/Local/UnrealEngine/4.8/DerivedDataCache/Boot.ddc.
[2015.08.29-02.45.18:288][  0]LogDerivedDataCache:Display: Loaded Boot cache: C:/Users/Joseph/AppData/Local/UnrealEngine/4.8/DerivedDataCache/Boot.ddc
[2015.08.29-02.45.18:288][  0]LogDerivedDataCache: FDerivedDataBackendGraph:  Pak pak cache file ../../../../../../../Storage/Documents/SourceTRee/DerivedDataCache/DDC.ddp not found, will not use a pak cache.
[2015.08.29-02.45.18:288][  0]LogDerivedDataCache: Unable to find inner node Pak for hierarchical cache Hierarchy.
[2015.08.29-02.45.18:288][  0]LogDerivedDataCache: FDerivedDataBackendGraph:  CompressedPak pak cache file ../../../../../../../Storage/Documents/SourceTRee/DerivedDataCache/Compressed.ddp not found, will not use a pak cache.
[2015.08.29-02.45.18:288][  0]LogDerivedDataCache: Unable to find inner node CompressedPak for hierarchical cache Hierarchy.
[2015.08.29-02.45.18:428][  0]LogDerivedDataCache:Display: Pak cache opened for reading ../../../Engine/DerivedDataCache/Compressed.ddp.
[2015.08.29-02.45.18:441][  0]LogDerivedDataCache: Using Local data cache path C:/Users/Joseph/AppData/Local/UnrealEngine/Common/DerivedDataCache: Writable
[2015.08.29-02.45.18:774][  0]LogInit: Selected Device Profile: [Windows]
[2015.08.29-02.45.18:874][  0]ImportText (ComponentSweepMultiTests): Missing closing parenthesis: (RootShapeAsset="/Engine/BasicShapes/Cube.Cube",ShapeType="TriggerCapsule",HitResult=(Time=0.50,Location=(X=-100.000015,Y=0.0,Z=100.000015),ImpactPoint=(X=-50.0,Y=0.0,Z=50.0),Normal=(X=-1.0,Y=-0.0,Z=0.0),ImpactNormal=(X=0.0,Y=0.0,Z=1.0),TraceStart=(X=-200.0,Y=0.0,Z=200.0),TraceEnd=(X=0.0,Y=0.0,Z=0.0))
[2015.08.29-02.45.18:874][  0]ImportText (LineTraceSingleByChannelTests): Missing closing parenthesis: (RootShapeAsset="/Engine/BasicShapes/Cube.Cube",HitResult=(Time=0.50,Location=(X=-100.000015,Y=0.0,Z=100.000015),ImpactPoint=(X=-50.0,Y=0.0,Z=50.0),Normal=(X=-1.0,Y=-0.0,Z=0.0),ImpactNormal=(X=0.0,Y=0.0,Z=1.0),TraceStart=(X=-200.0,Y=0.0,Z=200.0),TraceEnd=(X=0.0,Y=0.0,Z=0.0))
[2015.08.29-02.45.18:917][  0]LogMeshUtilities: No automatic mesh reduction module available
[2015.08.29-02.45.18:917][  0]LogMeshUtilities: No automatic mesh merging module available
[2015.08.29-02.45.19:363][  0]LogInit: WinSock: version 1.1 (2.2), MaxSocks=32767, MaxUdp=65467
[2015.08.29-02.45.20:799][  0]UdpMessaging: Initializing bridge on interface 0.0.0.0:0 to multicast group 230.0.0.1:6666.
[2015.08.29-02.45.21:339][  0]SourceControl: Info Source control is disabled
[2015.08.29-02.45.21:545][  0]SourceControl: Info Source control is disabled
[2015.08.29-02.45.21:565][  0]SourceControl: Info Source control is disabled
[2015.08.29-02.45.21:582][  0]SourceControl: Info Source control is disabled
[2015.08.29-02.45.21:982][  0]LogObj: 26273 objects as part of root set at end of initial load.
[2015.08.29-02.45.21:982][  0]LogUObjectAllocator: 5409248 out of 0 bytes used by permanent object pool.
[2015.08.29-02.45.22:078][  0]LogEngine: Initializing Engine...
[2015.08.29-02.45.22:082][  0]LogHMD: Can't find Oculus library dev build: is proper Runtime installed? Version: 0.6.0.0
[2015.08.29-02.45.22:085][  0]LogHMD:Warning: SteamVR failed to initialize.  Error: 110
[2015.08.29-02.45.22:324][  0]LogAIModule: Creating AISystem for world NewWorld
[2015.08.29-02.45.22:337][  0]LogInit: XAudio2 using '1 - LG ULTRAWIDE (AMD High Definition Audio Device)' : 2 channels at 48 kHz using 16 bits per sample (channel mask 0x3)
[2015.08.29-02.45.22:350][  0]LogInit: FAudioDevice initialized.
[2015.08.29-02.45.22:401][  0]LogDerivedDataCache: Saved boot cache 0.05s 53MB C:/Users/Joseph/AppData/Local/UnrealEngine/4.8/DerivedDataCache/Boot.ddc.
[2015.08.29-02.45.22:412][  0]LogInit: Texture streaming: Disabled
[2015.08.29-02.45.22:460][  0]LogAnalytics: Creating configured Analytics provider AnalyticsET
[2015.08.29-02.45.22:460][  0]LogAnalytics: [UEEditor.Rocket.Release] APIServer = http://et2.epicgames.com/ET2/. AppVersion = 4.8.3-2634408+++depot+UE4-Releases+4.8
[2015.08.29-02.45.22:460][  0]LogAnalytics: [UEEditor.Rocket.Release] SetUserId d0fc97d9433d85cfe1d854a78446f226|fbedbf84e6654fb9830ed15a26abc575|31b426bb-6233-41c4-8090-528f38e68011
[2015.08.29-02.45.22:461][  0]LogAnalytics: [UEEditor.Rocket.Release] AnalyticsET::StartSession
[2015.08.29-02.45.22:525][  0]LogInit: Transaction tracking system initialized
[2015.08.29-02.45.22:774][  0]BlueprintLog: New page: Editor Load
[2015.08.29-02.45.22:831][  0]LogAssetRegistry: FAssetRegistry took 0.0110 seconds to start up
[2015.08.29-02.45.22:832][  0]LogDirectoryWatcher:Warning: Failed to begin reading directory changes for ../../../Engine/Plugins/Experimental/CharacterAI/Content/. Error: 0
[2015.08.29-02.45.24:075][  0]LogConsoleManager:Warning: Console variable 'r.VSync' wasn't set ('GameSetting' has a lower priority than 'SystemSettingsIni')
[2015.08.29-02.45.24:075][  0]LogConsoleResponse:Display: 
[2015.08.29-02.45.24:229][  0]LogCook:Display: Done creating registry. It took  0.00s.
[2015.08.29-02.45.24:541][  0]SourceControl: Info Source control is disabled
[2015.08.29-02.45.24:541][  0]Cmd: MAP LOAD FILE="../../../../../../../Storage/Documents/SourceTRee/Content/Scene/NewCave.umap" TEMPLATE=0 SHOWPROGRESS=1 FEATURELEVEL=3
[2015.08.29-02.45.24:541][  0]LightingResults: New page: Lighting Build
[2015.08.29-02.45.24:563][  0]MapCheck: New page: Map Check
[2015.08.29-02.45.24:563][  0]LightingResults: New page: Lighting Build
[2015.08.29-02.45.24:575][  0]LogParticles: Destroying 0 GPU particle simulations for FXSystem 0x000000E966168F40
[2015.08.29-02.45.26:956][  0]LogBlueprint:Warning: [compiler GnawmersHealth] Warning 'gnawmers' is already a 'Enemy 1', you don't need  Cast To Enemy1 .
[2015.08.29-02.45.26:957][  0]LogBlueprint:Warning: [compiler GnawmersHealth] Warning [0014.61] Compile of GnawmersHealth successful, but with 1 Warning(s) [in 23 ms]
[2015.08.29-02.45.26:957][  0]LogBlueprint:Warning: [compiler GnawmersHealth] Warning [0014.61] Compile of GnawmersHealth successful, but with 2 Warning(s) [in 0 ms]
[2015.08.29-02.45.26:957][  0]LogBlueprint:Warning: [compiler GnawmersHealth] Warning [0014.62] Compile of GnawmersHealth successful, but with 3 Warning(s) [in 0 ms]
[2015.08.29-02.45.27:677][  0]LogBlueprint:Warning: [compiler Gui] Warning 'gnawmers' is already a 'Enemy 1', you don't need  Cast To Enemy1 .
[2015.08.29-02.45.27:687][  0]LogBlueprint:Warning: [compiler Gui] Warning [0015.35] Compile of Gui successful, but with 1 Warning(s) [in 60 ms]
[2015.08.29-02.45.27:688][  0]LogBlueprint:Warning: [compiler Gui] Warning [0015.35] Compile of Gui successful, but with 2 Warning(s) [in 0 ms]
[2015.08.29-02.45.27:688][  0]LogBlueprint:Warning: [compiler Gui] Warning [0015.35] Compile of Gui successful, but with 3 Warning(s) [in 0 ms]
[2015.08.29-02.45.30:869][  0]LogBlueprint:Warning: [compiler Gui] Warning 'gnawmers' is already a 'Enemy 1', you don't need  Cast To Enemy1 .
[2015.08.29-02.45.30:878][  0]LogBlueprint:Warning: [compiler Gui] Warning [0018.54] Compile of Gui successful, but with 1 Warning(s) [in 60 ms]
[2015.08.29-02.45.30:880][  0]LogBlueprint:Warning: [compiler Gui] Warning [0018.54] Compile of Gui successful, but with 2 Warning(s) [in 1 ms]
[2015.08.29-02.45.31:040][  0]LogBlueprint:Warning: [compiler GnawmersHealth] Warning 'gnawmers' is already a 'Enemy 1', you don't need  Cast To Enemy1 .
[2015.08.29-02.45.31:040][  0]LogBlueprint:Warning: [compiler GnawmersHealth] Warning [0018.70] Compile of GnawmersHealth successful, but with 1 Warning(s) [in 25 ms]
[2015.08.29-02.45.31:041][  0]LogBlueprint:Warning: [compiler GnawmersHealth] Warning [0018.70] Compile of GnawmersHealth successful, but with 2 Warning(s) [in 0 ms]
[2015.08.29-02.45.36:153][  0]LogAIModule: Creating AISystem for world NewCave
[2015.08.29-02.45.36:329][  0]LogEditorServer: Finished looking for orphan Actors (0.000 secs)
[2015.08.29-02.45.36:331][  0]Cmd: MAP CHECKDEP NOCLEARLOG
[2015.08.29-02.45.36:541][  0]MapCheck: Info Map check complete: 0 Error(s), 0 Warning(s), took 209.818ms to complete.
[2015.08.29-02.45.36:542][  0]LogFileHelpers: Loading map 'NewCave' took 12.000
[2015.08.29-02.45.36:633][  0]LogCollectionManager: Loaded 0 collections in 0.002573 seconds
[2015.08.29-02.45.36:643][  0]LogContentBrowser: Native class hierarchy populated in 0.0094 seconds. Added 1792 classes and 301 folders.
[2015.08.29-02.45.36:711][  0]LogContentBrowser: Native class hierarchy updated for 'WidgetCarousel' in 0.0005 seconds. Added 0 classes and 0 folders.
[2015.08.29-02.45.36:753][  0]LogContentBrowser: Native class hierarchy updated for 'AddContentDialog' in 0.0005 seconds. Added 0 classes and 0 folders.
[2015.08.29-02.45.36:819][  0]LogContentBrowser: Native class hierarchy updated for 'SceneOutliner' in 0.0005 seconds. Added 1 classes and 2 folders.
[2015.08.29-02.45.36:873][  0]LogCrashTracker: Crashtracker disabled due to settings.
[2015.08.29-02.45.36:875][  0]LogD3D11RHI: InitD3DDevice
[2015.08.29-02.45.36:879][  0]LogUObjectGlobals:Warning: Failed to find object 'Class None.'
[2015.08.29-02.45.36:902][  0]LogLoad: Full Startup: 24.56 seconds (BP compile: 5.78 seconds)
[2015.08.29-02.45.37:333][  0]LogContentStreaming: Texture pool size is 0.000000MB
[2015.08.29-02.45.37:528][  0]LogContentStreaming: Texture pool size now 1000 MB
[2015.08.29-02.45.37:725][  0]LogRenderer: Reallocating scene render targets to support 1552x928 (Frame:2).
[2015.08.29-02.45.37:953][  1]Cmd: UpdateLandscapeEditorData -warnings
[2015.08.29-02.45.37:955][  1]Cmd: UpdateLandscapeEditorData
[2015.08.29-02.45.37:963][  1]LogD3D11RHI: InitD3DDevice
[2015.08.29-02.45.39:731][ 23]LogAssetRegistry: Asset discovery search completed in 16.9107 seconds
[2015.08.29-02.45.55:286][100]LogEditorViewport: Clicking on Actor (LMB): StaticMeshActor (Cave)
[2015.08.29-02.45.58:771][302]LogD3D11RHI: InitD3DDevice
[2015.08.29-02.46.05:096][718]LogD3D11RHI: InitD3DDevice
[2015.08.29-02.46.05:488][727]Cmd: TRANSACTION UNDO
[2015.08.29-02.46.05:488][727]LogEditorTransaction: Undo Move Actors
[2015.08.29-02.46.05:493][727]LogD3D11RHI: InitD3DDevice
[2015.08.29-02.46.10:151][ 25]Cmd: TRANSACTION UNDO
[2015.08.29-02.46.10:151][ 25]LogEditorTransaction: Undo Move Actors
[2015.08.29-02.46.10:156][ 25]LogD3D11RHI: InitD3DDevice
[2015.08.29-02.46.15:387][315]LogTexture:Display: Building textures: Texture2D_2 (G8)
[2015.08.29-02.46.17:909][483]LogD3D11RHI: InitD3DDevice
[2015.08.29-02.46.21:650][683]LogD3D11RHI: InitD3DDevice
[2015.08.29-02.46.26:408][  0]LogD3D11RHI: InitD3DDevice
[2015.08.29-02.46.26:455][  0]Cmd: OBJ SAVEPACKAGE PACKAGE="/Game/Scene/NewCave" FILE="../../../../../../../Storage/Documents/SourceTRee/Content/Scene/NewCave.umap" SILENT=true AUTOSAVING=false KEEPDIRTY=false
[2015.08.29-02.46.26:457][  0]LogActorComponent: UnregisterComponent: (/Engine/Transient.CharMoveComp) Not registered. Aborting.
[2015.08.29-02.46.27:589][  0]LogTexture:Display: Building textures: Texture2D_3 (BGRA8)
[2015.08.29-02.46.28:270][  0]LogSavePackage: Save=695.435242ms
[2015.08.29-02.46.28:270][  0]LogSavePackage: Moving '../../../../../../../Storage/Documents/SourceTRee/Saved/NewCaveF06F1CA64F5C5D3BC70DC184A393B039.tmp' to '../../../../../../../Storage/Documents/SourceTRee/Content/Scene/NewCave.umap'
[2015.08.29-02.46.49:335][459]LogD3D11RHI: InitD3DDevice
[2015.08.29-02.47.23:067][770]LogD3D11RHI: InitD3DDevice
[2015.08.29-02.47.25:369][894]LogD3D11RHI: InitD3DDevice
[2015.08.29-02.47.26:384][894]LogD3D11RHI: InitD3DDevice
[2015.08.29-02.47.26:614][894]Cmd: OBJ SAVEPACKAGE PACKAGE="/Game/Scene/NewCave" FILE="../../../../../../../Storage/Documents/SourceTRee/Content/Scene/NewCave.umap" SILENT=true AUTOSAVING=false KEEPDIRTY=false
[2015.08.29-02.47.26:785][894]LogTexture:Display: Building textures: Texture2D_3 (BGRA8)
[2015.08.29-02.47.27:373][894]LogSavePackage: Save=688.822021ms
[2015.08.29-02.47.27:373][894]LogSavePackage: Moving '../../../../../../../Storage/Documents/SourceTRee/Saved/NewCaveC43DE37C47938368E42F058648D6979C.tmp' to '../../../../../../../Storage/Documents/SourceTRee/Content/Scene/NewCave.umap'
[2015.08.29-02.47.27:456][894]LogFileHelpers: Saving map 'NewCave' took 1.039
[2015.08.29-02.47.27:753][918]LogD3D11RHI: InitD3DDevice
[2015.08.29-02.47.27:787][918]Cmd: OBJ SAVEPACKAGE PACKAGE="/Game/Scene/NewCave" FILE="../../../../../../../Storage/Documents/SourceTRee/Content/Scene/NewCave.umap" SILENT=true AUTOSAVING=false KEEPDIRTY=false
[2015.08.29-02.47.28:526][918]LogSavePackage: Save=667.190186ms
[2015.08.29-02.47.28:526][918]LogSavePackage: Moving '../../../../../../../Storage/Documents/SourceTRee/Saved/NewCave1D573CBA45F71A4338B56BA38A2BF26C.tmp' to '../../../../../../../Storage/Documents/SourceTRee/Content/Scene/NewCave.umap'
[2015.08.29-02.48.13:261][586]LogD3D11RHI: InitD3DDevice
[2015.08.29-02.48.15:686][704]LogD3D11RHI: InitD3DDevice
[2015.08.29-02.48.21:836][ 27]LogD3D11RHI: InitD3DDevice
[2015.08.29-02.48.26:833][311]LogEditorViewport: Clicking on Actor (LMB): StaticMeshActor (Cave)
[2015.08.29-02.48.30:875][519]LogD3D11RHI: InitD3DDevice
[2015.08.29-02.48.30:948][519]LogD3D11RHI: InitD3DDevice
[2015.08.29-02.48.34:464][699]LogD3D11RHI: InitD3DDevice
[2015.08.29-02.48.37:127][869]LogD3D11RHI: InitD3DDevice
[2015.08.29-02.48.37:177][869]Cmd: OBJ SAVEPACKAGE PACKAGE="/Game/Models/Cave" FILE="../../../../../../../Storage/Documents/SourceTRee/Content/Models/Cave.uasset" SILENT=true
[2015.08.29-02.48.37:214][869]LogSavePackage: Save=11.188224ms
[2015.08.29-02.48.37:214][869]LogSavePackage: Moving '../../../../../../../Storage/Documents/SourceTRee/Saved/Cave7FC7DDC04916834975FB86AAC4442EC4.tmp' to '../../../../../../../Storage/Documents/SourceTRee/Content/Models/Cave.uasset'
[2015.08.29-02.48.42:539][204]LogEditorViewport: Clicking on Actor (LMB): StaticMeshActor (Cave)
[2015.08.29-02.48.44:550][332]LogD3D11RHI: InitD3DDevice
[2015.08.29-02.48.53:992][867]LogEditorViewport: Clicking Background
[2015.08.29-02.49.09:436][866]LogEditorViewport: Clicking on Actor (LMB): StaticMeshActor (Cave)
[2015.08.29-02.49.20:196][605]LogD3D11RHI: InitD3DDevice
[2015.08.29-02.49.21:049][643]LogEditorViewport: Clicking Background
[2015.08.29-02.49.55:980][770]LogD3D11RHI: InitD3DDevice
[2015.08.29-02.49.58:390][887]LogCrashTracker: 


