Log file open, 07/22/15 23:50:31
LogInit:Display: Running engine for game: GodKiller
LogInit: Version: 4.7.6-2513093+++depot+UE4-Releases+4.7
LogInit: API Version: 2455222
LogInit: Compiled (64-bit): Apr 15 2015 12:09:54
LogInit: Compiled with Visual C++: 18.00.21005.01
LogInit: Build Configuration: Development
LogInit: Branch Name: ++depot+UE4-Releases+4.7
LogInit: Command line:  
LogInit: Base directory: C:/Program Files/Epic Games/4.7/Engine/Binaries/Win64/
LogInit: Rocket: 1
[2015.07.23-06.50.31:893][  0]LogTaskGraph: Started task graph with 3 named threads and 4 total threads.
[2015.07.23-06.50.31:958][  0]LogOnline:Warning: No default platform service specified for OnlineSubsystem
[2015.07.23-06.50.32:242][  0]LogInit: Presizing for 0 objects not considered by GC, pre-allocating 0 bytes.
[2015.07.23-06.50.32:521][  0]LogInit: Object subsystem initialized
[2015.07.23-06.50.32:651][  0]LogConsoleResponse:Warning: Skipping Unknown console variable: 'TranslucentSortAxis = (X=0.000000,Y=-1.000000,Z=0.000000)'
[2015.07.23-06.50.32:652][  0]LogConsoleResponse:Warning:   Found in ini file 'C:/Users/Samantha/Desktop/God-Killer/Saved/Config/Windows/Engine.ini', in section '[/Script/Engine.RendererSettings]'
[2015.07.23-06.50.32:652][  0]LogConsoleResponse:Warning: Skipping Unknown console variable: 'UIScaleRule = ShortestSide'
[2015.07.23-06.50.32:652][  0]LogConsoleResponse:Warning:   Found in ini file 'C:/Users/Samantha/Desktop/God-Killer/Saved/Config/Windows/Engine.ini', in section '[/Script/Engine.RendererSettings]'
[2015.07.23-06.50.32:652][  0]LogConsoleResponse:Warning: Skipping Unknown console variable: 'UIScaleCurve = (EditorCurveData=(Keys=),ExternalCurve=None)'
[2015.07.23-06.50.32:652][  0]LogConsoleResponse:Warning:   Found in ini file 'C:/Users/Samantha/Desktop/God-Killer/Saved/Config/Windows/Engine.ini', in section '[/Script/Engine.RendererSettings]'
[2015.07.23-06.50.32:714][  0]LogInit: Selected Device Profile: [Windows]
[2015.07.23-06.50.32:714][  0]LogInit: Applying CVar settings loaded from the selected device profile: [Windows]
[2015.07.23-06.50.32:865][  0]LogInit: Computer: SAMANTHAPC
[2015.07.23-06.50.32:865][  0]LogInit: User: Samantha
[2015.07.23-06.50.32:865][  0]LogInit: CPU Page size=4096, Cores=2
[2015.07.23-06.50.32:865][  0]LogInit: High frequency timer resolution =2.240903 MHz
[2015.07.23-06.50.32:866][  0]LogMemory: Memory total: Physical=5.9GB (6GB approx) Virtual=131072.0GB
[2015.07.23-06.50.32:866][  0]LogMemory: Platform Memory Stats for Windows
[2015.07.23-06.50.32:867][  0]LogMemory: Process Physical Memory: 46.22 MB used, 46.22 MB peak
[2015.07.23-06.50.32:867][  0]LogMemory: Process Virtual Memory: 28.42 MB used, 28.42 MB peak
[2015.07.23-06.50.32:867][  0]LogMemory: Physical Memory: 2160.80 MB used, 6027.63 MB total
[2015.07.23-06.50.32:867][  0]LogMemory: Virtual Memory: 293.85 MB used, 134217728.00 MB total
[2015.07.23-06.50.33:004][  0]LogD3D11RHI: Found D3D11 adapter 0: Intel(R) HD Graphics Family (Feature Level 11_0)
[2015.07.23-06.50.33:004][  0]LogD3D11RHI: Adapter has 32MB of dedicated video memory, 0MB of dedicated system memory, and 1760MB of shared system memory, 1 output[s]
[2015.07.23-06.50.33:022][  0]LogD3D11RHI: Found D3D11 adapter 1: Microsoft Basic Render Driver (Feature Level 11_0)
[2015.07.23-06.50.33:022][  0]LogD3D11RHI: Adapter has 0MB of dedicated video memory, 0MB of dedicated system memory, and 256MB of shared system memory, 0 output[s]
[2015.07.23-06.50.33:022][  0]LogD3D11RHI: Chosen D3D11 Adapter Id = 0
[2015.07.23-06.50.33:038][  0]LogRHI: Texture pool is 638 MB (70% of 912 MB)
[2015.07.23-06.50.33:055][  0]LogD3D11RHI: Async texture creation enabled
[2015.07.23-06.50.36:019][  0]LogTextLocalizationManager: The requested culture ('en_US') has no localization data; parent culture's ('en') localization data will be used.
[2015.07.23-06.50.36:401][  0]LogTextLocalizationManager:Warning: Loading localization resources contain conflicting entries for (Namespace:UICommands, Key:Save_ToolTip):
Resource: (C:/Program Files/Epic Games/4.7/Engine/Content/Localization/Editor/en/Editor.locres) Hash: (-29098895) String: (Saves the current level to disk)
Resource: (C:/Program Files/Epic Games/4.7/Engine/Content/Localization/Engine/en/Engine.locres) Hash: (-1280300587) String: (Save selected data to vlog file)
[2015.07.23-06.50.36:402][  0]LogTextLocalizationManager:Warning: Loading localization resources contain conflicting entries for (Namespace:ContentBrowser, Key:ImportAssetToolTip):
Resource: (C:/Program Files/Epic Games/4.7/Engine/Content/Localization/Editor/en/Editor.locres) Hash: (-630476809) String: (Import to {0}...)
Resource: (C:/Program Files/Epic Games/4.7/Engine/Content/Localization/Editor/en/Editor.locres) Hash: (1271782899) String: (Imports an asset from file to this folder.)
[2015.07.23-06.50.36:771][  0]LogContentStreaming: Texture pool size is 0.000000MB
[2015.07.23-06.50.54:033][  0]LogTargetPlatformManager:Display: Building Assets For Windows
[2015.07.23-06.50.57:501][  0]LogTargetPlatformManager:Display: Building Assets For Windows
[2015.07.23-06.50.57:850][  0]LogDerivedDataCache:Display: Max Cache Size: 512 MB
[2015.07.23-06.50.57:851][  0]LogDerivedDataCache:Display: Starting with empty Boot cache
[2015.07.23-06.50.57:851][  0]LogDerivedDataCache: FDerivedDataBackendGraph:  Pak pak cache file ../../../../../../Users/Samantha/Desktop/God-Killer/DerivedDataCache/DDC.ddp not found, will not use a pak cache.
[2015.07.23-06.50.57:851][  0]LogDerivedDataCache: Unable to find inner node Pak for hierarchical cache Hierarchy.
[2015.07.23-06.50.58:556][  0]LogDerivedDataCache:Display: Pak cache opened for reading ../../../Engine/DerivedDataCache/Compressed.ddp.
[2015.07.23-06.50.58:615][  0]LogDerivedDataCache: Using Local data cache path C:/Users/Samantha/AppData/Local/UnrealEngine/Common/DerivedDataCache: Writable
[2015.07.23-06.51.13:721][  0]LogMeshUtilities: No automatic mesh reduction module available
[2015.07.23-06.51.13:721][  0]LogMeshUtilities: No automatic mesh merging module available
[2015.07.23-06.51.20:430][  0]LogInit: WinSock: version 1.1 (2.2), MaxSocks=32767, MaxUdp=65467
[2015.07.23-06.51.25:484][  0]LogModuleManager:Warning: ModuleManager: Unable to load module 'C:/Program Files/Epic Games/4.7/Engine/Binaries/Win64/UE4Editor-XAudio2.dll' because the file couldn't be loaded by the OS.
[2015.07.23-06.51.25:980][  0]LogSlate:Warning: Failed to load font data from '../../../Engine/Content/Slate/Fonts/Roboto-Italic.ttf'
[2015.07.23-06.51.54:552][  0]UdpMessaging: Initializing bridge on interface 0.0.0.0:0 to multicast group 230.0.0.1:6666.
[2015.07.23-06.51.56:388][  0]SourceControl: Info Source control is disabled
[2015.07.23-06.51.56:401][  0]SourceControl: Info Source control is disabled
[2015.07.23-06.51.56:401][  0]SourceControl: Info Source control is disabled
[2015.07.23-06.51.56:401][  0]LogSourceControl: RunCommandInternalRaw: 'git version'
[2015.07.23-06.51.56:401][  0]LogSourceControl: RunCommandInternalRaw: ExecProcess ReturnCode=2 OutResults=''
[2015.07.23-06.51.56:448][  0]SourceControl: Info Source control is disabled
[2015.07.23-06.51.57:946][  0]LogObj: 24232 objects as part of root set at end of initial load.
[2015.07.23-06.51.57:946][  0]LogUObjectAllocator: 5137168 out of 0 bytes used by permanent object pool.
[2015.07.23-06.51.58:841][  0]LogEngine: Initializing Engine...
[2015.07.23-06.52.04:517][  0]LogModuleManager:Warning: ModuleManager: Unable to load module 'C:/Program Files/Epic Games/4.7/Engine/Binaries/Win64/UE4Editor-XAudio2.dll' because the file couldn't be loaded by the OS.
[2015.07.23-06.52.05:045][  0]LogAIModule: Creating AISystem for world NewWorld
[2015.07.23-06.52.05:156][  0]LogDerivedDataCache: Saved boot cache 0.04s 39MB C:/Users/Samantha/AppData/Local/UnrealEngine/4.7/DerivedDataCache/Boot.ddc.
[2015.07.23-06.52.05:173][  0]LogInit: Texture streaming: Enabled
[2015.07.23-06.52.06:254][  0]LogAnalytics: Creating configured Analytics provider AnalyticsET
[2015.07.23-06.52.06:254][  0]LogAnalytics: ET APIKey = Rocket.Release. APIServer = http://et2.epicgames.com/ET2/. AppVersion = 4.7.6-2513093+++depot+UE4-Releases+4.7
[2015.07.23-06.52.06:255][  0]LogAnalytics: ET APIKey = Rocket.Release. DataRouterUploadURL = https://datarouter-public-service-gamedev.ol.epicgames.net/datarouter/api/v1/public/data. AppVersion = 4.7.6-2513093+++depot+UE4-Releases+4.7
[2015.07.23-06.52.06:255][  0]LogAnalytics: SetUserId 46872bea408cfcc0100ac385d2b5ce07|e22a3db169b04f708165eaff958a9646|097015b1-a59a-4201-b460-717027cc9fe8
[2015.07.23-06.52.06:288][  0]LogAnalytics: AnalyticsET::StartSession [Rocket.Release]
[2015.07.23-06.52.06:540][  0]LogInit: Transaction tracking system initialized
[2015.07.23-06.52.09:206][  0]BlueprintLog: New page: Editor Load
[2015.07.23-06.52.09:421][  0]LogAssetRegistry: FAssetRegistry took 0.0199 seconds to start up
[2015.07.23-06.52.09:423][  0]LogDirectoryWatcher:Warning: Failed to begin reading directory changes for ../../../Engine/Plugins/Experimental/CharacterAI/Content/. Error: 0
[2015.07.23-06.52.14:129][  0]LogTargetPlatformManager:Display: Building Assets For Windows
[2015.07.23-06.52.15:631][  0]LogTargetPlatformManager:Display: Building Assets For Windows
[2015.07.23-06.52.18:429][  0]LogSlate:Warning: Failed to load font data from '../../../Engine/Content/Editor/Slate/Fonts/Roboto-Regular.ttf'
[2015.07.23-06.52.18:431][  0]LogSlate:Warning: Failed to load font data from '../../../Engine/Content/Editor/Slate/Fonts/Roboto-Bold.ttf'
[2015.07.23-06.52.18:661][  0]LogConsoleResponse:Display: 
[2015.07.23-06.52.22:151][  0]LogCook:Display: Done creating registry. It took  0.00s.
[2015.07.23-06.52.25:036][  0]SourceControl: Info Source control is disabled
[2015.07.23-06.52.25:233][  0]Cmd: MAP LOAD FILE="../../../../../../Users/Samantha/Desktop/God-Killer/Content/Scene/NewCave.umap" TEMPLATE=0 SHOWPROGRESS=1 FEATURELEVEL=3
[2015.07.23-06.52.25:234][  0]LightingResults: New page: Lighting Build
[2015.07.23-06.52.25:488][  0]MapCheck: New page: Map Check
[2015.07.23-06.52.25:488][  0]LightingResults: New page: Lighting Build
[2015.07.23-06.52.25:981][  0]LogParticles: Destroying 0 GPU particle simulations for FXSystem 0x000000C51171FB00
[2015.07.23-06.52.46:249][  0]LogAudioDerivedData:Display: Building compressed audio format OGG wave Thunder_and_Lightning_3-01...
[2015.07.23-06.52.47:759][  0]LogTexture:Display: Building textures: Vampire_diffuse (AutoDXT)
[2015.07.23-06.53.11:235][  0]LogTexture:Display: Building textures: Vampire_emission (AutoDXT)
[2015.07.23-06.53.11:882][  0]LogTexture:Display: Building textures: Vampire_masks (AutoDXT)
[2015.07.23-06.53.23:320][  0]LogTexture:Display: Building textures: Vampire_normal (BC5)
[2015.07.23-06.53.26:144][  0]LogMaterial: Missing cached shader map for material Vamp_alpha_Mat, compiling. 
[2015.07.23-06.53.26:472][  0]LogMaterial: Missing cached shader map for material Vamp_Mat, compiling. 
[2015.07.23-06.53.26:688][  0]LogTexture:Display: Building textures: sword3 (AutoDXT)
[2015.07.23-06.53.29:987][  0]LogTexture:Display: Building textures: sword3_normal (BC5)
[2015.07.23-06.53.30:425][  0]LogMaterial: Missing cached shader map for material sword_mat, compiling. 
[2015.07.23-06.53.30:475][  0]LogStaticMesh: Building static mesh sword...
[2015.07.23-06.53.30:538][  0]LogStaticMesh: Built static mesh [63.059402ms] /Game/Models/sword/sword.sword
[2015.07.23-06.53.30:699][  0]LogMaterial: Missing cached shader map for material GnawmersColor, compiling. 
[2015.07.23-06.53.32:126][  0]LogTexture:Display: Building textures: Wall_dDo02_d (AutoDXT)
[2015.07.23-06.55.05:316][  0]LogTexture:Display: Building textures: Wall_dDo02_n (BC5)
[2015.07.23-06.55.19:520][  0]LogTexture:Display: Building textures: Wall_dDo02_s (AutoDXT)
[2015.07.23-06.56.31:739][  0]LogMaterial: Missing cached shader map for material DoorMaty, compiling. 
[2015.07.23-06.56.31:755][  0]LogStaticMesh: Building static mesh Door...
[2015.07.23-06.56.31:831][  0]LogStaticMesh: Built static mesh [75.545441ms] /Game/Models/Door/Door.Door
[2015.07.23-06.56.31:890][  0]LogTexture:Display: Building textures: DragonHeads (AutoDXT)
[2015.07.23-06.56.32:168][  0]LogTexture:Display: Building textures: DragonHeads_alpha (AutoDXT)
[2015.07.23-06.56.32:354][  0]LogMaterial: Missing cached shader map for material Dragon_Heads, compiling. 
[2015.07.23-06.56.32:463][  0]LogMaterial: Missing cached shader map for material Mat_Sparks, compiling. 
[2015.07.23-06.56.32:499][  0]LogTexture:Display: Building textures: GodKillerGui_alpha (AutoDXT)
[2015.07.23-06.56.32:676][  0]LogTexture:Display: Building textures: GodKillerGui_bar (AutoDXT)
[2015.07.23-06.56.32:910][  0]LogMaterial: Missing cached shader map for material Gui_Bar, compiling. 
[2015.07.23-06.56.32:976][  0]LogTexture:Display: Building textures: BloodVanish (AutoDXT)
[2015.07.23-06.56.33:497][  0]LogTexture:Display: Building textures: BloodVanishALPHA (AutoDXT)
[2015.07.23-06.56.33:930][  0]LogMaterial: Missing cached shader map for material Death, compiling. 
[2015.07.23-06.56.33:954][  0]LogMaterial: Missing cached shader map for material Mat_Aura, compiling. 
[2015.07.23-06.56.33:988][  0]LogTexture:Display: Building textures: ThumbnailTexture (DXT1)
[2015.07.23-06.56.34:086][  0]LogTexture:Display: Building textures: ThumbnailTexture (DXT1)
[2015.07.23-06.56.34:192][  0]LogMaterial: Missing cached shader map for material Mat_Lightning, compiling. 
[2015.07.23-06.56.34:212][  0]LogTexture:Display: Building textures: ThumbnailTexture (DXT1)
[2015.07.23-06.56.34:359][  0]LogTexture:Display: Building textures: ThumbnailTexture (DXT1)
[2015.07.23-06.56.34:558][  0]LogMaterial: Missing cached shader map for material frostedglassLight, compiling. 
[2015.07.23-06.56.34:563][  0]LogStaticMesh: Building static mesh skull...
[2015.07.23-06.56.36:295][  0]LogStaticMesh: Built static mesh [1732.118652ms] /Game/Models/Skeleton/skull.skull
[2015.07.23-06.56.36:597][  0]LogTexture:Display: Building textures: potText (AutoDXT)
[2015.07.23-06.56.42:879][  0]LogMaterial: Missing cached shader map for material PotMat, compiling. 
[2015.07.23-06.56.42:930][  0]LogStaticMesh: Building static mesh Flower_pot_02...
[2015.07.23-06.56.42:971][  0]LogStaticMesh: Built static mesh [41.232040ms] /Game/Models/Env/Flower_pot_02.Flower_pot_02
[2015.07.23-06.56.42:977][  0]LogStaticMesh: Building static mesh Pot_01_2...
[2015.07.23-06.56.43:079][  0]LogStaticMesh: Built static mesh [102.559547ms] /Game/Models/Env/Pot_01_2.Pot_01_2
[2015.07.23-06.56.43:096][  0]LogStaticMesh: Building static mesh Pot_02_2...
[2015.07.23-06.56.43:327][  0]LogStaticMesh: Built static mesh [231.739166ms] /Game/Models/Env/Pot_02_2.Pot_02_2
[2015.07.23-06.56.43:361][  0]LogStaticMesh: Building static mesh Pot_03...
[2015.07.23-06.56.43:482][  0]LogStaticMesh: Built static mesh [120.921341ms] /Game/Models/Env/Pot_03.Pot_03
[2015.07.23-06.56.43:505][  0]LogStaticMesh: Building static mesh Pot_04...
[2015.07.23-06.56.43:614][  0]LogStaticMesh: Built static mesh [108.815506ms] /Game/Models/Env/Pot_04.Pot_04
[2015.07.23-06.56.43:625][  0]LogStaticMesh: Building static mesh Pot_05...
[2015.07.23-06.56.43:820][  0]LogStaticMesh: Built static mesh [194.067307ms] /Game/Models/Env/Pot_05.Pot_05
[2015.07.23-06.56.43:851][  0]LogStaticMesh: Building static mesh Pot_06...
[2015.07.23-06.56.44:046][  0]LogStaticMesh: Built static mesh [196.010269ms] /Game/Models/Env/Pot_06.Pot_06
[2015.07.23-06.56.46:287][  0]LogTexture:Display: Building textures: CaveTexture (AutoDXT)
[2015.07.23-06.58.22:081][  0]LogTexture:Display: Building textures: stonebone (AutoDXT)
[2015.07.23-06.58.48:506][  0]LogTexture:Display: Building textures: stonebone_NRML (BC5)
[2015.07.23-06.58.51:686][  0]LogTexture:Display: Building textures: stonebone_O (AutoDXT)
[2015.07.23-06.59.03:211][  0]LogMaterial: Missing cached shader map for material Ground, compiling. 
[2015.07.23-06.59.04:471][  0]LogTexture:Display: Building textures: StonePillar (AutoDXT)
[2015.07.23-06.59.30:654][  0]LogTexture:Display: Building textures: StonePillar_ao (AutoDXT)
[2015.07.23-06.59.46:507][  0]LogTexture:Display: Building textures: StonePillar_Nrml (BC5)
[2015.07.23-06.59.49:219][  0]LogMaterial: Missing cached shader map for material OtherStone, compiling. 
[2015.07.23-06.59.49:248][  0]LogMaterial: Missing cached shader map for material Rock2, compiling. 
[2015.07.23-06.59.51:679][  0]LogTexture:Display: Building textures: Altar_dDo_d (AutoDXT)
[2015.07.23-07.01.39:985][  0]LogTexture:Display: Building textures: Altar_dDo_n (BC5)
[2015.07.23-07.01.54:561][  0]LogTexture:Display: Building textures: Altar_dDo_s (AutoDXT)
[2015.07.23-07.03.24:025][  0]LogMaterial: Missing cached shader map for material Altar_dDo_d_Mat, compiling. 
[2015.07.23-07.03.24:115][  0]LogTexture:Display: Building textures: T_bronze_N (BC5)
[2015.07.23-07.03.25:987][  0]LogTexture:Display: Building textures: Cloud (BC5)
[2015.07.23-07.03.36:208][  0]LogMaterial: Missing cached shader map for material Water, compiling. 
[2015.07.23-07.03.36:424][  0]LogTexture:Display: Building textures: DragonBackground (BGRA8)
[2015.07.23-07.03.36:637][  0]LogTexture:Display: Building textures: Mousee (BGRA8)
[2015.07.23-07.03.36:711][  0]LogStaticMesh: Building static mesh FloorTile...
[2015.07.23-07.03.36:772][  0]LogStaticMesh: Built static mesh [61.592136ms] /Game/Models/Tile_Floor/FloorTile.FloorTile
[2015.07.23-07.03.36:889][  0]LogStaticMesh: Building static mesh Altar...
[2015.07.23-07.03.36:933][  0]LogStaticMesh: Built static mesh [44.873428ms] /Game/Models/Door/Altar.Altar
[2015.07.23-07.03.36:996][  0]LogTexture:Display: Building textures: bark (AutoDXT)
[2015.07.23-07.03.38:730][  0]LogTexture:Display: Building textures: bark_N (BC5)
[2015.07.23-07.03.38:903][  0]LogMaterial: Missing cached shader map for material Mat_Bark, compiling. 
[2015.07.23-07.03.38:927][  0]LogStaticMesh: Building static mesh Branch_05...
[2015.07.23-07.03.38:978][  0]LogStaticMesh: Built static mesh [51.580101ms] /Game/Models/Env/Branch_05.Branch_05
[2015.07.23-07.03.39:117][  0]LogTexture:Display: Building textures: T_Chair_D (AutoDXT)
[2015.07.23-07.03.40:086][  0]LogTexture:Display: Building textures: T_Chair_N (BC5)
[2015.07.23-07.03.40:213][  0]LogMaterial: Missing cached shader map for material Mat_Chair, compiling. 
[2015.07.23-07.03.40:236][  0]LogStaticMesh: Building static mesh Chair...
[2015.07.23-07.03.40:525][  0]LogStaticMesh: Built static mesh [289.253937ms] /Game/Models/Env/Chair.Chair
[2015.07.23-07.03.40:556][  0]LogStaticMesh: Building static mesh LADDER...
[2015.07.23-07.03.40:826][  0]LogStaticMesh: Built static mesh [268.835815ms] /Game/Models/Env/LADDER.LADDER
[2015.07.23-07.03.40:954][  0]LogTexture:Display: Building textures: T_burlap (AutoDXT)
[2015.07.23-07.03.42:636][  0]LogMaterial: Missing cached shader map for material Mat_Burlap, compiling. 
[2015.07.23-07.03.42:659][  0]LogStaticMesh: Building static mesh Sack_03...
[2015.07.23-07.03.42:753][  0]LogStaticMesh: Built static mesh [94.996971ms] /Game/Models/Env/Sack_03.Sack_03
[2015.07.23-07.03.43:351][  0]LogTexture:Display: Building textures: ScalfoldingD (AutoDXT)
[2015.07.23-07.04.10:367][  0]LogTexture:Display: Building textures: ScalfoldingNRML (BC5)
[2015.07.23-07.04.13:481][  0]LogTexture:Display: Building textures: ScalfoldingS (AutoDXT)
[2015.07.23-07.04.37:252][  0]LogMaterial: Missing cached shader map for material Scalfolding, compiling. 
[2015.07.23-07.04.37:279][  0]LogStaticMesh: Building static mesh ScalfoldingPlatform...
[2015.07.23-07.04.37:321][  0]LogStaticMesh: Built static mesh [42.439140ms] /Game/Models/Env/ScalfoldingPlatform.ScalfoldingPlatform
[2015.07.23-07.04.37:326][  0]LogStaticMesh: Building static mesh ScalfoldingSupport...
[2015.07.23-07.04.37:440][  0]LogStaticMesh: Built static mesh [113.568947ms] /Game/Models/Env/ScalfoldingSupport.ScalfoldingSupport
[2015.07.23-07.04.37:500][  0]LogTexture:Display: Building textures: T_Table_D (AutoDXT)
[2015.07.23-07.04.38:775][  0]LogTexture:Display: Building textures: T_Table_N (BC5)
[2015.07.23-07.04.38:946][  0]LogMaterial: Missing cached shader map for material Mat_Table, compiling. 
[2015.07.23-07.04.38:969][  0]LogStaticMesh: Building static mesh Table...
[2015.07.23-07.04.39:012][  0]LogStaticMesh: Built static mesh [43.665432ms] /Game/Models/Env/Table.Table
[2015.07.23-07.04.39:016][  0]LogStaticMesh: Building static mesh Tree_root_01...
[2015.07.23-07.04.39:067][  0]LogStaticMesh: Built static mesh [50.967846ms] /Game/Models/Env/Tree_root_01.Tree_root_01
[2015.07.23-07.04.39:073][  0]LogStaticMesh: Building static mesh Tree_sapling...
[2015.07.23-07.04.39:229][  0]LogStaticMesh: Built static mesh [155.995148ms] /Game/Models/Env/Tree_sapling.Tree_sapling
[2015.07.23-07.04.39:380][  0]LogTexture:Display: Building textures: T_Wagon_D (AutoDXT)
[2015.07.23-07.04.44:396][  0]LogTexture:Display: Building textures: T_Wagon_N (BC5)
[2015.07.23-07.04.45:068][  0]LogMaterial: Missing cached shader map for material Mat_Wagon, compiling. 
[2015.07.23-07.04.45:090][  0]LogStaticMesh: Building static mesh wagon...
[2015.07.23-07.04.46:217][  0]LogStaticMesh: Built static mesh [1126.383423ms] /Game/Models/Env/wagon.wagon
[2015.07.23-07.04.46:278][  0]LogMaterial: Missing cached shader map for material StonePillarMat, compiling. 
[2015.07.23-07.04.46:305][  0]LogStaticMesh: Building static mesh Firepit_Tall...
[2015.07.23-07.04.46:452][  0]LogStaticMesh: Built static mesh [147.421814ms] /Game/Models/Lantern/Firepit_Tall.Firepit_Tall
[2015.07.23-07.04.46:610][  0]LogTexture:Display: Building textures: glass (AutoDXT)
[2015.07.23-07.04.48:115][  0]LogTexture:Display: Building textures: Lanturn02__dDo05_d (AutoDXT)
[2015.07.23-07.04.48:738][  0]LogTexture:Display: Building textures: Lanturn02__dDo05_n (BC5)
[2015.07.23-07.04.49:227][  0]LogTexture:Display: Building textures: Lanturn02__dDo05_s (AutoDXT)
[2015.07.23-07.04.50:916][  0]LogTexture:Display: Building textures: metal (AutoDXT)
[2015.07.23-07.04.52:749][  0]LogMaterial: Missing cached shader map for material Lanturn_mat, compiling. 
[2015.07.23-07.04.52:773][  0]LogStaticMesh: Building static mesh Lanturn02...
[2015.07.23-07.04.53:037][  0]LogStaticMesh: Built static mesh [263.952972ms] /Game/Models/Lantern/Lanturn02.Lanturn02
[2015.07.23-07.04.53:089][  0]LogMaterial: Missing cached shader map for material Cave, compiling. 
[2015.07.23-07.04.53:157][  0]LogStaticMesh: Building static mesh newcave004...
[2015.07.23-07.04.55:990][  0]LogStaticMesh: Built static mesh [2834.041504ms] /Game/Models/newcave004.newcave004
[2015.07.23-07.04.56:727][  0]LogStaticMesh: Building static mesh Pillar...
[2015.07.23-07.05.00:080][  0]LogStaticMesh: Built static mesh [3353.562012ms] /Game/Models/Pillar/Pillar.Pillar
[2015.07.23-07.05.00:422][  0]LogStaticMesh: Building static mesh Rock001...
[2015.07.23-07.05.00:592][  0]LogStaticMesh: Built static mesh [170.661560ms] /Game/Models/Rocks/Rock001.Rock001
[2015.07.23-07.05.00:607][  0]LogStaticMesh: Building static mesh Rock002...
[2015.07.23-07.05.00:685][  0]LogStaticMesh: Built static mesh [79.186829ms] /Game/Models/Rocks/Rock002.Rock002
[2015.07.23-07.05.00:700][  0]LogStaticMesh: Building static mesh rock003...
[2015.07.23-07.05.00:915][  0]LogStaticMesh: Built static mesh [214.501480ms] /Game/Models/Rocks/rock003.rock003
[2015.07.23-07.05.01:524][  0]LogTexture:Display: Building textures: Floortile_dDo02_d (AutoDXT)
[2015.07.23-07.05.29:340][  0]LogTexture:Display: Building textures: Floortile_dDo02_n (BC5)
[2015.07.23-07.05.33:376][  0]LogTexture:Display: Building textures: Floortile_dDo02_s (AutoDXT)
[2015.07.23-07.06.00:053][  0]LogMaterial: Missing cached shader map for material Tile, compiling. 
[2015.07.23-07.06.00:078][  0]LogStaticMesh: Building static mesh waterplane...
[2015.07.23-07.06.00:082][  0]LogStaticMesh: Built static mesh [4.549952ms] /Game/Models/waterplane.waterplane
[2015.07.23-07.06.00:083][  0]LogStaticMesh: Building static mesh cuptorchwall...
[2015.07.23-07.06.00:137][  0]LogStaticMesh: Built static mesh [54.252235ms] /Game/Models/torches/cuptorchwall.cuptorchwall
[2015.07.23-07.06.00:491][  0]LogTexture:Display: Building textures: Mat_Fire_SubUv (AutoDXT)
[2015.07.23-07.06.09:026][  0]LogMaterial: Missing cached shader map for material Mat_Flame, compiling. 
[2015.07.23-07.06.09:421][  0]LogTexture:Display: Building textures: Mat_Fire_Blue_SubUv (AutoDXT)
[2015.07.23-07.06.18:495][  0]LogTexture:Display: Building textures: ThumbnailTexture (DXT1)
[2015.07.23-07.06.18:711][  0]LogMaterial: Missing cached shader map for material Mat_Flame_Blue, compiling. 
[2015.07.23-07.06.18:780][  0]LogTexture:Display: Building textures: ThumbnailTexture (DXT1)
[2015.07.23-07.06.19:251][  0]LogTexture:Display: Building textures: Texture2D_3 (BGRA8)
[2015.07.23-07.06.19:306][  0]LogTexture:Display: Building textures: HQ_Lightmap0_1 (AutoDXT)
[2015.07.23-07.06.19:561][  0]LogTexture:Display: Building textures: HQ_Lightmap0_48 (AutoDXT)
[2015.07.23-07.06.19:602][  0]LogTexture:Display: Building textures: HQ_Lightmap0_49 (AutoDXT)
[2015.07.23-07.06.19:639][  0]LogTexture:Display: Building textures: HQ_Lightmap0_50 (AutoDXT)
[2015.07.23-07.06.19:709][  0]LogTexture:Display: Building textures: HQ_Lightmap1_10 (AutoDXT)
[2015.07.23-07.06.19:771][  0]LogTexture:Display: Building textures: HQ_Lightmap1_11 (AutoDXT)
[2015.07.23-07.06.19:839][  0]LogTexture:Display: Building textures: HQ_Lightmap1_12 (AutoDXT)
[2015.07.23-07.06.19:864][  0]LogTexture:Display: Building textures: HQ_Lightmap1_13 (AutoDXT)
[2015.07.23-07.06.20:009][  0]LogTexture:Display: Building textures: HQ_Lightmap1_14 (AutoDXT)
[2015.07.23-07.06.20:071][  0]LogTexture:Display: Building textures: HQ_Lightmap1_15 (AutoDXT)
[2015.07.23-07.06.20:082][  0]LogTexture:Display: Building textures: HQ_Lightmap1_16 (AutoDXT)
[2015.07.23-07.06.20:090][  0]LogTexture:Display: Building textures: HQ_Lightmap1_17 (AutoDXT)
[2015.07.23-07.06.20:110][  0]LogTexture:Display: Building textures: HQ_Lightmap1_18 (AutoDXT)
[2015.07.23-07.06.20:182][  0]LogTexture:Display: Building textures: HQ_Lightmap1_19 (AutoDXT)
[2015.07.23-07.06.20:240][  0]LogTexture:Display: Building textures: HQ_Lightmap1_2 (AutoDXT)
[2015.07.23-07.06.21:119][  0]LogTexture:Display: Building textures: HQ_Lightmap1_20 (AutoDXT)
[2015.07.23-07.06.21:134][  0]LogTexture:Display: Building textures: HQ_Lightmap1_21 (AutoDXT)
[2015.07.23-07.06.21:143][  0]LogTexture:Display: Building textures: HQ_Lightmap1_22 (AutoDXT)
[2015.07.23-07.06.21:163][  0]LogTexture:Display: Building textures: HQ_Lightmap1_23 (AutoDXT)
[2015.07.23-07.06.21:226][  0]LogTexture:Display: Building textures: HQ_Lightmap1_24 (AutoDXT)
[2015.07.23-07.06.21:249][  0]LogTexture:Display: Building textures: HQ_Lightmap1_25 (AutoDXT)
[2015.07.23-07.06.21:260][  0]LogTexture:Display: Building textures: HQ_Lightmap1_26 (AutoDXT)
[2015.07.23-07.06.21:302][  0]LogTexture:Display: Building textures: HQ_Lightmap1_27 (AutoDXT)
[2015.07.23-07.06.21:667][  0]LogTexture:Display: Building textures: HQ_Lightmap1_28 (AutoDXT)
[2015.07.23-07.06.21:704][  0]LogTexture:Display: Building textures: HQ_Lightmap1_29 (AutoDXT)
[2015.07.23-07.06.21:722][  0]LogTexture:Display: Building textures: HQ_Lightmap1_3 (AutoDXT)
[2015.07.23-07.06.22:077][  0]LogTexture:Display: Building textures: HQ_Lightmap1_30 (AutoDXT)
[2015.07.23-07.06.22:097][  0]LogTexture:Display: Building textures: HQ_Lightmap1_31 (AutoDXT)
[2015.07.23-07.06.22:121][  0]LogTexture:Display: Building textures: HQ_Lightmap1_32 (AutoDXT)
[2015.07.23-07.06.22:138][  0]LogTexture:Display: Building textures: HQ_Lightmap1_33 (AutoDXT)
[2015.07.23-07.06.22:159][  0]LogTexture:Display: Building textures: HQ_Lightmap1_34 (AutoDXT)
[2015.07.23-07.06.22:166][  0]LogTexture:Display: Building textures: HQ_Lightmap1_35 (AutoDXT)
[2015.07.23-07.06.22:179][  0]LogTexture:Display: Building textures: HQ_Lightmap1_36 (AutoDXT)
[2015.07.23-07.06.22:193][  0]LogTexture:Display: Building textures: HQ_Lightmap1_37 (AutoDXT)
[2015.07.23-07.06.22:213][  0]LogTexture:Display: Building textures: HQ_Lightmap1_38 (AutoDXT)
[2015.07.23-07.06.22:299][  0]LogTexture:Display: Building textures: HQ_Lightmap1_39 (AutoDXT)
[2015.07.23-07.06.22:360][  0]LogTexture:Display: Building textures: HQ_Lightmap1_4 (AutoDXT)
[2015.07.23-07.06.22:807][  0]LogTexture:Display: Building textures: HQ_Lightmap1_40 (AutoDXT)
[2015.07.23-07.06.22:858][  0]LogTexture:Display: Building textures: HQ_Lightmap1_41 (AutoDXT)
[2015.07.23-07.06.22:908][  0]LogTexture:Display: Building textures: HQ_Lightmap1_42 (AutoDXT)
[2015.07.23-07.06.22:960][  0]LogTexture:Display: Building textures: HQ_Lightmap1_43 (AutoDXT)
[2015.07.23-07.06.23:036][  0]LogTexture:Display: Building textures: HQ_Lightmap1_44 (AutoDXT)
[2015.07.23-07.06.23:127][  0]LogTexture:Display: Building textures: HQ_Lightmap1_45 (AutoDXT)
[2015.07.23-07.06.23:199][  0]LogTexture:Display: Building textures: HQ_Lightmap1_46 (AutoDXT)
[2015.07.23-07.06.23:353][  0]LogTexture:Display: Building textures: HQ_Lightmap1_47 (AutoDXT)
[2015.07.23-07.06.26:326][  0]LogTexture:Display: Building textures: HQ_Lightmap1_5 (AutoDXT)
[2015.07.23-07.06.26:682][  0]LogTexture:Display: Building textures: HQ_Lightmap1_6 (AutoDXT)
[2015.07.23-07.06.27:546][  0]LogTexture:Display: Building textures: HQ_Lightmap1_7 (AutoDXT)
[2015.07.23-07.06.27:614][  0]LogTexture:Display: Building textures: HQ_Lightmap1_8 (AutoDXT)
[2015.07.23-07.06.27:656][  0]LogTexture:Display: Building textures: HQ_Lightmap1_9 (AutoDXT)
[2015.07.23-07.06.27:678][  0]LogTexture:Display: Building textures: LQ_Lightmap_0_1 (DXT1)
[2015.07.23-07.06.27:753][  0]LogTexture:Display: Building textures: LQ_Lightmap_0_48 (DXT1)
[2015.07.23-07.06.27:774][  0]LogTexture:Display: Building textures: LQ_Lightmap_0_49 (DXT1)
[2015.07.23-07.06.27:790][  0]LogTexture:Display: Building textures: LQ_Lightmap_0_50 (DXT1)
[2015.07.23-07.06.27:827][  0]LogTexture:Display: Building textures: LQ_Lightmap_1_10 (DXT1)
[2015.07.23-07.06.27:859][  0]LogTexture:Display: Building textures: LQ_Lightmap_1_11 (DXT1)
[2015.07.23-07.06.27:896][  0]LogTexture:Display: Building textures: LQ_Lightmap_1_12 (DXT1)
[2015.07.23-07.06.27:924][  0]LogTexture:Display: Building textures: LQ_Lightmap_1_13 (DXT1)
[2015.07.23-07.06.27:999][  0]LogTexture:Display: Building textures: LQ_Lightmap_1_14 (DXT1)
[2015.07.23-07.06.28:026][  0]LogTexture:Display: Building textures: LQ_Lightmap_1_15 (DXT1)
[2015.07.23-07.06.28:034][  0]LogTexture:Display: Building textures: LQ_Lightmap_1_16 (DXT1)
[2015.07.23-07.06.28:039][  0]LogTexture:Display: Building textures: LQ_Lightmap_1_17 (DXT1)
[2015.07.23-07.06.28:046][  0]LogTexture:Display: Building textures: LQ_Lightmap_1_18 (DXT1)
[2015.07.23-07.06.28:100][  0]LogTexture:Display: Building textures: LQ_Lightmap_1_19 (DXT1)
[2015.07.23-07.06.28:141][  0]LogTexture:Display: Building textures: LQ_Lightmap_1_2 (DXT1)
[2015.07.23-07.06.28:637][  0]LogTexture:Display: Building textures: LQ_Lightmap_1_20 (DXT1)
[2015.07.23-07.06.28:649][  0]LogTexture:Display: Building textures: LQ_Lightmap_1_21 (DXT1)
[2015.07.23-07.06.28:657][  0]LogTexture:Display: Building textures: LQ_Lightmap_1_22 (DXT1)
[2015.07.23-07.06.28:674][  0]LogTexture:Display: Building textures: LQ_Lightmap_1_23 (DXT1)
[2015.07.23-07.06.28:719][  0]LogTexture:Display: Building textures: LQ_Lightmap_1_24 (DXT1)
[2015.07.23-07.06.28:743][  0]LogTexture:Display: Building textures: LQ_Lightmap_1_25 (DXT1)
[2015.07.23-07.06.28:754][  0]LogTexture:Display: Building textures: LQ_Lightmap_1_26 (DXT1)
[2015.07.23-07.06.28:779][  0]LogTexture:Display: Building textures: LQ_Lightmap_1_27 (DXT1)
[2015.07.23-07.06.29:067][  0]LogTexture:Display: Building textures: LQ_Lightmap_1_28 (DXT1)
[2015.07.23-07.06.29:095][  0]LogTexture:Display: Building textures: LQ_Lightmap_1_29 (DXT1)
[2015.07.23-07.06.29:110][  0]LogTexture:Display: Building textures: LQ_Lightmap_1_3 (DXT1)
[2015.07.23-07.06.29:314][  0]LogTexture:Display: Building textures: LQ_Lightmap_1_30 (DXT1)
[2015.07.23-07.06.29:331][  0]LogTexture:Display: Building textures: LQ_Lightmap_1_31 (DXT1)
[2015.07.23-07.06.29:350][  0]LogTexture:Display: Building textures: LQ_Lightmap_1_32 (DXT1)
[2015.07.23-07.06.29:371][  0]LogTexture:Display: Building textures: LQ_Lightmap_1_33 (DXT1)
[2015.07.23-07.06.29:390][  0]LogTexture:Display: Building textures: LQ_Lightmap_1_34 (DXT1)
[2015.07.23-07.06.29:395][  0]LogTexture:Display: Building textures: LQ_Lightmap_1_35 (DXT1)
[2015.07.23-07.06.29:406][  0]LogTexture:Display: Building textures: LQ_Lightmap_1_36 (DXT1)
[2015.07.23-07.06.29:419][  0]LogTexture:Display: Building textures: LQ_Lightmap_1_37 (DXT1)
[2015.07.23-07.06.29:433][  0]LogTexture:Display: Building textures: LQ_Lightmap_1_38 (DXT1)
[2015.07.23-07.06.29:480][  0]LogTexture:Display: Building textures: LQ_Lightmap_1_39 (DXT1)
[2015.07.23-07.06.29:518][  0]LogTexture:Display: Building textures: LQ_Lightmap_1_4 (DXT1)
[2015.07.23-07.06.29:781][  0]LogTexture:Display: Building textures: LQ_Lightmap_1_40 (DXT1)
[2015.07.23-07.06.29:811][  0]LogTexture:Display: Building textures: LQ_Lightmap_1_41 (DXT1)
[2015.07.23-07.06.29:844][  0]LogTexture:Display: Building textures: LQ_Lightmap_1_42 (DXT1)
[2015.07.23-07.06.29:871][  0]LogTexture:Display: Building textures: LQ_Lightmap_1_43 (DXT1)
[2015.07.23-07.06.29:903][  0]LogTexture:Display: Building textures: LQ_Lightmap_1_44 (DXT1)
[2015.07.23-07.06.29:954][  0]LogTexture:Display: Building textures: LQ_Lightmap_1_45 (DXT1)
[2015.07.23-07.06.29:983][  0]LogTexture:Display: Building textures: LQ_Lightmap_1_46 (DXT1)
[2015.07.23-07.06.30:143][  0]LogTexture:Display: Building textures: LQ_Lightmap_1_47 (DXT1)
[2015.07.23-07.06.31:964][  0]LogTexture:Display: Building textures: LQ_Lightmap_1_5 (DXT1)
[2015.07.23-07.06.32:206][  0]LogTexture:Display: Building textures: LQ_Lightmap_1_6 (DXT1)
[2015.07.23-07.06.32:698][  0]LogTexture:Display: Building textures: LQ_Lightmap_1_7 (DXT1)
[2015.07.23-07.06.32:735][  0]LogTexture:Display: Building textures: LQ_Lightmap_1_8 (DXT1)
[2015.07.23-07.06.32:774][  0]LogTexture:Display: Building textures: LQ_Lightmap_1_9 (DXT1)
[2015.07.23-07.06.34:807][  0]LogEditorServer: Finished looking for orphan Actors (0.000 secs)
[2015.07.23-07.06.34:975][  0]LogAIModule: Creating AISystem for world NewCave
[2015.07.23-07.06.34:977][  0]Cmd: MAP CHECKDEP
[2015.07.23-07.06.34:977][  0]MapCheck: New page: NewCave - Jul 22, 2015, 5:06:34 PM
[2015.07.23-07.06.35:421][  0]MapCheck: Info Map check complete: 0 Error(s), 0 Warning(s), took 444.645ms to complete.
[2015.07.23-07.06.35:422][  0]LogFileHelpers: Loading map 'NewCave' took 850.274
[2015.07.23-07.06.37:329][  0]LogCollectionManager: Loaded 0 collections in 0.025946 seconds
[2015.07.23-07.06.37:575][  0]LogContentBrowser: Native class hierarchy populated in 0.1928 seconds. Added 1696 classes and 261 folders.
[2015.07.23-07.06.40:573][  0]LogContentBrowser: Native class hierarchy updated for 'SceneOutliner' in 0.0058 seconds. Added 1 classes and 2 folders.
[2015.07.23-07.06.41:553][  0]LogCrashTracker: Crashtracker disabled due to settings.
[2015.07.23-07.06.41:611][  0]LogSlate:Warning: Failed to load font data from 'Veranda'
[2015.07.23-07.06.41:866][  0]LogLoad: Full Startup: 985.88 seconds (BP compile: 9.36 seconds)
[2015.07.23-07.06.44:359][  0]LogRenderer:Warning: Reallocating scene render targets to support 32x32 (Frame:2).
[2015.07.23-07.06.48:433][  0]LogRenderer:Warning: Reallocating scene render targets to support 960x712 (Frame:3).
[2015.07.23-07.06.48:567][  1]Cmd: UpdateLandscapeEditorData -warnings
[2015.07.23-07.06.48:755][  1]Cmd: UpdateLandscapeEditorData
[2015.07.23-07.06.49:011][  1]LogContentBrowser:Verbose: The content browser source was changed by the sources view to '/Game/ThirdPersonBP/Blueprints'
[2015.07.23-07.06.55:310][ 14]LogD3D11RHI: Timed out while waiting for GPU to catch up. (0.5 s)
[2015.07.23-07.06.59:667][ 26]LogAssetRegistry: Asset discovery search completed in 890.2655 seconds
[2015.07.23-08.15.32:859][261]LogD3D11RHI: Timed out while waiting for GPU to catch up. (0.5 s)
[2015.07.23-08.16.15:542][384]LogD3D11RHI: Timed out while waiting for GPU to catch up. (0.5 s)
[2015.07.23-08.35.02:103][757]LogD3D11RHI: Timed out while waiting for GPU to catch up. (0.5 s)
[2015.07.23-20.03.44:486][  4]LogActorComponent: UnregisterComponent: (/Engine/Transient.CharMoveComp) Not registered. Aborting.
[2015.07.23-20.03.46:913][  5]Cmd: QUIT_EDITOR
[2015.07.23-20.03.47:637][  5]LogExit: Preparing to exit.
[2015.07.23-20.03.50:216][  5]LogExit: Editor shut down
[2015.07.23-20.03.50:217][  5]LogExit: Transaction tracking system shut down
[2015.07.23-20.03.50:225][  5]LogParticles: Destroying 0 GPU particle simulations for FXSystem 0x000000C52EA2B920
[2015.07.23-20.03.50:228][  5]LogParticles: Destroying 0 GPU particle simulations for FXSystem 0x000000C52FE81080
[2015.07.23-20.03.50:229][  5]LogParticles: Destroying 0 GPU particle simulations for FXSystem 0x000000C52B32BC40
[2015.07.23-20.03.50:229][  5]LogParticles: Destroying 0 GPU particle simulations for FXSystem 0x000000C52B32A2A0
[2015.07.23-20.03.54:283][  5]LogParticles: Destroying 0 GPU particle simulations for FXSystem 0x000000C5300DEF20
[2015.07.23-20.03.54:283][  5]LogParticles: Destroying 0 GPU particle simulations for FXSystem 0x000000C525F28900
[2015.07.23-20.03.54:283][  5]LogExit: Object subsystem successfully closed.
[2015.07.23-20.03.56:012][  5]LogModuleManager: Shutting down and abandoning module CrashTracker (177)
[2015.07.23-20.03.56:012][  5]LogModuleManager: Shutting down and abandoning module SuperSearch (176)
[2015.07.23-20.03.56:012][  5]LogModuleManager: Shutting down and abandoning module SceneOutliner (175)
[2015.07.23-20.03.56:017][  5]LogModuleManager: Shutting down and abandoning module EditorWidgets (174)
[2015.07.23-20.03.56:017][  5]LogModuleManager: Shutting down and abandoning module CollectionManager (173)
[2015.07.23-20.03.56:037][  5]LogModuleManager: Shutting down and abandoning module StatsViewer (172)
[2015.07.23-20.03.56:048][  5]LogModuleManager: Shutting down and abandoning module FoliageEdit (171)
[2015.07.23-20.03.56:048][  5]LogModuleManager: Shutting down and abandoning module LandscapeEditor (170)
[2015.07.23-20.03.56:104][  5]LogModuleManager: Shutting down and abandoning module MeshPaint (169)
[2015.07.23-20.03.56:115][  5]LogModuleManager: Shutting down and abandoning module ActorPickerMode (168)
[2015.07.23-20.03.56:115][  5]LogModuleManager: Shutting down and abandoning module GeometryMode (167)
[2015.07.23-20.03.56:115][  5]LogModuleManager: Shutting down and abandoning module TextureAlignMode (166)
[2015.07.23-20.03.56:115][  5]LogModuleManager: Shutting down and abandoning module BspMode (165)
[2015.07.23-20.03.56:115][  5]LogModuleManager: Shutting down and abandoning module PlacementMode (164)
[2015.07.23-20.03.56:115][  5]LogModuleManager: Shutting down and abandoning module AutomationWorker (163)
[2015.07.23-20.03.56:115][  5]LogModuleManager: Shutting down and abandoning module CharacterAI (162)
[2015.07.23-20.03.56:115][  5]LogModuleManager: Shutting down and abandoning module SmartSnapping (161)
[2015.07.23-20.03.56:115][  5]LogModuleManager: Shutting down and abandoning module ViewportSnapping (160)
[2015.07.23-20.03.56:115][  5]LogModuleManager: Shutting down and abandoning module LogVisualizer (159)
[2015.07.23-20.03.56:183][  5]LogModuleManager: Shutting down and abandoning module GameProjectGeneration (158)
[2015.07.23-20.03.56:209][  5]LogModuleManager: Shutting down and abandoning module IntroTutorials (157)
[2015.07.23-20.03.56:277][  5]LogModuleManager: Shutting down and abandoning module EditorLiveStreaming (156)
[2015.07.23-20.03.56:292][  5]LogModuleManager: Shutting down and abandoning module HardwareTargeting (155)
[2015.07.23-20.03.56:292][  5]LogModuleManager: Shutting down and abandoning module DeviceProfileEditor (154)
[2015.07.23-20.03.56:297][  5]LogModuleManager: Shutting down and abandoning module UndoHistory (153)
[2015.07.23-20.03.56:312][  5]LogModuleManager: Shutting down and abandoning module GameplayTagsEditor (152)
[2015.07.23-20.03.56:312][  5]LogModuleManager: Shutting down and abandoning module UserFeedback (151)
[2015.07.23-20.03.56:312][  5]LogModuleManager: Shutting down and abandoning module XmlParser (150)
[2015.07.23-20.03.56:333][  5]LogModuleManager: Shutting down and abandoning module Blutility (149)
[2015.07.23-20.03.56:333][  5]LogModuleManager: Shutting down and abandoning module IOSPlatformEditor (148)
[2015.07.23-20.03.56:348][  5]LogModuleManager: Shutting down and abandoning module IOSRuntimeSettings (147)
[2015.07.23-20.03.56:348][  5]LogModuleManager: Shutting down and abandoning module AndroidDeviceDetection (146)
[2015.07.23-20.03.57:240][  5]LogModuleManager: Shutting down and abandoning module AndroidPlatformEditor (145)
[2015.07.23-20.03.57:240][  5]LogModuleManager: Shutting down and abandoning module AndroidRuntimeSettings (144)
[2015.07.23-20.03.57:240][  5]LogModuleManager: Shutting down and abandoning module ProjectTargetPlatformEditor (143)
[2015.07.23-20.03.57:267][  5]LogModuleManager: Shutting down and abandoning module ProjectSettingsViewer (142)
[2015.07.23-20.03.57:307][  5]LogModuleManager: Shutting down and abandoning module InputBindingEditor (141)
[2015.07.23-20.03.57:345][  5]LogModuleManager: Shutting down and abandoning module EditorSettingsViewer (140)
[2015.07.23-20.03.57:367][  5]LogModuleManager: Shutting down and abandoning module SettingsEditor (139)
[2015.07.23-20.03.57:388][  5]LogModuleManager: Shutting down and abandoning module ProjectLauncher (138)
[2015.07.23-20.03.57:413][  5]LogModuleManager: Shutting down and abandoning module SessionFrontend (137)
[2015.07.23-20.03.57:419][  5]LogModuleManager: Shutting down and abandoning module ProfilerClient (136)
[2015.07.23-20.03.57:436][  5]LogModuleManager: Shutting down and abandoning module TargetDeviceServices (135)
[2015.07.23-20.03.57:436][  5]LogModuleManager: Shutting down and abandoning module DeviceManager (134)
[2015.07.23-20.03.57:443][  5]LogModuleManager: Shutting down and abandoning module AutomationController (133)
[2015.07.23-20.03.57:460][  5]LogModuleManager: Shutting down and abandoning module AutomationWindow (132)
[2015.07.23-20.03.57:476][  5]LogModuleManager: Shutting down and abandoning module Layers (131)
[2015.07.23-20.03.57:538][  5]LogModuleManager: Shutting down and abandoning module ComponentVisualizers (130)
[2015.07.23-20.03.57:538][  5]LogModuleManager: Shutting down and abandoning module DetailCustomizations (129)
[2015.07.23-20.03.57:538][  5]LogModuleManager: Shutting down and abandoning module PackagesDialog (128)
[2015.07.23-20.03.57:552][  5]LogModuleManager: Shutting down and abandoning module AssetRegistry (127)
[2015.07.23-20.03.57:760][  5]LogModuleManager: Shutting down and abandoning module Persona (126)
[2015.07.23-20.03.57:791][  5]LogModuleManager: Shutting down and abandoning module SlateReflector (125)
[2015.07.23-20.03.57:811][  5]LogModuleManager: Shutting down and abandoning module LevelEditor (124)
[2015.07.23-20.03.57:890][  5]LogModuleManager: Shutting down and abandoning module Kismet (123)
[2015.07.23-20.03.57:890][  5]LogModuleManager: Shutting down and abandoning module GraphEditor (122)
[2015.07.23-20.03.57:890][  5]LogModuleManager: Shutting down and abandoning module ClassViewer (121)
[2015.07.23-20.03.57:890][  5]LogModuleManager: Shutting down and abandoning module Toolbox (120)
[2015.07.23-20.03.57:890][  5]LogModuleManager: Shutting down and abandoning module ModuleUI (119)
[2015.07.23-20.03.57:898][  5]LogModuleManager: Shutting down and abandoning module MovieSceneTools (118)
[2015.07.23-20.03.57:921][  5]LogModuleManager: Shutting down and abandoning module OutputLog (117)
[2015.07.23-20.03.57:936][  5]LogModuleManager: Shutting down and abandoning module GammaUI (116)
[2015.07.23-20.03.57:942][  5]LogModuleManager: Shutting down and abandoning module Documentation (115)
[2015.07.23-20.03.57:942][  5]LogModuleManager: Shutting down and abandoning module GameLiveStreaming (114)
[2015.07.23-20.03.57:960][  5]LogModuleManager: Shutting down and abandoning module StreamingPauseRendering (113)
[2015.07.23-20.03.57:976][  5]LogModuleManager: Shutting down and abandoning module HTTP (112)
[2015.07.23-20.03.57:976][  5]LogModuleManager: Shutting down and abandoning module AnalyticsET (111)
[2015.07.23-20.03.57:976][  5]LogModuleManager: Shutting down and abandoning module Analytics (110)
[2015.07.23-20.03.57:976][  5]LogModuleManager: Shutting down and abandoning module AITestSuite (109)
[2015.07.23-20.03.57:989][  5]LogModuleManager: Shutting down and abandoning module GameplayDebugger (108)
[2015.07.23-20.03.58:005][  5]LogModuleManager: Shutting down and abandoning module AIModule (107)
[2015.07.23-20.03.58:005][  5]LogModuleManager: Shutting down and abandoning module ProfilerService (106)
[2015.07.23-20.03.58:063][  5]LogModuleManager: Shutting down and abandoning module TaskGraph (105)
[2015.07.23-20.03.58:103][  5]LogModuleManager: Shutting down and abandoning module SlateRemote (104)
[2015.07.23-20.03.58:112][  5]LogModuleManager: Shutting down and abandoning module ScriptEditorPlugin (103)
[2015.07.23-20.03.58:112][  5]LogModuleManager: Shutting down and abandoning module CustomMeshComponent (102)
[2015.07.23-20.03.58:112][  5]LogModuleManager: Shutting down and abandoning module CableComponent (101)
[2015.07.23-20.03.58:125][  5]LogModuleManager: Shutting down and abandoning module MessagingDebugger (100)
[2015.07.23-20.03.58:145][  5]LogModuleManager: Shutting down and abandoning module MediaPlayerEditor (99)
[2015.07.23-20.03.58:154][  5]LogModuleManager: Shutting down and abandoning module SpeedTreeImporter (98)
[2015.07.23-20.03.58:154][  5]LogModuleManager: Shutting down and abandoning module PluginsEditor (97)
[2015.07.23-20.03.58:165][  5]LogModuleManager: Shutting down and abandoning module MainFrame (96)
[2015.07.23-20.03.58:165][  5]LogModuleManager: Shutting down and abandoning module EpicSurvey (95)
[2015.07.23-20.03.58:187][  5]LogModuleManager: Shutting down and abandoning module DesktopPlatform (94)
[2015.07.23-20.03.58:214][  5]LogModuleManager: Shutting down and abandoning module DirectoryWatcher (93)
[2015.07.23-20.03.58:216][  5]LogModuleManager: Shutting down and abandoning module HotReload (92)
[2015.07.23-20.03.58:216][  5]LogModuleManager: Shutting down and abandoning module VisualStudioSourceCodeAccess (91)
[2015.07.23-20.03.58:223][  5]LogModuleManager: Shutting down and abandoning module UObjectPlugin (90)
[2015.07.23-20.03.58:223][  5]LogModuleManager: Shutting down and abandoning module SubversionSourceControl (89)
[2015.07.23-20.03.58:238][  5]LogModuleManager: Shutting down and abandoning module PerforceSourceControl (88)
[2015.07.23-20.03.58:276][  5]LogModuleManager: Shutting down and abandoning module SourceControl (87)
[2015.07.23-20.03.58:290][  5]LogModuleManager: Shutting down and abandoning module GitSourceControl (86)
[2015.07.23-20.03.58:309][  5]LogModuleManager: Shutting down and abandoning module BlankPlugin (85)
[2015.07.23-20.03.58:309][  5]LogModuleManager: Shutting down and abandoning module PaperTiledImporter (84)
[2015.07.23-20.03.58:309][  5]LogModuleManager: Shutting down and abandoning module PaperJsonImporter (83)
[2015.07.23-20.03.58:309][  5]LogModuleManager: Shutting down and abandoning module ContentBrowser (82)
[2015.07.23-20.03.58:311][  5]LogModuleManager: Shutting down and abandoning module Paper2DEditor (81)
[2015.07.23-20.03.58:348][  5]LogModuleManager: Shutting down and abandoning module ScriptPlugin (80)
[2015.07.23-20.03.58:364][  5]LogModuleManager: Shutting down and abandoning module UdpMessaging (79)
[2015.07.23-20.03.58:471][  5]LogModuleManager: Shutting down and abandoning module Paper2D (78)
[2015.07.23-20.03.58:487][  5]LogModuleManager: Shutting down and abandoning module WindowsMoviePlayer (77)
[2015.07.23-20.03.58:505][  5]LogModuleManager: Shutting down and abandoning module Media (76)
[2015.07.23-20.03.58:505][  5]LogModuleManager: Shutting down and abandoning module WmfMedia (75)
[2015.07.23-20.03.58:530][  5]LogModuleManager: Shutting down and abandoning module OnlineBlueprintSupport (74)
[2015.07.23-20.03.58:530][  5]LogModuleManager: Shutting down and abandoning module PropertyEditor (73)
[2015.07.23-20.03.58:543][  5]LogModuleManager: Shutting down and abandoning module BehaviorTreeEditor (72)
[2015.07.23-20.03.58:560][  5]LogModuleManager: Shutting down and abandoning module FunctionalTesting (71)
[2015.07.23-20.03.58:567][  5]LogModuleManager: Shutting down and abandoning module CollisionAnalyzer (70)
[2015.07.23-20.03.58:594][  5]LogModuleManager: Shutting down and abandoning module WorkspaceMenuStructure (69)
[2015.07.23-20.03.58:637][  5]LogModuleManager: Shutting down and abandoning module MessageLog (68)
[2015.07.23-20.03.58:637][  5]LogModuleManager: Shutting down and abandoning module Sequencer (67)
[2015.07.23-20.03.58:656][  5]LogModuleManager: Shutting down and abandoning module AssetTools (66)
[2015.07.23-20.03.58:676][  5]LogModuleManager: Shutting down and abandoning module UMGEditor (65)
[2015.07.23-20.03.58:694][  5]LogModuleManager: Shutting down and abandoning module UMG (64)
[2015.07.23-20.03.58:700][  5]LogModuleManager: Shutting down and abandoning module Slate (63)
[2015.07.23-20.03.58:700][  5]LogModuleManager: Shutting down and abandoning module EditorStyle (62)
[2015.07.23-20.03.58:716][  5]LogModuleManager: Shutting down and abandoning module SessionServices (61)
[2015.07.23-20.03.58:716][  5]LogModuleManager: Shutting down and abandoning module SourceCodeAccess (60)
[2015.07.23-20.03.58:726][  5]LogModuleManager: Shutting down and abandoning module HeadMountedDisplay (59)
[2015.07.23-20.03.58:752][  5]LogModuleManager: Shutting down and abandoning module Networking (56)
[2015.07.23-20.03.58:752][  5]LogModuleManager: Shutting down and abandoning module Core (55)
[2015.07.23-20.03.58:752][  5]LogModuleManager: Shutting down and abandoning module KismetCompiler (54)
[2015.07.23-20.03.58:752][  5]LogModuleManager: Shutting down and abandoning module PhysXFormats (53)
[2015.07.23-20.03.58:752][  5]LogModuleManager: Shutting down and abandoning module MeshUtilities (52)
[2015.07.23-20.03.58:787][  5]LogModuleManager: Shutting down and abandoning module DerivedDataCache (51)
[2015.07.23-20.03.58:814][  5]LogDerivedDataCache: Shutdown
[2015.07.23-20.03.58:814][  5]LogModuleManager: Shutting down and abandoning module ShaderFormatOpenGL (50)
[2015.07.23-20.03.58:882][  5]LogModuleManager: Shutting down and abandoning module ShaderFormatD3D (49)
[2015.07.23-20.03.58:937][  5]LogModuleManager: Shutting down and abandoning module MetalShaderFormat (48)
[2015.07.23-20.03.58:941][  5]LogModuleManager: Shutting down and abandoning module TextureFormatUncompressed (47)
[2015.07.23-20.03.58:941][  5]LogModuleManager: Shutting down and abandoning module TextureFormatPVR (46)
[2015.07.23-20.03.58:975][  5]LogModuleManager: Shutting down and abandoning module TextureFormatIntelISPCTexComp (45)
[2015.07.23-20.03.58:975][  5]LogModuleManager: Shutting down and abandoning module TextureFormatDXT (44)
[2015.07.23-20.03.58:975][  5]LogModuleManager: Shutting down and abandoning module ImageWrapper (43)
[2015.07.23-20.03.58:975][  5]LogModuleManager: Shutting down and abandoning module TextureFormatASTC (42)
[2015.07.23-20.03.59:001][  5]LogModuleManager: Shutting down and abandoning module TextureFormatAndroid (41)
[2015.07.23-20.03.59:001][  5]LogModuleManager: Shutting down and abandoning module AudioFormatOpus (40)
[2015.07.23-20.03.59:030][  5]LogModuleManager: Shutting down and abandoning module AudioFormatOgg (39)
[2015.07.23-20.03.59:037][  5]LogModuleManager: Shutting down and abandoning module AudioFormatADPCM (38)
[2015.07.23-20.03.59:037][  5]LogModuleManager: Shutting down and abandoning module LinuxTargetPlatform (37)
[2015.07.23-20.03.59:037][  5]LogModuleManager: Shutting down and abandoning module LinuxServerTargetPlatform (36)
[2015.07.23-20.03.59:086][  5]LogModuleManager: Shutting down and abandoning module LinuxNoEditorTargetPlatform (35)
[2015.07.23-20.03.59:101][  5]LogModuleManager: Shutting down and abandoning module Messaging (34)
[2015.07.23-20.03.59:101][  5]LogModuleManager: Shutting down and abandoning module IOSTargetPlatform (33)
[2015.07.23-20.03.59:101][  5]LogModuleManager: Shutting down and abandoning module HTML5TargetPlatform (32)
[2015.07.23-20.03.59:101][  5]LogModuleManager: Shutting down and abandoning module Android_PVRTCTargetPlatform (31)
[2015.07.23-20.03.59:101][  5]LogModuleManager: Shutting down and abandoning module Android_ETC2TargetPlatform (30)
[2015.07.23-20.03.59:101][  5]LogModuleManager: Shutting down and abandoning module Android_ETC1TargetPlatform (29)
[2015.07.23-20.03.59:102][  5]LogModuleManager: Shutting down and abandoning module Android_ES31TargetPlatform (28)
[2015.07.23-20.03.59:102][  5]LogModuleManager: Shutting down and abandoning module Android_DXTTargetPlatform (27)
[2015.07.23-20.03.59:102][  5]LogModuleManager: Shutting down and abandoning module Android_ATCTargetPlatform (26)
[2015.07.23-20.03.59:102][  5]LogModuleManager: Shutting down and abandoning module AndroidTargetPlatform (25)
[2015.07.23-20.03.59:102][  5]LogModuleManager: Shutting down and abandoning module WindowsTargetPlatform (24)
[2015.07.23-20.03.59:102][  5]LogModuleManager: Shutting down and abandoning module WindowsServerTargetPlatform (23)
[2015.07.23-20.03.59:102][  5]LogModuleManager: Shutting down and abandoning module WindowsNoEditorTargetPlatform (22)
[2015.07.23-20.03.59:102][  5]LogModuleManager: Shutting down and abandoning module WindowsClientTargetPlatform (21)
[2015.07.23-20.03.59:102][  5]LogModuleManager: Shutting down and abandoning module TargetPlatform (20)
[2015.07.23-20.03.59:113][  5]LogModuleManager: Shutting down and abandoning module InputCore (19)
[2015.07.23-20.03.59:113][  5]LogModuleManager: Shutting down and abandoning module Settings (18)
[2015.07.23-20.03.59:114][  5]LogModuleManager: Shutting down and abandoning module OnlineSubsystem (16)
[2015.07.23-20.03.59:114][  5]LogModuleManager: Shutting down and abandoning module OculusRift (15)
[2015.07.23-20.03.59:114][  5]LogModuleManager: Shutting down and abandoning module ExampleDeviceProfileSelector (14)
[2015.07.23-20.03.59:114][  5]LogModuleManager: Shutting down and abandoning module TextureCompressor (13)
[2015.07.23-20.03.59:151][  5]LogModuleManager: Shutting down and abandoning module ShaderCore (12)
[2015.07.23-20.03.59:151][  5]LogModuleManager: Shutting down and abandoning module Landscape (11)
[2015.07.23-20.03.59:151][  5]LogModuleManager: Shutting down and abandoning module SlateRHIRenderer (10)
[2015.07.23-20.03.59:302][  5]LogModuleManager: Shutting down and abandoning module OpenGLDrv (9)
[2015.07.23-20.03.59:302][  5]LogModuleManager: Shutting down and abandoning module D3D11RHI (8)
[2015.07.23-20.03.59:302][  5]LogModuleManager: Shutting down and abandoning module Renderer (7)
[2015.07.23-20.03.59:302][  5]LogModuleManager: Shutting down and abandoning module Engine (6)
[2015.07.23-20.03.59:302][  5]LogModuleManager: Shutting down and abandoning module CoreUObject (5)
[2015.07.23-20.03.59:302][  5]LogModuleManager: Shutting down and abandoning module NetworkFile (4)
[2015.07.23-20.03.59:327][  5]LogModuleManager: Shutting down and abandoning module StreamingFile (3)
[2015.07.23-20.03.59:356][  5]LogModuleManager: Shutting down and abandoning module SandboxFile (2)
[2015.07.23-20.03.59:366][  5]LogModuleManager: Shutting down and abandoning module PakFile (1)
[2015.07.23-20.03.59:538][  5]LogExit: Exiting.
[2015.07.23-20.04.00:780][  5]Log file closed, 07/23/15 13:04:00
