Log file open, 05/27/15 14:51:29
LogInit:Display: Running engine for game: GodKiller
LogInit: Version: 4.7.6-2513093+++depot+UE4-Releases+4.7
LogInit: API Version: 2455222
LogInit: Compiled (64-bit): Apr 15 2015 12:09:54
LogInit: Compiled with Visual C++: 18.00.21005.01
LogInit: Build Configuration: Development
LogInit: Branch Name: ++depot+UE4-Releases+4.7
LogInit: Command line:  
LogInit: Base directory: E:/Program Files/Epic Games/4.7/Engine/Binaries/Win64/
LogInit: Rocket: 1
[2015.05.27-21.51.29:248][  0]LogTaskGraph: Started task graph with 3 named threads and 6 total threads.
[2015.05.27-21.51.29:320][  0]LogOnline:Warning: No default platform service specified for OnlineSubsystem
[2015.05.27-21.51.29:468][  0]LogInit: Presizing for 0 objects not considered by GC, pre-allocating 0 bytes.
[2015.05.27-21.51.29:589][  0]LogInit: Object subsystem initialized
[2015.05.27-21.51.29:668][  0]LogConsoleResponse:Warning: Skipping Unknown console variable: 'TranslucentSortAxis = (X=0.000000,Y=-1.000000,Z=0.000000)'
[2015.05.27-21.51.29:668][  0]LogConsoleResponse:Warning:   Found in ini file 'E:/Documents/GitHub/God-Killer/Saved/Config/Windows/Engine.ini', in section '[/Script/Engine.RendererSettings]'
[2015.05.27-21.51.29:668][  0]LogConsoleResponse:Warning: Skipping Unknown console variable: 'UIScaleRule = ShortestSide'
[2015.05.27-21.51.29:668][  0]LogConsoleResponse:Warning:   Found in ini file 'E:/Documents/GitHub/God-Killer/Saved/Config/Windows/Engine.ini', in section '[/Script/Engine.RendererSettings]'
[2015.05.27-21.51.29:668][  0]LogConsoleResponse:Warning: Skipping Unknown console variable: 'UIScaleCurve = (EditorCurveData=(Keys=),ExternalCurve=None)'
[2015.05.27-21.51.29:668][  0]LogConsoleResponse:Warning:   Found in ini file 'E:/Documents/GitHub/God-Killer/Saved/Config/Windows/Engine.ini', in section '[/Script/Engine.RendererSettings]'
[2015.05.27-21.51.29:709][  0]LogInit: Selected Device Profile: [Windows]
[2015.05.27-21.51.29:710][  0]LogInit: Applying CVar settings loaded from the selected device profile: [Windows]
[2015.05.27-21.51.29:808][  0]LogInit: Computer: JOSEPH-PC
[2015.05.27-21.51.29:808][  0]LogInit: User: Joseph
[2015.05.27-21.51.29:808][  0]LogInit: CPU Page size=4096, Cores=4
[2015.05.27-21.51.29:808][  0]LogInit: High frequency timer resolution =3.919687 MHz
[2015.05.27-21.51.29:808][  0]LogMemory: Memory total: Physical=15.9GB (16GB approx) Virtual=8192.0GB
[2015.05.27-21.51.29:808][  0]LogMemory: Platform Memory Stats for Windows
[2015.05.27-21.51.29:808][  0]LogMemory: Process Physical Memory: 53.40 MB used, 53.40 MB peak
[2015.05.27-21.51.29:808][  0]LogMemory: Process Virtual Memory: 34.23 MB used, 34.23 MB peak
[2015.05.27-21.51.29:808][  0]LogMemory: Physical Memory: 3435.18 MB used, 16280.89 MB total
[2015.05.27-21.51.29:808][  0]LogMemory: Virtual Memory: 291.65 MB used, 8388608.00 MB total
[2015.05.27-21.51.29:927][  0]LogD3D11RHI: Found D3D11 adapter 0: AMD Radeon R9 200 Series (Feature Level 11_0)
[2015.05.27-21.51.29:927][  0]LogD3D11RHI: Adapter has 4073MB of dedicated video memory, 0MB of dedicated system memory, and 3840MB of shared system memory, 1 output[s]
[2015.05.27-21.51.29:927][  0]LogD3D11RHI: Chosen D3D11 Adapter Id = 0
[2015.05.27-21.51.29:941][  0]LogRHI: Texture pool is 1361 MB (70% of 1945 MB)
[2015.05.27-21.51.29:962][  0]LogD3D11RHI: Async texture creation disabled: no driver support
[2015.05.27-21.51.31:035][  0]LogTextLocalizationManager: The requested culture ('en_US') has no localization data; parent culture's ('en') localization data will be used.
[2015.05.27-21.51.31:180][  0]LogTextLocalizationManager:Warning: Loading localization resources contain conflicting entries for (Namespace:UICommands, Key:Save_ToolTip):
Resource: (E:/Program Files/Epic Games/4.7/Engine/Content/Localization/Editor/en/Editor.locres) Hash: (-29098895) String: (Saves the current level to disk)
Resource: (E:/Program Files/Epic Games/4.7/Engine/Content/Localization/Engine/en/Engine.locres) Hash: (-1280300587) String: (Save selected data to vlog file)
[2015.05.27-21.51.31:180][  0]LogTextLocalizationManager:Warning: Loading localization resources contain conflicting entries for (Namespace:ContentBrowser, Key:ImportAssetToolTip):
Resource: (E:/Program Files/Epic Games/4.7/Engine/Content/Localization/Editor/en/Editor.locres) Hash: (-630476809) String: (Import to {0}...)
Resource: (E:/Program Files/Epic Games/4.7/Engine/Content/Localization/Editor/en/Editor.locres) Hash: (1271782899) String: (Imports an asset from file to this folder.)
[2015.05.27-21.51.31:273][  0]LogContentStreaming: Texture pool size is 0.000000MB
[2015.05.27-21.51.36:769][  0]LogTargetPlatformManager:Display: Building Assets For Windows
[2015.05.27-21.51.38:656][  0]LogTargetPlatformManager:Display: Building Assets For Windows
[2015.05.27-21.51.38:839][  0]LogDerivedDataCache:Display: Max Cache Size: 512 MB
[2015.05.27-21.51.38:995][  0]LogDerivedDataCache: Loaded boot cache 0.15s 39MB C:/Users/Joseph/AppData/Local/UnrealEngine/4.7/DerivedDataCache/Boot.ddc.
[2015.05.27-21.51.38:995][  0]LogDerivedDataCache:Display: Loaded Boot cache: C:/Users/Joseph/AppData/Local/UnrealEngine/4.7/DerivedDataCache/Boot.ddc
[2015.05.27-21.51.38:995][  0]LogDerivedDataCache: FDerivedDataBackendGraph:  Pak pak cache file ../../../../../../Documents/GitHub/God-Killer/DerivedDataCache/DDC.ddp not found, will not use a pak cache.
[2015.05.27-21.51.38:995][  0]LogDerivedDataCache: Unable to find inner node Pak for hierarchical cache Hierarchy.
[2015.05.27-21.51.39:158][  0]LogDerivedDataCache:Display: Pak cache opened for reading ../../../Engine/DerivedDataCache/Compressed.ddp.
[2015.05.27-21.51.39:171][  0]LogDerivedDataCache: Using Local data cache path C:/Users/Joseph/AppData/Local/UnrealEngine/Common/DerivedDataCache: Writable
[2015.05.27-21.51.45:947][  0]LogMeshUtilities: No automatic mesh reduction module available
[2015.05.27-21.51.45:947][  0]LogMeshUtilities: No automatic mesh merging module available
[2015.05.27-21.51.48:473][  0]LogInit: WinSock: version 1.1 (2.2), MaxSocks=32767, MaxUdp=65467
[2015.05.27-21.51.48:912][  0]LogSlate:Warning: Failed to load font data from '../../../Engine/Content/Slate/Fonts/Roboto-Italic.ttf'
[2015.05.27-21.52.07:126][  0]UdpMessaging: Initializing bridge on interface 0.0.0.0:0 to multicast group 230.0.0.1:6666.
[2015.05.27-21.52.08:086][  0]SourceControl: Info Source control is disabled
[2015.05.27-21.52.08:097][  0]SourceControl: Info Source control is disabled
[2015.05.27-21.52.08:097][  0]SourceControl: Info Source control is disabled
[2015.05.27-21.52.08:097][  0]LogSourceControl: RunCommandInternalRaw: 'git version'
[2015.05.27-21.52.08:098][  0]LogSourceControl: RunCommandInternalRaw: ExecProcess ReturnCode=2 OutResults=''
[2015.05.27-21.52.08:123][  0]SourceControl: Info Source control is disabled
[2015.05.27-21.52.09:271][  0]LogObj: 24232 objects as part of root set at end of initial load.
[2015.05.27-21.52.09:271][  0]LogUObjectAllocator: 5137168 out of 0 bytes used by permanent object pool.
[2015.05.27-21.52.10:042][  0]LogEngine: Initializing Engine...
[2015.05.27-21.52.13:565][  0]LogInit: XAudio2 using '1 - LG ULTRAWIDE (AMD High Definition Audio Device)' : 2 channels at 48 kHz using 16 bits per sample (channel mask 0x3)
[2015.05.27-21.52.13:583][  0]LogInit: FAudioDevice initialized.
[2015.05.27-21.52.14:004][  0]LogAIModule: Creating AISystem for world NewWorld
[2015.05.27-21.52.14:096][  0]LogDerivedDataCache: Saved boot cache 0.03s 39MB C:/Users/Joseph/AppData/Local/UnrealEngine/4.7/DerivedDataCache/Boot.ddc.
[2015.05.27-21.52.14:105][  0]LogInit: Texture streaming: Enabled
[2015.05.27-21.52.14:591][  0]LogAnalytics: Creating configured Analytics provider AnalyticsET
[2015.05.27-21.52.14:591][  0]LogAnalytics: ET APIKey = Rocket.Release. APIServer = http://et2.epicgames.com/ET2/. AppVersion = 4.7.6-2513093+++depot+UE4-Releases+4.7
[2015.05.27-21.52.14:591][  0]LogAnalytics: ET APIKey = Rocket.Release. DataRouterUploadURL = https://datarouter-public-service-gamedev.ol.epicgames.net/datarouter/api/v1/public/data. AppVersion = 4.7.6-2513093+++depot+UE4-Releases+4.7
[2015.05.27-21.52.14:591][  0]LogAnalytics: SetUserId b9e16797403c47e8d8c7f7803aa9954f|fbedbf84e6654fb9830ed15a26abc575|2ed228c2-85a1-483a-b700-9447107bbaed
[2015.05.27-21.52.14:602][  0]LogAnalytics: AnalyticsET::StartSession [Rocket.Release]
[2015.05.27-21.52.14:747][  0]LogInit: Transaction tracking system initialized
[2015.05.27-21.52.15:611][  0]BlueprintLog: New page: Editor Load
[2015.05.27-21.52.15:716][  0]LogAssetRegistry: FAssetRegistry took 0.0098 seconds to start up
[2015.05.27-21.52.15:717][  0]LogDirectoryWatcher:Warning: Failed to begin reading directory changes for ../../../Engine/Plugins/Experimental/CharacterAI/Content/. Error: 0
[2015.05.27-21.52.18:473][  0]LogTargetPlatformManager:Display: Building Assets For Windows
[2015.05.27-21.52.19:543][  0]LogTargetPlatformManager:Display: Building Assets For Windows
[2015.05.27-21.52.21:250][  0]LogSlate:Warning: Failed to load font data from '../../../Engine/Content/Editor/Slate/Fonts/Roboto-Regular.ttf'
[2015.05.27-21.52.21:251][  0]LogSlate:Warning: Failed to load font data from '../../../Engine/Content/Editor/Slate/Fonts/Roboto-Bold.ttf'
[2015.05.27-21.52.21:377][  0]LogConsoleResponse:Display: 
[2015.05.27-21.52.23:951][  0]LogCook:Display: Done creating registry. It took  0.00s.
[2015.05.27-21.52.25:997][  0]SourceControl: Info Source control is disabled
[2015.05.27-21.52.26:061][  0]Cmd: MAP LOAD FILE="../../../../../../Documents/GitHub/God-Killer/Content/Scene/NewCave.umap" TEMPLATE=0 SHOWPROGRESS=1 FEATURELEVEL=3
[2015.05.27-21.52.26:062][  0]LightingResults: New page: Lighting Build
[2015.05.27-21.52.26:217][  0]MapCheck: New page: Map Check
[2015.05.27-21.52.26:217][  0]LightingResults: New page: Lighting Build
[2015.05.27-21.52.26:471][  0]LogParticles: Destroying 0 GPU particle simulations for FXSystem 0x0000000004BD0680
[2015.05.27-21.52.35:952][  0]LogStaticMesh: Building static mesh skull...
[2015.05.27-21.52.36:730][  0]LogStaticMesh: Built static mesh [778.264954ms] /Game/Models/Skeleton/skull.skull
[2015.05.27-21.52.38:053][  0]LogEditorServer: Finished looking for orphan Actors (0.000 secs)
[2015.05.27-21.52.38:074][  0]LogAIModule: Creating AISystem for world NewCave
[2015.05.27-21.52.38:083][  0]Cmd: MAP CHECKDEP
[2015.05.27-21.52.38:093][  0]MapCheck: New page: NewCave - May 27, 2015, 7:52:38 AM
[2015.05.27-21.52.38:411][  0]MapCheck: Info Map check complete: 0 Error(s), 0 Warning(s), took 327.254ms to complete.
[2015.05.27-21.52.38:411][  0]LogFileHelpers: Loading map 'NewCave' took 12.375
[2015.05.27-21.52.39:351][  0]LogCollectionManager: Loaded 0 collections in 0.002315 seconds
[2015.05.27-21.52.39:371][  0]LogContentBrowser: Native class hierarchy populated in 0.0188 seconds. Added 1696 classes and 261 folders.
[2015.05.27-21.52.39:795][  0]LogContentBrowser: Native class hierarchy updated for 'SceneOutliner' in 0.0066 seconds. Added 1 classes and 2 folders.
[2015.05.27-21.52.40:269][  0]LogCrashTracker: Crashtracker disabled due to settings.
[2015.05.27-21.52.40:304][  0]LogSlate:Warning: Failed to load font data from 'Veranda'
[2015.05.27-21.52.40:358][  0]LogUObjectGlobals:Warning: Failed to find object 'Class None.'
[2015.05.27-21.52.40:446][  0]LogLoad: Full Startup: 78.75 seconds (BP compile: 4.11 seconds)
[2015.05.27-21.52.40:928][  0]LogContentBrowser:Verbose: The content browser source was changed by the sources view to '/Game/ThirdPersonBP/Blueprints'
[2015.05.27-21.52.41:605][  0]LogRenderer:Warning: Reallocating scene render targets to support 32x32 (Frame:2).
[2015.05.27-21.52.41:917][  1]LogRenderer:Warning: Reallocating scene render targets to support 872x736 (Frame:3).
[2015.05.27-21.52.41:918][  1]Cmd: UpdateLandscapeEditorData -warnings
[2015.05.27-21.52.41:970][  1]Cmd: UpdateLandscapeEditorData
[2015.05.27-21.52.43:657][  6]LogAssetRegistry: Asset discovery search completed in 27.9498 seconds
[2015.05.27-21.52.45:470][ 11]LogRenderer:Warning: Reallocating scene render targets to support 872x944 (Frame:23).
[2015.05.27-21.52.50:276][459]LogContentBrowser:Verbose: The content browser source was changed by the sources view to '/Game/Models'
[2015.05.27-21.52.54:618][897]LogContentBrowser:Verbose: The content browser source was changed by the sources view to '/Game/Models/Door'
[2015.05.27-21.53.05:890][102]LogFactory: FactoryCreateBinary: StaticMesh with FbxFactory (0 0 ../../../../../../Documents/GodKillerExports/Altar/Altar.FBX)
[2015.05.27-21.53.05:963][102]LogFbx: ItemName: GlobalSettings, ItemCount : 1
[2015.05.27-21.53.05:963][102]LogFbx: ItemName: AnimationStack, ItemCount : 1
[2015.05.27-21.53.05:963][102]LogFbx: ItemName: AnimationLayer, ItemCount : 1
[2015.05.27-21.53.05:963][102]LogFbx: ItemName: Model, ItemCount : 1
[2015.05.27-21.53.05:963][102]LogFbx: ItemName: Geometry, ItemCount : 1
[2015.05.27-21.53.05:963][102]LogFbx: ItemName: Material, ItemCount : 1
[2015.05.27-21.53.07:668][102]LogFbx: Loading FBX Scene from ../../../../../../Documents/GodKillerExports/Altar/Altar.FBX
[2015.05.27-21.53.07:693][102]LogFbx: FBX Scene Loaded Succesfully
[2015.05.27-21.53.07:714][102]LogFbx:Warning: Triangulating static mesh Box001
[2015.05.27-21.53.07:744][102]LogFbx: == Initial material list:
[2015.05.27-21.53.07:744][102]LogFbx: 0: 07 - Default
[2015.05.27-21.53.07:744][102]LogFbx: == After sorting:
[2015.05.27-21.53.07:744][102]LogFbx: 0: 07 - Default
[2015.05.27-21.53.07:744][102]LogFbx: == Mapping table:
[2015.05.27-21.53.07:744][102]LogFbx:   sort 0 -> 0
[2015.05.27-21.53.07:746][102]LogStaticMesh: Building static mesh Altar...
[2015.05.27-21.53.07:763][102]LogStaticMesh: Built static mesh [18.074913ms] /Game/Models/Door/Altar.Altar
[2015.05.27-21.53.07:769][102]LogStaticMesh:Warning: Altar has degenerate tangent bases which will result in incorrect shading. 
[2015.05.27-21.53.09:082][102]LogContentBrowser:Verbose: The content browser source was changed by the sources view to 'None'
[2015.05.27-21.53.09:082][102]LogContentBrowser:Verbose: The content browser source was changed by the sources view to '/Game/Models/Door'
[2015.05.27-21.53.11:431][302]LogActorFactory: Actor Factory created Altar
[2015.05.27-21.53.12:516][419]LogActorFactory: Actor Factory created Altar
[2015.05.27-21.53.14:819][538]LogRenderer:Warning: Reallocating scene render targets to support 1000x944 (Frame:2190).
[2015.05.27-21.53.23:403][365]LogStaticMesh: Building static mesh Altar...
[2015.05.27-21.53.23:420][365]LogStaticMesh: Built static mesh [17.852446ms] /Game/Models/Door/Altar.Altar
[2015.05.27-21.53.23:423][365]LogStaticMesh:Warning: Altar has degenerate tangent bases which will result in incorrect shading. 
[2015.05.27-21.54.04:861][897]LogPlayLevel: PIE:  No blueprints needed recompiling
[2015.05.27-21.54.04:877][897]PIE: New page: PIE session: NewCave (May 27, 2015, 7:54:04 AM)
[2015.05.27-21.54.04:958][897]LogPlayLevel: PIE: StaticDuplicateObject took: (0.080557s)
[2015.05.27-21.54.04:959][897]LogPlayLevel: PIE: World Init took: (0.000825s)
[2015.05.27-21.54.04:959][897]LogPlayLevel: PIE: Created PIE world by copying editor world from /Game/Scene/NewCave.NewCave to /Game/Scene/UEDPIE_0_NewCave.NewCave (0.081700s)
[2015.05.27-21.54.05:049][897]LogWorld: Game class is 'ThirdPersonGameMode_C'
[2015.05.27-21.54.05:115][897]LogAIModule: Creating AISystem for world NewCave
[2015.05.27-21.54.05:231][897]LogWorld:Warning: *** WARNING - PATHS MAY NOT BE VALID ***
[2015.05.27-21.54.05:231][897]LogWorld: Bringing World /Game/Scene/UEDPIE_0_NewCave.NewCave up for play (max tick rate 0) at 2015.05.27-14.54.05
[2015.05.27-21.54.05:249][897]LogWorld: Bringing up level for play took: 0.133700
[2015.05.27-21.54.05:333][897]LogArray:Warning: Attempted to get an item from array Pos out of bounds [6/5]!
[2015.05.27-21.54.05:333][897]LogScript:Warning: Accessed None 'CallFunc_Array_Get_Item'
	KeySpawner_C /Game/Scene/UEDPIE_0_NewCave.NewCave:PersistentLevel.KeySpawner_C_2
	Function /Game/Key/KeySpawner.KeySpawner_C:ExecuteUbergraph_KeySpawner:0219
[2015.05.27-21.54.05:333][897]PIE:Error: Error Accessed None 'CallFunc_Array_Get_Item' from node Construction Script in blueprint KeySpawner
[2015.05.27-21.54.05:333][897]LogScript:Warning: Accessed None
	KeySpawner_C /Game/Scene/UEDPIE_0_NewCave.NewCave:PersistentLevel.KeySpawner_C_2
	Function /Game/Key/KeySpawner.KeySpawner_C:ExecuteUbergraph_KeySpawner:022F
[2015.05.27-21.54.05:334][897]PIE:Error: Error Accessed None from node Construction Script in blueprint KeySpawner
[2015.05.27-21.54.05:334][897]LogArray:Warning: Attempted to get an item from array Pos out of bounds [6/5]!
[2015.05.27-21.54.05:334][897]LogScript:Warning: Accessed None 'CallFunc_Array_Get_Item'
	KeySpawner_C /Game/Scene/UEDPIE_0_NewCave.NewCave:PersistentLevel.KeySpawner_C_2
	Function /Game/Key/KeySpawner.KeySpawner_C:ExecuteUbergraph_KeySpawner:02E1
[2015.05.27-21.54.05:334][897]PIE:Error: Error Accessed None 'CallFunc_Array_Get_Item' from node Construction Script in blueprint KeySpawner
[2015.05.27-21.54.05:334][897]LogScript:Warning: Accessed None
	KeySpawner_C /Game/Scene/UEDPIE_0_NewCave.NewCave:PersistentLevel.KeySpawner_C_2
	Function /Game/Key/KeySpawner.KeySpawner_C:ExecuteUbergraph_KeySpawner:02F7
[2015.05.27-21.54.05:334][897]PIE:Error: Error Accessed None from node Construction Script in blueprint KeySpawner
[2015.05.27-21.54.05:336][897]PIE: Info Play in editor start time for /Game/Scene/UEDPIE_0_NewCave -0.048
[2015.05.27-21.54.05:423][897]LogScript:Warning: Accessed None 'K2Node_DynamicCast_AsThird_Person_Character2'
	SuccessScreen_C /Engine/Transient.UnrealEdEngine_0:GameInstance_0.SuccessScreen_C_0
	Function /Game/GUI/SuccessScreen.SuccessScreen_C:ExecuteUbergraph_SuccessScreen:00D2
[2015.05.27-21.54.11:774][466]LogActorComponent: UnregisterComponent: (/Engine/Transient.CharMoveComp) Not registered. Aborting.
[2015.05.27-21.54.11:846][466]LogParticles: Destroying 0 GPU particle simulations for FXSystem 0x00000000297325C0
[2015.05.27-21.54.11:846][466]LogParticles: Destroying 0 GPU particle simulations for FXSystem 0x000000000D906700
[2015.05.27-21.54.11:846][466]LogParticles: Destroying 0 GPU particle simulations for FXSystem 0x000000002B0A1300
[2015.05.27-21.54.19:209][ 23]Cmd: OBJ SAVEPACKAGE PACKAGE="/Game/Models/Door/Altar" FILE="../../../../../../Documents/GitHub/God-Killer/Content/Models/Door/Altar.uasset" SILENT=true
[2015.05.27-21.54.19:534][ 23]LogSavePackage: Save=322.090271ms
[2015.05.27-21.54.19:534][ 23]LogSavePackage: Moving '../../../../../../Documents/GitHub/God-Killer/Saved/Altar2F49D98242DDD5643D1634A4E8D1453D.tmp' to '../../../../../../Documents/GitHub/God-Killer/Content/Models/Door/Altar.uasset'
[2015.05.27-21.54.19:826][ 23]Cmd: OBJ SAVEPACKAGE PACKAGE="/Game/Scene/NewCave" FILE="../../../../../../Documents/GitHub/God-Killer/Content/Scene/NewCave.umap" SILENT=true AUTOSAVING=false KEEPDIRTY=false
[2015.05.27-21.54.21:208][ 23]LogSavePackage: Save=1271.829102ms
[2015.05.27-21.54.21:208][ 23]LogSavePackage: Moving '../../../../../../Documents/GitHub/God-Killer/Saved/NewCaveEB1417784A2C1061BF5AB69AA3028433.tmp' to '../../../../../../Documents/GitHub/God-Killer/Content/Scene/NewCave.umap'
[2015.05.27-21.54.21:268][ 23]LogFileHelpers: Saving map 'NewCave' took 1.723
[2015.05.27-21.54.23:343][180]Cmd: QUIT_EDITOR
[2015.05.27-21.54.23:620][180]LogExit: Preparing to exit.
[2015.05.27-21.54.24:264][180]LogExit: Editor shut down
[2015.05.27-21.54.24:265][180]LogExit: Transaction tracking system shut down
[2015.05.27-21.54.24:267][180]LogParticles: Destroying 0 GPU particle simulations for FXSystem 0x000000001EA36A20
[2015.05.27-21.54.24:269][180]LogParticles: Destroying 0 GPU particle simulations for FXSystem 0x000000000D905B20
[2015.05.27-21.54.24:269][180]LogParticles: Destroying 0 GPU particle simulations for FXSystem 0x000000000E01F240
[2015.05.27-21.54.24:270][180]LogParticles: Destroying 0 GPU particle simulations for FXSystem 0x0000000028F07EC0
[2015.05.27-21.54.24:270][180]LogParticles: Destroying 0 GPU particle simulations for FXSystem 0x000000002B16C5E0
[2015.05.27-21.54.24:457][180]LogExit: Object subsystem successfully closed.
[2015.05.27-21.54.24:652][180]LogModuleManager: Shutting down and abandoning module StaticMeshEditor (178)
[2015.05.27-21.54.24:652][180]LogModuleManager: Shutting down and abandoning module CrashTracker (177)
[2015.05.27-21.54.24:652][180]LogModuleManager: Shutting down and abandoning module SuperSearch (176)
[2015.05.27-21.54.24:652][180]LogModuleManager: Shutting down and abandoning module SceneOutliner (175)
[2015.05.27-21.54.24:652][180]LogModuleManager: Shutting down and abandoning module EditorWidgets (174)
[2015.05.27-21.54.24:652][180]LogModuleManager: Shutting down and abandoning module CollectionManager (173)
[2015.05.27-21.54.24:668][180]LogModuleManager: Shutting down and abandoning module StatsViewer (172)
[2015.05.27-21.54.24:668][180]LogModuleManager: Shutting down and abandoning module FoliageEdit (171)
[2015.05.27-21.54.24:668][180]LogModuleManager: Shutting down and abandoning module LandscapeEditor (170)
[2015.05.27-21.54.24:682][180]LogModuleManager: Shutting down and abandoning module MeshPaint (169)
[2015.05.27-21.54.24:682][180]LogModuleManager: Shutting down and abandoning module ActorPickerMode (168)
[2015.05.27-21.54.24:682][180]LogModuleManager: Shutting down and abandoning module GeometryMode (167)
[2015.05.27-21.54.24:682][180]LogModuleManager: Shutting down and abandoning module TextureAlignMode (166)
[2015.05.27-21.54.24:682][180]LogModuleManager: Shutting down and abandoning module BspMode (165)
[2015.05.27-21.54.24:682][180]LogModuleManager: Shutting down and abandoning module PlacementMode (164)
[2015.05.27-21.54.24:682][180]LogModuleManager: Shutting down and abandoning module AutomationWorker (163)
[2015.05.27-21.54.24:682][180]LogModuleManager: Shutting down and abandoning module CharacterAI (162)
[2015.05.27-21.54.24:682][180]LogModuleManager: Shutting down and abandoning module SmartSnapping (161)
[2015.05.27-21.54.24:682][180]LogModuleManager: Shutting down and abandoning module ViewportSnapping (160)
[2015.05.27-21.54.24:682][180]LogModuleManager: Shutting down and abandoning module LogVisualizer (159)
[2015.05.27-21.54.24:682][180]LogModuleManager: Shutting down and abandoning module GameProjectGeneration (158)
[2015.05.27-21.54.24:690][180]LogModuleManager: Shutting down and abandoning module IntroTutorials (157)
[2015.05.27-21.54.24:690][180]LogModuleManager: Shutting down and abandoning module EditorLiveStreaming (156)
[2015.05.27-21.54.24:690][180]LogModuleManager: Shutting down and abandoning module HardwareTargeting (155)
[2015.05.27-21.54.24:690][180]LogModuleManager: Shutting down and abandoning module DeviceProfileEditor (154)
[2015.05.27-21.54.24:690][180]LogModuleManager: Shutting down and abandoning module UndoHistory (153)
[2015.05.27-21.54.24:690][180]LogModuleManager: Shutting down and abandoning module GameplayTagsEditor (152)
[2015.05.27-21.54.24:690][180]LogModuleManager: Shutting down and abandoning module UserFeedback (151)
[2015.05.27-21.54.24:690][180]LogModuleManager: Shutting down and abandoning module XmlParser (150)
[2015.05.27-21.54.24:690][180]LogModuleManager: Shutting down and abandoning module Blutility (149)
[2015.05.27-21.54.24:690][180]LogModuleManager: Shutting down and abandoning module IOSPlatformEditor (148)
[2015.05.27-21.54.24:690][180]LogModuleManager: Shutting down and abandoning module IOSRuntimeSettings (147)
[2015.05.27-21.54.24:690][180]LogModuleManager: Shutting down and abandoning module AndroidDeviceDetection (146)
[2015.05.27-21.54.24:802][180]LogModuleManager: Shutting down and abandoning module AndroidPlatformEditor (145)
[2015.05.27-21.54.24:802][180]LogModuleManager: Shutting down and abandoning module AndroidRuntimeSettings (144)
[2015.05.27-21.54.24:802][180]LogModuleManager: Shutting down and abandoning module ProjectTargetPlatformEditor (143)
[2015.05.27-21.54.24:802][180]LogModuleManager: Shutting down and abandoning module ProjectSettingsViewer (142)
[2015.05.27-21.54.24:802][180]LogModuleManager: Shutting down and abandoning module InputBindingEditor (141)
[2015.05.27-21.54.24:809][180]LogModuleManager: Shutting down and abandoning module EditorSettingsViewer (140)
[2015.05.27-21.54.24:809][180]LogModuleManager: Shutting down and abandoning module SettingsEditor (139)
[2015.05.27-21.54.24:819][180]LogModuleManager: Shutting down and abandoning module ProjectLauncher (138)
[2015.05.27-21.54.24:819][180]LogModuleManager: Shutting down and abandoning module SessionFrontend (137)
[2015.05.27-21.54.24:819][180]LogModuleManager: Shutting down and abandoning module ProfilerClient (136)
[2015.05.27-21.54.24:826][180]LogModuleManager: Shutting down and abandoning module TargetDeviceServices (135)
[2015.05.27-21.54.24:826][180]LogModuleManager: Shutting down and abandoning module DeviceManager (134)
[2015.05.27-21.54.24:826][180]LogModuleManager: Shutting down and abandoning module AutomationController (133)
[2015.05.27-21.54.24:826][180]LogModuleManager: Shutting down and abandoning module AutomationWindow (132)
[2015.05.27-21.54.24:841][180]LogModuleManager: Shutting down and abandoning module Layers (131)
[2015.05.27-21.54.24:863][180]LogModuleManager: Shutting down and abandoning module ComponentVisualizers (130)
[2015.05.27-21.54.24:863][180]LogModuleManager: Shutting down and abandoning module DetailCustomizations (129)
[2015.05.27-21.54.24:863][180]LogModuleManager: Shutting down and abandoning module PackagesDialog (128)
[2015.05.27-21.54.24:863][180]LogModuleManager: Shutting down and abandoning module AssetRegistry (127)
[2015.05.27-21.54.24:895][180]LogModuleManager: Shutting down and abandoning module Persona (126)
[2015.05.27-21.54.24:903][180]LogModuleManager: Shutting down and abandoning module SlateReflector (125)
[2015.05.27-21.54.24:918][180]LogModuleManager: Shutting down and abandoning module LevelEditor (124)
[2015.05.27-21.54.24:919][180]LogModuleManager: Shutting down and abandoning module Kismet (123)
[2015.05.27-21.54.24:919][180]LogModuleManager: Shutting down and abandoning module GraphEditor (122)
[2015.05.27-21.54.24:947][180]LogModuleManager: Shutting down and abandoning module ClassViewer (121)
[2015.05.27-21.54.24:947][180]LogModuleManager: Shutting down and abandoning module Toolbox (120)
[2015.05.27-21.54.24:947][180]LogModuleManager: Shutting down and abandoning module ModuleUI (119)
[2015.05.27-21.54.24:959][180]LogModuleManager: Shutting down and abandoning module MovieSceneTools (118)
[2015.05.27-21.54.24:968][180]LogModuleManager: Shutting down and abandoning module OutputLog (117)
[2015.05.27-21.54.24:968][180]LogModuleManager: Shutting down and abandoning module GammaUI (116)
[2015.05.27-21.54.24:980][180]LogModuleManager: Shutting down and abandoning module Documentation (115)
[2015.05.27-21.54.24:980][180]LogModuleManager: Shutting down and abandoning module GameLiveStreaming (114)
[2015.05.27-21.54.24:980][180]LogModuleManager: Shutting down and abandoning module StreamingPauseRendering (113)
[2015.05.27-21.54.24:980][180]LogModuleManager: Shutting down and abandoning module HTTP (112)
[2015.05.27-21.54.24:980][180]LogModuleManager: Shutting down and abandoning module AnalyticsET (111)
[2015.05.27-21.54.24:980][180]LogModuleManager: Shutting down and abandoning module Analytics (110)
[2015.05.27-21.54.24:980][180]LogModuleManager: Shutting down and abandoning module AITestSuite (109)
[2015.05.27-21.54.24:980][180]LogModuleManager: Shutting down and abandoning module GameplayDebugger (108)
[2015.05.27-21.54.24:980][180]LogModuleManager: Shutting down and abandoning module AIModule (107)
[2015.05.27-21.54.24:980][180]LogModuleManager: Shutting down and abandoning module ProfilerService (106)
[2015.05.27-21.54.25:117][180]LogModuleManager: Shutting down and abandoning module TaskGraph (105)
[2015.05.27-21.54.25:132][180]LogModuleManager: Shutting down and abandoning module SlateRemote (104)
[2015.05.27-21.54.25:132][180]LogModuleManager: Shutting down and abandoning module ScriptEditorPlugin (103)
[2015.05.27-21.54.25:132][180]LogModuleManager: Shutting down and abandoning module CustomMeshComponent (102)
[2015.05.27-21.54.25:132][180]LogModuleManager: Shutting down and abandoning module CableComponent (101)
[2015.05.27-21.54.25:132][180]LogModuleManager: Shutting down and abandoning module MessagingDebugger (100)
[2015.05.27-21.54.25:142][180]LogModuleManager: Shutting down and abandoning module MediaPlayerEditor (99)
[2015.05.27-21.54.25:155][180]LogModuleManager: Shutting down and abandoning module SpeedTreeImporter (98)
[2015.05.27-21.54.25:155][180]LogModuleManager: Shutting down and abandoning module PluginsEditor (97)
[2015.05.27-21.54.25:155][180]LogModuleManager: Shutting down and abandoning module MainFrame (96)
[2015.05.27-21.54.25:155][180]LogModuleManager: Shutting down and abandoning module EpicSurvey (95)
[2015.05.27-21.54.25:155][180]LogModuleManager: Shutting down and abandoning module DesktopPlatform (94)
[2015.05.27-21.54.25:155][180]LogModuleManager: Shutting down and abandoning module DirectoryWatcher (93)
[2015.05.27-21.54.25:156][180]LogModuleManager: Shutting down and abandoning module HotReload (92)
[2015.05.27-21.54.25:156][180]LogModuleManager: Shutting down and abandoning module VisualStudioSourceCodeAccess (91)
[2015.05.27-21.54.25:156][180]LogModuleManager: Shutting down and abandoning module UObjectPlugin (90)
[2015.05.27-21.54.25:156][180]LogModuleManager: Shutting down and abandoning module SubversionSourceControl (89)
[2015.05.27-21.54.25:156][180]LogModuleManager: Shutting down and abandoning module PerforceSourceControl (88)
[2015.05.27-21.54.25:170][180]LogModuleManager: Shutting down and abandoning module SourceControl (87)
[2015.05.27-21.54.25:170][180]LogModuleManager: Shutting down and abandoning module GitSourceControl (86)
[2015.05.27-21.54.25:170][180]LogModuleManager: Shutting down and abandoning module BlankPlugin (85)
[2015.05.27-21.54.25:170][180]LogModuleManager: Shutting down and abandoning module PaperTiledImporter (84)
[2015.05.27-21.54.25:170][180]LogModuleManager: Shutting down and abandoning module PaperJsonImporter (83)
[2015.05.27-21.54.25:170][180]LogModuleManager: Shutting down and abandoning module ContentBrowser (82)
[2015.05.27-21.54.25:171][180]LogModuleManager: Shutting down and abandoning module Paper2DEditor (81)
[2015.05.27-21.54.25:171][180]LogModuleManager: Shutting down and abandoning module ScriptPlugin (80)
[2015.05.27-21.54.25:183][180]LogModuleManager: Shutting down and abandoning module UdpMessaging (79)
[2015.05.27-21.54.25:283][180]LogModuleManager: Shutting down and abandoning module Paper2D (78)
[2015.05.27-21.54.25:283][180]LogModuleManager: Shutting down and abandoning module WindowsMoviePlayer (77)
[2015.05.27-21.54.25:286][180]LogModuleManager: Shutting down and abandoning module Media (76)
[2015.05.27-21.54.25:286][180]LogModuleManager: Shutting down and abandoning module WmfMedia (75)
[2015.05.27-21.54.25:286][180]LogModuleManager: Shutting down and abandoning module OnlineBlueprintSupport (74)
[2015.05.27-21.54.25:286][180]LogModuleManager: Shutting down and abandoning module PropertyEditor (73)
[2015.05.27-21.54.25:286][180]LogModuleManager: Shutting down and abandoning module BehaviorTreeEditor (72)
[2015.05.27-21.54.25:298][180]LogModuleManager: Shutting down and abandoning module FunctionalTesting (71)
[2015.05.27-21.54.25:298][180]LogModuleManager: Shutting down and abandoning module CollisionAnalyzer (70)
[2015.05.27-21.54.25:307][180]LogModuleManager: Shutting down and abandoning module WorkspaceMenuStructure (69)
[2015.05.27-21.54.25:307][180]LogModuleManager: Shutting down and abandoning module MessageLog (68)
[2015.05.27-21.54.25:307][180]LogModuleManager: Shutting down and abandoning module Sequencer (67)
[2015.05.27-21.54.25:308][180]LogModuleManager: Shutting down and abandoning module AssetTools (66)
[2015.05.27-21.54.25:319][180]LogModuleManager: Shutting down and abandoning module UMGEditor (65)
[2015.05.27-21.54.25:331][180]LogModuleManager: Shutting down and abandoning module UMG (64)
[2015.05.27-21.54.25:331][180]LogModuleManager: Shutting down and abandoning module Slate (63)
[2015.05.27-21.54.25:331][180]LogModuleManager: Shutting down and abandoning module EditorStyle (62)
[2015.05.27-21.54.25:340][180]LogModuleManager: Shutting down and abandoning module SessionServices (61)
[2015.05.27-21.54.25:340][180]LogModuleManager: Shutting down and abandoning module SourceCodeAccess (60)
[2015.05.27-21.54.25:340][180]LogModuleManager: Shutting down and abandoning module HeadMountedDisplay (59)
[2015.05.27-21.54.25:340][180]LogModuleManager: Shutting down and abandoning module XAudio2 (58)
[2015.05.27-21.54.25:340][180]LogModuleManager: Shutting down and abandoning module Networking (56)
[2015.05.27-21.54.25:340][180]LogModuleManager: Shutting down and abandoning module Core (55)
[2015.05.27-21.54.25:340][180]LogModuleManager: Shutting down and abandoning module KismetCompiler (54)
[2015.05.27-21.54.25:340][180]LogModuleManager: Shutting down and abandoning module PhysXFormats (53)
[2015.05.27-21.54.25:340][180]LogModuleManager: Shutting down and abandoning module MeshUtilities (52)
[2015.05.27-21.54.25:340][180]LogModuleManager: Shutting down and abandoning module DerivedDataCache (51)
[2015.05.27-21.54.25:371][180]LogDerivedDataCache: Shutdown
[2015.05.27-21.54.25:372][180]LogModuleManager: Shutting down and abandoning module ShaderFormatOpenGL (50)
[2015.05.27-21.54.25:378][180]LogModuleManager: Shutting down and abandoning module ShaderFormatD3D (49)
[2015.05.27-21.54.25:378][180]LogModuleManager: Shutting down and abandoning module MetalShaderFormat (48)
[2015.05.27-21.54.25:385][180]LogModuleManager: Shutting down and abandoning module TextureFormatUncompressed (47)
[2015.05.27-21.54.25:385][180]LogModuleManager: Shutting down and abandoning module TextureFormatPVR (46)
[2015.05.27-21.54.25:385][180]LogModuleManager: Shutting down and abandoning module TextureFormatIntelISPCTexComp (45)
[2015.05.27-21.54.25:385][180]LogModuleManager: Shutting down and abandoning module TextureFormatDXT (44)
[2015.05.27-21.54.25:385][180]LogModuleManager: Shutting down and abandoning module ImageWrapper (43)
[2015.05.27-21.54.25:385][180]LogModuleManager: Shutting down and abandoning module TextureFormatASTC (42)
[2015.05.27-21.54.25:385][180]LogModuleManager: Shutting down and abandoning module TextureFormatAndroid (41)
[2015.05.27-21.54.25:385][180]LogModuleManager: Shutting down and abandoning module AudioFormatOpus (40)
[2015.05.27-21.54.25:385][180]LogModuleManager: Shutting down and abandoning module AudioFormatOgg (39)
[2015.05.27-21.54.25:385][180]LogModuleManager: Shutting down and abandoning module AudioFormatADPCM (38)
[2015.05.27-21.54.25:385][180]LogModuleManager: Shutting down and abandoning module LinuxTargetPlatform (37)
[2015.05.27-21.54.25:385][180]LogModuleManager: Shutting down and abandoning module LinuxServerTargetPlatform (36)
[2015.05.27-21.54.25:385][180]LogModuleManager: Shutting down and abandoning module LinuxNoEditorTargetPlatform (35)
[2015.05.27-21.54.25:385][180]LogModuleManager: Shutting down and abandoning module Messaging (34)
[2015.05.27-21.54.25:385][180]LogModuleManager: Shutting down and abandoning module IOSTargetPlatform (33)
[2015.05.27-21.54.25:385][180]LogModuleManager: Shutting down and abandoning module HTML5TargetPlatform (32)
[2015.05.27-21.54.25:385][180]LogModuleManager: Shutting down and abandoning module Android_PVRTCTargetPlatform (31)
[2015.05.27-21.54.25:385][180]LogModuleManager: Shutting down and abandoning module Android_ETC2TargetPlatform (30)
[2015.05.27-21.54.25:385][180]LogModuleManager: Shutting down and abandoning module Android_ETC1TargetPlatform (29)
[2015.05.27-21.54.25:385][180]LogModuleManager: Shutting down and abandoning module Android_ES31TargetPlatform (28)
[2015.05.27-21.54.25:385][180]LogModuleManager: Shutting down and abandoning module Android_DXTTargetPlatform (27)
[2015.05.27-21.54.25:385][180]LogModuleManager: Shutting down and abandoning module Android_ATCTargetPlatform (26)
[2015.05.27-21.54.25:385][180]LogModuleManager: Shutting down and abandoning module AndroidTargetPlatform (25)
[2015.05.27-21.54.25:386][180]LogModuleManager: Shutting down and abandoning module WindowsTargetPlatform (24)
[2015.05.27-21.54.25:386][180]LogModuleManager: Shutting down and abandoning module WindowsServerTargetPlatform (23)
[2015.05.27-21.54.25:386][180]LogModuleManager: Shutting down and abandoning module WindowsNoEditorTargetPlatform (22)
[2015.05.27-21.54.25:386][180]LogModuleManager: Shutting down and abandoning module WindowsClientTargetPlatform (21)
[2015.05.27-21.54.25:386][180]LogModuleManager: Shutting down and abandoning module TargetPlatform (20)
[2015.05.27-21.54.25:386][180]LogModuleManager: Shutting down and abandoning module InputCore (19)
[2015.05.27-21.54.25:386][180]LogModuleManager: Shutting down and abandoning module Settings (18)
[2015.05.27-21.54.25:386][180]LogModuleManager: Shutting down and abandoning module OnlineSubsystem (16)
[2015.05.27-21.54.25:386][180]LogModuleManager: Shutting down and abandoning module OculusRift (15)
[2015.05.27-21.54.25:386][180]LogModuleManager: Shutting down and abandoning module ExampleDeviceProfileSelector (14)
[2015.05.27-21.54.25:386][180]LogModuleManager: Shutting down and abandoning module TextureCompressor (13)
[2015.05.27-21.54.25:386][180]LogModuleManager: Shutting down and abandoning module ShaderCore (12)
[2015.05.27-21.54.25:386][180]LogModuleManager: Shutting down and abandoning module Landscape (11)
[2015.05.27-21.54.25:386][180]LogModuleManager: Shutting down and abandoning module SlateRHIRenderer (10)
[2015.05.27-21.54.25:388][180]LogModuleManager: Shutting down and abandoning module OpenGLDrv (9)
[2015.05.27-21.54.25:388][180]LogModuleManager: Shutting down and abandoning module D3D11RHI (8)
[2015.05.27-21.54.25:388][180]LogModuleManager: Shutting down and abandoning module Renderer (7)
[2015.05.27-21.54.25:388][180]LogModuleManager: Shutting down and abandoning module Engine (6)
[2015.05.27-21.54.25:388][180]LogModuleManager: Shutting down and abandoning module CoreUObject (5)
[2015.05.27-21.54.25:388][180]LogModuleManager: Shutting down and abandoning module NetworkFile (4)
[2015.05.27-21.54.25:397][180]LogModuleManager: Shutting down and abandoning module StreamingFile (3)
[2015.05.27-21.54.25:397][180]LogModuleManager: Shutting down and abandoning module SandboxFile (2)
[2015.05.27-21.54.25:397][180]LogModuleManager: Shutting down and abandoning module PakFile (1)
[2015.05.27-21.54.25:411][180]LogExit: Exiting.
[2015.05.27-21.54.25:437][180]Log file closed, 05/27/15 14:54:25
