Log file open, 05/01/15 16:35:27
LogInit:Display: Running engine for game: GodKiller
LogInit: Version: 4.7.3-2479750+++depot+UE4-Releases+4.7
LogInit: API Version: 2455222
LogInit: Compiled (64-bit): Mar 15 2015 23:20:45
LogInit: Compiled with Visual C++: 18.00.21005.01
LogInit: Build Configuration: Development
LogInit: Branch Name: ++depot+UE4-Releases+4.7
LogInit: Command line: 
LogInit: Base directory: I:/U4/4.7/Engine/Binaries/Win64/
LogInit: Rocket: 1
[2015.05.01-23.35.27:980][  0]LogTaskGraph: Started task graph with 3 named threads and 6 total threads.
[2015.05.01-23.35.28:051][  0]LogOnline:Warning: No default platform service specified for OnlineSubsystem
[2015.05.01-23.35.28:092][  0]LogInit: Presizing for 0 objects not considered by GC, pre-allocating 0 bytes.
[2015.05.01-23.35.28:101][  0]LogInit: Object subsystem initialized
[2015.05.01-23.35.28:103][  0]LogConsoleResponse:Warning: Skipping Unknown console variable: 'TranslucentSortAxis = (X=0.000000,Y=-1.000000,Z=0.000000)'
[2015.05.01-23.35.28:103][  0]LogConsoleResponse:Warning:   Found in ini file 'I:/Isaac's stuff/GodKiller/God-Killer/Saved/Config/Windows/Engine.ini', in section '[/Script/Engine.RendererSettings]'
[2015.05.01-23.35.28:103][  0]LogConsoleResponse:Warning: Skipping Unknown console variable: 'UIScaleRule = ShortestSide'
[2015.05.01-23.35.28:103][  0]LogConsoleResponse:Warning:   Found in ini file 'I:/Isaac's stuff/GodKiller/God-Killer/Saved/Config/Windows/Engine.ini', in section '[/Script/Engine.RendererSettings]'
[2015.05.01-23.35.28:103][  0]LogConsoleResponse:Warning: Skipping Unknown console variable: 'UIScaleCurve = (EditorCurveData=(Keys=),ExternalCurve=None)'
[2015.05.01-23.35.28:103][  0]LogConsoleResponse:Warning:   Found in ini file 'I:/Isaac's stuff/GodKiller/God-Killer/Saved/Config/Windows/Engine.ini', in section '[/Script/Engine.RendererSettings]'
[2015.05.01-23.35.28:104][  0]LogInit: Selected Device Profile: [Windows]
[2015.05.01-23.35.28:104][  0]LogInit: Applying CVar settings loaded from the selected device profile: [Windows]
[2015.05.01-23.35.28:123][  0]LogInit: Computer: BOYSPC-PC
[2015.05.01-23.35.28:123][  0]LogInit: User: boyspc
[2015.05.01-23.35.28:123][  0]LogInit: CPU Page size=4096, Cores=4
[2015.05.01-23.35.28:123][  0]LogInit: High frequency timer resolution =3.020537 MHz
[2015.05.01-23.35.28:123][  0]LogMemory: Memory total: Physical=16.0GB (16GB approx) Virtual=8192.0GB
[2015.05.01-23.35.28:123][  0]LogMemory: Platform Memory Stats for Windows
[2015.05.01-23.35.28:123][  0]LogMemory: Process Physical Memory: 47.23 MB used, 47.23 MB peak
[2015.05.01-23.35.28:123][  0]LogMemory: Process Virtual Memory: 27.35 MB used, 27.35 MB peak
[2015.05.01-23.35.28:123][  0]LogMemory: Physical Memory: 3649.80 MB used, 16366.69 MB total
[2015.05.01-23.35.28:123][  0]LogMemory: Virtual Memory: 280.47 MB used, 8388608.00 MB total
[2015.05.01-23.35.28:179][  0]LogD3D11RHI: Found D3D11 adapter 0: AMD FirePro V4900 (ATI FireGL) (Feature Level 11_0)
[2015.05.01-23.35.28:179][  0]LogD3D11RHI: Adapter has 1000MB of dedicated video memory, 0MB of dedicated system memory, and 7927MB of shared system memory, 1 output[s]
[2015.05.01-23.35.28:179][  0]LogD3D11RHI: Chosen D3D11 Adapter Id = 0
[2015.05.01-23.35.28:182][  0]LogRHI: Texture pool is 700 MB (70% of 1000 MB)
[2015.05.01-23.35.28:194][  0]LogD3D11RHI: Async texture creation disabled: no driver support
[2015.05.01-23.35.28:327][  0]LogTextLocalizationManager: The requested culture ('en_US') has no localization data; parent culture's ('en') localization data will be used.
[2015.05.01-23.35.28:387][  0]LogTextLocalizationManager:Warning: Loading localization resources contain conflicting entries for (Namespace:UICommands, Key:Save_ToolTip):
Resource: (I:/U4/4.7/Engine/Content/Localization/Editor/en/Editor.locres) Hash: (-29098895) String: (Saves the current level to disk)
Resource: (I:/U4/4.7/Engine/Content/Localization/Engine/en/Engine.locres) Hash: (-1280300587) String: (Save selected data to vlog file)
[2015.05.01-23.35.28:387][  0]LogTextLocalizationManager:Warning: Loading localization resources contain conflicting entries for (Namespace:ContentBrowser, Key:ImportAssetToolTip):
Resource: (I:/U4/4.7/Engine/Content/Localization/Editor/en/Editor.locres) Hash: (-630476809) String: (Import to {0}...)
Resource: (I:/U4/4.7/Engine/Content/Localization/Editor/en/Editor.locres) Hash: (1271782899) String: (Imports an asset from file to this folder.)
[2015.05.01-23.35.28:467][  0]LogContentStreaming: Texture pool size is 0.000000MB
[2015.05.01-23.35.31:242][  0]LogTargetPlatformManager:Display: Building Assets For Windows
[2015.05.01-23.35.32:011][  0]LogTargetPlatformManager:Display: Building Assets For Windows
[2015.05.01-23.35.32:105][  0]LogDerivedDataCache:Display: Max Cache Size: 512 MB
[2015.05.01-23.35.32:141][  0]LogDerivedDataCache: Loaded boot cache 0.04s 39MB C:/Users/boyspc/AppData/Local/UnrealEngine/4.7/DerivedDataCache/Boot.ddc.
[2015.05.01-23.35.32:141][  0]LogDerivedDataCache:Display: Loaded Boot cache: C:/Users/boyspc/AppData/Local/UnrealEngine/4.7/DerivedDataCache/Boot.ddc
[2015.05.01-23.35.32:141][  0]LogDerivedDataCache: FDerivedDataBackendGraph:  Pak pak cache file ../../../../../Isaac's stuff/GodKiller/God-Killer/DerivedDataCache/DDC.ddp not found, will not use a pak cache.
[2015.05.01-23.35.32:141][  0]LogDerivedDataCache: Unable to find inner node Pak for hierarchical cache Hierarchy.
[2015.05.01-23.35.32:273][  0]LogDerivedDataCache:Display: Pak cache opened for reading ../../../Engine/DerivedDataCache/Compressed.ddp.
[2015.05.01-23.35.32:285][  0]LogDerivedDataCache: Using Local data cache path C:/Users/boyspc/AppData/Local/UnrealEngine/Common/DerivedDataCache: Writable
[2015.05.01-23.35.32:641][  0]LogMeshUtilities: No automatic mesh reduction module available
[2015.05.01-23.35.32:642][  0]LogMeshUtilities: No automatic mesh merging module available
[2015.05.01-23.35.33:042][  0]LogInit: WinSock: version 1.1 (2.2), MaxSocks=32767, MaxUdp=65467
[2015.05.01-23.35.33:175][  0]LogSlate:Warning: Failed to load font data from '../../../Engine/Content/Slate/Fonts/Roboto-Italic.ttf'
[2015.05.01-23.35.34:379][  0]UdpMessaging: Initializing bridge on interface 0.0.0.0:0 to multicast group 230.0.0.1:6666.
[2015.05.01-23.35.34:784][  0]SourceControl: Info Source control is disabled
[2015.05.01-23.35.34:784][  0]SourceControl: Info Source control is disabled
[2015.05.01-23.35.34:784][  0]SourceControl: Info Source control is disabled
[2015.05.01-23.35.34:784][  0]LogSourceControl: RunCommandInternalRaw: 'git version'
[2015.05.01-23.35.34:784][  0]LogSourceControl: RunCommandInternalRaw: ExecProcess ReturnCode=2 OutResults=''
[2015.05.01-23.35.34:799][  0]SourceControl: Info Source control is disabled
[2015.05.01-23.35.35:176][  0]LogObj: 24231 objects as part of root set at end of initial load.
[2015.05.01-23.35.35:176][  0]LogUObjectAllocator: 5136432 out of 0 bytes used by permanent object pool.
[2015.05.01-23.35.35:291][  0]LogEngine: Initializing Engine...
[2015.05.01-23.35.37:476][  0]LogInit: XAudio2 using 'Speakers (Realtek High Definition Audio)' : 2 channels at 48 kHz using 32 bits per sample (channel mask 0x3)
[2015.05.01-23.35.37:514][  0]LogInit: FAudioDevice initialized.
[2015.05.01-23.35.37:579][  0]LogAIModule: Creating AISystem for world NewWorld
[2015.05.01-23.35.37:597][  0]LogDerivedDataCache: Saved boot cache 0.02s 39MB C:/Users/boyspc/AppData/Local/UnrealEngine/4.7/DerivedDataCache/Boot.ddc.
[2015.05.01-23.35.37:602][  0]LogInit: Texture streaming: Enabled
[2015.05.01-23.35.37:727][  0]LogAnalytics: Creating configured Analytics provider AnalyticsET
[2015.05.01-23.35.37:727][  0]LogAnalytics: ET APIKey = Rocket.Release. APIServer = http://et2.epicgames.com/ET2/. AppVersion = 4.7.3-2479750+++depot+UE4-Releases+4.7
[2015.05.01-23.35.37:727][  0]LogAnalytics: ET APIKey = Rocket.Release. DataRouterUploadURL = https://datarouter-public-service-gamedev.ol.epicgames.net/datarouter/api/v1/public/data. AppVersion = 4.7.3-2479750+++depot+UE4-Releases+4.7
[2015.05.01-23.35.37:727][  0]LogAnalytics: SetUserId 3f96474f42888e5adcf5e2b93ddc4295|b7ce396ac5c943b599479ca52b5cfda1|085ebe92-5277-43bd-93b4-8a7cc3dd34ef
[2015.05.01-23.35.37:728][  0]LogAnalytics: AnalyticsET::StartSession [Rocket.Release]
[2015.05.01-23.35.37:792][  0]LogInit: Transaction tracking system initialized
[2015.05.01-23.35.38:137][  0]BlueprintLog: New page: Editor Load
[2015.05.01-23.35.38:192][  0]LogAssetRegistry: FAssetRegistry took 0.0095 seconds to start up
[2015.05.01-23.35.38:192][  0]LogDirectoryWatcher:Warning: Failed to begin reading directory changes for ../../../Engine/Plugins/Experimental/CharacterAI/Content/. Error: 0
[2015.05.01-23.35.39:003][  0]LogTargetPlatformManager:Display: Building Assets For Windows
[2015.05.01-23.35.39:454][  0]LogTargetPlatformManager:Display: Building Assets For Windows
[2015.05.01-23.35.39:945][  0]LogSlate:Warning: Failed to load font data from '../../../Engine/Content/Editor/Slate/Fonts/Roboto-Regular.ttf'
[2015.05.01-23.35.39:945][  0]LogSlate:Warning: Failed to load font data from '../../../Engine/Content/Editor/Slate/Fonts/Roboto-Bold.ttf'
[2015.05.01-23.35.39:994][  0]LogConsoleResponse:Display: 
[2015.05.01-23.35.40:146][  0]LogCook:Display: Done creating registry. It took  0.00s.
[2015.05.01-23.35.40:434][  0]SourceControl: Info Source control is disabled
[2015.05.01-23.35.40:434][  0]Cmd: MAP LOAD FILE="../../../../../Isaac's stuff/GodKiller/God-Killer/Content/ThirdPersonBP/Maps/ThirdPersonExampleMap.umap" TEMPLATE=0 SHOWPROGRESS=1 FEATURELEVEL=3
[2015.05.01-23.35.40:435][  0]LightingResults: New page: Lighting Build
[2015.05.01-23.35.40:455][  0]MapCheck: New page: Map Check
[2015.05.01-23.35.40:455][  0]LightingResults: New page: Lighting Build
[2015.05.01-23.35.40:461][  0]LogParticles: Destroying 0 GPU particle simulations for FXSystem 0x0000000017184E00
[2015.05.01-23.35.40:488][  0]LogLinker:Warning: Asset '../../../Engine/Content/EngineMeshes/Humanoid.uasset' has been saved with empty engine version. The asset will be loaded but may be incompatible.
[2015.05.01-23.35.43:640][  0]LogEditorServer: Finished looking for orphan Actors (0.000 secs)
[2015.05.01-23.35.44:646][  0]LogAIModule: Creating AISystem for world ThirdPersonExampleMap
[2015.05.01-23.35.44:647][  0]Cmd: MAP CHECKDEP
[2015.05.01-23.35.44:647][  0]MapCheck: New page: ThirdPersonExampleMap - May 1, 2015, 9:35:44 AM
[2015.05.01-23.35.44:767][  0]MapCheck: Info Map check complete: 0 Error(s), 0 Warning(s), took 119.724ms to complete.
[2015.05.01-23.35.44:767][  0]LogFileHelpers: Loading map 'ThirdPersonExampleMap' took 4.334
[2015.05.01-23.35.44:928][  0]LogCollectionManager: Loaded 0 collections in 0.002264 seconds
[2015.05.01-23.35.44:937][  0]LogContentBrowser: Native class hierarchy populated in 0.0091 seconds. Added 1696 classes and 261 folders.
[2015.05.01-23.35.45:119][  0]LogContentBrowser: Native class hierarchy updated for 'SceneOutliner' in 0.0016 seconds. Added 1 classes and 2 folders.
[2015.05.01-23.35.45:312][  0]LogCrashTracker: Crashtracker disabled due to settings.
[2015.05.01-23.35.45:313][  0]LogSlate:Warning: Failed to load font data from 'Veranda'
[2015.05.01-23.35.45:316][  0]LogUObjectGlobals:Warning: Failed to find object 'Class None.'
[2015.05.01-23.35.45:342][  0]LogLoad: Full Startup: 19.74 seconds (BP compile: 0.85 seconds)
[2015.05.01-23.35.45:367][  0]LogContentBrowser:Verbose: The content browser source was changed by the sources view to '/Game/ThirdPersonBP/Blueprints'
[2015.05.01-23.35.45:613][  0]LogRenderer:Warning: Reallocating scene render targets to support 32x32 (Frame:2).
[2015.05.01-23.35.45:797][  0]LogRenderer:Warning: Reallocating scene render targets to support 1128x936 (Frame:5).
[2015.05.01-23.35.46:024][  4]LogAssetRegistry: Asset discovery search completed in 7.8443 seconds
[2015.05.01-23.35.56:487][268]LogContentBrowser:Verbose: The content browser source was changed by the sources view to '/Game/Models'
[2015.05.01-23.36.03:411][533]LogContentBrowser:Verbose: The content browser source was changed by the sources view to '/Game/Models/Pillar'
[2015.05.01-23.36.05:483][611]LogContentBrowser:Verbose: The content browser source was changed by the sources view to '/Game/Models'
[2015.05.01-23.36.06:113][640]LogContentBrowser:Verbose: The content browser source was changed by the sources view to '/Game/Models/Lantern'
[2015.05.01-23.36.37:803][887]LogFactory: FactoryCreateBinary: StaticMesh with FbxFactory (0 0 H:/GodKiller/Exports/Firepit_Short.FBX)
[2015.05.01-23.36.37:907][887]LogFbx: ItemName: GlobalSettings, ItemCount : 1
[2015.05.01-23.36.37:907][887]LogFbx: ItemName: AnimationStack, ItemCount : 1
[2015.05.01-23.36.37:907][887]LogFbx: ItemName: AnimationLayer, ItemCount : 1
[2015.05.01-23.36.37:907][887]LogFbx: ItemName: Model, ItemCount : 1
[2015.05.01-23.36.37:907][887]LogFbx: ItemName: Geometry, ItemCount : 1
[2015.05.01-23.36.37:907][887]LogFbx: ItemName: Material, ItemCount : 3
[2015.05.01-23.36.37:908][887]LogFbx: ItemName: Texture, ItemCount : 3
[2015.05.01-23.36.37:908][887]LogFbx: ItemName: Video, ItemCount : 3
[2015.05.01-23.36.45:011][887]LogFbx: Loading FBX Scene from H:/GodKiller/Exports/Firepit_Short.FBX
[2015.05.01-23.36.45:067][887]LogFbx: FBX Scene Loaded Succesfully
[2015.05.01-23.36.45:080][887]LogFbx: == Initial material list:
[2015.05.01-23.36.45:080][887]LogFbx: 0: Material #13
[2015.05.01-23.36.45:080][887]LogFbx: 1: Material #14
[2015.05.01-23.36.45:080][887]LogFbx: 2: 01 - Default
[2015.05.01-23.36.45:080][887]LogFbx: == After sorting:
[2015.05.01-23.36.45:080][887]LogFbx: 0: Material #13
[2015.05.01-23.36.45:080][887]LogFbx: 1: Material #14
[2015.05.01-23.36.45:080][887]LogFbx: 2: 01 - Default
[2015.05.01-23.36.45:080][887]LogFbx: == Mapping table:
[2015.05.01-23.36.45:080][887]LogFbx:   sort 0 -> 0
[2015.05.01-23.36.45:080][887]LogFbx:   sort 1 -> 1
[2015.05.01-23.36.45:080][887]LogFbx:   sort 2 -> 2
[2015.05.01-23.36.45:107][887]LogStaticMesh: Building static mesh Firepit_Short...
[2015.05.01-23.36.45:144][887]LogStaticMesh: Built static mesh [58.259510ms] /Game/Models/Lantern/Firepit_Short.Firepit_Short
[2015.05.01-23.36.45:181][887]LogFactory: FactoryCreateBinary: StaticMesh with FbxFactory (0 0 H:/GodKiller/Exports/Firepit_Tall.FBX)
[2015.05.01-23.36.45:215][887]LogFbx: Loading FBX Scene from H:/GodKiller/Exports/Firepit_Tall.FBX
[2015.05.01-23.36.45:230][887]LogFbx: FBX Scene Loaded Succesfully
[2015.05.01-23.36.45:235][887]LogFbx: == Initial material list:
[2015.05.01-23.36.45:235][887]LogFbx: 0: Material #13
[2015.05.01-23.36.45:235][887]LogFbx: 1: Material #14
[2015.05.01-23.36.45:235][887]LogFbx: 2: 01 - Default
[2015.05.01-23.36.45:235][887]LogFbx: == After sorting:
[2015.05.01-23.36.45:235][887]LogFbx: 0: Material #13
[2015.05.01-23.36.45:235][887]LogFbx: 1: Material #14
[2015.05.01-23.36.45:235][887]LogFbx: 2: 01 - Default
[2015.05.01-23.36.45:235][887]LogFbx: == Mapping table:
[2015.05.01-23.36.45:235][887]LogFbx:   sort 0 -> 0
[2015.05.01-23.36.45:235][887]LogFbx:   sort 1 -> 1
[2015.05.01-23.36.45:235][887]LogFbx:   sort 2 -> 2
[2015.05.01-23.36.45:257][887]LogStaticMesh: Building static mesh Firepit_Tall...
[2015.05.01-23.36.45:291][887]LogStaticMesh: Built static mesh [51.297832ms] /Game/Models/Lantern/Firepit_Tall.Firepit_Tall
[2015.05.01-23.36.45:336][887]LogContentBrowser:Verbose: The content browser source was changed by the sources view to 'None'
[2015.05.01-23.36.45:336][887]LogContentBrowser:Verbose: The content browser source was changed by the sources view to '/Game/Models/Lantern'
[2015.05.01-23.36.45:337][887]LogContentBrowser:Verbose: The content browser source was changed by the sources view to '/Game/Models/Lantern'
[2015.05.01-23.36.47:913][973]LogActorComponent: UnregisterComponent: (/Engine/Transient.CharMoveComp) Not registered. Aborting.
[2015.05.01-23.36.47:913][973]LogActorComponent: UnregisterComponent: (/Engine/Transient.CharacterMovementComponent_0) Not registered. Aborting.
[2015.05.01-23.36.49:389][973]Cmd: OBJ SAVEPACKAGE PACKAGE="/Game/Models/Lantern/Firepit_Short" FILE="../../../../../Isaac's stuff/GodKiller/God-Killer/Content/Models/Lantern/Firepit_Short.uasset" SILENT=true
[2015.05.01-23.36.49:578][973]LogSavePackage: Save=186.269196ms
[2015.05.01-23.36.49:578][973]LogSavePackage: Moving '../../../../../Isaac's stuff/GodKiller/God-Killer/Saved/Firepit_Short227507E84737379D6DBB4892FFF1084A.tmp' to '../../../../../Isaac's stuff/GodKiller/God-Killer/Content/Models/Lantern/Firepit_Short.uasset'
[2015.05.01-23.36.49:602][973]Cmd: OBJ SAVEPACKAGE PACKAGE="/Game/Models/Lantern/Firepit_Tall" FILE="../../../../../Isaac's stuff/GodKiller/God-Killer/Content/Models/Lantern/Firepit_Tall.uasset" SILENT=true
[2015.05.01-23.36.49:801][973]LogSavePackage: Save=195.105377ms
[2015.05.01-23.36.49:801][973]LogSavePackage: Moving '../../../../../Isaac's stuff/GodKiller/God-Killer/Saved/Firepit_Tall00D7B67E447681C837BC12A2321FE318.tmp' to '../../../../../Isaac's stuff/GodKiller/God-Killer/Content/Models/Lantern/Firepit_Tall.uasset'
[2015.05.01-23.37.03:257][463]Cmd: QUIT_EDITOR
[2015.05.01-23.37.03:516][463]LogExit: Preparing to exit.
[2015.05.01-23.37.04:509][463]LogExit: Editor shut down
[2015.05.01-23.37.04:510][463]LogExit: Transaction tracking system shut down
[2015.05.01-23.37.04:511][463]LogParticles: Destroying 0 GPU particle simulations for FXSystem 0x0000000019806480
[2015.05.01-23.37.04:512][463]LogParticles: Destroying 0 GPU particle simulations for FXSystem 0x00000000400F05E0
[2015.05.01-23.37.04:512][463]LogParticles: Destroying 0 GPU particle simulations for FXSystem 0x000000003F90DC60
[2015.05.01-23.37.04:512][463]LogParticles: Destroying 0 GPU particle simulations for FXSystem 0x0000000041927BA0
[2015.05.01-23.37.04:646][463]LogExit: Object subsystem successfully closed.
[2015.05.01-23.37.04:692][463]LogModuleManager: Shutting down and abandoning module CrashTracker (177)
[2015.05.01-23.37.04:692][463]LogModuleManager: Shutting down and abandoning module SuperSearch (176)
[2015.05.01-23.37.04:692][463]LogModuleManager: Shutting down and abandoning module SceneOutliner (175)
[2015.05.01-23.37.04:692][463]LogModuleManager: Shutting down and abandoning module EditorWidgets (174)
[2015.05.01-23.37.04:692][463]LogModuleManager: Shutting down and abandoning module CollectionManager (173)
[2015.05.01-23.37.04:692][463]LogModuleManager: Shutting down and abandoning module StatsViewer (172)
[2015.05.01-23.37.04:692][463]LogModuleManager: Shutting down and abandoning module FoliageEdit (171)
[2015.05.01-23.37.04:692][463]LogModuleManager: Shutting down and abandoning module LandscapeEditor (170)
[2015.05.01-23.37.04:692][463]LogModuleManager: Shutting down and abandoning module MeshPaint (169)
[2015.05.01-23.37.04:692][463]LogModuleManager: Shutting down and abandoning module ActorPickerMode (168)
[2015.05.01-23.37.04:692][463]LogModuleManager: Shutting down and abandoning module GeometryMode (167)
[2015.05.01-23.37.04:692][463]LogModuleManager: Shutting down and abandoning module TextureAlignMode (166)
[2015.05.01-23.37.04:692][463]LogModuleManager: Shutting down and abandoning module BspMode (165)
[2015.05.01-23.37.04:692][463]LogModuleManager: Shutting down and abandoning module PlacementMode (164)
[2015.05.01-23.37.04:692][463]LogModuleManager: Shutting down and abandoning module AutomationWorker (163)
[2015.05.01-23.37.04:692][463]LogModuleManager: Shutting down and abandoning module CharacterAI (162)
[2015.05.01-23.37.04:692][463]LogModuleManager: Shutting down and abandoning module SmartSnapping (161)
[2015.05.01-23.37.04:692][463]LogModuleManager: Shutting down and abandoning module ViewportSnapping (160)
[2015.05.01-23.37.04:692][463]LogModuleManager: Shutting down and abandoning module LogVisualizer (159)
[2015.05.01-23.37.04:692][463]LogModuleManager: Shutting down and abandoning module GameProjectGeneration (158)
[2015.05.01-23.37.04:692][463]LogModuleManager: Shutting down and abandoning module IntroTutorials (157)
[2015.05.01-23.37.04:692][463]LogModuleManager: Shutting down and abandoning module EditorLiveStreaming (156)
[2015.05.01-23.37.04:692][463]LogModuleManager: Shutting down and abandoning module HardwareTargeting (155)
[2015.05.01-23.37.04:692][463]LogModuleManager: Shutting down and abandoning module DeviceProfileEditor (154)
[2015.05.01-23.37.04:692][463]LogModuleManager: Shutting down and abandoning module UndoHistory (153)
[2015.05.01-23.37.04:692][463]LogModuleManager: Shutting down and abandoning module GameplayTagsEditor (152)
[2015.05.01-23.37.04:692][463]LogModuleManager: Shutting down and abandoning module UserFeedback (151)
[2015.05.01-23.37.04:692][463]LogModuleManager: Shutting down and abandoning module XmlParser (150)
[2015.05.01-23.37.04:692][463]LogModuleManager: Shutting down and abandoning module Blutility (149)
[2015.05.01-23.37.04:692][463]LogModuleManager: Shutting down and abandoning module IOSPlatformEditor (148)
[2015.05.01-23.37.04:692][463]LogModuleManager: Shutting down and abandoning module IOSRuntimeSettings (147)
[2015.05.01-23.37.04:692][463]LogModuleManager: Shutting down and abandoning module AndroidDeviceDetection (146)
[2015.05.01-23.37.05:590][463]LogModuleManager: Shutting down and abandoning module AndroidPlatformEditor (145)
[2015.05.01-23.37.05:590][463]LogModuleManager: Shutting down and abandoning module AndroidRuntimeSettings (144)
[2015.05.01-23.37.05:590][463]LogModuleManager: Shutting down and abandoning module ProjectTargetPlatformEditor (143)
[2015.05.01-23.37.05:590][463]LogModuleManager: Shutting down and abandoning module ProjectSettingsViewer (142)
[2015.05.01-23.37.05:590][463]LogModuleManager: Shutting down and abandoning module InputBindingEditor (141)
[2015.05.01-23.37.05:590][463]LogModuleManager: Shutting down and abandoning module EditorSettingsViewer (140)
[2015.05.01-23.37.05:590][463]LogModuleManager: Shutting down and abandoning module SettingsEditor (139)
[2015.05.01-23.37.05:590][463]LogModuleManager: Shutting down and abandoning module ProjectLauncher (138)
[2015.05.01-23.37.05:590][463]LogModuleManager: Shutting down and abandoning module SessionFrontend (137)
[2015.05.01-23.37.05:590][463]LogModuleManager: Shutting down and abandoning module ProfilerClient (136)
[2015.05.01-23.37.05:590][463]LogModuleManager: Shutting down and abandoning module TargetDeviceServices (135)
[2015.05.01-23.37.05:591][463]LogModuleManager: Shutting down and abandoning module DeviceManager (134)
[2015.05.01-23.37.05:591][463]LogModuleManager: Shutting down and abandoning module AutomationController (133)
[2015.05.01-23.37.05:591][463]LogModuleManager: Shutting down and abandoning module AutomationWindow (132)
[2015.05.01-23.37.05:591][463]LogModuleManager: Shutting down and abandoning module Layers (131)
[2015.05.01-23.37.05:591][463]LogModuleManager: Shutting down and abandoning module ComponentVisualizers (130)
[2015.05.01-23.37.05:591][463]LogModuleManager: Shutting down and abandoning module DetailCustomizations (129)
[2015.05.01-23.37.05:591][463]LogModuleManager: Shutting down and abandoning module PackagesDialog (128)
[2015.05.01-23.37.05:591][463]LogModuleManager: Shutting down and abandoning module AssetRegistry (127)
[2015.05.01-23.37.05:702][463]LogModuleManager: Shutting down and abandoning module Persona (126)
[2015.05.01-23.37.05:702][463]LogModuleManager: Shutting down and abandoning module SlateReflector (125)
[2015.05.01-23.37.05:702][463]LogModuleManager: Shutting down and abandoning module LevelEditor (124)
[2015.05.01-23.37.05:704][463]LogModuleManager: Shutting down and abandoning module Kismet (123)
[2015.05.01-23.37.05:704][463]LogModuleManager: Shutting down and abandoning module GraphEditor (122)
[2015.05.01-23.37.05:704][463]LogModuleManager: Shutting down and abandoning module ClassViewer (121)
[2015.05.01-23.37.05:704][463]LogModuleManager: Shutting down and abandoning module Toolbox (120)
[2015.05.01-23.37.05:704][463]LogModuleManager: Shutting down and abandoning module ModuleUI (119)
[2015.05.01-23.37.05:704][463]LogModuleManager: Shutting down and abandoning module MovieSceneTools (118)
[2015.05.01-23.37.05:704][463]LogModuleManager: Shutting down and abandoning module OutputLog (117)
[2015.05.01-23.37.05:704][463]LogModuleManager: Shutting down and abandoning module GammaUI (116)
[2015.05.01-23.37.05:704][463]LogModuleManager: Shutting down and abandoning module Documentation (115)
[2015.05.01-23.37.05:704][463]LogModuleManager: Shutting down and abandoning module GameLiveStreaming (114)
[2015.05.01-23.37.05:704][463]LogModuleManager: Shutting down and abandoning module StreamingPauseRendering (113)
[2015.05.01-23.37.05:704][463]LogModuleManager: Shutting down and abandoning module HTTP (112)
[2015.05.01-23.37.05:704][463]LogModuleManager: Shutting down and abandoning module AnalyticsET (111)
[2015.05.01-23.37.05:704][463]LogModuleManager: Shutting down and abandoning module Analytics (110)
[2015.05.01-23.37.05:704][463]LogModuleManager: Shutting down and abandoning module AITestSuite (109)
[2015.05.01-23.37.05:704][463]LogModuleManager: Shutting down and abandoning module GameplayDebugger (108)
[2015.05.01-23.37.05:704][463]LogModuleManager: Shutting down and abandoning module AIModule (107)
[2015.05.01-23.37.05:704][463]LogModuleManager: Shutting down and abandoning module ProfilerService (106)
[2015.05.01-23.37.05:739][463]LogModuleManager: Shutting down and abandoning module TaskGraph (105)
[2015.05.01-23.37.05:739][463]LogModuleManager: Shutting down and abandoning module SlateRemote (104)
[2015.05.01-23.37.05:739][463]LogModuleManager: Shutting down and abandoning module ScriptEditorPlugin (103)
[2015.05.01-23.37.05:739][463]LogModuleManager: Shutting down and abandoning module CustomMeshComponent (102)
[2015.05.01-23.37.05:739][463]LogModuleManager: Shutting down and abandoning module CableComponent (101)
[2015.05.01-23.37.05:739][463]LogModuleManager: Shutting down and abandoning module MessagingDebugger (100)
[2015.05.01-23.37.05:739][463]LogModuleManager: Shutting down and abandoning module MediaPlayerEditor (99)
[2015.05.01-23.37.05:739][463]LogModuleManager: Shutting down and abandoning module SpeedTreeImporter (98)
[2015.05.01-23.37.05:739][463]LogModuleManager: Shutting down and abandoning module PluginsEditor (97)
[2015.05.01-23.37.05:739][463]LogModuleManager: Shutting down and abandoning module MainFrame (96)
[2015.05.01-23.37.05:739][463]LogModuleManager: Shutting down and abandoning module EpicSurvey (95)
[2015.05.01-23.37.05:739][463]LogModuleManager: Shutting down and abandoning module DesktopPlatform (94)
[2015.05.01-23.37.05:739][463]LogModuleManager: Shutting down and abandoning module DirectoryWatcher (93)
[2015.05.01-23.37.05:739][463]LogModuleManager: Shutting down and abandoning module HotReload (92)
[2015.05.01-23.37.05:739][463]LogModuleManager: Shutting down and abandoning module VisualStudioSourceCodeAccess (91)
[2015.05.01-23.37.05:739][463]LogModuleManager: Shutting down and abandoning module UObjectPlugin (90)
[2015.05.01-23.37.05:739][463]LogModuleManager: Shutting down and abandoning module SubversionSourceControl (89)
[2015.05.01-23.37.05:739][463]LogModuleManager: Shutting down and abandoning module PerforceSourceControl (88)
[2015.05.01-23.37.05:739][463]LogModuleManager: Shutting down and abandoning module SourceControl (87)
[2015.05.01-23.37.05:740][463]LogModuleManager: Shutting down and abandoning module GitSourceControl (86)
[2015.05.01-23.37.05:740][463]LogModuleManager: Shutting down and abandoning module BlankPlugin (85)
[2015.05.01-23.37.05:740][463]LogModuleManager: Shutting down and abandoning module PaperTiledImporter (84)
[2015.05.01-23.37.05:740][463]LogModuleManager: Shutting down and abandoning module PaperJsonImporter (83)
[2015.05.01-23.37.05:740][463]LogModuleManager: Shutting down and abandoning module ContentBrowser (82)
[2015.05.01-23.37.05:740][463]LogModuleManager: Shutting down and abandoning module Paper2DEditor (81)
[2015.05.01-23.37.05:740][463]LogModuleManager: Shutting down and abandoning module ScriptPlugin (80)
[2015.05.01-23.37.05:740][463]LogModuleManager: Shutting down and abandoning module UdpMessaging (79)
[2015.05.01-23.37.05:840][463]LogModuleManager: Shutting down and abandoning module Paper2D (78)
[2015.05.01-23.37.05:840][463]LogModuleManager: Shutting down and abandoning module WindowsMoviePlayer (77)
[2015.05.01-23.37.05:843][463]LogModuleManager: Shutting down and abandoning module Media (76)
[2015.05.01-23.37.05:843][463]LogModuleManager: Shutting down and abandoning module WmfMedia (75)
[2015.05.01-23.37.05:844][463]LogModuleManager: Shutting down and abandoning module OnlineBlueprintSupport (74)
[2015.05.01-23.37.05:844][463]LogModuleManager: Shutting down and abandoning module PropertyEditor (73)
[2015.05.01-23.37.05:844][463]LogModuleManager: Shutting down and abandoning module BehaviorTreeEditor (72)
[2015.05.01-23.37.05:844][463]LogModuleManager: Shutting down and abandoning module FunctionalTesting (71)
[2015.05.01-23.37.05:844][463]LogModuleManager: Shutting down and abandoning module CollisionAnalyzer (70)
[2015.05.01-23.37.05:844][463]LogModuleManager: Shutting down and abandoning module WorkspaceMenuStructure (69)
[2015.05.01-23.37.05:844][463]LogModuleManager: Shutting down and abandoning module MessageLog (68)
[2015.05.01-23.37.05:844][463]LogModuleManager: Shutting down and abandoning module Sequencer (67)
[2015.05.01-23.37.05:844][463]LogModuleManager: Shutting down and abandoning module AssetTools (66)
[2015.05.01-23.37.05:844][463]LogModuleManager: Shutting down and abandoning module UMGEditor (65)
[2015.05.01-23.37.05:844][463]LogModuleManager: Shutting down and abandoning module UMG (64)
[2015.05.01-23.37.05:844][463]LogModuleManager: Shutting down and abandoning module Slate (63)
[2015.05.01-23.37.05:844][463]LogModuleManager: Shutting down and abandoning module EditorStyle (62)
[2015.05.01-23.37.05:853][463]LogModuleManager: Shutting down and abandoning module SessionServices (61)
[2015.05.01-23.37.05:853][463]LogModuleManager: Shutting down and abandoning module SourceCodeAccess (60)
[2015.05.01-23.37.05:853][463]LogModuleManager: Shutting down and abandoning module HeadMountedDisplay (59)
[2015.05.01-23.37.05:853][463]LogModuleManager: Shutting down and abandoning module XAudio2 (58)
[2015.05.01-23.37.05:853][463]LogModuleManager: Shutting down and abandoning module Networking (56)
[2015.05.01-23.37.05:853][463]LogModuleManager: Shutting down and abandoning module Core (55)
[2015.05.01-23.37.05:853][463]LogModuleManager: Shutting down and abandoning module KismetCompiler (54)
[2015.05.01-23.37.05:853][463]LogModuleManager: Shutting down and abandoning module PhysXFormats (53)
[2015.05.01-23.37.05:853][463]LogModuleManager: Shutting down and abandoning module MeshUtilities (52)
[2015.05.01-23.37.05:853][463]LogModuleManager: Shutting down and abandoning module DerivedDataCache (51)
[2015.05.01-23.37.06:301][463]LogDerivedDataCache: Shutdown
[2015.05.01-23.37.06:301][463]LogModuleManager: Shutting down and abandoning module ShaderFormatOpenGL (50)
[2015.05.01-23.37.06:301][463]LogModuleManager: Shutting down and abandoning module ShaderFormatD3D (49)
[2015.05.01-23.37.06:301][463]LogModuleManager: Shutting down and abandoning module MetalShaderFormat (48)
[2015.05.01-23.37.06:301][463]LogModuleManager: Shutting down and abandoning module TextureFormatUncompressed (47)
[2015.05.01-23.37.06:302][463]LogModuleManager: Shutting down and abandoning module TextureFormatPVR (46)
[2015.05.01-23.37.06:302][463]LogModuleManager: Shutting down and abandoning module TextureFormatIntelISPCTexComp (45)
[2015.05.01-23.37.06:302][463]LogModuleManager: Shutting down and abandoning module TextureFormatDXT (44)
[2015.05.01-23.37.06:302][463]LogModuleManager: Shutting down and abandoning module ImageWrapper (43)
[2015.05.01-23.37.06:302][463]LogModuleManager: Shutting down and abandoning module TextureFormatASTC (42)
[2015.05.01-23.37.06:302][463]LogModuleManager: Shutting down and abandoning module TextureFormatAndroid (41)
[2015.05.01-23.37.06:302][463]LogModuleManager: Shutting down and abandoning module AudioFormatOpus (40)
[2015.05.01-23.37.06:302][463]LogModuleManager: Shutting down and abandoning module AudioFormatOgg (39)
[2015.05.01-23.37.06:302][463]LogModuleManager: Shutting down and abandoning module AudioFormatADPCM (38)
[2015.05.01-23.37.06:302][463]LogModuleManager: Shutting down and abandoning module LinuxTargetPlatform (37)
[2015.05.01-23.37.06:302][463]LogModuleManager: Shutting down and abandoning module LinuxServerTargetPlatform (36)
[2015.05.01-23.37.06:302][463]LogModuleManager: Shutting down and abandoning module LinuxNoEditorTargetPlatform (35)
[2015.05.01-23.37.06:302][463]LogModuleManager: Shutting down and abandoning module Messaging (34)
[2015.05.01-23.37.06:302][463]LogModuleManager: Shutting down and abandoning module IOSTargetPlatform (33)
[2015.05.01-23.37.06:302][463]LogModuleManager: Shutting down and abandoning module HTML5TargetPlatform (32)
[2015.05.01-23.37.06:302][463]LogModuleManager: Shutting down and abandoning module Android_PVRTCTargetPlatform (31)
[2015.05.01-23.37.06:302][463]LogModuleManager: Shutting down and abandoning module Android_ETC2TargetPlatform (30)
[2015.05.01-23.37.06:302][463]LogModuleManager: Shutting down and abandoning module Android_ETC1TargetPlatform (29)
[2015.05.01-23.37.06:302][463]LogModuleManager: Shutting down and abandoning module Android_ES31TargetPlatform (28)
[2015.05.01-23.37.06:302][463]LogModuleManager: Shutting down and abandoning module Android_DXTTargetPlatform (27)
[2015.05.01-23.37.06:302][463]LogModuleManager: Shutting down and abandoning module Android_ATCTargetPlatform (26)
[2015.05.01-23.37.06:302][463]LogModuleManager: Shutting down and abandoning module AndroidTargetPlatform (25)
[2015.05.01-23.37.06:302][463]LogModuleManager: Shutting down and abandoning module WindowsTargetPlatform (24)
[2015.05.01-23.37.06:302][463]LogModuleManager: Shutting down and abandoning module WindowsServerTargetPlatform (23)
[2015.05.01-23.37.06:302][463]LogModuleManager: Shutting down and abandoning module WindowsNoEditorTargetPlatform (22)
[2015.05.01-23.37.06:302][463]LogModuleManager: Shutting down and abandoning module WindowsClientTargetPlatform (21)
[2015.05.01-23.37.06:302][463]LogModuleManager: Shutting down and abandoning module TargetPlatform (20)
[2015.05.01-23.37.06:302][463]LogModuleManager: Shutting down and abandoning module InputCore (19)
[2015.05.01-23.37.06:302][463]LogModuleManager: Shutting down and abandoning module Settings (18)
[2015.05.01-23.37.06:302][463]LogModuleManager: Shutting down and abandoning module OnlineSubsystem (16)
[2015.05.01-23.37.06:302][463]LogModuleManager: Shutting down and abandoning module OculusRift (15)
[2015.05.01-23.37.06:302][463]LogModuleManager: Shutting down and abandoning module ExampleDeviceProfileSelector (14)
[2015.05.01-23.37.06:302][463]LogModuleManager: Shutting down and abandoning module TextureCompressor (13)
[2015.05.01-23.37.06:302][463]LogModuleManager: Shutting down and abandoning module ShaderCore (12)
[2015.05.01-23.37.06:302][463]LogModuleManager: Shutting down and abandoning module Landscape (11)
[2015.05.01-23.37.06:302][463]LogModuleManager: Shutting down and abandoning module SlateRHIRenderer (10)
[2015.05.01-23.37.06:305][463]LogModuleManager: Shutting down and abandoning module OpenGLDrv (9)
[2015.05.01-23.37.06:305][463]LogModuleManager: Shutting down and abandoning module D3D11RHI (8)
[2015.05.01-23.37.06:305][463]LogModuleManager: Shutting down and abandoning module Renderer (7)
[2015.05.01-23.37.06:305][463]LogModuleManager: Shutting down and abandoning module Engine (6)
[2015.05.01-23.37.06:305][463]LogModuleManager: Shutting down and abandoning module CoreUObject (5)
[2015.05.01-23.37.06:305][463]LogModuleManager: Shutting down and abandoning module NetworkFile (4)
[2015.05.01-23.37.06:305][463]LogModuleManager: Shutting down and abandoning module StreamingFile (3)
[2015.05.01-23.37.06:305][463]LogModuleManager: Shutting down and abandoning module SandboxFile (2)
[2015.05.01-23.37.06:305][463]LogModuleManager: Shutting down and abandoning module PakFile (1)
[2015.05.01-23.37.06:306][463]LogExit: Exiting.
[2015.05.01-23.37.06:346][463]Log file closed, 05/01/15 16:37:06
