[2015.09.17-20.27.32:046][  0]Log file open, 09/17/15 13:27:32
[2015.09.17-20.27.32:046][  0]LogInit:Display: Running engine for game: GodKiller
[2015.09.17-20.27.32:046][  0]LogInit:Display: RandInit(-1938921214) SRandInit(-1938921213).
[2015.09.17-20.27.32:046][  0]LogTaskGraph: Started task graph with 4 named threads and 5 total threads.
[2015.09.17-20.27.32:046][  0]LogStats: Stats thread started
[2015.09.17-20.27.32:046][  0]LogInit: Version: 4.8.3-2634408+++depot+UE4-Releases+4.8
[2015.09.17-20.27.32:046][  0]LogInit: API Version: 2579680
[2015.09.17-20.27.32:046][  0]LogInit: Compiled (64-bit): Jul 27 2015 16:24:33
[2015.09.17-20.27.32:046][  0]LogInit: Compiled with Visual C++: 18.00.21005.01
[2015.09.17-20.27.32:046][  0]LogInit: Build Configuration: Development
[2015.09.17-20.27.32:046][  0]LogInit: Branch Name: ++depot+UE4-Releases+4.8
[2015.09.17-20.27.32:046][  0]LogInit: Command line:  
[2015.09.17-20.27.32:046][  0]LogInit: Base directory: C:/Program Files/Epic Games/4.8/Engine/Binaries/Win64/
[2015.09.17-20.27.32:046][  0]LogInit: Rocket: 1
[2015.09.17-20.27.32:104][  0]LogInit: Using libcurl 7.41.0
[2015.09.17-20.27.32:104][  0]LogInit:  - built for x86_64-pc-win32
[2015.09.17-20.27.32:104][  0]LogInit:  - supports SSL with WinSSL
[2015.09.17-20.27.32:104][  0]LogInit:  - other features:
[2015.09.17-20.27.32:104][  0]LogInit:      CURL_VERSION_SSL
[2015.09.17-20.27.32:104][  0]LogInit:      CURL_VERSION_IPV6
[2015.09.17-20.27.32:104][  0]LogInit:      CURL_VERSION_ASYNCHDNS
[2015.09.17-20.27.32:104][  0]LogInit:      CURL_VERSION_LARGEFILE
[2015.09.17-20.27.32:104][  0]LogInit:      CURL_VERSION_IDN
[2015.09.17-20.27.32:105][  0]LogInit:  CurlRequestOptions (configurable via config and command line):
[2015.09.17-20.27.32:105][  0]LogInit:  - bVerifyPeer = true  - Libcurl will verify peer certificate
[2015.09.17-20.27.32:105][  0]LogInit:  - bUseHttpProxy = false  - Libcurl will NOT use HTTP proxy
[2015.09.17-20.27.32:105][  0]LogInit:  - bDontReuseConnections = false  - Libcurl will reuse connections
[2015.09.17-20.27.32:105][  0]LogInit:  - CertBundlePath = nullptr  - Libcurl will use whatever was configured at build time.
[2015.09.17-20.27.32:153][  0]LogOnline:Warning: No default platform service specified for OnlineSubsystem
[2015.09.17-20.27.32:293][  0]LogInit: Presizing for 0 objects not considered by GC, pre-allocating 0 bytes.
[2015.09.17-20.27.32:326][  0]LogInit: Object subsystem initialized
[2015.09.17-20.27.32:344][  0]LogConsoleResponse:Warning: Skipping Unknown console variable: 'TranslucentSortAxis = (X=0.000000,Y=-1.000000,Z=0.000000)'
[2015.09.17-20.27.32:344][  0]LogConsoleResponse:Warning:   Found in ini file 'C:/Users/Samantha/Desktop/God-Killer/Saved/Config/Windows/Engine.ini', in section '[/Script/Engine.RendererSettings]'
[2015.09.17-20.27.32:344][  0]LogConsoleResponse:Warning: Skipping Unknown console variable: 'UIScaleRule = ShortestSide'
[2015.09.17-20.27.32:344][  0]LogConsoleResponse:Warning:   Found in ini file 'C:/Users/Samantha/Desktop/God-Killer/Saved/Config/Windows/Engine.ini', in section '[/Script/Engine.RendererSettings]'
[2015.09.17-20.27.32:344][  0]LogConsoleResponse:Warning: Skipping Unknown console variable: 'UIScaleCurve = (EditorCurveData=(Keys=),ExternalCurve=None)'
[2015.09.17-20.27.32:344][  0]LogConsoleResponse:Warning:   Found in ini file 'C:/Users/Samantha/Desktop/God-Killer/Saved/Config/Windows/Engine.ini', in section '[/Script/Engine.RendererSettings]'
[2015.09.17-20.27.32:388][  0]LogInit: Selected Device Profile: [Windows]
[2015.09.17-20.27.32:388][  0]LogInit: Applying CVar settings loaded from the selected device profile: [Windows]
[2015.09.17-20.27.32:525][  0]LogInit: Computer: SAMANTHAPC
[2015.09.17-20.27.32:525][  0]LogInit: User: Samantha
[2015.09.17-20.27.32:525][  0]LogInit: CPU Page size=4096, Cores=2
[2015.09.17-20.27.32:525][  0]LogInit: High frequency timer resolution =2.240903 MHz
[2015.09.17-20.27.32:529][  0]LogMemory: Memory total: Physical=5.9GB (6GB approx)
[2015.09.17-20.27.32:536][  0]LogMemory: Platform Memory Stats for Windows
[2015.09.17-20.27.32:537][  0]LogMemory: Process Physical Memory: 50.45 MB used, 50.45 MB peak
[2015.09.17-20.27.32:537][  0]LogMemory: Process Virtual Memory: 24.20 MB used, 24.20 MB peak
[2015.09.17-20.27.32:537][  0]LogMemory: Physical Memory: 3611.01 MB used, 6027.63 MB total
[2015.09.17-20.27.32:537][  0]LogMemory: Virtual Memory: 292.76 MB used, 134217728.00 MB total
[2015.09.17-20.27.33:651][  0]LogTextLocalizationManager: The requested culture ('en_US') has no localization data; parent culture's ('en') localization data will be used.
[2015.09.17-20.27.34:707][  0]LogTextLocalizationManager:Warning: Loaded localization resources contain conflicting entries for (Namespace:ContentBrowser, Key:ImportAssetToolTip):
Localization Resource: (C:/Program Files/Epic Games/4.8/Engine/Content/Localization/Editor/en/Editor.locres) Source String Hash: (-630476809) Localized String: (Import to {0}...)
Localization Resource: (C:/Program Files/Epic Games/4.8/Engine/Content/Localization/Editor/en/Editor.locres) Source String Hash: (1271782899) Localized String: (Imports an asset from file to this folder.)
[2015.09.17-20.27.36:855][  0]LogD3D11RHI: Found D3D11 adapter 0: Intel(R) HD Graphics Family (Feature Level 11_0)
[2015.09.17-20.27.36:855][  0]LogD3D11RHI: Adapter has 32MB of dedicated video memory, 0MB of dedicated system memory, and 1760MB of shared system memory, 1 output[s]
[2015.09.17-20.27.36:858][  0]LogD3D11RHI: Found D3D11 adapter 1: Microsoft Basic Render Driver (Feature Level 11_0)
[2015.09.17-20.27.36:858][  0]LogD3D11RHI: Adapter has 0MB of dedicated video memory, 0MB of dedicated system memory, and 256MB of shared system memory, 0 output[s]
[2015.09.17-20.27.36:858][  0]LogD3D11RHI: Chosen D3D11 Adapter Id = 0
[2015.09.17-20.27.36:894][  0]LogD3D11RHI: InitD3DDevice
[2015.09.17-20.27.36:894][  0]LogD3D11RHI: !Direct3DDevice
[2015.09.17-20.27.36:894][  0]LogRHI: Texture pool is 638 MB (70% of 912 MB)
[2015.09.17-20.27.36:912][  0]LogD3D11RHI: Async texture creation enabled
[2015.09.17-20.27.37:029][  0]LogShaderCompilers:Display: Using Local Shader Compiler.
[2015.09.17-20.27.44:596][  0]LogTemp:Display: Loaded TP DesktopTargetPlatform
[2015.09.17-20.27.44:668][  0]LogTemp:Display: Loaded TP WindowsClientTargetPlatform
[2015.09.17-20.27.44:732][  0]LogTemp:Display: Loaded TP WindowsNoEditorTargetPlatform
[2015.09.17-20.27.44:797][  0]LogTemp:Display: Loaded TP WindowsServerTargetPlatform
[2015.09.17-20.27.44:864][  0]LogTemp:Display: Loaded TP WindowsTargetPlatform
[2015.09.17-20.27.44:950][  0]LogTemp:Display: Loaded TP AndroidTargetPlatform
[2015.09.17-20.27.45:013][  0]LogTemp:Display: Loaded TP Android_ASTCTargetPlatform
[2015.09.17-20.27.45:077][  0]LogTemp:Display: Loaded TP Android_ATCTargetPlatform
[2015.09.17-20.27.45:143][  0]LogTemp:Display: Loaded TP Android_DXTTargetPlatform
[2015.09.17-20.27.45:211][  0]LogTemp:Display: Loaded TP Android_ETC1TargetPlatform
[2015.09.17-20.27.45:268][  0]LogTemp:Display: Loaded TP Android_ETC2TargetPlatform
[2015.09.17-20.27.45:330][  0]LogTemp:Display: Loaded TP Android_PVRTCTargetPlatform
[2015.09.17-20.27.45:573][  0]LogTemp:Display: Loaded TP IOSTargetPlatform
[2015.09.17-20.27.45:637][  0]LogTemp:Display: Loaded TP LinuxNoEditorTargetPlatform
[2015.09.17-20.27.45:692][  0]LogTemp:Display: Loaded TP LinuxServerTargetPlatform
[2015.09.17-20.27.45:777][  0]LogTemp:Display: Loaded TP LinuxTargetPlatform
[2015.09.17-20.27.45:777][  0]LogTargetPlatformManager:Display: Building Assets For Windows
[2015.09.17-20.27.47:153][  0]LogDerivedDataCache:Display: Max Cache Size: 512 MB
[2015.09.17-20.27.48:081][  0]LogDerivedDataCache: Loaded boot cache 0.93s 53MB C:/Users/Samantha/AppData/Local/UnrealEngine/4.8/DerivedDataCache/Boot.ddc.
[2015.09.17-20.27.48:081][  0]LogDerivedDataCache:Display: Loaded Boot cache: C:/Users/Samantha/AppData/Local/UnrealEngine/4.8/DerivedDataCache/Boot.ddc
[2015.09.17-20.27.48:081][  0]LogDerivedDataCache: FDerivedDataBackendGraph:  Pak pak cache file ../../../../../../Users/Samantha/Desktop/God-Killer/DerivedDataCache/DDC.ddp not found, will not use a pak cache.
[2015.09.17-20.27.48:082][  0]LogDerivedDataCache: Unable to find inner node Pak for hierarchical cache Hierarchy.
[2015.09.17-20.27.48:082][  0]LogDerivedDataCache: FDerivedDataBackendGraph:  CompressedPak pak cache file ../../../../../../Users/Samantha/Desktop/God-Killer/DerivedDataCache/Compressed.ddp not found, will not use a pak cache.
[2015.09.17-20.27.48:082][  0]LogDerivedDataCache: Unable to find inner node CompressedPak for hierarchical cache Hierarchy.
[2015.09.17-20.27.48:688][  0]LogDerivedDataCache:Display: Pak cache opened for reading ../../../Engine/DerivedDataCache/Compressed.ddp.
[2015.09.17-20.27.48:703][  0]LogDerivedDataCache: Using Local data cache path C:/Users/Samantha/AppData/Local/UnrealEngine/Common/DerivedDataCache: Writable
[2015.09.17-20.27.58:340][  0]LogInit: Selected Device Profile: [Windows]
[2015.09.17-20.27.58:907][  0]ImportText (ComponentSweepMultiTests): Missing closing parenthesis: (RootShapeAsset="/Engine/BasicShapes/Cube.Cube",ShapeType="TriggerCapsule",HitResult=(Time=0.50,Location=(X=-100.000015,Y=0.0,Z=100.000015),ImpactPoint=(X=-50.0,Y=0.0,Z=50.0),Normal=(X=-1.0,Y=-0.0,Z=0.0),ImpactNormal=(X=0.0,Y=0.0,Z=1.0),TraceStart=(X=-200.0,Y=0.0,Z=200.0),TraceEnd=(X=0.0,Y=0.0,Z=0.0))
[2015.09.17-20.27.58:908][  0]ImportText (LineTraceSingleByChannelTests): Missing closing parenthesis: (RootShapeAsset="/Engine/BasicShapes/Cube.Cube",HitResult=(Time=0.50,Location=(X=-100.000015,Y=0.0,Z=100.000015),ImpactPoint=(X=-50.0,Y=0.0,Z=50.0),Normal=(X=-1.0,Y=-0.0,Z=0.0),ImpactNormal=(X=0.0,Y=0.0,Z=1.0),TraceStart=(X=-200.0,Y=0.0,Z=200.0),TraceEnd=(X=0.0,Y=0.0,Z=0.0))
[2015.09.17-20.27.59:058][  0]LogMeshUtilities: No automatic mesh reduction module available
[2015.09.17-20.27.59:058][  0]LogMeshUtilities: No automatic mesh merging module available
[2015.09.17-20.28.00:923][  0]LogInit: WinSock: version 1.1 (2.2), MaxSocks=32767, MaxUdp=65467
[2015.09.17-20.28.04:192][  0]LogModuleManager:Warning: ModuleManager: Unable to load module 'C:/Program Files/Epic Games/4.8/Engine/Binaries/Win64/UE4Editor-XAudio2.dll' because the file couldn't be loaded by the OS.
[2015.09.17-20.28.34:515][  0]UdpMessaging: Initializing bridge on interface 0.0.0.0:0 to multicast group 230.0.0.1:6666.
[2015.09.17-20.28.36:369][  0]SourceControl: Info Source control is disabled
[2015.09.17-20.28.36:395][  0]SourceControl: Info Source control is disabled
[2015.09.17-20.28.36:468][  0]SourceControl: Info Source control is disabled
[2015.09.17-20.28.36:536][  0]SourceControl: Info Source control is disabled
[2015.09.17-20.28.37:894][  0]LogObj: 26273 objects as part of root set at end of initial load.
[2015.09.17-20.28.37:894][  0]LogUObjectAllocator: 5409256 out of 0 bytes used by permanent object pool.
[2015.09.17-20.28.38:259][  0]LogEngine: Initializing Engine...
[2015.09.17-20.28.38:266][  0]LogHMD: Can't find Oculus library dev build: is proper Runtime installed? Version: 0.6.0.0
[2015.09.17-20.28.38:312][  0]LogHMD:Warning: SteamVR failed to initialize.  Error: 110
[2015.09.17-20.28.38:956][  0]LogAIModule: Creating AISystem for world NewWorld
[2015.09.17-20.28.42:498][  0]LogModuleManager:Warning: ModuleManager: Unable to load module 'C:/Program Files/Epic Games/4.8/Engine/Binaries/Win64/UE4Editor-XAudio2.dll' because the file couldn't be loaded by the OS.
[2015.09.17-20.28.42:583][  0]LogDerivedDataCache: Saved boot cache 0.08s 53MB C:/Users/Samantha/AppData/Local/UnrealEngine/4.8/DerivedDataCache/Boot.ddc.
[2015.09.17-20.28.42:601][  0]LogInit: Texture streaming: Disabled
[2015.09.17-20.28.42:715][  0]LogAnalytics: Creating configured Analytics provider AnalyticsET
[2015.09.17-20.28.42:715][  0]LogAnalytics: [UEEditor.Rocket.Release] APIServer = http://et2.epicgames.com/ET2/. AppVersion = 4.8.3-2634408+++depot+UE4-Releases+4.8
[2015.09.17-20.28.42:715][  0]LogAnalytics: [UEEditor.Rocket.Release] SetUserId 46872bea408cfcc0100ac385d2b5ce07|e22a3db169b04f708165eaff958a9646|097015b1-a59a-4201-b460-717027cc9fe8
[2015.09.17-20.28.42:715][  0]LogAnalytics: [UEEditor.Rocket.Release] AnalyticsET::StartSession
[2015.09.17-20.28.43:026][  0]LogInit: Transaction tracking system initialized
[2015.09.17-20.28.43:922][  0]BlueprintLog: New page: Editor Load
[2015.09.17-20.28.44:123][  0]LogAssetRegistry: FAssetRegistry took 0.0110 seconds to start up
[2015.09.17-20.28.44:124][  0]LogDirectoryWatcher:Warning: Failed to begin reading directory changes for ../../../Engine/Plugins/Experimental/CharacterAI/Content/. Error: 0
[2015.09.17-20.28.48:872][  0]LogConsoleManager:Warning: Console variable 'r.VSync' wasn't set ('GameSetting' has a lower priority than 'SystemSettingsIni')
[2015.09.17-20.28.48:873][  0]LogConsoleResponse:Display: 
[2015.09.17-20.28.49:892][  0]LogCook:Display: Done creating registry. It took  0.00s.
[2015.09.17-20.28.52:811][  0]SourceControl: Info Source control is disabled
[2015.09.17-20.28.52:811][  0]Cmd: MAP LOAD FILE="../../../../../../Users/Samantha/Desktop/God-Killer/Content/Scene/NewCave.umap" TEMPLATE=0 SHOWPROGRESS=1 FEATURELEVEL=3
[2015.09.17-20.28.52:812][  0]LightingResults: New page: Lighting Build
[2015.09.17-20.28.52:858][  0]MapCheck: New page: Map Check
[2015.09.17-20.28.52:858][  0]LightingResults: New page: Lighting Build
[2015.09.17-20.28.52:931][  0]LogParticles: Destroying 0 GPU particle simulations for FXSystem 0x0000004ACA54D300
[2015.09.17-20.29.00:696][  0]LogBlueprint:Warning: [compiler Gui] Warning 'gnawmers' is already a 'Enemy 1', you don't need  Cast To Enemy1 .
[2015.09.17-20.29.00:725][  0]LogBlueprint:Warning: [compiler Gui] Warning [0097.79] Compile of Gui successful, but with 1 Warning(s) [in 132 ms]
[2015.09.17-20.29.00:726][  0]LogBlueprint:Warning: [compiler Gui] Warning [0097.80] Compile of Gui successful, but with 2 Warning(s) [in 0 ms]
[2015.09.17-20.29.00:726][  0]LogBlueprint:Warning: [compiler Gui] Warning [0097.80] Compile of Gui successful, but with 3 Warning(s) [in 0 ms]
[2015.09.17-20.29.02:067][  0]LogBlueprint:Warning: [compiler GnawmersHealth] Warning 'gnawmers' is already a 'Enemy 1', you don't need  Cast To Enemy1 .
[2015.09.17-20.29.02:069][  0]LogBlueprint:Warning: [compiler GnawmersHealth] Warning [0099.14] Compile of GnawmersHealth successful, but with 1 Warning(s) [in 39 ms]
[2015.09.17-20.29.02:069][  0]LogBlueprint:Warning: [compiler GnawmersHealth] Warning [0099.14] Compile of GnawmersHealth successful, but with 2 Warning(s) [in 0 ms]
[2015.09.17-20.29.02:069][  0]LogBlueprint:Warning: [compiler GnawmersHealth] Warning [0099.14] Compile of GnawmersHealth successful, but with 3 Warning(s) [in 0 ms]
[2015.09.17-20.29.09:230][  0]LogBlueprint:Warning: [compiler Gui] Warning 'gnawmers' is already a 'Enemy 1', you don't need  Cast To Enemy1 .
[2015.09.17-20.29.09:268][  0]LogBlueprint:Warning: [compiler Gui] Warning [0106.34] Compile of Gui successful, but with 1 Warning(s) [in 153 ms]
[2015.09.17-20.29.09:273][  0]LogBlueprint:Warning: [compiler Gui] Warning [0106.34] Compile of Gui successful, but with 2 Warning(s) [in 4 ms]
[2015.09.17-20.29.09:587][  0]LogBlueprint:Warning: [compiler GnawmersHealth] Warning 'gnawmers' is already a 'Enemy 1', you don't need  Cast To Enemy1 .
[2015.09.17-20.29.09:590][  0]LogBlueprint:Warning: [compiler GnawmersHealth] Warning [0106.66] Compile of GnawmersHealth successful, but with 1 Warning(s) [in 44 ms]
[2015.09.17-20.29.09:591][  0]LogBlueprint:Warning: [compiler GnawmersHealth] Warning [0106.66] Compile of GnawmersHealth successful, but with 2 Warning(s) [in 0 ms]
[2015.09.17-20.29.14:573][  0]LogPackageName:Error: DoesPackageExist: DoesPackageExist FAILED: '/Game/Help Sergio/LoopBossFightMusic' is not a standard unreal filename or a long path name. Reason: Name may not contain the following characters:  
[2015.09.17-20.29.14:573][  0]LogLinker:Warning: Can't find file '/Game/Help Sergio/LoopBossFightMusic'
[2015.09.17-20.29.14:597][  0]LogPackageName:Error: DoesPackageExist: DoesPackageExist FAILED: '/Game/Help Sergio/LoopBossFightMusic' is not a standard unreal filename or a long path name. Reason: Name may not contain the following characters:  
[2015.09.17-20.29.14:597][  0]LogLinker:Warning: Can't find file for asset '/Game/Help Sergio/LoopBossFightMusic' while loading ../../../../../../Users/Samantha/Desktop/God-Killer/Content/Scene/NewCave.umap.
[2015.09.17-20.29.14:597][  0]LoadErrors:Error: Error /Game/Scene/NewCave : Can't find file for asset. /Game/Help Sergio/LoopBossFightMusic
[2015.09.17-20.29.15:035][  0]LogPackageName:Error: DoesPackageExist: DoesPackageExist FAILED: '/Game/Help Sergio/LoopBossFightMusic' is not a standard unreal filename or a long path name. Reason: Name may not contain the following characters:  
[2015.09.17-20.29.15:035][  0]LogLinker:Warning: Can't find file '/Game/Help Sergio/LoopBossFightMusic'
[2015.09.17-20.29.15:035][  0]LogPackageName:Error: DoesPackageExist: DoesPackageExist FAILED: '/Game/Help Sergio/LoopBossFightMusic' is not a standard unreal filename or a long path name. Reason: Name may not contain the following characters:  
[2015.09.17-20.29.15:035][  0]LogLinker:Warning: Can't find file for asset '/Game/Help Sergio/LoopBossFightMusic' while loading ../../../../../../Users/Samantha/Desktop/God-Killer/Content/Scene/NewCave.umap.
[2015.09.17-20.29.15:035][  0]LoadErrors:Error: Error /Game/Scene/NewCave : Can't find file for asset. /Game/Help Sergio/LoopBossFightMusic
[2015.09.17-20.29.15:141][  0]LogPackageName:Error: DoesPackageExist: DoesPackageExist FAILED: '/Game/Help Sergio/LoopBossFightMusic' is not a standard unreal filename or a long path name. Reason: Name may not contain the following characters:  
[2015.09.17-20.29.15:141][  0]LogLinker:Warning: Can't find file '/Game/Help Sergio/LoopBossFightMusic'
[2015.09.17-20.29.15:141][  0]LogPackageName:Error: DoesPackageExist: DoesPackageExist FAILED: '/Game/Help Sergio/LoopBossFightMusic' is not a standard unreal filename or a long path name. Reason: Name may not contain the following characters:  
[2015.09.17-20.29.15:141][  0]LogLinker:Warning: Can't find file for asset '/Game/Help Sergio/LoopBossFightMusic' while loading NULL.
[2015.09.17-20.29.15:142][  0]LogPackageName:Error: DoesPackageExist: DoesPackageExist FAILED: '/Game/Help Sergio/LoopBossFightMusic' is not a standard unreal filename or a long path name. Reason: Name may not contain the following characters:  
[2015.09.17-20.29.15:142][  0]LogLinker:Warning: Can't find file '/Game/Help Sergio/LoopBossFightMusic'
[2015.09.17-20.29.15:142][  0]LogPackageName:Error: DoesPackageExist: DoesPackageExist FAILED: '/Game/Help Sergio/LoopBossFightMusic' is not a standard unreal filename or a long path name. Reason: Name may not contain the following characters:  
[2015.09.17-20.29.15:142][  0]LogLinker:Warning: Can't find file for asset '/Game/Help Sergio/LoopBossFightMusic' while loading NULL.
[2015.09.17-20.29.18:104][  0]LogPackageName:Error: DoesPackageExist: DoesPackageExist FAILED: '/Game/Help Sergio/LoopBossFightMusic' is not a standard unreal filename or a long path name. Reason: Name may not contain the following characters:  
[2015.09.17-20.29.18:104][  0]LogLinker:Warning: Can't find file '/Game/Help Sergio/LoopBossFightMusic'
[2015.09.17-20.29.18:104][  0]LoadErrors: Info Failed to load /Game/Help Sergio/LoopBossFightMusic.LoopBossFightMusic Referenced by AudioComponent0
[2015.09.17-20.29.18:104][  0]LogPackageName:Error: DoesPackageExist: DoesPackageExist FAILED: '/Game/Help Sergio/LoopBossFightMusic' is not a standard unreal filename or a long path name. Reason: Name may not contain the following characters:  
[2015.09.17-20.29.18:104][  0]LogLinker:Warning: Can't find file for asset '/Game/Help Sergio/LoopBossFightMusic' while loading NULL.
[2015.09.17-20.29.18:104][  0]LoadErrors: Info Failed to load /Game/Help Sergio/LoopBossFightMusic.LoopBossFightMusic Referenced by AudioComponent0
[2015.09.17-20.30.29:499][  0]LogAIModule: Creating AISystem for world NewCave
[2015.09.17-20.30.34:974][  0]LogEditorServer: Finished looking for orphan Actors (0.000 secs)
[2015.09.17-20.30.34:983][  0]Cmd: MAP CHECKDEP NOCLEARLOG
[2015.09.17-20.30.35:275][  0]MapCheck: Info Map check complete: 0 Error(s), 0 Warning(s), took 291.953ms to complete.
[2015.09.17-20.30.35:276][  0]LogFileHelpers: Loading map 'NewCave' took 102.464
[2015.09.17-20.30.37:174][  0]LogCollectionManager: Loaded 0 collections in 0.008231 seconds
[2015.09.17-20.30.37:213][  0]LogContentBrowser: Native class hierarchy populated in 0.0389 seconds. Added 1792 classes and 301 folders.
[2015.09.17-20.30.37:500][  0]LogContentBrowser: Native class hierarchy updated for 'WidgetCarousel' in 0.0011 seconds. Added 0 classes and 0 folders.
[2015.09.17-20.30.38:199][  0]LogContentBrowser: Native class hierarchy updated for 'AddContentDialog' in 0.0012 seconds. Added 0 classes and 0 folders.
[2015.09.17-20.30.38:500][  0]LogContentBrowser: Native class hierarchy updated for 'SceneOutliner' in 0.0012 seconds. Added 1 classes and 2 folders.
[2015.09.17-20.30.38:737][  0]LogCrashTracker: Crashtracker disabled due to settings.
[2015.09.17-20.30.38:740][  0]LogD3D11RHI: InitD3DDevice
[2015.09.17-20.30.38:748][  0]LogUObjectGlobals:Warning: Failed to find object 'Class None.'
[2015.09.17-20.30.38:773][  0]LogLoad: Full Startup: 195.84 seconds (BP compile: 14.22 seconds)
[2015.09.17-20.30.39:299][  0]LogContentStreaming: Texture pool size is 0.000000MB
[2015.09.17-20.30.40:205][  0]LogContentStreaming: Texture pool size now 700 MB
[2015.09.17-20.30.40:217][  0]LogD3D11RHI: InitD3DDevice
[2015.09.17-20.30.40:730][  0]LogRenderer: Reallocating scene render targets to support 952x712 (Frame:2).
[2015.09.17-20.30.42:482][  1]Cmd: UpdateLandscapeEditorData -warnings
[2015.09.17-20.30.42:523][  1]Cmd: UpdateLandscapeEditorData
[2015.09.17-20.30.43:204][  2]LogD3D11RHI: InitD3DDevice
[2015.09.17-20.30.51:533][ 61]LogD3D11RHI: InitD3DDevice
[2015.09.17-20.30.53:197][ 74]LogAssetRegistry: Asset discovery search completed in 129.0846 seconds
[2015.09.17-20.30.53:689][ 75]LogD3D11RHI: InitD3DDevice
[2015.09.17-20.30.53:962][ 75]LogLinker:Warning: Asset '../../../Engine/Content/ArtTools/RenderToTexture/Macros/RenderToTextureMacros.uasset' has been saved with empty engine version. The asset will be loaded but may be incompatible.
[2015.09.17-20.30.54:410][ 75]LogLinker:Warning: Asset '../../../Engine/Content/ArtTools/RenderToTexture/Enums/RenderToTexture_Enum.uasset' has been saved with empty engine version. The asset will be loaded but may be incompatible.
[2015.09.17-20.31.00:089][ 75]LogD3D11RHI: InitD3DDevice
[2015.09.17-20.31.01:303][ 75]LogScript:Warning: Accessed None 'AlterSkel3'
	HercBp_C /Engine/Transient.World_3:PersistentLevel.HercBp_C_6
	Function /Game/Herc/HercAi/HercBp.HercBp_C:ExecuteUbergraph_HercBp:05C3
[2015.09.17-20.31.01:304][ 75]LogScript:Warning: Accessed None 'AlterSkel3'
	HercBp_C /Engine/Transient.World_3:PersistentLevel.HercBp_C_6
	Function /Game/Herc/HercAi/HercBp.HercBp_C:ExecuteUbergraph_HercBp:05C3
[2015.09.17-20.31.01:304][ 75]LogScript:Warning: Accessed None 'AlterSkel3'
	HercBp_C /Engine/Transient.World_3:PersistentLevel.HercBp_C_6
	Function /Game/Herc/HercAi/HercBp.HercBp_C:ExecuteUbergraph_HercBp:05C3
[2015.09.17-20.31.01:304][ 75]LogScript:Warning: Accessed None 'AlterSkel3'
	HercBp_C /Engine/Transient.World_3:PersistentLevel.HercBp_C_6
	Function /Game/Herc/HercAi/HercBp.HercBp_C:ExecuteUbergraph_HercBp:05C3
[2015.09.17-20.35.58:393][581]LogD3D11RHI: InitD3DDevice
[2015.09.17-20.36.00:107][592]LogD3D11RHI: InitD3DDevice
[2015.09.17-20.36.02:251][605]LogD3D11RHI: InitD3DDevice
[2015.09.17-20.37.37:066][ 67]LogActorComponent: UnregisterComponent: (/Engine/Transient.EditorFloorComp) Not registered. Aborting.
[2015.09.17-20.37.38:790][ 68]Cmd: QUIT_EDITOR
[2015.09.17-20.37.39:752][ 68]LogWindowsTextInputMethodSystem:Display: IME system now deactivated.
[2015.09.17-20.37.39:752][ 68]LogWindowsTextInputMethodSystem:Display: IME system now deactivated.
[2015.09.17-20.37.40:809][ 68]LogExit: Preparing to exit.
[2015.09.17-20.37.41:966][ 68]LogExit: Editor shut down
[2015.09.17-20.37.41:967][ 68]LogExit: Transaction tracking system shut down
[2015.09.17-20.37.42:014][ 68]LogParticles: Destroying 0 GPU particle simulations for FXSystem 0x0000004AD67DCD60
[2015.09.17-20.37.42:022][ 68]LogParticles: Destroying 0 GPU particle simulations for FXSystem 0x0000004AEE1A7BA0
[2015.09.17-20.37.42:022][ 68]LogParticles: Destroying 0 GPU particle simulations for FXSystem 0x0000004ADAD1A200
[2015.09.17-20.37.42:022][ 68]LogParticles: Destroying 0 GPU particle simulations for FXSystem 0x0000004A80D27380
[2015.09.17-20.37.42:029][ 68]LogParticles: Destroying 0 GPU particle simulations for FXSystem 0x0000004A8AC11C60
[2015.09.17-20.37.42:035][ 68]LogParticles: Destroying 0 GPU particle simulations for FXSystem 0x0000004A85F0BD80
[2015.09.17-20.37.42:035][ 68]LogParticles: Destroying 0 GPU particle simulations for FXSystem 0x0000004AC13E6840
[2015.09.17-20.37.44:063][ 68]LogExit: Object subsystem successfully closed.
[2015.09.17-20.37.44:418][ 68]LogD3D11RHI: Shutdown
[2015.09.17-20.37.44:418][ 68]LogD3D11RHI: CleanupD3DDevice
[2015.09.17-20.37.44:995][ 68]LogD3D11RHI: ~FD3D11DynamicRHI
[2015.09.17-20.37.45:096][ 68]LogModuleManager: Shutting down and abandoning module CrashTracker (188)
[2015.09.17-20.37.45:096][ 68]LogModuleManager: Shutting down and abandoning module SceneOutliner (187)
[2015.09.17-20.37.45:096][ 68]LogModuleManager: Shutting down and abandoning module SuperSearch (186)
[2015.09.17-20.37.45:096][ 68]LogModuleManager: Shutting down and abandoning module WidgetCarousel (185)
[2015.09.17-20.37.45:107][ 68]LogModuleManager: Shutting down and abandoning module AddContentDialog (184)
[2015.09.17-20.37.45:109][ 68]LogModuleManager: Shutting down and abandoning module EditorWidgets (183)
[2015.09.17-20.37.45:109][ 68]LogModuleManager: Shutting down and abandoning module CollectionManager (182)
[2015.09.17-20.37.45:110][ 68]LogModuleManager: Shutting down and abandoning module StatsViewer (181)
[2015.09.17-20.37.45:124][ 68]LogModuleManager: Shutting down and abandoning module FoliageEdit (180)
[2015.09.17-20.37.45:124][ 68]LogModuleManager: Shutting down and abandoning module LandscapeEditor (179)
[2015.09.17-20.37.45:124][ 68]LogModuleManager: Shutting down and abandoning module ActorPickerMode (178)
[2015.09.17-20.37.45:124][ 68]LogModuleManager: Shutting down and abandoning module GeometryMode (177)
[2015.09.17-20.37.45:124][ 68]LogModuleManager: Shutting down and abandoning module TextureAlignMode (176)
[2015.09.17-20.37.45:124][ 68]LogModuleManager: Shutting down and abandoning module BspMode (175)
[2015.09.17-20.37.45:124][ 68]LogModuleManager: Shutting down and abandoning module PlacementMode (174)
[2015.09.17-20.37.45:124][ 68]LogModuleManager: Shutting down and abandoning module AutomationWorker (173)
[2015.09.17-20.37.45:125][ 68]LogModuleManager: Shutting down and abandoning module CharacterAI (172)
[2015.09.17-20.37.45:125][ 68]LogModuleManager: Shutting down and abandoning module SmartSnapping (171)
[2015.09.17-20.37.45:125][ 68]LogModuleManager: Shutting down and abandoning module ViewportSnapping (170)
[2015.09.17-20.37.45:125][ 68]LogModuleManager: Shutting down and abandoning module LogVisualizer (169)
[2015.09.17-20.37.45:130][ 68]LogModuleManager: Shutting down and abandoning module GameProjectGeneration (168)
[2015.09.17-20.37.45:130][ 68]LogModuleManager: Shutting down and abandoning module IntroTutorials (167)
[2015.09.17-20.37.45:144][ 68]LogModuleManager: Shutting down and abandoning module EditorLiveStreaming (166)
[2015.09.17-20.37.45:144][ 68]LogModuleManager: Shutting down and abandoning module IOSPlatformEditor (165)
[2015.09.17-20.37.45:145][ 68]LogModuleManager: Shutting down and abandoning module HTML5PlatformEditor (164)
[2015.09.17-20.37.45:145][ 68]LogModuleManager: Shutting down and abandoning module AndroidDeviceDetection (163)
[2015.09.17-20.37.46:006][ 68]LogModuleManager: Shutting down and abandoning module AndroidPlatformEditor (162)
[2015.09.17-20.37.46:006][ 68]LogModuleManager: Shutting down and abandoning module IOSRuntimeSettings (161)
[2015.09.17-20.37.46:006][ 68]LogModuleManager: Shutting down and abandoning module AndroidRuntimeSettings (160)
[2015.09.17-20.37.46:006][ 68]LogModuleManager: Shutting down and abandoning module MergeActors (159)
[2015.09.17-20.37.46:006][ 68]LogModuleManager: Shutting down and abandoning module SizeMap (158)
[2015.09.17-20.37.46:006][ 68]LogModuleManager: Shutting down and abandoning module TreeMap (157)
[2015.09.17-20.37.46:006][ 68]LogModuleManager: Shutting down and abandoning module ReferenceViewer (156)
[2015.09.17-20.37.46:006][ 68]LogModuleManager: Shutting down and abandoning module LocalizationDashboard (155)
[2015.09.17-20.37.46:006][ 68]LogModuleManager: Shutting down and abandoning module HardwareTargeting (154)
[2015.09.17-20.37.46:006][ 68]LogModuleManager: Shutting down and abandoning module DeviceProfileEditor (153)
[2015.09.17-20.37.46:006][ 68]LogModuleManager: Shutting down and abandoning module UndoHistory (152)
[2015.09.17-20.37.46:006][ 68]LogModuleManager: Shutting down and abandoning module GameplayTagsEditor (151)
[2015.09.17-20.37.46:007][ 68]LogModuleManager: Shutting down and abandoning module UserFeedback (150)
[2015.09.17-20.37.46:007][ 68]LogModuleManager: Shutting down and abandoning module XmlParser (149)
[2015.09.17-20.37.46:007][ 68]LogModuleManager: Shutting down and abandoning module Blutility (148)
[2015.09.17-20.37.46:007][ 68]LogModuleManager: Shutting down and abandoning module ProjectTargetPlatformEditor (147)
[2015.09.17-20.37.46:007][ 68]LogModuleManager: Shutting down and abandoning module ProjectSettingsViewer (146)
[2015.09.17-20.37.46:007][ 68]LogModuleManager: Shutting down and abandoning module InputBindingEditor (145)
[2015.09.17-20.37.46:082][ 68]LogModuleManager: Shutting down and abandoning module EditorSettingsViewer (144)
[2015.09.17-20.37.46:082][ 68]LogModuleManager: Shutting down and abandoning module SettingsEditor (143)
[2015.09.17-20.37.46:082][ 68]LogModuleManager: Shutting down and abandoning module ProjectLauncher (142)
[2015.09.17-20.37.46:082][ 68]LogModuleManager: Shutting down and abandoning module SessionFrontend (141)
[2015.09.17-20.37.46:082][ 68]LogModuleManager: Shutting down and abandoning module ProfilerClient (140)
[2015.09.17-20.37.46:082][ 68]LogModuleManager: Shutting down and abandoning module TargetDeviceServices (139)
[2015.09.17-20.37.46:082][ 68]LogModuleManager: Shutting down and abandoning module DeviceManager (138)
[2015.09.17-20.37.46:083][ 68]LogModuleManager: Shutting down and abandoning module AutomationController (137)
[2015.09.17-20.37.46:083][ 68]LogModuleManager: Shutting down and abandoning module AutomationWindow (136)
[2015.09.17-20.37.46:083][ 68]LogModuleManager: Shutting down and abandoning module Layers (135)
[2015.09.17-20.37.46:083][ 68]LogModuleManager: Shutting down and abandoning module ComponentVisualizers (134)
[2015.09.17-20.37.46:083][ 68]LogModuleManager: Shutting down and abandoning module DetailCustomizations (133)
[2015.09.17-20.37.46:083][ 68]LogModuleManager: Shutting down and abandoning module PackagesDialog (132)
[2015.09.17-20.37.46:083][ 68]LogModuleManager: Shutting down and abandoning module AssetRegistry (131)
[2015.09.17-20.37.46:362][ 68]LogModuleManager: Shutting down and abandoning module Persona (130)
[2015.09.17-20.37.46:362][ 68]LogModuleManager: Shutting down and abandoning module Kismet (129)
[2015.09.17-20.37.46:362][ 68]LogModuleManager: Shutting down and abandoning module GraphEditor (128)
[2015.09.17-20.37.46:363][ 68]LogModuleManager: Shutting down and abandoning module ClassViewer (127)
[2015.09.17-20.37.46:363][ 68]LogModuleManager: Shutting down and abandoning module Toolbox (126)
[2015.09.17-20.37.46:363][ 68]LogModuleManager: Shutting down and abandoning module ModuleUI (125)
[2015.09.17-20.37.46:363][ 68]LogModuleManager: Shutting down and abandoning module MovieSceneTools (124)
[2015.09.17-20.37.46:363][ 68]LogModuleManager: Shutting down and abandoning module OutputLog (123)
[2015.09.17-20.37.46:363][ 68]LogModuleManager: Shutting down and abandoning module GammaUI (122)
[2015.09.17-20.37.46:363][ 68]LogModuleManager: Shutting down and abandoning module Documentation (121)
[2015.09.17-20.37.46:366][ 68]LogModuleManager: Shutting down and abandoning module GameLiveStreaming (120)
[2015.09.17-20.37.46:366][ 68]LogModuleManager: Shutting down and abandoning module StreamingPauseRendering (119)
[2015.09.17-20.37.46:366][ 68]LogModuleManager: Shutting down and abandoning module AnalyticsET (118)
[2015.09.17-20.37.46:366][ 68]LogModuleManager: Shutting down and abandoning module Analytics (117)
[2015.09.17-20.37.46:366][ 68]LogModuleManager: Shutting down and abandoning module AITestSuite (116)
[2015.09.17-20.37.46:366][ 68]LogModuleManager: Shutting down and abandoning module GameplayDebugger (115)
[2015.09.17-20.37.46:366][ 68]LogModuleManager: Shutting down and abandoning module AIModule (114)
[2015.09.17-20.37.46:379][ 68]LogModuleManager: Shutting down and abandoning module ProfilerService (113)
[2015.09.17-20.37.46:501][ 68]LogModuleManager: Shutting down and abandoning module TaskGraph (112)
[2015.09.17-20.37.46:501][ 68]LogModuleManager: Shutting down and abandoning module SlateRemote (111)
[2015.09.17-20.37.46:501][ 68]LogModuleManager: Shutting down and abandoning module SteamVRController (110)
[2015.09.17-20.37.46:501][ 68]LogModuleManager: Shutting down and abandoning module SteamVR (109)
[2015.09.17-20.37.46:501][ 68]LogModuleManager: Shutting down and abandoning module ProceduralMeshComponent (108)
[2015.09.17-20.37.46:501][ 68]LogModuleManager: Shutting down and abandoning module OculusRift (107)
[2015.09.17-20.37.46:501][ 68]LogModuleManager: Shutting down and abandoning module LeapMotionController (106)
[2015.09.17-20.37.46:545][ 68]LogModuleManager: Shutting down and abandoning module CustomMeshComponent (105)
[2015.09.17-20.37.46:545][ 68]LogModuleManager: Shutting down and abandoning module CableComponent (104)
[2015.09.17-20.37.46:545][ 68]LogModuleManager: Shutting down and abandoning module MessagingDebugger (103)
[2015.09.17-20.37.46:546][ 68]LogModuleManager: Shutting down and abandoning module MediaPlayerEditor (102)
[2015.09.17-20.37.46:546][ 68]LogModuleManager: Shutting down and abandoning module SpeedTreeImporter (101)
[2015.09.17-20.37.46:546][ 68]LogModuleManager: Shutting down and abandoning module PluginBrowser (100)
[2015.09.17-20.37.46:546][ 68]LogModuleManager: Shutting down and abandoning module EpicSurvey (99)
[2015.09.17-20.37.46:546][ 68]LogModuleManager: Shutting down and abandoning module DesktopPlatform (98)
[2015.09.17-20.37.46:579][ 68]LogModuleManager: Shutting down and abandoning module VisualStudioSourceCodeAccess (97)
[2015.09.17-20.37.46:579][ 68]LogModuleManager: Shutting down and abandoning module UObjectPlugin (96)
[2015.09.17-20.37.46:579][ 68]LogModuleManager: Shutting down and abandoning module SubversionSourceControl (95)
[2015.09.17-20.37.46:580][ 68]LogModuleManager: Shutting down and abandoning module PerforceSourceControl (94)
[2015.09.17-20.37.46:580][ 68]LogModuleManager: Shutting down and abandoning module SourceControl (93)
[2015.09.17-20.37.46:593][ 68]LogModuleManager: Shutting down and abandoning module GitSourceControl (92)
[2015.09.17-20.37.46:593][ 68]LogModuleManager: Shutting down and abandoning module BlankPlugin (91)
[2015.09.17-20.37.46:593][ 68]LogModuleManager: Shutting down and abandoning module PaperTiledImporter (90)
[2015.09.17-20.37.46:593][ 68]LogModuleManager: Shutting down and abandoning module PaperSpriteSheetImporter (89)
[2015.09.17-20.37.46:593][ 68]LogModuleManager: Shutting down and abandoning module MeshPaint (88)
[2015.09.17-20.37.46:594][ 68]LogModuleManager: Shutting down and abandoning module SlateReflector (87)
[2015.09.17-20.37.46:594][ 68]LogModuleManager: Shutting down and abandoning module DirectoryWatcher (86)
[2015.09.17-20.37.46:595][ 68]LogModuleManager: Shutting down and abandoning module HotReload (85)
[2015.09.17-20.37.46:595][ 68]LogModuleManager: Shutting down and abandoning module MainFrame (84)
[2015.09.17-20.37.46:595][ 68]LogModuleManager: Shutting down and abandoning module LevelEditor (83)
[2015.09.17-20.37.46:607][ 68]LogModuleManager: Shutting down and abandoning module ContentBrowser (82)
[2015.09.17-20.37.46:609][ 68]LogModuleManager: Shutting down and abandoning module Paper2DEditor (81)
[2015.09.17-20.37.46:609][ 68]LogModuleManager: Shutting down and abandoning module UdpMessaging (80)
[2015.09.17-20.37.46:710][ 68]LogModuleManager: Shutting down and abandoning module Paper2D (79)
[2015.09.17-20.37.46:710][ 68]LogModuleManager: Shutting down and abandoning module WindowsMoviePlayer (78)
[2015.09.17-20.37.46:710][ 68]LogModuleManager: Shutting down and abandoning module Media (77)
[2015.09.17-20.37.46:710][ 68]LogModuleManager: Shutting down and abandoning module WmfMedia (76)
[2015.09.17-20.37.46:726][ 68]LogModuleManager: Shutting down and abandoning module OnlineBlueprintSupport (75)
[2015.09.17-20.37.46:726][ 68]LogModuleManager: Shutting down and abandoning module PropertyEditor (74)
[2015.09.17-20.37.46:726][ 68]LogModuleManager: Shutting down and abandoning module BehaviorTreeEditor (73)
[2015.09.17-20.37.46:726][ 68]LogModuleManager: Shutting down and abandoning module FunctionalTesting (72)
[2015.09.17-20.37.46:726][ 68]LogModuleManager: Shutting down and abandoning module CollisionAnalyzer (71)
[2015.09.17-20.37.46:726][ 68]LogModuleManager: Shutting down and abandoning module WorkspaceMenuStructure (70)
[2015.09.17-20.37.46:726][ 68]LogModuleManager: Shutting down and abandoning module MessageLog (69)
[2015.09.17-20.37.46:726][ 68]LogModuleManager: Shutting down and abandoning module Sequencer (68)
[2015.09.17-20.37.46:726][ 68]LogModuleManager: Shutting down and abandoning module AssetTools (67)
[2015.09.17-20.37.46:726][ 68]LogModuleManager: Shutting down and abandoning module UMGEditor (66)
[2015.09.17-20.37.46:726][ 68]LogModuleManager: Shutting down and abandoning module UMG (65)
[2015.09.17-20.37.46:727][ 68]LogModuleManager: Shutting down and abandoning module Slate (64)
[2015.09.17-20.37.46:727][ 68]LogModuleManager: Shutting down and abandoning module EditorStyle (63)
[2015.09.17-20.37.46:738][ 68]LogModuleManager: Shutting down and abandoning module SessionServices (62)
[2015.09.17-20.37.46:738][ 68]LogModuleManager: Shutting down and abandoning module SourceCodeAccess (61)
[2015.09.17-20.37.46:738][ 68]LogModuleManager: Shutting down and abandoning module HeadMountedDisplay (60)
[2015.09.17-20.37.46:738][ 68]LogModuleManager: Shutting down and abandoning module Networking (57)
[2015.09.17-20.37.46:738][ 68]LogModuleManager: Shutting down and abandoning module Core (56)
[2015.09.17-20.37.46:738][ 68]LogModuleManager: Shutting down and abandoning module KismetCompiler (55)
[2015.09.17-20.37.46:746][ 68]LogModuleManager: Shutting down and abandoning module PhysXFormats (54)
[2015.09.17-20.37.46:746][ 68]LogModuleManager: Shutting down and abandoning module MeshUtilities (53)
[2015.09.17-20.37.46:746][ 68]LogModuleManager: Shutting down and abandoning module DerivedDataCache (52)
[2015.09.17-20.37.46:791][ 68]LogDerivedDataCache: Shutdown
[2015.09.17-20.37.46:791][ 68]LogModuleManager: Shutting down and abandoning module ShaderFormatOpenGL (51)
[2015.09.17-20.37.46:805][ 68]LogModuleManager: Shutting down and abandoning module ShaderFormatD3D (50)
[2015.09.17-20.37.46:818][ 68]LogModuleManager: Shutting down and abandoning module MetalShaderFormat (49)
[2015.09.17-20.37.46:833][ 68]LogModuleManager: Shutting down and abandoning module TextureFormatUncompressed (48)
[2015.09.17-20.37.46:833][ 68]LogModuleManager: Shutting down and abandoning module TextureFormatPVR (47)
[2015.09.17-20.37.46:849][ 68]LogModuleManager: Shutting down and abandoning module TextureFormatIntelISPCTexComp (46)
[2015.09.17-20.37.46:860][ 68]LogModuleManager: Shutting down and abandoning module TextureFormatDXT (45)
[2015.09.17-20.37.46:876][ 68]LogModuleManager: Shutting down and abandoning module ImageWrapper (44)
[2015.09.17-20.37.46:876][ 68]LogModuleManager: Shutting down and abandoning module TextureFormatASTC (43)
[2015.09.17-20.37.46:876][ 68]LogModuleManager: Shutting down and abandoning module TextureFormatAndroid (42)
[2015.09.17-20.37.46:876][ 68]LogModuleManager: Shutting down and abandoning module AudioFormatOpus (41)
[2015.09.17-20.37.46:890][ 68]LogModuleManager: Shutting down and abandoning module AudioFormatOgg (40)
[2015.09.17-20.37.46:894][ 68]LogModuleManager: Shutting down and abandoning module AudioFormatADPCM (39)
[2015.09.17-20.37.46:894][ 68]LogModuleManager: Shutting down and abandoning module LinuxTargetPlatform (38)
[2015.09.17-20.37.46:894][ 68]LogModuleManager: Shutting down and abandoning module LinuxServerTargetPlatform (37)
[2015.09.17-20.37.46:901][ 68]LogModuleManager: Shutting down and abandoning module LinuxNoEditorTargetPlatform (36)
[2015.09.17-20.37.46:905][ 68]LogModuleManager: Shutting down and abandoning module Messaging (35)
[2015.09.17-20.37.46:905][ 68]LogModuleManager: Shutting down and abandoning module IOSTargetPlatform (34)
[2015.09.17-20.37.46:905][ 68]LogModuleManager: Shutting down and abandoning module HTML5TargetPlatform (33)
[2015.09.17-20.37.46:905][ 68]LogModuleManager: Shutting down and abandoning module Android_PVRTCTargetPlatform (32)
[2015.09.17-20.37.46:905][ 68]LogModuleManager: Shutting down and abandoning module Android_ETC2TargetPlatform (31)
[2015.09.17-20.37.46:905][ 68]LogModuleManager: Shutting down and abandoning module Android_ETC1TargetPlatform (30)
[2015.09.17-20.37.46:905][ 68]LogModuleManager: Shutting down and abandoning module Android_DXTTargetPlatform (29)
[2015.09.17-20.37.46:905][ 68]LogModuleManager: Shutting down and abandoning module Android_ATCTargetPlatform (28)
[2015.09.17-20.37.46:905][ 68]LogModuleManager: Shutting down and abandoning module Android_ASTCTargetPlatform (27)
[2015.09.17-20.37.46:905][ 68]LogModuleManager: Shutting down and abandoning module AndroidTargetPlatform (26)
[2015.09.17-20.37.46:906][ 68]LogModuleManager: Shutting down and abandoning module WindowsTargetPlatform (25)
[2015.09.17-20.37.46:906][ 68]LogModuleManager: Shutting down and abandoning module WindowsServerTargetPlatform (24)
[2015.09.17-20.37.46:906][ 68]LogModuleManager: Shutting down and abandoning module WindowsNoEditorTargetPlatform (23)
[2015.09.17-20.37.46:906][ 68]LogModuleManager: Shutting down and abandoning module WindowsClientTargetPlatform (22)
[2015.09.17-20.37.46:906][ 68]LogModuleManager: Shutting down and abandoning module DesktopTargetPlatform (21)
[2015.09.17-20.37.46:906][ 68]LogModuleManager: Shutting down and abandoning module TargetPlatform (20)
[2015.09.17-20.37.46:906][ 68]LogModuleManager: Shutting down and abandoning module InputCore (19)
[2015.09.17-20.37.46:906][ 68]LogModuleManager: Shutting down and abandoning module Settings (18)
[2015.09.17-20.37.46:906][ 68]LogModuleManager: Shutting down and abandoning module OnlineSubsystem (16)
[2015.09.17-20.37.46:906][ 68]LogModuleManager: Shutting down and abandoning module HTTP (15)
[2015.09.17-20.37.46:907][ 68]LogModuleManager: Shutting down and abandoning module ExampleDeviceProfileSelector (14)
[2015.09.17-20.37.46:907][ 68]LogModuleManager: Shutting down and abandoning module TextureCompressor (13)
[2015.09.17-20.37.46:923][ 68]LogModuleManager: Shutting down and abandoning module ShaderCore (12)
[2015.09.17-20.37.46:923][ 68]LogModuleManager: Shutting down and abandoning module Landscape (11)
[2015.09.17-20.37.46:923][ 68]LogModuleManager: Shutting down and abandoning module SlateRHIRenderer (10)
[2015.09.17-20.37.46:972][ 68]LogModuleManager: Shutting down and abandoning module OpenGLDrv (9)
[2015.09.17-20.37.46:982][ 68]LogModuleManager: Shutting down and abandoning module D3D11RHI (8)
[2015.09.17-20.37.46:982][ 68]LogModuleManager: Shutting down and abandoning module Renderer (7)
[2015.09.17-20.37.46:982][ 68]LogModuleManager: Shutting down and abandoning module Engine (6)
[2015.09.17-20.37.46:982][ 68]LogModuleManager: Shutting down and abandoning module CoreUObject (5)
[2015.09.17-20.37.46:982][ 68]LogModuleManager: Shutting down and abandoning module NetworkFile (4)
[2015.09.17-20.37.46:990][ 68]LogModuleManager: Shutting down and abandoning module StreamingFile (3)
[2015.09.17-20.37.46:990][ 68]LogModuleManager: Shutting down and abandoning module SandboxFile (2)
[2015.09.17-20.37.47:003][ 68]LogModuleManager: Shutting down and abandoning module PakFile (1)
[2015.09.17-20.37.47:023][ 68]LogExit: Exiting.
[2015.09.17-20.37.47:040][ 68]Log file closed, 09/17/15 13:37:47
