[2015.08.12-23.22.08:011][  0]Log file open, 08/12/15 16:22:08
[2015.08.12-23.22.08:011][  0]LogInit:Display: Running engine for game: GodKiller
[2015.08.12-23.22.08:011][  0]LogInit:Display: RandInit(-2110676958) SRandInit(-2110676958).
[2015.08.12-23.22.08:011][  0]LogTaskGraph: Started task graph with 4 named threads and 5 total threads.
[2015.08.12-23.22.08:011][  0]LogStats: Stats thread started
[2015.08.12-23.22.08:011][  0]LogInit: Version: 4.8.3-2634408+++depot+UE4-Releases+4.8
[2015.08.12-23.22.08:011][  0]LogInit: API Version: 2579680
[2015.08.12-23.22.08:012][  0]LogInit: Compiled (64-bit): Jul 27 2015 16:24:33
[2015.08.12-23.22.08:012][  0]LogInit: Compiled with Visual C++: 18.00.21005.01
[2015.08.12-23.22.08:012][  0]LogInit: Build Configuration: Development
[2015.08.12-23.22.08:012][  0]LogInit: Branch Name: ++depot+UE4-Releases+4.8
[2015.08.12-23.22.08:012][  0]LogInit: Command line:  
[2015.08.12-23.22.08:012][  0]LogInit: Base directory: C:/Program Files/Epic Games/4.8/Engine/Binaries/Win64/
[2015.08.12-23.22.08:012][  0]LogInit: Rocket: 1
[2015.08.12-23.22.08:264][  0]LogInit: Using libcurl 7.41.0
[2015.08.12-23.22.08:264][  0]LogInit:  - built for x86_64-pc-win32
[2015.08.12-23.22.08:264][  0]LogInit:  - supports SSL with WinSSL
[2015.08.12-23.22.08:264][  0]LogInit:  - other features:
[2015.08.12-23.22.08:264][  0]LogInit:      CURL_VERSION_SSL
[2015.08.12-23.22.08:264][  0]LogInit:      CURL_VERSION_IPV6
[2015.08.12-23.22.08:264][  0]LogInit:      CURL_VERSION_ASYNCHDNS
[2015.08.12-23.22.08:264][  0]LogInit:      CURL_VERSION_LARGEFILE
[2015.08.12-23.22.08:264][  0]LogInit:      CURL_VERSION_IDN
[2015.08.12-23.22.08:265][  0]LogInit:  CurlRequestOptions (configurable via config and command line):
[2015.08.12-23.22.08:265][  0]LogInit:  - bVerifyPeer = true  - Libcurl will verify peer certificate
[2015.08.12-23.22.08:265][  0]LogInit:  - bUseHttpProxy = false  - Libcurl will NOT use HTTP proxy
[2015.08.12-23.22.08:265][  0]LogInit:  - bDontReuseConnections = false  - Libcurl will reuse connections
[2015.08.12-23.22.08:265][  0]LogInit:  - CertBundlePath = nullptr  - Libcurl will use whatever was configured at build time.
[2015.08.12-23.22.08:293][  0]LogOnline:Warning: No default platform service specified for OnlineSubsystem
[2015.08.12-23.22.08:942][  0]LogInit: Presizing for 0 objects not considered by GC, pre-allocating 0 bytes.
[2015.08.12-23.22.09:443][  0]LogInit: Object subsystem initialized
[2015.08.12-23.22.09:870][  0]LogConsoleResponse:Warning: Skipping Unknown console variable: 'TranslucentSortAxis = (X=0.000000,Y=-1.000000,Z=0.000000)'
[2015.08.12-23.22.09:870][  0]LogConsoleResponse:Warning:   Found in ini file 'C:/Users/Samantha/Desktop/God-Killer/Saved/Config/Windows/Engine.ini', in section '[/Script/Engine.RendererSettings]'
[2015.08.12-23.22.09:870][  0]LogConsoleResponse:Warning: Skipping Unknown console variable: 'UIScaleRule = ShortestSide'
[2015.08.12-23.22.09:870][  0]LogConsoleResponse:Warning:   Found in ini file 'C:/Users/Samantha/Desktop/God-Killer/Saved/Config/Windows/Engine.ini', in section '[/Script/Engine.RendererSettings]'
[2015.08.12-23.22.09:870][  0]LogConsoleResponse:Warning: Skipping Unknown console variable: 'UIScaleCurve = (EditorCurveData=(Keys=),ExternalCurve=None)'
[2015.08.12-23.22.09:870][  0]LogConsoleResponse:Warning:   Found in ini file 'C:/Users/Samantha/Desktop/God-Killer/Saved/Config/Windows/Engine.ini', in section '[/Script/Engine.RendererSettings]'
[2015.08.12-23.22.10:273][  0]LogInit: Selected Device Profile: [Windows]
[2015.08.12-23.22.10:273][  0]LogInit: Applying CVar settings loaded from the selected device profile: [Windows]
[2015.08.12-23.22.10:519][  0]LogInit: Computer: SAMANTHAPC
[2015.08.12-23.22.10:519][  0]LogInit: User: Samantha
[2015.08.12-23.22.10:519][  0]LogInit: CPU Page size=4096, Cores=2
[2015.08.12-23.22.10:519][  0]LogInit: High frequency timer resolution =2.240906 MHz
[2015.08.12-23.22.10:519][  0]LogMemory: Memory total: Physical=5.9GB (6GB approx)
[2015.08.12-23.22.10:519][  0]LogMemory: Platform Memory Stats for Windows
[2015.08.12-23.22.10:519][  0]LogMemory: Process Physical Memory: 48.42 MB used, 48.42 MB peak
[2015.08.12-23.22.10:519][  0]LogMemory: Process Virtual Memory: 22.23 MB used, 22.23 MB peak
[2015.08.12-23.22.10:519][  0]LogMemory: Physical Memory: 3398.34 MB used, 6027.63 MB total
[2015.08.12-23.22.10:519][  0]LogMemory: Virtual Memory: 290.76 MB used, 134217728.00 MB total
[2015.08.12-23.22.15:220][  0]LogTextLocalizationManager: The requested culture ('en_US') has no localization data; parent culture's ('en') localization data will be used.
[2015.08.12-23.22.17:164][  0]LogTextLocalizationManager:Warning: Loaded localization resources contain conflicting entries for (Namespace:ContentBrowser, Key:ImportAssetToolTip):
Localization Resource: (C:/Program Files/Epic Games/4.8/Engine/Content/Localization/Editor/en/Editor.locres) Source String Hash: (-630476809) Localized String: (Import to {0}...)
Localization Resource: (C:/Program Files/Epic Games/4.8/Engine/Content/Localization/Editor/en/Editor.locres) Source String Hash: (1271782899) Localized String: (Imports an asset from file to this folder.)
[2015.08.12-23.22.19:088][  0]LogD3D11RHI: Found D3D11 adapter 0: Intel(R) HD Graphics Family (Feature Level 11_0)
[2015.08.12-23.22.19:088][  0]LogD3D11RHI: Adapter has 32MB of dedicated video memory, 0MB of dedicated system memory, and 1760MB of shared system memory, 1 output[s]
[2015.08.12-23.22.19:089][  0]LogD3D11RHI: Found D3D11 adapter 1: Microsoft Basic Render Driver (Feature Level 11_0)
[2015.08.12-23.22.19:089][  0]LogD3D11RHI: Adapter has 0MB of dedicated video memory, 0MB of dedicated system memory, and 256MB of shared system memory, 0 output[s]
[2015.08.12-23.22.19:089][  0]LogD3D11RHI: Chosen D3D11 Adapter Id = 0
[2015.08.12-23.22.19:124][  0]LogD3D11RHI: InitD3DDevice
[2015.08.12-23.22.19:124][  0]LogD3D11RHI: !Direct3DDevice
[2015.08.12-23.22.19:131][  0]LogRHI: Texture pool is 638 MB (70% of 912 MB)
[2015.08.12-23.22.19:151][  0]LogD3D11RHI: Async texture creation enabled
[2015.08.12-23.22.20:358][  0]LogShaderCompilers:Display: Using Local Shader Compiler.
[2015.08.12-23.22.35:462][  0]LogTemp:Display: Loaded TP DesktopTargetPlatform
[2015.08.12-23.22.35:499][  0]LogTemp:Display: Loaded TP WindowsClientTargetPlatform
[2015.08.12-23.22.35:533][  0]LogTemp:Display: Loaded TP WindowsNoEditorTargetPlatform
[2015.08.12-23.22.35:565][  0]LogTemp:Display: Loaded TP WindowsServerTargetPlatform
[2015.08.12-23.22.35:605][  0]LogTemp:Display: Loaded TP WindowsTargetPlatform
[2015.08.12-23.22.35:648][  0]LogTemp:Display: Loaded TP AndroidTargetPlatform
[2015.08.12-23.22.35:675][  0]LogTemp:Display: Loaded TP Android_ASTCTargetPlatform
[2015.08.12-23.22.35:705][  0]LogTemp:Display: Loaded TP Android_ATCTargetPlatform
[2015.08.12-23.22.35:735][  0]LogTemp:Display: Loaded TP Android_DXTTargetPlatform
[2015.08.12-23.22.35:760][  0]LogTemp:Display: Loaded TP Android_ETC1TargetPlatform
[2015.08.12-23.22.35:787][  0]LogTemp:Display: Loaded TP Android_ETC2TargetPlatform
[2015.08.12-23.22.35:816][  0]LogTemp:Display: Loaded TP Android_PVRTCTargetPlatform
[2015.08.12-23.22.36:073][  0]LogTemp:Display: Loaded TP IOSTargetPlatform
[2015.08.12-23.22.36:110][  0]LogTemp:Display: Loaded TP LinuxNoEditorTargetPlatform
[2015.08.12-23.22.36:130][  0]LogTemp:Display: Loaded TP LinuxServerTargetPlatform
[2015.08.12-23.22.36:162][  0]LogTemp:Display: Loaded TP LinuxTargetPlatform
[2015.08.12-23.22.36:162][  0]LogTargetPlatformManager:Display: Building Assets For Windows
[2015.08.12-23.22.37:156][  0]LogDerivedDataCache:Display: Max Cache Size: 512 MB
[2015.08.12-23.22.37:940][  0]LogDerivedDataCache: Loaded boot cache 0.77s 53MB C:/Users/Samantha/AppData/Local/UnrealEngine/4.8/DerivedDataCache/Boot.ddc.
[2015.08.12-23.22.37:940][  0]LogDerivedDataCache:Display: Loaded Boot cache: C:/Users/Samantha/AppData/Local/UnrealEngine/4.8/DerivedDataCache/Boot.ddc
[2015.08.12-23.22.37:940][  0]LogDerivedDataCache: FDerivedDataBackendGraph:  Pak pak cache file ../../../../../../Users/Samantha/Desktop/God-Killer/DerivedDataCache/DDC.ddp not found, will not use a pak cache.
[2015.08.12-23.22.37:940][  0]LogDerivedDataCache: Unable to find inner node Pak for hierarchical cache Hierarchy.
[2015.08.12-23.22.37:940][  0]LogDerivedDataCache: FDerivedDataBackendGraph:  CompressedPak pak cache file ../../../../../../Users/Samantha/Desktop/God-Killer/DerivedDataCache/Compressed.ddp not found, will not use a pak cache.
[2015.08.12-23.22.37:940][  0]LogDerivedDataCache: Unable to find inner node CompressedPak for hierarchical cache Hierarchy.
[2015.08.12-23.22.38:187][  0]LogDerivedDataCache:Display: Pak cache opened for reading ../../../Engine/DerivedDataCache/Compressed.ddp.
[2015.08.12-23.22.38:239][  0]LogDerivedDataCache: Using Local data cache path C:/Users/Samantha/AppData/Local/UnrealEngine/Common/DerivedDataCache: Writable
[2015.08.12-23.22.48:624][  0]LogInit: Selected Device Profile: [Windows]
[2015.08.12-23.22.51:335][  0]ImportText (ComponentSweepMultiTests): Missing closing parenthesis: (RootShapeAsset="/Engine/BasicShapes/Cube.Cube",ShapeType="TriggerCapsule",HitResult=(Time=0.50,Location=(X=-100.000015,Y=0.0,Z=100.000015),ImpactPoint=(X=-50.0,Y=0.0,Z=50.0),Normal=(X=-1.0,Y=-0.0,Z=0.0),ImpactNormal=(X=0.0,Y=0.0,Z=1.0),TraceStart=(X=-200.0,Y=0.0,Z=200.0),TraceEnd=(X=0.0,Y=0.0,Z=0.0))
[2015.08.12-23.22.51:335][  0]ImportText (LineTraceSingleByChannelTests): Missing closing parenthesis: (RootShapeAsset="/Engine/BasicShapes/Cube.Cube",HitResult=(Time=0.50,Location=(X=-100.000015,Y=0.0,Z=100.000015),ImpactPoint=(X=-50.0,Y=0.0,Z=50.0),Normal=(X=-1.0,Y=-0.0,Z=0.0),ImpactNormal=(X=0.0,Y=0.0,Z=1.0),TraceStart=(X=-200.0,Y=0.0,Z=200.0),TraceEnd=(X=0.0,Y=0.0,Z=0.0))
[2015.08.12-23.22.52:130][  0]LogMeshUtilities: No automatic mesh reduction module available
[2015.08.12-23.22.52:130][  0]LogMeshUtilities: No automatic mesh merging module available
[2015.08.12-23.22.53:670][  0]LogEnum:Warning: Enum Text 3 for Enum EViewModeIndex failed to resolve to any value
[2015.08.12-23.23.09:397][  0]LogInit: WinSock: version 1.1 (2.2), MaxSocks=32767, MaxUdp=65467
[2015.08.12-23.23.13:137][  0]LogModuleManager:Warning: ModuleManager: Unable to load module 'C:/Program Files/Epic Games/4.8/Engine/Binaries/Win64/UE4Editor-XAudio2.dll' because the file couldn't be loaded by the OS.
[2015.08.12-23.24.20:540][  0]UdpMessaging: Initializing bridge on interface 0.0.0.0:0 to multicast group 230.0.0.1:6666.
[2015.08.12-23.24.24:881][  0]SourceControl: Info Source control is disabled
[2015.08.12-23.24.24:892][  0]SourceControl: Info Source control is disabled
[2015.08.12-23.24.24:950][  0]SourceControl: Info Source control is disabled
[2015.08.12-23.24.24:992][  0]SourceControl: Info Source control is disabled
[2015.08.12-23.24.25:882][  0]LogObj: 26273 objects as part of root set at end of initial load.
[2015.08.12-23.24.25:882][  0]LogUObjectAllocator: 5409256 out of 0 bytes used by permanent object pool.
[2015.08.12-23.24.27:147][  0]LogEngine: Initializing Engine...
[2015.08.12-23.24.27:171][  0]LogHMD: Can't find Oculus library dev build: is proper Runtime installed? Version: 0.6.0.0
[2015.08.12-23.24.27:193][  0]LogHMD:Warning: SteamVR failed to initialize.  Error: 110
[2015.08.12-23.24.29:082][  0]LogAIModule: Creating AISystem for world NewWorld
[2015.08.12-23.27.40:320][  0]LogModuleManager:Warning: ModuleManager: Unable to load module 'C:/Program Files/Epic Games/4.8/Engine/Binaries/Win64/UE4Editor-XAudio2.dll' because the file couldn't be loaded by the OS.
[2015.08.12-23.27.40:384][  0]LogDerivedDataCache: Saved boot cache 0.06s 53MB C:/Users/Samantha/AppData/Local/UnrealEngine/4.8/DerivedDataCache/Boot.ddc.
[2015.08.12-23.27.40:422][  0]LogInit: Texture streaming: Disabled
[2015.08.12-23.27.40:579][  0]LogAnalytics: Creating configured Analytics provider AnalyticsET
[2015.08.12-23.27.40:579][  0]LogAnalytics: [UEEditor.Rocket.Release] APIServer = http://et2.epicgames.com/ET2/. AppVersion = 4.8.3-2634408+++depot+UE4-Releases+4.8
[2015.08.12-23.27.40:579][  0]LogAnalytics: [UEEditor.Rocket.Release] SetUserId 46872bea408cfcc0100ac385d2b5ce07|e22a3db169b04f708165eaff958a9646|097015b1-a59a-4201-b460-717027cc9fe8
[2015.08.12-23.27.40:615][  0]LogAnalytics: [UEEditor.Rocket.Release] AnalyticsET::StartSession
[2015.08.12-23.27.41:549][  0]LogInit: Transaction tracking system initialized
[2015.08.12-23.27.43:536][  0]BlueprintLog: New page: Editor Load
[2015.08.12-23.27.45:442][  0]LogAssetRegistry: FAssetRegistry took 0.0123 seconds to start up
[2015.08.12-23.27.45:511][  0]LogDirectoryWatcher:Warning: Failed to begin reading directory changes for ../../../Engine/Plugins/Experimental/CharacterAI/Content/. Error: 0
[2015.08.12-23.28.06:162][  0]LogConsoleManager:Warning: Console variable 'r.VSync' wasn't set ('GameSetting' has a lower priority than 'SystemSettingsIni')
[2015.08.12-23.28.06:163][  0]LogConsoleResponse:Display: 
[2015.08.12-23.28.10:360][  0]LogCook:Display: Done creating registry. It took  0.00s.
[2015.08.12-23.28.13:700][  0]SourceControl: Info Source control is disabled
[2015.08.12-23.28.13:961][  0]Cmd: MAP LOAD FILE="../../../../../../Users/Samantha/Desktop/God-Killer/Content/Scene/NewCave.umap" TEMPLATE=0 SHOWPROGRESS=1 FEATURELEVEL=3
[2015.08.12-23.28.14:157][  0]LightingResults: New page: Lighting Build
[2015.08.12-23.28.15:001][  0]MapCheck: New page: Map Check
[2015.08.12-23.28.15:001][  0]LightingResults: New page: Lighting Build
[2015.08.12-23.28.16:750][  0]LogParticles: Destroying 0 GPU particle simulations for FXSystem 0x00000055EF47D300
[2015.08.12-23.28.26:979][  0]LogBlueprint:Warning: [compiler GnawmersHealth] Warning 'gnawmers' is already a 'Enemy 1', you don't need  Cast To Enemy1 .
[2015.08.12-23.28.27:257][  0]LogBlueprint:Warning: [compiler GnawmersHealth] Warning [0407.90] Compile of GnawmersHealth successful, but with 1 Warning(s) [in 363 ms]
[2015.08.12-23.28.27:257][  0]LogBlueprint:Warning: [compiler GnawmersHealth] Warning [0407.90] Compile of GnawmersHealth successful, but with 2 Warning(s) [in 0 ms]
[2015.08.12-23.28.27:257][  0]LogBlueprint:Warning: [compiler GnawmersHealth] Warning [0407.90] Compile of GnawmersHealth successful, but with 3 Warning(s) [in 0 ms]
[2015.08.12-23.28.28:276][  0]LogBlueprint:Warning: [compiler Gui] Warning 'gnawmers' is already a 'Enemy 1', you don't need  Cast To Enemy1 .
[2015.08.12-23.28.28:306][  0]LogBlueprint:Warning: [compiler Gui] Warning [0408.95] Compile of Gui successful, but with 1 Warning(s) [in 58 ms]
[2015.08.12-23.28.28:307][  0]LogBlueprint:Warning: [compiler Gui] Warning [0408.95] Compile of Gui successful, but with 2 Warning(s) [in 0 ms]
[2015.08.12-23.28.28:307][  0]LogBlueprint:Warning: [compiler Gui] Warning [0408.95] Compile of Gui successful, but with 3 Warning(s) [in 0 ms]
[2015.08.12-23.28.30:645][  0]LogBlueprint:Warning: [compiler GnawmersHealth] Warning 'gnawmers' is already a 'Enemy 1', you don't need  Cast To Enemy1 .
[2015.08.12-23.28.30:646][  0]LogBlueprint:Warning: [compiler GnawmersHealth] Warning [0411.29] Compile of GnawmersHealth successful, but with 1 Warning(s) [in 12 ms]
[2015.08.12-23.28.30:647][  0]LogBlueprint:Warning: [compiler GnawmersHealth] Warning [0411.29] Compile of GnawmersHealth successful, but with 2 Warning(s) [in 0 ms]
[2015.08.12-23.28.30:686][  0]LogBlueprint:Warning: [compiler Gui] Warning 'gnawmers' is already a 'Enemy 1', you don't need  Cast To Enemy1 .
[2015.08.12-23.28.30:696][  0]LogBlueprint:Warning: [compiler Gui] Warning [0411.34] Compile of Gui successful, but with 1 Warning(s) [in 39 ms]
[2015.08.12-23.28.30:698][  0]LogBlueprint:Warning: [compiler Gui] Warning [0411.34] Compile of Gui successful, but with 2 Warning(s) [in 1 ms]
[2015.08.12-23.28.47:465][  0]LogTexture:Display: Building textures: stonebone_O (AutoDXT)
[2015.08.12-23.28.54:344][  0]LogTexture:Display: Building textures: stonebone (AutoDXT)
[2015.08.12-23.29.05:632][  0]LogTexture:Display: Building textures: stonebone_NRML (BC5)
[2015.08.12-23.29.08:154][  0]LogTexture:Display: Building textures: CaveTexture (AutoDXT)
[2015.08.12-23.29.53:471][  0]LogMaterial: Missing cached shader map for material Ground, compiling. 
[2015.08.12-23.29.53:923][  0]LogTexture:Display: Building textures: Texture2D_3 (BGRA8)
[2015.08.12-23.29.54:038][  0]LogTexture:Display: Building textures: HQ_Lightmap0_1 (AutoDXT)
[2015.08.12-23.29.54:149][  0]LogTexture:Display: Building textures: HQ_Lightmap0_10 (AutoDXT)
[2015.08.12-23.29.54:175][  0]LogTexture:Display: Building textures: HQ_Lightmap0_11 (AutoDXT)
[2015.08.12-23.29.54:211][  0]LogTexture:Display: Building textures: HQ_Lightmap0_12 (AutoDXT)
[2015.08.12-23.29.54:234][  0]LogTexture:Display: Building textures: HQ_Lightmap0_13 (AutoDXT)
[2015.08.12-23.29.54:238][  0]LogTexture:Display: Building textures: HQ_Lightmap0_14 (AutoDXT)
[2015.08.12-23.29.54:242][  0]LogTexture:Display: Building textures: HQ_Lightmap0_15 (AutoDXT)
[2015.08.12-23.29.54:250][  0]LogTexture:Display: Building textures: HQ_Lightmap0_16 (AutoDXT)
[2015.08.12-23.29.54:255][  0]LogTexture:Display: Building textures: HQ_Lightmap0_17 (AutoDXT)
[2015.08.12-23.29.54:263][  0]LogTexture:Display: Building textures: HQ_Lightmap0_18 (AutoDXT)
[2015.08.12-23.29.54:318][  0]LogTexture:Display: Building textures: HQ_Lightmap0_19 (AutoDXT)
[2015.08.12-23.29.54:359][  0]LogTexture:Display: Building textures: HQ_Lightmap0_2 (AutoDXT)
[2015.08.12-23.29.54:451][  0]LogTexture:Display: Building textures: HQ_Lightmap0_20 (AutoDXT)
[2015.08.12-23.29.54:460][  0]LogTexture:Display: Building textures: HQ_Lightmap0_21 (AutoDXT)
[2015.08.12-23.29.54:464][  0]LogTexture:Display: Building textures: HQ_Lightmap0_22 (AutoDXT)
[2015.08.12-23.29.54:468][  0]LogTexture:Display: Building textures: HQ_Lightmap0_23 (AutoDXT)
[2015.08.12-23.29.54:479][  0]LogTexture:Display: Building textures: HQ_Lightmap0_24 (AutoDXT)
[2015.08.12-23.29.54:510][  0]LogTexture:Display: Building textures: HQ_Lightmap0_25 (AutoDXT)
[2015.08.12-23.29.54:523][  0]LogTexture:Display: Building textures: HQ_Lightmap0_26 (AutoDXT)
[2015.08.12-23.29.54:529][  0]LogTexture:Display: Building textures: HQ_Lightmap0_27 (AutoDXT)
[2015.08.12-23.29.54:535][  0]LogTexture:Display: Building textures: HQ_Lightmap0_28 (AutoDXT)
[2015.08.12-23.29.54:540][  0]LogTexture:Display: Building textures: HQ_Lightmap0_29 (AutoDXT)
[2015.08.12-23.29.54:624][  0]LogTexture:Display: Building textures: HQ_Lightmap0_3 (AutoDXT)
[2015.08.12-23.29.55:523][  0]LogTexture:Display: Building textures: HQ_Lightmap0_30 (AutoDXT)
[2015.08.12-23.29.55:535][  0]LogTexture:Display: Building textures: HQ_Lightmap0_31 (AutoDXT)
[2015.08.12-23.29.55:553][  0]LogTexture:Display: Building textures: HQ_Lightmap0_32 (AutoDXT)
[2015.08.12-23.29.55:570][  0]LogTexture:Display: Building textures: HQ_Lightmap0_33 (AutoDXT)
[2015.08.12-23.29.55:576][  0]LogTexture:Display: Building textures: HQ_Lightmap0_34 (AutoDXT)
[2015.08.12-23.29.55:582][  0]LogTexture:Display: Building textures: HQ_Lightmap0_35 (AutoDXT)
[2015.08.12-23.29.55:587][  0]LogTexture:Display: Building textures: HQ_Lightmap0_36 (AutoDXT)
[2015.08.12-23.29.55:592][  0]LogTexture:Display: Building textures: HQ_Lightmap0_37 (AutoDXT)
[2015.08.12-23.29.55:611][  0]LogTexture:Display: Building textures: HQ_Lightmap0_38 (AutoDXT)
[2015.08.12-23.29.55:621][  0]LogTexture:Display: Building textures: HQ_Lightmap0_39 (AutoDXT)
[2015.08.12-23.29.55:633][  0]LogTexture:Display: Building textures: HQ_Lightmap0_4 (AutoDXT)
[2015.08.12-23.29.55:655][  0]LogTexture:Display: Building textures: HQ_Lightmap0_40 (AutoDXT)
[2015.08.12-23.29.55:665][  0]LogTexture:Display: Building textures: HQ_Lightmap0_41 (AutoDXT)
[2015.08.12-23.29.55:670][  0]LogTexture:Display: Building textures: HQ_Lightmap0_42 (AutoDXT)
[2015.08.12-23.29.55:674][  0]LogTexture:Display: Building textures: HQ_Lightmap0_43 (AutoDXT)
[2015.08.12-23.29.55:682][  0]LogTexture:Display: Building textures: HQ_Lightmap0_44 (AutoDXT)
[2015.08.12-23.29.55:691][  0]LogTexture:Display: Building textures: HQ_Lightmap0_45 (AutoDXT)
[2015.08.12-23.29.55:703][  0]LogTexture:Display: Building textures: HQ_Lightmap0_46 (AutoDXT)
[2015.08.12-23.29.55:709][  0]LogTexture:Display: Building textures: HQ_Lightmap0_47 (AutoDXT)
[2015.08.12-23.29.55:734][  0]LogTexture:Display: Building textures: HQ_Lightmap0_5 (AutoDXT)
[2015.08.12-23.29.55:749][  0]LogTexture:Display: Building textures: HQ_Lightmap0_52 (AutoDXT)
[2015.08.12-23.29.55:774][  0]LogTexture:Display: Building textures: HQ_Lightmap0_53 (AutoDXT)
[2015.08.12-23.29.55:820][  0]LogTexture:Display: Building textures: HQ_Lightmap0_54 (AutoDXT)
[2015.08.12-23.29.55:840][  0]LogTexture:Display: Building textures: HQ_Lightmap0_55 (AutoDXT)
[2015.08.12-23.29.55:985][  0]LogTexture:Display: Building textures: HQ_Lightmap0_56 (AutoDXT)
[2015.08.12-23.29.57:290][  0]LogTexture:Display: Building textures: HQ_Lightmap0_57 (AutoDXT)
[2015.08.12-23.29.57:312][  0]LogTexture:Display: Building textures: HQ_Lightmap0_58 (AutoDXT)
[2015.08.12-23.29.57:330][  0]LogTexture:Display: Building textures: HQ_Lightmap0_59 (AutoDXT)
[2015.08.12-23.29.57:367][  0]LogTexture:Display: Building textures: HQ_Lightmap0_6 (AutoDXT)
[2015.08.12-23.29.57:507][  0]LogTexture:Display: Building textures: HQ_Lightmap0_60 (AutoDXT)
[2015.08.12-23.29.57:538][  0]LogTexture:Display: Building textures: HQ_Lightmap0_61 (AutoDXT)
[2015.08.12-23.29.57:558][  0]LogTexture:Display: Building textures: HQ_Lightmap0_62 (AutoDXT)
[2015.08.12-23.29.57:577][  0]LogTexture:Display: Building textures: HQ_Lightmap0_63 (AutoDXT)
[2015.08.12-23.29.57:598][  0]LogTexture:Display: Building textures: HQ_Lightmap0_65 (AutoDXT)
[2015.08.12-23.29.57:605][  0]LogTexture:Display: Building textures: HQ_Lightmap0_66 (AutoDXT)
[2015.08.12-23.29.57:624][  0]LogTexture:Display: Building textures: HQ_Lightmap0_67 (AutoDXT)
[2015.08.12-23.29.57:646][  0]LogTexture:Display: Building textures: HQ_Lightmap0_68 (AutoDXT)
[2015.08.12-23.29.57:670][  0]LogTexture:Display: Building textures: HQ_Lightmap0_69 (AutoDXT)
[2015.08.12-23.29.57:723][  0]LogTexture:Display: Building textures: HQ_Lightmap0_7 (AutoDXT)
[2015.08.12-23.29.57:947][  0]LogTexture:Display: Building textures: HQ_Lightmap0_70 (AutoDXT)
[2015.08.12-23.29.57:969][  0]LogTexture:Display: Building textures: HQ_Lightmap0_71 (AutoDXT)
[2015.08.12-23.29.58:025][  0]LogTexture:Display: Building textures: HQ_Lightmap0_72 (AutoDXT)
[2015.08.12-23.29.58:055][  0]LogTexture:Display: Building textures: HQ_Lightmap0_73 (AutoDXT)
[2015.08.12-23.29.58:073][  0]LogTexture:Display: Building textures: HQ_Lightmap0_74 (AutoDXT)
[2015.08.12-23.29.58:094][  0]LogTexture:Display: Building textures: HQ_Lightmap0_75 (AutoDXT)
[2015.08.12-23.29.58:151][  0]LogTexture:Display: Building textures: HQ_Lightmap0_76 (AutoDXT)
[2015.08.12-23.29.58:177][  0]LogTexture:Display: Building textures: HQ_Lightmap0_77 (AutoDXT)
[2015.08.12-23.29.58:194][  0]LogTexture:Display: Building textures: HQ_Lightmap0_78 (AutoDXT)
[2015.08.12-23.29.58:208][  0]LogTexture:Display: Building textures: HQ_Lightmap0_79 (AutoDXT)
[2015.08.12-23.29.58:254][  0]LogTexture:Display: Building textures: HQ_Lightmap0_8 (AutoDXT)
[2015.08.12-23.29.58:566][  0]LogTexture:Display: Building textures: HQ_Lightmap0_80 (AutoDXT)
[2015.08.12-23.29.58:584][  0]LogTexture:Display: Building textures: HQ_Lightmap0_81 (AutoDXT)
[2015.08.12-23.29.58:605][  0]LogTexture:Display: Building textures: HQ_Lightmap0_82 (AutoDXT)
[2015.08.12-23.29.58:624][  0]LogTexture:Display: Building textures: HQ_Lightmap0_83 (AutoDXT)
[2015.08.12-23.29.58:644][  0]LogTexture:Display: Building textures: HQ_Lightmap0_9 (AutoDXT)
[2015.08.12-23.29.58:670][  0]LogTexture:Display: Building textures: HQ_Lightmap1_48 (AutoDXT)
[2015.08.12-23.29.58:698][  0]LogTexture:Display: Building textures: HQ_Lightmap1_49 (AutoDXT)
[2015.08.12-23.29.58:727][  0]LogTexture:Display: Building textures: HQ_Lightmap1_50 (AutoDXT)
[2015.08.12-23.29.58:759][  0]LogTexture:Display: Building textures: LQ_Lightmap_0_1 (DXT1)
[2015.08.12-23.29.58:802][  0]LogTexture:Display: Building textures: LQ_Lightmap_0_10 (DXT1)
[2015.08.12-23.29.58:828][  0]LogTexture:Display: Building textures: LQ_Lightmap_0_11 (DXT1)
[2015.08.12-23.29.58:859][  0]LogTexture:Display: Building textures: LQ_Lightmap_0_12 (DXT1)
[2015.08.12-23.29.58:875][  0]LogTexture:Display: Building textures: LQ_Lightmap_0_13 (DXT1)
[2015.08.12-23.29.58:881][  0]LogTexture:Display: Building textures: LQ_Lightmap_0_14 (DXT1)
[2015.08.12-23.29.58:884][  0]LogTexture:Display: Building textures: LQ_Lightmap_0_15 (DXT1)
[2015.08.12-23.29.58:889][  0]LogTexture:Display: Building textures: LQ_Lightmap_0_16 (DXT1)
[2015.08.12-23.29.58:893][  0]LogTexture:Display: Building textures: LQ_Lightmap_0_17 (DXT1)
[2015.08.12-23.29.58:900][  0]LogTexture:Display: Building textures: LQ_Lightmap_0_18 (DXT1)
[2015.08.12-23.29.58:940][  0]LogTexture:Display: Building textures: LQ_Lightmap_0_19 (DXT1)
[2015.08.12-23.29.58:973][  0]LogTexture:Display: Building textures: LQ_Lightmap_0_2 (DXT1)
[2015.08.12-23.29.59:030][  0]LogTexture:Display: Building textures: LQ_Lightmap_0_20 (DXT1)
[2015.08.12-23.29.59:037][  0]LogTexture:Display: Building textures: LQ_Lightmap_0_21 (DXT1)
[2015.08.12-23.29.59:040][  0]LogTexture:Display: Building textures: LQ_Lightmap_0_22 (DXT1)
[2015.08.12-23.29.59:046][  0]LogTexture:Display: Building textures: LQ_Lightmap_0_23 (DXT1)
[2015.08.12-23.29.59:056][  0]LogTexture:Display: Building textures: LQ_Lightmap_0_24 (DXT1)
[2015.08.12-23.29.59:081][  0]LogTexture:Display: Building textures: LQ_Lightmap_0_25 (DXT1)
[2015.08.12-23.29.59:096][  0]LogTexture:Display: Building textures: LQ_Lightmap_0_26 (DXT1)
[2015.08.12-23.29.59:103][  0]LogTexture:Display: Building textures: LQ_Lightmap_0_27 (DXT1)
[2015.08.12-23.29.59:107][  0]LogTexture:Display: Building textures: LQ_Lightmap_0_28 (DXT1)
[2015.08.12-23.29.59:111][  0]LogTexture:Display: Building textures: LQ_Lightmap_0_29 (DXT1)
[2015.08.12-23.29.59:148][  0]LogTexture:Display: Building textures: LQ_Lightmap_0_3 (DXT1)
[2015.08.12-23.29.59:713][  0]LogTexture:Display: Building textures: LQ_Lightmap_0_30 (DXT1)
[2015.08.12-23.29.59:725][  0]LogTexture:Display: Building textures: LQ_Lightmap_0_31 (DXT1)
[2015.08.12-23.29.59:739][  0]LogTexture:Display: Building textures: LQ_Lightmap_0_32 (DXT1)
[2015.08.12-23.29.59:756][  0]LogTexture:Display: Building textures: LQ_Lightmap_0_33 (DXT1)
[2015.08.12-23.29.59:762][  0]LogTexture:Display: Building textures: LQ_Lightmap_0_34 (DXT1)
[2015.08.12-23.29.59:769][  0]LogTexture:Display: Building textures: LQ_Lightmap_0_35 (DXT1)
[2015.08.12-23.29.59:772][  0]LogTexture:Display: Building textures: LQ_Lightmap_0_36 (DXT1)
[2015.08.12-23.29.59:778][  0]LogTexture:Display: Building textures: LQ_Lightmap_0_37 (DXT1)
[2015.08.12-23.29.59:796][  0]LogTexture:Display: Building textures: LQ_Lightmap_0_38 (DXT1)
[2015.08.12-23.29.59:808][  0]LogTexture:Display: Building textures: LQ_Lightmap_0_39 (DXT1)
[2015.08.12-23.29.59:822][  0]LogTexture:Display: Building textures: LQ_Lightmap_0_4 (DXT1)
[2015.08.12-23.29.59:834][  0]LogTexture:Display: Building textures: LQ_Lightmap_0_40 (DXT1)
[2015.08.12-23.29.59:844][  0]LogTexture:Display: Building textures: LQ_Lightmap_0_41 (DXT1)
[2015.08.12-23.29.59:848][  0]LogTexture:Display: Building textures: LQ_Lightmap_0_42 (DXT1)
[2015.08.12-23.29.59:851][  0]LogTexture:Display: Building textures: LQ_Lightmap_0_43 (DXT1)
[2015.08.12-23.29.59:858][  0]LogTexture:Display: Building textures: LQ_Lightmap_0_44 (DXT1)
[2015.08.12-23.29.59:866][  0]LogTexture:Display: Building textures: LQ_Lightmap_0_45 (DXT1)
[2015.08.12-23.29.59:874][  0]LogTexture:Display: Building textures: LQ_Lightmap_0_46 (DXT1)
[2015.08.12-23.29.59:878][  0]LogTexture:Display: Building textures: LQ_Lightmap_0_47 (DXT1)
[2015.08.12-23.29.59:895][  0]LogTexture:Display: Building textures: LQ_Lightmap_0_5 (DXT1)
[2015.08.12-23.29.59:905][  0]LogTexture:Display: Building textures: LQ_Lightmap_0_52 (DXT1)
[2015.08.12-23.29.59:921][  0]LogTexture:Display: Building textures: LQ_Lightmap_0_53 (DXT1)
[2015.08.12-23.29.59:938][  0]LogTexture:Display: Building textures: LQ_Lightmap_0_54 (DXT1)
[2015.08.12-23.29.59:955][  0]LogTexture:Display: Building textures: LQ_Lightmap_0_55 (DXT1)
[2015.08.12-23.30.00:035][  0]LogTexture:Display: Building textures: LQ_Lightmap_0_56 (DXT1)
[2015.08.12-23.30.00:762][  0]LogTexture:Display: Building textures: LQ_Lightmap_0_57 (DXT1)
[2015.08.12-23.30.00:775][  0]LogTexture:Display: Building textures: LQ_Lightmap_0_58 (DXT1)
[2015.08.12-23.30.00:785][  0]LogTexture:Display: Building textures: LQ_Lightmap_0_59 (DXT1)
[2015.08.12-23.30.00:808][  0]LogTexture:Display: Building textures: LQ_Lightmap_0_6 (DXT1)
[2015.08.12-23.30.00:883][  0]LogTexture:Display: Building textures: LQ_Lightmap_0_60 (DXT1)
[2015.08.12-23.30.00:907][  0]LogTexture:Display: Building textures: LQ_Lightmap_0_61 (DXT1)
[2015.08.12-23.30.00:920][  0]LogTexture:Display: Building textures: LQ_Lightmap_0_62 (DXT1)
[2015.08.12-23.30.00:931][  0]LogTexture:Display: Building textures: LQ_Lightmap_0_63 (DXT1)
[2015.08.12-23.30.00:943][  0]LogTexture:Display: Building textures: LQ_Lightmap_0_65 (DXT1)
[2015.08.12-23.30.00:950][  0]LogTexture:Display: Building textures: LQ_Lightmap_0_66 (DXT1)
[2015.08.12-23.30.00:961][  0]LogTexture:Display: Building textures: LQ_Lightmap_0_67 (DXT1)
[2015.08.12-23.30.00:973][  0]LogTexture:Display: Building textures: LQ_Lightmap_0_68 (DXT1)
[2015.08.12-23.30.00:985][  0]LogTexture:Display: Building textures: LQ_Lightmap_0_69 (DXT1)
[2015.08.12-23.30.01:025][  0]LogTexture:Display: Building textures: LQ_Lightmap_0_7 (DXT1)
[2015.08.12-23.30.01:170][  0]LogTexture:Display: Building textures: LQ_Lightmap_0_70 (DXT1)
[2015.08.12-23.30.01:183][  0]LogTexture:Display: Building textures: LQ_Lightmap_0_71 (DXT1)
[2015.08.12-23.30.01:220][  0]LogTexture:Display: Building textures: LQ_Lightmap_0_72 (DXT1)
[2015.08.12-23.30.01:241][  0]LogTexture:Display: Building textures: LQ_Lightmap_0_73 (DXT1)
[2015.08.12-23.30.01:253][  0]LogTexture:Display: Building textures: LQ_Lightmap_0_74 (DXT1)
[2015.08.12-23.30.01:262][  0]LogTexture:Display: Building textures: LQ_Lightmap_0_75 (DXT1)
[2015.08.12-23.30.01:297][  0]LogTexture:Display: Building textures: LQ_Lightmap_0_76 (DXT1)
[2015.08.12-23.30.01:316][  0]LogTexture:Display: Building textures: LQ_Lightmap_0_77 (DXT1)
[2015.08.12-23.30.01:328][  0]LogTexture:Display: Building textures: LQ_Lightmap_0_78 (DXT1)
[2015.08.12-23.30.01:334][  0]LogTexture:Display: Building textures: LQ_Lightmap_0_79 (DXT1)
[2015.08.12-23.30.01:352][  0]LogTexture:Display: Building textures: LQ_Lightmap_0_8 (DXT1)
[2015.08.12-23.30.01:544][  0]LogTexture:Display: Building textures: LQ_Lightmap_0_80 (DXT1)
[2015.08.12-23.30.01:555][  0]LogTexture:Display: Building textures: LQ_Lightmap_0_81 (DXT1)
[2015.08.12-23.30.01:565][  0]LogTexture:Display: Building textures: LQ_Lightmap_0_82 (DXT1)
[2015.08.12-23.30.01:575][  0]LogTexture:Display: Building textures: LQ_Lightmap_0_83 (DXT1)
[2015.08.12-23.30.01:585][  0]LogTexture:Display: Building textures: LQ_Lightmap_0_9 (DXT1)
[2015.08.12-23.30.01:606][  0]LogTexture:Display: Building textures: LQ_Lightmap_1_48 (DXT1)
[2015.08.12-23.30.01:623][  0]LogTexture:Display: Building textures: LQ_Lightmap_1_49 (DXT1)
[2015.08.12-23.30.01:640][  0]LogTexture:Display: Building textures: LQ_Lightmap_1_50 (DXT1)
[2015.08.12-23.30.01:713][  0]LogMaterial: Missing cached shader map for material Mat_Sparks, compiling. 
[2015.08.12-23.30.02:000][  0]LogTexture:Display: Building textures: Mat_Fire_Blue_SubUv (AutoDXT)
[2015.08.12-23.30.06:376][  0]LogMaterial: Missing cached shader map for material Mat_Flame_Blue, compiling. 
[2015.08.12-23.30.06:946][  0]LogTexture:Display: Building textures: Mat_Fire_SubUv (AutoDXT)
[2015.08.12-23.30.10:082][  0]LogMaterial: Missing cached shader map for material Mat_Flame, compiling. 
[2015.08.12-23.30.18:030][  0]LogTexture:Display: Building textures: Wall_dDo02_s (AutoDXT)
[2015.08.12-23.31.15:619][  0]LogTexture:Display: Building textures: Wall_dDo02_n (BC5)
[2015.08.12-23.31.28:401][  0]LogTexture:Display: Building textures: Wall_dDo02_d (AutoDXT)
[2015.08.12-23.33.35:584][  0]LogMaterial: Missing cached shader map fo