Log file open, 07/30/15 14:08:55
LogInit:Display: Running engine for game: GodKiller
LogInit: Version: 4.7.6-2513093+++depot+UE4-Releases+4.7
LogInit: API Version: 2455222
LogInit: Compiled (64-bit): Apr 15 2015 12:09:54
LogInit: Compiled with Visual C++: 18.00.21005.01
LogInit: Build Configuration: Development
LogInit: Branch Name: ++depot+UE4-Releases+4.7
LogInit: Command line:  
LogInit: Base directory: C:/Program Files/Epic Games/4.7/Engine/Binaries/Win64/
LogInit: Rocket: 1
[2015.07.30-21.08.55:436][  0]LogTaskGraph: Started task graph with 3 named threads and 4 total threads.
[2015.07.30-21.08.55:506][  0]LogOnline:Warning: No default platform service specified for OnlineSubsystem
[2015.07.30-21.08.55:551][  0]LogInit: Presizing for 0 objects not considered by GC, pre-allocating 0 bytes.
[2015.07.30-21.08.55:583][  0]LogInit: Object subsystem initialized
[2015.07.30-21.08.55:589][  0]LogConsoleResponse:Warning: Skipping Unknown console variable: 'TranslucentSortAxis = (X=0.000000,Y=-1.000000,Z=0.000000)'
[2015.07.30-21.08.55:589][  0]LogConsoleResponse:Warning:   Found in ini file 'C:/Users/Samantha/Desktop/God-Killer/Saved/Config/Windows/Engine.ini', in section '[/Script/Engine.RendererSettings]'
[2015.07.30-21.08.55:590][  0]LogConsoleResponse:Warning: Skipping Unknown console variable: 'UIScaleRule = ShortestSide'
[2015.07.30-21.08.55:590][  0]LogConsoleResponse:Warning:   Found in ini file 'C:/Users/Samantha/Desktop/God-Killer/Saved/Config/Windows/Engine.ini', in section '[/Script/Engine.RendererSettings]'
[2015.07.30-21.08.55:590][  0]LogConsoleResponse:Warning: Skipping Unknown console variable: 'UIScaleCurve = (EditorCurveData=(Keys=),ExternalCurve=None)'
[2015.07.30-21.08.55:590][  0]LogConsoleResponse:Warning:   Found in ini file 'C:/Users/Samantha/Desktop/God-Killer/Saved/Config/Windows/Engine.ini', in section '[/Script/Engine.RendererSettings]'
[2015.07.30-21.08.55:591][  0]LogInit: Selected Device Profile: [Windows]
[2015.07.30-21.08.55:591][  0]LogInit: Applying CVar settings loaded from the selected device profile: [Windows]
[2015.07.30-21.08.55:611][  0]LogInit: Computer: SAMANTHAPC
[2015.07.30-21.08.55:611][  0]LogInit: User: Samantha
[2015.07.30-21.08.55:611][  0]LogInit: CPU Page size=4096, Cores=2
[2015.07.30-21.08.55:611][  0]LogInit: High frequency timer resolution =2.240908 MHz
[2015.07.30-21.08.55:612][  0]LogMemory: Memory total: Physical=5.9GB (6GB approx) Virtual=131072.0GB
[2015.07.30-21.08.55:613][  0]LogMemory: Platform Memory Stats for Windows
[2015.07.30-21.08.55:613][  0]LogMemory: Process Physical Memory: 46.22 MB used, 46.22 MB peak
[2015.07.30-21.08.55:613][  0]LogMemory: Process Virtual Memory: 26.22 MB used, 26.23 MB peak
[2015.07.30-21.08.55:613][  0]LogMemory: Physical Memory: 2270.50 MB used, 6027.63 MB total
[2015.07.30-21.08.55:614][  0]LogMemory: Virtual Memory: 287.81 MB used, 134217728.00 MB total
[2015.07.30-21.08.55:682][  0]LogD3D11RHI: Found D3D11 adapter 0: Intel(R) HD Graphics Family (Feature Level 11_0)
[2015.07.30-21.08.55:682][  0]LogD3D11RHI: Adapter has 32MB of dedicated video memory, 0MB of dedicated system memory, and 1760MB of shared system memory, 1 output[s]
[2015.07.30-21.08.55:684][  0]LogD3D11RHI: Found D3D11 adapter 1: Microsoft Basic Render Driver (Feature Level 11_0)
[2015.07.30-21.08.55:684][  0]LogD3D11RHI: Adapter has 0MB of dedicated video memory, 0MB of dedicated system memory, and 256MB of shared system memory, 0 output[s]
[2015.07.30-21.08.55:684][  0]LogD3D11RHI: Chosen D3D11 Adapter Id = 0
[2015.07.30-21.08.55:700][  0]LogRHI: Texture pool is 638 MB (70% of 912 MB)
[2015.07.30-21.08.55:716][  0]LogD3D11RHI: Async texture creation enabled
[2015.07.30-21.08.55:815][  0]LogTextLocalizationManager: The requested culture ('en_US') has no localization data; parent culture's ('en') localization data will be used.
[2015.07.30-21.08.56:039][  0]LogTextLocalizationManager:Warning: Loading localization resources contain conflicting entries for (Namespace:UICommands, Key:Save_ToolTip):
Resource: (C:/Program Files/Epic Games/4.7/Engine/Content/Localization/Editor/en/Editor.locres) Hash: (-29098895) String: (Saves the current level to disk)
Resource: (C:/Program Files/Epic Games/4.7/Engine/Content/Localization/Engine/en/Engine.locres) Hash: (-1280300587) String: (Save selected data to vlog file)
[2015.07.30-21.08.56:039][  0]LogTextLocalizationManager:Warning: Loading localization resources contain conflicting entries for (Namespace:ContentBrowser, Key:ImportAssetToolTip):
Resource: (C:/Program Files/Epic Games/4.7/Engine/Content/Localization/Editor/en/Editor.locres) Hash: (-630476809) String: (Import to {0}...)
Resource: (C:/Program Files/Epic Games/4.7/Engine/Content/Localization/Editor/en/Editor.locres) Hash: (1271782899) String: (Imports an asset from file to this folder.)
[2015.07.30-21.08.56:306][  0]LogContentStreaming: Texture pool size is 0.000000MB
[2015.07.30-21.09.03:049][  0]LogTargetPlatformManager:Display: Building Assets For Windows
[2015.07.30-21.09.05:299][  0]LogTargetPlatformManager:Display: Building Assets For Windows
[2015.07.30-21.09.05:543][  0]LogDerivedDataCache:Display: Max Cache Size: 512 MB
[2015.07.30-21.09.06:230][  0]LogDerivedDataCache: Loaded boot cache 0.69s 39MB C:/Users/Samantha/AppData/Local/UnrealEngine/4.7/DerivedDataCache/Boot.ddc.
[2015.07.30-21.09.06:230][  0]LogDerivedDataCache:Display: Loaded Boot cache: C:/Users/Samantha/AppData/Local/UnrealEngine/4.7/DerivedDataCache/Boot.ddc
[2015.07.30-21.09.06:230][  0]LogDerivedDataCache: FDerivedDataBackendGraph:  Pak pak cache file ../../../../../../Users/Samantha/Desktop/God-Killer/DerivedDataCache/DDC.ddp not found, will not use a pak cache.
[2015.07.30-21.09.06:230][  0]LogDerivedDataCache: Unable to find inner node Pak for hierarchical cache Hierarchy.
[2015.07.30-21.09.06:684][  0]LogDerivedDataCache:Display: Pak cache opened for reading ../../../Engine/DerivedDataCache/Compressed.ddp.
[2015.07.30-21.09.06:698][  0]LogDerivedDataCache: Using Local data cache path C:/Users/Samantha/AppData/Local/UnrealEngine/Common/DerivedDataCache: Writable
[2015.07.30-21.09.10:815][  0]LogMeshUtilities: No automatic mesh reduction module available
[2015.07.30-21.09.10:815][  0]LogMeshUtilities: No automatic mesh merging module available
[2015.07.30-21.09.12:301][  0]LogInit: WinSock: version 1.1 (2.2), MaxSocks=32767, MaxUdp=65467
[2015.07.30-21.09.14:257][  0]LogModuleManager:Warning: ModuleManager: Unable to load module 'C:/Program Files/Epic Games/4.7/Engine/Binaries/Win64/UE4Editor-XAudio2.dll' because the file couldn't be loaded by the OS.
[2015.07.30-21.09.14:686][  0]LogSlate:Warning: Failed to load font data from '../../../Engine/Content/Slate/Fonts/Roboto-Italic.ttf'
[2015.07.30-21.09.37:765][  0]UdpMessaging: Initializing bridge on interface 0.0.0.0:0 to multicast group 230.0.0.1:6666.
[2015.07.30-21.09.38:704][  0]SourceControl: Info Source control is disabled
[2015.07.30-21.09.38:705][  0]SourceControl: Info Source control is disabled
[2015.07.30-21.09.38:705][  0]SourceControl: Info Source control is disabled
[2015.07.30-21.09.38:705][  0]LogSourceControl: RunCommandInternalRaw: 'git version'
[2015.07.30-21.09.38:705][  0]LogSourceControl: RunCommandInternalRaw: ExecProcess ReturnCode=2 OutResults=''
[2015.07.30-21.09.38:737][  0]SourceControl: Info Source control is disabled
[2015.07.30-21.09.39:871][  0]LogObj: 24232 objects as part of root set at end of initial load.
[2015.07.30-21.09.39:871][  0]LogUObjectAllocator: 5137168 out of 0 bytes used by permanent object pool.
[2015.07.30-21.09.40:202][  0]LogEngine: Initializing Engine...
[2015.07.30-21.09.46:382][  0]LogModuleManager:Warning: ModuleManager: Unable to load module 'C:/Program Files/Epic Games/4.7/Engine/Binaries/Win64/UE4Editor-XAudio2.dll' because the file couldn't be loaded by the OS.
[2015.07.30-21.09.46:577][  0]LogAIModule: Creating AISystem for world NewWorld
[2015.07.30-21.09.46:645][  0]LogDerivedDataCache: Saved boot cache 0.07s 39MB C:/Users/Samantha/AppData/Local/UnrealEngine/4.7/DerivedDataCache/Boot.ddc.
[2015.07.30-21.09.46:661][  0]LogInit: Texture streaming: Enabled
[2015.07.30-21.09.47:039][  0]LogAnalytics: Creating configured Analytics provider AnalyticsET
[2015.07.30-21.09.47:039][  0]LogAnalytics: ET APIKey = Rocket.Release. APIServer = http://et2.epicgames.com/ET2/. AppVersion = 4.7.6-2513093+++depot+UE4-Releases+4.7
[2015.07.30-21.09.47:039][  0]LogAnalytics: ET APIKey = Rocket.Release. DataRouterUploadURL = https://datarouter-public-service-gamedev.ol.epicgames.net/datarouter/api/v1/public/data. AppVersion = 4.7.6-2513093+++depot+UE4-Releases+4.7
[2015.07.30-21.09.47:039][  0]LogAnalytics: SetUserId 46872bea408cfcc0100ac385d2b5ce07|e22a3db169b04f708165eaff958a9646|097015b1-a59a-4201-b460-717027cc9fe8
[2015.07.30-21.09.47:040][  0]LogAnalytics: AnalyticsET::StartSession [Rocket.Release]
[2015.07.30-21.09.47:383][  0]LogInit: Transaction tracking system initialized
[2015.07.30-21.09.48:413][  0]BlueprintLog: New page: Editor Load
[2015.07.30-21.09.48:602][  0]LogAssetRegistry: FAssetRegistry took 0.0107 seconds to start up
[2015.07.30-21.09.48:603][  0]LogDirectoryWatcher:Warning: Failed to begin reading directory changes for ../../../Engine/Plugins/Experimental/CharacterAI/Content/. Error: 0
[2015.07.30-21.09.53:464][  0]LogTargetPlatformManager:Display: Building Assets For Windows
[2015.07.30-21.09.54:566][  0]LogTargetPlatformManager:Display: Building Assets For Windows
[2015.07.30-21.09.55:564][  0]LogSlate:Warning: Failed to load font data from '../../../Engine/Content/Editor/Slate/Fonts/Roboto-Regular.ttf'
[2015.07.30-21.09.55:565][  0]LogSlate:Warning: Failed to load font data from '../../../Engine/Content/Editor/Slate/Fonts/Roboto-Bold.ttf'
[2015.07.30-21.09.55:626][  0]LogConsoleResponse:Display: 
[2015.07.30-21.09.56:264][  0]LogCook:Display: Done creating registry. It took  0.00s.
[2015.07.30-21.09.57:111][  0]SourceControl: Info Source control is disabled
[2015.07.30-21.09.57:112][  0]Cmd: MAP LOAD FILE="../../../../../../Users/Samantha/Desktop/God-Killer/Content/Scene/NewCave.umap" TEMPLATE=0 SHOWPROGRESS=1 FEATURELEVEL=3
[2015.07.30-21.09.57:113][  0]LightingResults: New page: Lighting Build
[2015.07.30-21.09.57:162][  0]MapCheck: New page: Map Check
[2015.07.30-21.09.57:162][  0]LightingResults: New page: Lighting Build
[2015.07.30-21.09.57:218][  0]LogParticles: Destroying 0 GPU particle simulations for FXSystem 0x000000046B5D7B00
[2015.07.30-21.10.13:546][  0]LogEditorServer: Finished looking for orphan Actors (0.000 secs)
[2015.07.30-21.10.13:548][  0]LogAIModule: Creating AISystem for world NewCave
[2015.07.30-21.10.13:549][  0]Cmd: MAP CHECKDEP
[2015.07.30-21.10.13:550][  0]MapCheck: New page: NewCave - Jul 30, 2015, 7:10:13 AM
[2015.07.30-21.10.13:985][  0]MapCheck: Info Map check complete: 0 Error(s), 0 Warning(s), took 434.21ms to complete.
[2015.07.30-21.10.13:985][  0]LogFileHelpers: Loading map 'NewCave' took 16.873
[2015.07.30-21.10.14:252][  0]LogCollectionManager: Loaded 0 collections in 0.006620 seconds
[2015.07.30-21.10.14:286][  0]LogContentBrowser: Native class hierarchy populated in 0.0338 seconds. Added 1696 classes and 261 folders.
[2015.07.30-21.10.14:622][  0]LogContentBrowser: Native class hierarchy updated for 'SceneOutliner' in 0.0065 seconds. Added 1 classes and 2 folders.
[2015.07.30-21.10.14:851][  0]LogCrashTracker: Crashtracker disabled due to settings.
[2015.07.30-21.10.14:855][  0]LogSlate:Warning: Failed to load font data from 'Veranda'
[2015.07.30-21.10.14:931][  0]LogLoad: Full Startup: 83.26 seconds (BP compile: 4.45 seconds)
[2015.07.30-21.10.15:542][  0]LogRenderer:Warning: Reallocating scene render targets to support 32x32 (Frame:2).
[2015.07.30-21.10.16:483][  0]LogRenderer:Warning: Reallocating scene render targets to support 952x712 (Frame:3).
[2015.07.30-21.10.18:791][  1]Cmd: UpdateLandscapeEditorData -warnings
[2015.07.30-21.10.18:794][  1]Cmd: UpdateLandscapeEditorData
[2015.07.30-21.10.18:842][  1]LogContentBrowser:Verbose: The content browser source was changed by the sources view to '/Game/MixamoAnimPack/Mixamo_Vampire/Anims'
[2015.07.30-21.10.24:909][ 31]LogAssetRegistry: Asset discovery search completed in 36.3186 seconds
[2015.07.30-21.13.06:987][387]LogContentBrowser:Verbose: The content browser source was changed by the sources view to 'None'
[2015.07.30-21.13.19:964][486]LogContentBrowser:Verbose: The content browser source was changed by the sources view to '/Game/Key/Skeleton/NewModel/animation'
[2015.07.30-21.13.32:479][631]LogSkeletalMesh: InitArticulated: Bodies already created (/Engine/Transient.DebugSkelMeshComponent_0) - call TermArticulated first.
[2015.07.30-21.13.32:560][631]LogLinker:Warning: Asset '../../../Engine/Content/Tutorial/SubEditors/PersonaAnimEditorTutorial.uasset' has been saved with empty engine version. The asset will be loaded but may be incompatible.
[2015.07.30-21.13.57:937][244]LogEditorViewport: Clicking on Actor (LMB): StaticMeshActor (newcave004)
[2015.07.30-21.14.13:521][290]LogFactory: FactoryCreateBinary: StaticMesh with FbxFactory (0 0 D:/SammyAnimations/Sk.FBX)
[2015.07.30-21.14.13:543][290]LogFbx: ItemName: GlobalSettings, ItemCount : 1
[2015.07.30-21.14.13:543][290]LogFbx: ItemName: NodeAttribute, ItemCount : 65
[2015.07.30-21.14.13:543][290]LogFbx: ItemName: Model, ItemCount : 66
[2015.07.30-21.14.13:543][290]LogFbx: ItemName: Material, ItemCount : 3
[2015.07.30-21.14.13:543][290]LogFbx: ItemName: Texture, ItemCount : 9
[2015.07.30-21.14.13:543][290]LogFbx: ItemName: Video, ItemCount : 9
[2015.07.30-21.14.13:543][290]LogFbx: ItemName: AnimationStack, ItemCount : 2
[2015.07.30-21.14.13:543][290]LogFbx: ItemName: AnimationLayer, ItemCount : 2
[2015.07.30-21.14.13:543][290]LogFbx: ItemName: Geometry, ItemCount : 1
[2015.07.30-21.14.13:543][290]LogFbx: ItemName: CollectionExclusive, ItemCount : 9
[2015.07.30-21.14.13:543][290]LogFbx: ItemName: AnimationCurve, ItemCount : 357
[2015.07.30-21.14.13:543][290]LogFbx: ItemName: AnimationCurveNode, ItemCount : 68
[2015.07.30-21.14.13:543][290]LogFbx: ItemName: Pose, ItemCount : 1
[2015.07.30-21.14.13:543][290]LogFbx: ItemName: Deformer, ItemCount : 53
[2015.07.30-21.15.04:476][290]LogFbx: Loading FBX Scene from D:/SammyAnimations/Sk.FBX
[2015.07.30-21.15.04:673][290]LogFbx: FBX Scene Loaded Succesfully
[2015.07.30-21.15.04:696][290]LogFbx: =================================================
[2015.07.30-21.15.04:696][290]LogFbx: Dumping Node START [Object001] 
[2015.07.30-21.15.04:696][290]LogFbx: 	Total Deformer Count 1909269312.
[2015.07.30-21.15.04:696][290]LogFbx: 		[Node 1] Skin (Type Skin).
[2015.07.30-21.15.04:696][290]LogFbx: =================================================
[2015.07.30-21.15.04:696][290]LogFbx: 	Attribute () Type (4).
[2015.07.30-21.15.04:696][290]LogFbx: 		[Node Attribute Child 1] Object001 (Type Mesh).
[2015.07.30-21.15.04:696][290]LogFbx: Dumping Node END [Object001]
[2015.07.30-21.15.04:696][290]LogFbx: =================================================
[2015.07.30-21.15.04:696][290]LogFbx: Dumping Node START [Object001] 
[2015.07.30-21.15.04:696][290]LogFbx: 	Total Deformer Count 1909269312.
[2015.07.30-21.15.04:696][290]LogFbx: 		[Node 1] Skin (Type Skin).
[2015.07.30-21.15.04:696][290]LogFbx: =================================================
[2015.07.30-21.15.04:696][290]LogFbx: 	Attribute () Type (4).
[2015.07.30-21.15.04:696][290]LogFbx: 		[Node Attribute Child 1] Object001 (Type Mesh).
[2015.07.30-21.15.04:696][290]LogFbx: Dumping Node END [Object001]
[2015.07.30-21.15.04:708][290]LogFbx: Valid bind pose for Pose (BindPose) - Object001
[2015.07.30-21.15.04:792][290]LogFbx:Warning: Bones digested - 65  Depth of hierarchy - 12
[2015.07.30-21.15.05:601][290]LogSkeletalMesh: Chunk 0: 5699 rigid vertices, 7956 soft vertices, 52 active bones
[2015.07.30-21.15.05:601][290]LogSkeletalMesh: Chunk 1: 173 rigid vertices, 5 soft vertices, 2 active bones
[2015.07.30-21.15.05:601][290]LogSkeletalMesh: Chunk 2: 189 rigid vertices, 469 soft vertices, 7 active bones
[2015.07.30-21.15.05:656][290]LogSkeletalMesh: Section 0: Material=0, Chunk=0, 14178 triangles
[2015.07.30-21.15.05:656][290]LogSkeletalMesh: Section 1: Material=1, Chunk=1, 320 triangles
[2015.07.30-21.15.05:656][290]LogSkeletalMesh: Section 2: Material=2, Chunk=2, 826 triangles
[2015.07.30-21.15.05:665][290]LogLinker:Warning: Can't find file '/Game/Key/Skeleton/NewModel/animation/Sk_PhysicsAsset'
[2015.07.30-21.15.05:665][290]LogUObjectGlobals:Warning: Failed to find object 'Object /Game/Key/Skeleton/NewModel/animation/Sk_PhysicsAsset.Sk_PhysicsAsset'
[2015.07.30-21.15.05:685][290]LogFbx: =================================================
[2015.07.30-21.15.05:685][290]LogFbx: Dumping Node START [Object001] 
[2015.07.30-21.15.05:685][290]LogFbx: 	Total Deformer Count 1909273920.
[2015.07.30-21.15.05:685][290]LogFbx: 		[Node 1] Skin (Type Skin).
[2015.07.30-21.15.05:685][290]LogFbx: =================================================
[2015.07.30-21.15.05:685][290]LogFbx: 	Attribute () Type (4).
[2015.07.30-21.15.05:685][290]LogFbx: 		[Node Attribute Child 1] Object001 (Type Mesh).
[2015.07.30-21.15.05:685][290]LogFbx: Dumping Node END [Object001]
[2015.07.30-21.15.05:686][290]LogFbx: =================================================
[2015.07.30-21.15.05:686][290]LogFbx: Dumping Node START [Object001] 
[2015.07.30-21.15.05:686][290]LogFbx: 	Total Deformer Count 1909273920.
[2015.07.30-21.15.05:686][290]LogFbx: 		[Node 1] Skin (Type Skin).
[2015.07.30-21.15.05:686][290]LogFbx: =================================================
[2015.07.30-21.15.05:686][290]LogFbx: 	Attribute () Type (4).
[2015.07.30-21.15.05:686][290]LogFbx: 		[Node Attribute Child 1] Object001 (Type Mesh).
[2015.07.30-21.15.05:686][290]LogFbx: Dumping Node END [Object001]
[2015.07.30-21.15.05:709][290]LogFbx: SortedLinks :(0) Hips
[2015.07.30-21.15.05:709][290]LogFbx: SortedLinks :(1) Spine
[2015.07.30-21.15.05:709][290]LogFbx: SortedLinks :(2) Spine1
[2015.07.30-21.15.05:709][290]LogFbx: SortedLinks :(3) Spine2
[2015.07.30-21.15.05:709][290]LogFbx: SortedLinks :(4) Neck
[2015.07.30-21.15.05:709][290]LogFbx: SortedLinks :(5) Head
[2015.07.30-21.15.05:709][290]LogFbx: SortedLinks :(6) HeadTop_End
[2015.07.30-21.15.05:709][290]LogFbx: SortedLinks :(7) LeftShoulder
[2015.07.30-21.15.05:709][290]LogFbx: SortedLinks :(8) LeftArm
[2015.07.30-21.15.05:709][290]LogFbx: SortedLinks :(9) LeftForeArm
[2015.07.30-21.15.05:709][290]LogFbx: SortedLinks :(10) LeftHand
[2015.07.30-21.15.05:709][290]LogFbx: SortedLinks :(11) LeftHandThumb1
[2015.07.30-21.15.05:709][290]LogFbx: SortedLinks :(12) LeftHandThumb2
[2015.07.30-21.15.05:710][290]LogFbx: SortedLinks :(13) LeftHandThumb3
[2015.07.30-21.15.05:710][290]LogFbx: SortedLinks :(14) LeftHandThumb4
[2015.07.30-21.15.05:710][290]LogFbx: SortedLinks :(15) LeftHandIndex1
[2015.07.30-21.15.05:710][290]LogFbx: SortedLinks :(16) LeftHandIndex2
[2015.07.30-21.15.05:710][290]LogFbx: SortedLinks :(17) LeftHandIndex3
[2015.07.30-21.15.05:710][290]LogFbx: SortedLinks :(18) LeftHandIndex4
[2015.07.30-21.15.05:710][290]LogFbx: SortedLinks :(19) LeftHandMiddle1
[2015.07.30-21.15.05:710][290]LogFbx: SortedLinks :(20) LeftHandMiddle2
[2015.07.30-21.15.05:710][290]LogFbx: SortedLinks :(21) LeftHandMiddle3
[2015.07.30-21.15.05:710][290]LogFbx: SortedLinks :(22) LeftHandMiddle4
[2015.07.30-21.15.05:710][290]LogFbx: SortedLinks :(23) LeftHandRing1
[2015.07.30-21.15.05:710][290]LogFbx: SortedLinks :(24) LeftHandRing2
[2015.07.30-21.15.05:710][290]LogFbx: SortedLinks :(25) LeftHandRing3
[2015.07.30-21.15.05:710][290]LogFbx: SortedLinks :(26) LeftHandRing4
[2015.07.30-21.15.05:710][290]LogFbx: SortedLinks :(27) LeftHandPinky1
[2015.07.30-21.15.05:710][290]LogFbx: SortedLinks :(28) LeftHandPinky2
[2015.07.30-21.15.05:710][290]LogFbx: SortedLinks :(29) LeftHandPinky3
[2015.07.30-21.15.05:710][290]LogFbx: SortedLinks :(30) LeftHandPinky4
[2015.07.30-21.15.05:710][290]LogFbx: SortedLinks :(31) RightShoulder
[2015.07.30-21.15.05:710][290]LogFbx: SortedLinks :(32) RightArm
[2015.07.30-21.15.05:710][290]LogFbx: SortedLinks :(33) RightForeArm
[2015.07.30-21.15.05:710][290]LogFbx: SortedLinks :(34) RightHand
[2015.07.30-21.15.05:710][290]LogFbx: SortedLinks :(35) RightHandThumb1
[2015.07.30-21.15.05:710][290]LogFbx: SortedLinks :(36) RightHandThumb2
[2015.07.30-21.15.05:710][290]LogFbx: SortedLinks :(37) RightHandThumb3
[2015.07.30-21.15.05:710][290]LogFbx: SortedLinks :(38) RightHandThumb4
[2015.07.30-21.15.05:710][290]LogFbx: SortedLinks :(39) RightHandIndex1
[2015.07.30-21.15.05:710][290]LogFbx: SortedLinks :(40) RightHandIndex2
[2015.07.30-21.15.05:710][290]LogFbx: SortedLinks :(41) RightHandIndex3
[2015.07.30-21.15.05:710][290]LogFbx: SortedLinks :(42) RightHandIndex4
[2015.07.30-21.15.05:710][290]LogFbx: SortedLinks :(43) RightHandMiddle1
[2015.07.30-21.15.05:710][290]LogFbx: SortedLinks :(44) RightHandMiddle2
[2015.07.30-21.15.05:710][290]LogFbx: SortedLinks :(45) RightHandMiddle3
[2015.07.30-21.15.05:711][290]LogFbx: SortedLinks :(46) RightHandMiddle4
[2015.07.30-21.15.05:711][290]LogFbx: SortedLinks :(47) RightHandRing1
[2015.07.30-21.15.05:711][290]LogFbx: SortedLinks :(48) RightHandRing2
[2015.07.30-21.15.05:711][290]LogFbx: SortedLinks :(49) RightHandRing3
[2015.07.30-21.15.05:711][290]LogFbx: SortedLinks :(50) RightHandRing4
[2015.07.30-21.15.05:711][290]LogFbx: SortedLinks :(51) RightHandPinky1
[2015.07.30-21.15.05:711][290]LogFbx: SortedLinks :(52) RightHandPinky2
[2015.07.30-21.15.05:711][290]LogFbx: SortedLinks :(53) RightHandPinky3
[2015.07.30-21.15.05:711][290]LogFbx: SortedLinks :(54) RightHandPinky4
[2015.07.30-21.15.05:711][290]LogFbx: SortedLinks :(55) LeftUpLeg
[2015.07.30-21.15.05:711][290]LogFbx: SortedLinks :(56) LeftLeg
[2015.07.30-21.15.05:711][290]LogFbx: SortedLinks :(57) LeftFoot
[2015.07.30-21.15.05:711][290]LogFbx: SortedLinks :(58) LeftToeBase
[2015.07.30-21.15.05:711][290]LogFbx: SortedLinks :(59) LeftToe_End
[2015.07.30-21.15.05:711][290]LogFbx: SortedLinks :(60) RightUpLeg
[2015.07.30-21.15.05:711][290]LogFbx: SortedLinks :(61) RightLeg
[2015.07.30-21.15.05:711][290]LogFbx: SortedLinks :(62) RightFoot
[2015.07.30-21.15.05:711][290]LogFbx: SortedLinks :(63) RightToeBase
[2015.07.30-21.15.05:711][290]LogFbx: SortedLinks :(64) RightToe_End
[2015.07.30-21.15.05:711][290]LogFbx: SortedLinks :(0) Hips
[2015.07.30-21.15.05:711][290]LogFbx: SortedLinks :(1) Spine
[2015.07.30-21.15.05:711][290]LogFbx: SortedLinks :(2) Spine1
[2015.07.30-21.15.05:712][290]LogFbx: SortedLinks :(3) Spine2
[2015.07.30-21.15.05:712][290]LogFbx: SortedLinks :(4) Neck
[2015.07.30-21.15.05:712][290]LogFbx: SortedLinks :(5) Head
[2015.07.30-21.15.05:712][290]LogFbx: SortedLinks :(6) HeadTop_End
[2015.07.30-21.15.05:712][290]LogFbx: SortedLinks :(7) LeftShoulder
[2015.07.30-21.15.05:712][290]LogFbx: SortedLinks :(8) LeftArm
[2015.07.30-21.15.05:712][290]LogFbx: SortedLinks :(9) LeftForeArm
[2015.07.30-21.15.05:712][290]LogFbx: SortedLinks :(10) LeftHand
[2015.07.30-21.15.05:712][290]LogFbx: SortedLinks :(11) LeftHandThumb1
[2015.07.30-21.15.05:712][290]LogFbx: SortedLinks :(12) LeftHandThumb2
[2015.07.30-21.15.05:712][290]LogFbx: SortedLinks :(13) LeftHandThumb3
[2015.07.30-21.15.05:712][290]LogFbx: SortedLinks :(14) LeftHandThumb4
[2015.07.30-21.15.05:712][290]LogFbx: SortedLinks :(15) LeftHandIndex1
[2015.07.30-21.15.05:712][290]LogFbx: SortedLinks :(16) LeftHandIndex2
[2015.07.30-21.15.05:712][290]LogFbx: SortedLinks :(17) LeftHandIndex3
[2015.07.30-21.15.05:712][290]LogFbx: SortedLinks :(18) LeftHandIndex4
[2015.07.30-21.15.05:712][290]LogFbx: SortedLinks :(19) LeftHandMiddle1
[2015.07.30-21.15.05:712][290]LogFbx: SortedLinks :(20) LeftHandMiddle2
[2015.07.30-21.15.05:712][290]LogFbx: SortedLinks :(21) LeftHandMiddle3
[2015.07.30-21.15.05:712][290]LogFbx: SortedLinks :(22) LeftHandMiddle4
[2015.07.30-21.15.05:712][290]LogFbx: SortedLinks :(23) LeftHandRing1
[2015.07.30-21.15.05:712][290]LogFbx: SortedLinks :(24) LeftHandRing2
[2015.07.30-21.15.05:712][290]LogFbx: SortedLinks :(25) LeftHandRing3
[2015.07.30-21.15.05:712][290]LogFbx: SortedLinks :(26) LeftHandRing4
[2015.07.30-21.15.05:712][290]LogFbx: SortedLinks :(27) LeftHandPinky1
[2015.07.30-21.15.05:712][290]LogFbx: SortedLinks :(28) LeftHandPinky2
[2015.07.30-21.15.05:712][290]LogFbx: SortedLinks :(29) LeftHandPinky3
[2015.07.30-21.15.05:712][290]LogFbx: SortedLinks :(30) LeftHandPinky4
[2015.07.30-21.15.05:712][290]LogFbx: SortedLinks :(31) RightShoulder
[2015.07.30-21.15.05:712][290]LogFbx: SortedLinks :(32) RightArm
[2015.07.30-21.15.05:712][290]LogFbx: SortedLinks :(33) RightForeArm
[2015.07.30-21.15.05:712][290]LogFbx: SortedLinks :(34) RightHand
[2015.07.30-21.15.05:712][290]LogFbx: SortedLinks :(35) RightHandThumb1
[2015.07.30-21.15.05:712][290]LogFbx: SortedLinks :(36) RightHandThumb2
[2015.07.30-21.15.05:712][290]LogFbx: SortedLinks :(37) RightHandThumb3
[2015.07.30-21.15.05:712][290]LogFbx: SortedLinks :(38) RightHandThumb4
[2015.07.30-21.15.05:712][290]LogFbx: SortedLinks :(39) RightHandIndex1
[2015.07.30-21.15.05:712][290]LogFbx: SortedLinks :(40) RightHandIndex2
[2015.07.30-21.15.05:712][290]LogFbx: SortedLinks :(41) RightHandIndex3
[2015.07.30-21.15.05:712][290]LogFbx: SortedLinks :(42) RightHandIndex4
[2015.07.30-21.15.05:713][290]LogFbx: SortedLinks :(43) RightHandMiddle1
[2015.07.30-21.15.05:713][290]LogFbx: SortedLinks :(44) RightHandMiddle2
[2015.07.30-21.15.05:713][290]LogFbx: SortedLinks :(45) RightHandMiddle3
[2015.07.30-21.15.05:713][290]LogFbx: SortedLinks :(46) RightHandMiddle4
[2015.07.30-21.15.05:713][290]LogFbx: SortedLinks :(47) RightHandRing1
[2015.07.30-21.15.05:713][290]LogFbx: SortedLinks :(48) RightHandRing2
[2015.07.30-21.15.05:713][290]LogFbx: SortedLinks :(49) RightHandRing3
[2015.07.30-21.15.05:713][290]LogFbx: SortedLinks :(50) RightHandRing4
[2015.07.30-21.15.05:713][290]LogFbx: SortedLinks :(51) RightHandPinky1
[2015.07.30-21.15.05:713][290]LogFbx: SortedLinks :(52) RightHandPinky2
[2015.07.30-21.15.05:713][290]LogFbx: SortedLinks :(53) RightHandPinky3
[2015.07.30-21.15.05:713][290]LogFbx: SortedLinks :(54) RightHandPinky4
[2015.07.30-21.15.05:713][290]LogFbx: SortedLinks :(55) LeftUpLeg
[2015.07.30-21.15.05:713][290]LogFbx: SortedLinks :(56) LeftLeg
[2015.07.30-21.15.05:713][290]LogFbx: SortedLinks :(57) LeftFoot
[2015.07.30-21.15.05:713][290]LogFbx: SortedLinks :(58) LeftToeBase
[2015.07.30-21.15.05:713][290]LogFbx: SortedLinks :(59) LeftToe_End
[2015.07.30-21.15.05:713][290]LogFbx: SortedLinks :(60) RightUpLeg
[2015.07.30-21.15.05:713][290]LogFbx: SortedLinks :(61) RightLeg
[2015.07.30-21.15.05:713][290]LogFbx: SortedLinks :(62) RightFoot
[2015.07.30-21.15.05:713][290]LogFbx: SortedLinks :(63) RightToeBase
[2015.07.30-21.15.05:713][290]LogFbx: SortedLinks :(64) RightToe_End
[2015.07.30-21.15.05:716][290]LogFbx: Parsing AnimStack Take 001
[2015.07.30-21.15.05:764][290]LogLinker:Warning: Can't find file '/Game/Key/Skeleton/NewModel/animation/Sk_Anim_Take_001'
[2015.07.30-21.15.05:764][290]LogUObjectGlobals:Warning: Failed to find object 'Object /Game/Key/Skeleton/NewModel/animation/Sk_Anim_Take_001.Sk_Anim_Take_001'
[2015.07.30-21.15.07:102][290]LogFbx: Parsing AnimStack mixamo.com
[2015.07.30-21.15.07:108][290]LogLinker:Warning: Can't find file '/Game/Key/Skeleton/NewModel/animation/Sk_Anim_mixamo_com'
[2015.07.30-21.15.07:108][290]LogUObjectGlobals:Warning: Failed to find object 'Object /Game/Key/Skeleton/NewModel/animation/Sk_Anim_mixamo_com.Sk_Anim_mixamo_com'
[2015.07.30-21.15.07:198][290]FBXImport:Warning: Warning Warning: No smoothing group information was found in this FBX scene.  Please make sure to enable the 'Export Smoothing Groups' option in the FBX Exporter plug-in before exporting the file.  Even for tools that don't support smoothing groups, the FBX Exporter will generate appropriate smoothing data at export-time so that correct vertex normals can be inferred while importing. 
[2015.07.30-21.15.07:262][290]LogContentBrowser:Verbose: The content browser source was changed by the sources view to 'None'
[2015.07.30-21.15.07:263][290]LogContentBrowser:Verbose: The content browser source was changed by the sources view to '/Game/Key/Skeleton/NewModel/animation'
[2015.07.30-21.15.34:425][466]LogSkeletalMesh: InitArticulated: Bodies already created (/Engine/Transient.DebugSkelMeshComponent_1) - call TermArticulated first.
[2015.07.30-21.16.31:944][306]LogActorComponent: RegisterComponentWithWorld: (/Engine/Transient.DebugSkelMeshComponent_1) Already registered. Aborting.
[2015.07.30-21.16.37:688][406]LogActorComponent: RegisterComponentWithWorld: (/Engine/Transient.DebugSkelMeshComponent_1) Already registered. Aborting.
[2015.07.30-21.16.41:114][458]LogActorComponent: RegisterComponentWithWorld: (/Engine/Transient.DebugSkelMeshComponent_1) Already registered. Aborting.
[2015.07.30-21.17.15:610][979]LogContentBrowser:Verbose: The majority of assets in the view are of type: AnimSequence
[2015.07.30-21.17.27:920][261]LogActorComponent: RegisterComponentWithWorld: (/Engine/Transient.DebugSkelMeshComponent_1) Already registered. Aborting.
[2015.07.30-21.17.30:623][300]LogContentBrowser:Verbose: The majority of assets in the view are of type: AnimSequence
[2015.07.30-21.17.44:195][505]Cmd: TRANSACTION UNDO
[2015.07.30-21.17.44:195][505]LogEditorTransaction: Undo Edit Skeleton
[2015.07.30-21.17.46:598][522]Cmd: TRANSACTION UNDO
[2015.07.30-21.17.46:598][522]LogEditorTransaction: Undo Edit Skeleton
[2015.07.30-21.17.51:611][543]Cmd: TRANSACTION UNDO
[2015.07.30-21.17.51:611][543]LogEditorTransaction: Undo Clicking on Actors
[2015.07.30-21.18.28:972][992]LogActorComponent: UnregisterComponent: (/Engine/Transient.CharMoveComp) Not registered. Aborting.
[2015.07.30-21.18.29:133][992]LogParticles: Destroying 0 GPU particle simulations for FXSystem 0x000000046555F420
[2015.07.30-21.18.29:133][992]LogParticles: Destroying 0 GPU particle simulations for FXSystem 0x000000046555DC60
[2015.07.30-21.18.29:143][992]LogParticles: Destroying 0 GPU particle simulations for FXSystem 0x000000040A5DB4C0
[2015.07.30-21.18.29:144][992]LogParticles: Destroying 0 GPU particle simulations for FXSystem 0x000000040A683880
[2015.07.30-21.18.59:778][ 50]Cmd: QUIT_EDITOR
[2015.07.30-21.19.01:111][ 50]LogExit: Preparing to exit.
[2015.07.30-21.19.02:572][ 50]LogExit: Editor shut down
[2015.07.30-21.19.02:574][ 50]LogExit: Transaction tracking system shut down
[2015.07.30-21.19.02:582][ 50]LogParticles: Destroying 0 GPU particle simulations for FXSystem 0x0000000473F7F6A0
[2015.07.30-21.19.02:587][ 50]LogParticles: Destroying 0 GPU particle simulations for FXSystem 0x000000047A8D5620
[2015.07.30-21.19.02:587][ 50]LogParticles: Destroying 0 GPU particle simulations for FXSystem 0x000000047D594220
[2015.07.30-21.19.02:587][ 50]LogParticles: Destroying 0 GPU particle simulations for FXSystem 0x000000047D5065C0
[2015.07.30-21.19.02:587][ 50]LogParticles: Destroying 0 GPU particle simulations for FXSystem 0x00000004024D3380
[2015.07.30-21.19.02:588][ 50]LogParticles: Destroying 0 GPU particle simulations for FXSystem 0x00000004022B6C00
[2015.07.30-21.19.02:588][ 50]LogParticles: Destroying 0 GPU particle simulations for FXSystem 0x000000047A8D68E0
[2015.07.30-21.19.02:588][ 50]LogParticles: Destroying 0 GPU particle simulations for FXSystem 0x000000047A8D67A0
[2015.07.30-21.19.02:588][ 50]LogParticles: Destroying 0 GPU particle simulations for FXSystem 0x00000004025BE7A0
[2015.07.30-21.19.02:589][ 50]LogParticles: Destroying 0 GPU particle simulations for FXSystem 0x00000004014D2E80
[2015.07.30-21.19.02:589][ 50]LogParticles: Destroying 0 GPU particle simulations for FXSystem 0x00000004014D2F20
[2015.07.30-21.19.03:542][ 50]LogParticles: Destroying 0 GPU particle simulations for FXSystem 0x0000000409E4F4C0
[2015.07.30-21.19.03:542][ 50]LogExit: Object subsystem successfully closed.
[2015.07.30-21.19.04:151][ 50]LogModuleManager: Shutting down and abandoning module CrashTracker (177)
[2015.07.30-21.19.04:152][ 50]LogModuleManager: Shutting down and abandoning module SuperSearch (176)
[2015.07.30-21.19.04:152][ 50]LogModuleManager: Shutting down and abandoning module SceneOutliner (175)
[2015.07.30-21.19.04:152][ 50]LogModuleManager: Shutting down and abandoning module EditorWidgets (174)
[2015.07.30-21.19.04:152][ 50]LogModuleManager: Shutting down and abandoning module CollectionManager (173)
[2015.07.30-21.19.04:165][ 50]LogModuleManager: Shutting down and abandoning module StatsViewer (172)
[2015.07.30-21.19.04:177][ 50]LogModuleManager: Shutting down and abandoning module FoliageEdit (171)
[2015.07.30-21.19.04:177][ 50]LogModuleManager: Shutting down and abandoning module LandscapeEditor (170)
[2015.07.30-21.19.04:203][ 50]LogModuleManager: Shutting down and abandoning module MeshPaint (169)
[2015.07.30-21.19.04:221][ 50]LogModuleManager: Shutting down and abandoning module ActorPickerMode (168)
[2015.07.30-21.19.04:221][ 50]LogModuleManager: Shutting down and abandoning module GeometryMode (167)
[2015.07.30-21.19.04:221][ 50]LogModuleManager: Shutting down and abandoning module TextureAlignMode (166)
[2015.07.30-21.19.04:221][ 50]LogModuleManager: Shutting down and abandoning module BspMode (165)
[2015.07.30-21.19.04:221][ 50]LogModuleManager: Shutting down and abandoning module PlacementMode (164)
[2015.07.30-21.19.04:221][ 50]LogModuleManager: Shutting down and abandoning module AutomationWorker (163)
[2015.07.30-21.19.04:221][ 50]LogModuleManager: Shutting down and abandoning module CharacterAI (162)
[2015.07.30-21.19.04:221][ 50]LogModuleManager: Shutting down and abandoning module SmartSnapping (161)
[2015.07.30-21.19.04:222][ 50]LogModuleManager: Shutting down and abandoning module ViewportSnapping (160)
[2015.07.30-21.19.04:222][ 50]LogModuleManager: Shutting down and abandoning module LogVisualizer (159)
[2015.07.30-21.19.04:255][ 50]LogModuleManager: Shutting down and abandoning module GameProjectGeneration (158)
[2015.07.30-21.19.04:264][ 50]LogModuleManager: Shutting down and abandoning module IntroTutorials (157)
[2015.07.30-21.19.04:285][ 50]LogModuleManager: Shutting down and abandoning module EditorLiveStreaming (156)
[2015.07.30-21.19.04:285][ 50]LogModuleManager: Shutting down and abandoning module HardwareTargeting (155)
[2015.07.30-21.19.04:285][ 50]LogModuleManager: Shutting down and abandoning module DeviceProfileEditor (154)
[2015.07.30-21.19.04:302][ 50]LogModuleManager: Shutting down and abandoning module UndoHistory (153)
[2015.07.30-21.19.04:319][ 50]LogModuleManager: Shutting down and abandoning module GameplayTagsEditor (152)
[2015.07.30-21.19.04:319][ 50]LogModuleManager: Shutting down and abandoning module UserFeedback (151)
[2015.07.30-21.19.04:319][ 50]LogModuleManager: Shutting down and abandoning module XmlParser (150)
[2015.07.30-21.19.04:319][ 50]LogModuleManager: Shutting down and abandoning module Blutility (149)
[2015.07.30-21.19.04:319][ 50]LogModuleManager: Shutting down and abandoning module IOSPlatformEditor (148)
[2015.07.30-21.19.04:319][ 50]LogModuleManager: Shutting down and abandoning module IOSRuntimeSettings (147)
[2015.07.30-21.19.04:319][ 50]LogModuleManager: Shutting down and abandoning module AndroidDeviceDetection (146)
[2015.07.30-21.19.05:203][ 50]LogModuleManager: Shutting down and abandoning module AndroidPlatformEditor (145)
[2015.07.30-21.19.05:203][ 50]LogModuleManager: Shutting down and abandoning module AndroidRuntimeSettings (144)
[2015.07.30-21.19.05:203][ 50]LogModuleManager: Shutting down and abandoning module ProjectTargetPlatformEditor (143)
[2015.07.30-21.19.05:203][ 50]LogModuleManager: Shutting down and abandoning module ProjectSettingsViewer (142)
[2015.07.30-21.19.05:203][ 50]LogModuleManager: Shutting down and abandoning module InputBindingEditor (141)
[2015.07.30-21.19.05:229][ 50]LogModuleManager: Shutting down and abandoning module EditorSettingsViewer (140)
[2015.07.30-21.19.05:229][ 50]LogModuleManager: Shutting down and abandoning module SettingsEditor (139)
[2015.07.30-21.19.05:239][ 50]LogModuleManager: Shutting down and abandoning module ProjectLauncher (138)
[2015.07.30-21.19.05:264][ 50]LogModuleManager: Shutting down and abandoning module SessionFrontend (137)
[2015.07.30-21.19.05:270][ 50]LogModuleManager: Shutting down and abandoning module ProfilerClient (136)
[2015.07.30-21.19.05:276][ 50]LogModuleManager: Shutting down and abandoning module TargetDeviceServices (135)
[2015.07.30-21.19.05:276][ 50]LogModuleManager: Shutting down and abandoning module DeviceManager (134)
[2015.07.30-21.19.05:291][ 50]LogModuleManager: Shutting down and abandoning module AutomationController (133)
[2015.07.30-21.19.05:300][ 50]LogModuleManager: Shutting down and abandoning module AutomationWindow (132)
[2015.07.30-21.19.05:309][ 50]LogModuleManager: Shutting down and abandoning module Layers (131)
[2015.07.30-21.19.05:331][ 50]LogModuleManager: Shutting down and abandoning module ComponentVisualizers (130)
[2015.07.30-21.19.05:332][ 50]LogModuleManager: Shutting down and abandoning module DetailCustomizations (129)
[2015.07.30-21.19.05:332][ 50]LogModuleManager: Shutting down and abandoning module PackagesDialog (128)
[2015.07.30-21.19.05:333][ 50]LogModuleManager: Shutting down and abandoning module AssetRegistry (127)
[2015.07.30-21.19.05:449][ 50]LogModuleManager: Shutting down and abandoning module Persona (126)
[2015.07.30-21.19.05:449][ 50]LogModuleManager: Shutting down and abandoning module SlateReflector (125)
[2015.07.30-21.19.05:462][ 50]LogModuleManager: Shutting down and abandoning module LevelEditor (124)
[2015.07.30-21.19.05:473][ 50]LogModuleManager: Shutting down and abandoning module Kismet (123)
[2015.07.30-21.19.05:474][ 50]LogModuleManager: Shutting down and abandoning module GraphEditor (122)
[2015.07.30-21.19.05:474][ 50]LogModuleManager: Shutting down and abandoning module ClassViewer (121)
[2015.07.30-21.19.05:474][ 50]LogModuleManager: Shutting down and abandoning module Toolbox (120)
[2015.07.30-21.19.05:474][ 50]LogModuleManager: Shutting down and abandoning module ModuleUI (119)
[2015.07.30-21.19.05:492][ 50]LogModuleManager: Shutting down and abandoning module MovieSceneTools (118)
[2015.07.30-21.19.05:515][ 50]LogModuleManager: Shutting down and abandoning module OutputLog (117)
[2015.07.30-21.19.05:515][ 50]LogModuleManager: Shutting down and abandoning module GammaUI (116)
[2015.07.30-21.19.05:526][ 50]LogModuleManager: Shutting down and abandoning module Documentation (115)
[2015.07.30-21.19.05:526][ 50]LogModuleManager: Shutting down and abandoning module GameLiveStreaming (114)
[2015.07.30-21.19.05:543][ 50]LogModuleManager: Shutting down and abandoning module StreamingPauseRendering (113)
[2015.07.30-21.19.05:543][ 50]LogModuleManager: Shutting down and abandoning module HTTP (112)
[2015.07.30-21.19.05:543][ 50]LogModuleManager: Shutting down and abandoning module AnalyticsET (111)
[2015.07.30-21.19.05:543][ 50]LogModuleManager: Shutting down and abandoning module Analytics (110)
[2015.07.30-21.19.05:543][ 50]LogModuleManager: Shutting down and abandoning module AITestSuite (109)
[2015.07.30-21.19.05:562][ 50]LogModuleManager: Shutting down and abandoning module GameplayDebugger (108)
[2015.07.30-21.19.05:562][ 50]LogModuleManager: Shutting down and abandoning module AIModule (107)
[2015.07.30-21.19.05:569][ 50]LogModuleManager: Shutting down and abandoning module ProfilerService (106)
[2015.07.30-21.19.05:670][ 50]LogModuleManager: Shutting down and abandoning module TaskGraph (105)
[2015.07.30-21.19.05:684][ 50]LogModuleManager: Shutting down and abandoning module SlateRemote (104)
[2015.07.30-21.19.05:685][ 50]LogModuleManager: Shutting down and abandoning module ScriptEditorPlugin (103)
[2015.07.30-21.19.05:685][ 50]LogModuleManager: Shutting down and abandoning module CustomMeshComponent (102)
[2015.07.30-21.19.05:685][ 50]LogModuleManager: Shutting down and abandoning module CableComponent (101)
[2015.07.30-21.19.05:697][ 50]LogModuleManager: Shutting down and abandoning module MessagingDebugger (100)
[2015.07.30-21.19.05:739][ 50]LogModuleManager: Shutting down and abandoning module MediaPlayerEditor (99)
[2015.07.30-21.19.05:748][ 50]LogModuleManager: Shutting down and abandoning module SpeedTreeImporter (98)
[2015.07.30-21.19.05:748][ 50]LogModuleManager: Shutting down and abandoning module PluginsEditor (97)
[2015.07.30-21.19.05:758][ 50]LogModuleManager: Shutting down and abandoning module MainFrame (96)
[2015.07.30-21.19.05:759][ 50]LogModuleManager: Shutting down and abandoning module EpicSurvey (95)
[2015.07.30-21.19.05:770][ 50]LogModuleManager: Shutting down and abandoning module DesktopPlatform (94)
[2015.07.30-21.19.05:797][ 50]LogModuleManager: Shutting down and abandoning module DirectoryWatcher (93)
[2015.07.30-21.19.05:798][ 50]LogModuleManager: Shutting down and abandoning module HotReload (92)
[2015.07.30-21.19.05:799][ 50]LogModuleManager: Shutting down and abandoning module VisualStudioSourceCodeAccess (91)
[2015.07.30-21.19.05:799][ 50]LogModuleManager: Shutting down and abandoning module UObjectPlugin (90)
[2015.07.30-21.19.05:799][ 50]LogModuleManager: Shutting down and abandoning module SubversionSourceControl (89)
[2015.07.30-21.19.05:810][ 50]LogModuleManager: Shutting down and abandoning module PerforceSourceControl (88)
[2015.07.30-21.19.05:820][ 50]LogModuleManager: Shutting down and abandoning module SourceControl (87)
[2015.07.30-21.19.05:827][ 50]LogModuleManager: Shutting down and abandoning module GitSourceControl (86)
[2015.07.30-21.19.05:836][ 50]LogModuleManager: Shutting down and abandoning module BlankPlugin (85)
[2015.07.30-21.19.05:836][ 50]LogModuleManager: Shutting down and abandoning module PaperTiledImporter (84)
[2015.07.30-21.19.05:836][ 50]LogModuleManager: Shutting down and abandoning module PaperJsonImporter (83)
[2015.07.30-21.19.05:836][ 50]LogModuleManager: Shutting down and abandoning module ContentBrowser (82)
[2015.07.30-21.19.05:839][ 50]LogModuleManager: Shutting down and abandoning module Paper2DEditor (81)
[2015.07.30-21.19.05:922][ 50]LogModuleManager: Shutting down and abandoning module ScriptPlugin (80)
[2015.07.30-21.19.05:936][ 50]LogModuleManager: Shutting down and abandoning module UdpMessaging (79)
[2015.07.30-21.19.06:037][ 50]LogModuleManager: Shutting down and abandoning module Paper2D (78)
[2015.07.30-21.19.06:048][ 50]LogModuleManager: Shutting down and abandoning module WindowsMoviePlayer (77)
[2015.07.30-21.19.06:062][ 50]LogModuleManager: Shutting down and abandoning module Media (76)
[2015.07.30-21.19.06:062][ 50]LogModuleManager: Shutting down and abandoning module WmfMedia (75)
[2015.07.30-21.19.06:062][ 50]LogModuleManager: Shutting down and abandoning module OnlineBlueprintSupport (74)
[2015.07.30-21.19.06:063][ 50]LogModuleManager: Shutting down and abandoning module PropertyEditor (73)
[2015.07.30-21.19.06:063][ 50]LogModuleManager: Shutting down and abandoning module BehaviorTreeEditor (72)
[2015.07.30-21.19.06:101][ 50]LogModuleManager: Shutting down and abandoning module FunctionalTesting (71)
[2015.07.30-21.19.06:101][ 50]LogModuleManager: Shutting down and abandoning module CollisionAnalyzer (70)
[2015.07.30-21.19.06:179][ 50]LogModuleManager: Shutting down and abandoning module WorkspaceMenuStructure (69)
[2015.07.30-21.19.06:179][ 50]LogModuleManager: Shutting down and abandoning module MessageLog (68)
[2015.07.30-21.19.06:179][ 50]LogModuleManager: Shutting down and abandoning module Sequencer (67)
[2015.07.30-21.19.06:196][ 50]LogModuleManager: Shutting down and abandoning module AssetTools (66)
[2015.07.30-21.19.06:216][ 50]LogModuleManager: Shutting down and abandoning module UMGEditor (65)
[2015.07.30-21.19.06:268][ 50]LogModuleManager: Shutting down and abandoning module UMG (64)
[2015.07.30-21.19.06:268][ 50]LogModuleManager: Shutting down and abandoning module Slate (63)
[2015.07.30-21.19.06:268][ 50]LogModuleManager: Shutting down and abandoning module EditorStyle (62)
[2015.07.30-21.19.06:282][ 50]LogModuleManager: Shutting down and abandoning module SessionServices (61)
[2015.07.30-21.19.06:282][ 50]LogModuleManager: Shutting down and abandoning module SourceCodeAccess (60)
[2015.07.30-21.19.06:282][ 50]LogModuleManager: Shutting down and abandoning module HeadMountedDisplay (59)
[2015.07.30-21.19.06:282][ 50]LogModuleManager: Shutting down and abandoning module Networking (56)
[2015.07.30-21.19.06:282][ 50]LogModuleManager: Shutting down and abandoning module Core (55)
[2015.07.30-21.19.06:282][ 50]LogModuleManager: Shutting down and abandoning module KismetCompiler (54)
[2015.07.30-21.19.06:282][ 50]LogModuleManager: Shutting down and abandoning module PhysXFormats (53)
[2015.07.30-21.19.06:282][ 50]LogModuleManager: Shutting down and abandoning module MeshUtilities (52)
[2015.07.30-21.19.06:328][ 50]LogModuleManager: Shutting down and abandoning module DerivedDataCache (51)
[2015.07.30-21.19.06:341][ 50]LogDerivedDataCache: Shutdown
[2015.07.30-21.19.06:341][ 50]LogModuleManager: Shutting down and abandoning module ShaderFormatOpenGL (50)
[2015.07.30-21.19.06:411][ 50]LogModuleManager: Shutting down and abandoning module ShaderFormatD3D (49)
[2015.07.30-21.19.06:411][ 50]LogModuleManager: Shutting down and abandoning module MetalShaderFormat (48)
[2015.07.30-21.19.06:414][ 50]LogModuleManager: Shutting down and abandoning module TextureFormatUncompressed (47)
[2015.07.30-21.19.06:414][ 50]LogModuleManager: Shutting down and abandoning module TextureFormatPVR (46)
[2015.07.30-21.19.06:414][ 50]LogModuleManager: Shutting down and abandoning module TextureFormatIntelISPCTexComp (45)
[2015.07.30-21.19.06:414][ 50]LogModuleManager: Shutting down and abandoning module TextureFormatDXT (44)
[2015.07.30-21.19.06:414][ 50]LogModuleManager: Shutting down and abandoning module ImageWrapper (43)
[2015.07.30-21.19.06:414][ 50]LogModuleManager: Shutting down and abandoning module TextureFormatASTC (42)
[2015.07.30-21.19.06:414][ 50]LogModuleManager: Shutting down and abandoning module TextureFormatAndroid (41)
[2015.07.30-21.19.06:414][ 50]LogModuleManager: Shutting down and abandoning module AudioFormatOpus (40)
[2015.07.30-21.19.06:414][ 50]LogModuleManager: Shutting down and abandoning module AudioFormatOgg (39)
[2015.07.30-21.19.06:415][ 50]LogModuleManager: Shutting down and abandoning module AudioFormatADPCM (38)
[2015.07.30-21.19.06:415][ 50]LogModuleManager: Shutting down and abandoning module LinuxTargetPlatform (37)
[2015.07.30-21.19.06:415][ 50]LogModuleManager: Shutting down and abandoning module LinuxServerTargetPlatform (36)
[2015.07.30-21.19.06:415][ 50]LogModuleManager: Shutting down and abandoning module LinuxNoEditorTargetPlatform (35)
[2015.07.30-21.19.06:415][ 50]LogModuleManager: Shutting down and abandoning module Messaging (34)
[2015.07.30-21.19.06:415][ 50]LogModuleManager: Shutting down and abandoning module IOSTargetPlatform (33)
[2015.07.30-21.19.06:415][ 50]LogModuleManager: Shutting down and abandoning module HTML5TargetPlatform (32)
[2015.07.30-21.19.06:415][ 50]LogModuleManager: Shutting down and abandoning module Android_PVRTCTargetPlatform (31)
[2015.07.30-21.19.06:415][ 50]LogModuleManager: Shutting down and abandoning module Android_ETC2TargetPlatform (30)
[2015.07.30-21.19.06:415][ 50]LogModuleManager: Shutting down and abandoning module Android_ETC1TargetPlatform (29)
[2015.07.30-21.19.06:415][ 50]LogModuleManager: Shutting down and abandoning module Android_ES31TargetPlatform (28)
[2015.07.30-21.19.06:415][ 50]LogModuleManager: Shutting down and abandoning module Android_DXTTargetPlatform (27)
[2015.07.30-21.19.06:415][ 50]LogModuleManager: Shutting down and abandoning module Android_ATCTargetPlatform (26)
[2015.07.30-21.19.06:415][ 50]LogModuleManager: Shutting down and abandoning module AndroidTargetPlatform (25)
[2015.07.30-21.19.06:415][ 50]LogModuleManager: Shutting down and abandoning module WindowsTargetPlatform (24)
[2015.07.30-21.19.06:415][ 50]LogModuleManager: Shutting down and abandoning module WindowsServerTargetPlatform (23)
[2015.07.30-21.19.06:415][ 50]LogModuleManager: Shutting down and abandoning module WindowsNoEditorTargetPlatform (22)
[2015.07.30-21.19.06:415][ 50]LogModuleManager: Shutting down and abandoning module WindowsClientTargetPlatform (21)
[2015.07.30-21.19.06:415][ 50]LogModuleManager: Shutting down and abandoning module TargetPlatform (20)
[2015.07.30-21.19.06:415][ 50]LogModuleManager: Shutting down and abandoning module InputCore (19)
[2015.07.30-21.19.06:415][ 50]LogModuleManager: Shutting down and abandoning module Settings (18)
[2015.07.30-21.19.06:415][ 50]LogModuleManager: Shutting down and abandoning module OnlineSubsystem (16)
[2015.07.30-21.19.06:415][ 50]LogModuleManager: Shutting down and abandoning module OculusRift (15)
[2015.07.30-21.19.06:416][ 50]LogModuleManager: Shutting down and abandoning module ExampleDeviceProfileSelector (14)
[2015.07.30-21.19.06:416][ 50]LogModuleManager: Shutting down and abandoning module TextureCompressor (13)
[2015.07.30-21.19.06:416][ 50]LogModuleManager: Shutting down and abandoning module ShaderCore (12)
[2015.07.30-21.19.06:416][ 50]LogModuleManager: Shutting down and abandoning module Landscape (11)
[2015.07.30-21.19.06:416][ 50]LogModuleManager: Shutting down and abandoning module SlateRHIRenderer (10)
[2015.07.30-21.19.06:426][ 50]LogModuleManager: Shutting down and abandoning module OpenGLDrv (9)
[2015.07.30-21.19.06:427][ 50]LogModuleManager: Shutting down and abandoning module D3D11RHI (8)
[2015.07.30-21.19.06:427][ 50]LogModuleManager: Shutting down and abandoning module Renderer (7)
[2015.07.30-21.19.06:427][ 50]LogModuleManager: Shutting down and abandoning module Engine (6)
[2015.07.30-21.19.06:427][ 50]LogModuleManager: Shutting down and abandoning module CoreUObject (5)
[2015.07.30-21.19.06:427][ 50]LogModuleManager: Shutting down and abandoning module NetworkFile (4)
[2015.07.30-21.19.06:444][ 50]LogModuleManager: Shutting down and abandoning module StreamingFile (3)
[2015.07.30-21.19.06:444][ 50]LogModuleManager: Shutting down and abandoning module SandboxFile (2)
[2015.07.30-21.19.06:450][ 50]LogModuleManager: Shutting down and abandoning module PakFile (1)
[2015.07.30-21.19.06:466][ 50]LogExit: Exiting.
[2015.07.30-21.19.06:611][ 50]Log file closed, 07/30/15 14:19:06
