Log file open, 07/30/15 13:07:20
LogInit:Display: Running engine for game: GodKiller
LogInit: Version: 4.7.6-2513093+++depot+UE4-Releases+4.7
LogInit: API Version: 2455222
LogInit: Compiled (64-bit): Apr 15 2015 12:09:54
LogInit: Compiled with Visual C++: 18.00.21005.01
LogInit: Build Configuration: Development
LogInit: Branch Name: ++depot+UE4-Releases+4.7
LogInit: Command line:  
LogInit: Base directory: C:/Program Files/Epic Games/4.7/Engine/Binaries/Win64/
LogInit: Rocket: 1
[2015.07.30-20.07.20:432][  0]LogTaskGraph: Started task graph with 3 named threads and 4 total threads.
[2015.07.30-20.07.20:490][  0]LogOnline:Warning: No default platform service specified for OnlineSubsystem
[2015.07.30-20.07.20:551][  0]LogInit: Presizing for 0 objects not considered by GC, pre-allocating 0 bytes.
[2015.07.30-20.07.20:589][  0]LogInit: Object subsystem initialized
[2015.07.30-20.07.20:594][  0]LogConsoleResponse:Warning: Skipping Unknown console variable: 'TranslucentSortAxis = (X=0.000000,Y=-1.000000,Z=0.000000)'
[2015.07.30-20.07.20:594][  0]LogConsoleResponse:Warning:   Found in ini file 'C:/Users/Samantha/Desktop/God-Killer/Saved/Config/Windows/Engine.ini', in section '[/Script/Engine.RendererSettings]'
[2015.07.30-20.07.20:595][  0]LogConsoleResponse:Warning: Skipping Unknown console variable: 'UIScaleRule = ShortestSide'
[2015.07.30-20.07.20:595][  0]LogConsoleResponse:Warning:   Found in ini file 'C:/Users/Samantha/Desktop/God-Killer/Saved/Config/Windows/Engine.ini', in section '[/Script/Engine.RendererSettings]'
[2015.07.30-20.07.20:595][  0]LogConsoleResponse:Warning: Skipping Unknown console variable: 'UIScaleCurve = (EditorCurveData=(Keys=),ExternalCurve=None)'
[2015.07.30-20.07.20:595][  0]LogConsoleResponse:Warning:   Found in ini file 'C:/Users/Samantha/Desktop/God-Killer/Saved/Config/Windows/Engine.ini', in section '[/Script/Engine.RendererSettings]'
[2015.07.30-20.07.20:596][  0]LogInit: Selected Device Profile: [Windows]
[2015.07.30-20.07.20:596][  0]LogInit: Applying CVar settings loaded from the selected device profile: [Windows]
[2015.07.30-20.07.20:619][  0]LogInit: Computer: SAMANTHAPC
[2015.07.30-20.07.20:619][  0]LogInit: User: Samantha
[2015.07.30-20.07.20:619][  0]LogInit: CPU Page size=4096, Cores=2
[2015.07.30-20.07.20:619][  0]LogInit: High frequency timer resolution =2.240908 MHz
[2015.07.30-20.07.20:620][  0]LogMemory: Memory total: Physical=5.9GB (6GB approx) Virtual=131072.0GB
[2015.07.30-20.07.20:620][  0]LogMemory: Platform Memory Stats for Windows
[2015.07.30-20.07.20:620][  0]LogMemory: Process Physical Memory: 45.99 MB used, 45.99 MB peak
[2015.07.30-20.07.20:620][  0]LogMemory: Process Virtual Memory: 26.23 MB used, 26.23 MB peak
[2015.07.30-20.07.20:620][  0]LogMemory: Physical Memory: 2969.99 MB used, 6027.63 MB total
[2015.07.30-20.07.20:620][  0]LogMemory: Virtual Memory: 287.81 MB used, 134217728.00 MB total
[2015.07.30-20.07.20:661][  0]LogD3D11RHI: Found D3D11 adapter 0: Intel(R) HD Graphics Family (Feature Level 11_0)
[2015.07.30-20.07.20:661][  0]LogD3D11RHI: Adapter has 32MB of dedicated video memory, 0MB of dedicated system memory, and 1760MB of shared system memory, 1 output[s]
[2015.07.30-20.07.20:663][  0]LogD3D11RHI: Found D3D11 adapter 1: Microsoft Basic Render Driver (Feature Level 11_0)
[2015.07.30-20.07.20:663][  0]LogD3D11RHI: Adapter has 0MB of dedicated video memory, 0MB of dedicated system memory, and 256MB of shared system memory, 0 output[s]
[2015.07.30-20.07.20:663][  0]LogD3D11RHI: Chosen D3D11 Adapter Id = 0
[2015.07.30-20.07.20:673][  0]LogRHI: Texture pool is 638 MB (70% of 912 MB)
[2015.07.30-20.07.20:682][  0]LogD3D11RHI: Async texture creation enabled
[2015.07.30-20.07.20:802][  0]LogTextLocalizationManager: The requested culture ('en_US') has no localization data; parent culture's ('en') localization data will be used.
[2015.07.30-20.07.21:011][  0]LogTextLocalizationManager:Warning: Loading localization resources contain conflicting entries for (Namespace:UICommands, Key:Save_ToolTip):
Resource: (C:/Program Files/Epic Games/4.7/Engine/Content/Localization/Editor/en/Editor.locres) Hash: (-29098895) String: (Saves the current level to disk)
Resource: (C:/Program Files/Epic Games/4.7/Engine/Content/Localization/Engine/en/Engine.locres) Hash: (-1280300587) String: (Save selected data to vlog file)
[2015.07.30-20.07.21:011][  0]LogTextLocalizationManager:Warning: Loading localization resources contain conflicting entries for (Namespace:ContentBrowser, Key:ImportAssetToolTip):
Resource: (C:/Program Files/Epic Games/4.7/Engine/Content/Localization/Editor/en/Editor.locres) Hash: (-630476809) String: (Import to {0}...)
Resource: (C:/Program Files/Epic Games/4.7/Engine/Content/Localization/Editor/en/Editor.locres) Hash: (1271782899) String: (Imports an asset from file to this folder.)
[2015.07.30-20.07.21:355][  0]LogContentStreaming: Texture pool size is 0.000000MB
[2015.07.30-20.07.28:246][  0]LogTargetPlatformManager:Display: Building Assets For Windows
[2015.07.30-20.07.29:729][  0]LogTargetPlatformManager:Display: Building Assets For Windows
[2015.07.30-20.07.29:899][  0]LogDerivedDataCache:Display: Max Cache Size: 512 MB
[2015.07.30-20.07.29:981][  0]LogDerivedDataCache: Loaded boot cache 0.08s 39MB C:/Users/Samantha/AppData/Local/UnrealEngine/4.7/DerivedDataCache/Boot.ddc.
[2015.07.30-20.07.29:982][  0]LogDerivedDataCache:Display: Loaded Boot cache: C:/Users/Samantha/AppData/Local/UnrealEngine/4.7/DerivedDataCache/Boot.ddc
[2015.07.30-20.07.29:982][  0]LogDerivedDataCache: FDerivedDataBackendGraph:  Pak pak cache file ../../../../../../Users/Samantha/Desktop/God-Killer/DerivedDataCache/DDC.ddp not found, will not use a pak cache.
[2015.07.30-20.07.29:982][  0]LogDerivedDataCache: Unable to find inner node Pak for hierarchical cache Hierarchy.
[2015.07.30-20.07.30:284][  0]LogDerivedDataCache:Display: Pak cache opened for reading ../../../Engine/DerivedDataCache/Compressed.ddp.
[2015.07.30-20.07.30:297][  0]LogDerivedDataCache: Using Local data cache path C:/Users/Samantha/AppData/Local/UnrealEngine/Common/DerivedDataCache: Writable
[2015.07.30-20.07.31:030][  0]LogMeshUtilities: No automatic mesh reduction module available
[2015.07.30-20.07.31:030][  0]LogMeshUtilities: No automatic mesh merging module available
[2015.07.30-20.07.32:380][  0]LogInit: WinSock: version 1.1 (2.2), MaxSocks=32767, MaxUdp=65467
[2015.07.30-20.07.34:732][  0]LogModuleManager:Warning: ModuleManager: Unable to load module 'C:/Program Files/Epic Games/4.7/Engine/Binaries/Win64/UE4Editor-XAudio2.dll' because the file couldn't be loaded by the OS.
[2015.07.30-20.07.34:976][  0]LogSlate:Warning: Failed to load font data from '../../../Engine/Content/Slate/Fonts/Roboto-Italic.ttf'
[2015.07.30-20.07.37:724][  0]UdpMessaging: Initializing bridge on interface 0.0.0.0:0 to multicast group 230.0.0.1:6666.
[2015.07.30-20.07.38:303][  0]SourceControl: Info Source control is disabled
[2015.07.30-20.07.38:303][  0]SourceControl: Info Source control is disabled
[2015.07.30-20.07.38:304][  0]SourceControl: Info Source control is disabled
[2015.07.30-20.07.38:304][  0]LogSourceControl: RunCommandInternalRaw: 'git version'
[2015.07.30-20.07.38:304][  0]LogSourceControl: RunCommandInternalRaw: ExecProcess ReturnCode=2 OutResults=''
[2015.07.30-20.07.38:336][  0]SourceControl: Info Source control is disabled
[2015.07.30-20.07.38:958][  0]LogObj: 24232 objects as part of root set at end of initial load.
[2015.07.30-20.07.38:958][  0]LogUObjectAllocator: 5137176 out of 0 bytes used by permanent object pool.
[2015.07.30-20.07.39:212][  0]LogEngine: Initializing Engine...
[2015.07.30-20.07.43:431][  0]LogModuleManager:Warning: ModuleManager: Unable to load module 'C:/Program Files/Epic Games/4.7/Engine/Binaries/Win64/UE4Editor-XAudio2.dll' because the file couldn't be loaded by the OS.
[2015.07.30-20.07.43:572][  0]LogAIModule: Creating AISystem for world NewWorld
[2015.07.30-20.07.43:631][  0]LogDerivedDataCache: Saved boot cache 0.06s 39MB C:/Users/Samantha/AppData/Local/UnrealEngine/4.7/DerivedDataCache/Boot.ddc.
[2015.07.30-20.07.43:649][  0]LogInit: Texture streaming: Enabled
[2015.07.30-20.07.43:988][  0]LogAnalytics: Creating configured Analytics provider AnalyticsET
[2015.07.30-20.07.43:988][  0]LogAnalytics: ET APIKey = Rocket.Release. APIServer = http://et2.epicgames.com/ET2/. AppVersion = 4.7.6-2513093+++depot+UE4-Releases+4.7
[2015.07.30-20.07.43:988][  0]LogAnalytics: ET APIKey = Rocket.Release. DataRouterUploadURL = https://datarouter-public-service-gamedev.ol.epicgames.net/datarouter/api/v1/public/data. AppVersion = 4.7.6-2513093+++depot+UE4-Releases+4.7
[2015.07.30-20.07.43:988][  0]LogAnalytics: SetUserId 46872bea408cfcc0100ac385d2b5ce07|e22a3db169b04f708165eaff958a9646|097015b1-a59a-4201-b460-717027cc9fe8
[2015.07.30-20.07.43:988][  0]LogAnalytics: AnalyticsET::StartSession [Rocket.Release]
[2015.07.30-20.07.44:069][  0]LogInit: Transaction tracking system initialized
[2015.07.30-20.07.44:847][  0]BlueprintLog: New page: Editor Load
[2015.07.30-20.07.44:965][  0]LogAssetRegistry: FAssetRegistry took 0.0108 seconds to start up
[2015.07.30-20.07.44:966][  0]LogDirectoryWatcher:Warning: Failed to begin reading directory changes for ../../../Engine/Plugins/Experimental/CharacterAI/Content/. Error: 0
[2015.07.30-20.07.46:854][  0]LogTargetPlatformManager:Display: Building Assets For Windows
[2015.07.30-20.07.47:819][  0]LogTargetPlatformManager:Display: Building Assets For Windows
[2015.07.30-20.07.48:506][  0]LogSlate:Warning: Failed to load font data from '../../../Engine/Content/Editor/Slate/Fonts/Roboto-Regular.ttf'
[2015.07.30-20.07.48:507][  0]LogSlate:Warning: Failed to load font data from '../../../Engine/Content/Editor/Slate/Fonts/Roboto-Bold.ttf'
[2015.07.30-20.07.48:516][  0]LogConsoleResponse:Display: 
[2015.07.30-20.07.48:861][  0]LogCook:Display: Done creating registry. It took  0.00s.
[2015.07.30-20.07.49:235][  0]SourceControl: Info Source control is disabled
[2015.07.30-20.07.49:236][  0]Cmd: MAP LOAD FILE="../../../../../../Users/Samantha/Desktop/God-Killer/Content/Scene/NewCave.umap" TEMPLATE=0 SHOWPROGRESS=1 FEATURELEVEL=3
[2015.07.30-20.07.49:237][  0]LightingResults: New page: Lighting Build
[2015.07.30-20.07.49:267][  0]MapCheck: New page: Map Check
[2015.07.30-20.07.49:267][  0]LightingResults: New page: Lighting Build
[2015.07.30-20.07.49:307][  0]LogParticles: Destroying 0 GPU particle simulations for FXSystem 0x0000009E612ABB00
[2015.07.30-20.08.02:503][  0]LogEditorServer: Finished looking for orphan Actors (0.000 secs)
[2015.07.30-20.08.02:504][  0]LogAIModule: Creating AISystem for world NewCave
[2015.07.30-20.08.02:506][  0]Cmd: MAP CHECKDEP
[2015.07.30-20.08.02:506][  0]MapCheck: New page: NewCave - Jul 30, 2015, 6:08:02 AM
[2015.07.30-20.08.02:899][  0]MapCheck: Info Map check complete: 0 Error(s), 0 Warning(s), took 392.756ms to complete.
[2015.07.30-20.08.02:899][  0]LogFileHelpers: Loading map 'NewCave' took 13.663
[2015.07.30-20.08.03:049][  0]LogCollectionManager: Loaded 0 collections in 0.004343 seconds
[2015.07.30-20.08.03:072][  0]LogContentBrowser: Native class hierarchy populated in 0.0221 seconds. Added 1696 classes and 261 folders.
[2015.07.30-20.08.03:331][  0]LogContentBrowser: Native class hierarchy updated for 'SceneOutliner' in 0.0068 seconds. Added 1 classes and 2 folders.
[2015.07.30-20.08.03:530][  0]LogCrashTracker: Crashtracker disabled due to settings.
[2015.07.30-20.08.03:534][  0]LogSlate:Warning: Failed to load font data from 'Veranda'
[2015.07.30-20.08.03:598][  0]LogLoad: Full Startup: 47.36 seconds (BP compile: 5.59 seconds)
[2015.07.30-20.08.04:233][  0]LogRenderer:Warning: Reallocating scene render targets to support 32x32 (Frame:2).
[2015.07.30-20.08.05:346][  0]LogRenderer:Warning: Reallocating scene render targets to support 952x712 (Frame:3).
[2015.07.30-20.08.07:517][  1]Cmd: UpdateLandscapeEditorData -warnings
[2015.07.30-20.08.07:520][  1]Cmd: UpdateLandscapeEditorData
[2015.07.30-20.08.07:561][  1]LogContentBrowser:Verbose: The content browser source was changed by the sources view to '/Game/MixamoAnimPack/Mixamo_Vampire/Anims'
[2015.07.30-20.08.13:037][ 29]LogAssetRegistry: Asset discovery search completed in 28.0825 seconds
[2015.07.30-20.08.28:608][148]LogContentBrowser:Verbose: The content browser source was changed by the sources view to '/Game/Key'
[2015.07.30-20.26.21:694][522]LogEditorViewport: Clicking on Actor (LMB): KeySpawner_C (KeySpawner)
[2015.07.30-20.26.46:064][840]LogContentBrowser:Verbose: The content browser source was changed by the sources view to '/Game/ThirdPersonBP'
[2015.07.30-20.26.52:581][890]LogContentBrowser:Verbose: The content browser source was changed by the sources view to '/Game/ThirdPersonBP/Blueprints'
[2015.07.30-20.29.50:521][561]LogContentBrowser:Verbose: The content browser source was changed by the sources view to '/Game/Key'
[2015.07.30-20.29.58:827][721]LogRenderer:Warning: Reallocating scene render targets to support 1048x712 (Frame:1364).
[2015.07.30-20.37.11:637][347]BlueprintLog: New page: Pre-PIE auto-recompile
[2015.07.30-20.37.11:652][347]LogPlayLevel: [PIE] Compiling NewCave before PIE...
[2015.07.30-20.37.12:516][347]LogActorComponent: UnregisterComponent: (/Engine/Transient.CharMoveComp) Not registered. Aborting.
[2015.07.30-20.37.12:800][347]LogPlayLevel: PIE:  Blueprint regeneration took 1163 ms (1 blueprints)
[2015.07.30-20.37.12:800][347]PIE: New page: PIE session: NewCave (Jul 30, 2015, 6:37:12 AM)
[2015.07.30-20.37.12:950][347]LogPlayLevel: PIE: StaticDuplicateObject took: (0.148726s)
[2015.07.30-20.37.12:952][347]LogPlayLevel: PIE: World Init took: (0.001586s)
[2015.07.30-20.37.12:953][347]LogPlayLevel: PIE: Created PIE world by copying editor world from /Game/Scene/NewCave.NewCave to /Game/Scene/UEDPIE_0_NewCave.NewCave (0.151142s)
[2015.07.30-20.37.13:160][347]LogWorld: Game class is 'ThirdPersonGameMode_C'
[2015.07.30-20.37.13:165][347]LogAIModule: Creating AISystem for world NewCave
[2015.07.30-20.37.14:202][347]LogWorld:Warning: *** WARNING - PATHS MAY NOT BE VALID ***
[2015.07.30-20.37.14:202][347]LogWorld: Bringing World /Game/Scene/UEDPIE_0_NewCave.NewCave up for play (max tick rate 60) at 2015.07.30-13.37.14
[2015.07.30-20.37.14:207][347]LogWorld: Bringing up level for play took: 1.039834
[2015.07.30-20.37.14:252][347]PIE: Info Play in editor start time for /Game/Scene/UEDPIE_0_NewCave 1.902
[2015.07.30-20.37.14:390][347]LogScript:Warning: Accessed None 'K2Node_DynamicCast_AsThird_Person_Character2'
	SuccessScreen_C /Engine/Transient.UnrealEdEngine_0:GameInstance_0.SuccessScreen_C_0
	Function /Game/GUI/SuccessScreen.SuccessScreen_C:ExecuteUbergraph_SuccessScreen:00D2
[2015.07.30-20.38.02:626][855]LogParticles: Destroying 0 GPU particle simulations for FXSystem 0x0000009E0196FA60
[2015.07.30-20.50.47:342][705]Cmd: MAP IMPORTADD FILE="D:/SammyAnimations/Beta.fbx"
[2015.07.30-20.50.48:091][705]MapCheck: New page: Map Check
[2015.07.30-20.50.48:091][705]LightingResults: New page: Lighting Build
[2015.07.30-20.50.48:327][706]Cmd: UpdateLandscapeEditorData
[2015.07.30-20.51.18:312][920]LogContentBrowser:Verbose: The content browser source was changed by the sources view to '/Game'
[2015.07.30-20.51.33:719][ 37]LogContentBrowser:Verbose: The content browser source was changed by the sources view to '/Game/Key'
[2015.07.30-20.53.07:814][570]LogContentBrowser:Verbose: The content browser source was changed by the sources view to '/Game/Models/Skeleton'
[2015.07.30-20.53.16:717][628]LogContentBrowser:Verbose: The content browser source was changed by the sources view to '/Game/Key'
[2015.07.30-20.53.19:234][643]LogContentBrowser:Verbose: The content browser source was changed by the sources view to '/Game/Models/Skeleton'
[2015.07.30-20.53.36:061][727]LogStaticMesh: Building static mesh arms...
[2015.07.30-20.53.37:292][727]LogStaticMesh: Built static mesh [1230.602051ms] /Game/Models/Skeleton/arms.arms
[2015.07.30-20.53.37:447][727]LogStaticMesh: Building static mesh chest...
[2015.07.30-20.53.37:957][727]LogStaticMesh: Built static mesh [509.867432ms] /Game/Models/Skeleton/chest.chest
[2015.07.30-20.53.38:172][727]LogStaticMesh: Building static mesh FullBody...
[2015.07.30-20.53.42:381][727]LogStaticMesh: Built static mesh [4208.789063ms] /Game/Models/Skeleton/FullBody.FullBody
[2015.07.30-20.53.42:879][727]LogStaticMesh: Building static mesh FULLLBODY2...
[2015.07.30-20.53.46:820][727]LogStaticMesh: Built static mesh [3941.052002ms] /Game/Models/Skeleton/FULLLBODY2.FULLLBODY2
[2015.07.30-20.53.47:651][727]LogStaticMesh: Building static mesh legs...
[2015.07.30-20.53.48:921][727]LogStaticMesh: Built static mesh [1270.691650ms] /Game/Models/Skeleton/legs.legs
[2015.07.30-20.53.49:276][727]LogTexture:Display: Building textures: bones_colspec (AutoDXT)
[2015.07.30-20.53.50:214][727]LogTexture:Display: Building textures: bones_norms (BC5)
[2015.07.30-20.53.51:101][727]LogTexture:Display: Building textures: bones_spec (AutoDXT)
[2015.07.30-20.53.51:613][727]LogTexture:Display: Building textures: bone_detail_nd (BC5)
[2015.07.30-20.53.51:627][727]LogMaterial: Missing cached shader map for material bones, compiling. 
[2015.07.30-20.53.51:903][727]LogTexture:Display: Building textures: eyeball_d (AutoDXT)
[2015.07.30-20.53.52:005][727]LogTexture:Display: Building textures: eyeball_n (BC5)
[2015.07.30-20.53.52:129][727]LogTexture:Display: Building textures: eyeball_s (AutoDXT)
[2015.07.30-20.53.52:253][727]LogMaterial: Missing cached shader map for material eyed, compiling. 
[2015.07.30-20.53.52:724][727]LogTexture:Display: Building textures: heartlungs_norms (BC5)
[2015.07.30-20.53.53:045][727]LogTexture:Display: Building textures: heartlungs_spec (AutoDXT)
[2015.07.30-20.53.53:269][727]LogTexture:Display: Building textures: heartlungs_colspec (AutoDXT)
[2015.07.30-20.53.53:480][727]LogMaterial: Missing cached shader map for material heartlungstuff, compiling. 
[2015.07.30-20.53.53:716][727]LogTexture:Display: Building textures: internalorgans_colspec (AutoDXT)
[2015.07.30-20.53.54:277][727]LogTexture:Display: Building textures: internalorgans_norm (BC5)
[2015.07.30-20.53.54:489][727]LogTexture:Display: Building textures: internalorgans_spec (AutoDXT)
[2015.07.30-20.54.05:072][727]LogMetaData: Removing '/Game/Key/Skeleton/NewModel/Anim/Skeleton_AnimBP.Skeleton_AnimBP_C' ref from Metadata '/Game/Models/Skeleton/NewModel/Anim/Skeleton_AnimBP.PackageMetaData'
[2015.07.30-20.54.05:072][727]LogMetaData: Removing '/Game/Key/Skeleton/NewModel/Anim/Skeleton_AnimBP.Skeleton_AnimBP:EventGraph.K2Node_Event_125' ref from Metadata '/Game/Models/Skeleton/NewModel/Anim/Skeleton_AnimBP.PackageMetaData'
[2015.07.30-20.54.05:072][727]LogMetaData: Removing '/Game/Key/Skeleton/NewModel/Anim/Skeleton_AnimBP.Skeleton_AnimBP:EventGraph.K2Node_CallFunction_1710' ref from Metadata '/Game/Models/Skeleton/NewModel/Anim/Skeleton_AnimBP.PackageMetaData'
[2015.07.30-20.54.05:072][727]LogMetaData: Removing '/Game/Key/Skeleton/NewModel/Anim/Skeleton_AnimBP.Skeleton_AnimBP:AnimGraph.AnimGraphNode_Root_12' ref from Metadata '/Game/Models/Skeleton/NewModel/Anim/Skeleton_AnimBP.PackageMetaData'
[2015.07.30-20.54.05:073][727]LogMetaData: Removing '/Game/Key/Skeleton/NewModel/Anim/Skeleton_AnimBP.Skeleton_AnimBP:AnimGraph.AnimGraphNode_StateMachine_13.New State Machine.AnimStateEntryNode_0' ref from Metadata '/Game/Models/Skeleton/NewModel/Anim/Skeleton_AnimBP.PackageMetaData'
[2015.07.30-20.54.05:073][727]LogMetaData: Removing '/Game/Key/Skeleton/NewModel/Anim/Skeleton_AnimBP.Skeleton_AnimBP:AnimGraph.AnimGraphNode_StateMachine_13.New State Machine.AnimStateNode_1.Idle/Walk.AnimGraphNode_StateResult_30' ref from Metadata '/Game/Models/Skeleton/NewModel/Anim/Skeleton_AnimBP.PackageMetaData'
[2015.07.30-20.54.05:073][727]LogMetaData: Removing '/Game/Key/Skeleton/NewModel/Anim/Skeleton_AnimBP.SKEL_Skeleton_AnimBP_C' ref from Metadata '/Game/Models/Skeleton/NewModel/Anim/Skeleton_AnimBP.PackageMetaData'
[2015.07.30-20.54.05:635][727]LogMetaData: Removing '/Game/Key/Skeleton/NewModel/Anim/Test.Test_C' ref from Metadata '/Game/Models/Skeleton/NewModel/Anim/Test.PackageMetaData'
[2015.07.30-20.54.05:635][727]LogMetaData: Removing '/Game/Key/Skeleton/NewModel/Anim/Test.SKEL_Test_C' ref from Metadata '/Game/Models/Skeleton/NewModel/Anim/Test.PackageMetaData'
[2015.07.30-20.54.07:676][727]Cmd: OBJ SAVEPACKAGE PACKAGE="/Game/Key/Skeleton/skull" FILE="../../../../../../Users/Samantha/Desktop/God-Killer/Content/Key/Skeleton/skull.uasset" SILENT=true
[2015.07.30-20.54.08:576][727]LogSavePackage: Save=896.782898ms
[2015.07.30-20.54.08:576][727]LogSavePackage: Moving '../../../../../../Users/Samantha/Desktop/God-Killer/Saved/skullA967D83A4269128E61927890FA6C2A01.tmp' to '../../../../../../Users/Samantha/Desktop/God-Killer/Content/Key/Skeleton/skull.uasset'
[2015.07.30-20.54.08:708][727]Cmd: OBJ SAVEPACKAGE PACKAGE="/Game/Key/Skeleton/arms" FILE="../../../../../../Users/Samantha/Desktop/God-Killer/Content/Key/Skeleton/arms.uasset" SILENT=true
[2015.07.30-20.54.09:691][727]LogSavePackage: Save=978.977295ms
[2015.07.30-20.54.09:691][727]LogSavePackage: Moving '../../../../../../Users/Samantha/Desktop/God-Killer/Saved/arms1FD946F34F0D64A5423586BA03B6BA5D.tmp' to '../../../../../../Users/Samantha/Desktop/God-Killer/Content/Key/Skeleton/arms.uasset'
[2015.07.30-20.54.09:782][727]Cmd: OBJ SAVEPACKAGE PACKAGE="/Game/Key/Skeleton/chest" FILE="../../../../../../Users/Samantha/Desktop/God-Killer/Content/Key/Skeleton/chest.uasset" SILENT=true
[2015.07.30-20.54.10:665][727]LogSavePackage: Save=878.671509ms
[2015.07.30-20.54.10:665][727]LogSavePackage: Moving '../../../../../../Users/Samantha/Desktop/God-Killer/Saved/chestC5120C9347B5CF7F03209EB229944F5D.tmp' to '../../../../../../Users/Samantha/Desktop/God-Killer/Content/Key/Skeleton/chest.uasset'
[2015.07.30-20.54.10:767][727]Cmd: OBJ SAVEPACKAGE PACKAGE="/Game/Key/Skeleton/FullBody" FILE="../../../../../../Users/Samantha/Desktop/God-Killer/Content/Key/Skeleton/FullBody.uasset" SILENT=true
[2015.07.30-20.54.11:657][727]LogSavePackage: Save=886.555359ms
[2015.07.30-20.54.11:657][727]LogSavePackage: Moving '../../../../../../Users/Samantha/Desktop/God-Killer/Saved/FullBodyB9F539644B5DA9C5B1DE49985D21CF92.tmp' to '../../../../../../Users/Samantha/Desktop/God-Killer/Content/Key/Skeleton/FullBody.uasset'
[2015.07.30-20.54.11:760][727]Cmd: OBJ SAVEPACKAGE PACKAGE="/Game/Key/Skeleton/FULLLBODY2" FILE="../../../../../../Users/Samantha/Desktop/God-Killer/Content/Key/Skeleton/FULLLBODY2.uasset" SILENT=true
[2015.07.30-20.54.12:687][727]LogSavePackage: Save=923.855408ms
[2015.07.30-20.54.12:687][727]LogSavePackage: Moving '../../../../../../Users/Samantha/Desktop/God-Killer/Saved/FULLLBODY292AEC36A40A05709CD826B9312B5330D.tmp' to '../../../../../../Users/Samantha/Desktop/God-Killer/Content/Key/Skeleton/FULLLBODY2.uasset'
[2015.07.30-20.54.12:782][727]Cmd: OBJ SAVEPACKAGE PACKAGE="/Game/Key/Skeleton/legs" FILE="../../../../../../Users/Samantha/Desktop/God-Killer/Content/Key/Skeleton/legs.uasset" SILENT=true
[2015.07.30-20.54.13:689][727]LogSavePackage: Save=902.609131ms
[2015.07.30-20.54.13:689][727]LogSavePackage: Moving '../../../../../../Users/Samantha/Desktop/God-Killer/Saved/legs12639AB34312D75674A9EEB2074FB2C0.tmp' to '../../../../../../Users/Samantha/Desktop/God-Killer/Content/Key/Skeleton/legs.uasset'
[2015.07.30-20.54.21:229][727]Cmd: OBJ SAVEPACKAGE PACKAGE="/Game/Key/Skeleton/NewModel/bones" FILE="../../../../../../Users/Samantha/Desktop/God-Killer/Content/Key/Skeleton/NewModel/bones.uasset" SILENT=true
[2015.07.30-20.54.21:944][727]LogSavePackage: Save=711.038086ms
[2015.07.30-20.54.21:944][727]LogSavePackage: Moving '../../../../../../Users/Samantha/Desktop/God-Killer/Saved/bones13AEE51047B23F3CEB43019DEDB93566.tmp' to '../../../../../../Users/Samantha/Desktop/God-Killer/Content/Key/Skeleton/NewModel/bones.uasset'
[2015.07.30-20.54.22:000][727]Cmd: OBJ SAVEPACKAGE PACKAGE="/Game/Key/Skeleton/NewModel/bones_colspec" FILE="../../../../../../Users/Samantha/Desktop/God-Killer/Content/Key/Skeleton/NewModel/bones_colspec.uasset" SILENT=true
[2015.07.30-20.54.22:488][727]LogSavePackage: Save=483.990417ms
[2015.07.30-20.54.22:488][727]LogSavePackage: Moving '../../../../../../Users/Samantha/Desktop/God-Killer/Saved/bones_colspecF6AD21084CAD3E9E2B17AC9DAA939676.tmp' to '../../../../../../Users/Samantha/Desktop/God-Killer/Content/Key/Skeleton/NewModel/bones_colspec.uasset'
[2015.07.30-20.54.22:547][727]Cmd: OBJ SAVEPACKAGE PACKAGE="/Game/Key/Skeleton/NewModel/bones_norms" FILE="../../../../../../Users/Samantha/Desktop/God-Killer/Content/Key/Skeleton/NewModel/bones_norms.uasset" SILENT=true
[2015.07.30-20.54.23:533][727]LogSavePackage: Save=980.595825ms
[2015.07.30-20.54.23:533][727]LogSavePackage: Moving '../../../../../../Users/Samantha/Desktop/God-Killer/Saved/bones_norms1678CD4043902E63C98273BBB51D6FF7.tmp' to '../../../../../../Users/Samantha/Desktop/God-Killer/Content/Key/Skeleton/NewModel/bones_norms.uasset'
[2015.07.30-20.54.23:576][727]Cmd: OBJ SAVEPACKAGE PACKAGE="/Game/Key/Skeleton/NewModel/bones_spec" FILE="../../../../../../Users/Samantha/Desktop/God-Killer/Content/Key/Skeleton/NewModel/bones_spec.uasset" SILENT=true
[2015.07.30-20.54.24:001][727]LogSavePackage: Save=421.117676ms
[2015.07.30-20.54.24:001][727]LogSavePackage: Moving '../../../../../../Users/Samantha/Desktop/God-Killer/Saved/bones_spec1F4CF0494A07432FDD25C9892C2239FC.tmp' to '../../../../../../Users/Samantha/Desktop/God-Killer/Content/Key/Skeleton/NewModel/bones_spec.uasset'
[2015.07.30-20.54.24:026][727]Cmd: OBJ SAVEPACKAGE PACKAGE="/Game/Key/Skeleton/NewModel/bone_detail_nd" FILE="../../../../../../Users/Samantha/Desktop/God-Killer/Content/Key/Skeleton/NewModel/bone_detail_nd.uasset" SILENT=true
[2015.07.30-20.54.24:353][727]LogSavePackage: Save=321.895844ms
[2015.07.30-20.54.24:353][727]LogSavePackage: Moving '../../../../../../Users/Samantha/Desktop/God-Killer/Saved/bone_detail_nd1F8DC42D40489C335C7D5583B55D314D.tmp' to '../../../../../../Users/Samantha/Desktop/God-Killer/Content/Key/Skeleton/NewModel/bone_detail_nd.uasset'
[2015.07.30-20.54.24:378][727]Cmd: OBJ SAVEPACKAGE PACKAGE="/Game/Key/Skeleton/NewModel/eyeball_d" FILE="../../../../../../Users/Samantha/Desktop/God-Killer/Content/Key/Skeleton/NewModel/eyeball_d.uasset" SILENT=true
[2015.07.30-20.54.24:482][727]LogSavePackage: Save=100.000534ms
[2015.07.30-20.54.24:482][727]LogSavePackage: Moving '../../../../../../Users/Samantha/Desktop/God-Killer/Saved/eyeball_d230075744EF0D1F00873D8A36F3E3F94.tmp' to '../../../../../../Users/Samantha/Desktop/God-Killer/Content/Key/Skeleton/NewModel/eyeball_d.uasset'
[2015.07.30-20.54.24:509][727]Cmd: OBJ SAVEPACKAGE PACKAGE="/Game/Key/Skeleton/NewModel/eyeball_n" FILE="../../../../../../Users/Samantha/Desktop/God-Killer/Content/Key/Skeleton/NewModel/eyeball_n.uasset" SILENT=true
[2015.07.30-20.54.24:688][727]LogSavePackage: Save=174.911240ms
[2015.07.30-20.54.24:688][727]LogSavePackage: Moving '../../../../../../Users/Samantha/Desktop/God-Killer/Saved/eyeball_n49EDBAC5456C98D4270476BD366CF965.tmp' to '../../../../../../Users/Samantha/Desktop/God-Killer/Content/Key/Skeleton/NewModel/eyeball_n.uasset'
[2015.07.30-20.54.24:713][727]Cmd: OBJ SAVEPACKAGE PACKAGE="/Game/Key/Skeleton/NewModel/eyeball_s" FILE="../../../../../../Users/Samantha/Desktop/God-Killer/Content/Key/Skeleton/NewModel/eyeball_s.uasset" SILENT=true
[2015.07.30-20.54.24:805][727]LogSavePackage: Save=87.265076ms
[2015.07.30-20.54.24:805][727]LogSavePackage: Moving '../../../../../../Users/Samantha/Desktop/God-Killer/Saved/eyeball_s156CBC8B4B51B0032710F69057BDDC06.tmp' to '../../../../../../Users/Samantha/Desktop/God-Killer/Content/Key/Skeleton/NewModel/eyeball_s.uasset'
[2015.07.30-20.54.31:687][727]Cmd: OBJ SAVEPACKAGE PACKAGE="/Game/Key/Skeleton/NewModel/eyed" FILE="../../../../../../Users/Samantha/Desktop/God-Killer/Content/Key/Skeleton/NewModel/eyed.uasset" SILENT=true
[2015.07.30-20.54.32:471][727]LogSavePackage: Save=780.152039ms
[2015.07.30-20.54.32:471][727]LogSavePackage: Moving '../../../../../../Users/Samantha/Desktop/God-Killer/Saved/eyedA82DA75D4172A80C8EA8BE901970B2EF.tmp' to '../../../../../../Users/Samantha/Desktop/God-Killer/Content/Key/Skeleton/NewModel/eyed.uasset'
[2015.07.30-20.54.40:556][727]Cmd: OBJ SAVEPACKAGE PACKAGE="/Game/Key/Skeleton/NewModel/heartlungstuff" FILE="../../../../../../Users/Samantha/Desktop/God-Killer/Content/Key/Skeleton/NewModel/heartlungstuff.uasset" SILENT=true
[2015.07.30-20.54.41:224][727]LogSavePackage: Save=664.117432ms
[2015.07.30-20.54.41:224][727]LogSavePackage: Moving '../../../../../../Users/Samantha/Desktop/God-Killer/Saved/heartlungstuff7A451BEF4D36AFCDA9D94FAC1B8D5A73.tmp' to '../../../../../../Users/Samantha/Desktop/God-Killer/Content/Key/Skeleton/NewModel/heartlungstuff.uasset'
[2015.07.30-20.54.41:314][727]Cmd: OBJ SAVEPACKAGE PACKAGE="/Game/Key/Skeleton/NewModel/heartlungs_colspec" FILE="../../../../../../Users/Samantha/Desktop/God-Killer/Content/Key/Skeleton/NewModel/heartlungs_colspec.uasset" SILENT=true
[2015.07.30-20.54.41:870][727]LogSavePackage: Save=550.768677ms
[2015.07.30-20.54.41:870][727]LogSavePackage: Moving '../../../../../../Users/Samantha/Desktop/God-Killer/Saved/heartlungs_colspec329999ED43C56EE0B763A58433E0F451.tmp' to '../../../../../../Users/Samantha/Desktop/God-Killer/Content/Key/Skeleton/NewModel/heartlungs_colspec.uasset'
[2015.07.30-20.54.41:910][727]Cmd: OBJ SAVEPACKAGE PACKAGE="/Game/Key/Skeleton/NewModel/heartlungs_norms" FILE="../../../../../../Users/Samantha/Desktop/God-Killer/Content/Key/Skeleton/NewModel/heartlungs_norms.uasset" SILENT=true
[2015.07.30-20.54.42:701][727]LogSavePackage: Save=785.357544ms
[2015.07.30-20.54.42:701][727]LogSavePackage: Moving '../../../../../../Users/Samantha/Desktop/God-Killer/Saved/heartlungs_norms981C97F44A94D716874E4DA59559C231.tmp' to '../../../../../../Users/Samantha/Desktop/God-Killer/Content/Key/Skeleton/NewModel/heartlungs_norms.uasset'
[2015.07.30-20.54.42:735][727]Cmd: OBJ SAVEPACKAGE PACKAGE="/Game/Key/Skeleton/NewModel/heartlungs_spec" FILE="../../../../../../Users/Samantha/Desktop/God-Killer/Content/Key/Skeleton/NewModel/heartlungs_spec.uasset" SILENT=true
[2015.07.30-20.54.43:061][727]LogSavePackage: Save=321.355896ms
[2015.07.30-20.54.43:061][727]LogSavePackage: Moving '../../../../../../Users/Samantha/Desktop/God-Killer/Saved/heartlungs_specA9C485464768388F792CA2900C9652C6.tmp' to '../../../../../../Users/Samantha/Desktop/God-Killer/Content/Key/Skeleton/NewModel/heartlungs_spec.uasset'
[2015.07.30-20.54.44:048][727]LogSavePackage: Save=927.042542ms
[2015.07.30-20.54.44:048][727]LogSavePackage: Moving '../../../../../../Users/Samantha/Desktop/God-Killer/Saved/internalorgans_colspecDEECC87F4A0DF6D3C65598B669555573.tmp' to '../../../../../../Users/Samantha/Desktop/God-Killer/Content/Key/Skeleton/NewModel/internalorgans_colspec.uasset'
[2015.07.30-20.54.45:232][727]LogSavePackage: Save=1128.937866ms
[2015.07.30-20.54.45:232][727]LogSavePackage: Moving '../../../../../../Users/Samantha/Desktop/God-Killer/Saved/internalorgans_norm79417F9B4752C531252878B74CCD904E.tmp' to '../../../../../../Users/Samantha/Desktop/God-Killer/Content/Key/Skeleton/NewModel/internalorgans_norm.uasset'
[2015.07.30-20.54.45:729][727]LogSavePackage: Save=455.242706ms
[2015.07.30-20.54.45:729][727]LogSavePackage: Moving '../../../../../../Users/Samantha/Desktop/God-Killer/Saved/internalorgans_specBE791C1E47E8133F95795292FA8A5701.tmp' to '../../../../../../Users/Samantha/Desktop/God-Killer/Content/Key/Skeleton/NewModel/internalorgans_spec.uasset'
[2015.07.30-20.54.45:816][727]Cmd: OBJ SAVEPACKAGE PACKAGE="/Game/Key/Skeleton/NewModel/skrigged" FILE="../../../../../../Users/Samantha/Desktop/God-Killer/Content/Key/Skeleton/NewModel/skrigged.uasset" SILENT=true
[2015.07.30-20.54.47:131][727]LogSavePackage: Save=1311.249756ms
[2015.07.30-20.54.47:131][727]LogSavePackage: Moving '../../../../../../Users/Samantha/Desktop/God-Killer/Saved/skrigged0BB6C12E491F7E715D97EF9EC7D1A3C5.tmp' to '../../../../../../Users/Samantha/Desktop/God-Killer/Content/Key/Skeleton/NewModel/skrigged.uasset'
[2015.07.30-20.54.47:240][727]Cmd: OBJ SAVEPACKAGE PACKAGE="/Game/Key/Skeleton/NewModel/skrigged_Anim" FILE="../../../../../../Users/Samantha/Desktop/God-Killer/Content/Key/Skeleton/NewModel/skrigged_Anim.uasset" SILENT=true
[2015.07.30-20.54.48:490][727]LogSavePackage: Save=1244.750732ms
[2015.07.30-20.54.48:490][727]LogSavePackage: Moving '../../../../../../Users/Samantha/Desktop/God-Killer/Saved/skrigged_AnimE8A2D02847082D5B078BC9B6B99BB678.tmp' to '../../../../../../Users/Samantha/Desktop/God-Killer/Content/Key/Skeleton/NewModel/skrigged_Anim.uasset'
[2015.07.30-20.54.48:590][727]LogSavePackage: Save=35.499004ms
[2015.07.30-20.54.48:590][727]LogSavePackage: Moving '../../../../../../Users/Samantha/Desktop/God-Killer/Saved/skrigged_PhysicsAsset9B609BF54C5FBF3A852D318F3D0D3C77.tmp' to '../../../../../../Users/Samantha/Desktop/God-Killer/Content/Key/Skeleton/NewModel/skrigged_PhysicsAsset.uasset'
[2015.07.30-20.54.48:615][727]Cmd: OBJ SAVEPACKAGE PACKAGE="/Game/Key/Skeleton/NewModel/skrigged_Skeleton" FILE="../../../../../../Users/Samantha/Desktop/God-Killer/Content/Key/Skeleton/NewModel/skrigged_Skeleton.uasset" SILENT=true
[2015.07.30-20.54.48:634][727]LogSavePackage: Save=12.775625ms
[2015.07.30-20.54.48:634][727]LogSavePackage: Moving '../../../../../../Users/Samantha/Desktop/God-Killer/Saved/skrigged_Skeleton49E5EA7D42E0EA697BBA8DBE7A439911.tmp' to '../../../../../../Users/Samantha/Desktop/God-Killer/Content/Key/Skeleton/NewModel/skrigged_Skeleton.uasset'
[2015.07.30-20.54.48:686][727]LogUObjectGlobals:Warning: Failed to find object 'SkeletalMesh /Game/Models/Skeleton/NewModel/Anim/SkeletonMesh.SkeletonMesh'
[2015.07.30-20.54.48:720][727]Cmd: OBJ SAVEPACKAGE PACKAGE="/Game/Key/Skeleton/NewModel/Anim/SkeletonIdle" FILE="../../../../../../Users/Samantha/Desktop/God-Killer/Content/Key/Skeleton/NewModel/Anim/SkeletonIdle.uasset" SILENT=true
[2015.07.30-20.54.48:764][727]LogSavePackage: Save=39.007401ms
[2015.07.30-20.54.48:765][727]LogSavePackage: Moving '../../../../../../Users/Samantha/Desktop/God-Killer/Saved/SkeletonIdle9E3FDA0A443546CD4D594C8838D5C1CF.tmp' to '../../../../../../Users/Samantha/Desktop/God-Killer/Content/Key/Skeleton/NewModel/Anim/SkeletonIdle.uasset'
[2015.07.30-20.54.48:826][727]LogUObjectGlobals:Warning: Failed to find object 'SkeletalMesh /Game/Models/Skeleton/NewModel/Anim/SkeletonMesh.SkeletonMesh'
[2015.07.30-20.54.48:860][727]Cmd: OBJ SAVEPACKAGE PACKAGE="/Game/Key/Skeleton/NewModel/Anim/SkeletonJump" FILE="../../../../../../Users/Samantha/Desktop/God-Killer/Content/Key/Skeleton/NewModel/Anim/SkeletonJump.uasset" SILENT=true
[2015.07.30-20.54.48:904][727]LogSavePackage: Save=37.819939ms
[2015.07.30-20.54.48:904][727]LogSavePackage: Moving '../../../../../../Users/Samantha/Desktop/God-Killer/Saved/SkeletonJump6A41FF674179D88399DAC1A90D0734FA.tmp' to '../../../../../../Users/Samantha/Desktop/God-Killer/Content/Key/Skeleton/NewModel/Anim/SkeletonJump.uasset'
[2015.07.30-20.54.48:947][727]LogUObjectGlobals:Warning: Failed to find object 'SkeletalMesh /Game/Models/Skeleton/NewModel/Anim/SkeletonMesh.SkeletonMesh'
[2015.07.30-20.54.49:022][727]LogSavePackage: Save=34.806873ms
[2015.07.30-20.54.49:022][727]LogSavePackage: Moving '../../../../../../Users/Samantha/Desktop/God-Killer/Saved/SkeletonLeftStrafeWalking9717BA0E4DDEBC0C18B8F790022993A0.tmp' to '../../../../../../Users/Samantha/Desktop/God-Killer/Content/Key/Skeleton/NewModel/Anim/SkeletonLeftStrafeWalking.uasset'
[2015.07.30-20.54.49:063][727]LogUObjectGlobals:Warning: Failed to find object 'SkeletalMesh /Game/Models/Skeleton/NewModel/Anim/SkeletonMesh.SkeletonMesh'
[2015.07.30-20.54.49:139][727]LogSavePackage: Save=35.131741ms
[2015.07.30-20.54.49:139][727]LogSavePackage: Moving '../../../../../../Users/Samantha/Desktop/God-Killer/Saved/SkeletonLeftTurn60809FF44F4E98369FA353A5152C2560.tmp' to '../../../../../../Users/Samantha/Desktop/God-Killer/Content/Key/Skeleton/NewModel/Anim/SkeletonLeftTurn.uasset'
[2015.07.30-20.54.49:258][727]Cmd: OBJ SAVEPACKAGE PACKAGE="/Game/Key/Skeleton/NewModel/Anim/SkeletonMesh" FILE="../../../../../../Users/Samantha/Desktop/God-Killer/Content/Key/Skeleton/NewModel/Anim/SkeletonMesh.uasset" SILENT=true
[2015.07.30-20.54.50:742][727]LogSavePackage: Save=1478.416382ms
[2015.07.30-20.54.50:743][727]LogSavePackage: Moving '../../../../../../Users/Samantha/Desktop/God-Killer/Saved/SkeletonMeshB6F4BB8F4304AAF30CDC5C87D39C0384.tmp' to '../../../../../../Users/Samantha/Desktop/God-Killer/Content/Key/Skeleton/NewModel/Anim/SkeletonMesh.uasset'
[2015.07.30-20.54.50:773][727]LogUObjectGlobals:Warning: Failed to find object 'SkeletalMesh /Game/Models/Skeleton/NewModel/Anim/SkeletonMesh.SkeletonMesh'
[2015.07.30-20.54.50:841][727]LogSavePackage: Save=31.931253ms
[2015.07.30-20.54.50:841][727]LogSavePackage: Moving '../../../../../../Users/Samantha/Desktop/God-Killer/Saved/SkeletonMesh_Anim8FDE935C4F8B50A9E236F99C0A286CE9.tmp' to '../../../../../../Users/Samantha/Desktop/God-Killer/Content/Key/Skeleton/NewModel/Anim/SkeletonMesh_Anim.uasset'
[2015.07.30-20.54.50:905][727]LogSavePackage: Save=34.079937ms
[2015.07.30-20.54.50:905][727]LogSavePackage: Moving '../../../../../../Users/Samantha/Desktop/God-Killer/Saved/SkeletonMesh_PhysicsAssetEC20DDF64418359CE1F76B8BF111785A.tmp' to '../../../../../../Users/Samantha/Desktop/God-Killer/Content/Key/Skeleton/NewModel/Anim/SkeletonMesh_PhysicsAsset.uasset'
[2015.07.30-20.54.50:948][727]LogSavePackage: Save=13.997897ms
[2015.07.30-20.54.50:948][727]LogSavePackage: Moving '../../../../../../Users/Samantha/Desktop/God-Killer/Saved/SkeletonMesh_SkeletonEB30F4EB4B8D137584711CB6D44952DA.tmp' to '../../../../../../Users/Samantha/Desktop/God-Killer/Content/Key/Skeleton/NewModel/Anim/SkeletonMesh_Skeleton.uasset'
[2015.07.30-20.54.51:009][727]LogUObjectGlobals:Warning: Failed to find object 'SkeletalMesh /Game/Models/Skeleton/NewModel/Anim/SkeletonMesh.SkeletonMesh'
[2015.07.30-20.54.51:087][727]LogSavePackage: Save=39.075680ms
[2015.07.30-20.54.51:087][727]LogSavePackage: Moving '../../../../../../Users/Samantha/Desktop/God-Killer/Saved/SkeletonRightStrafeWalking90073B8D4FF7E6EB8A44FDBFD1FA13B1.tmp' to '../../../../../../Users/Samantha/Desktop/God-Killer/Content/Key/Skeleton/NewModel/Anim/SkeletonRightStrafeWalking.uasset'
[2015.07.30-20.54.51:118][727]LogUObjectGlobals:Warning: Failed to find object 'SkeletalMesh /Game/Models/Skeleton/NewModel/Anim/SkeletonMesh.SkeletonMesh'
[2015.07.30-20.54.51:183][727]LogSavePackage: Save=30.766100ms
[2015.07.30-20.54.51:183][727]LogSavePackage: Moving '../../../../../../Users/Samantha/Desktop/God-Killer/Saved/SkeletonRightTurn631BE8524D4FDE139F22FEA146904D7A.tmp' to '../../../../../../Users/Samantha/Desktop/God-Killer/Content/Key/Skeleton/NewModel/Anim/SkeletonRightTurn.uasset'
[2015.07.30-20.54.51:210][727]LogUObjectGlobals:Warning: Failed to find object 'SkeletalMesh /Game/Models/Skeleton/NewModel/Anim/SkeletonMesh.SkeletonMesh'
[2015.07.30-20.54.51:288][727]LogSavePackage: Save=43.911663ms
[2015.07.30-20.54.51:288][727]LogSavePackage: Moving '../../../../../../Users/Samantha/Desktop/God-Killer/Saved/SkeletonWalking426770FF41CBA00D6C1900A0B1BED1E1.tmp' to '../../../../../../Users/Samantha/Desktop/God-Killer/Content/Key/Skeleton/NewModel/Anim/SkeletonWalking.uasset'
[2015.07.30-20.54.51:330][727]LogUObjectGlobals:Warning: Failed to find object 'SkeletalMesh /Game/Models/Skeleton/NewModel/Anim/SkeletonMesh.SkeletonMesh'
[2015.07.30-20.54.52:553][727]LogSavePackage: Save=1119.933472ms
[2015.07.30-20.54.52:554][727]LogSavePackage: Moving '../../../../../../Users/Samantha/Desktop/God-Killer/Saved/Skeleton_AnimBP71C3CA0B4C77B69308A61CA702CAD8BF.tmp' to '../../../../../../Users/Samantha/Desktop/God-Killer/Content/Key/Skeleton/NewModel/Anim/Skeleton_AnimBP.uasset'
[2015.07.30-20.54.53:556][727]LogSavePackage: Save=848.123596ms
[2015.07.30-20.54.53:556][727]LogSavePackage: Moving '../../../../../../Users/Samantha/Desktop/God-Killer/Saved/Skeleton_Idle_WalkB2C32F534B0AB541E823C2ADDF00F651.tmp' to '../../../../../../Users/Samantha/Desktop/God-Killer/Content/Key/Skeleton/NewModel/Anim/Skeleton_Idle_Walk.uasset'
[2015.07.30-20.54.53:645][727]Cmd: OBJ SAVEPACKAGE PACKAGE="/Game/Key/Skeleton/NewModel/Anim/Test" FILE="../../../../../../Users/Samantha/Desktop/God-Killer/Content/Key/Skeleton/NewModel/Anim/Test.uasset" SILENT=true
[2015.07.30-20.54.54:613][727]LogSavePackage: Save=964.762512ms
[2015.07.30-20.54.54:613][727]LogSavePackage: Moving '../../../../../../Users/Samantha/Desktop/God-Killer/Saved/Test5283D087402644821233A5AA3A46248B.tmp' to '../../../../../../Users/Samantha/Desktop/God-Killer/Content/Key/Skeleton/NewModel/Anim/Test.uasset'
[2015.07.30-20.54.54:691][727]Cmd: OBJ SAVEPACKAGE PACKAGE="/Game/Key/Skeleton/NewModel/animation/idle" FILE="../../../../../../Users/Samantha/Desktop/God-Killer/Content/Key/Skeleton/NewModel/animation/idle.uasset" SILENT=true
[2015.07.30-20.54.56:057][727]LogSavePackage: Save=1362.344238ms
[2015.07.30-20.54.56:057][727]LogSavePackage: Moving '../../../../../../Users/Samantha/Desktop/God-Killer/Saved/idle52B8008446C39BD82EE1F985B7BB867F.tmp' to '../../../../../../Users/Samantha/Desktop/God-Killer/Content/Key/Skeleton/NewModel/animation/idle.uasset'
[2015.07.30-20.54.56:148][727]LogSavePackage: Save=33.108902ms
[2015.07.30-20.54.56:148][727]LogSavePackage: Moving '../../../../../../Users/Samantha/Desktop/God-Killer/Saved/idle_Anim368D8D224435755EBFCE929097010BBC.tmp' to '../../../../../../Users/Samantha/Desktop/God-Killer/Content/Key/Skeleton/NewModel/animation/idle_Anim.uasset'
[2015.07.30-20.54.56:214][727]LogSavePackage: Save=31.711252ms
[2015.07.30-20.54.56:214][727]LogSavePackage: Moving '../../../../../../Users/Samantha/Desktop/God-Killer/Saved/idle_PhysicsAsset35E778984194E339E932E2AF693B21CF.tmp' to '../../../../../../Users/Samantha/Desktop/God-Killer/Content/Key/Skeleton/NewModel/animation/idle_PhysicsAsset.uasset'
[2015.07.30-20.54.56:254][727]LogSavePackage: Save=11.311040ms
[2015.07.30-20.54.56:254][727]LogSavePackage: Moving '../../../../../../Users/Samantha/Desktop/God-Killer/Saved/idle_SkeletonE133DF994B026D3795899D9BA17FC7A6.tmp' to '../../../../../../Users/Samantha/Desktop/God-Killer/Content/Key/Skeleton/NewModel/animation/idle_Skeleton.uasset'
[2015.07.30-20.54.56:397][727]Cmd: OBJ SAVEPACKAGE PACKAGE="/Game/Key/Skeleton/NewModel/animation/jump" FILE="../../../../../../Users/Samantha/Desktop/God-Killer/Content/Key/Skeleton/NewModel/animation/jump.uasset" SILENT=true
[2015.07.30-20.54.57:712][727]LogSavePackage: Save=1309.707886ms
[2015.07.30-20.54.57:713][727]LogSavePackage: Moving '../../../../../../Users/Samantha/Desktop/God-Killer/Saved/jumpCE67DFD04664FF042C8BD3BDCEB9A444.tmp' to '../../../../../../Users/Samantha/Desktop/God-Killer/Content/Key/Skeleton/NewModel/animation/jump.uasset'
[2015.07.30-20.54.57:805][727]LogSavePackage: Save=22.423054ms
[2015.07.30-20.54.57:805][727]LogSavePackage: Moving '../../../../../../Users/Samantha/Desktop/God-Killer/Saved/jump_Anim2814DC304ACB91B8D1FBBFA8D423CFB2.tmp' to '../../../../../../Users/Samantha/Desktop/God-Killer/Content/Key/Skeleton/NewModel/animation/jump_Anim.uasset'
[2015.07.30-20.54.57:861][727]LogSavePackage: Save=34.544033ms
[2015.07.30-20.54.57:861][727]LogSavePackage: Moving '../../../../../../Users/Samantha/Desktop/God-Killer/Saved/jump_PhysicsAssetFC89F0EE401235C0F3F545BAD1390DA7.tmp' to '../../../../../../Users/Samantha/Desktop/God-Killer/Content/Key/Skeleton/NewModel/animation/jump_PhysicsAsset.uasset'
[2015.07.30-20.54.57:892][727]LogSavePackage: Save=8.611241ms
[2015.07.30-20.54.57:892][727]LogSavePackage: Moving '../../../../../../Users/Samantha/Desktop/God-Killer/Saved/jump_Skeleton5858650E436B6B58D314E58E09917F51.tmp' to '../../../../../../Users/Samantha/Desktop/God-Killer/Content/Key/Skeleton/NewModel/animation/jump_Skeleton.uasset'
[2015.07.30-20.54.59:338][727]LogSavePackage: Save=1336.821533ms
[2015.07.30-20.54.59:338][727]LogSavePackage: Moving '../../../../../../Users/Samantha/Desktop/God-Killer/Saved/left_strafe_walking3C359DFA452C96A876B436BAE0B35736.tmp' to '../../../../../../Users/Samantha/Desktop/God-Killer/Content/Key/Skeleton/NewModel/animation/left_strafe_walking.uasset'
[2015.07.30-20.54.59:402][727]LogSavePackage: Save=21.743418ms
[2015.07.30-20.54.59:402][727]LogSavePackage: Moving '../../../../../../Users/Samantha/Desktop/God-Killer/Saved/left_strafe_walking_Anim18209DD74BD2A65FAE9980B90B008FE6.tmp' to '../../../../../../Users/Samantha/Desktop/God-Killer/Content/Key/Skeleton/NewModel/animation/left_strafe_walking_Anim.uasset'
[2015.07.30-20.54.59:448][727]LogSavePackage: Save=24.405285ms
[2015.07.30-20.54.59:448][727]LogSavePackage: Moving '../../../../../../Users/Samantha/Desktop/God-Killer/Saved/left_strafe_walking_PhysicsAsset53526FCA4B18BB718BDCAC9CAEE26EB3.tmp' to '../../../../../../Users/Samantha/Desktop/God-Killer/Content/Key/Skeleton/NewModel/animation/left_strafe_walking_PhysicsAsset.uasset'
[2015.07.30-20.54.59:481][727]LogSavePackage: Save=8.654974ms
[2015.07.30-20.54.59:481][727]LogSavePackage: Moving '../../../../../../Users/Samantha/Desktop/God-Killer/Saved/left_strafe_walking_Skeleton6B73152546BAC8BB43E8A9BA09E38A12.tmp' to '../../../../../../Users/Samantha/Desktop/God-Killer/Content/Key/Skeleton/NewModel/animation/left_strafe_walking_Skeleton.uasset'
[2015.07.30-20.55.01:051][727]LogSavePackage: Save=1418.170654ms
[2015.07.30-20.55.01:051][727]LogSavePackage: Moving '../../../../../../Users/Samantha/Desktop/God-Killer/Saved/left_turn_9067AFDEFE436E5FCBF85E53951A475427.tmp' to '../../../../../../Users/Samantha/Desktop/God-Killer/Content/Key/Skeleton/NewModel/animation/left_turn_90.uasset'
[2015.07.30-20.55.01:135][727]LogSavePackage: Save=28.671413ms
[2015.07.30-20.55.01:135][727]LogSavePackage: Moving '../../../../../../Users/Samantha/Desktop/God-Killer/Saved/left_turn_90_Anim48AA01C64889B132073C1691A19E2FF6.tmp' to '../../../../../../Users/Samantha/Desktop/God-Killer/Content/Key/Skeleton/NewModel/animation/left_turn_90_Anim.uasset'
[2015.07.30-20.55.01:196][727]LogSavePackage: Save=31.788900ms
[2015.07.30-20.55.01:196][727]LogSavePackage: Moving '../../../../../../Users/Samantha/Desktop/God-Killer/Saved/left_turn_90_PhysicsAsset606847FD4D78FADD07DBDA99F914F899.tmp' to '../../../../../../Users/Samantha/Desktop/God-Killer/Content/Key/Skeleton/NewModel/animation/left_turn_90_PhysicsAsset.uasset'
[2015.07.30-20.55.01:235][727]LogSavePackage: Save=11.272217ms
[2015.07.30-20.55.01:235][727]LogSavePackage: Moving '../../../../../../Users/Samantha/Desktop/God-Killer/Saved/left_turn_90_SkeletonB0FC05434CF30B58458C2690436DB30F.tmp' to '../../../../../../Users/Samantha/Desktop/God-Killer/Content/Key/Skeleton/NewModel/animation/left_turn_90_Skeleton.uasset'
[2015.07.30-20.55.02:683][727]LogSavePackage: Save=1338.594849ms
[2015.07.30-20.55.02:683][727]LogSavePackage: Moving '../../../../../../Users/Samantha/Desktop/God-Killer/Saved/right_strafe_walkingCB172CAE47AC13C55EA658B93A42B015.tmp' to '../../../../../../Users/Samantha/Desktop/God-Killer/Content/Key/Skeleton/NewModel/animation/right_strafe_walking.uasset'
[2015.07.30-20.55.02:768][727]LogSavePackage: Save=29.458149ms
[2015.07.30-20.55.02:768][727]LogSavePackage: Moving '../../../../../../Users/Samantha/Desktop/God-Killer/Saved/right_strafe_walking_AnimABE98D2445E4558904741FBEF47C6163.tmp' to '../../../../../../Users/Samantha/Desktop/God-Killer/Content/Key/Skeleton/NewModel/animation/right_strafe_walking_Anim.uasset'
[2015.07.30-20.55.02:828][727]LogSavePackage: Save=32.868374ms
[2015.07.30-20.55.02:828][727]LogSavePackage: Moving '../../../../../../Users/Samantha/Desktop/God-Killer/Saved/right_strafe_walking_PhysicsAsset5FAD4B7F4BE3E40D781671B719D6EA06.tmp' to '../../../../../../Users/Samantha/Desktop/God-Killer/Content/Key/Skeleton/NewModel/animation/right_strafe_walking_PhysicsAsset.uasset'
[2015.07.30-20.55.02:867][727]LogSavePackage: Save=11.166455ms
[2015.07.30-20.55.02:867][727]LogSavePackage: Moving '../../../../../../Users/Samantha/Desktop/God-Killer/Saved/right_strafe_walking_SkeletonB6B106E7425FD6CC6FECE5A251F6051B.tmp' to '../../../../../../Users/Samantha/Desktop/God-Killer/Content/Key/Skeleton/NewModel/animation/right_strafe_walking_Skeleton.uasset'
[2015.07.30-20.55.04:314][727]LogSavePackage: Save=1338.361450ms
[2015.07.30-20.55.04:314][727]LogSavePackage: Moving '../../../../../../Users/Samantha/Desktop/God-Killer/Saved/right_turn_90D6BC960D4E45A14F0B75358257ACC87B.tmp' to '../../../../../../Users/Samantha/Desktop/God-Killer/Content/Key/Skeleton/NewModel/animation/right_turn_90.uasset'
[2015.07.30-20.55.05:667][727]LogSavePackage: Save=1236.121704ms
[2015.07.30-20.55.05:668][727]LogSavePackage: Moving '../../../../../../Users/Samantha/Desktop/God-Killer/Saved/right_turn_90_AnimC189E30241330C2D0C46189BE61F8912.tmp' to '../../../../../../Users/Samantha/Desktop/God-Killer/Content/Key/Skeleton/NewModel/animation/right_turn_90_Anim.uasset'
[2015.07.30-20.55.05:775][727]LogSavePackage: Save=79.635574ms
[2015.07.30-20.55.05:775][727]LogSavePackage: Moving '../../../../../../Users/Samantha/Desktop/God-Killer/Saved/right_turn_90_PhysicsAsset1D817AAB4ACF3B1B15643CA84F4F1998.tmp' to '../../../../../../Users/Samantha/Desktop/God-Killer/Content/Key/Skeleton/NewModel/animation/right_turn_90_PhysicsAsset.uasset'
[2015.07.30-20.55.05:819][727]LogSavePackage: Save=12.808201ms
[2015.07.30-20.55.05:820][727]LogSavePackage: Moving '../../../../../../Users/Samantha/Desktop/God-Killer/Saved/right_turn_90_Skeleton03B1734749ABA227BA7432A21E0A888E.tmp' to '../../../../../../Users/Samantha/Desktop/God-Killer/Content/Key/Skeleton/NewModel/animation/right_turn_90_Skeleton.uasset'
[2015.07.30-20.55.05:925][727]Cmd: OBJ SAVEPACKAGE PACKAGE="/Game/Key/Skeleton/NewModel/animation/walking" FILE="../../../../../../Users/Samantha/Desktop/God-Killer/Content/Key/Skeleton/NewModel/animation/walking.uasset" SILENT=true
[2015.07.30-20.55.07:349][727]LogSavePackage: Save=1417.396484ms
[2015.07.30-20.55.07:349][727]LogSavePackage: Moving '../../../../../../Users/Samantha/Desktop/God-Killer/Saved/walking367F369945B823A15F1EB58510845E3F.tmp' to '../../../../../../Users/Samantha/Desktop/God-Killer/Content/Key/Skeleton/NewModel/animation/walking.uasset'
[2015.07.30-20.55.07:445][727]LogSavePackage: Save=33.573444ms
[2015.07.30-20.55.07:445][727]LogSavePackage: Moving '../../../../../../Users/Samantha/Desktop/God-Killer/Saved/walking_Anim38C825AC4450BCA98230B08FAA44F68D.tmp' to '../../../../../../Users/Samantha/Desktop/God-Killer/Content/Key/Skeleton/NewModel/animation/walking_Anim.uasset'
[2015.07.30-20.55.07:512][727]LogSavePackage: Save=34.600708ms
[2015.07.30-20.55.07:512][727]LogSavePackage: Moving '../../../../../../Users/Samantha/Desktop/God-Killer/Saved/walking_PhysicsAsset64141BB14F79FEE72502F68514C8B87A.tmp' to '../../../../../../Users/Samantha/Desktop/God-Killer/Content/Key/Skeleton/NewModel/animation/walking_PhysicsAsset.uasset'
[2015.07.30-20.55.07:556][727]LogSavePackage: Save=12.487349ms
[2015.07.30-20.55.07:556][727]LogSavePackage: Moving '../../../../../../Users/Samantha/Desktop/God-Killer/Saved/walking_Skeleton053DC6EF435A27AF7C8315B0EE7E6EA5.tmp' to '../../../../../../Users/Samantha/Desktop/God-Killer/Content/Key/Skeleton/NewModel/animation/walking_Skeleton.uasset'
[2015.07.30-20.55.07:671][727]LogActorComponent: UnregisterComponent: (/Engine/Transient.CharMoveComp) Not registered. Aborting.
[2015.07.30-20.55.28:853][727]Cmd: OBJ SAVEPACKAGE PACKAGE="/Game/Key/Key" FILE="../../../../../../Users/Samantha/Desktop/God-Killer/Content/Key/Key.uasset" SILENT=true
[2015.07.30-20.55.30:523][727]LogSavePackage: Save=1606.666626ms
[2015.07.30-20.55.30:523][727]LogSavePackage: Moving '../../../../../../Users/Samantha/Desktop/God-Killer/Saved/KeyD5FBD47B45561B66FED33F9237EB03E6.tmp' to '../../../../../../Users/Samantha/Desktop/God-Killer/Content/Key/Key.uasset'
[2015.07.30-20.55.30:584][727]LogContentBrowser:Verbose: The content browser source was changed by the sources view to 'None'
[2015.07.30-20.55.30:585][727]LogContentBrowser:Verbose: The content browser source was changed by the sources view to '/Game/Key/Skeleton'
[2015.07.30-20.55.44:333][803]LogActorComponent: UnregisterComponent: (/Engine/Transient.CharMoveComp) Not registered. Aborting.
[2015.07.30-20.55.45:165][803]Cmd: OBJ SAVEPACKAGE PACKAGE="/Game/Scene/NewCave" FILE="../../../../../../Users/Samantha/Desktop/God-Killer/Content/Scene/NewCave.umap" SILENT=true AUTOSAVING=false KEEPDIRTY=false
[2015.07.30-20.55.50:601][803]LogSavePackage: Save=5225.781250ms
[2015.07.30-20.55.50:601][803]LogSavePackage: Moving '../../../../../../Users/Samantha/Desktop/God-Killer/Saved/NewCave3AD2C5DE42BE2EA005082A8AEB89C644.tmp' to '../../../../../../Users/Samantha/Desktop/God-Killer/Content/Scene/NewCave.umap'
[2015.07.30-20.55.50:868][803]LogFileHelpers: Saving map 'NewCave' took 6.255
[2015.07.30-20.56.39:937][114]LogContentBrowser:Verbose: The content browser source was changed by the sources view to '/Game/Key/Skeleton/NewModel/animation'
[2015.07.30-20.57.04:164][240]LogSkeletalMesh: InitArticulated: Bodies already created (/Engine/Transient.DebugSkelMeshComponent_0) - call TermArticulated first.
[2015.07.30-20.57.04:271][240]LogLinker:Warning: Asset '../../../Engine/Content/Tutorial/SubEditors/PersonaAnimEditorTutorial.uasset' has been saved with empty engine version. The asset will be loaded but may be incompatible.
[2015.07.30-20.57.33:588][765]LogContentBrowser:Verbose: The majority of assets in the view are of type: AnimSequence
[2015.07.30-20.58.55:138][652]LogSkeletalMesh: InitArticulated: Bodies already created (/Engine/Transient.DebugSkelMeshComponent_3) - call TermArticulated first.
[2015.07.30-20.59.23:604][ 92]LogContentBrowser: Native class hierarchy updated for 'PhAT' in 0.0110 seconds. Added 1 classes and 2 folders.
[2015.07.30-20.59.23:642][ 92]LogLinker:Warning: Can't find file '/Game/Models/Skeleton/NewModel/animation/walking'
[2015.07.30-20.59.23:662][ 92]LogLinker:Warning: Can't find file '/Game/Models/Skeleton/NewModel/animation/walking'
[2015.07.30-20.59.23:665][ 92]LogUObjectGlobals:Warning: Failed to find object 'SkeletalMesh /Game/Models/Skeleton/NewModel/animation/walking.walking'
[2015.07.30-20.59.26:163][ 92]LogSkeletalMesh: UPhysicsAssetInstance::InitInstance : Could not find root physics body: PhATEdSkeletalMeshComponent_0
[2015.07.30-20.59.29:231][ 93]LogRenderer:Warning: Reallocating scene render targets to support 1216x712 (Frame:8561).
[2015.07.30-21.00.01:622][338]LogSkeletalMesh: InitArticulated: Bodies already created (/Engine/Transient.DebugSkelMeshComponent_5) - call TermArticulated first.
[2015.07.30-21.00.11:791][451]LogContentBrowser:Verbose: The majority of assets in the view are of type: AnimSequence
[2015.07.30-21.00.21:103][605]LogContentBrowser:Verbose: The majority of assets in the view are of type: None
[2015.07.30-21.00.24:304][658]LogContentBrowser:Verbose: The majority of assets in the view are of type: AnimSequence
[2015.07.30-21.00.33:334][794]LogContentBrowser:Verbose: The majority of assets in the view are of type: None
[2015.07.30-21.04.23:430][483]LogFactory: FactoryCreateBinary: StaticMesh with FbxFactory (0 0 D:/SammyAnimations/Sk.FBX)
[2015.07.30-21.04.23:789][483]LogFbx: ItemName: GlobalSettings, ItemCount : 1
[2015.07.30-21.04.23:789][483]LogFbx: ItemName: NodeAttribute, ItemCount : 65
[2015.07.30-21.04.23:789][483]LogFbx: ItemName: Model, ItemCount : 66
[2015.07.30-21.04.23:789][483]LogFbx: ItemName: Material, ItemCount : 3
[2015.07.30-21.04.23:790][483]LogFbx: ItemName: Texture, ItemCount : 9
[2015.07.30-21.04.23:790][483]LogFbx: ItemName: Video, ItemCount : 9
[2015.07.30-21.04.23:790][483]LogFbx: ItemName: AnimationStack, ItemCount : 2
[2015.07.30-21.04.23:790][483]LogFbx: ItemName: AnimationLayer, ItemCount : 2
[2015.07.30-21.04.23:790][483]LogFbx: ItemName: Geometry, ItemCount : 1
[2015.07.30-21.04.23:790][483]LogFbx: ItemName: CollectionExclusive, ItemCount : 9
[2015.07.30-21.04.23:790][483]LogFbx: ItemName: AnimationCurve, ItemCount : 357
[2015.07.30-21.04.23:790][483]LogFbx: ItemName: AnimationCurveNode, ItemCount : 68
[2015.07.30-21.04.23:790][483]LogFbx: ItemName: Pose, ItemCount : 1
[2015.07.30-21.04.23:790][483]LogFbx: ItemName: Deformer, ItemCount : 53
[2015.07.30-21.05.02:704][492]LogContentBrowser:Verbose: The content browser source was changed by the sources view to '/Game/Key/Skeleton/NewModel'
[2015.07.30-21.05.12:646][541]LogContentBrowser:Verbose: The content browser source was changed by the sources view to '/Game/Key/Skeleton/NewModel/Anim'
[2015.07.30-21.06.00:130][632]LogFactory: FactoryCreateBinary: StaticMesh with FbxFactory (0 0 D:/SammyAnimations/Sk.FBX)
[2015.07.30-21.06.00:144][632]LogFbx: ItemName: GlobalSettings, Ite