[2016.05.12-04.09.58:189][  0]Log file open, 05/11/16 21:09:58
[2016.05.12-04.09.58:189][  0]LogInit:Display: Running engine for game: GodKiller
[2016.05.12-04.09.58:189][  0]LogInit:Display: RandInit(-733153434) SRandInit(-733153434).
[2016.05.12-04.09.58:189][  0]LogTaskGraph: Started task graph with 4 named threads and 7 total threads.
[2016.05.12-04.09.58:189][  0]LogStats: Stats thread started
[2016.05.12-04.09.58:189][  0]LogInit: Version: 4.8.3-2634408+++depot+UE4-Releases+4.8
[2016.05.12-04.09.58:189][  0]LogInit: API Version: 2579680
[2016.05.12-04.09.58:189][  0]LogInit: Compiled (64-bit): Jul 27 2015 16:24:33
[2016.05.12-04.09.58:189][  0]LogInit: Compiled with Visual C++: 18.00.21005.01
[2016.05.12-04.09.58:189][  0]LogInit: Build Configuration: Development
[2016.05.12-04.09.58:189][  0]LogInit: Branch Name: ++depot+UE4-Releases+4.8
[2016.05.12-04.09.58:189][  0]LogInit: Command line:  
[2016.05.12-04.09.58:189][  0]LogInit: Base directory: C:/Program Files/Epic Games/4.8/Engine/Binaries/Win64/
[2016.05.12-04.09.58:189][  0]LogInit: Rocket: 1
[2016.05.12-04.09.58:215][  0]LogInit: Using libcurl 7.41.0
[2016.05.12-04.09.58:215][  0]LogInit:  - built for x86_64-pc-win32
[2016.05.12-04.09.58:215][  0]LogInit:  - supports SSL with WinSSL
[2016.05.12-04.09.58:215][  0]LogInit:  - other features:
[2016.05.12-04.09.58:215][  0]LogInit:      CURL_VERSION_SSL
[2016.05.12-04.09.58:216][  0]LogInit:      CURL_VERSION_IPV6
[2016.05.12-04.09.58:216][  0]LogInit:      CURL_VERSION_ASYNCHDNS
[2016.05.12-04.09.58:216][  0]LogInit:      CURL_VERSION_LARGEFILE
[2016.05.12-04.09.58:216][  0]LogInit:      CURL_VERSION_IDN
[2016.05.12-04.09.58:216][  0]LogInit:  CurlRequestOptions (configurable via config and command line):
[2016.05.12-04.09.58:216][  0]LogInit:  - bVerifyPeer = true  - Libcurl will verify peer certificate
[2016.05.12-04.09.58:216][  0]LogInit:  - bUseHttpProxy = false  - Libcurl will NOT use HTTP proxy
[2016.05.12-04.09.58:216][  0]LogInit:  - bDontReuseConnections = false  - Libcurl will reuse connections
[2016.05.12-04.09.58:216][  0]LogInit:  - CertBundlePath = nullptr  - Libcurl will use whatever was configured at build time.
[2016.05.12-04.09.58:231][  0]LogOnline:Warning: No default platform service specified for OnlineSubsystem
[2016.05.12-04.09.58:252][  0]LogInit: Presizing for 0 objects not considered by GC, pre-allocating 0 bytes.
[2016.05.12-04.09.58:257][  0]LogInit: Object subsystem initialized
[2016.05.12-04.09.58:259][  0]LogConsoleResponse:Warning: Skipping Unknown console variable: 'TranslucentSortAxis = (X=0.000000,Y=-1.000000,Z=0.000000)'
[2016.05.12-04.09.58:259][  0]LogConsoleResponse:Warning:   Found in ini file 'C:/Users/tehno/Documents/God-Killer/Saved/Config/Windows/Engine.ini', in section '[/Script/Engine.RendererSettings]'
[2016.05.12-04.09.58:259][  0]LogConsoleResponse:Warning: Skipping Unknown console variable: 'UIScaleRule = ShortestSide'
[2016.05.12-04.09.58:259][  0]LogConsoleResponse:Warning:   Found in ini file 'C:/Users/tehno/Documents/God-Killer/Saved/Config/Windows/Engine.ini', in section '[/Script/Engine.RendererSettings]'
[2016.05.12-04.09.58:259][  0]LogConsoleResponse:Warning: Skipping Unknown console variable: 'UIScaleCurve = (EditorCurveData=(Keys=),ExternalCurve=None)'
[2016.05.12-04.09.58:259][  0]LogConsoleResponse:Warning:   Found in ini file 'C:/Users/tehno/Documents/God-Killer/Saved/Config/Windows/Engine.ini', in section '[/Script/Engine.RendererSettings]'
[2016.05.12-04.09.58:259][  0]LogInit: Selected Device Profile: [Windows]
[2016.05.12-04.09.58:259][  0]LogInit: Applying CVar settings loaded from the selected device profile: [Windows]
[2016.05.12-04.09.58:266][  0]LogInit: Computer: DESKTOP-1J5BF64
[2016.05.12-04.09.58:266][  0]LogInit: User: tehno
[2016.05.12-04.09.58:266][  0]LogInit: CPU Page size=4096, Cores=4
[2016.05.12-04.09.58:266][  0]LogInit: High frequency timer resolution =2.533209 MHz
[2016.05.12-04.09.58:266][  0]LogMemory: Memory total: Physical=7.9GB (8GB approx)
[2016.05.12-04.09.58:266][  0]LogMemory: Platform Memory Stats for Windows
[2016.05.12-04.09.58:266][  0]LogMemory: Process Physical Memory: 53.15 MB used, 53.15 MB peak
[2016.05.12-04.09.58:266][  0]LogMemory: Process Virtual Memory: 24.68 MB used, 24.68 MB peak
[2016.05.12-04.09.58:266][  0]LogMemory: Physical Memory: 5792.83 MB used, 8081.01 MB total
[2016.05.12-04.09.58:266][  0]LogMemory: Virtual Memory: 315.97 MB used, 134217728.00 MB total
[2016.05.12-04.09.58:311][  0]LogTextLocalizationManager: The requested culture ('en_US') has no localization data; parent culture's ('en') localization data will be used.
[2016.05.12-04.09.58:500][  0]LogTextLocalizationManager:Warning: Loaded localization resources contain conflicting entries for (Namespace:ContentBrowser, Key:ImportAssetToolTip):
Localization Resource: (C:/Program Files/Epic Games/4.8/Engine/Content/Localization/Editor/en/Editor.locres) Source String Hash: (-630476809) Localized String: (Import to {0}...)
Localization Resource: (C:/Program Files/Epic Games/4.8/Engine/Content/Localization/Editor/en/Editor.locres) Source String Hash: (1271782899) Localized String: (Imports an asset from file to this folder.)
[2016.05.12-04.09.59:017][  0]LogD3D11RHI: Found D3D11 adapter 0: NVIDIA GeForce GTX 960M     (Feature Level 11_0)
[2016.05.12-04.09.59:017][  0]LogD3D11RHI: Adapter has 1995MB of dedicated video memory, 0MB of dedicated system memory, and 4040MB of shared system memory, 1 output[s]
[2016.05.12-04.09.59:023][  0]LogD3D11RHI: Found D3D11 adapter 1: Intel(R) HD Graphics 4600 (Feature Level 11_0)
[2016.05.12-04.09.59:023][  0]LogD3D11RHI: Adapter has 112MB of dedicated video memory, 0MB of dedicated system memory, and 4040MB of shared system memory, 0 output[s]
[2016.05.12-04.09.59:025][  0]LogD3D11RHI: Found D3D11 adapter 2: Microsoft Basic Render Driver (Feature Level 11_0)
[2016.05.12-04.09.59:025][  0]LogD3D11RHI: Adapter has 0MB of dedicated video memory, 0MB of dedicated system memory, and 4040MB of shared system memory, 0 output[s]
[2016.05.12-04.09.59:025][  0]LogD3D11RHI: Chosen D3D11 Adapter Id = 0
[2016.05.12-04.09.59:031][  0]LogD3D11RHI: InitD3DDevice
[2016.05.12-04.09.59:031][  0]LogD3D11RHI: !Direct3DDevice
[2016.05.12-04.09.59:031][  0]LogRHI: Texture pool is 1361 MB (70% of 1945 MB)
[2016.05.12-04.09.59:046][  0]LogD3D11RHI: Async texture creation enabled
[2016.05.12-04.09.59:058][  0]LogShaderCompilers:Display: Using Local Shader Compiler.
[2016.05.12-04.10.00:522][  0]LogTemp:Display: Loaded TP DesktopTargetPlatform
[2016.05.12-04.10.00:542][  0]LogTemp:Display: Loaded TP WindowsClientTargetPlatform
[2016.05.12-04.10.00:561][  0]LogTemp:Display: Loaded TP WindowsNoEditorTargetPlatform
[2016.05.12-04.10.00:580][  0]LogTemp:Display: Loaded TP WindowsServerTargetPlatform
[2016.05.12-04.10.00:599][  0]LogTemp:Display: Loaded TP WindowsTargetPlatform
[2016.05.12-04.10.00:616][  0]LogTemp:Display: Loaded TP AndroidTargetPlatform
[2016.05.12-04.10.00:633][  0]LogTemp:Display: Loaded TP Android_ASTCTargetPlatform
[2016.05.12-04.10.00:650][  0]LogTemp:Display: Loaded TP Android_ATCTargetPlatform
[2016.05.12-04.10.00:667][  0]LogTemp:Display: Loaded TP Android_DXTTargetPlatform
[2016.05.12-04.10.00:684][  0]LogTemp:Display: Loaded TP Android_ETC1TargetPlatform
[2016.05.12-04.10.00:701][  0]LogTemp:Display: Loaded TP Android_ETC2TargetPlatform
[2016.05.12-04.10.00:719][  0]LogTemp:Display: Loaded TP Android_PVRTCTargetPlatform
[2016.05.12-04.10.00:782][  0]LogTemp:Display: Loaded TP IOSTargetPlatform
[2016.05.12-04.10.00:799][  0]LogTemp:Display: Loaded TP LinuxNoEditorTargetPlatform
[2016.05.12-04.10.00:816][  0]LogTemp:Display: Loaded TP LinuxServerTargetPlatform
[2016.05.12-04.10.00:834][  0]LogTemp:Display: Loaded TP LinuxTargetPlatform
[2016.05.12-04.10.00:834][  0]LogTargetPlatformManager:Display: Building Assets For Windows
[2016.05.12-04.10.01:121][  0]LogDerivedDataCache:Display: Max Cache Size: 512 MB
[2016.05.12-04.10.01:621][  0]LogDerivedDataCache: Loaded boot cache 0.50s 53MB C:/Users/tehno/AppData/Local/UnrealEngine/4.8/DerivedDataCache/Boot.ddc.
[2016.05.12-04.10.01:621][  0]LogDerivedDataCache:Display: Loaded Boot cache: C:/Users/tehno/AppData/Local/UnrealEngine/4.8/DerivedDataCache/Boot.ddc
[2016.05.12-04.10.01:621][  0]LogDerivedDataCache: FDerivedDataBackendGraph:  Pak pak cache file ../../../../../../Users/tehno/Documents/God-Killer/DerivedDataCache/DDC.ddp not found, will not use a pak cache.
[2016.05.12-04.10.01:621][  0]LogDerivedDataCache: Unable to find inner node Pak for hierarchical cache Hierarchy.
[2016.05.12-04.10.01:622][  0]LogDerivedDataCache: FDerivedDataBackendGraph:  CompressedPak pak cache file ../../../../../../Users/tehno/Documents/God-Killer/DerivedDataCache/Compressed.ddp not found, will not use a pak cache.
[2016.05.12-04.10.01:622][  0]LogDerivedDataCache: Unable to find inner node CompressedPak for hierarchical cache Hierarchy.
[2016.05.12-04.10.01:813][  0]LogDerivedDataCache:Display: Pak cache opened for reading ../../../Engine/DerivedDataCache/Compressed.ddp.
[2016.05.12-04.10.01:827][  0]LogDerivedDataCache: Using Local data cache path C:/Users/tehno/AppData/Local/UnrealEngine/Common/DerivedDataCache: Writable
[2016.05.12-04.10.05:350][  0]LogInit: Selected Device Profile: [Windows]
[2016.05.12-04.10.05:432][  0]ImportText (ComponentSweepMultiTests): Missing closing parenthesis: (RootShapeAsset="/Engine/BasicShapes/Cube.Cube",ShapeType="TriggerCapsule",HitResult=(Time=0.50,Location=(X=-100.000015,Y=0.0,Z=100.000015),ImpactPoint=(X=-50.0,Y=0.0,Z=50.0),Normal=(X=-1.0,Y=-0.0,Z=0.0),ImpactNormal=(X=0.0,Y=0.0,Z=1.0),TraceStart=(X=-200.0,Y=0.0,Z=200.0),TraceEnd=(X=0.0,Y=0.0,Z=0.0))
[2016.05.12-04.10.05:432][  0]ImportText (LineTraceSingleByChannelTests): Missing closing parenthesis: (RootShapeAsset="/Engine/BasicShapes/Cube.Cube",HitResult=(Time=0.50,Location=(X=-100.000015,Y=0.0,Z=100.000015),ImpactPoint=(X=-50.0,Y=0.0,Z=50.0),Normal=(X=-1.0,Y=-0.0,Z=0.0),ImpactNormal=(X=0.0,Y=0.0,Z=1.0),TraceStart=(X=-200.0,Y=0.0,Z=200.0),TraceEnd=(X=0.0,Y=0.0,Z=0.0))
[2016.05.12-04.10.05:510][  0]LogMeshUtilities: No automatic mesh reduction module available
[2016.05.12-04.10.05:510][  0]LogMeshUtilities: No automatic mesh merging module available
[2016.05.12-04.10.05:968][  0]LogInit: WinSock: version 1.1 (2.2), MaxSocks=32767, MaxUdp=65467
[2016.05.12-04.10.15:631][  0]UdpMessaging: Initializing bridge on interface 0.0.0.0:0 to multicast group 230.0.0.1:6666.
[2016.05.12-04.10.16:502][  0]SourceControl: Info Source control is disabled
[2016.05.12-04.10.16:871][  0]SourceControl: Info Source control is disabled
[2016.05.12-04.10.16:904][  0]SourceControl: Info Source control is disabled
[2016.05.12-04.10.16:954][  0]SourceControl: Info Source control is disabled
[2016.05.12-04.10.17:635][  0]LogObj: 26273 objects as part of root set at end of initial load.
[2016.05.12-04.10.17:635][  0]LogUObjectAllocator: 5409248 out of 0 bytes used by permanent object pool.
[2016.05.12-04.10.17:821][  0]LogEngine: Initializing Engine...
[2016.05.12-04.10.17:823][  0]LogHMD: Can't find Oculus library dev build: is proper Runtime installed? Version: 0.6.0.0
[2016.05.12-04.10.17:860][  0]LogHMD:Warning: SteamVR failed to initialize.  Error: 110
[2016.05.12-04.10.18:105][  0]LogAIModule: Creating AISystem for world NewWorld
[2016.05.12-04.10.18:133][  0]LogInit: XAudio2 using 'Speakers (Realtek High Definition Audio)' : 2 channels at 48 kHz using 32 bits per sample (channel mask 0x3)
[2016.05.12-04.10.18:168][  0]LogInit: FAudioDevice initialized.
[2016.05.12-04.10.18:207][  0]LogDerivedDataCache: Saved boot cache 0.04s 53MB C:/Users/tehno/AppData/Local/UnrealEngine/4.8/DerivedDataCache/Boot.ddc.
[2016.05.12-04.10.18:213][  0]LogInit: Texture streaming: Disabled
[2016.05.12-04.10.18:260][  0]LogAnalytics: Creating configured Analytics provider AnalyticsET
[2016.05.12-04.10.18:260][  0]LogAnalytics: [UEEditor.Rocket.Release] APIServer = http://et2.epicgames.com/ET2/. AppVersion = 4.8.3-2634408+++depot+UE4-Releases+4.8
[2016.05.12-04.10.18:260][  0]LogAnalytics: [UEEditor.Rocket.Release] SetUserId ff2ae08d43132c9c6560deab31976655|82a2ba43aacb4a26af7064aafe4b8476|408bd81a-a488-43d0-aafd-21e3d5a0d38c
[2016.05.12-04.10.18:260][  0]LogAnalytics: [UEEditor.Rocket.Release] AnalyticsET::StartSession
[2016.05.12-04.10.18:357][  0]LogInit: Transaction tracking system initialized
[2016.05.12-04.10.19:902][  0]BlueprintLog: New page: Editor Load
[2016.05.12-04.10.20:053][  0]LogAssetRegistry: FAssetRegistry took 0.0106 seconds to start up
[2016.05.12-04.10.20:054][  0]LogDirectoryWatcher:Warning: Failed to begin reading directory changes for ../../../Engine/Plugins/Experimental/CharacterAI/Content/. Error: 0
[2016.05.12-04.10.22:701][  0]LogConsoleManager:Warning: Console variable 'r.VSync' wasn't set ('GameSetting' has a lower priority than 'SystemSettingsIni')
[2016.05.12-04.10.22:702][  0]LogConsoleResponse:Display: 
[2016.05.12-04.10.23:107][  0]LogCook:Display: Done creating registry. It took  0.00s.
[2016.05.12-04.10.24:256][  0]SourceControl: Info Source control is disabled
[2016.05.12-04.10.24:257][  0]Cmd: MAP LOAD FILE="../../../../../../Users/tehno/Documents/God-Killer/Content/Scene/NewCave.umap" TEMPLATE=0 SHOWPROGRESS=1 FEATURELEVEL=3
[2016.05.12-04.10.24:258][  0]LightingResults: New page: Lighting Build
[2016.05.12-04.10.24:314][  0]MapCheck: New page: Map Check
[2016.05.12-04.10.24:314][  0]LightingResults: New page: Lighting Build
[2016.05.12-04.10.24:326][  0]LogParticles: Destroying 0 GPU particle simulations for FXSystem 0x0000022A8D0E9300
[2016.05.12-04.10.26:069][  0]LogBlueprint:Warning: [compiler Gui] Warning 'gnawmers' is already a 'Enemy 1', you don't need  Cast To Enemy1 .
[2016.05.12-04.10.26:077][  0]LogBlueprint:Warning: [compiler Gui] Warning [0029.42] Compile of Gui successful, but with 1 Warning(s) [in 35 ms]
[2016.05.12-04.10.26:077][  0]LogBlueprint:Warning: [compiler Gui] Warning [0029.42] Compile of Gui successful, but with 2 Warning(s) [in 0 ms]
[2016.05.12-04.10.26:077][  0]LogBlueprint:Warning: [compiler Gui] Warning [0029.42] Compile of Gui successful, but with 3 Warning(s) [in 0 ms]
[2016.05.12-04.10.26:480][  0]LogBlueprint:Warning: [compiler GnawmersHealth] Warning 'gnawmers' is already a 'Enemy 1', you don't need  Cast To Enemy1 .
[2016.05.12-04.10.26:480][  0]LogBlueprint:Warning: [compiler GnawmersHealth] Warning [0029.83] Compile of GnawmersHealth successful, but with 1 Warning(s) [in 9 ms]
[2016.05.12-04.10.26:480][  0]LogBlueprint:Warning: [compiler GnawmersHealth] Warning [0029.83] Compile of GnawmersHealth successful, but with 2 Warning(s) [in 0 ms]
[2016.05.12-04.10.26:480][  0]LogBlueprint:Warning: [compiler GnawmersHealth] Warning [0029.83] Compile of GnawmersHealth successful, but with 3 Warning(s) [in 0 ms]
[2016.05.12-04.10.28:542][  0]LogBlueprint:Warning: [compiler Gui] Warning 'gnawmers' is already a 'Enemy 1', you don't need  Cast To Enemy1 .
[2016.05.12-04.10.28:550][  0]LogBlueprint:Warning: [compiler Gui] Warning [0031.90] Compile of Gui successful, but with 1 Warning(s) [in 37 ms]
[2016.05.12-04.10.28:552][  0]LogBlueprint:Warning: [compiler Gui] Warning [0031.90] Compile of Gui successful, but with 2 Warning(s) [in 1 ms]
[2016.05.12-04.10.28:636][  0]LogBlueprint:Warning: [compiler GnawmersHealth] Warning 'gnawmers' is already a 'Enemy 1', you don't need  Cast To Enemy1 .
[2016.05.12-04.10.28:637][  0]LogBlueprint:Warning: [compiler GnawmersHealth] Warning [0031.98] Compile of GnawmersHealth successful, but with 1 Warning(s) [in 10 ms]
[2016.05.12-04.10.28:637][  0]LogBlueprint:Warning: [compiler GnawmersHealth] Warning [0031.98] Compile of GnawmersHealth successful, but with 2 Warning(s) [in 0 ms]
[2016.05.12-04.10.30:434][  0]LogBlueprint:Warning: [compiler NewCave] Warning Node  Unknown  is not referencing a valid level actor
[2016.05.12-04.10.30:441][  0]LogBlueprint:Warning: [compiler NewCave] Warning [0033.79] Compile of NewCave successful, but with 1 Warning(s) [in 145 ms]
[2016.05.12-04.10.30:441][  0]LogBlueprint:Warning: [compiler NewCave] Warning [0033.79] Compile of NewCave successful, but with 2 Warning(s) [in 0 ms]
[2016.05.12-04.10.30:441][  0]LogBlueprint:Warning: [compiler NewCave] Warning [0033.79] Compile of NewCave successful, but with 3 Warning(s) [in 0 ms]
[2016.05.12-04.10.30:628][  0]LogBlueprint:Warning: [compiler NewCave] Warning Node  Unknown  is not referencing a valid level actor
[2016.05.12-04.10.30:648][  0]LogBlueprint:Warning: [compiler NewCave] Warning [0034.00] Compile of NewCave successful, but with 1 Warning(s) [in 166 ms]
[2016.05.12-04.10.30:648][  0]LogBlueprint:Warning: [compiler NewCave] Warning [0034.00] Compile of NewCave successful, but with 2 Warning(s) [in 0 ms]
[2016.05.12-04.11.32:953][  0]LogAIModule: Creating AISystem for world NewCave
[2016.05.12-04.11.42:274][  0]LogEditorServer: Finished looking for orphan Actors (0.017 secs)
[2016.05.12-04.11.43:017][  0]Cmd: MAP CHECKDEP NOCLEARLOG
[2016.05.12-04.11.44:208][  0]MapCheck: Info Map check complete: 0 Error(s), 0 Warning(s), took 871.098ms to complete.
[2016.05.12-04.11.44:507][  0]LogFileHelpers: Loading map 'NewCave' took 80.250
[2016.05.12-04.11.49:351][  0]LogCollectionManager: Loaded 0 collections in 0.002825 seconds
[2016.05.12-04.11.49:426][  0]LogContentBrowser: Native class hierarchy populated in 0.0544 seconds. Added 1792 classes and 301 folders.
[2016.05.12-04.11.50:513][  0]LogContentBrowser: Native class hierarchy updated for 'WidgetCarousel' in 0.0005 seconds. Added 0 classes and 0 folders.
[2016.05.12-04.11.51:566][  0]LogContentBrowser: Native class hierarchy updated for 'AddContentDialog' in 0.0004 seconds. Added 0 classes and 0 folders.
[2016.05.12-04.11.53:058][  0]LogContentBrowser: Native class hierarchy updated for 'SceneOutliner' in 0.0005 seconds. Added 1 classes and 2 folders.
[2016.05.12-04.11.55:359][  0]LogCrashTracker: Crashtracker disabled due to settings.
[2016.05.12-04.11.55:613][  0]LogD3D11RHI: InitD3DDevice
[2016.05.12-04.11.56:213][  0]LogUObjectGlobals:Warning: Failed to find object 'Class None.'
[2016.05.12-04.11.56:436][  0]LogLoad: Full Startup: 119.78 seconds (BP compile: 4.05 seconds)
[2016.05.12-04.11.58:448][  0]LogContentStreaming: Texture pool size is 0.000000MB
[2016.05.12-04.11.59:011][  0]LogContentStreaming: Texture pool size now 1000 MB
[2016.05.12-04.11.59:217][  0]LogAudio:Warning: Spatialisation on stereo and multichannel sounds is not supported. SoundWave: LoopBossFightMusic Actor: LoopBossFightMusic2_2 AudioComponent: AudioComponent0
[2016.05.12-04.11.59:229][  0]LogAudio:Warning: Spatialisation on stereo and multichannel sounds is not supported. SoundWave: animal-bats-cave Actor: animal-bats-cave_6 AudioComponent: AudioComponent0
[2016.05.12-04.11.59:229][  0]LogAudio:Warning: Spatialisation on stereo and multichannel sounds is not supported. SoundWave: SCI-FI-AMB-HVY-CAVE-WIND Actor: SCI-FI-AMB-HVY-CAVE-WIND_9 AudioComponent: AudioComponent0
[2016.05.12-04.11.59:229][  0]LogAudio:Warning: Spatialisation on stereo and multichannel sounds is not supported. SoundWave: water-drip-cave-2 Actor: water-drip-cave-4_27 AudioComponent: AudioComponent0
[2016.05.12-04.12.03:227][  0]LogRenderer: Reallocating scene render targets to support 768x712 (Frame:2).
[2016.05.12-04.12.06:536][  1]Cmd: UpdateLandscapeEditorData -warnings
[2016.05.12-04.12.07:637][  1]Cmd: UpdateLandscapeEditorData
[2016.05.12-04.12.11:379][  6]LogD3D11RHI: InitD3DDevice
[2016.05.12-04.12.17:626][ 10]LogEditorViewport: Clicking on Actor (context menu): Landscape (Landscape)
[2016.05.12-04.12.23:420][ 10]LogD3D11RHI: InitD3DDevice
[2016.05.12-04.12.23:793][ 10]LogEditorViewport: Clicking on Actor (context menu): Landscape (Landscape)
[2016.05.12-04.12.23:874][ 10]LogD3D11RHI: InitD3DDevice
[2016.05.12-04.12.26:654][ 23]LogAssetRegistry: Asset discovery search completed in 126.6115 seconds
[2016.05.12-04.12.33:363][421]Cmd: SELECT NONE
[2016.05.12-04.12.45:216][436]LogEditorViewport: Clicking on Actor (LMB): StaticMeshActor (UGnormers)
[2016.05.12-04.12.47:344][453]Cmd: SELECT NONE
[2016.05.12-04.22.19:019][ 41]LogD3D11RHI: Timed out while waiting for GPU to catch up. (500 ms)
[2016.05.12-04.53.42:031][804]LogEditorViewport: Clicking on Actor (LMB): StaticMeshActor (UGnormers)
[2016.05.12-04.53.44:600][938]Cmd: DELETE
[2016.05.12-04.53.44:601][938]Cmd: ACTOR DELETE
[2016.05.12-04.53.44:976][938]LogEditorActor: Deleted Actor: StaticMeshActor
[2016.05.12-04.53.46:804][938]LogEditorActor: Deleted 1 Actors (2.199 secs)
[2016.05.12-04.53.49:557][ 86]LogD3D11RHI: InitD3DDevice
[2016.05.12-04.53.50:149][ 86]LogMaterial: Missing cached shader map for material UGNomers, compiling. 
[2016.05.12-04.53.51:656][ 86]LogMaterial: Missing cached shader map for material UGNomers, compiling. 
[2016.05.12-04.53.51:665][ 86]LogMaterial: 0.000104 seconds spent updating 1 materials, 1 interfaces, 0 instances, 0 with static permutations.
[2016.05.12-04.53.51:709][ 86]LogMaterial: Missing cached shader map for material FMatExpressionPreview MaterialExpressionTextureSample_5, compiling. 
[2016.05.12-04.53.51:718][ 86]LogMaterial: Missing cached shader map for material FMatExpressionPreview MaterialExpressionTextureSample_3, compiling. 
[2016.05.12-04.53.51:727][ 86]LogMaterial: Missing cached shader map for material FMatExpressionPreview MaterialExpressionTextureSample_4, compiling. 
[2016.05.12-04.53.51:745][ 86]LogMaterial: Missing cached shader map for material FMatExpressionPreview MaterialExpressionTextureSample_6, compiling. 
[2016.05.12-04.53.51:791][ 86]LogMaterial: Missing cached shader map for material FMatExpressionPreview MaterialExpressionTextureSample_0, compiling. 
[2016.05.12-04.53.51:796][ 86]LogMaterial: Missing cached shader map for material FMatExpressionPreview MaterialExpressionConstant3Vector_4, compiling. 
[2016.05.12-04.53.51:802][ 86]LogMaterial: Missing cached shader map for material FMatExpressionPreview MaterialExpressionConstant3Vector_6, compiling. 
[2016.05.12-04.53.55:069][142]MaterialEditorStats: Info Base pass shader with only dynamic lighting: 56 instructions
[2016.05.12-04.53.55:069][142]MaterialEditorStats: Info Vertex shader: 33 instructions
[2016.05.12-04.53.55:069][142]MaterialEditorStats: Info Texture samplers: 5/16
[2016.05.12-04.53.57:314][260]LogMaterial: Missing cached shader map for material UGNomers, compiling. 
[2016.05.12-04.53.57:323][260]LogMaterial:Warning: FMaterialUniformExpressionTexture had invalid TextureIndex! (2 / 0)
[2016.05.12-04.53.57:336][260]LogMaterial: 0.012941 seconds spent updating 1 materials, 1 interfaces, 0 instances, 0 with static permutations.
[2016.05.12-04.53.58:436][318]LogMaterialEditor: Saving and Compiling material UGNomers
[2016.05.12-04.53.59:432][318]LogMaterial: Missing cached shader map for material UGNomers, compiling. 
[2016.05.12-04.53.59:455][318]LogMaterial: 0.000162 seconds spent updating 1 materials, 1 interfaces, 0 instances, 0 with static permutations.
[2016.05.12-04.53.59:463][318]LogD3D11RHI: InitD3DDevice
[2016.05.12-04.53.59:631][318]LogMaterial: Missing cached shader map for material UGNomers, compiling. 
[2016.05.12-04.53.59:712][318]LogMaterial: Missing cached shader map for material UGNomers, compiling. 
[2016.05.12-04.53.59:767][318]LogMaterial: 0.020511 seconds spent updating 1 materials, 1 interfaces, 0 instances, 0 with static permutations.
[2016.05.12-04.53.59:873][318]LogD3D11RHI: InitD3DDevice
[2016.05.12-04.54.01:643][318]Cmd: OBJ SAVEPACKAGE PACKAGE="/Game/Enemy1/Gnomers/UGNomers" FILE="../../../../../../Users/tehno/Documents/God-Killer/Content/Enemy1/Gnomers/UGNomers.uasset" SILENT=true
[2016.05.12-04.54.01:955][318]LogSavePackage: Save=124.644669ms
[2016.05.12-04.54.01:955][318]LogSavePackage: Moving '../../../../../../Users/tehno/Documents/God-Killer/Saved/UGNomers81F44C1249ACF28EE1903290A9F5C6D9.tmp' to '../../../../../../Users/tehno/Documents/God-Killer/Content/Enemy1/Gnomers/UGNomers.uasset'
[2016.05.12-04.54.02:027][319]MaterialEditorStats: Info Base pass shader with only dynamic lighting: 62 instructions
[2016.05.12-04.54.02:027][319]MaterialEditorStats: Info Vertex shader: 31 instructions
[2016.05.12-04.54.02:027][319]MaterialEditorStats: Info Texture samplers: 3/16
[2016.05.12-04.54.12:130][864]LogParticles: Destroying 0 GPU particle simulations for FXSystem 0x0000022ABC341440
[2016.05.12-04.54.12:141][864]LogD3D11RHI: InitD3DDevice
[2016.05.12-04.54.16:873][935]LogD3D11RHI: InitD3DDevice
[2016.05.12-04.54.18:004][993]LogD3D11RHI: InitD3DDevice
[2016.05.12-04.54.18:451][993]Cmd: OBJ SAVEPACKAGE PACKAGE="/Game/Scene/NewCave" FILE="../../../../../../Users/tehno/Documents/God-Killer/Content/Scene/NewCave.umap" SILENT=true AUTOSAVING=false KEEPDIRTY=false
[2016.05.12-04.54.19:440][993]LogBlueprint:Warning: [compiler NewCave] Warning Node  Unknown  is not referencing a valid level actor
[2016.05.12-04.54.19:448][993]LogBlueprint:Warning: [compiler NewCave] Warning [2662.80] Compile of NewCave successful, but with 1 Warning(s) [in 347 ms]
[2016.05.12-04.54.19:458][993]LogBlueprint:Warning: [compiler NewCave] Warning [2662.81] Compile of NewCave successful, but with 2 Warning(s) [in 0 ms]
[2016.05.12-04.54.19:458][993]LogBlueprint:Warning: [compiler NewCave] Warning [2662.81] Compile of NewCave successful, but with 3 Warning(s) [in 0 ms]
[2016.05.12-04.54.19:733][993]LogBlueprint:Warning: [compiler NewCave] Warning [2663.08] Compile of NewCave successful, but with 4 Warning(s) [in 267 ms]
[2016.05.12-04.54.19:733][993]LogBlueprint:Warning: [compiler NewCave] Warning [2663.08] Compile of NewCave successful, but with 5 Warning(s) [in 0 ms]
[2016.05.12-04.54.19:733][993]LogBlueprint:Warning: [compiler NewCave] Warning [2663.08] Compile of NewCave successful, but with 6 Warning(s) [in 0 ms]
[2016.05.12-04.54.21:293][993]LogSavePackage: Save=2291.115234ms
[2016.05.12-04.54.21:293][993]LogSavePackage: Moving '../../../../../../Users/tehno/Documents/God-Killer/Saved/NewCave46F621094A0F38E5B41783BD75C9170D.tmp' to '../../../../../../Users/tehno/Documents/God-Killer/Content/Scene/NewCave.umap'
[2016.05.12-04.54.21:363][993]LogFileHelpers: Saving map 'NewCave' took 3.324
[2016.05.12-04.54.23:540][110]LogD3D11RHI: InitD3DDevice
[2016.05.12-04.54.24:821][110]LogD3D11RHI: InitD3DDevice
[2016.05.12-04.54.24:972][110]LogD3D11RHI: InitD3DDevice
[2016.05.12-04.54.25:024][110]LogD3D11RHI: InitD3DDevice
[2016.05.12-04.54.29:952][140]LogD3D11RHI: InitD3DDevice
[2016.05.12-04.54.30:027][140]LogFactory: FactoryCreateBinary: Texture with TextureFactory (0 0 ../../../../../../Users/tehno/Desktop/gnomers/Substance/Ugnomers/2/UGnormers_defaultMat_BaseColor.tga)
[2016.05.12-04.54.30:166][140]LogTexture:Display: Building textures: UGnormers_defaultMat_BaseColor (AutoDXT)
[2016.05.12-04.54.30:672][140]LogFactory: FactoryCreateBinary: Texture with TextureFactory (0 0 ../../../../../../Users/tehno/Desktop/gnomers/Substance/Ugnomers/2/UGnormers_defaultMat_Normal.tga)
[2016.05.12-04.54.30:685][140]LogD3D11RHI: InitD3DDevice
[2016.05.12-04.54.30:705][140]LogTexture:Display: Building textures: UGnormers_defaultMat_Normal (BC5)
[2016.05.12-04.54.30:899][140]LogFactory: FactoryCreateBinary: Texture with TextureFactory (0 0 ../../../../../../Users/tehno/Desktop/gnomers/Substance/Ugnomers/2/UGnormers_defaultMat_RoughnessMetallic.tga)
[2016.05.12-04.54.30:910][140]LogTexture:Display: Building textures: UGnormers_defaultMat_RoughnessMetallic (AutoDXT)
[2016.05.12-04.54.32:523][208]LogD3D11RHI: InitD3DDevice
[2016.05.12-04.54.32:541][208]LogMaterial: Missing cached shader map for material UGNomers, compiling. 
[2016.05.12-04.54.32:725][208]LogMaterial: Missing cached shader map for material UGNomers, compiling. 
[2016.05.12-04.54.32:730][208]LogMaterial: 0.000086 seconds spent updating 1 materials, 1 interfaces, 0 instances, 0 with static permutations.
[2016.05.12-04.54.37:280][440]LogD3D11RHI: InitD3DDevice
[2016.05.12-04.54.38:500][503]MaterialEditorStats: Info Base pass shader with only dynamic lighting: 31 instructions
[2016.05.12-04.54.38:500][503]MaterialEditorStats: Info Vertex shader: 31 instructions
[2016.05.12-04.54.38:500][503]MaterialEditorStats: Info Texture samplers: 0/16
[2016.05.12-04.54.39:054][533]LogMaterial: Missing cached shader map for material UGNomers, compiling. 
[2016.05.12-04.54.39:068][533]LogMaterial: 0.000105 seconds spent updating 1 materials, 1 interfaces, 0 instances, 0 with static permutations.
[2016.05.12-04.54.39:070][533]LogMaterial: Missing cached shader map for material FMatExpressionPreview MaterialExpressionTextureSample_0, compiling. 
[2016.05.12-04.54.39:102][533]LogMaterial: Missing cached shader map for material FMatExpressionPreview MaterialExpressionTextureSample_0, compiling. 
[2016.05.12-04.54.39:140][533]LogMaterial: Missing cached shader map for material UGNomers, compiling. 
[2016.05.12-04.54.39:156][533]LogMaterial: 0.000139 seconds spent updating 1 materials, 1 interfaces, 0 instances, 0 with static permutations.
[2016.05.12-04.54.39:159][533]LogMaterial: Missing cached shader map for material FMatExpressionPreview MaterialExpressionTextureSample_1, compiling. 
[2016.05.12-04.54.39:194][533]LogMaterial: Missing cached shader map for material FMatExpressionPreview MaterialExpressionTextureSample_0, compiling. 
[2016.05.12-04.54.39:218][533]LogMaterial: Missing cached shader map for material FMatExpressionPreview MaterialExpressionTextureSample_1, compiling. 
[2016.05.12-04.54.39:248][533]LogMaterial: Missing cached shader map for material UGNomers, compiling. 
[2016.05.12-04.54.39:268][533]LogMaterial: 0.000116 seconds spent updating 1 materials, 1 interfaces, 0 instances, 0 with static permutations.
[2016.05.12-04.54.39:270][533]LogMaterial: Missing cached shader map for material FMatExpressionPreview MaterialExpressionTextureSample_2, compiling. 
[2016.05.12-04.54.39:317][533]LogMaterial: Missing cached shader map for material FMatExpressionPreview MaterialExpressionTextureSample_0, compiling. 
[2016.05.12-04.54.39:332][533]LogMaterial: Missing cached shader map for material FMatExpressionPreview MaterialExpressionTextureSample_1, compiling. 
[2016.05.12-04.54.39:337][533]LogMaterial: Missing cached shader map for material FMatExpressionPreview MaterialExpressionTextureSample_2, compiling. 
[2016.05.12-04.54.39:362][533]LogMaterial: Missing cached shader map for material UGNomers, compiling. 
[2016.05.12-04.54.39:372][533]LogMaterial: 0.000034 seconds spent updating 1 materials, 1 interfaces, 0 instances, 0 with static permutations.
[2016.05.12-04.54.39:381][533]LogMaterial: Missing cached shader map for material FMatExpressionPreview MaterialExpressionTextureSample_3, compiling. 
[2016.05.12-04.54.39:417][533]LogMaterial: Missing cached shader map for material FMatExpressionPreview MaterialExpressionTextureSample_0, compiling. 
[2016.05.12-04.54.39:422][533]LogMaterial: Missing cached shader map for material FMatExpressionPreview MaterialExpressionTextureSample_1, compiling. 
[2016.05.12-04.54.39:428][533]LogMaterial: Missing cached shader map for material FMatExpressionPreview MaterialExpressionTextureSample_2, compiling. 
[2016.05.12-04.54.39:433][533]LogMaterial: Missing cached shader map for material FMatExpressionPreview MaterialExpressionTextureSample_3, compiling. 
[2016.05.12-04.54.41:268][618]MaterialEditorStats: Info Base pass shader with only dynamic lighting: 31 instructions
[2016.05.12-04.54.41:268][618]MaterialEditorStats: Info Vertex shader: 31 instructions
[2016.05.12-04.54.41:268][618]MaterialEditorStats: Info Texture samplers: 0/16
[2016.05.12-04.54.44:233][781]LogD3D11RHI: InitD3DDevice
[2016.05.12-04.54.46:811][842]LogD3D11RHI: InitD3DDevice
[2016.05.12-04.54.49:712][  3]LogD3D11RHI: InitD3DDevice
[2016.05.12-04.54.50:421][ 42]LogMaterial: Missing cached shader map for material UGNomers, compiling. 
[2016.05.12-04.54.50:428][ 42]LogMaterial: 0.000133 seconds spent updating 1 materials, 1 interfaces, 0 instances, 0 with static permutations.
[2016.05.12-04.54.50:454][ 42]LogMaterial: Missing cached shader map for material FMatExpressionPreview MaterialExpressionTextureSample_1, compiling. 
[2016.05.12-04.54.52:088][131]MaterialEditorStats: Info Base pass shader with only dynamic lighting: 36 instructions
[2016.05.12-04.54.52:088][131]MaterialEditorStats: Info Vertex shader: 33 instructions
[2016.05.12-04.54.52:088][131]MaterialEditorStats: Info Texture samplers: 1/16
[2016.05.12-04.54.52:958][182]LogMaterial: Missing cached shader map for material UGNomers, compiling. 
[2016.05.12-04.54.52:965][182]LogMaterial: 0.000114 seconds spent updating 1 materials, 1 interfaces, 0 instances, 0 with static permutations.
[2016.05.12-04.54.54:505][265]MaterialEditorStats: Info Base pass shader with only dynamic lighting: 31 instructions
[2016.05.12-04.54.54:505][265]MaterialEditorStats: Info Vertex shader: 31 instructions
[2016.05.12-04.54.54:505][265]MaterialEditorStats: Info Texture samplers: 0/16
[2016.05.12-04.54.55:509][317]LogD3D11RHI: InitD3DDevice
[2016.05.12-04.54.55:575][317]LogContentBrowser: Native class hierarchy updated for 'TextureEditor' in 0.0008 seconds. Added 1 classes and 2 folders.
[2016.05.12-04.54.57:027][388]LogTexture:Display: Building textures: UGnormers_defaultMat_RoughnessMetallic (AutoDXT)
[2016.05.12-04.54.58:900][485]LogD3D11RHI: InitD3DDevice
[2016.05.12-04.54.59:052][485]LogSavePackage: Save=78.029488ms
[2016.05.12-04.54.59:052][485]LogSavePackage: Moving '../../../../../../Users/tehno/Documents/God-Killer/Saved/UGnormers_defaultMat_RoughnessMetallic7E381D9A4016F223D82DA2B6A8FB818F.tmp' to '../../../../../../Users/tehno/Documents/God-Killer/Content/Enemy1/Gnomers/UGnormers_defaultMat_RoughnessMetallic.uasset'
[2016.05.12-04.55.01:601][620]LogD3D11RHI: InitD3DDevice
[2016.05.12-04.55.03:440][726]LogMaterial: Missing cached shader map for material UGNomers, compiling. 
[2016.05.12-04.55.03:444][726]LogMaterial: 0.000118 seconds spent updating 1 materials, 1 interfaces, 0 instances, 0 with static permutations.
[2016.05.12-04.55.03:445][726]LogMaterial: Missing cached shader map for material FMatExpressionPreview MaterialExpressionTextureSample_4, compiling. 
[2016.05.12-04.55.03:474][726]LogMaterial: Missing cached shader map for material FMatExpressionPreview MaterialExpressionTextureSample_0, compiling. 
[2016.05.12-04.55.03:478][726]LogMaterial: Missing cached shader map for material FMatExpressionPreview MaterialExpressionTextureSample_2, compiling. 
[2016.05.12-04.55.03:481][726]LogMaterial: Missing cached shader map for material FMatExpressionPreview MaterialExpressionTextureSample_3, compiling. 
[2016.05.12-04.55.03:484][726]LogMaterial: Missing cached shader map for material FMatExpressionPreview MaterialExpressionTextureSample_4, compiling. 
[2016.05.12-04.55.05:023][805]MaterialEditorStats: Info Base pass shader with only dynamic lighting: 31 instructions
[2016.05.12-04.55.05:023][805]MaterialEditorStats: Info Vertex shader: 31 instructions
[2016.05.12-04.55.05:023][805]MaterialEditorStats: Info Texture samplers: 0/16
[2016.05.12-04.55.05:201][814]LogD3D11RHI: InitD3DDevice
[2016.05.12-04.55.06:620][896]LogD3D11RHI: InitD3DDevice
[2016.05.12-04.55.07:392][937]LogD3D11RHI: InitD3DDevice
[2016.05.12-04.55.08:121][976]LogMaterial: Missing cached shader map for material UGNomers, compiling. 
[2016.05.12-04.55.08:127][976]LogMaterial: 0.000103 seconds spent updating 1 materials, 1 interfaces, 0 instances, 0 with static permutations.
[2016.05.12-04.55.08:161][976]LogMaterial: Missing cached shader map for material FMatExpressionPreview MaterialExpressionTextureSample_4, compiling. 
[2016.05.12-04.55.09:739][ 61]MaterialEditorStats: Info Base pass shader with only dynamic lighting: 36 instructions
[2016.05.12-04.55.09:739][ 61]MaterialEditorStats: Info Vertex shader: 33 instructions
[2016.05.12-04.55.09:740][ 61]MaterialEditorStats: Info Texture samplers: 1/16
[2016.05.12-04.55.09:891][ 69]LogD3D11RHI: InitD3DDevice
[2016.05.12-04.55.10:786][120]LogMaterial: Missing cached shader map for material UGNomers, compiling. 
[2016.05.12-04.55.10:792][120]LogMaterial: 0.000148 seconds spent updating 1 materials, 1 interfaces, 0 instances, 0 with static permutations.
[2016.05.12-04.55.10:845][120]LogMaterial: Missing cached shader map for material FMatExpressionPreview MaterialExpressionTextureSample_2, compiling. 
[2016.05.12-04.55.12:546][212]MaterialEditorStats: Info Base pass shader with only dynamic lighting: 51 instructions
[2016.05.12-04.55.12:546][212]MaterialEditorStats: Info Vertex shader: 33 instructions
[2016.05.12-04.55.12:546][212]MaterialEditorStats: Info Texture samplers: 2/16
[2016.05.12-04.55.16:471][444]LogD3D11RHI: InitD3DDevice
[2016.05.12-04.55.17:169][485]LogMaterial: Missing cached shader map for material UGNomers, compiling. 
[2016.05.12-04.55.17:175][485]LogMaterial: 0.000134 seconds spent updating 1 materials, 1 interfaces, 0 instances, 0 with static permutations.
[2016.05.12-04.55.17:233][485]LogMaterial: Missing cached shader map for material FMatExpressionPreview MaterialExpressionTextureSample_3, compiling. 
[2016.05.12-04.55.18:323][541]LogD3D11RHI: InitD3DDevice
[2016.05.12-04.55.19:047][582]LogMaterial: Missing cached shader map for material UGNomers, compiling. 
[2016.05.12-04.55.19:054][582]LogMaterial: 0.000085 seconds spent updating 1 materials, 1 interfaces, 0 instances, 0 with static permutations.
[2016.05.12-04.55.19:083][582]LogMaterial: Missing cached shader map for material FMatExpressionPreview MaterialExpressionTextureSample_0, compiling. 
[2016.05.12-04.55.21:056][684]MaterialEditorStats: Info Base pass shader with only dynamic lighting: 52 instructions
[2016.05.12-04.55.21:056][684]MaterialEditorStats: Info Vertex shader: 33 instructions
[2016.05.12-04.55.21:056][684]MaterialEditorStats: Info Texture samplers: 4/16
[2016.05.12-04.55.30:231][366]LogMaterialEditor: Saving and Compiling material UGNomers
[2016.05.12-04.55.30:661][366]LogMaterial: Missing cached shader map for material UGNomers, compiling. 
[2016.05.12-04.55.30:681][366]LogMaterial: 0.000206 seconds spent updating 1 materials, 1 interfaces, 0 instances, 0 with static permutations.
[2016.05.12-04.55.30:688][366]LogD3D11RHI: InitD3DDevice
[2016.05.12-04.55.30:781][366]LogMaterial: Missing cached shader map for material UGNomers, compiling. 
[2016.05.12-04.55.30:807][366]LogMaterial: Missing cached shader map for material UGNomers, compiling. 
[2016.05.12-04.55.30:854][366]LogMaterial: 0.028087 seconds spent updating 1 materials, 1 interfaces, 0 instances, 0 with static permutations.
[2016.05.12-04.55.30:959][366]LogD3D11RHI: InitD3DDevice
[2016.05.12-04.55.33:205][366]Cmd: OBJ SAVEPACKAGE PACKAGE="/Game/Enemy1/Gnomers/UGNomers" FILE="../../../../../../Users/tehno/Documents/God-Killer/Content/Enemy1/Gnomers/UGNomers.uasset" SILENT=true
[2016.05.12-04.55.33:229][366]LogSavePackage: Save=14.000424ms
[2016.05.12-04.55.33:229][366]LogSavePackage: Moving '../../../../../../Users/tehno/Documents/God-Killer/Saved/UGNomers3AAF8B234B25A48EA5D4CDABB64BC519.tmp' to '../../../../../../Users/tehno/Documents/God-Killer/Content/Enemy1/Gnomers/UGNomers.uasset'
[2016.05.12-04.55.33:255][367]MaterialEditorStats: Info Base pass shader with only dynamic lighting: 71 instructions
[2016.05.12-04.55.33:255][367]MaterialEditorStats: Info Vertex shader: 33 instructions
[2016.05.12-04.55.33:255][367]MaterialEditorStats: Info Texture samplers: 7/16
[2016.05.12-04.55.35:960][552]LogD3D11RHI: InitD3DDevice
[2016.05.12-04.55.36:103][556]LogActorFactory: Actor Factory created UGnormers
[2016.05.12-04.55.38:078][612]LogActorFactory: Actor Factory created UGnormers
[2016.05.12-04.55.40:360][755]Cmd: DELETE
[2016.05.12-04.55.40:360][755]Cmd: ACTOR DELETE
[2016.05.12-04.55.40:373][755]LogEditorActor: Deleted Actor: StaticMeshActor
[2016.05.12-04.55.40:489][755]LogEditorActor: Deleted 1 Actors (0.129 secs)
[2016.05.12-04.55.41:880][860]LogD3D11RHI: InitD3DDevice
[2016.05.12-04.55.41:968][864]LogActorFactory: Actor Factory created UGnormers
[2016.05.12-04.55.42:817][888]LogActorFactory: Actor Factory created UGnormers
[2016.05.12-04.55.43:881][954]Cmd: DELETE
[2016.05.12-04.55.43:881][954]Cmd: ACTOR DELETE
[2016.05.12-04.55.43:891][954]LogEditorActor: Deleted Actor: StaticMeshActor
[2016.05.12-04.55.43:939][954]LogEditorActor: Deleted 1 Actors (0.057 secs)
[2016.05.12-04.55.48:174][ 82]LogD3D11RHI: InitD3DDevice
[2016.05.12-04.55.48:276][ 85]LogActorFactory: Actor Factory created UGnormers
[2016.05.12-04.55.49:044][105]LogActorFactory: Actor Factory created UGnormers
[2016.05.12-04.55.53:926][231]Cmd: SELECT NONE
[2016.05.12-04.56.04:147][579]LogD3D11RHI: InitD3DDevice
[2016.05.12-04.56.04:488][579]LogD3D11RHI: InitD3DDevice
[2016.05.12-04.56.04:757][579]LogRenderer: Reallocating scene render targets to support 1040x712 (Frame:8292).
[2016.05.12-04.56.07:043][670]LogD3D11RHI: InitD3DDevice
[2016.05.12-04.56.07:683][712]LogRenderer: Reallocating scene render targets to support 1144x712 (Frame:8320).
[2016.05.12-04.56.43:175][397]LogD3D11RHI: InitD3DDevice
[2016.05.12-04.56.43:249][397]Cmd: OBJ SAVEPACKAGE PACKAGE="/Game/Enemy1/Gnomers/UGnormers" FILE="../../../../../../Users/tehno/Documents/God-Killer/Content/Enemy1/Gnomers/UGnormers.uasset" SILENT=true
[2016.05.12-04.56.43:352][397]LogSavePackage: Save=24.420408ms
[2016.05.12-04.56.43:352][397]LogSavePackage: Moving '../../../../../../Users/tehno/Documents/God-Killer/Saved/UGnormersF5BD11CC4D47081C1FA6DBA004897ABF.tmp' to '../../../../../../Users/tehno/Documents/God-Killer/Content/Enemy1/Gnomers/UGnormers.uasset'
[2016.05.12-04.56.45:990][589]LogMaterialEditor: Saving and Compiling material UGNomers
[2016.05.12-04.56.45:995][589]LogD3D11RHI: InitD3DDevice
[2016.05.12-04.56.46:037][589]Cmd: OBJ SAVEPACKAGE PACKAGE="/Game/Enemy1/Gnomers/UGNomers" FILE="../../../../../../Users/tehno/Documents/God-Killer/Content/Enemy1/Gnomers/UGNomers.uasset" SILENT=true
[2016.05.12-04.56.46:072][589]LogSavePackage: Save=10.287347ms
[2016.05.12-04.56.46:072][589]LogSavePackage: Moving '../../../../../../Users/tehno/Documents/God-Killer/Saved/UGNomers70F9171B4DE71142BDE5EC8162302BED.tmp' to '../../../../../../Users/tehno/Documents/God-Killer/Content/Enemy1/Gnomers/UGNomers.uasset'
[2016.05.12-04.56.48:391][758]LogD3D11RHI: InitD3DDevice
[2016.05.12-04.56.49:461][840]LogParticles: Destroying 0 GPU particle simulations for FXSystem 0x0000022A96996E80
[2016.05.12-04.56.49:487][840]LogParticles: Destroying 0 GPU particle simulations for FXSystem 0x0000022ABC3405E0
[2016.05.12-04.56.49:488][840]LogD3D11RHI: InitD3DDevice
[2016.05.12-04.56.49:790][840]Cmd: OBJ SAVEPACKAGE PACKAGE="/Game/Scene/NewCave" FILE="../../../../../../Users/tehno/Documents/God-Killer/Content/Scene/NewCave.umap" SILENT=true AUTOSAVING=false KEEPDIRTY=false
[2016.05.12-04.56.50:002][840]LogBlueprint:Warning: [compiler NewCave] Warning Node  Unknown  is not referencing a valid level actor
[2016.05.12-04.56.50:010][840]LogBlueprint:Warning: [compiler NewCave] Warning [2813.36] Compile of NewCave successful, but with 1 Warning(s) [in 140 ms]
[2016.05.12-04.56.50:010][840]LogBlueprint:Warning: [compiler NewCave] Warning [2813.36] Compile of NewCave successful, but with 2 Warning(s) [in 0 ms]
[2016.05.12-04.56.50:010][840]LogBlueprint:Warning: [compiler NewCave] Warning [2813.36] Compile of NewCave successful, but with 3 Warning(s) [in 0 ms]
[2016.05.12-04.56.50:065][840]LogBlueprint:Warning: [compiler NewCave] Warning [2813.41] Compile of NewCave successful, but with 4 Warning(s) [in 54 ms]
[2016.05.12-04.56.50:065][840]LogBlueprint:Warning: [compiler NewCave] Warning [2813.41] Compile of NewCave successful, but with 5 Warning(s) [in 0 ms]
[2016.05.12-04.56.50:065][840]LogBlueprint:Warning: [compiler NewCave] Warning [2813.41] Compile of NewCave successful, but with 6 Warning(s) [in 0 ms]
[2016.05.12-04.56.51:314][840]LogSavePackage: Save=1477.366089ms
[2016.05.12-04.56.51:314][840]LogSavePackage: Moving '../../../../../../Users/tehno/Documents/God-Killer/Saved/NewCaveE530B9D6496BDABC59D47DA453FC054E.tmp' to '../../../../../../Users/tehno/Documents/God-Killer/Content/Scene/NewCave.umap'
[2016.05.12-04.56.51:381][840]LogFileHelpers: Saving map 'NewCave' took 1.848
[2016.05.12-04.56.51:562][840]LogSavePackage: Save=160.872238ms
[2016.05.12-04.56.51:562][840]LogSavePackage: Moving '../../../../../../Users/tehno/Documents/God-Killer/Saved/UGnormers_defaultMat_NormalD274F5344F54A56FEAD28F82B93BAA0D.tmp' to '../../../../../../Users/tehno/Documents/God-Killer/Content/Enemy1/Gnomers/UGnormers_defaultMat_Normal.uasset'
[2016.05.12-04.56.51:674][840]LogSavePackage: Save=84.587181ms
[2016.05.12-04.56.51:674][840]LogSavePackage: Moving '../../../../../../Users/tehno/Documents/God-Killer/Saved/UGnormers_defaultMat_BaseColor127681114C65994785BC428001BF4FA5.tmp' to '../../../../../../Users/tehno/Documents/God-Killer/Content/Enemy1/Gnomers/UGnormers_defaultMat_BaseColor.uasset'
[2016.05.12-04.56.53:333][957]LogWindowsTextInputMethodSystem:Display: IME system now deactivated.
[2016.05.12-04.56.53:333][957]LogWindowsTextInputMethodSystem:Display: IME system now deactivated.
[2016.05.12-04.56.53:857][958]Cmd: QUIT_EDITOR
[2016.05.12-04.56.54:592][958]LogExit: Preparing to exit.
[2016.05.12-04.56.56:536][958]LogExit: Editor shut down
[2016.05.12-04.56.56:540][958]LogExit: Transaction tracking system shut down
[2016.05.12-04.56.56:646][958]LogParticles: Destroying 0 GPU particle simulations for FXSystem 0x0000022AC9D70CC0
[2016.05.12-04.56.56:658][958]LogParticles: Destroying 0 GPU particle simulations for FXSystem 0x0000022AD92E4900
[2016.05.12-04.56.57:941][958]LogParticles: Destroying 0 GPU particle simulations for FXSystem 0x0000022B0C166DE0
[2016.05.12-04.56.57:941][958]LogParticles: Destroying 0 GPU particle simulations for FXSystem 0x0000022B0C114540
[2016.05.12-04.56.58:913][958]LogExit: Object subsystem successfully closed.
[2016.05.12-04.56.59:439][958]LogD3D11RHI: Shutdown
[2016.05.12-04.56.59:450][958]LogD3D11RHI: CleanupD3DDevice
[2016.05.12-04.56.59:633][958]LogD3D11RHI: ~FD3D11DynamicRHI
[2016.05.12-04.57.00:194][958]LogModuleManager: Shutting down and abandoning module StaticMeshEditor (191)
[2016.05.12-04.57.00:195][958]LogModuleManager: Shutting down and abandoning module TextureEditor (190)
[2016.05.12-04.57.00:206][958]LogModuleManager: Shutting down and abandoning module MaterialEditor (189)
[2016.05.12-04.57.00:206][958]LogModuleManager: Shutting down and abandoning module CrashTracker (188)
[2016.05.12-04.57.00:206][958]LogModuleManager: Shutting down and abandoning module SceneOutliner (187)
[2016.05.12-04.57.00:206][958]LogModuleManager: Shutting down and abandoning module SuperSearch (186)
[2016.05.12-04.57.00:206][958]LogModuleManager: Shutting down and abandoning module WidgetCarousel (185)
[2016.05.12-04.57.00:234][958]LogModuleManager: Shutting down and abandoning module AddContentDialog (184)
[2016.05.12-04.57.00:246][958]LogModuleManager: Shutting down and abandoning module EditorWidgets (183)
[2016.05.12-04.57.00:246][958]LogModuleManager: Shutting down and abandoning module CollectionManager (182)
[2016.05.12-04.57.00:262][958]LogModuleManager: Shutting down and abandoning module StatsViewer (181)
[2016.05.12-04.57.00:278][958]LogModuleManager: Shutting down and abandoning module FoliageEdit (180)
[2016.05.12-04.57.00:288][958]LogModuleManager: Shutting down and abandoning module LandscapeEditor (179)
[2016.05.12-04.57.00:316][958]LogModuleManager: Shutting down and abandoning module ActorPickerMode (178)
[2016.05.12-04.57.00:316][958]LogModuleManager: Shutting down and abandoning module GeometryMode (177)
[2016.05.12-04.57.00:316][958]LogModuleManager: Shutting down and abandoning module TextureAlignMode (176)
[2016.05.12-04.57.00:316][958]LogModuleManager: Shutting down and abandoning module BspMode (175)
[2016.05.12-04.57.00:316][958]LogModuleManager: Shutting down and abandoning module PlacementMode (174)
[2016.05.12-04.57.00:325][958]LogModuleManager: Shutting down and abandoning module AutomationWorker (173)
[2016.05.12-04.57.00:325][958]LogModuleManager: Shutting down and abandoning module CharacterAI (172)
[2016.05.12-04.57.00:325][958]LogModuleManager: Shutting down and abandoning module SmartSnapping (171)
[2016.05.12-04.57.00:325][958]LogModuleManager: Shutting down and abandoning module ViewportSnapping (170)
[2016.05.12-04.57.00:325][958]LogModuleManager: Shutting down and abandoning module LogVisualizer (169)
[2016.05.12-04.57.00:344][958]LogModuleManager: Shutting down and abandoning module GameProjectGeneration (168)
[2016.05.12-04.57.00:361][958]LogModuleManager: Shutting down and abandoning module IntroTutorials (167)
[2016.05.12-04.57.00:372][958]LogModuleManager: Shutting down and abandoning module EditorLiveStreaming (166)
[2016.05.12-04.57.00:372][958]LogModuleManager: Shutting down and abandoning module IOSPlatformEditor (165)
[2016.05.12-04.57.00:387][958]LogModuleManager: Shutting down and abandoning module HTML5PlatformEditor (164)
[2016.05.12-04.57.00:387][958]LogModuleManager: Shutting down and abandoning module AndroidDeviceDetection (163)
[2016.05.12-04.57.00:748][958]LogModuleManager: Shutting down and abandoning module AndroidPlatformEditor (162)
[2016.05.12-04.57.00:748][958]LogModuleManager: Shutting down and abandoning module IOSRuntimeSettings (161)
[2016.05.12-04.57.00:748][958]LogModuleManager: Shutting down and abandoning module AndroidRuntimeSettings (160)
[2016.05.12-04.57.00:748][958]LogModuleManager: Shutting down and abandoning module MergeActors (159)
[2016.05.12-04.57.00:803][958]LogModuleManager: Shutting down and abandoning module SizeMap (158)
[2016.05.12-04.57.00:803][958]LogModuleManager: Shutting down and abandoning module TreeMap (157)
[2016.05.12-04.57.00:822][958]LogModuleManager: Shutting down and abandoning module ReferenceViewer (156)
[2016.05.12-04.57.00:822][958]LogModuleManager: Shutting down and abandoning module LocalizationDashboard (155)
[2016.05.12-04.57.00:832][958]LogModuleManager: Shutting down and abandoning module HardwareTargeting (154)
[2016.05.12-04.57.00:832][958]LogModuleManager: Shutting down and abandoning module DeviceProfileEditor (153)
[2016.05.12-04.57.00:847][958]LogModuleManager: Shutting down and abandoning module UndoHistory (152)
[2016.05.12-04.57.00:858][958]LogModuleManager: Shutting down and abandoning module GameplayTagsEditor (151)
[2016.05.12-04.57.00:871][958]LogModuleManager: Shutting down and abandoning module UserFeedback (150)
[2016.05.12-04.57.00:871][958]LogModuleManager: Shutting down and abandoning module XmlParser (149)
[2016.05.12-04.57.00:879][958]LogModuleManager: Shutting down and abandoning module Blutility (148)
[2016.05.12-04.57.00:879][958]LogModuleManager: Shutting down and abandoning module ProjectTargetPlatformEditor (147)
[2016.05.12-04.57.00:879][958]LogModuleManager: Shutting down and abandoning module ProjectSettingsViewer (146)
[2016.05.12-04.57.00:879][958]LogModuleManager: Shutting down and abandoning module InputBindingEditor (145)
[2016.05.12-04.57.00:894][958]LogModuleManager: Shutting down and abandoning module EditorSettingsViewer (144)
[2016.05.12-04.57.00:894][958]LogModuleManager: Shutting down and abandoning module SettingsEditor (143)
[2016.05.12-04.57.00:920][958]LogModuleManager: Shutting down and abandoning module ProjectLauncher (142)
[2016.05.12-04.57.00:947][958]LogModuleManager: Shutting down and abandoning module SessionFrontend (141)
[2016.05.12-04.57.00:963][958]LogModuleManager: Shutting down and abandoning module ProfilerClient (140)
[2016.05.12-04.57.00:975][958]LogModuleManager: Shutting down and abandoning module TargetDeviceServices (139)
[2016.05.12-04.57.00:975][958]LogModuleManager: Shutting down and abandoning module DeviceManager (138)
[2016.05.12-04.57.00:990][958]LogModuleManager: Shutting down and abandoning module AutomationController (137)
[2016.05.12-04.57.01:001][958]LogModuleManager: Shutting down and abandoning module AutomationWindow (136)
[2016.05.12-04.57.01:010][958]LogModuleManager: Shutting down and abandoning module Layers (135)
[2016.05.12-04.57.01:027][958]LogModuleManager: Shutting down and abandoning module ComponentVisualizers (134)
[2016.05.12-04.57.01:027][958]LogModuleManager: Shutting down and abandoning module DetailCustomizations (133)
[2016.05.12-04.57.01:027][958]LogModuleManager: Shutting down and abandoning module PackagesDialog (132)
[2016.05.12-04.57.01:027][958]LogModuleManager: Shutting down and abandoning module AssetRegistry (131)
[2016.05.12-04.57.01:140][958]LogModuleManager: Shutting down and abandoning module Persona (130)
[2016.05.12-04.57.01:180][958]LogModuleManager: Shutting down and abandoning module Kismet (129)
[2016.05.12-04.57.01:201][958]LogModuleManager: Shutting down and abandoning module GraphEditor (128)
[2016.05.12-04.57.01:201][958]LogModuleManager: Shutting down and abandoning module ClassViewer (127)
[2016.05.12-04.57.01:210][958]LogModuleManager: Shutting down and abandoning module Toolbox (126)
[2016.05.12-04.57.01:210][958]LogModuleManager: Shutting down and abandoning module ModuleUI (125)
[2016.05.12-04.57.01:220][958]LogModuleManager: Shutting down and abandoning module MovieSceneTools (124)
[2016.05.12-04.57.01:229][958]LogModuleManager: Shutting down and abandoning module OutputLog (123)
[2016.05.12-04.57.01:229][958]LogModuleManager: Shutting down and abandoning module GammaUI (122)
[2016.05.12-04.57.01:244][958]LogModuleManager: Shutting down and abandoning module Documentation (121)
[2016.05.12-04.57.01:244][958]LogModuleManager: Shutting down and abandoning module GameLiveStreaming (120)
[2016.05.12-04.57.01:252][958]LogModuleManager: Shutting down and abandoning module StreamingPauseRendering (119)
[2016.05.12-04.57.01:252][958]LogModuleManager: Shutting down and abandoning module AnalyticsET (118)
[2016.05.12-04.57.01:252][958]LogModuleManager: Shutting down and abandoning module Analytics (117)
[2016.05.12-04.57.01:252][958]LogModuleManager: Shutting down and abandoning module AITestSuite (116)
[2016.05.12-04.57.01:270][958]LogModuleManager: Shutting down and abandoning module GameplayDebugger (115)
[2016.05.12-04.57.01:282][958]LogModuleManager: Shutting down and abandoning module AIModule (114)
[2016.05.12-04.57.01:292][958]LogModuleManager: Shutting down and abandoning module ProfilerService (113)
[2016.05.12-04.57.01:516][958]LogModuleManager: Shutting down and abandoning module TaskGraph (112)
[2016.05.12-04.57.01:532][958]LogModuleManager: Shutting down and abandoning module SlateRemote (111)
[2016.05.12-04.57.01:532][958]LogModuleManager: Shutting down and abandoning module SteamVRController (110)
[2016.05.12-04.57.01:532][958]LogModuleManager: Shutting down and abandoning module SteamVR (109)
[2016.05.12-04.57.01:532][958]LogModuleManager: Shutting down and abandoning module ProceduralMeshComponent (108)
[2016.05.12-04.57.01:532][958]LogModuleManager: Shutting down and abandoning module OculusRift (107)
[2016.05.12-04.57.01:532][958]LogModuleManager: Shutting down and abandoning module LeapMotionController (106)
[2016.05.12-04.57.01:588][958]LogModuleManager: Shutting down and abandoning module CustomMeshComponent (105)
[2016.05.12-04.57.01:588][958]LogModuleManager: Shutting down and abandoning module CableComponent (104)
[2016.05.12-04.57.01:608][958]LogModuleManager: Shutting down and abandoning module MessagingDebugger (103)
[2016.05.12-04.57.01:634][958]LogModuleManager: Shutting down and abandoning module MediaPlayerEditor (102)
[2016.05.12-04.57.01:642][958]LogModuleManager: Shutting down and abandoning module SpeedTreeImporter (101)
[2016.05.12-04.57.01:642][958]LogModuleManager: Shutting down and abandoning module PluginBrowser (100)
[2016.05.12-04.57.01:649][958]LogModuleManager: Shutting down and abandoning module EpicSurvey (99)
[2016.05.12-04.57.01:667][958]LogModuleManager: Shutting down and abandoning module DesktopPlatform (98)
[2016.05.12-04.57.01:680][958]LogModuleManager: Shutting down and abandoning module VisualStudioSourceCodeAccess (97)
[2016.05.12-04.57.01:688][958]LogModuleManager: Shutting down and abandoning module UObjectPlugin (96)
[2016.05.12-04.57.01:688][958]LogModuleManager: Shutting down and abandoning module SubversionSourceControl (95)
[2016.05.12-04.57.01:694][958]LogModuleManager: Shutting down and abandoning module PerforceSourceControl (94)
[2016.05.12-04.57.01:703][958]LogModuleManager: Shutting down and abandoning module SourceControl (93)
[2016.05.12-04.57.01:717][958]LogModuleManager: Shutting down and abandoning module GitSourceControl (92)
[2016.05.12-04.57.01:727][958]LogModuleManager: Shutting down and abandoning module BlankPlugin (91)
[2016.05.12-04.57.01:727][958]LogModuleManager: Shutting down and abandoning module PaperTiledImporter (90)
[2016.05.12-04.57.01:727][958]LogModuleManager: Shutting down and abandoning module PaperSpriteSheetImporter (89)
[2016.05.12-04.57.01:727][958]LogModuleManager: Shutting down and abandoning module MeshPaint (88)
[2016.05.12-04.57.01:743][958]LogModuleManager: Shutting down and abandoning module SlateReflector (87)
[2016.05.12-04.57.01:757][958]LogModuleManager: Shutting down and abandoning module DirectoryWatcher (86)
[2016.05.12-04.57.01:760][958]LogModuleManager: Shutting down and abandoning module HotReload (85)
[2016.05.12-04.57.01:760][958]LogModuleManager: Shutting down and abandoning module MainFrame (84)
[2016.05.12-04.57.01:760][958]LogModuleManager: Shutting down and abandoning module LevelEditor (83)
[2016.05.12-04.57.01:783][958]LogModuleManager: Shutting down and abandoning module ContentBrowser (82)
[2016.05.12-04.57.01:784][958]LogModuleManager: Shutting down and abandoning module Paper2DEditor (81)
[2016.05.12-04.57.01:807][958]LogModuleManager: Shutting down and abandoning module UdpMessaging (80)
[2016.05.12-04.57.01:908][958]LogModuleManager: Shutting down and abandoning module Paper2D (79)
[2016.05.12-04.57.01:927][958]LogModuleManager: Shutting down and abandoning module WindowsMoviePlayer (78)
[2016.05.12-04.57.01:952][958]LogModuleManager: Shutting down and abandoning module Media (77)
[2016.05.12-04.57.01:952][958]LogModuleManager: Shutting down and abandoning module WmfMedia (76)
[2016.05.12-04.57.01:967][958]LogModuleManager: Shutting down and abandoning module OnlineBlueprintSupport (75)
[2016.05.12-04.57.01:967][958]LogModuleManager: Shutting down and abandoning module PropertyEditor (74)
[2016.05.12-04.57.01:967][958]LogModuleManager: Shutting down and abandoning module BehaviorTreeEditor (73)
[2016.05.12-04.57.01:997][958]LogModuleManager: Shutting down and abandoning module FunctionalTesting (72)
[2016.05.12-04.57.02:014][958]LogModuleManager: Shutting down and abandoning module CollisionAnalyzer (71)
[2016.05.12-04.57.02:024][958]LogModuleManager: Shutting down and abandoning module WorkspaceMenuStructure (70)
[2016.05.12-04.57.02:024][958]LogModuleManager: Shutting down and abandoning module MessageLog (69)
[2016.05.12-04.57.02:024][958]LogModuleManager: Shutting down and abandoning module Sequencer (68)
[2016.05.12-04.57.02:044][958]LogModuleManager: Shutting down and abandoning module AssetTools (67)
[2016.05.12-04.57.02:052][958]LogModuleManager: Shutting down and abandoning module UMGEditor (66)
[2016.05.12-04.57.02:094][958]LogModuleManager: Shutting down and abandoning module UMG (65)
[2016.05.12-04.57.02:100][958]LogModuleManager: Shutting down and abandoning module Slate (64)
[2016.05.12-04.57.02:100][958]LogModuleManager: Shutting down and abandoning module EditorStyle (63)
[2016.05.12-04.57.02:122][958]LogModuleManager: Shutting down and abandoning module SessionServices (62)
[2016.05.12-04.57.02:122][958]LogModuleManager: Shutting down and abandoning module SourceCodeAccess (61)
[2016.05.12-04.57.02:122][958]LogModuleManager: Shutting down and abandoning module HeadMountedDisplay (60)
[2016.05.12-04.57.02:122][958]LogModuleManager: Shutting down and abandoning module XAudio2 (59)
[2016.05.12-04.57.02:122][958]LogModuleManager: Shutting down and abandoning module Networking (57)
[2016.05.12-04.57.02:122][958]LogModuleManager: Shutting down and abandoning module Core (56)
[2016.05.12-04.57.02:122][958]LogModuleManager: Shutting down and abandoning module KismetCompiler (55)
[2016.05.12-04.57.02:141][958]LogModuleManager: Shutting down and abandoning module PhysXFormats (54)
[2016.05.12-04.57.02:151][958]LogModuleManager: Shutting down and abandoning module MeshUtilities (53)
[2016.05.12-04.57.02:163][958]LogModuleManager: Shutting down and abandoning module DerivedDataCache (52)
[2016.05.12-04.57.02:248][958]LogDerivedDataCache: Shutdown
[2016.05.12-04.57.02:248][958]LogModuleManager: Shutting down and abandoning module ShaderFormatOpenGL (51)
[2016.05.12-04.57.02:262][958]LogModuleManager: Shutting down and abandoning module ShaderFormatD3D (50)
[2016.05.12-04.57.02:277][958]LogModuleManager: Shutting down and abandoning module MetalShaderFormat (49)
[2016.05.12-04.57.02:292][958]LogModuleManager: Shutting down and abandoning module TextureFormatUncompressed (48)
[2016.05.12-04.57.02:293][958]LogModuleManager: Shutting down and abandoning module TextureFormatPVR (47)
[2016.05.12-04.57.02:305][958]LogModuleManager: Shutting down and abandoning module TextureFormatIntelISPCTexComp (46)
[2016.05.12-04.57.02:321][958]LogModuleManager: Shutting down and abandoning module TextureFormatDXT (45)
[2016.05.12-04.57.02:321][958]LogModuleManager: Shutting down and abandoning module ImageWrapper (44)
[2016.05.12-04.57.02:321][958]LogModuleManager: Shutting down and abandoning module TextureFormatASTC (43)
[2016.05.12-04.57.02:321][958]LogModuleManager: Shutting down and abandoning module TextureFormatAndroid (42)
[2016.05.12-04.57.02:321][958]LogModuleManager: Shutting down and abandoning module AudioFormatOpus (41)
[2016.05.12-04.57.02:330][958]LogModuleManager: Shutting down and abandoning module AudioFormatOgg (40)
[2016.05.12-04.57.02:341][958]LogModuleManager: Shutting down and abandoning module AudioFormatADPCM (39)
[2016.05.12-04.57.02:341][958]LogModuleManager: Shutting down and abandoning module LinuxTargetPlatform (38)
[2016.05.12-04.57.02:341][958]LogModuleManager: Shutting down and abandoning module LinuxServerTargetPlatform (37)
[2016.05.12-04.57.02:355][958]LogModuleManager: Shutting down and abandoning module LinuxNoEditorTargetPlatform (36)
[2016.05.12-04.57.02:376][958]LogModuleManager: Shutting down and abandoning module Messaging (35)
[2016.05.12-04.57.02:376][958]LogModuleManager: Shutting down and abandoning module IOSTargetPlatform (34)
[2016.05.12-04.57.02:376][958]LogModuleManager: Shutting down and abandoning module HTML5TargetPlatform (33)
[2016.05.12-04.57.02:376][958]LogModuleManager: Shutting down and abandoning module Android_PVRTCTargetPlatform (32)
[2016.05.12-04.57.02:376][958]LogModuleManager: Shutting down and abandoning module Android_ETC2TargetPlatform (31)
[2016.05.12-04.57.02:376][958]LogModuleManager: Shutting down and abandoning module Android_ETC1TargetPlatform (30)
[2016.05.12-04.57.02:376][958]LogModuleManager: Shutting down and abandoning module Android_DXTTargetPlatform (29)
[2016.05.12-04.57.02:376][958]LogModuleManager: Shutting down and abandoning module Android_ATCTargetPlatform (28)
[2016.05.12-04.57.02:376][958]LogModuleManager: Shutting down and abandoning module Android_ASTCTargetPlatform (27)
[2016.05.12-04.57.02:376][958]LogModuleManager: Shutting down and abandoning module AndroidTargetPlatform (26)
[2016.05.12-04.57.02:376][958]LogModuleManager: Shutting down and abandoning module WindowsTargetPlatform (25)
[2016.05.12-04.57.02:376][958]LogModuleManager: Shutting down and abandoning module WindowsServerTargetPlatform (24)
[2016.05.12-04.57.02:376][958]LogModuleManager: Shutting down and abandoning module WindowsNoEditorTargetPlatform (23)
[2016.05.12-04.57.02:376][958]LogModuleManager: Shutting down and abandoning module WindowsClientTargetPlatform (22)
[2016.05.12-04.57.02:376][958]LogModuleManager: Shutting down and abandoning module DesktopTargetPlatform (21)
[2016.05.12-04.57.02:376][958]LogModuleManager: Shutting down and abandoning module TargetPlatform (20)
[2016.05.12-04.57.02:376][958]LogModuleManager: Shutting down and abandoning module InputCore (19)
[2016.05.12-04.57.02:391][958]LogModuleManager: Shutting down and abandoning module Settings (18)
[2016.05.12-04.57.02:391][958]LogModuleManager: Shutting down and abandoning module OnlineSubsystem (16)
[2016.05.12-04.57.02:391][958]LogModuleManager: Shutting down and abandoning module HTTP (15)
[2016.05.12-04.57.02:392][958]LogModuleManager: Shutting down and abandoning module ExampleDeviceProfileSelector (14)
[2016.05.12-04.57.02:392][958]LogModuleManager: Shutting down and abandoning module TextureCompressor (13)
[2016.05.12-04.57.02:392][958]LogModuleManager: Shutting down and abandoning module ShaderCore (12)
[2016.05.12-04.57.02:392][958]LogModuleManager: Shutting down and abandoning module Landscape (11)
[2016.05.12-04.57.02:392][958]LogModuleManager: Shutting down and abandoning module SlateRHIRenderer (10)
[2016.05.12-04.57.02:461][958]LogModuleManager: Shutting down and abandoning module OpenGLDrv (9)
[2016.05.12-04.57.02:483][958]LogModuleManager: Shutting down and abandoning module D3D11RHI (8)
[2016.05.12-04.57.02:483][958]LogModuleManager: Shutting down and abandoning module Renderer (7)
[2016.05.12-04.57.02:483][958]LogModuleManager: Shutting down and abandoning module Engine (6)
[2016.05.12-04.57.02:483][958]LogModuleManager: Shutting down and abandoning module CoreUObject (5)
[2016.05.12-04.57.02:483][958]LogModuleManager: Shutting down and abandoning module NetworkFile (4)
[2016.05.12-04.57.02:495][958]LogModuleManager: Shutting down and abandoning module StreamingFile (3)
[2016.05.12-04.57.02:523][958]LogModuleManager: Shutting down and abandoning module SandboxFile (2)
[2016.05.12-04.57.02:553][958]LogModuleManager: Shutting down and abandoning module PakFile (1)
[2016.05.12-04.57.02:587][958]LogExit: Exiting.
[2016.05.12-04.57.02:649][958]Log file closed, 05/11/16 21:57:02
