Log file open, 05/11/15 06:48:30
LogInit:Display: Running engine for game: GodKiller
LogInit: Version: 4.7.3-2479750+++depot+UE4-Releases+4.7
LogInit: API Version: 2455222
LogInit: Compiled (64-bit): Mar 15 2015 23:20:45
LogInit: Compiled with Visual C++: 18.00.21005.01
LogInit: Build Configuration: Development
LogInit: Branch Name: ++depot+UE4-Releases+4.7
LogInit: Command line: 
LogInit: Base directory: C:/Program Files/Epic Games/4.7/Engine/Binaries/Win64/
LogInit: Rocket: 1
[2015.05.11-13.48.30:449][  0]LogTaskGraph: Started task graph with 3 named threads and 6 total threads.
[2015.05.11-13.48.30:500][  0]LogOnline:Warning: No default platform service specified for OnlineSubsystem
[2015.05.11-13.48.30:513][  0]LogInit: Presizing for 0 objects not considered by GC, pre-allocating 0 bytes.
[2015.05.11-13.48.30:522][  0]LogInit: Object subsystem initialized
[2015.05.11-13.48.30:524][  0]LogConsoleResponse:Warning: Skipping Unknown console variable: 'TranslucentSortAxis = (X=0.000000,Y=-1.000000,Z=0.000000)'
[2015.05.11-13.48.30:524][  0]LogConsoleResponse:Warning:   Found in ini file 'D:/Valadez_Isaac/God-Killer/Saved/Config/Windows/Engine.ini', in section '[/Script/Engine.RendererSettings]'
[2015.05.11-13.48.30:524][  0]LogConsoleResponse:Warning: Skipping Unknown console variable: 'UIScaleRule = ShortestSide'
[2015.05.11-13.48.30:524][  0]LogConsoleResponse:Warning:   Found in ini file 'D:/Valadez_Isaac/God-Killer/Saved/Config/Windows/Engine.ini', in section '[/Script/Engine.RendererSettings]'
[2015.05.11-13.48.30:524][  0]LogConsoleResponse:Warning: Skipping Unknown console variable: 'UIScaleCurve = (EditorCurveData=(Keys=),ExternalCurve=None)'
[2015.05.11-13.48.30:524][  0]LogConsoleResponse:Warning:   Found in ini file 'D:/Valadez_Isaac/God-Killer/Saved/Config/Windows/Engine.ini', in section '[/Script/Engine.RendererSettings]'
[2015.05.11-13.48.30:524][  0]LogInit: Selected Device Profile: [Windows]
[2015.05.11-13.48.30:524][  0]LogInit: Applying CVar settings loaded from the selected device profile: [Windows]
[2015.05.11-13.48.30:528][  0]LogInit: Computer: AI251LAB0234P18
[2015.05.11-13.48.30:528][  0]LogInit: User: student
[2015.05.11-13.48.30:528][  0]LogInit: CPU Page size=4096, Cores=4
[2015.05.11-13.48.30:528][  0]LogInit: High frequency timer resolution =3.507226 MHz
[2015.05.11-13.48.30:528][  0]LogMemory: Memory total: Physical=7.9GB (8GB approx) Virtual=8192.0GB
[2015.05.11-13.48.30:529][  0]LogMemory: Platform Memory Stats for Windows
[2015.05.11-13.48.30:529][  0]LogMemory: Process Physical Memory: 48.23 MB used, 48.23 MB peak
[2015.05.11-13.48.30:529][  0]LogMemory: Process Virtual Memory: 30.43 MB used, 30.43 MB peak
[2015.05.11-13.48.30:529][  0]LogMemory: Physical Memory: 3607.66 MB used, 8115.79 MB total
[2015.05.11-13.48.30:529][  0]LogMemory: Virtual Memory: 282.04 MB used, 8388608.00 MB total
[2015.05.11-13.48.30:558][  0]LogD3D11RHI: Found D3D11 adapter 0: NVIDIA Quadro K2000 (Feature Level 11_0)
[2015.05.11-13.48.30:558][  0]LogD3D11RHI: Adapter has 1990MB of dedicated video memory, 0MB of dedicated system memory, and 3801MB of shared system memory, 1 output[s]
[2015.05.11-13.48.30:558][  0]LogD3D11RHI: Chosen D3D11 Adapter Id = 0
[2015.05.11-13.48.30:562][  0]LogRHI: Texture pool is 1361 MB (70% of 1945 MB)
[2015.05.11-13.48.30:570][  0]LogD3D11RHI: Async texture creation enabled
[2015.05.11-13.48.30:623][  0]LogTextLocalizationManager: The requested culture ('en_US') has no localization data; parent culture's ('en') localization data will be used.
[2015.05.11-13.48.30:679][  0]LogTextLocalizationManager:Warning: Loading localization resources contain conflicting entries for (Namespace:UICommands, Key:Save_ToolTip):
Resource: (C:/Program Files/Epic Games/4.7/Engine/Content/Localization/Editor/en/Editor.locres) Hash: (-29098895) String: (Saves the current level to disk)
Resource: (C:/Program Files/Epic Games/4.7/Engine/Content/Localization/Engine/en/Engine.locres) Hash: (-1280300587) String: (Save selected data to vlog file)
[2015.05.11-13.48.30:679][  0]LogTextLocalizationManager:Warning: Loading localization resources contain conflicting entries for (Namespace:ContentBrowser, Key:ImportAssetToolTip):
Resource: (C:/Program Files/Epic Games/4.7/Engine/Content/Localization/Editor/en/Editor.locres) Hash: (-630476809) String: (Import to {0}...)
Resource: (C:/Program Files/Epic Games/4.7/Engine/Content/Localization/Editor/en/Editor.locres) Hash: (1271782899) String: (Imports an asset from file to this folder.)
[2015.05.11-13.48.30:754][  0]LogContentStreaming: Texture pool size is 0.000000MB
[2015.05.11-13.48.32:959][  0]LogTargetPlatformManager:Display: Building Assets For Windows
[2015.05.11-13.48.33:438][  0]LogTargetPlatformManager:Display: Building Assets For Windows
[2015.05.11-13.48.33:498][  0]LogDerivedDataCache:Display: Max Cache Size: 512 MB
[2015.05.11-13.48.33:537][  0]LogDerivedDataCache: Loaded boot cache 0.04s 44MB C:/Users/student/AppData/Local/UnrealEngine/4.7/DerivedDataCache/Boot.ddc.
[2015.05.11-13.48.33:537][  0]LogDerivedDataCache:Display: Loaded Boot cache: C:/Users/student/AppData/Local/UnrealEngine/4.7/DerivedDataCache/Boot.ddc
[2015.05.11-13.48.33:537][  0]LogDerivedDataCache: FDerivedDataBackendGraph:  Pak pak cache file D:/Valadez_Isaac/God-Killer/DerivedDataCache/DDC.ddp not found, will not use a pak cache.
[2015.05.11-13.48.33:537][  0]LogDerivedDataCache: Unable to find inner node Pak for hierarchical cache Hierarchy.
[2015.05.11-13.48.33:653][  0]LogDerivedDataCache:Display: Pak cache opened for reading ../../../Engine/DerivedDataCache/Compressed.ddp.
[2015.05.11-13.48.33:665][  0]LogDerivedDataCache: Using Local data cache path C:/Users/student/AppData/Local/UnrealEngine/Common/DerivedDataCache: Writable
[2015.05.11-13.48.33:962][  0]LogMeshUtilities: No automatic mesh reduction module available
[2015.05.11-13.48.33:962][  0]LogMeshUtilities: No automatic mesh merging module available
[2015.05.11-13.48.34:290][  0]LogInit: WinSock: version 1.1 (2.2), MaxSocks=32767, MaxUdp=65467
[2015.05.11-13.48.34:366][  0]LogSlate:Warning: Failed to load font data from '../../../Engine/Content/Slate/Fonts/Roboto-Italic.ttf'
[2015.05.11-13.48.35:113][  0]UdpMessaging: Initializing bridge on interface 0.0.0.0:0 to multicast group 230.0.0.1:6666.
[2015.05.11-13.48.35:730][  0]SourceControl: Info Source control is disabled
[2015.05.11-13.48.35:730][  0]SourceControl: Info Source control is disabled
[2015.05.11-13.48.35:730][  0]SourceControl: Info Source control is disabled
[2015.05.11-13.48.35:730][  0]LogSourceControl: RunCommandInternalRaw: 'git version'
[2015.05.11-13.48.35:730][  0]LogSourceControl: RunCommandInternalRaw: ExecProcess ReturnCode=2 OutResults=''
[2015.05.11-13.48.35:739][  0]SourceControl: Info Source control is disabled
[2015.05.11-13.48.35:916][  0]LogObj: 24231 objects as part of root set at end of initial load.
[2015.05.11-13.48.35:916][  0]LogUObjectAllocator: 5136432 out of 0 bytes used by permanent object pool.
[2015.05.11-13.48.35:993][  0]LogEngine: Initializing Engine...
[2015.05.11-13.48.39:138][  0]LogInit: XAudio2 using 'Speakers (Realtek High Definition Audio)' : 2 channels at 48 kHz using 32 bits per sample (channel mask 0x3)
[2015.05.11-13.48.39:158][  0]LogInit: FAudioDevice initialized.
[2015.05.11-13.48.39:194][  0]LogAIModule: Creating AISystem for world NewWorld
[2015.05.11-13.48.39:214][  0]LogDerivedDataCache: Saved boot cache 0.02s 44MB C:/Users/student/AppData/Local/UnrealEngine/4.7/DerivedDataCache/Boot.ddc.
[2015.05.11-13.48.39:219][  0]LogInit: Texture streaming: Enabled
[2015.05.11-13.48.39:307][  0]LogAnalytics: Creating configured Analytics provider AnalyticsET
[2015.05.11-13.48.39:307][  0]LogAnalytics: ET APIKey = Rocket.Release. APIServer = http://et2.epicgames.com/ET2/. AppVersion = 4.7.3-2479750+++depot+UE4-Releases+4.7
[2015.05.11-13.48.39:307][  0]LogAnalytics: ET APIKey = Rocket.Release. DataRouterUploadURL = https://datarouter-public-service-gamedev.ol.epicgames.net/datarouter/api/v1/public/data. AppVersion = 4.7.3-2479750+++depot+UE4-Releases+4.7
[2015.05.11-13.48.39:307][  0]LogAnalytics: SetUserId 24c7de5c4a4f4321b42239b4ba14bacf||a1cf211a-62eb-4857-bff7-fc45380a1448
[2015.05.11-13.48.39:307][  0]LogAnalytics: AnalyticsET::StartSession [Rocket.Release]
[2015.05.11-13.48.39:329][  0]LogInit: Transaction tracking system initialized
[2015.05.11-13.48.39:486][  0]BlueprintLog: New page: Editor Load
[2015.05.11-13.48.39:520][  0]LogAssetRegistry: FAssetRegistry took 0.0103 seconds to start up
[2015.05.11-13.48.39:520][  0]LogDirectoryWatcher:Warning: Failed to begin reading directory changes for ../../../Engine/Plugins/Experimental/CharacterAI/Content/. Error: 0
[2015.05.11-13.48.40:001][  0]LogTargetPlatformManager:Display: Building Assets For Windows
[2015.05.11-13.48.40:332][  0]LogTargetPlatformManager:Display: Building Assets For Windows
[2015.05.11-13.48.40:572][  0]LogSlate:Warning: Failed to load font data from '../../../Engine/Content/Editor/Slate/Fonts/Roboto-Regular.ttf'
[2015.05.11-13.48.40:572][  0]LogSlate:Warning: Failed to load font data from '../../../Engine/Content/Editor/Slate/Fonts/Roboto-Bold.ttf'
[2015.05.11-13.48.40:577][  0]LogConsoleResponse:Display: 
[2015.05.11-13.48.40:698][  0]LogCook:Display: Done creating registry. It took  0.00s.
[2015.05.11-13.48.40:834][  0]SourceControl: Info Source control is disabled
[2015.05.11-13.48.40:834][  0]Cmd: MAP LOAD FILE="D:/Valadez_Isaac/God-Killer/Content/Scene/NewCave.umap" TEMPLATE=0 SHOWPROGRESS=1 FEATURELEVEL=3
[2015.05.11-13.48.40:835][  0]LightingResults: New page: Lighting Build
[2015.05.11-13.48.40:846][  0]MapCheck: New page: Map Check
[2015.05.11-13.48.40:846][  0]LightingResults: New page: Lighting Build
[2015.05.11-13.48.40:853][  0]LogParticles: Destroying 0 GPU particle simulations for FXSystem 0x0000000010F1A980
[2015.05.11-13.48.41:254][  0]LogLinker:Warning: Asset '../../../Engine/Content/EngineMeshes/Humanoid.uasset' has been saved with empty engine version. The asset will be loaded but may be incompatible.
[2015.05.11-13.48.45:387][  0]LogTexture:Display: Building textures: Texture2D_3 (BGRA8)
[2015.05.11-13.48.47:602][  0]LogTexture:Display: Building textures: Floortile_dDo02_d (AutoDXT)
[2015.05.11-13.48.52:334][  0]LogTexture:Display: Building textures: Floortile_dDo02_n (BC5)
[2015.05.11-13.48.53:009][  0]LogTexture:Display: Building textures: Floortile_dDo02_s (AutoDXT)
[2015.05.11-13.48.57:352][  0]LogMaterial: Missing cached shader map for material Tile, compiling. 
[2015.05.11-13.48.57:459][  0]LogStaticMesh: Building static mesh FloorTile...
[2015.05.11-13.48.57:470][  0]LogStaticMesh: Built static mesh [78.279816ms] /Game/Models/Tile_Floor/FloorTile.FloorTile
[2015.05.11-13.49.00:684][  0]LogEditorServer: Finished looking for orphan Actors (0.000 secs)
[2015.05.11-13.49.00:685][  0]LogAIModule: Creating AISystem for world NewCave
[2015.05.11-13.49.00:685][  0]Cmd: MAP CHECKDEP
[2015.05.11-13.49.00:686][  0]MapCheck: New page: NewCave - May 10, 2015, 11:49:00 PM
[2015.05.11-13.49.00:784][  0]MapCheck: Info Map check complete: 0 Error(s), 0 Warning(s), took 98.591ms to complete.
[2015.05.11-13.49.00:784][  0]LogFileHelpers: Loading map 'NewCave' took 19.949
[2015.05.11-13.49.00:878][  0]LogCollectionManager: Loaded 0 collections in 0.001262 seconds
[2015.05.11-13.49.00:890][  0]LogContentBrowser: Native class hierarchy populated in 0.0120 seconds. Added 1696 classes and 261 folders.
[2015.05.11-13.49.00:972][  0]LogContentBrowser: Native class hierarchy updated for 'SceneOutliner' in 0.0021 seconds. Added 1 classes and 2 folders.
[2015.05.11-13.49.01:050][  0]LogCrashTracker: Crashtracker disabled due to settings.
[2015.05.11-13.49.01:051][  0]LogSlate:Warning: Failed to load font data from 'Veranda'
[2015.05.11-13.49.01:054][  0]LogUObjectGlobals:Warning: Failed to find object 'Class None.'
[2015.05.11-13.49.01:079][  0]LogLoad: Full Startup: 32.36 seconds (BP compile: 0.83 seconds)
[2015.05.11-13.49.01:106][  0]LogContentBrowser:Verbose: The content browser source was changed by the sources view to '/Game/ThirdPersonBP/Blueprints'
[2015.05.11-13.49.01:286][  0]LogRenderer:Warning: Reallocating scene render targets to support 32x32 (Frame:2).
[2015.05.11-13.49.01:411][  0]LogRenderer:Warning: Reallocating scene render targets to support 984x1048 (Frame:10).
[2015.05.11-13.49.01:503][  1]Cmd: UpdateLandscapeEditorData -warnings
[2015.05.11-13.49.01:504][  1]Cmd: UpdateLandscapeEditorData
[2015.05.11-13.49.01:608][  4]LogAssetRegistry: Asset discovery search completed in 22.0972 seconds
[2015.05.11-13.49.24:978][562]LogPlayLevel: PIE:  No blueprints needed recompiling
[2015.05.11-13.49.24:978][562]PIE: New page: PIE session: NewCave (May 10, 2015, 11:49:24 PM)
[2015.05.11-13.49.25:030][562]LogPlayLevel: PIE: StaticDuplicateObject took: (0.051432s)
[2015.05.11-13.49.25:030][562]LogPlayLevel: PIE: World Init took: (0.000565s)
[2015.05.11-13.49.25:031][562]LogPlayLevel: PIE: Created PIE world by copying editor world from /Game/Scene/NewCave.NewCave to /Game/Scene/UEDPIE_0_NewCave.NewCave (0.052226s)
[2015.05.11-13.49.25:101][562]LogWorld: Game class is 'ThirdPersonGameMode_C'
[2015.05.11-13.49.25:103][562]LogAIModule: Creating AISystem for world NewCave
[2015.05.11-13.49.25:134][562]LogWorld:Warning: *** WARNING - PATHS MAY NOT BE VALID ***
[2015.05.11-13.49.25:135][562]LogWorld: Bringing World /Game/Scene/UEDPIE_0_NewCave.NewCave up for play (max tick rate 0) at 2015.05.11-06.49.25
[2015.05.11-13.49.25:136][562]LogWorld: Bringing up level for play took: 0.032151
[2015.05.11-13.49.25:139][562]PIE: Info Play in editor start time for /Game/Scene/UEDPIE_0_NewCave -0.395
[2015.05.11-13.50.02:157][467]LogBlueprintUserMessages: 100.0
[2015.05.11-13.50.04:392][519]LogBlueprintUserMessages: 50.0
[2015.05.11-13.50.08:520][619]LogBlueprintUserMessages: 49.0
[2015.05.11-13.50.09:688][648]LogBlueprintUserMessages: 48.0
[2015.05.11-13.50.10:449][667]LogBlueprintUserMessages: 47.0
[2015.05.11-13.50.11:142][684]LogBlueprintUserMessages: 46.0
[2015.05.11-13.50.11:911][703]LogBlueprintUserMessages: 45.0
[2015.05.11-13.50.12:677][722]LogBlueprintUserMessages: 44.0
[2015.05.11-13.50.13:242][736]LogBlueprintUserMessages: 43.0
[2015.05.11-13.50.13:321][738]LogBlueprintUserMessages: 42.0
[2015.05.11-13.50.13:633][745]LogBlueprintUserMessages: -4.0
[2015.05.11-13.50.14:041][754]LogBlueprintUserMessages: -4.0
[2015.05.11-13.50.14:042][754]LogBlueprintUserMessages: -4.0
[2015.05.11-13.50.14:448][763]LogBlueprintUserMessages: -4.0
[2015.05.11-13.50.14:808][771]LogBlueprintUserMessages: -4.0
[2015.05.11-13.50.14:808][771]LogBlueprintUserMessages: 100.0
[2015.05.11-13.50.15:345][784]LogBlueprintUserMessages: -4.0
[2015.05.11-13.50.16:270][807]LogBlueprintUserMessages: 97.0
[2015.05.11-13.50.17:765][844]LogBlueprintUserMessages: 100.0
[2015.05.11-13.50.20:584][914]LogBlueprintUserMessages: 99.0
[2015.05.11-13.50.20:584][914]LogBlueprintUserMessages: 96.0
[2015.05.11-13.50.22:654][963]LogBlueprintUserMessages: 49.0
[2015.05.11-13.50.22:654][963]LogBlueprintUserMessages: 46.0
[2015.05.11-13.50.22:654][963]LogBlueprintUserMessages: 100.0
[2015.05.11-13.50.23:388][979]LogBlueprintUserMessages: 3.0
[2015.05.11-13.50.23:388][979]LogBlueprintUserMessages: 0.0
[2015.05.11-13.50.23:388][979]LogBlueprintUserMessages: 66.0
[2015.05.11-13.50.24:153][995]LogBlueprintUserMessages: -29.0
[2015.05.11-13.50.24:153][995]LogBlueprintUserMessages: 0.0
[2015.05.11-13.50.24:153][995]LogBlueprintUserMessages: 34.0
[2015.05.11-13.50.24:969][ 14]LogActorComponent: UnregisterComponent: (/Engine/Transient.CharMoveComp) Not registered. Aborting.
[2015.05.11-13.50.27:890][ 85]LogBlueprintUserMessages: 20.0
[2015.05.11-13.50.28:467][ 99]LogBlueprintUserMessages: 19.0
[2015.05.11-13.50.30:352][142]LogBlueprintUserMessages: -31.0
[2015.05.11-13.50.31:085][158]LogBlueprintUserMessages: -31.0
[2015.05.11-13.50.31:880][175]LogBlueprintUserMessages: -31.0
[2015.05.11-13.50.31:977][177]LogBlueprintUserMessages: -31.0
[2015.05.11-13.50.32:634][193]LogBlueprintUserMessages: -31.0
[2015.05.11-13.50.48:933][580]LogParticles: Destroying 0 GPU particle simulations for FXSystem 0x0000000025B585E0
[2015.05.11-13.50.55:645][725]Cmd: QUIT_EDITOR
[2015.05.11-13.50.55:840][725]LogExit: Preparing to exit.
[2015.05.11-13.50.56:161][725]LogExit: Editor shut down
[2015.05.11-13.50.56:162][725]LogExit: Transaction tracking system shut down
[2015.05.11-13.50.56:163][725]LogParticles: Destroying 0 GPU particle simulations for FXSystem 0x00000000192D0AE0
[2015.05.11-13.50.56:164][725]LogParticles: Destroying 0 GPU particle simulations for FXSystem 0x000000001F40FBA0
[2015.05.11-13.50.56:164][725]LogParticles: Destroying 0 GPU particle simulations for FXSystem 0x000000001F2AB420
[2015.05.11-13.50.56:164][725]LogParticles: Destroying 0 GPU particle simulations for FXSystem 0x000000001F513A60
[2015.05.11-13.50.56:206][725]LogExit: Object subsystem successfully closed.
[2015.05.11-13.50.56:253][725]LogModuleManager: Shutting down and abandoning module CrashTracker (177)
[2015.05.11-13.50.56:253][725]LogModuleManager: Shutting down and abandoning module SuperSearch (176)
[2015.05.11-13.50.56:254][725]LogModuleManager: Shutting down and abandoning module SceneOutliner (175)
[2015.05.11-13.50.56:254][725]LogModuleManager: Shutting down and abandoning module EditorWidgets (174)
[2015.05.11-13.50.56:254][725]LogModuleManager: Shutting down and abandoning module CollectionManager (173)
[2015.05.11-13.50.56:254][725]LogModuleManager: Shutting down and abandoning module StatsViewer (172)
[2015.05.11-13.50.56:254][725]LogModuleManager: Shutting down and abandoning module FoliageEdit (171)
[2015.05.11-13.50.56:254][725]LogModuleManager: Shutting down and abandoning module LandscapeEditor (170)
[2015.05.11-13.50.56:254][725]LogModuleManager: Shutting down and abandoning module MeshPaint (169)
[2015.05.11-13.50.56:254][725]LogModuleManager: Shutting down and abandoning module ActorPickerMode (168)
[2015.05.11-13.50.56:254][725]LogModuleManager: Shutting down and abandoning module GeometryMode (167)
[2015.05.11-13.50.56:254][725]LogModuleManager: Shutting down and abandoning module TextureAlignMode (166)
[2015.05.11-13.50.56:254][725]LogModuleManager: Shutting down and abandoning module BspMode (165)
[2015.05.11-13.50.56:254][725]LogModuleManager: Shutting down and abandoning module PlacementMode (164)
[2015.05.11-13.50.56:254][725]LogModuleManager: Shutting down and abandoning module AutomationWorker (163)
[2015.05.11-13.50.56:254][725]LogModuleManager: Shutting down and abandoning module CharacterAI (162)
[2015.05.11-13.50.56:254][725]LogModuleManager: Shutting down and abandoning module SmartSnapping (161)
[2015.05.11-13.50.56:254][725]LogModuleManager: Shutting down and abandoning module ViewportSnapping (160)
[2015.05.11-13.50.56:254][725]LogModuleManager: Shutting down and abandoning module LogVisualizer (159)
[2015.05.11-13.50.56:254][725]LogModuleManager: Shutting down and abandoning module GameProjectGeneration (158)
[2015.05.11-13.50.56:254][725]LogModuleManager: Shutting down and abandoning module IntroTutorials (157)
[2015.05.11-13.50.56:254][725]LogModuleManager: Shutting down and abandoning module EditorLiveStreaming (156)
[2015.05.11-13.50.56:254][725]LogModuleManager: Shutting down and abandoning module HardwareTargeting (155)
[2015.05.11-13.50.56:254][725]LogModuleManager: Shutting down and abandoning module DeviceProfileEditor (154)
[2015.05.11-13.50.56:254][725]LogModuleManager: Shutting down and abandoning module UndoHistory (153)
[2015.05.11-13.50.56:254][725]LogModuleManager: Shutting down and abandoning module GameplayTagsEditor (152)
[2015.05.11-13.50.56:254][725]LogModuleManager: Shutting down and abandoning module UserFeedback (151)
[2015.05.11-13.50.56:254][725]LogModuleManager: Shutting down and abandoning module XmlParser (150)
[2015.05.11-13.50.56:254][725]LogModuleManager: Shutting down and abandoning module Blutility (149)
[2015.05.11-13.50.56:254][725]LogModuleManager: Shutting down and abandoning module IOSPlatformEditor (148)
[2015.05.11-13.50.56:254][725]LogModuleManager: Shutting down and abandoning module IOSRuntimeSettings (147)
[2015.05.11-13.50.56:254][725]LogModuleManager: Shutting down and abandoning module AndroidDeviceDetection (146)
[2015.05.11-13.50.56:419][725]LogModuleManager: Shutting down and abandoning module AndroidPlatformEditor (145)
[2015.05.11-13.50.56:419][725]LogModuleManager: Shutting down and abandoning module AndroidRuntimeSettings (144)
[2015.05.11-13.50.56:419][725]LogModuleManager: Shutting down and abandoning module ProjectTargetPlatformEditor (143)
[2015.05.11-13.50.56:419][725]LogModuleManager: Shutting down and abandoning module ProjectSettingsViewer (142)
[2015.05.11-13.50.56:419][725]LogModuleManager: Shutting down and abandoning module InputBindingEditor (141)
[2015.05.11-13.50.56:419][725]LogModuleManager: Shutting down and abandoning module EditorSettingsViewer (140)
[2015.05.11-13.50.56:419][725]LogModuleManager: Shutting down and abandoning module SettingsEditor (139)
[2015.05.11-13.50.56:419][725]LogModuleManager: Shutting down and abandoning module ProjectLauncher (138)
[2015.05.11-13.50.56:419][725]LogModuleManager: Shutting down and abandoning module SessionFrontend (137)
[2015.05.11-13.50.56:419][725]LogModuleManager: Shutting down and abandoning module ProfilerClient (136)
[2015.05.11-13.50.56:419][725]LogModuleManager: Shutting down and abandoning module TargetDeviceServices (135)
[2015.05.11-13.50.56:419][725]LogModuleManager: Shutting down and abandoning module DeviceManager (134)
[2015.05.11-13.50.56:419][725]LogModuleManager: Shutting down and abandoning module AutomationController (133)
[2015.05.11-13.50.56:419][725]LogModuleManager: Shutting down and abandoning module AutomationWindow (132)
[2015.05.11-13.50.56:419][725]LogModuleManager: Shutting down and abandoning module Layers (131)
[2015.05.11-13.50.56:419][725]LogModuleManager: Shutting down and abandoning module ComponentVisualizers (130)
[2015.05.11-13.50.56:419][725]LogModuleManager: Shutting down and abandoning module DetailCustomizations (129)
[2015.05.11-13.50.56:419][725]LogModuleManager: Shutting down and abandoning module PackagesDialog (128)
[2015.05.11-13.50.56:419][725]LogModuleManager: Shutting down and abandoning module AssetRegistry (127)
[2015.05.11-13.50.56:441][725]LogModuleManager: Shutting down and abandoning module Persona (126)
[2015.05.11-13.50.56:442][725]LogModuleManager: Shutting down and abandoning module SlateReflector (125)
[2015.05.11-13.50.56:442][725]LogModuleManager: Shutting down and abandoning module LevelEditor (124)
[2015.05.11-13.50.56:442][725]LogModuleManager: Shutting down and abandoning module Kismet (123)
[2015.05.11-13.50.56:442][725]LogModuleManager: Shutting down and abandoning module GraphEditor (122)
[2015.05.11-13.50.56:442][725]LogModuleManager: Shutting down and abandoning module ClassViewer (121)
[2015.05.11-13.50.56:442][725]LogModuleManager: Shutting down and abandoning module Toolbox (120)
[2015.05.11-13.50.56:442][725]LogModuleManager: Shutting down and abandoning module ModuleUI (119)
[2015.05.11-13.50.56:442][725]LogModuleManager: Shutting down and abandoning module MovieSceneTools (118)
[2015.05.11-13.50.56:442][725]LogModuleManager: Shutting down and abandoning module OutputLog (117)
[2015.05.11-13.50.56:442][725]LogModuleManager: Shutting down and abandoning module GammaUI (116)
[2015.05.11-13.50.56:442][725]LogModuleManager: Shutting down and abandoning module Documentation (115)
[2015.05.11-13.50.56:442][725]LogModuleManager: Shutting down and abandoning module GameLiveStreaming (114)
[2015.05.11-13.50.56:442][725]LogModuleManager: Shutting down and abandoning module StreamingPauseRendering (113)
[2015.05.11-13.50.56:443][725]LogModuleManager: Shutting down and abandoning module HTTP (112)
[2015.05.11-13.50.56:443][725]LogModuleManager: Shutting down and abandoning module AnalyticsET (111)
[2015.05.11-13.50.56:443][725]LogModuleManager: Shutting down and abandoning module Analytics (110)
[2015.05.11-13.50.56:443][725]LogModuleManager: Shutting down and abandoning module AITestSuite (109)
[2015.05.11-13.50.56:443][725]LogModuleManager: Shutting down and abandoning module GameplayDebugger (108)
[2015.05.11-13.50.56:443][725]LogModuleManager: Shutting down and abandoning module AIModule (107)
[2015.05.11-13.50.56:443][725]LogModuleManager: Shutting down and abandoning module ProfilerService (106)
[2015.05.11-13.50.56:454][725]LogModuleManager: Shutting down and abandoning module TaskGraph (105)
[2015.05.11-13.50.56:454][725]LogModuleManager: Shutting down and abandoning module SlateRemote (104)
[2015.05.11-13.50.56:454][725]LogModuleManager: Shutting down and abandoning module ScriptEditorPlugin (103)
[2015.05.11-13.50.56:454][725]LogModuleManager: Shutting down and abandoning module CustomMeshComponent (102)
[2015.05.11-13.50.56:454][725]LogModuleManager: Shutting down and abandoning module CableComponent (101)
[2015.05.11-13.50.56:454][725]LogModuleManager: Shutting down and abandoning module MessagingDebugger (100)
[2015.05.11-13.50.56:454][725]LogModuleManager: Shutting down and abandoning module MediaPlayerEditor (99)
[2015.05.11-13.50.56:454][725]LogModuleManager: Shutting down and abandoning module SpeedTreeImporter (98)
[2015.05.11-13.50.56:454][725]LogModuleManager: Shutting down and abandoning module PluginsEditor (97)
[2015.05.11-13.50.56:454][725]LogModuleManager: Shutting down and abandoning module MainFrame (96)
[2015.05.11-13.50.56:454][725]LogModuleManager: Shutting down and abandoning module EpicSurvey (95)
[2015.05.11-13.50.56:454][725]LogModuleManager: Shutting down and abandoning module DesktopPlatform (94)
[2015.05.11-13.50.56:454][725]LogModuleManager: Shutting down and abandoning module DirectoryWatcher (93)
[2015.05.11-13.50.56:454][725]LogModuleManager: Shutting down and abandoning module HotReload (92)
[2015.05.11-13.50.56:454][725]LogModuleManager: Shutting down and abandoning module VisualStudioSourceCodeAccess (91)
[2015.05.11-13.50.56:454][725]LogModuleManager: Shutting down and abandoning module UObjectPlugin (90)
[2015.05.11-13.50.56:454][725]LogModuleManager: Shutting down and abandoning module SubversionSourceControl (89)
[2015.05.11-13.50.56:454][725]LogModuleManager: Shutting down and abandoning module PerforceSourceControl (88)
[2015.05.11-13.50.56:454][725]LogModuleManager: Shutting down and abandoning module SourceControl (87)
[2015.05.11-13.50.56:454][725]LogModuleManager: Shutting down and abandoning module GitSourceControl (86)
[2015.05.11-13.50.56:454][725]LogModuleManager: Shutting down and abandoning module BlankPlugin (85)
[2015.05.11-13.50.56:454][725]LogModuleManager: Shutting down and abandoning module PaperTiledImporter (84)
[2015.05.11-13.50.56:454][725]LogModuleManager: Shutting down and abandoning module PaperJsonImporter (83)
[2015.05.11-13.50.56:454][725]LogModuleManager: Shutting down and abandoning module ContentBrowser (82)
[2015.05.11-13.50.56:455][725]LogModuleManager: Shutting down and abandoning module Paper2DEditor (81)
[2015.05.11-13.50.56:455][725]LogModuleManager: Shutting down and abandoning module ScriptPlugin (80)
[2015.05.11-13.50.56:455][725]LogModuleManager: Shutting down and abandoning module UdpMessaging (79)
[2015.05.11-13.50.56:555][725]LogModuleManager: Shutting down and abandoning module Paper2D (78)
[2015.05.11-13.50.56:555][725]LogModuleManager: Shutting down and abandoning module WindowsMoviePlayer (77)
[2015.05.11-13.50.56:557][725]LogModuleManager: Shutting down and abandoning module Media (76)
[2015.05.11-13.50.56:557][725]LogModuleManager: Shutting down and abandoning module WmfMedia (75)
[2015.05.11-13.50.56:557][725]LogModuleManager: Shutting down and abandoning module OnlineBlueprintSupport (74)
[2015.05.11-13.50.56:557][725]LogModuleManager: Shutting down and abandoning module PropertyEditor (73)
[2015.05.11-13.50.56:557][725]LogModuleManager: Shutting down and abandoning module BehaviorTreeEditor (72)
[2015.05.11-13.50.56:557][725]LogModuleManager: Shutting down and abandoning module FunctionalTesting (71)
[2015.05.11-13.50.56:557][725]LogModuleManager: Shutting down and abandoning module CollisionAnalyzer (70)
[2015.05.11-13.50.56:557][725]LogModuleManager: Shutting down and abandoning module WorkspaceMenuStructure (69)
[2015.05.11-13.50.56:557][725]LogModuleManager: Shutting down and abandoning module MessageLog (68)
[2015.05.11-13.50.56:557][725]LogModuleManager: Shutting down and abandoning module Sequencer (67)
[2015.05.11-13.50.56:557][725]LogModuleManager: Shutting down and abandoning module AssetTools (66)
[2015.05.11-13.50.56:557][725]LogModuleManager: Shutting down and abandoning module UMGEditor (65)
[2015.05.11-13.50.56:557][725]LogModuleManager: Shutting down and abandoning module UMG (64)
[2015.05.11-13.50.56:557][725]LogModuleManager: Shutting down and abandoning module Slate (63)
[2015.05.11-13.50.56:557][725]LogModuleManager: Shutting down and abandoning module EditorStyle (62)
[2015.05.11-13.50.56:561][725]LogModuleManager: Shutting down and abandoning module SessionServices (61)
[2015.05.11-13.50.56:561][725]LogModuleManager: Shutting down and abandoning module SourceCodeAccess (60)
[2015.05.11-13.50.56:561][725]LogModuleManager: Shutting down and abandoning module HeadMountedDisplay (59)
[2015.05.11-13.50.56:561][725]LogModuleManager: Shutting down and abandoning module XAudio2 (58)
[2015.05.11-13.50.56:561][725]LogModuleManager: Shutting down and abandoning module Networking (56)
[2015.05.11-13.50.56:561][725]LogModuleManager: Shutting down and abandoning module Core (55)
[2015.05.11-13.50.56:561][725]LogModuleManager: Shutting down and abandoning module KismetCompiler (54)
[2015.05.11-13.50.56:561][725]LogModuleManager: Shutting down and abandoning module PhysXFormats (53)
[2015.05.11-13.50.56:561][725]LogModuleManager: Shutting down and abandoning module MeshUtilities (52)
[2015.05.11-13.50.56:561][725]LogModuleManager: Shutting down and abandoning module DerivedDataCache (51)
[2015.05.11-13.50.56:602][725]LogDerivedDataCache: Shutdown
[2015.05.11-13.50.56:602][725]LogModuleManager: Shutting down and abandoning module ShaderFormatOpenGL (50)
[2015.05.11-13.50.56:602][725]LogModuleManager: Shutting down and abandoning module ShaderFormatD3D (49)
[2015.05.11-13.50.56:602][725]LogModuleManager: Shutting down and abandoning module MetalShaderFormat (48)
[2015.05.11-13.50.56:602][725]LogModuleManager: Shutting down and abandoning module TextureFormatUncompressed (47)
[2015.05.11-13.50.56:602][725]LogModuleManager: Shutting down and abandoning module TextureFormatPVR (46)
[2015.05.11-13.50.56:602][725]LogModuleManager: Shutting down and abandoning module TextureFormatIntelISPCTexComp (45)
[2015.05.11-13.50.56:602][725]LogModuleManager: Shutting down and abandoning module TextureFormatDXT (44)
[2015.05.11-13.50.56:602][725]LogModuleManager: Shutting down and abandoning module ImageWrapper (43)
[2015.05.11-13.50.56:602][725]LogModuleManager: Shutting down and abandoning module TextureFormatASTC (42)
[2015.05.11-13.50.56:602][725]LogModuleManager: Shutting down and abandoning module TextureFormatAndroid (41)
[2015.05.11-13.50.56:602][725]LogModuleManager: Shutting down and abandoning module AudioFormatOpus (40)
[2015.05.11-13.50.56:602][725]LogModuleManager: Shutting down and abandoning module AudioFormatOgg (39)
[2015.05.11-13.50.56:602][725]LogModuleManager: Shutting down and abandoning module AudioFormatADPCM (38)
[2015.05.11-13.50.56:602][725]LogModuleManager: Shutting down and abandoning module LinuxTargetPlatform (37)
[2015.05.11-13.50.56:602][725]LogModuleManager: Shutting down and abandoning module LinuxServerTargetPlatform (36)
[2015.05.11-13.50.56:602][725]LogModuleManager: Shutting down and abandoning module LinuxNoEditorTargetPlatform (35)
[2015.05.11-13.50.56:602][725]LogModuleManager: Shutting down and abandoning module Messaging (34)
[2015.05.11-13.50.56:602][725]LogModuleManager: Shutting down and abandoning module IOSTargetPlatform (33)
[2015.05.11-13.50.56:602][725]LogModuleManager: Shutting down and abandoning module HTML5TargetPlatform (32)
[2015.05.11-13.50.56:602][725]LogModuleManager: Shutting down and abandoning module Android_PVRTCTargetPlatform (31)
[2015.05.11-13.50.56:602][725]LogModuleManager: Shutting down and abandoning module Android_ETC2TargetPlatform (30)
[2015.05.11-13.50.56:602][725]LogModuleManager: Shutting down and abandoning module Android_ETC1TargetPlatform (29)
[2015.05.11-13.50.56:602][725]LogModuleManager: Shutting down and abandoning module Android_ES31TargetPlatform (28)
[2015.05.11-13.50.56:602][725]LogModuleManager: Shutting down and abandoning module Android_DXTTargetPlatform (27)
[2015.05.11-13.50.56:602][725]LogModuleManager: Shutting down and abandoning module Android_ATCTargetPlatform (26)
[2015.05.11-13.50.56:602][725]LogModuleManager: Shutting down and abandoning module AndroidTargetPlatform (25)
[2015.05.11-13.50.56:602][725]LogModuleManager: Shutting down and abandoning module WindowsTargetPlatform (24)
[2015.05.11-13.50.56:602][725]LogModuleManager: Shutting down and abandoning module WindowsServerTargetPlatform (23)
[2015.05.11-13.50.56:602][725]LogModuleManager: Shutting down and abandoning module WindowsNoEditorTargetPlatform (22)
[2015.05.11-13.50.56:602][725]LogModuleManager: Shutting down and abandoning module WindowsClientTargetPlatform (21)
[2015.05.11-13.50.56:602][725]LogModuleManager: Shutting down and abandoning module TargetPlatform (20)
[2015.05.11-13.50.56:602][725]LogModuleManager: Shutting down and abandoning module InputCore (19)
[2015.05.11-13.50.56:602][725]LogModuleManager: Shutting down and abandoning module Settings (18)
[2015.05.11-13.50.56:602][725]LogModuleManager: Shutting down and abandoning module OnlineSubsystem (16)
[2015.05.11-13.50.56:602][725]LogModuleManager: Shutting down and abandoning module OculusRift (15)
[2015.05.11-13.50.56:602][725]LogModuleManager: Shutting down and abandoning module ExampleDeviceProfileSelector (14)
[2015.05.11-13.50.56:602][725]LogModuleManager: Shutting down and abandoning module TextureCompressor (13)
[2015.05.11-13.50.56:602][725]LogModuleManager: Shutting down and abandoning module ShaderCore (12)
[2015.05.11-13.50.56:602][725]LogModuleManager: Shutting down and abandoning module Landscape (11)
[2015.05.11-13.50.56:602][725]LogModuleManager: Shutting down and abandoning module SlateRHIRenderer (10)
[2015.05.11-13.50.56:604][725]LogModuleManager: Shutting down and abandoning module OpenGLDrv (9)
[2015.05.11-13.50.56:604][725]LogModuleManager: Shutting down and abandoning module D3D11RHI (8)
[2015.05.11-13.50.56:604][725]LogModuleManager: Shutting down and abandoning module Renderer (7)
[2015.05.11-13.50.56:604][725]LogModuleManager: Shutting down and abandoning module Engine (6)
[2015.05.11-13.50.56:604][725]LogModuleManager: Shutting down and abandoning module CoreUObject (5)
[2015.05.11-13.50.56:604][725]LogModuleManager: Shutting down and abandoning module NetworkFile (4)
[2015.05.11-13.50.56:604][725]LogModuleManager: Shutting down and abandoning module StreamingFile (3)
[2015.05.11-13.50.56:604][725]LogModuleManager: Shutting down and abandoning module SandboxFile (2)
[2015.05.11-13.50.56:604][725]LogModuleManager: Shutting down and abandoning module PakFile (1)
[2015.05.11-13.50.56:604][725]LogExit: Exiting.
[2015.05.11-13.50.56:608][725]Log file closed, 05/11/15 06:50:56
