[2015.09.10-06.27.03:823][  0]Log file open, 09/09/15 23:27:03
[2015.09.10-06.27.03:823][  0]LogInit:Display: Running engine for game: GodKiller
[2015.09.10-06.27.03:823][  0]LogInit:Display: RandInit(-1470899323) SRandInit(-1470899322).
[2015.09.10-06.27.03:823][  0]LogTaskGraph: Started task graph with 4 named threads and 5 total threads.
[2015.09.10-06.27.03:823][  0]LogStats: Stats thread started
[2015.09.10-06.27.03:823][  0]LogInit: Version: 4.8.3-2634408+++depot+UE4-Releases+4.8
[2015.09.10-06.27.03:823][  0]LogInit: API Version: 2579680
[2015.09.10-06.27.03:823][  0]LogInit: Compiled (64-bit): Jul 27 2015 16:24:33
[2015.09.10-06.27.03:823][  0]LogInit: Compiled with Visual C++: 18.00.21005.01
[2015.09.10-06.27.03:823][  0]LogInit: Build Configuration: Development
[2015.09.10-06.27.03:823][  0]LogInit: Branch Name: ++depot+UE4-Releases+4.8
[2015.09.10-06.27.03:823][  0]LogInit: Command line:  
[2015.09.10-06.27.03:823][  0]LogInit: Base directory: C:/Program Files/Epic Games/4.8/Engine/Binaries/Win64/
[2015.09.10-06.27.03:823][  0]LogInit: Rocket: 1
[2015.09.10-06.27.03:900][  0]LogInit: Using libcurl 7.41.0
[2015.09.10-06.27.03:900][  0]LogInit:  - built for x86_64-pc-win32
[2015.09.10-06.27.03:900][  0]LogInit:  - supports SSL with WinSSL
[2015.09.10-06.27.03:900][  0]LogInit:  - other features:
[2015.09.10-06.27.03:900][  0]LogInit:      CURL_VERSION_SSL
[2015.09.10-06.27.03:900][  0]LogInit:      CURL_VERSION_IPV6
[2015.09.10-06.27.03:900][  0]LogInit:      CURL_VERSION_ASYNCHDNS
[2015.09.10-06.27.03:900][  0]LogInit:      CURL_VERSION_LARGEFILE
[2015.09.10-06.27.03:900][  0]LogInit:      CURL_VERSION_IDN
[2015.09.10-06.27.03:901][  0]LogInit:  CurlRequestOptions (configurable via config and command line):
[2015.09.10-06.27.03:901][  0]LogInit:  - bVerifyPeer = true  - Libcurl will verify peer certificate
[2015.09.10-06.27.03:901][  0]LogInit:  - bUseHttpProxy = false  - Libcurl will NOT use HTTP proxy
[2015.09.10-06.27.03:901][  0]LogInit:  - bDontReuseConnections = false  - Libcurl will reuse connections
[2015.09.10-06.27.03:901][  0]LogInit:  - CertBundlePath = nullptr  - Libcurl will use whatever was configured at build time.
[2015.09.10-06.27.03:948][  0]LogOnline:Warning: No default platform service specified for OnlineSubsystem
[2015.09.10-06.27.04:182][  0]LogInit: Presizing for 0 objects not considered by GC, pre-allocating 0 bytes.
[2015.09.10-06.27.04:225][  0]LogInit: Object subsystem initialized
[2015.09.10-06.27.04:240][  0]LogConsoleResponse:Warning: Skipping Unknown console variable: 'TranslucentSortAxis = (X=0.000000,Y=-1.000000,Z=0.000000)'
[2015.09.10-06.27.04:240][  0]LogConsoleResponse:Warning:   Found in ini file 'C:/Users/Samantha/Desktop/God-Killer/Saved/Config/Windows/Engine.ini', in section '[/Script/Engine.RendererSettings]'
[2015.09.10-06.27.04:241][  0]LogConsoleResponse:Warning: Skipping Unknown console variable: 'UIScaleRule = ShortestSide'
[2015.09.10-06.27.04:241][  0]LogConsoleResponse:Warning:   Found in ini file 'C:/Users/Samantha/Desktop/God-Killer/Saved/Config/Windows/Engine.ini', in section '[/Script/Engine.RendererSettings]'
[2015.09.10-06.27.04:241][  0]LogConsoleResponse:Warning: Skipping Unknown console variable: 'UIScaleCurve = (EditorCurveData=(Keys=),ExternalCurve=None)'
[2015.09.10-06.27.04:241][  0]LogConsoleResponse:Warning:   Found in ini file 'C:/Users/Samantha/Desktop/God-Killer/Saved/Config/Windows/Engine.ini', in section '[/Script/Engine.RendererSettings]'
[2015.09.10-06.27.04:261][  0]LogInit: Selected Device Profile: [Windows]
[2015.09.10-06.27.04:261][  0]LogInit: Applying CVar settings loaded from the selected device profile: [Windows]
[2015.09.10-06.27.04:411][  0]LogInit: Computer: SAMANTHAPC
[2015.09.10-06.27.04:411][  0]LogInit: User: Samantha
[2015.09.10-06.27.04:411][  0]LogInit: CPU Page size=4096, Cores=2
[2015.09.10-06.27.04:411][  0]LogInit: High frequency timer resolution =2.240907 MHz
[2015.09.10-06.27.04:425][  0]LogMemory: Memory total: Physical=5.9GB (6GB approx)
[2015.09.10-06.27.04:433][  0]LogMemory: Platform Memory Stats for Windows
[2015.09.10-06.27.04:433][  0]LogMemory: Process Physical Memory: 51.54 MB used, 51.54 MB peak
[2015.09.10-06.27.04:433][  0]LogMemory: Process Virtual Memory: 24.24 MB used, 24.24 MB peak
[2015.09.10-06.27.04:433][  0]LogMemory: Physical Memory: 2916.04 MB used, 6027.63 MB total
[2015.09.10-06.27.04:433][  0]LogMemory: Virtual Memory: 292.76 MB used, 134217728.00 MB total
[2015.09.10-06.27.05:380][  0]LogTextLocalizationManager: The requested culture ('en_US') has no localization data; parent culture's ('en') localization data will be used.
[2015.09.10-06.27.06:417][  0]LogTextLocalizationManager:Warning: Loaded localization resources contain conflicting entries for (Namespace:ContentBrowser, Key:ImportAssetToolTip):
Localization Resource: (C:/Program Files/Epic Games/4.8/Engine/Content/Localization/Editor/en/Editor.locres) Source String Hash: (-630476809) Localized String: (Import to {0}...)
Localization Resource: (C:/Program Files/Epic Games/4.8/Engine/Content/Localization/Editor/en/Editor.locres) Source String Hash: (1271782899) Localized String: (Imports an asset from file to this folder.)
[2015.09.10-06.27.08:604][  0]LogD3D11RHI: Found D3D11 adapter 0: Intel(R) HD Graphics Family (Feature Level 11_0)
[2015.09.10-06.27.08:604][  0]LogD3D11RHI: Adapter has 32MB of dedicated video memory, 0MB of dedicated system memory, and 1760MB of shared system memory, 1 output[s]
[2015.09.10-06.27.08:607][  0]LogD3D11RHI: Found D3D11 adapter 1: Microsoft Basic Render Driver (Feature Level 11_0)
[2015.09.10-06.27.08:607][  0]LogD3D11RHI: Adapter has 0MB of dedicated video memory, 0MB of dedicated system memory, and 256MB of shared system memory, 0 output[s]
[2015.09.10-06.27.08:607][  0]LogD3D11RHI: Chosen D3D11 Adapter Id = 0
[2015.09.10-06.27.08:634][  0]LogD3D11RHI: InitD3DDevice
[2015.09.10-06.27.08:634][  0]LogD3D11RHI: !Direct3DDevice
[2015.09.10-06.27.08:634][  0]LogRHI: Texture pool is 638 MB (70% of 912 MB)
[2015.09.10-06.27.08:650][  0]LogD3D11RHI: Async texture creation enabled
[2015.09.10-06.27.08:795][  0]LogShaderCompilers:Display: Using Local Shader Compiler.
[2015.09.10-06.27.16:958][  0]LogTemp:Display: Loaded TP DesktopTargetPlatform
[2015.09.10-06.27.17:045][  0]LogTemp:Display: Loaded TP WindowsClientTargetPlatform
[2015.09.10-06.27.17:124][  0]LogTemp:Display: Loaded TP WindowsNoEditorTargetPlatform
[2015.09.10-06.27.17:187][  0]LogTemp:Display: Loaded TP WindowsServerTargetPlatform
[2015.09.10-06.27.17:252][  0]LogTemp:Display: Loaded TP WindowsTargetPlatform
[2015.09.10-06.27.17:335][  0]LogTemp:Display: Loaded TP AndroidTargetPlatform
[2015.09.10-06.27.17:402][  0]LogTemp:Display: Loaded TP Android_ASTCTargetPlatform
[2015.09.10-06.27.17:463][  0]LogTemp:Display: Loaded TP Android_ATCTargetPlatform
[2015.09.10-06.27.17:527][  0]LogTemp:Display: Loaded TP Android_DXTTargetPlatform
[2015.09.10-06.27.17:587][  0]LogTemp:Display: Loaded TP Android_ETC1TargetPlatform
[2015.09.10-06.27.17:643][  0]LogTemp:Display: Loaded TP Android_ETC2TargetPlatform
[2015.09.10-06.27.17:703][  0]LogTemp:Display: Loaded TP Android_PVRTCTargetPlatform
[2015.09.10-06.27.17:946][  0]LogTemp:Display: Loaded TP IOSTargetPlatform
[2015.09.10-06.27.18:010][  0]LogTemp:Display: Loaded TP LinuxNoEditorTargetPlatform
[2015.09.10-06.27.18:056][  0]LogTemp:Display: Loaded TP LinuxServerTargetPlatform
[2015.09.10-06.27.18:137][  0]LogTemp:Display: Loaded TP LinuxTargetPlatform
[2015.09.10-06.27.18:137][  0]LogTargetPlatformManager:Display: Building Assets For Windows
[2015.09.10-06.27.19:397][  0]LogDerivedDataCache:Display: Max Cache Size: 512 MB
[2015.09.10-06.27.20:293][  0]LogDerivedDataCache: Loaded boot cache 0.90s 53MB C:/Users/Samantha/AppData/Local/UnrealEngine/4.8/DerivedDataCache/Boot.ddc.
[2015.09.10-06.27.20:293][  0]LogDerivedDataCache:Display: Loaded Boot cache: C:/Users/Samantha/AppData/Local/UnrealEngine/4.8/DerivedDataCache/Boot.ddc
[2015.09.10-06.27.20:294][  0]LogDerivedDataCache: FDerivedDataBackendGraph:  Pak pak cache file ../../../../../../Users/Samantha/Desktop/God-Killer/DerivedDataCache/DDC.ddp not found, will not use a pak cache.
[2015.09.10-06.27.20:294][  0]LogDerivedDataCache: Unable to find inner node Pak for hierarchical cache Hierarchy.
[2015.09.10-06.27.20:294][  0]LogDerivedDataCache: FDerivedDataBackendGraph:  CompressedPak pak cache file ../../../../../../Users/Samantha/Desktop/God-Killer/DerivedDataCache/Compressed.ddp not found, will not use a pak cache.
[2015.09.10-06.27.20:294][  0]LogDerivedDataCache: Unable to find inner node CompressedPak for hierarchical cache Hierarchy.
[2015.09.10-06.27.20:871][  0]LogDerivedDataCache:Display: Pak cache opened for reading ../../../Engine/DerivedDataCache/Compressed.ddp.
[2015.09.10-06.27.20:885][  0]LogDerivedDataCache: Using Local data cache path C:/Users/Samantha/AppData/Local/UnrealEngine/Common/DerivedDataCache: Writable
[2015.09.10-06.27.32:109][  0]LogInit: Selected Device Profile: [Windows]
[2015.09.10-06.27.32:664][  0]ImportText (ComponentSweepMultiTests): Missing closing parenthesis: (RootShapeAsset="/Engine/BasicShapes/Cube.Cube",ShapeType="TriggerCapsule",HitResult=(Time=0.50,Location=(X=-100.000015,Y=0.0,Z=100.000015),ImpactPoint=(X=-50.0,Y=0.0,Z=50.0),Normal=(X=-1.0,Y=-0.0,Z=0.0),ImpactNormal=(X=0.0,Y=0.0,Z=1.0),TraceStart=(X=-200.0,Y=0.0,Z=200.0),TraceEnd=(X=0.0,Y=0.0,Z=0.0))
[2015.09.10-06.27.32:665][  0]ImportText (LineTraceSingleByChannelTests): Missing closing parenthesis: (RootShapeAsset="/Engine/BasicShapes/Cube.Cube",HitResult=(Time=0.50,Location=(X=-100.000015,Y=0.0,Z=100.000015),ImpactPoint=(X=-50.0,Y=0.0,Z=50.0),Normal=(X=-1.0,Y=-0.0,Z=0.0),ImpactNormal=(X=0.0,Y=0.0,Z=1.0),TraceStart=(X=-200.0,Y=0.0,Z=200.0),TraceEnd=(X=0.0,Y=0.0,Z=0.0))
[2015.09.10-06.27.32:809][  0]LogMeshUtilities: No automatic mesh reduction module available
[2015.09.10-06.27.32:809][  0]LogMeshUtilities: No automatic mesh merging module available
[2015.09.10-06.27.34:944][  0]LogInit: WinSock: version 1.1 (2.2), MaxSocks=32767, MaxUdp=65467
[2015.09.10-06.27.37:698][  0]LogModuleManager:Warning: ModuleManager: Unable to load module 'C:/Program Files/Epic Games/4.8/Engine/Binaries/Win64/UE4Editor-XAudio2.dll' because the file couldn't be loaded by the OS.
[2015.09.10-06.28.08:977][  0]UdpMessaging: Initializing bridge on interface 0.0.0.0:0 to multicast group 230.0.0.1:6666.
[2015.09.10-06.28.11:286][  0]SourceControl: Info Source control is disabled
[2015.09.10-06.28.11:315][  0]SourceControl: Info Source control is disabled
[2015.09.10-06.28.11:412][  0]SourceControl: Info Source control is disabled
[2015.09.10-06.28.11:477][  0]SourceControl: Info Source control is disabled
[2015.09.10-06.28.13:061][  0]LogObj: 26273 objects as part of root set at end of initial load.
[2015.09.10-06.28.13:061][  0]LogUObjectAllocator: 5409256 out of 0 bytes used by permanent object pool.
[2015.09.10-06.28.13:743][  0]LogEngine: Initializing Engine...
[2015.09.10-06.28.13:772][  0]LogHMD: Can't find Oculus library dev build: is proper Runtime installed? Version: 0.6.0.0
[2015.09.10-06.28.13:912][  0]LogHMD:Warning: SteamVR failed to initialize.  Error: 110
[2015.09.10-06.28.14:569][  0]LogAIModule: Creating AISystem for world NewWorld
[2015.09.10-06.28.20:513][  0]LogModuleManager:Warning: ModuleManager: Unable to load module 'C:/Program Files/Epic Games/4.8/Engine/Binaries/Win64/UE4Editor-XAudio2.dll' because the file couldn't be loaded by the OS.
[2015.09.10-06.28.20:635][  0]LogDerivedDataCache: Saved boot cache 0.12s 53MB C:/Users/Samantha/AppData/Local/UnrealEngine/4.8/DerivedDataCache/Boot.ddc.
[2015.09.10-06.28.20:652][  0]LogInit: Texture streaming: Disabled
[2015.09.10-06.28.20:788][  0]LogAnalytics: Creating configured Analytics provider AnalyticsET
[2015.09.10-06.28.20:788][  0]LogAnalytics: [UEEditor.Rocket.Release] APIServer = http://et2.epicgames.com/ET2/. AppVersion = 4.8.3-2634408+++depot+UE4-Releases+4.8
[2015.09.10-06.28.20:788][  0]LogAnalytics: [UEEditor.Rocket.Release] SetUserId 46872bea408cfcc0100ac385d2b5ce07|e22a3db169b04f708165eaff958a9646|097015b1-a59a-4201-b460-717027cc9fe8
[2015.09.10-06.28.20:789][  0]LogAnalytics: [UEEditor.Rocket.Release] AnalyticsET::StartSession
[2015.09.10-06.28.21:063][  0]LogInit: Transaction tracking system initialized
[2015.09.10-06.28.21:750][  0]BlueprintLog: New page: Editor Load
[2015.09.10-06.28.21:922][  0]LogAssetRegistry: FAssetRegistry took 0.0121 seconds to start up
[2015.09.10-06.28.21:923][  0]LogDirectoryWatcher:Warning: Failed to begin reading directory changes for ../../../Engine/Plugins/Experimental/CharacterAI/Content/. Error: 0
[2015.09.10-06.28.27:076][  0]LogConsoleManager:Warning: Console variable 'r.VSync' wasn't set ('GameSetting' has a lower priority than 'SystemSettingsIni')
[2015.09.10-06.28.27:077][  0]LogConsoleResponse:Display: 
[2015.09.10-06.28.27:843][  0]LogCook:Display: Done creating registry. It took  0.00s.
[2015.09.10-06.28.29:656][  0]SourceControl: Info Source control is disabled
[2015.09.10-06.28.29:687][  0]Cmd: MAP LOAD FILE="../../../../../../Users/Samantha/Desktop/God-Killer/Content/Scene/NewCave.umap" TEMPLATE=0 SHOWPROGRESS=1 FEATURELEVEL=3
[2015.09.10-06.28.29:697][  0]LightingResults: New page: Lighting Build
[2015.09.10-06.28.29:797][  0]MapCheck: New page: Map Check
[2015.09.10-06.28.29:797][  0]LightingResults: New page: Lighting Build
[2015.09.10-06.28.29:849][  0]LogParticles: Destroying 0 GPU particle simulations for FXSystem 0x00000039107C9300
[2015.09.10-06.28.35:901][  0]LogBlueprint:Warning: [compiler Gui] Warning 'gnawmers' is already a 'Enemy 1', you don't need  Cast To Enemy1 .
[2015.09.10-06.28.35:931][  0]LogBlueprint:Warning: [compiler Gui] Warning [0098.09] Compile of Gui successful, but with 1 Warning(s) [in 121 ms]
[2015.09.10-06.28.35:932][  0]LogBlueprint:Warning: [compiler Gui] Warning [0098.09] Compile of Gui successful, but with 2 Warning(s) [in 0 ms]
[2015.09.10-06.28.35:932][  0]LogBlueprint:Warning: [compiler Gui] Warning [0098.09] Compile of Gui successful, but with 3 Warning(s) [in 0 ms]
[2015.09.10-06.28.37:296][  0]LogBlueprint:Warning: [compiler GnawmersHealth] Warning 'gnawmers' is already a 'Enemy 1', you don't need  Cast To Enemy1 .
[2015.09.10-06.28.37:298][  0]LogBlueprint:Warning: [compiler GnawmersHealth] Warning [0099.46] Compile of GnawmersHealth successful, but with 1 Warning(s) [in 39 ms]
[2015.09.10-06.28.37:298][  0]LogBlueprint:Warning: [compiler GnawmersHealth] Warning [0099.46] Compile of GnawmersHealth successful, but with 2 Warning(s) [in 0 ms]
[2015.09.10-06.28.37:298][  0]LogBlueprint:Warning: [compiler GnawmersHealth] Warning [0099.46] Compile of GnawmersHealth successful, but with 3 Warning(s) [in 0 ms]
[2015.09.10-06.28.43:448][  0]LogBlueprint:Warning: [compiler Gui] Warning 'gnawmers' is already a 'Enemy 1', you don't need  Cast To Enemy1 .
[2015.09.10-06.28.43:479][  0]LogBlueprint:Warning: [compiler Gui] Warning [0105.64] Compile of Gui successful, but with 1 Warning(s) [in 126 ms]
[2015.09.10-06.28.43:483][  0]LogBlueprint:Warning: [compiler Gui] Warning [0105.64] Compile of Gui successful, but with 2 Warning(s) [in 4 ms]
[2015.09.10-06.28.43:788][  0]LogBlueprint:Warning: [compiler GnawmersHealth] Warning 'gnawmers' is already a 'Enemy 1', you don't need  Cast To Enemy1 .
[2015.09.10-06.28.43:790][  0]LogBlueprint:Warning: [compiler GnawmersHealth] Warning [0105.95] Compile of GnawmersHealth successful, but with 1 Warning(s) [in 43 ms]
[2015.09.10-06.28.43:791][  0]LogBlueprint:Warning: [compiler GnawmersHealth] Warning [0105.95] Compile of GnawmersHealth successful, but with 2 Warning(s) [in 0 ms]
[2015.09.10-06.29.47:836][  0]LogAIModule: Creating AISystem for world NewCave
[2015.09.10-06.29.52:667][  0]LogEditorServer: Finished looking for orphan Actors (0.000 secs)
[2015.09.10-06.29.52:674][  0]Cmd: MAP CHECKDEP NOCLEARLOG
[2015.09.10-06.29.52:989][  0]MapCheck: Info Map check complete: 0 Error(s), 0 Warning(s), took 314.974ms to complete.
[2015.09.10-06.29.52:990][  0]LogFileHelpers: Loading map 'NewCave' took 83.303
[2015.09.10-06.29.53:292][  0]LogCollectionManager: Loaded 0 collections in 0.009232 seconds
[2015.09.10-06.29.53:320][  0]LogContentBrowser: Native class hierarchy populated in 0.0274 seconds. Added 1792 classes and 301 folders.
[2015.09.10-06.29.53:572][  0]LogContentBrowser: Native class hierarchy updated for 'WidgetCarousel' in 0.0011 seconds. Added 0 classes and 0 folders.
[2015.09.10-06.29.54:371][  0]LogContentBrowser: Native class hierarchy updated for 'AddContentDialog' in 0.0011 seconds. Added 0 classes and 0 folders.
[2015.09.10-06.29.54:716][  0]LogContentBrowser: Native class hierarchy updated for 'SceneOutliner' in 0.0011 seconds. Added 1 classes and 2 folders.
[2015.09.10-06.29.54:954][  0]LogCrashTracker: Crashtracker disabled due to settings.
[2015.09.10-06.29.54:958][  0]LogD3D11RHI: InitD3DDevice
[2015.09.10-06.29.54:965][  0]LogUObjectGlobals:Warning: Failed to find object 'Class None.'
[2015.09.10-06.29.55:009][  0]LogLoad: Full Startup: 177.17 seconds (BP compile: 11.51 seconds)
[2015.09.10-06.29.55:581][  0]LogContentStreaming: Texture pool size is 0.000000MB
[2015.09.10-06.29.56:274][  0]LogContentStreaming: Texture pool size now 700 MB
[2015.09.10-06.29.56:719][  0]LogRenderer: Reallocating scene render targets to support 936x712 (Frame:2).
[2015.09.10-06.29.58:257][  1]Cmd: UpdateLandscapeEditorData -warnings
[2015.09.10-06.29.58:295][  1]Cmd: UpdateLandscapeEditorData
[2015.09.10-06.29.59:034][  2]LogD3D11RHI: InitD3DDevice
[2015.09.10-06.30.07:651][ 67]LogAssetRegistry: Asset discovery search completed in 105.7407 seconds
[2015.09.10-06.30.54:041][467]LogD3D11RHI: InitD3DDevice
[2015.09.10-06.30.57:529][495]LogD3D11RHI: InitD3DDevice
[2015.09.10-06.30.58:001][495]LogLinker:Warning: Asset '../../../Engine/Content/ArtTools/RenderToTexture/Macros/RenderToTextureMacros.uasset' has been saved with empty engine version. The asset will be loaded but may be incompatible.
[2015.09.10-06.30.58:253][495]LogLinker:Warning: Asset '../../../Engine/Content/ArtTools/RenderToTexture/Enums/RenderToTexture_Enum.uasset' has been saved with empty engine version. The asset will be loaded but may be incompatible.
[2015.09.10-06.31.07:222][575]LogD3D11RHI: InitD3DDevice
[2015.09.10-06.31.10:906][617]LogD3D11RHI: InitD3DDevice
[2015.09.10-06.37.44:767][300]LogRenderer: Reallocating scene render targets to support 968x712 (Frame:551).
[2015.09.10-06.38.01:109][660]LogD3D11RHI: InitD3DDevice
[2015.09.10-06.38.37:409][359]LogD3D11RHI: InitD3DDevice
[2015.09.10-06.38.39:417][466]LogD3D11RHI: InitD3DDevice
[2015.09.10-06.38.40:005][497]LogD3D11RHI: InitD3DDevice
[2015.09.10-06.39.01:971][ 82]BlueprintLog: New page: Compile Crystal1
[2015.09.10-06.39.02:054][ 82]LogBlueprint:Error: [compiler Crystal1] Error This blueprint (self) is not a ParticleSystemComponent, therefore ' Target ' must have a connection.
[2015.09.10-06.39.05:153][ 82]LogBlueprint:Warning: [compiler Crystal1] Warning [0727.31] Compile of Crystal1 failed. 1 Fatal Issue(s) 0 Warning(s) [in 3,180 ms]
[2015.09.10-06.39.05:153][ 82]BlueprintEditorCompileResults:Error: Error This blueprint (self) is not a ParticleSystemComponent, therefore ' Target ' must have a connection.
[2015.09.10-06.39.05:153][ 82]BlueprintEditorCompileResults:Warning: Warning [0727.31] Compile of Crystal1 failed. 1 Fatal Issue(s) 0 Warning(s) [in 3,180 ms]
[2015.09.10-06.39.05:154][ 82]BlueprintLog: New page: Compile Crystal1
[2015.09.10-06.39.05:219][ 82]LogBlueprint:Error: [compiler Crystal1] Error This blueprint (self) is not a ParticleSystemComponent, therefore ' Target ' must have a connection.
[2015.09.10-06.39.05:842][ 82]LogBlueprint:Warning: [compiler Crystal1] Warning [0728.00] Compile of Crystal1 failed. 1 Fatal Issue(s) 0 Warning(s) [in 687 ms]
[2015.09.10-06.39.05:843][ 82]BlueprintEditorCompileResults:Error: Error This blueprint (self) is not a ParticleSystemComponent, therefore ' Target ' must have a connection.
[2015.09.10-06.39.05:843][ 82]BlueprintEditorCompileResults:Warning: Warning [0728.00] Compile of Crystal1 failed. 1 Fatal Issue(s) 0 Warning(s) [in 687 ms]
[2015.09.10-06.39.14:071][275]BlueprintLog: New page: Comp