Log file open, 07/22/15 23:56:21
LogInit:Display: Running engine for game: GodKiller
LogInit: Version: 4.7.6-2513093+++depot+UE4-Releases+4.7
LogInit: API Version: 2455222
LogInit: Compiled (64-bit): Apr 15 2015 12:09:54
LogInit: Compiled with Visual C++: 18.00.21005.01
LogInit: Build Configuration: Development
LogInit: Branch Name: ++depot+UE4-Releases+4.7
LogInit: Command line: 
LogInit: Base directory: C:/Program Files/Epic Games/4.7/Engine/Binaries/Win64/
LogInit: Rocket: 1
[2015.07.23-06.56.21:963][  0]LogTaskGraph: Started task graph with 3 named threads and 4 total threads.
[2015.07.23-06.56.22:037][  0]LogOnline:Warning: No default platform service specified for OnlineSubsystem
[2015.07.23-06.56.22:094][  0]LogInit: Presizing for 0 objects not considered by GC, pre-allocating 0 bytes.
[2015.07.23-06.56.22:133][  0]LogInit: Object subsystem initialized
[2015.07.23-06.56.22:140][  0]LogConsoleResponse:Warning: Skipping Unknown console variable: 'TranslucentSortAxis = (X=0.000000,Y=-1.000000,Z=0.000000)'
[2015.07.23-06.56.22:140][  0]LogConsoleResponse:Warning:   Found in ini file 'C:/Users/Samantha/Desktop/God-Killer/Saved/Config/Windows/Engine.ini', in section '[/Script/Engine.RendererSettings]'
[2015.07.23-06.56.22:140][  0]LogConsoleResponse:Warning: Skipping Unknown console variable: 'UIScaleRule = ShortestSide'
[2015.07.23-06.56.22:140][  0]LogConsoleResponse:Warning:   Found in ini file 'C:/Users/Samantha/Desktop/God-Killer/Saved/Config/Windows/Engine.ini', in section '[/Script/Engine.RendererSettings]'
[2015.07.23-06.56.22:140][  0]LogConsoleResponse:Warning: Skipping Unknown console variable: 'UIScaleCurve = (EditorCurveData=(Keys=),ExternalCurve=None)'
[2015.07.23-06.56.22:140][  0]LogConsoleResponse:Warning:   Found in ini file 'C:/Users/Samantha/Desktop/God-Killer/Saved/Config/Windows/Engine.ini', in section '[/Script/Engine.RendererSettings]'
[2015.07.23-06.56.22:142][  0]LogInit: Selected Device Profile: [Windows]
[2015.07.23-06.56.22:142][  0]LogInit: Applying CVar settings loaded from the selected device profile: [Windows]
[2015.07.23-06.56.22:169][  0]LogInit: Computer: SAMANTHAPC
[2015.07.23-06.56.22:169][  0]LogInit: User: Samantha
[2015.07.23-06.56.22:169][  0]LogInit: CPU Page size=4096, Cores=2
[2015.07.23-06.56.22:169][  0]LogInit: High frequency timer resolution =2.240903 MHz
[2015.07.23-06.56.22:169][  0]LogMemory: Memory total: Physical=5.9GB (6GB approx) Virtual=131072.0GB
[2015.07.23-06.56.22:171][  0]LogMemory: Platform Memory Stats for Windows
[2015.07.23-06.56.22:171][  0]LogMemory: Process Physical Memory: 46.32 MB used, 46.32 MB peak
[2015.07.23-06.56.22:171][  0]LogMemory: Process Virtual Memory: 26.23 MB used, 26.24 MB peak
[2015.07.23-06.56.22:171][  0]LogMemory: Physical Memory: 3778.13 MB used, 6027.63 MB total
[2015.07.23-06.56.22:171][  0]LogMemory: Virtual Memory: 291.66 MB used, 134217728.00 MB total
[2015.07.23-06.56.22:210][  0]LogD3D11RHI: Found D3D11 adapter 0: Intel(R) HD Graphics Family (Feature Level 11_0)
[2015.07.23-06.56.22:210][  0]LogD3D11RHI: Adapter has 32MB of dedicated video memory, 0MB of dedicated system memory, and 1760MB of shared system memory, 1 output[s]
[2015.07.23-06.56.22:213][  0]LogD3D11RHI: Found D3D11 adapter 1: Microsoft Basic Render Driver (Feature Level 11_0)
[2015.07.23-06.56.22:213][  0]LogD3D11RHI: Adapter has 0MB of dedicated video memory, 0MB of dedicated system memory, and 256MB of shared system memory, 0 output[s]
[2015.07.23-06.56.22:213][  0]LogD3D11RHI: Chosen D3D11 Adapter Id = 0
[2015.07.23-06.56.22:229][  0]LogRHI: Texture pool is 638 MB (70% of 912 MB)
[2015.07.23-06.56.22:247][  0]LogD3D11RHI: Async texture creation enabled
[2015.07.23-06.56.22:352][  0]LogTextLocalizationManager: The requested culture ('en_US') has no localization data; parent culture's ('en') localization data will be used.
[2015.07.23-06.56.22:613][  0]LogTextLocalizationManager:Warning: Loading localization resources contain conflicting entries for (Namespace:UICommands, Key:Save_ToolTip):
Resource: (C:/Program Files/Epic Games/4.7/Engine/Content/Localization/Editor/en/Editor.locres) Hash: (-29098895) String: (Saves the current level to disk)
Resource: (C:/Program Files/Epic Games/4.7/Engine/Content/Localization/Engine/en/Engine.locres) Hash: (-1280300587) String: (Save selected data to vlog file)
[2015.07.23-06.56.22:614][  0]LogTextLocalizationManager:Warning: Loading localization resources contain conflicting entries for (Namespace:ContentBrowser, Key:ImportAssetToolTip):
Resource: (C:/Program Files/Epic Games/4.7/Engine/Content/Localization/Editor/en/Editor.locres) Hash: (-630476809) String: (Import to {0}...)
Resource: (C:/Program Files/Epic Games/4.7/Engine/Content/Localization/Editor/en/Editor.locres) Hash: (1271782899) String: (Imports an asset from file to this folder.)
[2015.07.23-06.56.22:928][  0]LogContentStreaming: Texture pool size is 0.000000MB
[2015.07.23-06.56.28:439][  0]LogTargetPlatformManager:Display: Building Assets For Windows
[2015.07.23-06.56.29:662][  0]LogTargetPlatformManager:Display: Building Assets For Windows
[2015.07.23-06.56.29:818][  0]LogDerivedDataCache:Display: Max Cache Size: 512 MB
[2015.07.23-06.56.29:905][  0]LogDerivedDataCache: Loaded boot cache 0.09s 39MB C:/Users/Samantha/AppData/Local/UnrealEngine/4.7/DerivedDataCache/Boot.ddc.
[2015.07.23-06.56.29:905][  0]LogDerivedDataCache:Display: Loaded Boot cache: C:/Users/Samantha/AppData/Local/UnrealEngine/4.7/DerivedDataCache/Boot.ddc
[2015.07.23-06.56.29:905][  0]LogDerivedDataCache: FDerivedDataBackendGraph:  Pak pak cache file ../../../../../../Users/Samantha/Desktop/God-Killer/DerivedDataCache/DDC.ddp not found, will not use a pak cache.
[2015.07.23-06.56.29:905][  0]LogDerivedDataCache: Unable to find inner node Pak for hierarchical cache Hierarchy.
[2015.07.23-06.56.30:166][  0]LogDerivedDataCache:Display: Pak cache opened for reading ../../../Engine/DerivedDataCache/Compressed.ddp.
[2015.07.23-06.56.30:180][  0]LogDerivedDataCache: Using Local data cache path C:/Users/Samantha/AppData/Local/UnrealEngine/Common/DerivedDataCache: Writable
[2015.07.23-06.56.30:792][  0]LogMeshUtilities: No automatic mesh reduction module available
[2015.07.23-06.56.30:792][  0]LogMeshUtilities: No automatic mesh merging module available
[2015.07.23-06.56.31:647][  0]LogInit: WinSock: version 1.1 (2.2), MaxSocks=32767, MaxUdp=65467
[2015.07.23-06.56.38:381][  0]LogModuleManager:Warning: ModuleManager: Unable to load module 'C:/Program Files/Epic Games/4.7/Engine/Binaries/Win64/UE4Editor-XAudio2.dll' because the file couldn't be loaded by the OS.
[2015.07.23-06.56.38:585][  0]LogSlate:Warning: Failed to load font data from '../../../Engine/Content/Slate/Fonts/Roboto-Italic.ttf'
[2015.07.23-06.56.40:758][  0]UdpMessaging: Initializing bridge on interface 0.0.0.0:0 to multicast group 230.0.0.1:6666.
[2015.07.23-06.56.41:249][  0]SourceControl: Info Source control is disabled
[2015.07.23-06.56.41:249][  0]SourceControl: Info Source control is disabled
[2015.07.23-06.56.41:249][  0]SourceControl: Info Source control is disabled
[2015.07.23-06.56.41:249][  0]LogSourceControl: RunCommandInternalRaw: 'git version'
[2015.07.23-06.56.41:249][  0]LogSourceControl: RunCommandInternalRaw: ExecProcess ReturnCode=2 OutResults=''
[2015.07.23-06.56.41:277][  0]SourceControl: Info Source control is disabled
[2015.07.23-06.56.41:830][  0]LogObj: 24232 objects as part of root set at end of initial load.
[2015.07.23-06.56.41:830][  0]LogUObjectAllocator: 5137168 out of 0 bytes used by permanent object pool.
[2015.07.23-06.56.42:055][  0]LogEngine: Initializing Engine...
[2015.07.23-06.56.46:470][  0]LogModuleManager:Warning: ModuleManager: Unable to load module 'C:/Program Files/Epic Games/4.7/Engine/Binaries/Win64/UE4Editor-XAudio2.dll' because the file couldn't be loaded by the OS.
[2015.07.23-06.56.46:587][  0]LogAIModule: Creating AISystem for world NewWorld
[2015.07.23-06.56.46:645][  0]LogDerivedDataCache: Saved boot cache 0.06s 39MB C:/Users/Samantha/AppData/Local/UnrealEngine/4.7/DerivedDataCache/Boot.ddc.
[2015.07.23-06.56.46:655][  0]LogInit: Texture streaming: Enabled
[2015.07.23-06.56.46:926][  0]LogAnalytics: Creating configured Analytics provider AnalyticsET
[2015.07.23-06.56.46:927][  0]LogAnalytics: ET APIKey = Rocket.Release. APIServer = http://et2.epicgames.com/ET2/. AppVersion = 4.7.6-2513093+++depot+UE4-Releases+4.7
[2015.07.23-06.56.46:927][  0]LogAnalytics: ET APIKey = Rocket.Release. DataRouterUploadURL = https://datarouter-public-service-gamedev.ol.epicgames.net/datarouter/api/v1/public/data. AppVersion = 4.7.6-2513093+++depot+UE4-Releases+4.7
[2015.07.23-06.56.46:927][  0]LogAnalytics: SetUserId 46872bea408cfcc0100ac385d2b5ce07|e22a3db169b04f708165eaff958a9646|097015b1-a59a-4201-b460-717027cc9fe8
[2015.07.23-06.56.46:927][  0]LogAnalytics: AnalyticsET::StartSession [Rocket.Release]
[2015.07.23-06.56.46:995][  0]LogInit: Transaction tracking system initialized
[2015.07.23-06.56.47:511][  0]BlueprintLog: New page: Editor Load
[2015.07.23-06.56.47:597][  0]LogAssetRegistry: FAssetRegistry took 0.0110 seconds to start up
[2015.07.23-06.56.47:598][  0]LogDirectoryWatcher:Warning: Failed to begin reading directory changes for ../../../Engine/Plugins/Experimental/CharacterAI/Content/. Error: 0
[2015.07.23-06.56.49:208][  0]LogTargetPlatformManager:Display: Building Assets For Windows
[2015.07.23-06.56.50:294][  0]LogTargetPlatformManager:Display: Building Assets For Windows
[2015.07.23-06.56.51:026][  0]LogSlate:Warning: Failed to load font data from '../../../Engine/Content/Editor/Slate/Fonts/Roboto-Regular.ttf'
[2015.07.23-06.56.51:027][  0]LogSlate:Warning: Failed to load font data from '../../../Engine/Content/Editor/Slate/Fonts/Roboto-Bold.ttf'
[2015.07.23-06.56.51:040][  0]LogConsoleResponse:Display: 
[2015.07.23-06.56.51:416][  0]LogCook:Display: Done creating registry. It took  0.00s.
[2015.07.23-06.56.51:851][  0]SourceControl: Info Source control is disabled
[2015.07.23-06.56.51:851][  0]Cmd: MAP LOAD FILE="../../../../../../Users/Samantha/Desktop/God-Killer/Content/Scene/NewCave.umap" TEMPLATE=0 SHOWPROGRESS=1 FEATURELEVEL=3
[2015.07.23-06.56.51:852][  0]LightingResults: New page: Lighting Build
[2015.07.23-06.56.51:889][  0]MapCheck: New page: Map Check
[2015.07.23-06.56.51:889][  0]LightingResults: New page: Lighting Build
[2015.07.23-06.56.51:936][  0]LogParticles: Destroying 0 GPU particle simulations for FXSystem 0x000000B0D75EFB00
[2015.07.23-06.57.04:312][  0]LogMaterial: Missing cached shader map for material Vamp_alpha_Mat, compiling. 
[2015.07.23-06.57.04:530][  0]LogMaterial: Missing cached shader map for material Vamp_Mat, compiling. 
[2015.07.23-06.57.04:583][  0]LogMaterial: Missing cached shader map for material sword_mat, compiling. 
[2015.07.23-06.57.04:802][  0]LogMaterial: Missing cached shader map for material GnawmersColor, compiling. 
[2015.07.23-06.57.04:932][  0]LogMaterial: Missing cached shader map for material DoorMaty, compiling. 
[2015.07.23-06.57.04:980][  0]LogMaterial: Missing cached shader map for material Dragon_Heads, compiling. 
[2015.07.23-06.57.05:071][  0]LogMaterial: Missing cached shader map for material Mat_Sparks, compiling. 
[2015.07.23-06.57.05:098][  0]LogMaterial: Missing cached shader map for material Gui_Bar, compiling. 
[2015.07.23-06.57.05:122][  0]LogMaterial: Missing cached shader map for material Death, compiling. 
[2015.07.23-06.57.05:144][  0]LogMaterial: Missing cached shader map for material Mat_Aura, compiling. 
[2015.07.23-06.57.05:180][  0]LogMaterial: Missing cached shader map for material Mat_Lightning, compiling. 
[2015.07.23-06.57.05:215][  0]LogMaterial: Missing cached shader map for material frostedglassLight, compiling. 
[2015.07.23-06.57.05:288][  0]LogMaterial: Missing cached shader map for material PotMat, compiling. 
[2015.07.23-06.57.07:179][  0]LogTexture:Display: Building textures: CaveTexture (AutoDXT)
[2015.07.23-06.58.52:039][  0]LogTexture:Display: Building textures: stonebone (AutoDXT)
[2015.07.23-06.59.16:649][  0]LogTexture:Display: Building textures: stonebone_NRML (BC5)
[2015.07.23-06.59.19:529][  0]LogTexture:Display: Building textures: stonebone_O (AutoDXT)
[2015.07.23-06.59.32:148][  0]LogMaterial: Missing cached shader map for material Ground, compiling. 
[2015.07.23-06.59.32:851][  0]LogTexture:Display: Building textures: StonePillar (AutoDXT)
[2015.07.23-07.00.00:049][  0]LogTexture:Display: Building textures: StonePillar_ao (AutoDXT)
[2015.07.23-07.00.15:173][  0]LogTexture:Display: Building textures: StonePillar_Nrml (BC5)
[2015.07.23-07.00.18:029][  0]LogMaterial: Missing cached shader map for material OtherStone, compiling. 
[2015.07.23-07.00.18:056][  0]LogMaterial: Missing cached shader map for material Rock2, compiling. 
[2015.07.23-07.00.19:892][  0]LogTexture:Display: Building textures: Altar_dDo_d (AutoDXT)
[2015.07.23-07.02.08:611][  0]LogTexture:Display: Building textures: Altar_dDo_n (BC5)
[2015.07.23-07.02.22:362][  0]LogTexture:Display: Building textures: Altar_dDo_s (AutoDXT)
[2015.07.23-07.03.53:500][  0]LogMaterial: Missing cached shader map for material Altar_dDo_d_Mat, compiling. 
[2015.07.23-07.03.53:552][  0]LogTexture:Display: Building textures: T_bronze_N (BC5)
[2015.07.23-07.03.55:136][  0]LogTexture:Display: Building textures: Cloud (BC5)
[2015.07.23-07.04.05:899][  0]LogMaterial: Missing cached shader map for material Water, compiling. 
[2015.07.23-07.04.05:996][  0]LogTexture:Display: Building textures: DragonBackground (BGRA8)
[2015.07.23-07.04.06:170][  0]LogTexture:Display: Building textures: Mousee (BGRA8)
[2015.07.23-07.04.06:341][  0]LogTexture:Display: Building textures: bark (AutoDXT)
[2015.07.23-07.04.08:018][  0]LogTexture:Display: Building textures: bark_N (BC5)
[2015.07.23-07.04.08:194][  0]LogMaterial: Missing cached shader map for material Mat_Bark, compiling. 
[2015.07.23-07.04.08:238][  0]LogTexture:Display: Building textures: T_Chair_D (AutoDXT)
[2015.07.23-07.04.09:388][  0]LogTexture:Display: Building textures: T_Chair_N (BC5)
[2015.07.23-07.04.09:561][  0]LogMaterial: Missing cached shader map for material Mat_Chair, compiling. 
[2015.07.23-07.04.09:625][  0]LogTexture:Display: Building textures: T_burlap (AutoDXT)
[2015.07.23-07.04.11:246][  0]LogMaterial: Missing cached shader map for material Mat_Burlap, compiling. 
[2015.07.23-07.04.11:716][  0]LogTexture:Display: Building textures: ScalfoldingD (AutoDXT)
[2015.07.23-07.04.37:040][  0]LogTexture:Display: Building textures: ScalfoldingNRML (BC5)
[2015.07.23-07.04.40:101][  0]LogTexture:Display: Building textures: ScalfoldingS (AutoDXT)
[2015.07.23-07.05.04:537][  0]LogMaterial: Missing cached shader map for material Scalfolding, compiling. 
[2015.07.23-07.05.04:594][  0]LogTexture:Display: Building textures: T_Table_D (AutoDXT)
[2015.07.23-07.05.06:335][  0]LogTexture:Display: Building textures: T_Table_N (BC5)
[2015.07.23-07.05.06:501][  0]LogMaterial: Missing cached shader map for material Mat_Table, compiling. 
[2015.07.23-07.05.06:639][  0]LogTexture:Display: Building textures: T_Wagon_D (AutoDXT)
[2015.07.23-07.05.11:986][  0]LogTexture:Display: Building textures: T_Wagon_N (BC5)
[2015.07.23-07.05.12:601][  0]LogMaterial: Missing cached shader map for material Mat_Wagon, compiling. 
[2015.07.23-07.05.12:634][  0]LogMaterial: Missing cached shader map for material StonePillarMat, compiling. 
[2015.07.23-07.05.12:765][  0]LogTexture:Display: Building textures: glass (AutoDXT)
[2015.07.23-07.05.14:205][  0]LogTexture:Display: Building textures: Lanturn02__dDo05_d (AutoDXT)
[2015.07.23-07.05.14:886][  0]LogTexture:Display: Building textures: Lanturn02__dDo05_n (BC5)
[2015.07.23-07.05.15:375][  0]LogTexture:Display: Building textures: Lanturn02__dDo05_s (AutoDXT)
[2015.07.23-07.05.17:268][  0]LogTexture:Display: Building textures: metal (AutoDXT)
[2015.07.23-07.05.19:060][  0]LogMaterial: Missing cached shader map for material Lanturn_mat, compiling. 
[2015.07.23-07.05.19:092][  0]LogMaterial: Missing cached shader map for material Cave, compiling. 
[2015.07.23-07.05.19:626][  0]LogTexture:Display: Building textures: Floortile_dDo02_d (AutoDXT)
[2015.07.23-07.05.46:832][  0]LogTexture:Display: Building textures: Floortile_dDo02_n (BC5)
[2015.07.23-07.05.50:182][  0]LogTexture:Display: Building textures: Floortile_dDo02_s (AutoDXT)
[2015.07.23-07.06.17:480][  0]LogMaterial: Missing cached shader map for material Tile, compiling. 
[2015.07.23-07.06.17:810][  0]LogTexture:Display: Building textures: Mat_Fire_SubUv (AutoDXT)
[2015.07.23-07.06.27:337][  0]LogMaterial: Missing cached shader map for material Mat_Flame, compiling. 
[2015.07.23-07.06.27:695][  0]LogTexture:Display: Building textures: Mat_Fire_Blue_SubUv (AutoDXT)
[2015.07.23-07.06.36:812][  0]LogTexture:Display: Building textures: ThumbnailTexture (DXT1)
[2015.07.23-07.06.37:021][  0]LogMaterial: Missing cached shader map for material Mat_Flame_Blue, compiling. 
[2015.07.23-07.06.37:095][  0]LogTexture:Display: Building textures: ThumbnailTexture (DXT1)
[2015.07.23-07.06.37:336][  0]LogTexture:Display: Building textures: Texture2D_3 (BGRA8)
[2015.07.23-07.06.37:381][  0]LogTexture:Display: Building textures: HQ_Lightmap0_1 (AutoDXT)
[2015.07.23-07.06.37:588][  0]LogTexture:Display: Building textures: HQ_Lightmap0_48 (AutoDXT)
[2015.07.23-07.06.37:615][  0]LogTexture:Display: Building textures: HQ_Lightmap0_49 (AutoDXT)
[2015.07.23-07.06.37:637][  0]LogTexture:Display: Building textures: HQ_Lightmap0_50 (AutoDXT)
[2015.07.23-07.06.37:678][  0]LogTexture:Display: Building textures: HQ_Lightmap1_10 (AutoDXT)
[2015.07.23-07.06.37:717][  0]LogTexture:Display: Building textures: HQ_Lightmap1_11 (AutoDXT)
[2015.07.23-07.06.37:757][  0]LogTexture:Display: Building textures: HQ_Lightmap1_12 (AutoDXT)
[2015.07.23-07.06.37:774][  0]LogTexture:Display: Building textures: HQ_Lightmap1_13 (AutoDXT)
[2015.07.23-07.06.37:894][  0]LogTexture:Display: Building textures: HQ_Lightmap1_14 (AutoDXT)
[2015.07.23-07.06.37:928][  0]LogTexture:Display: Building textures: HQ_Lightmap1_15 (AutoDXT)
[2015.07.23-07.06.37:938][  0]LogTexture:Display: Building textures: HQ_Lightmap1_16 (AutoDXT)
[2015.07.23-07.06.37:949][  0]LogTexture:Display: Building textures: HQ_Lightmap1_17 (AutoDXT)
[2015.07.23-07.06.37:955][  0]LogTexture:Display: Building textures: HQ_Lightmap1_18 (AutoDXT)
[2015.07.23-07.06.38:011][  0]LogTexture:Display: Building textures: HQ_Lightmap1_19 (AutoDXT)
[2015.07.23-07.06.38:046][  0]LogTexture:Display: Building textures: HQ_Lightmap1_2 (AutoDXT)
[2015.07.23-07.06.38:768][  0]LogTexture:Display: Building textures: HQ_Lightmap1_20 (AutoDXT)
[2015.07.23-07.06.38:779][  0]LogTexture:Display: Building textures: HQ_Lightmap1_21 (AutoDXT)
[2015.07.23-07.06.38:785][  0]LogTexture:Display: Building textures: HQ_Lightmap1_22 (AutoDXT)
[2015.07.23-07.06.38:797][  0]LogTexture:Display: Building textures: HQ_Lightmap1_23 (AutoDXT)
[2015.07.23-07.06.38:838][  0]LogTexture:Display: Building textures: HQ_Lightmap1_24 (AutoDXT)
[2015.07.23-07.06.38:852][  0]LogTexture:Display: Building textures: HQ_Lightmap1_25 (AutoDXT)
[2015.07.23-07.06.38:860][  0]LogTexture:Display: Building textures: HQ_Lightmap1_26 (AutoDXT)
[2015.07.23-07.06.38:883][  0]LogTexture:Display: Building textures: HQ_Lightmap1_27 (AutoDXT)
[2015.07.23-07.06.39:174][  0]LogTexture:Display: Building textures: HQ_Lightmap1_28 (AutoDXT)
[2015.07.23-07.06.39:197][  0]LogTexture:Display: Building textures: HQ_Lightmap1_29 (AutoDXT)
[2015.07.23-07.06.39:210][  0]LogTexture:Display: Building textures: HQ_Lightmap1_3 (AutoDXT)
[2015.07.23-07.06.39:496][  0]LogTexture:Display: Building textures: HQ_Lightmap1_30 (AutoDXT)
[2015.07.23-07.06.39:508][  0]LogTexture:Display: Building textures: HQ_Lightmap1_31 (AutoDXT)
[2015.07.23-07.06.39:520][  0]LogTexture:Display: Building textures: HQ_Lightmap1_32 (AutoDXT)
[2015.07.23-07.06.39:530][  0]LogTexture:Display: Building textures: HQ_Lightmap1_33 (AutoDXT)
[2015.07.23-07.06.39:544][  0]LogTexture:Display: Building textures: HQ_Lightmap1_34 (AutoDXT)
[2015.07.23-07.06.39:549][  0]LogTexture:Display: Building textures: HQ_Lightmap1_35 (AutoDXT)
[2015.07.23-07.06.39:557][  0]LogTexture:Display: Building textures: HQ_Lightmap1_36 (AutoDXT)
[2015.07.23-07.06.39:566][  0]LogTexture:Display: Building textures: HQ_Lightmap1_37 (AutoDXT)
[2015.07.23-07.06.39:579][  0]LogTexture:Display: Building textures: HQ_Lightmap1_38 (AutoDXT)
[2015.07.23-07.06.39:637][  0]LogTexture:Display: Building textures: HQ_Lightmap1_39 (AutoDXT)
[2015.07.23-07.06.39:678][  0]LogTexture:Display: Building textures: HQ_Lightmap1_4 (AutoDXT)
[2015.07.23-07.06.40:057][  0]LogTexture:Display: Building textures: HQ_Lightmap1_40 (AutoDXT)
[2015.07.23-07.06.40:091][  0]LogTexture:Display: Building textures: HQ_Lightmap1_41 (AutoDXT)
[2015.07.23-07.06.40:120][  0]LogTexture:Display: Building textures: HQ_Lightmap1_42 (AutoDXT)
[2015.07.23-07.06.40:153][  0]LogTexture:Display: Building textures: HQ_Lightmap1_43 (AutoDXT)
[2015.07.23-07.06.40:184][  0]LogTexture:Display: Building textures: HQ_Lightmap1_44 (AutoDXT)
[2015.07.23-07.06.40:246][  0]LogTexture:Display: Building textures: HQ_Lightmap1_45 (AutoDXT)
[2015.07.23-07.06.40:276][  0]LogTexture:Display: Building textures: HQ_Lightmap1_46 (AutoDXT)
[2015.07.23-07.06.40:362][  0]LogTexture:Display: Building textures: HQ_Lightmap1_47 (AutoDXT)
[2015.07.23-07.06.42:773][  0]LogTexture:Display: Building textures: HQ_Lightmap1_5 (AutoDXT)
[2015.07.23-07.06.43:063][  0]LogTexture:Display: Building textures: HQ_Lightmap1_6 (AutoDXT)
[2015.07.23-07.06.43:813][  0]LogTexture:Display: Building textures: HQ_Lightmap1_7 (AutoDXT)
[2015.07.23-07.06.43:848][  0]LogTexture:Display: Building textures: HQ_Lightmap1_8 (AutoDXT)
[2015.07.23-07.06.43:883][  0]LogTexture:Display: Building textures: HQ_Lightmap1_9 (AutoDXT)
[2015.07.23-07.06.43:898][  0]LogTexture:Display: Building textures: LQ_Lightmap_0_1 (DXT1)
[2015.07.23-07.06.43:958][  0]LogTexture:Display: Building textures: LQ_Lightmap_0_48 (DXT1)
[2015.07.23-07.06.43:972][  0]LogTexture:Display: Building textures: LQ_Lightmap_0_49 (DXT1)
[2015.07.23-07.06.43:982][  0]LogTexture:Display: Building textures: LQ_Lightmap_0_50 (DXT1)
[2015.07.23-07.06.44:005][  0]LogTexture:Display: Building textures: LQ_Lightmap_1_10 (DXT1)
[2015.07.23-07.06.44:029][  0]LogTexture:Display: Building textures: LQ_Lightmap_1_11 (DXT1)
[2015.07.23-07.06.44:060][  0]LogTexture:Display: Building textures: LQ_Lightmap_1_12 (DXT1)
[2015.07.23-07.06.44:078][  0]LogTexture:Display: Building textures: LQ_Lightmap_1_13 (DXT1)
[2015.07.23-07.06.44:141][  0]LogTexture:Display: Building textures: LQ_Lightmap_1_14 (DXT1)
[2015.07.23-07.06.44:159][  0]LogTexture:Display: Building textures: LQ_Lightmap_1_15 (DXT1)
[2015.07.23-07.06.44:165][  0]LogTexture:Display: Building textures: LQ_Lightmap_1_16 (DXT1)
[2015.07.23-07.06.44:169][  0]LogTexture:Display: Building textures: LQ_Lightmap_1_17 (DXT1)
[2015.07.23-07.06.44:173][  0]LogTexture:Display: Building textures: LQ_Lightmap_1_18 (DXT1)
[2015.07.23-07.06.44:213][  0]LogTexture:Display: Building textures: LQ_Lightmap_1_19 (DXT1)
[2015.07.23-07.06.44:243][  0]LogTexture:Display: Building textures: LQ_Lightmap_1_2 (DXT1)
[2015.07.23-07.06.44:645][  0]LogTexture:Display: Building textures: LQ_Lightmap_1_20 (DXT1)
[2015.07.23-07.06.44:654][  0]LogTexture:Display: Building textures: LQ_Lightmap_1_21 (DXT1)
[2015.07.23-07.06.44:660][  0]LogTexture:Display: Building textures: LQ_Lightmap_1_22 (DXT1)
[2015.07.23-07.06.44:671][  0]LogTexture:Display: Building textures: LQ_Lightmap_1_23 (DXT1)
[2015.07.23-07.06.44:703][  0]LogTexture:Display: Building textures: LQ_Lightmap_1_24 (DXT1)
[2015.07.23-07.06.44:726][  0]LogTexture:Display: Building textures: LQ_Lightmap_1_25 (DXT1)
[2015.07.23-07.06.44:733][  0]LogTexture:Display: Building textures: LQ_Lightmap_1_26 (DXT1)
[2015.07.23-07.06.44:752][  0]LogTexture:Display: Building textures: LQ_Lightmap_1_27 (DXT1)
[2015.07.23-07.06.44:951][  0]LogTexture:Display: Building textures: LQ_Lightmap_1_28 (DXT1)
[2015.07.23-07.06.44:979][  0]LogTexture:Display: Building textures: LQ_Lightmap_1_29 (DXT1)
[2015.07.23-07.06.44:995][  0]LogTexture:Display: Building textures: LQ_Lightmap_1_3 (DXT1)
[2015.07.23-07.06.45:184][  0]LogTexture:Display: Building textures: LQ_Lightmap_1_30 (DXT1)
[2015.07.23-07.06.45:195][  0]LogTexture:Display: Building textures: LQ_Lightmap_1_31 (DXT1)
[2015.07.23-07.06.45:207][  0]LogTexture:Display: Building textures: LQ_Lightmap_1_32 (DXT1)
[2015.07.23-07.06.45:223][  0]LogTexture:Display: Building textures: LQ_Lightmap_1_33 (DXT1)
[2015.07.23-07.06.45:235][  0]LogTexture:Display: Building textures: LQ_Lightmap_1_34 (DXT1)
[2015.07.23-07.06.45:241][  0]LogTexture:Display: Building textures: LQ_Lightmap_1_35 (DXT1)
[2015.07.23-07.06.45:248][  0]LogTexture:Display: Building textures: LQ_Lightmap_1_36 (DXT1)
[2015.07.23-07.06.45:257][  0]LogTexture:Display: Building textures: LQ_Lightmap_1_37 (DXT1)
[2015.07.23-07.06.45:267][  0]LogTexture:Display: Building textures: LQ_Lightmap_1_38 (DXT1)
[2015.07.23-07.06.45:298][  0]LogTexture:Display: Building textures: LQ_Lightmap_1_39 (DXT1)
[2015.07.23-07.06.45:326][  0]LogTexture:Display: Building textures: LQ_Lightmap_1_4 (DXT1)
[2015.07.23-07.06.45:557][  0]LogTexture:Display: Building textures: LQ_Lightmap_1_40 (DXT1)
[2015.07.23-07.06.45:575][  0]LogTexture:Display: Building textures: LQ_Lightmap_1_41 (DXT1)
[2015.07.23-07.06.45:593][  0]LogTexture:Display: Building textures: LQ_Lightmap_1_42 (DXT1)
[2015.07.23-07.06.45:618][  0]LogTexture:Display: Building textures: LQ_Lightmap_1_43 (DXT1)
[2015.07.23-07.06.45:637][  0]LogTexture:Display: Building textures: LQ_Lightmap_1_44 (DXT1)
[2015.07.23-07.06.45:670][  0]LogTexture:Display: Building textures: LQ_Lightmap_1_45 (DXT1)
[2015.07.23-07.06.45:686][  0]LogTexture:Display: Building textures: LQ_Lightmap_1_46 (DXT1)
[2015.07.23-07.06.45:754][  0]LogTexture:Display: Building textures: LQ_Lightmap_1_47 (DXT1)
[2015.07.23-07.06.47:390][  0]LogTexture:Display: Building textures: LQ_Lightmap_1_5 (DXT1)
[2015.07.23-07.06.47:611][  0]LogTexture:Display: Building textures: LQ_Lightmap_1_6 (DXT1)
[2015.07.23-07.06.48:090][  0]LogTexture:Display: Building textures: LQ_Lightmap_1_7 (DXT1)
[2015.07.23-07.06.48:112][  0]LogTexture:Display: Building textures: LQ_Lightmap_1_8 (DXT1)
[2015.07.23-07.06.48:133][  0]LogTexture:Display: Building textures: LQ_Lightmap_1_9 (DXT1)
[2015.07.23-07.06.48:649][  0]LogEditorServer: Finished looking for orphan Actors (0.000 secs)
[2015.07.23-07.06.48:650][  0]LogAIModule: Creating AISystem for world NewCave
[2015.07.23-07.06.48:652][  0]Cmd: MAP CHECKDEP
[2015.07.23-07.06.48:652][  0]MapCheck: New page: NewCave - Jul 22, 2015, 5:06:48 PM
[2015.07.23-07.06.49:032][  0]MapCheck: Info Map check complete: 0 Error(s), 0 Warning(s), took 378.675ms to complete.
[2015.07.23-07.06.49:032][  0]LogFileHelpers: Loading map 'NewCave' took 597.180
[2015.07.23-07.06.49:193][  0]LogCollectionManager: Loaded 0 collections in 0.005780 seconds
[2015.07.23-07.06.49:225][  0]LogContentBrowser: Native class hierarchy populated in 0.0314 seconds. Added 1696 classes and 261 folders.
[2015.07.23-07.06.49:499][  0]LogContentBrowser: Native class hierarchy updated for 'SceneOutliner' in 0.0061 seconds. Added 1 classes and 2 folders.
[2015.07.23-07.06.49:661][  0]LogCrashTracker: Crashtracker disabled due to settings.
[2015.07.23-07.06.49:664][  0]LogSlate:Warning: Failed to load font data from 'Veranda'
[2015.07.23-07.06.49:720][  0]LogLoad: Full Startup: 630.94 seconds (BP compile: 5.82 seconds)
[2015.07.23-07.06.50:198][  0]LogRenderer:Warning: Reallocating scene render targets to support 32x32 (Frame:2).
[2015.07.23-07.06.51:194][  0]LogRenderer:Warning: Reallocating scene render targets to support 960x712 (Frame:4).
[2015.07.23-07.06.53:687][  1]Cmd: UpdateLandscapeEditorData -warnings
[2015.07.23-07.06.53:690][  1]Cmd: UpdateLandscapeEditorData
[2015.07.23-07.06.53:945][  1]LogContentBrowser:Verbose: The content browser source was changed by the sources view to '/Game/ThirdPersonBP/Blueprints'
[2015.07.23-07.06.58:663][ 22]LogAssetRegistry: Asset discovery search completed in 611.0772 seconds
[2015.07.23-07.52.44:530][375]LogEditorViewport: Clicking on Actor (LMB): StaticMeshActor (newcave004)
[2015.07.23-08.15.32:953][416]LogD3D11RHI: Timed out while waiting for GPU to catch up. (0.5 s)
[2015.07.23-08.15.36:080][428]LogD3D11RHI: Timed out while waiting for GPU to catch up. (0.5 s)
[2015.07.23-08.16.20:536][620]LogD3D11RHI: Timed out while waiting for GPU to catch up. (0.5 s)
[2015.07.23-08.16.40:894][705]LogEditorViewport: Clicking on Actor (context menu): StaticMeshActor (ScalfoldingSupport6)
[2015.07.23-08.35.02:086][798]LogD3D11RHI: Timed out while waiting for GPU to catch up. (0.5 s)
[2015.07.23-08.35.14:133][831]LogD3D11RHI: Timed out while waiting for GPU to catch up. (0.5 s)
[2015.07.23-20.14.11:805][913]LogActorComponent: UnregisterComponent: (/Engine/Transient.CharMoveComp) Not registered. Aborting.
[2015.07.23-20.14.12:211][913]LogFileHelpers: Editor autosave (incl. sublevels) for '/Game/Scene/NewCave' took 0.406
[2015.07.23-20.14.12:357][913]OBJ SavePackage: Generating thumbnails for [1] asset(s) in package [/Game/ThirdPersonBP/Blueprints/ThirdPersonCharacter] ([1] browsable assets)...
[2015.07.23-20.14.12:561][913]OBJ SavePackage:     Rendered thumbnail for [Blueprint /Game/ThirdPersonBP/Blueprints/ThirdPersonCharacter.ThirdPersonCharacter]
[2015.07.23-20.14.12:561][913]OBJ SavePackage: Finished generating thumbnails for package [/Game/ThirdPersonBP/Blueprints/ThirdPersonCharacter]
[2015.07.23-20.14.16:684][913]LogSavePackage: Save=3885.308838ms
[2015.07.23-20.14.16:686][913]LogSavePackage: Moving '../../../../../../Users/Samantha/Desktop/God-Killer/Saved/ThirdPersonCharacter_Auto175599F9D47AF675D2DDD0D8052991987.tmp' to '../../../../../../Users/Samantha/Desktop/God-Killer/Saved/Autosaves/Game/ThirdPersonBP/Blueprints/ThirdPersonCharacter_Auto1.uasset'
[2015.07.23-20.14.16:765][913]LogFileHelpers: Auto-saving content packages took 4.554
[2015.07.23-20.23.01:552][  2]Cmd: TRANSACTION UNDO
[2015.07.23-20.23.01:552][  2]LogEditorTransaction: Undo Move Node
[2015.07.23-20.23.02:506][  2]LogActorComponent: UnregisterComponent: (/Engine/Transient.CharMoveComp) Not registered. Aborting.
[2015.07.23-20.24.17:512][476]LogFileHelpers: Editor autosave (incl. sublevels) for '/Game/Scene/NewCave' took 0.222
[2015.07.23-20.24.17:620][476]OBJ SavePackage: Generating thumbnails for [1] asset(s) in package [/Game/ThirdPersonBP/Blueprints/ThirdPersonCharacter] ([1] browsable assets)...
[2015.07.23-20.24.17:803][476]OBJ SavePackage:     Rendered thumbnail for [Blueprint /Game/ThirdPersonBP/Blueprints/ThirdPersonCharacter.ThirdPersonCharacter]
[2015.07.23-20.24.17:803][476]OBJ SavePackage: Finished generating thumbnails for package [/Game/ThirdPersonBP/Blueprints/ThirdPersonCharacter]
[2015.07.23-20.24.21:142][476]LogSavePackage: Save=3267.176758ms
[2015.07.23-20.24.21:143][476]LogSavePackage: Moving '../../../../../../Users/Samantha/Desktop/God-Killer/Saved/ThirdPersonCharacter_Auto2AFB29F0648802EA7163FEA8FF4887B77.tmp' to '../../../../../../Users/Samantha/Desktop/God-Killer/Saved/Autosaves/Game/ThirdPersonBP/Blueprints/ThirdPersonCharacter_Auto2.uasset'
[2015.07.23-20.24.21:196][476]LogFileHelpers: Auto-saving content packages took 3.683
[2015.07.23-20.29.29:382][821]LogActorComponent: UnregisterComponent: (/Engine/Transient.CharMoveComp) Not registered. Aborting.
[2015.07.23-20.29.32:023][821]LogSavePackage: Save=1936.630859ms
[2015.07.23-20.29.32:023][821]LogSavePackage: Moving '../../../../../../Users/Samantha/Desktop/God-Killer/Saved/ThirdPersonCharacter2AD54533434611945393B68ECE208126.tmp' to '../../../../../../Users/Samantha/Desktop/God-Killer/Content/ThirdPersonBP/Blueprints/ThirdPersonCharacter.uasset'
[2015.07.23-20.30.18:617][883]LogEditorTransaction: Undo Move Node
[2015.07.23-20.30.20:231][884]LogEditorTransaction: Undo Move Node
[2015.07.23-20.30.47:321][265]LogSavePackage: Save=3057.926758ms
[2015.07.23-20.30.47:321][265]LogSavePackage: Moving '../../../../../../Users/Samantha/Desktop/God-Killer/Saved/ThirdPersonCharacter627523A14FEA2C412D072AAE7AC649D6.tmp' to '../../../../../../Users/Samantha/Desktop/God-Killer/Content/ThirdPersonBP/Blueprints/ThirdPersonCharacter.uasset'
[2015.07.23-20.33.23:644][636]LogActorComponent: UnregisterComponent: (/Engine/Transient.CharMoveComp) Not registered. Aborting.
[2015.07.23-20.33.25:594][636]LogSavePackage: Save=1730.789307ms
[2015.07.23-20.33.25:594][636]LogSavePackage: Moving '../../../../../../Users/Samantha/Desktop/God-Killer/Saved/ThirdPersonCharacter5EF42792429E635AAE9D7D819B91F5CB.tmp' to '../../../../../../Users/Samantha/Desktop/God-Killer/Content/ThirdPersonBP/Blueprints/ThirdPersonCharacter.uasset'
[2015.07.23-20.34.22:098][781]LogFileHelpers: Editor autosave (incl. sublevels) for '/Game/Scene/NewCave' took 0.190
[2015.07.23-20.34.22:165][781]OBJ SavePackage: Generating thumbnails for [0] asset(s) in package [/Game/ThirdPersonBP/Blueprints/ThirdPersonCharacter] ([1] browsable assets)...
[2015.07.23-20.34.22:176][781]OBJ SavePackage: Finished generating thumbnails for package [/Game/ThirdPersonBP/Blueprints/ThirdPersonCharacter]
[2015.07.23-20.34.24:682][781]LogSavePackage: Save=2447.262451ms
[2015.07.23-20.34.24:684][781]LogSavePackage: Moving '../../../../../../Users/Samantha/Desktop/God-Killer/Saved/ThirdPersonCharacter_Auto3944CF7504C5D1BCA8C7D6FA39B0EB906.tmp' to '../../../../../../Users/Samantha/Desktop/God-Killer/Saved/Autosaves/Game/ThirdPersonBP/Blueprints/ThirdPersonCharacter_Auto3.uasset'
[2015.07.23-20.34.24:706][781]LogFileHelpers: Auto-saving content packages took 2.608
[2015.07.23-20.36.24:371][941]LogSavePackage: Save=2015.758423ms
[2015.07.23-20.36.24:371][941]LogSavePackage: Moving '../../../../../../Users/Samantha/Desktop/God-Killer/Saved/ThirdPersonCharacterDBDD6B1E48BF9E91CC5F9AB7F1B141E0.tmp' to '../../../../../../Users/Samantha/Desktop/God-Killer/Content/ThirdPersonBP/Blueprints/ThirdPersonCharacter.uasset'
[2015.07.23-20.44.25:465][508]LogFileHelpers: Editor autosave (incl. sublevels) for '/Game/Scene/NewCave' took 0.186
[2015.07.23-20.44.25:524][508]OBJ SavePackage: Generating thumbnails for [0] asset(s) in package [/Game/ThirdPersonBP/Blueprints/ThirdPersonCharacter] ([1] browsable assets)...
[2015.07.23-20.44.25:541][508]OBJ SavePackage: Finished generating thumbnails for package [/Game/ThirdPersonBP/Blueprints/ThirdPersonCharacter]
[2015.07.23-20.44.27:262][508]LogSavePackage: Save=1641.843506ms
[2015.07.23-20.44.27:264][508]LogSavePackage: Moving '../../../../../../Users/Samantha/Desktop/God-Killer/Saved/ThirdPersonCharacter_Auto48A4356684D6137CEBDC3989A076B70D8.tmp' to '../../../../../../Users/Samantha/Desktop/God-Killer/Saved/Autosaves/Game/ThirdPersonBP/Blueprints/ThirdPersonCharacter_Auto4.uasset'
[2015.07.23-20.44.27:322][508]LogFileHelpers: Auto-saving content packages took 1.856
[2015.07.23-21.01.41:290][209]LogSavePackage: Save=2196.867188ms
[2015.07.23-21.01.41:290][209]LogSavePackage: Moving '../../../../../../Users/Samantha/Desktop/God-Killer/Saved/ThirdPersonCharacterB46D740040F893E6F4A54BB889E2E374.tmp' to '../../../../../../Users/Samantha/Desktop/God-Killer/Content/ThirdPersonBP/Blueprints/ThirdPersonCharacter.uasset'
[2015.07.23-21.02.26:112][768]LogContentBrowser:Verbose: The content browser source was changed by the sources view to 'None'
[2015.07.23-21.02.32:028][807]LogContentBrowser:Verbose: The content browser source was changed by the sources view to '/Game/Enemy1'
[2015.07.23-21.02.46:577][942]LogContentBrowser:Verbose: The content browser source was changed by the sources view to '/Game/Enemy1/gnawmers'
[2015.07.23-21.02.53:387][120]LogContentBrowser:Verbose: The content browser source was changed by the sources view to '/Game/Enemy1'
[2015.07.23-21.03.44:723][746]LogContentBrowser:Verbose: The content browser source was changed by the sources view to '/Game/Scene'
[2015.07.23-21.03.47:922][767]LogContentBrowser:Verbose: The content browser source was changed by the sources view to '/Game/Enemy1'
[2015.07.23-21.07.04:254][327]LogSkeletalMesh: InitArticulated: Bodies already created (/Engine/Transient.DebugSkelMeshComponent_0) - call TermArticulated first.
[2015.07.23-21.07.04:938][327]LogLinker:Warning: Asset '../../../Engine/Content/Tutorial/SubEditors/PersonaAnimEditorTutorial.uasset' has been saved with empty engine version. The asset will be loaded but may be incompatible.
[2015.07.23-21.09.17:273][448]LogEditorViewport: Clicking on Actor (LMB): StaticMeshActor (FloorTile13)
[2015.07.23-21.09.18:694][454]LogEditorViewport: Clicking on Actor (LMB): StaticMeshActor (FloorTile18)
[2015.07.23-21.10.35:327][980]LogEditorViewport: Clicking on Actor (LMB): StaticMeshActor (Pillar6)
[2015.07.23-21.10.51:615][123]LogContentBrowser:Verbose: The content browser source was changed by the sources view to '/Game/ThirdPersonBP'
[2015.07.23-21.11.46:543][983]BlueprintLog: New page: Pre-PIE auto-recompile
[2015.07.23-21.11.46:581][983]LogActorComponent: UnregisterComponent: (/Engine/Transient.CharMoveComp) Not registered. Aborting.
[2015.07.23-21.11.46:583][983]LogActorComponent: UnregisterComponent: (/Engine/Transient.CharacterMovementComponent_0) Not registered. Aborting.
[2015.07.23-21.11.46:713][983]LogPlayLevel: [PIE] Compiling ThirdPersonCharacter before PIE...
[2015.07.23-21.11.48:406][983]LogPlayLevel: [PIE] Compiling NewCave before PIE...
[2015.07.23-21.11.48:617][983]LogPlayLevel: [PIE] Compiling Enemy1 before PIE...
[2015.07.23-21.11.49:348][983]LogPlayLevel: [PIE] Compiling Door_Blueprint before PIE...
[2015.07.23-21.11.49:576][983]LogPlayLevel: [PIE] Compiling Key before PIE...
[2015.07.23-21.11.49:803][983]LogPlayLevel: [PIE] Compiling MixamoAnimBP_Vampire before PIE...
[2015.07.23-21.11.50:314][983]LogPlayLevel: [PIE] Compiling DeathScreen before PIE...
[2015.07.23-21.11.50:650][983]LogPlayLevel: [PIE] Compiling Gui before PIE...
[2015.07.23-21.11.50:996][983]LogPlayLevel: [PIE] Compiling SuccessScreen before PIE...
[2015.07.23-21.11.51:209][983]LogPlayLevel: [PIE] Compiling GnawmersHealth before PIE...
[2015.07.23-21.11.51:476][983]LogParticles: Destroying 0 GPU particle simulations for FXSystem 0x000000B0DAA28680
[2015.07.23-21.11.51:477][983]LogParticles: Destroying 0 GPU particle simulations for FXSystem 0x000000B0DB667420
[2015.07.23-21.11.51:478][983]LogParticles: Destroying 0 GPU particle simulations for FXSystem 0x000000B0DB667E20
[2015.07.23-21.11.51:479][983]LogParticles: Destroying 0 GPU particle simulations for FXSystem 0x000000B0D3DB8540
[2015.07.23-21.11.51:509][983]LogPlayLevel: PIE:  Blueprint regeneration took 4965 ms (10 blueprints)
[2015.07.23-21.11.51:551][983]PIE: New page: PIE session: NewCave (Jul 23, 2015, 7:11:51 AM)
[2015.07.23-21.11.51:888][983]LogPlayLevel: PIE: StaticDuplicateObject took: (0.336411s)
[2015.07.23-21.11.51:889][983]LogPlayLevel: PIE: World Init took: (0.000945s)
[2015.07.23-21.11.51:904][983]LogPlayLevel: PIE: Created PIE world by copying editor world from /Game/Scene/NewCave.NewCave to /Game/Scene/UEDPIE_0_NewCave.NewCave (0.352042s)
[2015.07.23-21.11.52:650][983]LogWorld: Game class is 'ThirdPersonGameMode_C'
[2015.07.23-21.11.52:732][983]LogAIModule: Creating AISystem for world NewCave
[2015.07.23-21.11.53:963][983]LogWorld:Warning: *** WARNING - PATHS MAY NOT BE VALID ***
[2015.07.23-21.11.53:963][983]LogWorld: Bringing World /Game/Scene/UEDPIE_0_NewCave.NewCave up for play (max tick rate 60) at 2015.07.23-14.11.53
[2015.07.23-21.11.54:055][983]LogWorld: Bringing up level for play took: 1.321405
[2015.07.23-21.11.54:309][983]PIE: Info Play in editor start time for /Game/Scene/UEDPIE_0_NewCave 6.847
[2015.07.23-21.11.54:573][983]LogScript:Warning: Accessed None 'K2Node_DynamicCast_AsThird_Person_Character2'
	SuccessScreen_C /Engine/Transient.UnrealEdEngine_0:GameInstance_0.SuccessScreen_C_0
	Function /Game/GUI/SuccessScreen.SuccessScreen_C:ExecuteUbergraph_SuccessScreen:00D2
[2015.07.23-21.12.26:347][243]LogActorComponent: UnregisterComponent: (/Engine/Transient.CharMoveComp) Not registered. Aborting.
[2015.07.23-21.12.26:516][243]LogParticles: Destroying 0 GPU particle simulations for FXSystem 0x000000B0C9442B60
[2015.07.23-21.12.36:904][323]Cmd: OBJ SAVEPACKAGE PACKAGE="/Game/Scene/NewCave" FILE="../../../../../../Users/Samantha/Desktop/God-Killer/Saved/Autosaves/Game/Scene/NewCave_Auto5.umap" SILENT=true AUTOSAVING=true KEEPDIRTY=false
[2015.07.23-21.12.40:683][323]LogSavePackage: Save=3482.659912ms
[2015.07.23-21.12.40:683][323]LogSavePackage: Moving '../../../../../../Users/Samantha/Desktop/God-Killer/Saved/NewCave_Auto59B692CCF4DDBA8D06701608381B35E27.tmp' to '../../../../../../Users/Samantha/Desktop/God-Killer/Saved/Autosaves/Game/Scene/NewCave_Auto5.umap'
[2015.07.23-21.12.40:755][323]LogFileHelpers: Editor autosave (incl. sublevels) for '/Game/Scene/NewCave' took 4.400
[2015.07.23-21.12.40:755][323]LogFileHelpers: Editor autosave (incl. sublevels) for all levels took 4.400
[2015.07.23-21.16.44:272][271]Cmd: OBJ SAVEPACKAGE PACKAGE="/Game/Scene/NewCave" FILE="../../../../../../Users/Samantha/Desktop/God-Killer/Content/Scene/NewCave.umap" SILENT=true AUTOSAVING=false KEEPDIRTY=false
[2015.07.23-21.16.50:082][271]LogSavePackage: Save=5500.462891ms
[2015.07.23-21.16.50:082][271]LogSavePackage: Moving '../../../../../../Users/Samantha/Desktop/God-Killer/Saved/NewCave96EB051F45939928D3A143A80C9750BF.tmp' to '../../../../../../Users/Samantha/Desktop/God-Killer/Content/Scene/NewCave.umap'
[2015.07.23-21.16.50:481][271]LogFileHelpers: Saving map 'NewCave' took 7.356
[2015.07.23-21.17.51:071][739]LogContentBrowser:Verbose: The content browser source was changed by the sources view to '/Game/ThirdPersonBP/Animations'
[2015.07.23-21.19.16:249][986]LogContentBrowser:Verbose: The content browser source was changed by the sources view to '/Game/ThirdPersonBP/Animations'
[2015.07.23-21.22.58:589][130]BlueprintLog: New page: Pre-PIE auto-recompile
[2015.07.23-21.22.58:633][130]LogActorComponent: UnregisterComponent: (/Engine/Transient.CharMoveComp) Not registered. Aborting.
[2015.07.23-21.22.58:780][130]LogPlayLevel: [PIE] Compiling ThirdPersonCharacter before PIE...
[2015.07.23-21.23.00:290][130]LogPlayLevel: [PIE] Compiling Enemy1 before PIE...
[2015.07.23-21.23.00:964][130]LogPlayLevel: [PIE] Compiling NewCave before PIE...
[2015.07.23-21.23.01:161][130]LogPlayLevel: [PIE] Compiling Door_Blueprint before PIE...
[2015.07.23-21.23.01:386][130]LogPlayLevel: [PIE] Compiling Key before PIE...
[2015.07.23-21.23.01:688][130]LogPlayLevel: [PIE] Compiling MixamoAnimBP_Vampire before PIE...
[2015.07.23-21.23.02:286][130]LogPlayLevel: [PIE] Compiling DeathScreen before PIE...
[2015.07.23-21.23.02:675][130]LogPlayLevel: [PIE] Compiling Gui before PIE...
[2015.07.23-21.23.03:219][130]LogPlayLevel: [PIE] Compiling SuccessScreen before PIE...
[2015.07.23-21.23.03:574][130]LogPlayLevel: [PIE] Compiling GnawmersHealth before PIE...
[2015.07.23-21.23.04:021][130]LogPlayLevel: PIE:  Blueprint regeneration took 5431 ms (10 blueprints)
[2015.07.23-21.23.04:022][130]PIE: New page: PIE session: NewCave (Jul 23, 2015, 7:23:04 AM)
[2015.07.23-21.23.04:201][130]LogPlayLevel: PIE: StaticDuplicateObject took: (0.177914s)
[2015.07.23-21.23.04:203][130]LogPlayLevel: PIE: World Init took: (0.001924s)
[2015.07.23-21.23.04:203][130]LogPlayLevel: PIE: Created PIE world by copying editor world from /Game/Scene/NewCave.NewCave to /Game/Scene/UEDPIE_0_NewCave.NewCave (0.180398s)
[2015.07.23-21.23.04:284][130]LogWorld: Game class is 'ThirdPersonGameMode_C'
[2015.07.23-21.23.04:288][130]LogAIModule: Creating AISystem for world NewCave
[2015.07.23-21.23.04:556][130]LogWorld:Warning: *** WARNING - PATHS MAY NOT BE VALID ***
[2015.07.23-21.23.04:556][130]LogWorld: Bringing World /Game/Scene/UEDPIE_0_NewCave.NewCave up for play (max tick rate 60) at 2015.07.23-14.23.04
[2015.07.23-21.23.04:561][130]LogWorld: Bringing up level for play took: 0.271689
[2015.07.23-21.23.04:592][130]PIE: Info Play in editor start time for /Game/Scene/UEDPIE_0_NewCave 5.13
[2015.07.23-21.23.04:628][130]LogScript:Warning: Accessed None 'K2Node_DynamicCast_AsThird_Person_Character2'
	SuccessScreen_C /Engine/Transient.UnrealEdEngine_0:GameInstance_1.SuccessScreen_C_0
	Function /Game/GUI/SuccessScreen.SuccessScreen_C:ExecuteUbergraph_SuccessScreen:00D2
[2015.07.23-21.23.15:232][209]LogActorComponent: UnregisterComponent: (/Engine/Transient.CharMoveComp) Not registered. Aborting.
[2015.07.23-21.23.15:400][209]LogParticles: Destroying 0 GPU particle simulations for FXSystem 0x000000B0C9753CE0
[2015.07.23-21.23.30:252][318]LogContentBrowser:Verbose: The content browser source was changed by the sources view to '/Game/ThirdPersonBP'
[2015.07.23-21.23.34:694][349]LogContentBrowser:Verbose: The content browser source was changed by the sources view to '/Game/ThirdPersonBP/Animations'
[2015.07.23-21.24.09:428][596]LogContentBrowser:Verbose: The content browser source was changed by the sources view to '/Game/ThirdPersonBP/Character'
[2015.07.23-21.24.21:930][686]LogContentBrowser:Verbose: The content browser source was changed by the sources view to '/Game/ThirdPersonBP/Blueprints'
[2015.07.23-21.24.37:640][872]LogRenderer:Warning: Reallocating scene render targets to support 1048x712 (Frame:34231).
[2015.07.23-21.24.45:075][965]LogContentBrowser:Verbose: The content browser source was changed by the sources view to '/Game/ThirdPersonBP/Animations'
[2015.07.23-21.24.49:497][984]LogSkeletalMesh: InitArticulated: Bodies already created (/Engine/Transient.DebugSkelMeshComponent_2) - call TermArticulated first.
[2015.07.23-21.24.49:962][984]LogContentBrowser:Verbose: The majority of assets in the view are of type: AnimSequence
[2015.07.23-21.25.07:737][174]LogSkeletalMesh: InitArticulated: Bodies already created (/Engine/Transient.DebugSkelMeshComponent_5) - call TermArticulated first.
[2015.07.23-21.25.08:128][174]LogContentBrowser:Verbose: The majority of assets in the view are of type: AnimSequence
[2015.07.23-21.25.23:657][385]LogContentBrowser:Verbose: The content browser source was changed by the sources view to '/Game/Terrain_texture'
[2015.07.23-21.25.25:369][396]LogContentBrowser:Verbose: The content browser source was changed by the sources view to '/Game/sword'
[2015.07.23-21.25.31:189][429]LogContentBrowser:Verbose: The content browser source was changed by the sources view to '/Game/Models'
[2015.07.23-21.25.32:543][437]LogContentBrowser:Verbose: The content browser source was changed by the sources view to '/Game/MixamoAnimPack'
[2015.07.23-21.25.50:325][561]LogContentBrowser:Verbose: The content browser source was changed by the sources view to '/Game/MixamoAnimPack/Mixamo_Vampire'
[2015.07.23-21.25.53:683][586]LogContentBrowser:Verbose: The content browser source was changed by the sources view to '/Game/MixamoAnimPack/Mixamo_Vampire/Anims'
[2015.07.23-21.26.04:271][628]LogSkeletalMesh: InitArticulated: Bodies already created (/Engine/Transient.DebugSkelMeshComponent_9) - call TermArticulated first.
[2015.07.23-21.26.04:680][628]LogContentBrowser:Verbose: The majority of assets in the view are of type: AnimSequence
[2015.07.23-21.27.00:322][109]LogActorComponent: UnregisterComponent: (/Engine/Transient.CharMoveComp) Not registered. Aborting.
[2015.07.23-21.27.00:481][109]LogParticles: Destroying 0 GPU particle simulations for FXSystem 0x000000B0D2C27380
[2015.07.23-21.27.00:482][109]LogParticles: Destroying 0 GPU particle simulations for FXSystem 0x000000B0C96DF1A0
[2015.07.23-21.27.00:483][109]LogParticles: Destroying 0 GPU particle simulations for FXSystem 0x000000B08AB100E0
[2015.07.23-21.27.00:484][109]LogParticles: Destroying 0 GPU particle simulations for FXSystem 0x000000B0DA785EE0
[2015.07.23-21.27.00:485][109]LogParticles: Destroying 0 GPU particle simulations for FXSystem 0x000000B0DA787B00
[2015.07.23-21.27.00:486][109]LogParticles: Destroying 0 GPU particle simulations for FXSystem 0x000000B0DA69D620
[2015.07.23-21.27.00:487][109]LogParticles: Destroying 0 GPU particle simulations for FXSystem 0x000000B09D5BC4A0
[2015.07.23-21.27.00:488][109]LogParticles: Destroying 0 GPU particle simulations for FXSystem 0x000000B0DCEA4C20
[2015.07.23-21.27.00:489][109]LogParticles: Destroying 0 GPU particle simulations for FXSystem 0x000000B0DCEA6FC0
[2015.07.23-21.27.00:617][109]Cmd: OBJ SAVEPACKAGE PACKAGE="/Game/Scene/NewCave" FILE="../../../../../../Users/Samantha/Desktop/God-Killer/Saved/Autosaves/Game/Scene/NewCave_Auto6.umap" SILENT=true AUTOSAVING=true KEEPDIRTY=false
[2015.07.23-21.27.04:702][109]LogSavePackage: Save=3957.385498ms
[2015.07.23-21.27.04:703][109]LogSavePackage: Moving '../../../../../../Users/Samantha/Desktop/God-Killer/Saved/NewCave_Auto6D3603F784C09C391340F12A9936C1840.tmp' to '../../../../../../Users/Samantha/Desktop/God-Killer/Saved/Autosaves/Game/Scene/NewCave_Auto6.umap'
[2015.07.23-21.27.04:733][109]LogFileHelpers: Editor autosave (incl. sublevels) for '/Game/Scene/NewCave' took 4.411
[2015.07.23-21.27.04:733][109]LogFileHelpers: Editor autosave (incl. sublevels) for all levels took 4.411
[2015.07.23-21.29.03:971][151]LogContentBrowser:Verbose: The content browser source was changed by the sources view to '/Game/MixamoAnimPack'
[2015.07.23-21.33.55:201][753]LogContentBrowser:Verbose: The content browser source was changed by the sources view to '/Game'
[2015.07.23-21.34.25:540][823]LogContentBrowser:Verbose: The content browser source was changed by the sources view to '/Game'
[2015.07.23-21.34.47:303][159]LogParticles: Destroying 0 GPU particle simulations for FXSystem 0x000000B0D7125A80
[2015.07.23-21.35.23:376][296]LogContentBrowser:Verbose: The content browser source was changed by the sources view to '/Game/MixamoAnimPack/Mixamo_Vampire/Anims'
[2015.07.23-21.35.29:006][320]LogContentBrowser:Verbose: The content browser source was changed by the sources view to '/Game/MixamoAnimPack/Mixamo_Vampire'
[2015.07.23-21.35.47:809][425]LogContentBrowser:Verbose: The content browser source was changed by the sources view to '/Game/MixamoAnimPack'
[2015.07.23-21.37.06:290][703]LogFileHelpers: Editor autosave (incl. sublevels) for '/Game/Scene/NewCave' took 0.197
[2015.07.23-21.37.06:344][703]OBJ SavePackage: Generating thumbnails for [1] asset(s) in package [/Game/NewAnimMontage] ([1] browsable assets)...
[2015.07.23-21.37.06:454][703]OBJ SavePackage:     Rendered thumbnail for [AnimMontage /Game/NewAnimMontage.NewAnimMontage]
[2015.07.23-21.37.06:454][703]OBJ SavePackage: Finished generating thumbnails for package [/Game/NewAnimMontage]
[2015.07.23-21.37.06:458][703]Cmd: OBJ SAVEPACKAGE PACKAGE="/Game/NewAnimMontage" FILE="../../../../../../Users/Samantha/Desktop/God-Killer/Saved/Autosaves/Game/NewAnimMontage_Auto7.uasset" SILENT=false AUTOSAVING=true
[2015.07.23-21.37.07:570][703]LogSavePackage: Save=1104.260254ms
[2015.07.23-21.37.07:572][703]LogSavePackage: Moving '../../../../../../Users/Samantha/Desktop/God-Killer/Saved/NewAnimMontage_Auto7FE9C7AA74F7337840353B5A008D843C0.tmp' to '../../../../../../Users/Samantha/Desktop/God-Killer/Saved/Autosaves/Game/NewAnimMontage_Auto7.uasset'
[2015.07.23-21.37.07:600][703]LogFileHelpers: Auto-saving content packages took 1.310
[2015.07.23-21.41.14:725][879]LogContentBrowser:Verbose: The content browser source was changed by the sources view to '/Game/MixamoAnimPack/Mixamo_Vampire'
[2015.07.23-21.41.15:887][885]LogContentBrowser:Verbose: The content browser source was changed by the sources view to '/Game/MixamoAnimPack/Mixamo_Vampire/Anims'
[2015.07.23-21.41.29:806][947]LogContentBrowser:Verbose: The content browser source was changed by the sources view to '/Game/MixamoAnimPack/Mixamo_Vanguard'
[2015.07.23-21.41.34:633][972]LogContentBrowser:Verbose: The content browser source was changed by the sources view to '/Game/MixamoAnimPack/Mixamo_Zoe'
[2015.07.23-21.41.37:521][987]LogContentBrowser:Verbose: The content browser source was changed by the sources view to '/Game/MixamoAnimPack/Mixamo_Vampire/Anims'
[2015.07.23-21.41.56:950][220]LogSkeletalMesh: InitArticulated: Bodies already created (/Engine/Transient.DebugSkelMeshComponent_12) - call TermArticulated first.
[2015.07.23-21.42.43:582][768]LogContentBrowser:Verbose: The content browser source was changed by the sources view to '/Game/MixamoAnimPack/Mixamo_Vampire/Mesh'
[2015.07.23-21.43.09:202][915]LogContentBrowser:Verbose: The content browser source was changed by the sources view to '/Game/MixamoAnimPack/Mixamo_Vampire/Anims'
[2015.07.23-21.43.20:254][972]LogSkeletalMesh: InitArticulated: Bodies already created (/Engine/Transient.DebugSkelMeshComponent_14) - call TermArticulated first.
[2015.07.23-21.43.20:650][972]LogContentBrowser:Verbose: The majority of assets in the view are of type: AnimSequence
[2015.07.23-21.47.09:052][235]LogParticles: Destroying 0 GPU particle simulations for FXSystem 0x000000B0D05BD440
[2015.07.23-21.47.09:053][235]LogParticles: Destroying 0 GPU particle simulations for FXSystem 0x000000B0DB5607C0
[2015.07.23-21.47.09:055][235]LogParticles: Destroying 0 GPU particle simulations for FXSystem 0x000000B0D44D9B20
[2015.07.23-21.47.09:056][235]LogParticles: Destroying 0 GPU particle simulations for FXSystem 0x000000B0D44DB060
[2015.07.23-21.47.09:058][235]LogParticles: Destroying 0 GPU particle simulations for FXSystem 0x000000B0F09FA980
[2015.07.23-21.47.09:060][235]LogParticles: Destroying 0 GPU particle simulations for FXSystem 0x000000B0DB59FA60
[2015.07.23-21.47.09:063][235]LogParticles: Destroying 0 GPU particle simulations for FXSystem 0x000000B0DB59F9C0
[2015.07.23-21.47.09:085][235]LogFileHelpers: Editor autosave (incl. sublevels) for '/Game/Scene/NewCave' took 0.188
[2015.07.23-21.47.09:138][235]OBJ SavePackage: Generating thumbnails for [1] asset(s) in package [/Game/ThirdPersonBP/Blueprints/ThirdPersonCharacter] ([1] browsable assets)...
[2015.07.23-21.47.09:284][235]OBJ SavePackage:     Rendered thumbnail for [Blueprint /Game/ThirdPersonBP/Blueprints/ThirdPersonCharacter.ThirdPersonCharacter]
[2015.07.23-21.47.09:284][235]OBJ SavePackage: Finished generating thumbnails for package [/Game/ThirdPersonBP/Blueprints/ThirdPersonCharacter]
[2015.07.23-21.47.12:054][235]LogSavePackage: Save=2654.335449ms
[2015.07.23-21.47.12:056][235]LogSavePackage: Moving '../../../../../../Users/Samantha/Desktop/God-Killer/Saved/ThirdPersonCharacter_Auto8DC5E64034648536804B0918CE4C3A3A0.tmp' to '../../../../../../Users/Samantha/Desktop/God-Killer/Saved/Autosaves/Game/ThirdPersonBP/Blueprints/ThirdPersonCharacter_Auto8.uasset'
[2015.07.23-21.47.12:069][235]LogFileHelpers: Auto-saving content packages took 2.985
[2015.07.23-21.52.06:288][186]LogContentBrowser:Verbose: The content browser source was changed by the sources view to 'None'
[2015.07.23-22.11.31:196][317]LogLinker:Warning: Asset '../../../Engine/Content/Tutorial/Mobile/CreatingSigningCertAndProvisionTutorial.uasset' has been saved with empty engine version. The asset will be loaded but may be incompatible.
[2015.07.23-22.11.31:281][317]LogLinker:Warning: Asset '../../../Engine/Content/Tutorial/Mobile/InstallingiTunesTutorial.uasset' has been saved with empty engine version. The asset will be loaded but may be incompatible.
[2015.07.23-22.11.31:317][317]LogLinker:Warning: Asset '../../../Engine/Content/Tutorial/Mobile/SettingUpAndroidTutorial.uasset' has been saved with empty engine version. The asset will be loaded but may be incompatible.
[2015.07.23-22.11.59:589][780]LogActorComponent: UnregisterComponent: (/Engine/Transient.CharMoveComp) Not registered. Aborting.
[2015.07.23-22.13.07:954][911]LogFileHelpers: Editor autosave (incl. sublevels) for '/Game/Scene/NewCave' took 0.237
[2015.07.23-22.13.08:018][911]OBJ SavePackage: Generating thumbnails for [1] asset(s) in package [/Game/ThirdPersonBP/Blueprints/ThirdPersonCharacter] ([1] browsable assets)...
[2015.07.23-22.13.08:156][911]OBJ SavePackage:     Rendered thumbnail for [Blueprint /Game/ThirdPersonBP/Blueprints/ThirdPersonCharacter.ThirdPersonCharacter]
[2015.07.23-22.13.08:156][911]OBJ SavePackage: Finished generating thumbnails for package [/Game/ThirdPersonBP/Blueprints/ThirdPersonCharacter]
[2015.07.23-22.13.11:932][911]LogSavePackage: Save=3586.904053ms
[2015.07.23-22.13.11:935][911]LogSavePackage: Moving '../../../../../../Users/Samantha/Desktop/God-Killer/Saved/ThirdPersonCharacter_Auto99CAA490B4031FDBC0A25F290521F797F.tmp' to '../../../../../../Users/Samantha/Desktop/God-Killer/Saved/Autosaves/Game/ThirdPersonBP/Blueprints/ThirdPersonCharacter_Auto9.uasset'
[2015.07.23-22.13.11:968][911]LogFileHelpers: Auto-saving content packages took 4.014
[2015.07.23-22.36.57:414][540]LogActorComponent: UnregisterComponent: (/Engine/Transient.CharMoveComp) Not registered. Aborting.
[2015.07.23-22.37.10:675][724]LogFileHelpers: Editor autosave (incl. sublevels) for '/Game/Scene/NewCave' took 0.249
[2015.07.23-22.37.10:741][724]OBJ SavePackage: Generating thumbnails for [1] asset(s) in package [/Game/ThirdPersonBP/Blueprints/ThirdPersonCharacter] ([1] browsable assets)...
[2015.07.23-22.37.10:881][724]OBJ SavePackage:     Rendered thumbnail for [Blueprint /Game/ThirdPersonBP/Blueprints/ThirdPersonCharacter.ThirdPersonCharacter]
[2015.07.23-22.37.10:881][724]OBJ SavePackage: Finished generating thumbnails for package [/Game/ThirdPersonBP/Blueprints/ThirdPersonCharacter]
[2015.07.23-22.37.14:085][724]LogSavePackage: Save=3050.259766ms
[2015.07.23-22.37.14:086][724]LogSavePackage: Moving '../../../../../../Users/Samantha/Desktop/God-Killer/Saved/ThirdPersonCharacter_Auto091B33934447958B1AB87CCBBB28F782B.tmp' to '../../../../../../Users/Samantha/Desktop/God-Killer/Saved/Autosaves/Game/ThirdPersonBP/Blueprints/ThirdPersonCharacter_Auto0.uasset'
[2015.07.23-22.37.14:100][724]LogFileHelpers: Auto-saving content packages took 3.424
[2015.07.23-22.41.54:287][798]LogActorComponent: UnregisterComponent: (/Engine/Transient.CharMoveComp) Not registered. Aborting.
[2015.07.23-22.41.55:219][798]Cmd: OBJ SAVEPACKAGE PACKAGE="/Game/Scene/NewCave" FILE="../../../../../../Users/Samantha/Desktop/God-Killer/Content/Scene/NewCave.umap" SILENT=true AUTOSAVING=false KEEPDIRTY=false
[2015.07.23-22.42.01:454][798]LogSavePackage: Save=5958.717773ms
[2015.07.23-22.42.01:454][798]LogSavePackage: Moving '../../../../../../Users/Samantha/Desktop/God-Killer/Saved/NewCave5FA530ED42DEC6D53E06D9B534818F6E.tmp' to '../../../../../../Users/Samantha/Desktop/God-Killer/Content/Scene/NewCave.umap'
[2015.07.23-22.42.01:869][798]LogFileHelpers: Saving map 'NewCave' took 7.317
[2015.07.23-22.42.05:069][798]LogSavePackage: Save=3022.705566ms
[2015.07.23-22.42.05:069][798]LogSavePackage: Moving '../../../../../../Users/Samantha/Desktop/God-Killer/Saved/ThirdPersonCharacterFF8EBB9A4703653CEB16CAA65F896F73.tmp' to '../../../../../../Users/Samantha/Desktop/God-Killer/Content/ThirdPersonBP/Blueprints/ThirdPersonCharacter.uasset'
[2015.07.23-22.42.05:209][798]Cmd: OBJ SAVEPACKAGE PACKAGE="/Game/NewAnimMontage" FILE="../../../../../../Users/Samantha/Desktop/God-Killer/Content/NewAnimMontage.uasset" SILENT=true
[2015.07.23-22.42.06:428][798]LogSavePackage: Save=1212.170776ms
[2015.07.23-22.42.06:428][798]LogSavePackage: Moving '../../../../../../Users/Samantha/Desktop/God-Killer/Saved/NewAnimMontageE0B24FA64C9C8CA546E424A7D45FC217.tmp' to '../../../../../../Users/Samantha/Desktop/God-Killer/Content/NewAnimMontage.uasset'
[2015.07.23-22.42.36:987][257]BlueprintLog: New page: Pre-PIE auto-recompile
[2015.07.23-22.42.37:030][257]LogActorComponent: UnregisterComponent: (/Engine/Transient.CharMoveComp) Not registered. Aborting.
[2015.07.23-22.42.37:161][257]LogPlayLevel: [PIE] Compiling ThirdPersonCharacter before PIE...
[2015.07.23-22.42.38:800][257]LogPlayLevel: [PIE] Compiling Enemy1 before PIE...
[2015.07.23-22.42.39:580][257]LogPlayLevel: [PIE] Compiling NewCave before PIE...
[2015.07.23-22.42.39:842][257]LogPlayLevel: [PIE] Compiling Door_Blueprint before PIE...
[2015.07.23-22.42.40:129][257]LogPlayLevel: [PIE] Compiling Key before PIE...
[2015.07.23-22.42.40:460][257]LogPlayLevel: [PIE] Compiling MixamoAnimBP_Vampire before PIE...
[2015.07.23-22.42.41:192][257]LogPlayLevel: [PIE] Compiling DeathScreen before PIE...
[2015.07.23-22.42.41:577][257]LogPlayLevel: [PIE] Compiling Gui before PIE...
[2015.07.23-22.42.42:104][257]LogPlayLevel: [PIE] Compiling SuccessScreen before PIE...
[2015.07.23-22.42.42:490][257]LogPlayLevel: [PIE] Compiling GnawmersHealth before PIE...
[2015.07.23-22.42.43:018][257]LogPlayLevel: PIE:  Blueprint regeneration took 6032 ms (10 blueprints)
[2015.07.23-22.42.43:019][257]PIE: New page: PIE session: NewCave (Jul 23, 2015, 8:42:43 AM)
[2015.07.23-22.42.43:228][257]LogPlayLevel: PIE: StaticDuplicateObject took: (0.207440s)
[2015.07.23-22.42.43:230][257]LogPlayLevel: PIE: World Init took: (0.002115s)
[2015.07.23-22.42.43:231][257]LogPlayLevel: PIE: Created PIE world by copying editor world from /Game/Scene/NewCave.NewCave to /Game/Scene/UEDPIE_0_NewCave.NewCave (0.210596s)
[2015.07.23-22.42.43:396][257]LogWorld: Game class is 'ThirdPersonGameMode_C'
[2015.07.23-22.42.43:400][257]LogAIModule: Creating AISystem for world NewCave
[2015.07.23-22.42.43:655][257]LogWorld:Warning: *** WARNING - PATHS MAY NOT BE VALID ***
[2015.07.23-22.42.43:656][257]LogWorld: Bringing World /Game/Scene/UEDPIE_0_NewCave.NewCave up for play (max tick rate 0) at 2015.07.23-15.42.43
[2015.07.23-22.42.43:660][257]LogWorld: Bringing up level for play took: 0.258250
[2015.07.23-22.42.43:687][257]PIE: Info Play in editor start time for /Game/Scene/UEDPIE_0_NewCave 6.225
[2015.07.23-22.42.43:875][257]LogScript:Warning: Accessed None 'K2Node_DynamicCast_AsThird_Person_Character2'
	SuccessScreen_C /Engine/Transient.UnrealEdEngine_0:GameInstance_2.SuccessScreen_C_0
	Function /Game/GUI/SuccessScreen.SuccessScreen_C:ExecuteUbergraph_SuccessScreen:00D2
[2015.07.23-22.43.00:246][362]LogActorComponent: UnregisterComponent: (/Engine/Transient.CharMoveComp) Not registered. Aborting.
[2015.07.23-22.43.00:418][362]LogParticles: Destroying 0 GPU particle simulations for FXSystem 0x000000B0DA903EC0
[2015.07.23-22.45.14:948][458]Cmd: OBJ SAVEPACKAGE PACKAGE="/Game/Scene/NewCave" FILE="../../../../../../Users/Samantha/Desktop/God-Killer/Content/Scene/NewCave.umap" SILENT=true AUTOSAVING=false KEEPDIRTY=false
[2015.07.23-22.45.20:609][458]LogSavePackage: Save=5496.459473ms
[2015.07.23-22.45.20:610][458]LogSavePackage: Moving '../../../../../../Users/Samantha/Desktop/God-Killer/Saved/NewCave04FF41644B7DE3CF5EC97F83609A03D3.tmp' to '../../../../../../Users/Samantha/Desktop/God-Killer/Content/Scene/NewCave.umap'
[2015.07.23-22.45.20:930][458]LogFileHelpers: Saving map 'NewCave' took 6.481
[2015.07.23-22.45.24:469][458]LogSavePackage: Save=3306.143555ms
[2015.07.23-22.45.24:469][458]LogSavePackage: Moving '../../../../../../Users/Samantha/Desktop/God-Killer/Saved/ThirdPersonCharacterD05752294F5E9F366991DE8F4E523500.tmp' to '../../../../../../Users/Samantha/Desktop/God-Killer/Content/ThirdPersonBP/Blueprints/ThirdPersonCharacter.uasset'
[2015.07.23-22.47.11:594][268]LogActorComponent: UnregisterComponent: (/Engine/Transient.CharMoveComp) Not registered. Aborting.
[2015.07.23-22.47.15:454][268]LogSavePackage: Save=3393.220459ms
[2015.07.23-22.47.15:454][268]LogSavePackage: Moving '../../../../../../Users/Samantha/Desktop/God-Killer/Saved/ThirdPersonCharacterA9B8B4D14FEDDEC210E59C8DA08A2721.tmp' to '../../../../../../Users/Samantha/Desktop/God-Killer/Content/ThirdPersonBP/Blueprints/ThirdPersonCharacter.uasset'
[2015.07.23-22.47.22:055][381]LogActorComponent: UnregisterComponent: (/Engine/Transient.CharMoveComp) Not registered. Aborting.
[2015.07.23-22.47.26:604][416]Cmd: QUIT_EDITOR
[2015.07.23-22.47.27:649][416]LogExit: Preparing to exit.
[2015.07.23-22.47.28:068][416]LogExit: Editor shut down
[2015.07.23-22.47.28:069][416]LogExit: Transaction tracking system shut down
[2015.07.23-22.47.28:078][416]LogParticles: Destroying 0 GPU particle simulations for FXSystem 0x000000B0D1863D80
[2015.07.23-22.47.28:079][416]LogParticles: Destroying 0 GPU particle simulations for FXSystem 0x000000B0970D8720
[2015.07.23-22.47.28:080][416]LogParticles: Destroying 0 GPU particle simulations for FXSystem 0x000000B0D1862FC0
[2015.07.23-22.47.28:081][416]LogParticles: Destroying 0 GPU particle simulations for FXSystem 0x000000B0D3DB9E40
[2015.07.23-22.47.28:083][416]LogParticles: Destroying 0 GPU particle simulations for FXSystem 0x000000B09C777BA0
[2015.07.23-22.47.28:086][416]LogParticles: Destroying 0 GPU particle simulations for FXSystem 0x000000B0D1861E40
[2015.07.23-22.47.28:091][416]LogParticles: Destroying 0 GPU particle simulations for FXSystem 0x000000B09D8FFE20
[2015.07.23-22.47.28:092][416]LogParticles: Destroying 0 GPU particle simulations for FXSystem 0x000000B09D7C2B60
[2015.07.23-22.47.28:092][416]LogParticles: Destroying 0 GPU particle simulations for FXSystem 0x000000B09D7C11C0
[2015.07.23-22.47.28:092][416]LogParticles: Destroying 0 GPU particle simulations for FXSystem 0x000000B09D7C0C20
[2015.07.23-22.47.28:096][416]LogParticles: Destroying 0 GPU particle simulations for FXSystem 0x000000B09D6D91C0
[2015.07.23-22.47.28:096][416]LogParticles: Destroying 0 GPU particle simulations for FXSystem 0x000000B094B044A0
[2015.07.23-22.47.28:099][416]LogParticles: Destroying 0 GPU particle simulations for FXSystem 0x000000B0D2C64AE0
[2015.07.23-22.47.28:104][416]LogParticles: Destroying 0 GPU particle simulations for FXSystem 0x000000B08A58F4C0
[2015.07.23-22.47.28:104][416]LogParticles: Destroying 0 GPU particle simulations for FXSystem 0x000000B08A58EB60
[2015.07.23-22.47.28:749][416]LogExit: Object subsystem successfully closed.
[2015.07.23-22.47.29:011][416]LogModuleManager: Shutting down and abandoning module CrashTracker (177)
[2015.07.23-22.47.29:011][416]LogModuleManager: Shutting down and abandoning module SuperSearch (176)
[2015.07.23-22.47.29:011][416]LogModuleManager: Shutting down and abandoning module SceneOutliner (175)
[2015.07.23-22.47.29:011][416]LogModuleManager: Shutting down and abandoning module EditorWidgets (174)
[2015.07.23-22.47.29:011][416]LogModuleManager: Shutting down and abandoning module CollectionManager (173)
[2015.07.23-22.47.29:011][416]LogModuleManager: Shutting down and abandoning module StatsViewer (172)
[2015.07.23-22.47.29:011][416]LogModuleManager: Shutting down and abandoning module FoliageEdit (171)
[2015.07.23-22.47.29:011][416]LogModuleManager: Shutting down and abandoning module LandscapeEditor (170)
[2015.07.23-22.47.29:012][416]LogModuleManager: Shutting down and abandoning module MeshPaint (169)
[2015.07.23-22.47.29:012][416]LogModuleManager: Shutting down and abandoning module ActorPickerMode (168)
[2015.07.23-22.47.29:012][416]LogModuleManager: Shutting down and abandoning module GeometryMode (167)
[2015.07.23-22.47.29:012][416]LogModuleManager: Shutting down and abandoning module TextureAlignMode (166)
[2015.07.23-22.47.29:012][416]LogModuleManager: Shutting down and abandoning module BspMode (165)
[2015.07.23-22.47.29:012][416]LogModuleManager: Shutting down and abandoning module PlacementMode (164)
[2015.07.23-22.47.29:012][416]LogModuleManager: Shutting down and abandoning module AutomationWorker (163)
[2015.07.23-22.47.29:012][416]LogModuleManager: Shutting down and abandoning module CharacterAI (162)
[2015.07.23-22.47.29:012][416]LogModuleManager: Shutting down and abandoning module SmartSnapping (161)
[2015.07.23-22.47.29:012][416]LogModuleManager: Shutting down and abandoning module ViewportSnapping (160)
[2015.07.23-22.47.29:013][416]LogModuleManager: Shutting down and abandoning module LogVisualizer (159)
[2015.07.23-22.47.29:013][416]LogModuleManager: Shutting down and abandoning module GameProjectGeneration (158)
[2015.07.23-22.47.29:013][416]LogModuleManager: Shutting down and abandoning module IntroTutorials (157)
[2015.07.23-22.47.29:013][416]LogModuleManager: Shutting down and abandoning module EditorLiveStreaming (156)
[2015.07.23-22.47.29:013][416]LogModuleManager: Shutting down and abandoning module HardwareTargeting (155)
[2015.07.23-22.47.29:013][416]LogModuleManager: Shutting down and abandoning module DeviceProfileEditor (154)
[2015.07.23-22.47.29:013][416]LogModuleManager: Shutting down and abandoning module UndoHistory (153)
[2015.07.23-22.47.29:013][416]LogModuleManager: Shutting down and abandoning module GameplayTagsEditor (152)
[2015.07.23-22.47.29:014][416]LogModuleManager: Shutting down and abandoning module UserFeedback (151)
[2015.07.23-22.47.29:014][416]LogModuleManager: Shutting down and abandoning module XmlParser (150)
[2015.07.23-22.47.29:014][416]LogModuleManager: Shutting down and abandoning module Blutility (149)
[2015.07.23-22.47.29:014][416]LogModuleManager: Shutting down and abandoning module IOSPlatformEditor (148)
[2015.07.23-22.47.29:014][416]LogModuleManager: Shutting down and abandoning module IOSRuntimeSettings (147)
[2015.07.23-22.47.29:014][416]LogModuleManager: Shutting down and abandoning module AndroidDeviceDetection (146)
[2015.07.23-22.47.29:240][416]LogModuleManager: Shutting down and abandoning module AndroidPlatformEditor (145)
[2015.07.23-22.47.29:240][416]LogModuleManager: Shutting down and abandoning module AndroidRuntimeSettings (144)
[2015.07.23-22.47.29:240][416]LogModuleManager: Shutting down and abandoning module ProjectTargetPlatformEditor (143)
[2015.07.23-22.47.29:241][416]LogModuleManager: Shutting down and abandoning module ProjectSettingsViewer (142)
[2015.07.23-22.47.29:241][416]LogModuleManager: Shutting down and abandoning module InputBindingEditor (141)
[2015.07.23-22.47.29:242][416]LogModuleManager: Shutting down and abandoning module EditorSettingsViewer (140)
[2015.07.23-22.47.29:242][416]LogModuleManager: Shutting down and abandoning module SettingsEditor (139)
[2015.07.23-22.47.29:242][416]LogModuleManager: Shutting down and abandoning module ProjectLauncher (138)
[2015.07.23-22.47.29:242][416]LogModuleManager: Shutting down and abandoning module SessionFrontend (137)
[2015.07.23-22.47.29:242][416]LogModuleManager: Shutting down and abandoning module ProfilerClient (136)
[2015.07.23-22.47.29:242][416]LogModuleManager: Shutting down and abandoning module TargetDeviceServices (135)
[2015.07.23-22.47.29:242][416]LogModuleManager: Shutting down and abandoning module DeviceManager (134)
[2015.07.23-22.47.29:243][416]LogModuleManager: Shutting down and abandoning module AutomationController (133)
[2015.07.23-22.47.29:243][416]LogModuleManager: Shutting down and abandoning module AutomationWindow (132)
[2015.07.23-22.47.29:243][416]LogModuleManager: Shutting down and abandoning module Layers (131)
[2015.07.23-22.47.29:243][416]LogModuleManager: Shutting down and abandoning module ComponentVisualizers (130)
[2015.07.23-22.47.29:243][416]LogModuleManager: Shutting down and abandoning module DetailCustomizations (129)
[2015.07.23-22.47.29:244][416]LogModuleManager: Shutting down and abandoning module PackagesDialog (128)
[2015.07.23-22.47.29:244][416]LogModuleManager: Shutting down and abandoning module AssetRegistry (127)
[2015.07.23-22.47.29:531][416]LogModuleManager: Shutting down and abandoning module Persona (126)
[2015.07.23-22.47.29:531][416]LogModuleManager: Shutting down and abandoning module SlateReflector (125)
[2015.07.23-22.47.29:531][416]LogModuleManager: Shutting down and abandoning module LevelEditor (124)
[2015.07.23-22.47.29:533][416]LogModuleManager: Shutting down and abandoning module Kismet (123)
[2015.07.23-22.47.29:534][416]LogModuleManager: Shutting down and abandoning module GraphEditor (122)
[2015.07.23-22.47.29:534][416]LogModuleManager: Shutting down and abandoning module ClassViewer (121)
[2015.07.23-22.47.29:534][416]LogModuleManager: Shutting down and abandoning module Toolbox (120)
[2015.07.23-22.47.29:534][416]LogModuleManager: Shutting down and abandoning module ModuleUI (119)
[2015.07.23-22.47.29:534][416]LogModuleManager: Shutting down and abandoning module MovieSceneTools (118)
[2015.07.23-22.47.29:534][416]LogModuleManager: Shutting down and abandoning module OutputLog (117)
[2015.07.23-22.47.29:534][416]LogModuleManager: Shutting down and abandoning module GammaUI (116)
[2015.07.23-22.47.29:534][416]LogModuleManager: Shutting down and abandoning module Documentation (115)
[2015.07.23-22.47.29:534][416]LogModuleManager: Shutting down and abandoning module GameLiveStreaming (114)
[2015.07.23-22.47.29:535][416]LogModuleManager: Shutting down and abandoning module StreamingPauseRendering (113)
[2015.07.23-22.47.29:535][416]LogModuleManager: Shutting down and abandoning module HTTP (112)
[2015.07.23-22.47.29:535][416]LogModuleManager: Shutting down and abandoning module AnalyticsET (111)
[2015.07.23-22.47.29:535][416]LogModuleManager: Shutting down and abandoning module Analytics (110)
[2015.07.23-22.47.29:535][416]LogModuleManager: Shutting down and abandoning module AITestSuite (109)
[2015.07.23-22.47.29:535][416]LogModuleManager: Shutting down and abandoning module GameplayDebugger (108)
[2015.07.23-22.47.29:535][416]LogModuleManager: Shutting down and abandoning module AIModule (107)
[2015.07.23-22.47.29:535][416]LogModuleManager: Shutting down and abandoning module ProfilerService (106)
[2015.07.23-22.47.29:715][416]LogModuleManager: Shutting down and abandoning module TaskGraph (105)
[2015.07.23-22.47.29:715][416]LogModuleManager: Shutting down and abandoning module SlateRemote (104)
[2015.07.23-22.47.29:715][416]LogModuleManager: Shutting down and abandoning module ScriptEditorPlugin (103)
[2015.07.23-22.47.29:715][416]LogModuleManager: Shutting down and abandoning module CustomMeshComponent (102)
[2015.07.23-22.47.29:715][416]LogModuleManager: Shutting down and abandoning module CableComponent (101)
[2015.07.23-22.47.29:715][416]LogModuleManager: Shutting down and abandoning module MessagingDebugger (100)
[2015.07.23-22.47.29:715][416]LogModuleManager: Shutting down and abandoning module MediaPlayerEditor (99)
[2015.07.23-22.47.29:715][416]LogModuleManager: Shutting down and abandoning module SpeedTreeImporter (98)
[2015.07.23-22.47.29:715][416]LogModuleManager: Shutting down and abandoning module PluginsEditor (97)
[2015.07.23-22.47.29:715][416]LogModuleManager: Shutting down and abandoning module MainFrame (96)
[2015.07.23-22.47.29:716][416]LogModuleManager: Shutting down and abandoning module EpicSurvey (95)
[2015.07.23-22.47.29:716][416]LogModuleManager: Shutting down and abandoning module DesktopPlatform (94)
[2015.07.23-22.47.29:716][416]LogModuleManager: Shutting down and abandoning module DirectoryWatcher (93)
[2015.07.23-22.47.29:719][416]LogModuleManager: Shutting down and abandoning module HotReload (92)
[2015.07.23-22.47.29:719][416]LogModuleManager: Shutting down and abandoning module VisualStudioSourceCodeAccess (91)
[2015.07.23-22.47.29:719][416]LogModuleManager: Shutting down and abandoning module UObjectPlugin (90)
[2015.07.23-22.47.29:719][416]LogModuleManager: Shutting down and abandoning module SubversionSourceControl (89)
[2015.07.23-22.47.29:719][416]LogModuleManager: Shutting down and abandoning module PerforceSourceControl (88)
[2015.07.23-22.47.29:719][416]LogModuleManager: Shutting down and abandoning module SourceControl (87)
[2015.07.23-22.47.29:719][416]LogModuleManager: Shutting down and abandoning module GitSourceControl (86)
[2015.07.23-22.47.29:720][416]LogModuleManager: Shutting down and abandoning module BlankPlugin (85)
[2015.07.23-22.47.29:720][416]LogModuleManager: Shutting down and abandoning module PaperTiledImporter (84)
[2015.07.23-22.47.29:720][416]LogModuleManager: Shutting down and abandoning module PaperJsonImporter (83)
[2015.07.23-22.47.29:720][416]LogModuleManager: Shutting down and abandoning module ContentBrowser (82)
[2015.07.23-22.47.29:722][416]LogModuleManager: Shutting down and abandoning module Paper2DEditor (81)
[2015.07.23-22.47.29:722][416]LogModuleManager: Shutting down and abandoning module ScriptPlugin (80)
[2015.07.23-22.47.29:722][416]LogModuleManager: Shutting down and abandoning module UdpMessaging (79)
[2015.07.23-22.47.29:823][416]LogModuleManager: Shutting down and abandoning module Paper2D (78)
[2015.07.23-22.47.29:823][416]LogModuleManager: Shutting down and abandoning module WindowsMoviePlayer (77)
[2015.07.23-22.47.29:837][416]LogModuleManager: Shutting down and abandoning module Media (76)
[2015.07.23-22.47.29:837][416]LogModuleManager: Shutting down and abandoning module WmfMedia (75)
[2015.07.23-22.47.29:839][416]LogModuleManager: Shutting down and abandoning module OnlineBlueprintSupport (74)
[2015.07.23-22.47.29:839][416]LogModuleManager: Shutting down and abandoning module PropertyEditor (73)
[2015.07.23-22.47.29:839][416]LogModuleManager: Shutting down and abandoning module BehaviorTreeEditor (72)
[2015.07.23-22.47.29:839][416]LogModuleManager: Shutting down and abandoning module FunctionalTesting (71)
[2015.07.23-22.47.29:839][416]LogModuleManager: Shutting down and abandoning module CollisionAnalyzer (70)
[2015.07.23-22.47.29:839][416]LogModuleManager: Shutting down and abandoning module WorkspaceMenuStructure (69)
[2015.07.23-22.47.29:839][416]LogModuleManager: Shutting down and abandoning module MessageLog (68)
[2015.07.23-22.47.29:839][416]LogModuleManager: Shutting down and abandoning module Sequencer (67)
[2015.07.23-22.47.29:839][416]LogModuleManager: Shutting down and abandoning module AssetTools (66)
[2015.07.23-22.47.29:839][416]LogModuleManager: Shutting down and abandoning module UMGEditor (65)
[2015.07.23-22.47.29:839][416]LogModuleManager: Shutting down and abandoning module UMG (64)
[2015.07.23-22.47.29:839][416]LogModuleManager: Shutting down and abandoning module Slate (63)
[2015.07.23-22.47.29:839][416]LogModuleManager: Shutting down and abandoning module EditorStyle (62)
[2015.07.23-22.47.29:855][416]LogModuleManager: Shutting down and abandoning module SessionServices (61)
[2015.07.23-22.47.29:855][416]LogModuleManager: Shutting down and abandoning module SourceCodeAccess (60)
[2015.07.23-22.47.29:855][416]LogModuleManager: Shutting down and abandoning module HeadMountedDisplay (59)
[2015.07.23-22.47.29:855][416]LogModuleManager: Shutting down and abandoning module Networking (56)
[2015.07.23-22.47.29:855][416]LogModuleManager: Shutting down and abandoning module Core (55)
[2015.07.23-22.47.29:855][416]LogModuleManager: Shutting down and abandoning module KismetCompiler (54)
[2015.07.23-22.47.29:855][416]LogModuleManager: Shutting down and abandoning module PhysXFormats (53)
[2015.07.23-22.47.29:855][416]LogModuleManager: Shutting down and abandoning module MeshUtilities (52)
[2015.07.23-22.47.29:855][416]LogModuleManager: Shutting down and abandoning module DerivedDataCache (51)
[2015.07.23-22.47.29:912][416]LogDerivedDataCache: Shutdown
[2015.07.23-22.47.29:912][416]LogModuleManager: Shutting down and abandoning module ShaderFormatOpenGL (50)
[2015.07.23-22.47.29:912][416]LogModuleManager: Shutting down and abandoning module ShaderFormatD3D (49)
[2015.07.23-22.47.29:912][416]LogModuleManager: Shutting down and abandoning module MetalShaderFormat (48)
[2015.07.23-22.47.29:912][416]LogModuleManager: Shutting down and abandoning module TextureFormatUncompressed (47)
[2015.07.23-22.47.29:912][416]LogModuleManager: Shutting down and abandoning module TextureFormatPVR (46)
[2015.07.23-22.47.29:912][416]LogModuleManager: Shutting down and abandoning module TextureFormatIntelISPCTexComp (45)
[2015.07.23-22.47.29:912][416]LogModuleManager: Shutting down and abandoning module TextureFormatDXT (44)
[2015.07.23-22.47.29:912][416]LogModuleManager: Shutting down and abandoning module ImageWrapper (43)
[2015.07.23-22.47.29:912][416]LogModuleManager: Shutting down and abandoning module TextureFormatASTC (42)
[2015.07.23-22.47.29:912][416]LogModuleManager: Shutting down and abandoning module TextureFormatAndroid (41)
[2015.07.23-22.47.29:912][416]LogModuleManager: Shutting down and abandoning module AudioFormatOpus (40)
[2015.07.23-22.47.29:912][416]LogModuleManager: Shutting down and abandoning module AudioFormatOgg (39)
[2015.07.23-22.47.29:912][416]LogModuleManager: Shutting down and abandoning module AudioFormatADPCM (38)
[2015.07.23-22.47.29:912][416]LogModuleManager: Shutting down and abandoning module LinuxTargetPlatform (37)
[2015.07.23-22.47.29:912][416]LogModuleManager: Shutting down and abandoning module LinuxServerTargetPlatform (36)
[2015.07.23-22.47.29:912][416]LogModuleManager: Shutting down and abandoning module LinuxNoEditorTargetPlatform (35)
[2015.07.23-22.47.29:913][416]LogModuleManager: Shutting down and abandoning module Messaging (34)
[2015.07.23-22.47.29:913][416]LogModuleManager: Shutting down and abandoning module IOSTargetPlatform (33)
[2015.07.23-22.47.29:913][416]LogModuleManager: Shutting down and abandoning module HTML5TargetPlatform (32)
[2015.07.23-22.47.29:913][416]LogModuleManager: Shutting down and abandoning module Android_PVRTCTargetPlatform (31)
[2015.07.23-22.47.29:913][416]LogModuleManager: Shutting down and abandoning module Android_ETC2TargetPlatform (30)
[2015.07.23-22.47.29:913][416]LogModuleManager: Shutting down and abandoning module Android_ETC1TargetPlatform (29)
[2015.07.23-22.47.29:913][416]LogModuleManager: Shutting down and abandoning module Android_ES31TargetPlatform (28)
[2015.07.23-22.47.29:913][416]LogModuleManager: Shutting down and abandoning module Android_DXTTargetPlatform (27)
[2015.07.23-22.47.29:913][416]LogModuleManager: Shutting down and abandoning module Android_ATCTargetPlatform (26)
[2015.07.23-22.47.29:913][416]LogModuleManager: Shutting down and abandoning module AndroidTargetPlatform (25)
[2015.07.23-22.47.29:913][416]LogModuleManager: Shutting down and abandoning module WindowsTargetPlatform (24)
[2015.07.23-22.47.29:913][416]LogModuleManager: Shutting down and abandoning module WindowsServerTargetPlatform (23)
[2015.07.23-22.47.29:913][416]LogModuleManager: Shutting down and abandoning module WindowsNoEditorTargetPlatform (22)
[2015.07.23-22.47.29:913][416]LogModuleManager: Shutting down and abandoning module WindowsClientTargetPlatform (21)
[2015.07.23-22.47.29:913][416]LogModuleManager: Shutting down and abandoning module TargetPlatform (20)
[2015.07.23-22.47.29:913][416]LogModuleManager: Shutting down and abandoning module InputCore (19)
[2015.07.23-22.47.29:913][416]LogModuleManager: Shutting down and abandoning module Settings (18)
[2015.07.23-22.47.29:913][416]LogModuleManager: Shutting down and abandoning module OnlineSubsystem (16)
[2015.07.23-22.47.29:913][416]LogModuleManager: Shutting down and abandoning module OculusRift (15)
[2015.07.23-22.47.29:913][416]LogModuleManager: Shutting down and abandoning module ExampleDeviceProfileSelector (14)
[2015.07.23-22.47.29:913][416]LogModuleManager: Shutting down and abandoning module TextureCompressor (13)
[2015.07.23-22.47.29:913][416]LogModuleManager: Shutting down and abandoning module ShaderCore (12)
[2015.07.23-22.47.29:913][416]LogModuleManager: Shutting down and abandoning module Landscape (11)
[2015.07.23-22.47.29:913][416]LogModuleManager: Shutting down and abandoning module SlateRHIRenderer (10)
[2015.07.23-22.47.29:951][416]LogModuleManager: Shutting down and abandoning module OpenGLDrv (9)
[2015.07.23-22.47.29:951][416]LogModuleManager: Shutting down and abandoning module D3D11RHI (8)
[2015.07.23-22.47.29:951][416]LogModuleManager: Shutting down and abandoning module Renderer (7)
[2015.07.23-22.47.29:951][416]LogModuleManager: Shutting down and abandoning module Engine (6)
[2015.07.23-22.47.29:952][416]LogModuleManager: Shutting down and abandoning module CoreUObject (5)
[2015.07.23-22.47.29:952][416]LogModuleManager: Shutting down and abandoning module NetworkFile (4)
[2015.07.23-22.47.29:952][416]LogModuleManager: Shutting down and abandoning module StreamingFile (3)
[2015.07.23-22.47.29:952][416]LogModuleManager: Shutting down and abandoning module SandboxFile (2)
[2015.07.23-22.47.29:952][416]LogModuleManager: Shutting down and abandoning module PakFile (1)
[2015.07.23-22.47.30:032][416]LogExit: Exiting.
[2015.07.23-22.47.30:163][416]Log file closed, 07/23/15 15:47:30
