Log file open, 08/06/15 14:04:32
LogInit:Display: Running engine for game: GodKiller
LogInit: Version: 4.7.6-2513093+++depot+UE4-Releases+4.7
LogInit: API Version: 2455222
LogInit: Compiled (64-bit): Apr 15 2015 12:09:54
LogInit: Compiled with Visual C++: 18.00.21005.01
LogInit: Build Configuration: Development
LogInit: Branch Name: ++depot+UE4-Releases+4.7
LogInit: Command line:  
LogInit: Base directory: C:/Program Files/Epic Games/4.7/Engine/Binaries/Win64/
LogInit: Rocket: 1
[2015.08.06-21.04.32:274][  0]LogTaskGraph: Started task graph with 3 named threads and 4 total threads.
[2015.08.06-21.04.32:338][  0]LogOnline:Warning: No default platform service specified for OnlineSubsystem
[2015.08.06-21.04.32:384][  0]LogInit: Presizing for 0 objects not considered by GC, pre-allocating 0 bytes.
[2015.08.06-21.04.32:417][  0]LogInit: Object subsystem initialized
[2015.08.06-21.04.32:423][  0]LogConsoleResponse:Warning: Skipping Unknown console variable: 'TranslucentSortAxis = (X=0.000000,Y=-1.000000,Z=0.000000)'
[2015.08.06-21.04.32:423][  0]LogConsoleResponse:Warning:   Found in ini file 'C:/Users/Samantha/Desktop/God-Killer/Saved/Config/Windows/Engine.ini', in section '[/Script/Engine.RendererSettings]'
[2015.08.06-21.04.32:423][  0]LogConsoleResponse:Warning: Skipping Unknown console variable: 'UIScaleRule = ShortestSide'
[2015.08.06-21.04.32:423][  0]LogConsoleResponse:Warning:   Found in ini file 'C:/Users/Samantha/Desktop/God-Killer/Saved/Config/Windows/Engine.ini', in section '[/Script/Engine.RendererSettings]'
[2015.08.06-21.04.32:423][  0]LogConsoleResponse:Warning: Skipping Unknown console variable: 'UIScaleCurve = (EditorCurveData=(Keys=),ExternalCurve=None)'
[2015.08.06-21.04.32:423][  0]LogConsoleResponse:Warning:   Found in ini file 'C:/Users/Samantha/Desktop/God-Killer/Saved/Config/Windows/Engine.ini', in section '[/Script/Engine.RendererSettings]'
[2015.08.06-21.04.32:425][  0]LogInit: Selected Device Profile: [Windows]
[2015.08.06-21.04.32:425][  0]LogInit: Applying CVar settings loaded from the selected device profile: [Windows]
[2015.08.06-21.04.32:446][  0]LogInit: Computer: SAMANTHAPC
[2015.08.06-21.04.32:446][  0]LogInit: User: Samantha
[2015.08.06-21.04.32:446][  0]LogInit: CPU Page size=4096, Cores=2
[2015.08.06-21.04.32:446][  0]LogInit: High frequency timer resolution =2.240908 MHz
[2015.08.06-21.04.32:447][  0]LogMemory: Memory total: Physical=5.9GB (6GB approx) Virtual=131072.0GB
[2015.08.06-21.04.32:447][  0]LogMemory: Platform Memory Stats for Windows
[2015.08.06-21.04.32:447][  0]LogMemory: Process Physical Memory: 46.23 MB used, 46.23 MB peak
[2015.08.06-21.04.32:447][  0]LogMemory: Process Virtual Memory: 26.24 MB used, 26.25 MB peak
[2015.08.06-21.04.32:447][  0]LogMemory: Physical Memory: 2716.96 MB used, 6027.63 MB total
[2015.08.06-21.04.32:447][  0]LogMemory: Virtual Memory: 287.81 MB used, 134217728.00 MB total
[2015.08.06-21.04.32:485][  0]LogD3D11RHI: Found D3D11 adapter 0: Intel(R) HD Graphics Family (Feature Level 11_0)
[2015.08.06-21.04.32:485][  0]LogD3D11RHI: Adapter has 32MB of dedicated video memory, 0MB of dedicated system memory, and 1760MB of shared system memory, 1 output[s]
[2015.08.06-21.04.32:488][  0]LogD3D11RHI: Found D3D11 adapter 1: Microsoft Basic Render Driver (Feature Level 11_0)
[2015.08.06-21.04.32:488][  0]LogD3D11RHI: Adapter has 0MB of dedicated video memory, 0MB of dedicated system memory, and 256MB of shared system memory, 0 output[s]
[2015.08.06-21.04.32:488][  0]LogD3D11RHI: Chosen D3D11 Adapter Id = 0
[2015.08.06-21.04.32:511][  0]LogRHI: Texture pool is 638 MB (70% of 912 MB)
[2015.08.06-21.04.32:527][  0]LogD3D11RHI: Async texture creation enabled
[2015.08.06-21.04.32:636][  0]LogTextLocalizationManager: The requested culture ('en_US') has no localization data; parent culture's ('en') localization data will be used.
[2015.08.06-21.04.32:873][  0]LogTextLocalizationManager:Warning: Loading localization resources contain conflicting entries for (Namespace:UICommands, Key:Save_ToolTip):
Resource: (C:/Program Files/Epic Games/4.7/Engine/Content/Localization/Editor/en/Editor.locres) Hash: (-29098895) String: (Saves the current level to disk)
Resource: (C:/Program Files/Epic Games/4.7/Engine/Content/Localization/Engine/en/Engine.locres) Hash: (-1280300587) String: (Save selected data to vlog file)
[2015.08.06-21.04.32:873][  0]LogTextLocalizationManager:Warning: Loading localization resources contain conflicting entries for (Namespace:ContentBrowser, Key:ImportAssetToolTip):
Resource: (C:/Program Files/Epic Games/4.7/Engine/Content/Localization/Editor/en/Editor.locres) Hash: (-630476809) String: (Import to {0}...)
Resource: (C:/Program Files/Epic Games/4.7/Engine/Content/Localization/Editor/en/Editor.locres) Hash: (1271782899) String: (Imports an asset from file to this folder.)
[2015.08.06-21.04.33:192][  0]LogContentStreaming: Texture pool size is 0.000000MB
[2015.08.06-21.04.40:191][  0]LogTargetPlatformManager:Display: Building Assets For Windows
[2015.08.06-21.04.41:874][  0]LogTargetPlatformManager:Display: Building Assets For Windows
[2015.08.06-21.04.42:066][  0]LogDerivedDataCache:Display: Max Cache Size: 512 MB
[2015.08.06-21.04.42:200][  0]LogDerivedDataCache: Loaded boot cache 0.13s 39MB C:/Users/Samantha/AppData/Local/UnrealEngine/4.7/DerivedDataCache/Boot.ddc.
[2015.08.06-21.04.42:200][  0]LogDerivedDataCache:Display: Loaded Boot cache: C:/Users/Samantha/AppData/Local/UnrealEngine/4.7/DerivedDataCache/Boot.ddc
[2015.08.06-21.04.42:200][  0]LogDerivedDataCache: FDerivedDataBackendGraph:  Pak pak cache file ../../../../../../Users/Samantha/Desktop/God-Killer/DerivedDataCache/DDC.ddp not found, will not use a pak cache.
[2015.08.06-21.04.42:200][  0]LogDerivedDataCache: Unable to find inner node Pak for hierarchical cache Hierarchy.
[2015.08.06-21.04.42:604][  0]LogDerivedDataCache:Display: Pak cache opened for reading ../../../Engine/DerivedDataCache/Compressed.ddp.
[2015.08.06-21.04.42:619][  0]LogDerivedDataCache: Using Local data cache path C:/Users/Samantha/AppData/Local/UnrealEngine/Common/DerivedDataCache: Writable
[2015.08.06-21.04.43:638][  0]LogMeshUtilities: No automatic mesh reduction module available
[2015.08.06-21.04.43:638][  0]LogMeshUtilities: No automatic mesh merging module available
[2015.08.06-21.04.45:066][  0]LogInit: WinSock: version 1.1 (2.2), MaxSocks=32767, MaxUdp=65467
[2015.08.06-21.04.48:386][  0]LogModuleManager:Warning: ModuleManager: Unable to load module 'C:/Program Files/Epic Games/4.7/Engine/Binaries/Win64/UE4Editor-XAudio2.dll' because the file couldn't be loaded by the OS.
[2015.08.06-21.04.48:646][  0]LogSlate:Warning: Failed to load font data from '../../../Engine/Content/Slate/Fonts/Roboto-Italic.ttf'
[2015.08.06-21.04.51:343][  0]UdpMessaging: Initializing bridge on interface 0.0.0.0:0 to multicast group 230.0.0.1:6666.
[2015.08.06-21.04.51:923][  0]SourceControl: Info Source control is disabled
[2015.08.06-21.04.51:923][  0]SourceControl: Info Source control is disabled
[2015.08.06-21.04.51:923][  0]SourceControl: Info Source control is disabled
[2015.08.06-21.04.51:923][  0]LogSourceControl: RunCommandInternalRaw: 'git version'
[2015.08.06-21.04.51:924][  0]LogSourceControl: RunCommandInternalRaw: ExecProcess ReturnCode=2 OutResults=''
[2015.08.06-21.04.51:951][  0]SourceControl: Info Source control is disabled
[2015.08.06-21.04.52:585][  0]LogObj: 24232 objects as part of root set at end of initial load.
[2015.08.06-21.04.52:585][  0]LogUObjectAllocator: 5137176 out of 0 bytes used by permanent object pool.
[2015.08.06-21.04.52:855][  0]LogEngine: Initializing Engine...
[2015.08.06-21.04.56:568][  0]LogModuleManager:Warning: ModuleManager: Unable to load module 'C:/Program Files/Epic Games/4.7/Engine/Binaries/Win64/UE4Editor-XAudio2.dll' because the file couldn't be loaded by the OS.
[2015.08.06-21.04.56:706][  0]LogAIModule: Creating AISystem for world NewWorld
[2015.08.06-21.04.56:772][  0]LogDerivedDataCache: Saved boot cache 0.06s 39MB C:/Users/Samantha/AppData/Local/UnrealEngine/4.7/DerivedDataCache/Boot.ddc.
[2015.08.06-21.04.56:788][  0]LogInit: Texture streaming: Enabled
[2015.08.06-21.04.57:153][  0]LogAnalytics: Creating configured Analytics provider AnalyticsET
[2015.08.06-21.04.57:153][  0]LogAnalytics: ET APIKey = Rocket.Release. APIServer = http://et2.epicgames.com/ET2/. AppVersion = 4.7.6-2513093+++depot+UE4-Releases+4.7
[2015.08.06-21.04.57:153][  0]LogAnalytics: ET APIKey = Rocket.Release. DataRouterUploadURL = https://datarouter-public-service-gamedev.ol.epicgames.net/datarouter/api/v1/public/data. AppVersion = 4.7.6-2513093+++depot+UE4-Releases+4.7
[2015.08.06-21.04.57:154][  0]LogAnalytics: SetUserId 46872bea408cfcc0100ac385d2b5ce07|e22a3db169b04f708165eaff958a9646|097015b1-a59a-4201-b460-717027cc9fe8
[2015.08.06-21.04.57:154][  0]LogAnalytics: AnalyticsET::StartSession [Rocket.Release]
[2015.08.06-21.04.57:277][  0]LogInit: Transaction tracking system initialized
[2015.08.06-21.04.58:059][  0]BlueprintLog: New page: Editor Load
[2015.08.06-21.04.58:174][  0]LogAssetRegistry: FAssetRegistry took 0.0110 seconds to start up
[2015.08.06-21.04.58:176][  0]LogDirectoryWatcher:Warning: Failed to begin reading directory changes for ../../../Engine/Plugins/Experimental/CharacterAI/Content/. Error: 0
[2015.08.06-21.04.59:996][  0]LogTargetPlatformManager:Display: Building Assets For Windows
[2015.08.06-21.05.00:982][  0]LogTargetPlatformManager:Display: Building Assets For Windows
[2015.08.06-21.05.01:664][  0]LogSlate:Warning: Failed to load font data from '../../../Engine/Content/Editor/Slate/Fonts/Roboto-Regular.ttf'
[2015.08.06-21.05.01:665][  0]LogSlate:Warning: Failed to load font data from '../../../Engine/Content/Editor/Slate/Fonts/Roboto-Bold.ttf'
[2015.08.06-21.05.01:675][  0]LogConsoleResponse:Display: 
[2015.08.06-21.05.02:021][  0]LogCook:Display: Done creating registry. It took  0.00s.
[2015.08.06-21.05.02:378][  0]SourceControl: Info Source control is disabled
[2015.08.06-21.05.02:379][  0]Cmd: MAP LOAD FILE="../../../../../../Users/Samantha/Desktop/God-Killer/Content/Scene/NewCave.umap" TEMPLATE=0 SHOWPROGRESS=1 FEATURELEVEL=3
[2015.08.06-21.05.02:379][  0]LightingResults: New page: Lighting Build
[2015.08.06-21.05.02:412][  0]MapCheck: New page: Map Check
[2015.08.06-21.05.02:412][  0]LightingResults: New page: Lighting Build
[2015.08.06-21.05.02:449][  0]LogParticles: Destroying 0 GPU particle simulations for FXSystem 0x0000006356157B00
[2015.08.06-21.05.20:530][  0]LogEditorServer: Finished looking for orphan Actors (0.000 secs)
[2015.08.06-21.05.20:531][  0]LogAIModule: Creating AISystem for world NewCave
[2015.08.06-21.05.20:533][  0]Cmd: MAP CHECKDEP
[2015.08.06-21.05.20:533][  0]MapCheck: New page: NewCave - Aug 6, 2015, 7:05:20 AM
[2015.08.06-21.05.20:972][  0]MapCheck: Info Map check complete: 0 Error(s), 0 Warning(s), took 438.492ms to complete.
[2015.08.06-21.05.20:973][  0]LogFileHelpers: Loading map 'NewCave' took 18.593
[2015.08.06-21.05.21:129][  0]LogCollectionManager: Loaded 0 collections in 0.006716 seconds
[2015.08.06-21.05.21:171][  0]LogContentBrowser: Native class hierarchy populated in 0.0417 seconds. Added 1696 classes and 261 folders.
[2015.08.06-21.05.21:460][  0]LogContentBrowser: Native class hierarchy updated for 'SceneOutliner' in 0.0081 seconds. Added 1 classes and 2 folders.
[2015.08.06-21.05.21:667][  0]LogCrashTracker: Crashtracker disabled due to settings.
[2015.08.06-21.05.21:671][  0]LogSlate:Warning: Failed to load font data from 'Veranda'
[2015.08.06-21.05.21:740][  0]LogLoad: Full Startup: 53.39 seconds (BP compile: 7.84 seconds)
[2015.08.06-21.05.21:792][  0]LogContentBrowser:Verbose: The content browser source was changed by the sources view to '/Game/GUI'
[2015.08.06-21.05.22:452][  0]LogRenderer:Warning: Reallocating scene render targets to support 32x32 (Frame:2).
[2015.08.06-21.05.24:154][  0]LogRenderer:Warning: Reallocating scene render targets to support 912x712 (Frame:3).
[2015.08.06-21.05.26:899][  1]Cmd: UpdateLandscapeEditorData -warnings
[2015.08.06-21.05.26:903][  1]Cmd: UpdateLandscapeEditorData
[2015.08.06-21.05.33:488][ 32]LogAssetRegistry: Asset discovery search completed in 35.3254 seconds
[2015.08.06-21.05.48:747][165]LogSavePackage: Save=3122.431641ms
[2015.08.06-21.05.48:748][165]LogSavePackage: Moving '../../../../../../Users/Samantha/Desktop/God-Killer/Saved/ThirdPersonCharacter46C36B9241C594FE2A9AB1A9D3676BB4.tmp' to '../../../../../../Users/Samantha/Desktop/God-Killer/Content/ThirdPersonBP/Blueprints/ThirdPersonCharacter.uasset'
[2015.08.06-21.05.53:109][223]Cmd: OBJ SAVEPACKAGE PACKAGE="/Game/Scene/NewCave" FILE="../../../../../../Users/Samantha/Desktop/God-Killer/Content/Scene/NewCave.umap" SILENT=true AUTOSAVING=false KEEPDIRTY=false
[2015.08.06-21.05.53:115][223]LogActorComponent: UnregisterComponent: (/Engine/Transient.CharMoveComp) Not registered. Aborting.
[2015.08.06-21.05.53:116][223]LogActorComponent: UnregisterComponent: (/Engine/Transient.CharacterMovementComponent_0) Not registered. Aborting.
[2015.08.06-21.05.53:374][223]LogParticles: Destroying 0 GPU particle simulations for FXSystem 0x0000006364B23100
[2015.08.06-21.05.53:376][223]LogParticles: Destroying 0 GPU particle simulations for FXSystem 0x000000630598F560
[2015.08.06-21.05.53:377][223]LogParticles: Destroying 0 GPU particle simulations for FXSystem 0x000000630598FEC0
[2015.08.06-21.05.59:256][223]LogSavePackage: Save=5717.153320ms
[2015.08.06-21.05.59:256][223]LogSavePackage: Moving '../../../../../../Users/Samantha/Desktop/God-Killer/Saved/NewCave464383BD4D7E43A9C4D8FF987FAC18A5.tmp' to '../../../../../../Users/Samantha/Desktop/God-Killer/Content/Scene/NewCave.umap'
[2015.08.06-21.06.19:129][375]LogEditorViewport: Clicking on Actor (context menu): StaticMeshActor (newcave004)
[2015.08.06-21.06.26:799][460]Cmd: OBJ SAVEPACKAGE PACKAGE="/Game/Scene/NewCave" FILE="../../../../../../Users/Samantha/Desktop/God-Killer/Content/Scene/NewCave.umap" SILENT=true AUTOSAVING=false KEEPDIRTY=false
[2015.08.06-21.06.32:397][460]LogSavePackage: Save=5392.453613ms
[2015.08.06-21.06.32:397][460]LogSavePackage: Moving '../../../../../../Users/Samantha/Desktop/God-Killer/Saved/NewCaveB37015D34E18420BF379B2A7BE5A0EDC.tmp' to '../../../../../../Users/Samantha/Desktop/God-Killer/Content/Scene/NewCave.umap'
[2015.08.06-21.06.36:852][481]Cmd: QUIT_EDITOR
[2015.08.06-21.06.37:940][481]LogExit: Preparing to exit.
[2015.08.06-21.06.38:656][481]LogExit: Editor shut down
[2015.08.06-21.06.38:657][481]LogExit: Transaction tracking system shut down
[2015.08.06-21.06.38:664][481]LogParticles: Destroying 0 GPU particle simulations for FXSystem 0x000000636CB41440
[2015.08.06-21.06.38:677][481]LogParticles: Destroying 0 GPU particle simulations for FXSystem 0x0000006374B4B560
[2015.08.06-21.06.38:677][481]LogParticles: Destroying 0 GPU particle simulations for FXSystem 0x00000063772F0D60
[2015.08.06-21.06.38:677][481]LogParticles: Destroying 0 GPU particle simulations for FXSystem 0x0000006377480720
[2015.08.06-21.06.38:678][481]LogParticles: Destroying 0 GPU particle simulations for FXSystem 0x0000006374D95800
[2015.08.06-21.06.38:678][481]LogParticles: Destroying 0 GPU particle simulations for FXSystem 0x0000006374D94540
[2015.08.06-21.06.38:940][481]LogExit: Object subsystem successfully closed.
[2015.08.06-21.06.39:106][481]LogModuleManager: Shutting down and abandoning module SequencerWidgets (178)
[2015.08.06-21.06.39:106][481]LogModuleManager: Shutting down and abandoning module CrashTracker (177)
[2015.08.06-21.06.39:106][481]LogModuleManager: Shutting down and abandoning module SuperSearch (176)
[2015.08.06-21.06.39:106][481]LogModuleManager: Shutting down and abandoning module SceneOutliner (175)
[2015.08.06-21.06.39:106][481]LogModuleManager: Shutting down and abandoning module EditorWidgets (174)
[2015.08.06-21.06.39:106][481]LogModuleManager: Shutting down and abandoning module CollectionManager (173)
[2015.08.06-21.06.39:106][481]LogModuleManager: Shutting down and abandoning module StatsViewer (172)
[2015.08.06-21.06.39:107][481]LogModuleManager: Shutting down and abandoning module FoliageEdit (171)
[2015.08.06-21.06.39:107][481]LogModuleManager: Shutting down and abandoning module LandscapeEditor (170)
[2015.08.06-21.06.39:107][481]LogModuleManager: Shutting down and abandoning module MeshPaint (169)
[2015.08.06-21.06.39:108][481]LogModuleManager: Shutting down and abandoning module ActorPickerMode (168)
[2015.08.06-21.06.39:108][481]LogModuleManager: Shutting down and abandoning module GeometryMode (167)
[2015.08.06-21.06.39:108][481]LogModuleManager: Shutting down and abandoning module TextureAlignMode (166)
[2015.08.06-21.06.39:108][481]LogModuleManager: Shutting down and abandoning module BspMode (165)
[2015.08.06-21.06.39:108][481]LogModuleManager: Shutting down and abandoning module PlacementMode (164)
[2015.08.06-21.06.39:108][481]LogModuleManager: Shutting down and abandoning module AutomationWorker (163)
[2015.08.06-21.06.39:108][481]LogModuleManager: Shutting down and abandoning module CharacterAI (162)
[2015.08.06-21.06.39:108][481]LogModuleManager: Shutting down and abandoning module SmartSnapping (161)
[2015.08.06-21.06.39:108][481]LogModuleManager: Shutting down and abandoning module ViewportSnapping (160)
[2015.08.06-21.06.39:108][481]LogModuleManager: Shutting down and abandoning module LogVisualizer (159)
[2015.08.06-21.06.39:109][481]LogModuleManager: Shutting down and abandoning module GameProjectGeneration (158)
[2015.08.06-21.06.39:109][481]LogModuleManager: Shutting down and abandoning module IntroTutorials (157)
[2015.08.06-21.06.39:109][481]LogModuleManager: Shutting down and abandoning module EditorLiveStreaming (156)
[2015.08.06-21.06.39:109][481]LogModuleManager: Shutting down and abandoning module HardwareTargeting (155)
[2015.08.06-21.06.39:109][481]LogModuleManager: Shutting down and abandoning module DeviceProfileEditor (154)
[2015.08.06-21.06.39:109][481]LogModuleManager: Shutting down and abandoning module UndoHistory (153)
[2015.08.06-21.06.39:109][481]LogModuleManager: Shutting down and abandoning module GameplayTagsEditor (152)
[2015.08.06-21.06.39:109][481]LogModuleManager: Shutting down and abandoning module UserFeedback (151)
[2015.08.06-21.06.39:109][481]LogModuleManager: Shutting down and abandoning module XmlParser (150)
[2015.08.06-21.06.39:110][481]LogModuleManager: Shutting down and abandoning module Blutility (149)
[2015.08.06-21.06.39:110][481]LogModuleManager: Shutting down and abandoning module IOSPlatformEditor (148)
[2015.08.06-21.06.39:110][481]LogModuleManager: Shutting down and abandoning module IOSRuntimeSettings (147)
[2015.08.06-21.06.39:110][481]LogModuleManager: Shutting down and abandoning module AndroidDeviceDetection (146)
[2015.08.06-21.06.39:246][481]LogModuleManager: Shutting down and abandoning module AndroidPlatformEditor (145)
[2015.08.06-21.06.39:246][481]LogModuleManager: Shutting down and abandoning module AndroidRuntimeSettings (144)
[2015.08.06-21.06.39:246][481]LogModuleManager: Shutting down and abandoning module ProjectTargetPlatformEditor (143)
[2015.08.06-21.06.39:246][481]LogModuleManager: Shutting down and abandoning module ProjectSettingsViewer (142)
[2015.08.06-21.06.39:247][481]LogModuleManager: Shutting down and abandoning module InputBindingEditor (141)
[2015.08.06-21.06.39:247][481]LogModuleManager: Shutting down and abandoning module EditorSettingsViewer (140)
[2015.08.06-21.06.39:247][481]LogModuleManager: Shutting down and abandoning module SettingsEditor (139)
[2015.08.06-21.06.39:247][481]LogModuleManager: Shutting down and abandoning module ProjectLauncher (138)
[2015.08.06-21.06.39:247][481]LogModuleManager: Shutting down and abandoning module SessionFrontend (137)
[2015.08.06-21.06.39:247][481]LogModuleManager: Shutting down and abandoning module ProfilerClient (136)
[2015.08.06-21.06.39:247][481]LogModuleManager: Shutting down and abandoning module TargetDeviceServices (135)
[2015.08.06-21.06.39:247][481]LogModuleManager: Shutting down and abandoning module DeviceManager (134)
[2015.08.06-21.06.39:248][481]LogModuleManager: Shutting down and abandoning module AutomationController (133)
[2015.08.06-21.06.39:248][481]LogModuleManager: Shutting down and abandoning module AutomationWindow (132)
[2015.08.06-21.06.39:248][481]LogModuleManager: Shutting down and abandoning module Layers (131)
[2015.08.06-21.06.39:248][481]LogModuleManager: Shutting down and abandoning module ComponentVisualizers (130)
[2015.08.06-21.06.39:248][481]LogModuleManager: Shutting down and abandoning module DetailCustomizations (129)
[2015.08.06-21.06.39:248][481]LogModuleManager: Shutting down and abandoning module PackagesDialog (128)
[2015.08.06-21.06.39:248][481]LogModuleManager: Shutting down and abandoning module AssetRegistry (127)
[2015.08.06-21.06.39:448][481]LogModuleManager: Shutting down and abandoning module Persona (126)
[2015.08.06-21.06.39:448][481]LogModuleManager: Shutting down and abandoning module SlateReflector (125)
[2015.08.06-21.06.39:448][481]LogModuleManager: Shutting down and abandoning module LevelEditor (124)
[2015.08.06-21.06.39:451][481]LogModuleManager: Shutting down and abandoning module Kismet (123)
[2015.08.06-21.06.39:451][481]LogModuleManager: Shutting down and abandoning module GraphEditor (122)
[2015.08.06-21.06.39:452][481]LogModuleManager: Shutting down and abandoning module ClassViewer (121)
[2015.08.06-21.06.39:452][481]LogModuleManager: Shutting down and abandoning module Toolbox (120)
[2015.08.06-21.06.39:452][481]LogModuleManager: Shutting down and abandoning module ModuleUI (119)
[2015.08.06-21.06.39:452][481]LogModuleManager: Shutting down and abandoning module MovieSceneTools (118)
[2015.08.06-21.06.39:452][481]LogModuleManager: Shutting down and abandoning module OutputLog (117)
[2015.08.06-21.06.39:452][481]LogModuleManager: Shutting down and abandoning module GammaUI (116)
[2015.08.06-21.06.39:452][481]LogModuleManager: Shutting down and abandoning module Documentation (115)
[2015.08.06-21.06.39:452][481]LogModuleManager: Shutting down and abandoning module GameLiveStreaming (114)
[2015.08.06-21.06.39:452][481]LogModuleManager: Shutting down and abandoning module StreamingPauseRendering (113)
[2015.08.06-21.06.39:452][481]LogModuleManager: Shutting down and abandoning module HTTP (112)
[2015.08.06-21.06.39:452][481]LogModuleManager: Shutting down and abandoning module AnalyticsET (111)
[2015.08.06-21.06.39:452][481]LogModuleManager: Shutting down and abandoning module Analytics (110)
[2015.08.06-21.06.39:452][481]LogModuleManager: Shutting down and abandoning module AITestSuite (109)
[2015.08.06-21.06.39:452][481]LogModuleManager: Shutting down and abandoning module GameplayDebugger (108)
[2015.08.06-21.06.39:453][481]LogModuleManager: Shutting down and abandoning module AIModule (107)
[2015.08.06-21.06.39:453][481]LogModuleManager: Shutting down and abandoning module ProfilerService (106)
[2015.08.06-21.06.39:515][481]LogModuleManager: Shutting down and abandoning module TaskGraph (105)
[2015.08.06-21.06.39:515][481]LogModuleManager: Shutting down and abandoning module SlateRemote (104)
[2015.08.06-21.06.39:515][481]LogModuleManager: Shutting down and abandoning module ScriptEditorPlugin (103)
[2015.08.06-21.06.39:515][481]LogModuleManager: Shutting down and abandoning module CustomMeshComponent (102)
[2015.08.06-21.06.39:515][481]LogModuleManager: Shutting down and abandoning module CableComponent (101)
[2015.08.06-21.06.39:515][481]LogModuleManager: Shutting down and abandoning module MessagingDebugger (100)
[2015.08.06-21.06.39:516][481]LogModuleManager: Shutting down and abandoning module MediaPlayerEditor (99)
[2015.08.06-21.06.39:516][481]LogModuleManager: Shutting down and abandoning module SpeedTreeImporter (98)
[2015.08.06-21.06.39:516][481]LogModuleManager: Shutting down and abandoning module PluginsEditor (97)
[2015.08.06-21.06.39:516][481]LogModuleManager: Shutting down and abandoning module MainFrame (96)
[2015.08.06-21.06.39:516][481]LogModuleManager: Shutting down and abandoning module EpicSurvey (95)
[2015.08.06-21.06.39:516][481]LogModuleManager: Shutting down and abandoning module DesktopPlatform (94)
[2015.08.06-21.06.39:516][481]LogModuleManager: Shutting down and abandoning module DirectoryWatcher (93)
[2015.08.06-21.06.39:517][481]LogModuleManager: Shutting down and abandoning module HotReload (92)
[2015.08.06-21.06.39:517][481]LogModuleManager: Shutting down and abandoning module VisualStudioSourceCodeAccess (91)
[2015.08.06-21.06.39:517][481]LogModuleManager: Shutting down and abandoning module UObjectPlugin (90)
[2015.08.06-21.06.39:517][481]LogModuleManager: Shutting down and abandoning module SubversionSourceControl (89)
[2015.08.06-21.06.39:517][481]LogModuleManager: Shutting down and abandoning module PerforceSourceControl (88)
[2015.08.06-21.06.39:517][481]LogModuleManager: Shutting down and abandoning module SourceControl (87)
[2015.08.06-21.06.39:518][481]LogModuleManager: Shutting down and abandoning module GitSourceControl (86)
[2015.08.06-21.06.39:518][481]LogModuleManager: Shutting down and abandoning module BlankPlugin (85)
[2015.08.06-21.06.39:518][481]LogModuleManager: Shutting down and abandoning module PaperTiledImporter (84)
[2015.08.06-21.06.39:518][481]LogModuleManager: Shutting down and abandoning module PaperJsonImporter (83)
[2015.08.06-21.06.39:518][481]LogModuleManager: Shutting down and abandoning module ContentBrowser (82)
[2015.08.06-21.06.39:520][481]LogModuleManager: Shutting down and abandoning module Paper2DEditor (81)
[2015.08.06-21.06.39:520][481]LogModuleManager: Shutting down and abandoning module ScriptPlugin (80)
[2015.08.06-21.06.39:520][481]LogModuleManager: Shutting down and abandoning module UdpMessaging (79)
[2015.08.06-21.06.39:621][481]LogModuleManager: Shutting down and abandoning module Paper2D (78)
[2015.08.06-21.06.39:621][481]LogModuleManager: Shutting down and abandoning module WindowsMoviePlayer (77)
[2015.08.06-21.06.39:630][481]LogModuleManager: Shutting down and abandoning module Media (76)
[2015.08.06-21.06.39:630][481]LogModuleManager: Shutting down and abandoning module WmfMedia (75)
[2015.08.06-21.06.39:630][481]LogModuleManager: Shutting down and abandoning module OnlineBlueprintSupport (74)
[2015.08.06-21.06.39:630][481]LogModuleManager: Shutting down and abandoning module PropertyEditor (73)
[2015.08.06-21.06.39:630][481]LogModuleManager: Shutting down and abandoning module BehaviorTreeEditor (72)
[2015.08.06-21.06.39:630][481]LogModuleManager: Shutting down and abandoning module FunctionalTesting (71)
[2015.08.06-21.06.39:631][481]LogModuleManager: Shutting down and abandoning module CollisionAnalyzer (70)
[2015.08.06-21.06.39:631][481]LogModuleManager: Shutting down and abandoning module WorkspaceMenuStructure (69)
[2015.08.06-21.06.39:631][481]LogModuleManager: Shutting down and abandoning module MessageLog (68)
[2015.08.06-21.06.39:631][481]LogModuleManager: Shutting down and abandoning module Sequencer (67)
[2015.08.06-21.06.39:631][481]LogModuleManager: Shutting down and abandoning module AssetTools (66)
[2015.08.06-21.06.39:631][481]LogModuleManager: Shutting down and abandoning module UMGEditor (65)
[2015.08.06-21.06.39:631][481]LogModuleManager: Shutting down and abandoning module UMG (64)
[2015.08.06-21.06.39:631][481]LogModuleManager: Shutting down and abandoning module Slate (63)
[2015.08.06-21.06.39:631][481]LogModuleManager: Shutting down and abandoning module EditorStyle (62)
[2015.08.06-21.06.39:647][481]LogModuleManager: Shutting down and abandoning module SessionServices (61)
[2015.08.06-21.06.39:647][481]LogModuleManager: Shutting down and abandoning module SourceCodeAccess (60)
[2015.08.06-21.06.39:647][481]LogModuleManager: Shutting down and abandoning module HeadMountedDisplay (59)
[2015.08.06-21.06.39:648][481]LogModuleManager: Shutting down and abandoning module Networking (56)
[2015.08.06-21.06.39:648][481]LogModuleManager: Shutting down and abandoning module Core (55)
[2015.08.06-21.06.39:648][481]LogModuleManager: Shutting down and abandoning module KismetCompiler (54)
[2015.08.06-21.06.39:648][481]LogModuleManager: Shutting down and abandoning module PhysXFormats (53)
[2015.08.06-21.06.39:648][481]LogModuleManager: Shutting down and abandoning module MeshUtilities (52)
[2015.08.06-21.06.39:648][481]LogModuleManager: Shutting down and abandoning module DerivedDataCache (51)
[2015.08.06-21.06.39:693][481]LogDerivedDataCache: Shutdown
[2015.08.06-21.06.39:693][481]LogModuleManager: Shutting down and abandoning module ShaderFormatOpenGL (50)
[2015.08.06-21.06.39:693][481]LogModuleManager: Shutting down and abandoning module ShaderFormatD3D (49)
[2015.08.06-21.06.39:694][481]LogModuleManager: Shutting down and abandoning module MetalShaderFormat (48)
[2015.08.06-21.06.39:694][481]LogModuleManager: Shutting down and abandoning module TextureFormatUncompressed (47)
[2015.08.06-21.06.39:694][481]LogModuleManager: Shutting down and abandoning module TextureFormatPVR (46)
[2015.08.06-21.06.39:694][481]LogModuleManager: Shutting down and abandoning module TextureFormatIntelISPCTexComp (45)
[2015.08.06-21.06.39:694][481]LogModuleManager: Shutting down and abandoning module TextureFormatDXT (44)
[2015.08.06-21.06.39:694][481]LogModuleManager: Shutting down and abandoning module ImageWrapper (43)
[2015.08.06-21.06.39:694][481]LogModuleManager: Shutting down and abandoning module TextureFormatASTC (42)
[2015.08.06-21.06.39:694][481]LogModuleManager: Shutting down and abandoning module TextureFormatAndroid (41)
[2015.08.06-21.06.39:694][481]LogModuleManager: Shutting down and abandoning module AudioFormatOpus (40)
[2015.08.06-21.06.39:694][481]LogModuleManager: Shutting down and abandoning module AudioFormatOgg (39)
[2015.08.06-21.06.39:694][481]LogModuleManager: Shutting down and abandoning module AudioFormatADPCM (38)
[2015.08.06-21.06.39:694][481]LogModuleManager: Shutting down and abandoning module LinuxTargetPlatform (37)
[2015.08.06-21.06.39:694][481]LogModuleManager: Shutting down and abandoning module LinuxServerTargetPlatform (36)
[2015.08.06-21.06.39:694][481]LogModuleManager: Shutting down and abandoning module LinuxNoEditorTargetPlatform (35)
[2015.08.06-21.06.39:694][481]LogModuleManager: Shutting down and abandoning module Messaging (34)
[2015.08.06-21.06.39:694][481]LogModuleManager: Shutting down and abandoning module IOSTargetPlatform (33)
[2015.08.06-21.06.39:694][481]LogModuleManager: Shutting down and abandoning module HTML5TargetPlatform (32)
[2015.08.06-21.06.39:694][481]LogModuleManager: Shutting down and abandoning module Android_PVRTCTargetPlatform (31)
[2015.08.06-21.06.39:694][481]LogModuleManager: Shutting down and abandoning module Android_ETC2TargetPlatform (30)
[2015.08.06-21.06.39:694][481]LogModuleManager: Shutting down and abandoning module Android_ETC1TargetPlatform (29)
[2015.08.06-21.06.39:694][481]LogModuleManager: Shutting down and abandoning module Android_ES31TargetPlatform (28)
[2015.08.06-21.06.39:694][481]LogModuleManager: Shutting down and abandoning module Android_DXTTargetPlatform (27)
[2015.08.06-21.06.39:694][481]LogModuleManager: Shutting down and abandoning module Android_ATCTargetPlatform (26)
[2015.08.06-21.06.39:694][481]LogModuleManager: Shutting down and abandoning module AndroidTargetPlatform (25)
[2015.08.06-21.06.39:694][481]LogModuleManager: Shutting down and abandoning module WindowsTargetPlatform (24)
[2015.08.06-21.06.39:695][481]LogModuleManager: Shutting down and abandoning module WindowsServerTargetPlatform (23)
[2015.08.06-21.06.39:695][481]LogModuleManager: Shutting down and abandoning module WindowsNoEditorTargetPlatform (22)
[2015.08.06-21.06.39:695][481]LogModuleManager: Shutting down and abandoning module WindowsClientTargetPlatform (21)
[2015.08.06-21.06.39:695][481]LogModuleManager: Shutting down and abandoning module TargetPlatform (20)
[2015.08.06-21.06.39:695][481]LogModuleManager: Shutting down and abandoning module InputCore (19)
[2015.08.06-21.06.39:695][481]LogModuleManager: Shutting down and abandoning module Settings (18)
[2015.08.06-21.06.39:695][481]LogModuleManager: Shutting down and abandoning module OnlineSubsystem (16)
[2015.08.06-21.06.39:695][481]LogModuleManager: Shutting down and abandoning module OculusRift (15)
[2015.08.06-21.06.39:695][481]LogModuleManager: Shutting down and abandoning module ExampleDeviceProfileSelector (14)
[2015.08.06-21.06.39:695][481]LogModuleManager: Shutting down and abandoning module TextureCompressor (13)
[2015.08.06-21.06.39:696][481]LogModuleManager: Shutting down and abandoning module ShaderCore (12)
[2015.08.06-21.06.39:696][481]LogModuleManager: Shutting down and abandoning module Landscape (11)
[2015.08.06-21.06.39:696][481]LogModuleManager: Shutting down and abandoning module SlateRHIRenderer (10)
[2015.08.06-21.06.39:700][481]LogModuleManager: Shutting down and abandoning module OpenGLDrv (9)
[2015.08.06-21.06.39:700][481]LogModuleManager: Shutting down and abandoning module D3D11RHI (8)
[2015.08.06-21.06.39:700][481]LogModuleManager: Shutting down and abandoning module Renderer (7)
[2015.08.06-21.06.39:700][481]LogModuleManager: Shutting down and abandoning module Engine (6)
[2015.08.06-21.06.39:700][481]LogModuleManager: Shutting down and abandoning module CoreUObject (5)
[2015.08.06-21.06.39:700][481]LogModuleManager: Shutting down and abandoning module NetworkFile (4)
[2015.08.06-21.06.39:700][481]LogModuleManager: Shutting down and abandoning module StreamingFile (3)
[2015.08.06-21.06.39:700][481]LogModuleManager: Shutting down and abandoning module SandboxFile (2)
[2015.08.06-21.06.39:700][481]LogModuleManager: Shutting down and abandoning module PakFile (1)
[2015.08.06-21.06.39:701][481]LogExit: Exiting.
[2015.08.06-21.06.39:720][481]Log file closed, 08/06/15 14:06:39
