[2015.08.21-17.45.42:083][  0]Log file open, 08/21/15 10:45:42
[2015.08.21-17.45.42:083][  0]LogInit:Display: Running engine for game: GodKiller
[2015.08.21-17.45.42:083][  0]LogInit:Display: RandInit(-2085176400) SRandInit(-2085176400).
[2015.08.21-17.45.42:083][  0]LogTaskGraph: Started task graph with 4 named threads and 7 total threads.
[2015.08.21-17.45.42:083][  0]LogStats: Stats thread started
[2015.08.21-17.45.42:083][  0]LogInit: Version: 4.8.3-2634408+++depot+UE4-Releases+4.8
[2015.08.21-17.45.42:083][  0]LogInit: API Version: 2579680
[2015.08.21-17.45.42:083][  0]LogInit: Compiled (64-bit): Jul 27 2015 16:24:33
[2015.08.21-17.45.42:083][  0]LogInit: Compiled with Visual C++: 18.00.21005.01
[2015.08.21-17.45.42:083][  0]LogInit: Build Configuration: Development
[2015.08.21-17.45.42:083][  0]LogInit: Branch Name: ++depot+UE4-Releases+4.8
[2015.08.21-17.45.42:083][  0]LogInit: Command line:  
[2015.08.21-17.45.42:083][  0]LogInit: Base directory: C:/Program Files/Epic Games/4.8/Engine/Binaries/Win64/
[2015.08.21-17.45.42:083][  0]LogInit: Rocket: 1
[2015.08.21-17.45.42:092][  0]LogInit: Using libcurl 7.41.0
[2015.08.21-17.45.42:092][  0]LogInit:  - built for x86_64-pc-win32
[2015.08.21-17.45.42:092][  0]LogInit:  - supports SSL with WinSSL
[2015.08.21-17.45.42:092][  0]LogInit:  - other features:
[2015.08.21-17.45.42:092][  0]LogInit:      CURL_VERSION_SSL
[2015.08.21-17.45.42:092][  0]LogInit:      CURL_VERSION_IPV6
[2015.08.21-17.45.42:092][  0]LogInit:      CURL_VERSION_ASYNCHDNS
[2015.08.21-17.45.42:092][  0]LogInit:      CURL_VERSION_LARGEFILE
[2015.08.21-17.45.42:092][  0]LogInit:      CURL_VERSION_IDN
[2015.08.21-17.45.42:092][  0]LogInit:  CurlRequestOptions (configurable via config and command line):
[2015.08.21-17.45.42:092][  0]LogInit:  - bVerifyPeer = true  - Libcurl will verify peer certificate
[2015.08.21-17.45.42:092][  0]LogInit:  - bUseHttpProxy = false  - Libcurl will NOT use HTTP proxy
[2015.08.21-17.45.42:092][  0]LogInit:  - bDontReuseConnections = false  - Libcurl will reuse connections
[2015.08.21-17.45.42:092][  0]LogInit:  - CertBundlePath = nullptr  - Libcurl will use whatever was configured at build time.
[2015.08.21-17.45.42:101][  0]LogOnline:Warning: No default platform service specified for OnlineSubsystem
[2015.08.21-17.45.42:111][  0]LogInit: Presizing for 0 objects not considered by GC, pre-allocating 0 bytes.
[2015.08.21-17.45.42:116][  0]LogInit: Object subsystem initialized
[2015.08.21-17.45.42:117][  0]LogConsoleResponse:Warning: Skipping Unknown console variable: 'TranslucentSortAxis = (X=0.000000,Y=-1.000000,Z=0.000000)'
[2015.08.21-17.45.42:117][  0]LogConsoleResponse:Warning:   Found in ini file 'C:/Users/Podan the Destroyer/Desktop/God-Killer/Saved/Config/Windows/Engine.ini', in section '[/Script/Engine.RendererSettings]'
[2015.08.21-17.45.42:117][  0]LogConsoleResponse:Warning: Skipping Unknown console variable: 'UIScaleRule = ShortestSide'
[2015.08.21-17.45.42:117][  0]LogConsoleResponse:Warning:   Found in ini file 'C:/Users/Podan the Destroyer/Desktop/God-Killer/Saved/Config/Windows/Engine.ini', in section '[/Script/Engine.RendererSettings]'
[2015.08.21-17.45.42:117][  0]LogConsoleResponse:Warning: Skipping Unknown console variable: 'UIScaleCurve = (EditorCurveData=(Keys=),ExternalCurve=None)'
[2015.08.21-17.45.42:117][  0]LogConsoleResponse:Warning:   Found in ini file 'C:/Users/Podan the Destroyer/Desktop/God-Killer/Saved/Config/Windows/Engine.ini', in section '[/Script/Engine.RendererSettings]'
[2015.08.21-17.45.42:117][  0]LogInit: Selected Device Profile: [Windows]
[2015.08.21-17.45.42:117][  0]LogInit: Applying CVar settings loaded from the selected device profile: [Windows]
[2015.08.21-17.45.42:122][  0]LogInit: Computer: MASTERKONTROL
[2015.08.21-17.45.42:122][  0]LogInit: User: PodantheDestroyer
[2015.08.21-17.45.42:122][  0]LogInit: CPU Page size=4096, Cores=4
[2015.08.21-17.45.42:122][  0]LogInit: High frequency timer resolution =3.320332 MHz
[2015.08.21-17.45.42:122][  0]LogMemory: Memory total: Physical=23.9GB (24GB approx)
[2015.08.21-17.45.42:122][  0]LogMemory: Platform Memory Stats for Windows
[2015.08.21-17.45.42:122][  0]LogMemory: Process Physical Memory: 50.06 MB used, 50.06 MB peak
[2015.08.21-17.45.42:122][  0]LogMemory: Process Virtual Memory: 23.03 MB used, 24.91 MB peak
[2015.08.21-17.45.42:122][  0]LogMemory: Physical Memory: 2900.14 MB used, 24509.41 MB total
[2015.08.21-17.45.42:122][  0]LogMemory: Virtual Memory: 280.88 MB used, 8388608.00 MB total
[2015.08.21-17.45.42:152][  0]LogTextLocalizationManager: The requested culture ('en_US') has no localization data; parent culture's ('en') localization data will be used.
[2015.08.21-17.45.42:317][  0]LogTextLocalizationManager:Warning: Loaded localization resources contain conflicting entries for (Namespace:ContentBrowser, Key:ImportAssetToolTip):
Localization Resource: (C:/Program Files/Epic Games/4.8/Engine/Content/Localization/Editor/en/Editor.locres) Source String Hash: (-630476809) Localized String: (Import to {0}...)
Localization Resource: (C:/Program Files/Epic Games/4.8/Engine/Content/Localization/Editor/en/Editor.locres) Source String Hash: (1271782899) Localized String: (Imports an asset from file to this folder.)
[2015.08.21-17.45.42:694][  0]LogD3D11RHI: Found D3D11 adapter 0: NVIDIA GeForce GTX 760 (Feature Level 11_0)
[2015.08.21-17.45.42:694][  0]LogD3D11RHI: Adapter has 4029MB of dedicated video memory, 0MB of dedicated system memory, and 11998MB of shared system memory, 2 output[s]
[2015.08.21-17.45.42:694][  0]LogD3D11RHI: Chosen D3D11 Adapter Id = 0
[2015.08.21-17.45.42:698][  0]LogD3D11RHI: InitD3DDevice
[2015.08.21-17.45.42:698][  0]LogD3D11RHI: !Direct3DDevice
[2015.08.21-17.45.42:698][  0]LogRHI: Texture pool is 1361 MB (70% of 1945 MB)
[2015.08.21-17.45.42:706][  0]LogD3D11RHI: Async texture creation enabled
[2015.08.21-17.45.42:721][  0]LogShaderCompilers:Display: Using Local Shader Compiler.
[2015.08.21-17.45.43:369][  0]LogTemp:Display: Loaded TP DesktopTargetPlatform
[2015.08.21-17.45.43:379][  0]LogTemp:Display: Loaded TP WindowsClientTargetPlatform
[2015.08.21-17.45.43:389][  0]LogTemp:Display: Loaded TP WindowsNoEditorTargetPlatform
[2015.08.21-17.45.43:399][  0]LogTemp:Display: Loaded TP WindowsServerTargetPlatform
[2015.08.21-17.45.43:411][  0]LogTemp:Display: Loaded TP WindowsTargetPlatform
[2015.08.21-17.45.43:421][  0]LogTemp:Display: Loaded TP AndroidTargetPlatform
[2015.08.21-17.45.43:430][  0]LogTemp:Display: Loaded TP Android_ASTCTargetPlatform
[2015.08.21-17.45.43:439][  0]LogTemp:Display: Loaded TP Android_ATCTargetPlatform
[2015.08.21-17.45.43:448][  0]LogTemp:Display: Loaded TP Android_DXTTargetPlatform
[2015.08.21-17.45.43:459][  0]LogTemp:Display: Loaded TP Android_ETC1TargetPlatform
[2015.08.21-17.45.43:467][  0]LogTemp:Display: Loaded TP Android_ETC2TargetPlatform
[2015.08.21-17.45.43:476][  0]LogTemp:Display: Loaded TP Android_PVRTCTargetPlatform
[2015.08.21-17.45.43:512][  0]LogTemp:Display: Loaded TP IOSTargetPlatform
[2015.08.21-17.45.43:521][  0]LogTemp:Display: Loaded TP LinuxNoEditorTargetPlatform
[2015.08.21-17.45.43:530][  0]LogTemp:Display: Loaded TP LinuxServerTargetPlatform
[2015.08.21-17.45.43:540][  0]LogTemp:Display: Loaded TP LinuxTargetPlatform
[2015.08.21-17.45.43:541][  0]LogTargetPlatformManager:Display: Building Assets For Windows
[2015.08.21-17.45.43:692][  0]LogDerivedDataCache:Display: Max Cache Size: 512 MB
[2015.08.21-17.45.43:731][  0]LogDerivedDataCache: Loaded boot cache 0.04s 53MB C:/Users/Podan the Destroyer/AppData/Local/UnrealEngine/4.8/DerivedDataCache/Boot.ddc.
[2015.08.21-17.45.43:731][  0]LogDerivedDataCache:Display: Loaded Boot cache: C:/Users/Podan the Destroyer/AppData/Local/UnrealEngine/4.8/DerivedDataCache/Boot.ddc
[2015.08.21-17.45.43:731][  0]LogDerivedDataCache: FDerivedDataBackendGraph:  Pak pak cache file ../../../../../../Users/Podan the Destroyer/Desktop/God-Killer/DerivedDataCache/DDC.ddp not found, will not use a pak cache.
[2015.08.21-17.45.43:731][  0]LogDerivedDataCache: Unable to find inner node Pak for hierarchical cache Hierarchy.
[2015.08.21-17.45.43:731][  0]LogDerivedDataCache: FDerivedDataBackendGraph:  CompressedPak pak cache file ../../../../../../Users/Podan the Destroyer/Desktop/God-Killer/DerivedDataCache/Compressed.ddp not found, will not use a pak cache.
[2015.08.21-17.45.43:731][  0]LogDerivedDataCache: Unable to find inner node CompressedPak for hierarchical cache Hierarchy.
[2015.08.21-17.45.43:858][  0]LogDerivedDataCache:Display: Pak cache opened for reading ../../../Engine/DerivedDataCache/Compressed.ddp.
[2015.08.21-17.45.43:869][  0]LogDerivedDataCache: Using Local data cache path C:/Users/Podan the Destroyer/AppData/Local/UnrealEngine/Common/DerivedDataCache: Writable
[2015.08.21-17.45.44:022][  0]LogInit: Selected Device Profile: [Windows]
[2015.08.21-17.45.44:030][  0]ImportText (ComponentSweepMultiTests): Missing closing parenthesis: (RootShapeAsset="/Engine/BasicShapes/Cube.Cube",ShapeType="TriggerCapsule",HitResult=(Time=0.50,Location=(X=-100.000015,Y=0.0,Z=100.000015),ImpactPoint=(X=-50.0,Y=0.0,Z=50.0),Normal=(X=-1.0,Y=-0.0,Z=0.0),ImpactNormal=(X=0.0,Y=0.0,Z=1.0),TraceStart=(X=-200.0,Y=0.0,Z=200.0),TraceEnd=(X=0.0,Y=0.0,Z=0.0))
[2015.08.21-17.45.44:030][  0]ImportText (LineTraceSingleByChannelTests): Missing closing parenthesis: (RootShapeAsset="/Engine/BasicShapes/Cube.Cube",HitResult=(Time=0.50,Location=(X=-100.000015,Y=0.0,Z=100.000015),ImpactPoint=(X=-50.0,Y=0.0,Z=50.0),Normal=(X=-1.0,Y=-0.0,Z=0.0),ImpactNormal=(X=0.0,Y=0.0,Z=1.0),TraceStart=(X=-200.0,Y=0.0,Z=200.0),TraceEnd=(X=0.0,Y=0.0,Z=0.0))
[2015.08.21-17.45.44:052][  0]LogMeshUtilities: No automatic mesh reduction module available
[2015.08.21-17.45.44:052][  0]LogMeshUtilities: No automatic mesh merging module available
[2015.08.21-17.45.44:395][  0]LogInit: WinSock: version 1.1 (2.2), MaxSocks=32767, MaxUdp=65467
[2015.08.21-17.45.45:225][  0]UdpMessaging: Initializing bridge on interface 0.0.0.0:0 to multicast group 230.0.0.1:6666.
[2015.08.21-17.45.45:501][  0]SourceControl: Info Source control is disabled
[2015.08.21-17.45.45:506][  0]SourceControl: Info Source control is disabled
[2015.08.21-17.45.45:513][  0]SourceControl: Info Source control is disabled
[2015.08.21-17.45.45:520][  0]SourceControl: Info Source control is disabled
[2015.08.21-17.45.45:667][  0]LogObj: 26273 objects as part of root set at end of initial load.
[2015.08.21-17.45.45:667][  0]LogUObjectAllocator: 5409256 out of 0 bytes used by permanent object pool.
[2015.08.21-17.45.45:720][  0]LogEngine: Initializing Engine...
[2015.08.21-17.45.45:722][  0]LogHMD: Can't find Oculus library dev build: is proper Runtime installed? Version: 0.6.0.0
[2015.08.21-17.45.45:722][  0]LogHMD:Warning: SteamVR failed to initialize.  Error: 110
[2015.08.21-17.45.45:832][  0]LogAIModule: Creating AISystem for world NewWorld
[2015.08.21-17.45.45:835][  0]LogInit: XAudio2 using 'Speakers (Realtek High Definition Audio)' : 2 channels at 48 kHz using 32 bits per sample (channel mask 0x3)
[2015.08.21-17.45.45:857][  0]LogInit: FAudioDevice initialized.
[2015.08.21-17.45.45:879][  0]LogDerivedDataCache: Saved boot cache 0.02s 53MB C:/Users/Podan the Destroyer/AppData/Local/UnrealEngine/4.8/DerivedDataCache/Boot.ddc.
[2015.08.21-17.45.45:882][  0]LogInit: Texture streaming: Disabled
[2015.08.21-17.45.45:898][  0]LogAnalytics: Creating configured Analytics provider AnalyticsET
[2015.08.21-17.45.45:898][  0]LogAnalytics: [UEEditor.Rocket.Release] APIServer = http://et2.epicgames.com/ET2/. AppVersion = 4.8.3-2634408+++depot+UE4-Releases+4.8
[2015.08.21-17.45.45:898][  0]LogAnalytics: [UEEditor.Rocket.Release] SetUserId ed67592044830cba6a4ed08c5fd1ced7|6a5c42c024fc4f65bc11a93a84e818c7|7eb1c904-4831-475d-9e4a-165e6f6190d8
[2015.08.21-17.45.45:898][  0]LogAnalytics: [UEEditor.Rocket.Release] AnalyticsET::StartSession
[2015.08.21-17.45.45:914][  0]LogInit: Transaction tracking system initialized
[2015.08.21-17.45.45:999][  0]BlueprintLog: New page: Editor Load
[2015.08.21-17.45.46:025][  0]LogAssetRegistry: FAssetRegistry took 0.0098 seconds to start up
[2015.08.21-17.45.46:025][  0]LogDirectoryWatcher:Warning: Failed to begin reading directory changes for ../../../Engine/Plugins/Experimental/CharacterAI/Content/. Error: 0
[2015.08.21-17.45.46:487][  0]LogConsoleManager:Warning: Console variable 'r.VSync' wasn't set ('GameSetting' has a lower priority than 'SystemSettingsIni')
[2015.08.21-17.45.46:488][  0]LogConsoleResponse:Display: 
[2015.08.21-17.45.46:561][  0]LogCook:Display: Done creating registry. It took  0.00s.
[2015.08.21-17.45.46:680][  0]SourceControl: Info Source control is disabled
[2015.08.21-17.45.46:680][  0]Cmd: MAP LOAD FILE="../../../../../../Users/Podan the Destroyer/Desktop/God-Killer/Content/Scene/NewCave.umap" TEMPLATE=0 SHOWPROGRESS=1 FEATURELEVEL=3
[2015.08.21-17.45.46:680][  0]LightingResults: New page: Lighting Build
[2015.08.21-17.45.46:689][  0]MapCheck: New page: Map Check
[2015.08.21-17.45.46:689][  0]LightingResults: New page: Lighting Build
[2015.08.21-17.45.46:697][  0]LogParticles: Destroying 0 GPU particle simulations for FXSystem 0x0000000016182F20
[2015.08.21-17.45.47:387][  0]LogBlueprint:Warning: [compiler GnawmersHealth] Warning 'gnawmers' is already a 'Enemy 1', you don't need  Cast To Enemy1 .
[2015.08.21-17.45.47:387][  0]LogBlueprint:Warning: [compiler GnawmersHealth] Warning [0006.32] Compile of GnawmersHealth successful, but with 1 Warning(s) [in 7 ms]
[2015.08.21-17.45.47:387][  0]LogBlueprint:Warning: [compiler GnawmersHealth] Warning [0006.32] Compile of GnawmersHealth successful, but with 2 Warning(s) [in 0 ms]
[2015.08.21-17.45.47:387][  0]LogBlueprint:Warning: [compiler GnawmersHealth] Warning [0006.32] Compile of GnawmersHealth successful, but with 3 Warning(s) [in 0 ms]
[2015.08.21-17.45.47:709][  0]LogBlueprint:Warning: [compiler Gui] Warning 'gnawmers' is already a 'Enemy 1', you don't need  Cast To Enemy1 .
[2015.08.21-17.45.47:716][  0]LogBlueprint:Warning: [compiler Gui] Warning [0006.65] Compile of Gui successful, but with 1 Warning(s) [in 24 ms]
[2015.08.21-17.45.47:716][  0]LogBlueprint:Warning: [compiler Gui] Warning [0006.65] Compile of Gui successful, but with 2 Warning(s) [in 0 ms]
[2015.08.21-17.45.47:716][  0]LogBlueprint:Warning: [compiler Gui] Warning [0006.65] Compile of Gui successful, but with 3 Warning(s) [in 0 ms]
[2015.08.21-17.45.48:781][  0]LogBlueprint:Warning: [compiler Gui] Warning 'gnawmers' is already a 'Enemy 1', you don't need  Cast To Enemy1 .
[2015.08.21-17.45.48:787][  0]LogBlueprint:Warning: [compiler Gui] Warning [0007.72] Compile of Gui successful, but with 1 Warning(s) [in 25 ms]
[2015.08.21-17.45.48:789][  0]LogBlueprint:Warning: [compiler Gui] Warning [0007.72] Compile of Gui successful, but with 2 Warning(s) [in 1 ms]
[2015.08.21-17.45.48:853][  0]LogBlueprint:Warning: [compiler GnawmersHealth] Warning 'gnawmers' is already a 'Enemy 1', you don't need  Cast To Enemy1 .
[2015.08.21-17.45.48:854][  0]LogBlueprint:Warning: [compiler GnawmersHealth] Warning [0007.79] Compile of GnawmersHealth successful, but with 1 Warning(s) [in 8 ms]
[2015.08.21-17.45.48:854][  0]LogBlueprint:Warning: [compiler GnawmersHealth] Warning [0007.79] Compile of GnawmersHealth successful, but with 2 Warning(s) [in 0 ms]
[2015.08.21-17.45.50:884][  0]LogAIModule: Creating AISystem for world NewCave
[2015.08.21-17.45.50:923][  0]LogEditorServer: Finished looking for orphan Actors (0.000 secs)
[2015.08.21-17.45.50:924][  0]Cmd: MAP CHECKDEP NOCLEARLOG
[2015.08.21-17.45.50:970][  0]MapCheck: Info Map check complete: 0 Error(s), 0 Warning(s), took 46.028ms to complete.
[2015.08.21-17.45.50:970][  0]LogFileHelpers: Loading map 'NewCave' took 4.291
[2015.08.21-17.45.51:099][  0]LogCollectionManager: Loaded 0 collections in 0.001418 seconds
[2015.08.21-17.45.51:104][  0]LogContentBrowser: Native class hierarchy populated in 0.0056 seconds. Added 1792 classes and 301 folders.
[2015.08.21-17.45.51:134][  0]LogContentBrowser: Native class hierarchy updated for 'WidgetCarousel' in 0.0002 seconds. Added 0 classes and 0 folders.
[2015.08.21-17.45.51:151][  0]LogContentBrowser: Native class hierarchy updated for 'AddContentDialog' in 0.0002 seconds. Added 0 classes and 0 folders.
[2015.08.21-17.45.51:186][  0]LogContentBrowser: Native class hierarchy updated for 'SceneOutliner' in 0.0003 seconds. Added 1 classes and 2 folders.
[2015.08.21-17.45.51:212][  0]LogCrashTracker: Crashtracker disabled due to settings.
[2015.08.21-17.45.51:213][  0]LogD3D11RHI: InitD3DDevice
[2015.08.21-17.45.51:214][  0]LogUObjectGlobals:Warning: Failed to find object 'Class None.'
[2015.08.21-17.45.51:234][  0]LogLoad: Full Startup: 10.17 seconds (BP compile: 1.67 seconds)
[2015.08.21-17.45.51:314][  0]LogContentStreaming: Texture pool size is 0.000000MB
[2015.08.21-17.45.51:404][  0]LogContentStreaming: Texture pool size now 200 MB
[2015.08.21-17.45.51:579][  0]LogRenderer: Reallocating scene render targets to support 936x896 (Frame:2).
[2015.08.21-17.45.51:657][  1]Cmd: UpdateLandscapeEditorData -warnings
[2015.08.21-17.45.51:658][  1]Cmd: UpdateLandscapeEditorData
[2015.08.21-17.45.51:663][  1]LogLinker:Warning: Can't find file '/Game/Models/Skeleton/NewModel/Anim/SkeletonMesh'
[2015.08.21-17.45.51:663][  1]LogLinker:Warning: Can't find file '/Game/Models/Skeleton/NewModel/Anim/SkeletonMesh'
[2015.08.21-17.45.51:663][  1]LogLinker:Warning: Can't find file '/Game/Models/Skeleton/NewModel/Anim/SkeletonMesh'
[2015.08.21-17.45.51:663][  1]LogUObjectGlobals:Warning: Failed to find object 'SkeletalMesh /Game/Models/Skeleton/NewModel/Anim/SkeletonMesh.SkeletonMesh'
[2015.08.21-17.45.52:030][ 13]LogAssetRegistry: Asset discovery search completed in 6.0149 seconds
[2015.08.21-17.45.56:066][492]LogD3D11RHI: InitD3DDevice
[2015.08.21-17.45.58:234][714]LogD3D11RHI: InitD3DDevice
[2015.08.21-17.45.59:167][809]LogD3D11RHI: InitD3DDevice
[2015.08.21-17.46.00:354][932]LogD3D11RHI: InitD3DDevice
[2015.08.21-17.46.00:914][988]LogD3D11RHI: InitD3DDevice
[2015.08.21-17.46.01:134][ 12]LogD3D11RHI: InitD3DDevice
[2015.08.21-17.46.02:485][165]LogD3D11RHI: InitD3DDevice
[2015.08.21-17.46.15:422][266]LogD3D11RHI: InitD3DDevice
[2015.08.21-17.46.16:762][418]LogD3D11RHI: InitD3DDevice
[2015.08.21-17.48.53:993][810]LogD3D11RHI: InitD3DDevice
[2015.08.21-17.49.16:067][817]LogD3D11RHI: InitD3DDevice
[2015.08.21-17.49.23:743][664]LogD3D11RHI: InitD3DDevice
[2015.08.21-17.49.24:730][777]LogD3D11RHI: InitD3DDevice
[2015.08.21-17.50.30:656][346]LogD3D11RHI: InitD3DDevice
[2015.08.21-17.50.30:713][346]LogFactory: FactoryCreateBinary: StaticMesh with FbxFactory (0 0 F:\Game_Asset_Development\Done_Assets\Fort001\Fort001.obj)
[2015.08.21-17.50.31:029][346]LogD3D11RHI: InitD3DDevice
[2015.08.21-17.50.35:926][346]LogFbx: Loading FBX Scene from F:\Game_Asset_Development\Done_Assets\Fort001\Fort001.obj
[2015.08.21-17.50.35:985][346]LogFbx: FBX Scene Loaded Succesfully
[2015.08.21-17.50.35:999][346]LogFbx:Warning: Triangulating static mesh polySurface57
[2015.08.21-17.50.36:470][346]LogStaticMesh: Building static mesh Fort001...
[2015.08.21-17.50.36:762][346]LogStaticMesh: Built static mesh [0.292878.2s] /Game/RaysModels/Fort001.Fort001
[2015.08.21-17.50.37:085][346]LogFactory: FactoryCreateBinary: Texture with TextureFactory (0 0 F:\Game_Asset_Development\Done_Assets\Fort001\Fort001Nor.tga)
[2015.08.21-17.50.39:219][346]LogD3D11RHI: InitD3DDevice
[2015.08.21-17.50.39:226][346]LogTexture:Display: Building textures: Fort001Nor (BC5)
[2015.08.21-17.50.39:714][346]LogFactory: FactoryCreateBinary: Texture with TextureFactory (0 0 F:\Game_Asset_Development\Done_Assets\Fort001\Fort001Spec.tga)
[2015.08.21-17.50.41:714][346]LogTexture:Display: Building textures: Fort001Spec (AutoDXT)
[2015.08.21-17.50.43:958][346]LogFactory: FactoryCreateBinary: Texture with TextureFactory (0 0 F:\Game_Asset_Development\Done_Assets\Fort001\Fort001TXT.tga)
[2015.08.21-17.50.45:995][346]LogTexture:Display: Building textures: Fort001TXT (AutoDXT)
[2015.08.21-17.50.52:664][665]LogD3D11RHI: InitD3DDevice
[2015.08.21-17.50.53:412][737]LogD3D11RHI: InitD3DDevice
[2015.08.21-17.50.54:934][887]LogD3D11RHI: InitD3DDevice
[2015.08.21-17.50.54:974][887]Cmd: OBJ SAVEPACKAGE PACKAGE="/Game/RaysModels/Fort001" FILE="../../../../../../Users/Podan the Destroyer/Desktop/God-Killer/Content/RaysModels/Fort001.uasset" SILENT=true
[2015.08.21-17.50.55:049][887]LogSavePackage: Save=72.654480ms
[2015.08.21-17.50.55:049][887]LogSavePackage: Moving '../../../../../../Users/Podan the Destroyer/Desktop/God-Killer/Saved/Fort001409A48A1447F931FE4F9949A418FD555.tmp' to '../../../../../../Users/Podan the Destroyer/Desktop/God-Killer/Content/RaysModels/Fort001.uasset'
[2015.08.21-17.50.55:636][930]LogD3D11RHI: InitD3DDevice
[2015.08.21-17.50.56:081][970]LogD3D11RHI: InitD3DDevice
[2015.08.21-17.50.56:532][  9]LogD3D11RHI: InitD3DDevice
[2015.08.21-17.50.56:565][  9]Cmd: OBJ SAVEPACKAGE PACKAGE="/Game/RaysModels/Fort001Nor" FILE="../../../../../../Users/Podan the Destroyer/Desktop/God-Killer/Content/RaysModels/Fort001Nor.uasset" SILENT=true
[2015.08.21-17.50.57:399][  9]LogSavePackage: Save=832.080322ms
[2015.08.21-17.50.57:399][  9]LogSavePackage: Moving '../../../../../../Users/Podan the Destroyer/Desktop/God-Killer/Saved/Fort001Nor799CC9D149AE91C9457F60842D14DFC1.tmp' to '../../../../../../Users/Podan the Destroyer/Desktop/God-Killer/Content/RaysModels/Fort001Nor.uasset'
[2015.08.21-17.50.57:968][ 44]LogD3D11RHI: InitD3DDevice
[2015.08.21-17.50.58:424][ 86]LogD3D11RHI: InitD3DDevice
[2015.08.21-17.50.58:903][127]LogD3D11RHI: InitD3DDevice
[2015.08.21-17.50.58:920][127]Cmd: OBJ SAVEPACKAGE PACKAGE="/Game/RaysModels/Fort001Spec" FILE="../../../../../../Users/Podan the Destroyer/Desktop/God-Killer/Content/RaysModels/Fort001Spec.uasset" SILENT=true
[2015.08.21-17.50.59:313][127]LogSavePackage: Save=392.607422ms
[2015.08.21-17.50.59:313][127]LogSavePackage: Moving '../../../../../../Users/Podan the Destroyer/Desktop/God-Killer/Saved/Fort001Spec6C6C41DE4740EF5927D54CA5E549DD55.tmp' to '../../../../../../Users/Podan the Destroyer/Desktop/God-Killer/Content/RaysModels/Fort001Spec.uasset'
[2015.08.21-17.50.59:814][158]LogD3D11RHI: InitD3DDevice
[2015.08.21-17.51.00:237][195]LogD3D11RHI: InitD3DDevice
[2015.08.21-17.51.00:711][234]LogD3D11RHI: InitD3DDevice
[2015.08.21-17.51.00:728][234]Cmd: OBJ SAVEPACKAGE PACKAGE="/Game/RaysModels/Fort001TXT" FILE="../../../../../../Users/Podan the Destroyer/Desktop/God-Killer/Content/RaysModels/Fort001TXT.uasset" SILENT=true
[2015.08.21-17.51.01:305][234]LogSavePackage: Save=576.910706ms
[2015.08.21-17.51.01:305][234]LogSavePackage: Moving '../../../../../../Users/Podan the Destroyer/Desktop/God-Killer/Saved/Fort001TXT4BC16961474255A27AB438BEBD3D7114.tmp' to '../../../../../../Users/Podan the Destroyer/Desktop/God-Killer/Content/RaysModels/Fort001TXT.uasset'
[2015.08.21-17.51.02:870][401]LogD3D11RHI: InitD3DDevice
[2015.08.21-17.51.02:895][402]LogD3D11RHI: InitD3DDevice
[2015.08.21-17.51.03:404][454]LogD3D11RHI: InitD3DDevice
[2015.08.21-17.51.15:926][831]LogD3D11RHI: InitD3DDevice
[2015.08.21-17.51.16:020][835]LogActorFactory: Actor Factory created Fort001
[2015.08.21-17.51.17:758][ 40]LogActorFactory: Actor Factory created Fort001
[2015.08.21-17.52.02:478][210]LogEditorViewport: Clicking on Actor (LMB): StaticMeshActor (newcave004)
[2015.08.21-17.52.03:780][362]LogEditorViewport: Clicking on Actor (LMB): StaticMeshActor (Fort001)
[2015.08.21-17.52.06:461][578]LogD3D11RHI: InitD3DDevice
[2015.08.21-17.52.06:534][578]LogMaterial: Missing cached shader map for material FortMat, compiling. 
[2015.08.21-17.52.06:889][578]LogD3D11RHI: InitD3DDevice
[2015.08.21-17.52.06:960][578]LogMaterial: Missing cached shader map for material FortMat, compiling. 
[2015.08.21-17.52.06:965][578]LogMaterial: 0.000086 seconds spent updating 1 materials, 1 interfaces, 0 instances, 0 with static permutations.
[2015.08.21-17.52.08:364][630]MaterialEditorStats: Info Base pass shader with only dynamic lighting: 31 instructions
[2015.08.21-17.52.08:364][630]MaterialEditorStats: Info Vertex shader: 31 instructions
[2015.08.21-17.52.08:364][630]MaterialEditorStats: Info Texture samplers: 0/16
[2015.08.21-17.52.10:502][762]LogD3D11RHI: InitD3DDevice
[2015.08.21-17.52.11:318][824]LogMaterial: Missing cached shader map for material FortMat, compiling. 
[2015.08.21-17.52.11:322][824]LogMaterial: 0.000123 seconds spent updating 1 materials, 1 interfaces, 0 instances, 0 with static permutations.
[2015.08.21-17.52.11:323][824]LogMaterial: Missing cached shader map for material FMatExpressionPreview MaterialExpressionTextureSample_0, compiling. 
[2015.08.21-17.52.11:482][824]LogMaterial: Missing cached shader map for material FMatExpressionPreview MaterialExpressionTextureSample_0, compiling. 
[2015.08.21-17.52.11:919][851]MaterialEditorStats: Info Base pass shader with only dynamic lighting: 31 instructions
[2015.08.21-17.52.11:919][851]MaterialEditorStats: Info Vertex shader: 31 instructions
[2015.08.21-17.52.11:919][851]MaterialEditorStats: Info Texture samplers: 0/16
[2015.08.21-17.52.12:389][873]LogD3D11RHI: InitD3DDevice
[2015.08.21-17.52.13:066][924]LogMaterial: Missing cached shader map for material FortMat, compiling. 
[2015.08.21-17.52.13:071][924]LogMaterial: 0.000049 seconds spent updating 1 materials, 1 interfaces, 0 instances, 0 with static permutations.
[2015.08.21-17.52.13:071][924]LogMaterial: Missing cached shader map for material FMatExpressionPreview MaterialExpressionTextureSample_1, compiling. 
[2015.08.21-17.52.13:096][924]LogMaterial: Missing cached shader map for material FMatExpressionPreview MaterialExpressionTextureSample_0, compiling. 
[2015.08.21-17.52.13:098][924]LogMaterial: Missing cached shader map for material FMatExpressionPreview MaterialExpressionTextureSample_1, compiling. 
[2015.08.21-17.52.13:728][946]LogD3D11RHI: InitD3DDevice
[2015.08.21-17.52.13:786][948]MaterialEditorStats: Info Base pass shader with only dynamic lighting: 31 instructions
[2015.08.21-17.52.13:786][948]MaterialEditorStats: Info Vertex shader: 31 instructions
[2015.08.21-17.52.13:786][948]MaterialEditorStats: Info Texture samplers: 0/16
[2015.08.21-17.52.14:539][  3]LogMaterial: Missing cached shader map for material FortMat, compiling. 
[2015.08.21-17.52.14:544][  3]LogMaterial: 0.000059 seconds spent updating 1 materials, 1 interfaces, 0 instances, 0 with static permutations.
[2015.08.21-17.52.14:544][  3]LogMaterial: Missing cached shader map for material FMatExpressionPreview MaterialExpressionTextureSample_2, compiling. 
[2015.08.21-17.52.14:638][  3]LogMaterial: Missing cached shader map for material FMatExpressionPreview MaterialExpressionTextureSample_0, compiling. 
[2015.08.21-17.52.14:655][  3]LogMaterial: Missing cached shader map for material FMatExpressionPreview MaterialExpressionTextureSample_1, compiling. 
[2015.08.21-17.52.14:656][  3]LogMaterial: Missing cached shader map for material FMatExpressionPreview MaterialExpressionTextureSample_2, compiling. 
[2015.08.21-17.52.15:219][ 41]MaterialEditorStats: Info Base pass shader with only dynamic lighting: 31 instructions
[2015.08.21-17.52.15:219][ 41]MaterialEditorStats: Info Vertex shader: 31 instructions
[2015.08.21-17.52.15:219][ 41]MaterialEditorStats: Info Texture samplers: 0/16
[2015.08.21-17.52.22:610][560]LogD3D11RHI: InitD3DDevice
[2015.08.21-17.52.23:253][612]LogMaterial: Missing cached shader map for material FortMat, compiling. 
[2015.08.21-17.52.23:258][612]LogMaterial: 0.000106 seconds spent updating 1 materials, 1 interfaces, 0 instances, 0 with static permutations.
[2015.08.21-17.52.23:281][612]LogMaterial: Missing cached shader map for material FMatExpressionPreview MaterialExpressionTextureSample_0, compiling. 
[2015.08.21-17.52.24:014][647]MaterialEditorStats: Info Base pass shader with only dynamic lighting: 32 instructions
[2015.08.21-17.52.24:014][647]MaterialEditorStats: Info Vertex shader: 33 instructions
[2015.08.21-17.52.24:014][647]MaterialEditorStats: Info Texture samplers: 1/16
[2015.08.21-17.52.24:415][674]LogD3D11RHI: InitD3DDevice
[2015.08.21-17.52.25:469][760]LogMaterial: Missing cached shader map for material FortMat, compiling. 
[2015.08.21-17.52.25:474][760]LogMaterial: 0.000098 seconds spent updating 1 materials, 1 interfaces, 0 instances, 0 with static permutations.
[2015.08.21-17.52.25:499][760]LogMaterial: Missing cached shader map for material FMatExpressionPreview MaterialExpressionTextureSample_1, compiling. 
[2015.08.21-17.52.26:315][812]MaterialEditorStats: Info Base pass shader with only dynamic lighting: 36 instructions
[2015.08.21-17.52.26:315][812]MaterialEditorStats: Info Vertex shader: 33 instructions
[2015.08.21-17.52.26:315][812]MaterialEditorStats: Info Texture samplers: 2/16
[2015.08.21-17.52.26:620][831]LogD3D11RHI: InitD3DDevice
[2015.08.21-17.52.27:432][896]LogMaterial: Missing cached shader map for material FortMat, compiling. 
[2015.08.21-17.52.27:436][896]LogMaterial: 0.000075 seconds spent updating 1 materials, 1 interfaces, 0 instances, 0 with static permutations.
[2015.08.21-17.52.27:514][896]LogMaterial: Missing cached shader map for material FMatExpressionPreview MaterialExpressionTextureSample_2, compiling. 
[2015.08.21-17.52.28:160][929]MaterialEditorStats: Info Base pass shader with only dynamic lighting: 51 instructions
[2015.08.21-17.52.28:160][929]MaterialEditorStats: Info Vertex shader: 33 instructions
[2015.08.21-17.52.28:160][929]MaterialEditorStats: Info Texture samplers: 3/16
[2015.08.21-17.52.30:105][ 60]LogMaterialEditor: Saving and Compiling material FortMat
[2015.08.21-17.52.30:380][ 60]LogMaterial: Missing cached shader map for material FortMat, compiling. 
[2015.08.21-17.52.30:396][ 60]LogMaterial: 0.000077 seconds spent updating 1 materials, 1 interfaces, 0 instances, 0 with static permutations.
[2015.08.21-17.52.30:400][ 60]LogD3D11RHI: InitD3DDevice
[2015.08.21-17.52.30:420][ 60]LogMaterial: Missing cached shader map for material FortMat, compiling. 
[2015.08.21-17.52.30:436][ 60]LogMaterial: Missing cached shader map for material FortMat, compiling. 
[2015.08.21-17.52.30:446][ 60]LogMaterial: 0.003981 seconds spent updating 1 materials, 1 interfaces, 0 instances, 0 with static permutations.
[2015.08.21-17.52.30:487][ 60]LogD3D11RHI: InitD3DDevice
[2015.08.21-17.52.31:902][ 60]Cmd: OBJ SAVEPACKAGE PACKAGE="/Game/RaysModels/FortMat" FILE="../../../../../../Users/Podan the Destroyer/Desktop/God-Killer/Content/RaysModels/FortMat.uasset" SILENT=true
[2015.08.21-17.52.31:913][ 60]LogSavePackage: Save=9.537601ms
[2015.08.21-17.52.31:913][ 60]LogSavePackage: Moving '../../../../../../Users/Podan the Destroyer/Desktop/God-Killer/Saved/FortMat927F701C417EA846CD80538CFB55295E.tmp' to '../../../../../../Users/Podan the Destroyer/Desktop/God-Killer/Content/RaysModels/FortMat.uasset'
[2015.08.21-17.52.31:919][ 60]MaterialEditorStats: Info Base pass shader with only dynamic lighting: 72 instructions
[2015.08.21-17.52.31:919][ 60]MaterialEditorStats: Info Vertex shader: 33 instructions
[2015.08.21-17.52.31:919][ 60]MaterialEditorStats: Info Texture samplers: 6/16
[2015.08.21-17.52.37:679][528]LogD3D11RHI: InitD3DDevice
[2015.08.21-17.53.08:627][982]LogEditorViewport: Clicking on Actor (LMB): StaticMeshActor (FloorTile17)
[2015.08.21-17.53.14:350][654]LogEditorViewport: Clicking on Actor (LMB): StaticMeshActor (Fort001)
[2015.08.21-17.53.19:036][173]LogEditorViewport: Clicking on Actor (LMB): StaticMeshActor (Pillar5)
[2015.08.21-17.53.19:764][256]LogEditorViewport: Clicking on Actor (LMB): StaticMeshActor (Rock27)
[2015.08.21-17.53.27:530][156]LogEditorViewport: Clicking on Actor (LMB): StaticMeshActor (rock003)
[2015.08.21-17.53.29:346][344]LogEditorViewport: Clicking on Actor (LMB): StaticMeshActor (Rock23)
[2015.08.21-17.53.34:811][980]LogEditorViewport: Clicking on Actor (LMB): StaticMeshActor (newcave004)
[2015.08.21-17.53.36:634][161]LogEditorViewport: Clicking on Actor (LMB): StaticMeshActor (Rock20)
[2015.08.21-17.53.41:293][691]LogEditorViewport: Clicking on Actor (LMB): StaticMeshActor (Rock22)
[2015.08.21-17.53.42:418][822]LogEditorViewport: Clicking on Actor (LMB): StaticMeshActor (Rock21)
[2015.08.21-17.53.46:709][319]LogEditorViewport: Clicking on Actor (LMB): StaticMeshActor (Fort001)
[2015.08.21-17.53.47:823][448]Cmd: DUPLICATE
[2015.08.21-17.53.47:823][448]Cmd: ACTOR DUPLICATE
[2015.08.21-17.54.28:686][134]LogEditorViewport: Clicking on Actor (LMB): StaticMeshActor (FloorTile17)
[2015.08.21-17.54.31:751][459]LogEditorViewport: Clicking on Actor (LMB): Landscape (Landscape)
[2015.08.21-17.54.37:584][129]LogEditorViewport: Clicking on Actor (LMB): StaticMeshActor (newcave004)
[2015.08.21-17.54.46:868][187]LogEditorViewport: Clicking on Actor (LMB): Landscape (Landscape)
[2015.08.21-17.54.54:220][ 31]LogEditorViewport: Clicking on Actor (LMB): StaticMeshActor (newcave004)
[2015.08.21-17.54.59:296][568]LogD3D11RHI: InitD3DDevice
[2015.08.21-17.55.14:277][ 98]Cmd: TRANSACTION UNDO
[2015.08.21-17.55.14:281][ 98]LogEditorTransaction: Undo Move Actors
[2015.08.21-17.55.14:286][ 98]LogD3D11RHI: InitD3DDevice
[2015.08.21-17.55.14:468][105]LogD3D11RHI: InitD3DDevice
[2015.08.21-17.55.15:444][149]LogEditorViewport: Clicking on Actor (LMB): StaticMeshActor (newcave004)
[2015.08.21-17.55.17:566][251]LogEditorViewport: Clicking on Actor (LMB): StaticMeshActor (newcave004)
[2015.08.21-17.55.19:274][344]LogEditorViewport: Clicking on Actor (LMB): StaticMeshActor (newcave004)
[2015.08.21-17.55.29:140][361]LogD3D11RHI: InitD3DDevice
[2015.08.21-17.55.35:760][858]Cmd: TRANSACTION UNDO
[2015.08.21-17.55.35:760][858]LogEditorTransaction: Undo Scale Actors
[2015.08.21-17.55.35:764][858]LogD3D11RHI: InitD3DDevice
[2015.08.21-17.55.35:925][868]LogD3D11RHI: InitD3DDevice
[2015.08.21-17.55.48:977][ 95]LogEditorViewport: Clicking on Actor (LMB): StaticMeshActor (Rock27)
[2015.08.21-17.55.51:326][343]LogD3D11RHI: InitD3DDevice
[2015.08.21-17.55.51:343][343]LogMaterial: Missing cached shader map for material Rock2, compiling. 
[2015.08.21-17.55.51:371][343]LogD3D11RHI: InitD3DDevice
[2015.08.21-17.55.51:433][343]LogMaterial: Missing cached shader map for material Rock2, compiling. 
[2015.08.21-17.55.51:438][343]LogMaterial: 0.000048 seconds spent updating 1 materials, 1 interfaces, 0 instances, 0 with static permutations.
[2015.08.21-17.55.51:464][343]LogMaterial: Missing cached shader map for material FMatExpressionPreview MaterialExpressionTextureSample_2, compiling. 
[2015.08.21-17.55.51:466][343]LogMaterial: Missing cached shader map for material FMatExpressionPreview MaterialExpressionTextureSample_0, compiling. 
[2015.08.21-17.55.51:468][343]LogMaterial: Missing cached shader map for material FMatExpressionPreview MaterialExpressionTextureSample_1, compiling. 
[2015.08.21-17.55.51:469][343]LogMaterial: Missing cached shader map for material FMatExpressionPreview MaterialExpressionTextureSample_3, compiling. 
[2015.08.21-17.55.52:807][433]MaterialEditorStats: Info Base pass shader with static lighting: 84 instructions
[2015.08.21-17.55.52:807][433]MaterialEditorStats: Info Base pass shader with only dynamic lighting: 53 instructions
[2015.08.21-17.55.52:807][433]MaterialEditorStats: Info Vertex shader: 33 instructions
[2015.08.21-17.55.52:807][433]MaterialEditorStats: Info Texture samplers: 5/16
[2015.08.21-17.56.27:897][817]LogD3D11RHI: InitD3DDevice
[2015.08.21-17.56.28:879][925]LogD3D11RHI: InitD3DDevice
[2015.08.21-17.56.35:170][564]LogActorComponent: UnregisterComponent: (/Engine/Transient.CharMoveComp) Not registered. Aborting.
[2015.08.21-17.56.35:170][564]LogActorComponent: UnregisterComponent: (/Engine/Transient.CharacterMovementComponent_0) Not registered. Aborting.
[2015.08.21-17.56.35:170][564]LogActorComponent: UnregisterComponent: (/Engine/Transient.CharacterMovementComponent_1) Not registered. Aborting.
[2015.08.21-17.56.35:170][564]LogActorComponent: UnregisterComponent: (/Engine/Transient.CharacterMovementComponent_2) Not registered. Aborting.
[2015.08.21-17.56.35:232][564]LogParticles: Destroying 0 GPU particle simulations for FXSystem 0x0000000036628D60
[2015.08.21-17.56.35:233][564]LogParticles: Destroying 0 GPU particle simulations for FXSystem 0x000000002F818680
[2015.08.21-17.56.35:486][564]LogD3D11RHI: InitD3DDevice
[2015.08.21-17.56.35:561][564]Cmd: OBJ SAVEPACKAGE PACKAGE="/Game/Scene/NewCave" FILE="../../../../../../Users/Podan the Destroyer/Desktop/God-Killer/Content/Scene/NewCave.umap" SILENT=true AUTOSAVING=false KEEPDIRTY=false
[2015.08.21-17.56.35:968][564]LogSavePackage: Save=373.108459ms
[2015.08.21-17.56.35:968][564]LogSavePackage: Moving '../../../../../../Users/Podan the Destroyer/Desktop/God-Killer/Saved/NewCaveE47034F34559C969DF8BAB98EEC3AEC8.tmp' to '../../../../../../Users/Podan the Destroyer/Desktop/God-Killer/Content/Scene/NewCave.umap'
[2015.08.21-17.56.36:012][564]LogFileHelpers: Saving map 'NewCave' took 0.495
[2015.08.21-17.56.41:408][151]Cmd: QUIT_EDITOR
[2015.08.21-17.56.41:798][151]LogExit: Preparing to exit.
[2015.08.21-17.56.42:375][151]LogExit: Editor shut down
[2015.08.21-17.56.42:375][151]LogExit: Transaction tracking system shut down
[2015.08.21-17.56.42:382][151]LogParticles: Destroying 0 GPU particle simulations for FXSystem 0x000000002EBB9A80
[2015.08.21-17.56.42:383][151]LogParticles: Destroying 0 GPU particle simulations for FXSystem 0x000000003657B9C0
[2015.08.21-17.56.42:383][151]LogParticles: Destroying 0 GPU particle simulations for FXSystem 0x00000000365FDA80
[2015.08.21-17.56.42:383][151]LogParticles: Destroying 0 GPU particle simulations for FXSystem 0x0000000022F43E20
[2015.08.21-17.56.42:383][151]LogParticles: Destroying 0 GPU particle simulations for FXSystem 0x0000000022F43C40
[2015.08.21-17.56.42:383][151]LogParticles: Destroying 0 GPU particle simulations for FXSystem 0x0000000022F43BA0
[2015.08.21-17.56.42:493][151]LogExit: Object subsystem successfully closed.
[2015.08.21-17.56.42:510][151]LogD3D11RHI: Shutdown
[2015.08.21-17.56.42:510][151]LogD3D11RHI: CleanupD3DDevice
[2015.08.21-17.56.42:554][151]LogD3D11RHI: ~FD3D11DynamicRHI
[2015.08.21-17.56.42:564][151]LogModuleManager: Shutting down and abandoning module MaterialEditor (190)
[2015.08.21-17.56.42:564][151]LogModuleManager: Shutting down and abandoning module ExternalImagePicker (189)
[2015.08.21-17.56.42:564][151]LogModuleManager: Shutting down and abandoning module CrashTracker (188)
[2015.08.21-17.56.42:564][151]LogModuleManager: Shutting down and abandoning module SceneOutliner (187)
[2015.08.21-17.56.42:564][151]LogModuleManager: Shutting down and abandoning module SuperSearch (186)
[2015.08.21-17.56.42:564][151]LogModuleManager: Shutting down and abandoning module WidgetCarousel (185)
[2015.08.21-17.56.42:564][151]LogModuleManager: Shutting down and abandoning module AddContentDialog (184)
[2015.08.21-17.56.42:565][151]LogModuleManager: Shutting down and abandoning module EditorWidgets (183)
[2015.08.21-17.56.42:565][151]LogModuleManager: Shutting down and abandoning module CollectionManager (182)
[2015.08.21-17.56.42:565][151]LogModuleManager: Shutting down and abandoning module StatsViewer (181)
[2015.08.21-17.56.42:565][151]LogModuleManager: Shutting down and abandoning module FoliageEdit (180)
[2015.08.21-17.56.42:565][151]LogModuleManager: Shutting down and abandoning module LandscapeEditor (179)
[2015.08.21-17.56.42:565][151]LogModuleManager: Shutting down and abandoning module ActorPickerMode (178)
[2015.08.21-17.56.42:565][151]LogModuleManager: Shutting down and abandoning module GeometryMode (177)
[2015.08.21-17.56.42:565][151]LogModuleManager: Shutting down and abandoning module TextureAlignMode (176)
[2015.08.21-17.56.42:565][151]LogModuleManager: Shutting down and abandoning module BspMode (175)
[2015.08.21-17.56.42:565][151]LogModuleManager: Shutting down and abandoning module PlacementMode (174)
[2015.08.21-17.56.42:565][151]LogModuleManager: Shutting down and abandoning module AutomationWorker (173)
[2015.08.21-17.56.42:565][151]LogModuleManager: Shutting down and abandoning module CharacterAI (172)
[2015.08.21-17.56.42:565][151]LogModuleManager: Shutting down and abandoning module SmartSnapping (171)
[2015.08.21-17.56.42:565][151]LogModuleManager: Shutting down and abandoning module ViewportSnapping (170)
[2015.08.21-17.56.42:565][151]LogModuleManager: Shutting down and abandoning module LogVisualizer (169)
[2015.08.21-17.56.42:565][151]LogModuleManager: Shutting down and abandoning module GameProjectGeneration (168)
[2015.08.21-17.56.42:565][151]LogModuleManager: Shutting down and abandoning module IntroTutorials (167)
[2015.08.21-17.56.42:565][151]LogModuleManager: Shutting down and abandoning module EditorLiveStreaming (166)
[2015.08.21-17.56.42:565][151]LogModuleManager: Shutting down and abandoning module IOSPlatformEditor (165)
[2015.08.21-17.56.42:565][151]LogModuleManager: Shutting down and abandoning module HTML5PlatformEditor (164)
[2015.08.21-17.56.42:565][151]LogModuleManager: Shutting down and abandoning module AndroidDeviceDetection (163)
[2015.08.21-17.56.43:427][151]LogModuleManager: Shutting down and abandoning module AndroidPlatformEditor (162)
[2015.08.21-17.56.43:427][151]LogModuleManager: Shutting down and abandoning module IOSRuntimeSettings (161)
[2015.08.21-17.56.43:427][151]LogModuleManager: Shutting down and abandoning module AndroidRuntimeSettings (160)
[2015.08.21-17.56.43:427][151]LogModuleManager: Shutting down and abandoning module MergeActors (159)
[2015.08.21-17.56.43:427][151]LogModuleManager: Shutting down and abandoning module SizeMap (158)
[2015.08.21-17.56.43:427][151]LogModuleManager: Shutting down and abandoning module TreeMap (157)
[2015.08.21-17.56.43:427][151]LogModuleManager: Shutting down and abandoning module ReferenceViewer (156)
[2015.08.21-17.56.43:427][151]LogModuleManager: Shutting down and abandoning module LocalizationDashboard (155)
[2015.08.21-17.56.43:427][151]LogModuleManager: Shutting down and abandoning module HardwareTargeting (154)
[2015.08.21-17.56.43:427][151]LogModuleManager: Shutting down and abandoning module DeviceProfileEditor (153)
[2015.08.21-17.56.43:427][151]LogModuleManager: Shutting down and abandoning module UndoHistory (152)
[2015.08.21-17.56.43:427][151]LogModuleManager: Shutting down and abandoning module GameplayTagsEditor (151)
[2015.08.21-17.56.43:427][151]LogModuleManager: Shutting down and abandoning module UserFeedback (150)
[2015.08.21-17.56.43:427][151]LogModuleManager: Shutting down and abandoning module XmlParser (149)
[2015.08.21-17.56.43:428][151]LogModuleManager: Shutting down and abandoning module Blutility (148)
[2015.08.21-17.56.43:428][151]LogModuleManager: Shutting down and abandoning module ProjectTargetPlatformEditor (147)
[2015.08.21-17.56.43:428][151]LogModuleManager: Shutting down and abandoning module ProjectSettingsViewer (146)
[2015.08.21-17.56.43:428][151]LogModuleManager: Shutting down and abandoning module InputBindingEditor (145)
[2015.08.21-17.56.43:428][151]LogModuleManager: Shutting down and abandoning module EditorSettingsViewer (144)
[2015.08.21-17.56.43:428][151]LogModuleManager: Shutting down and abandoning module SettingsEditor (143)
[2015.08.21-17.56.43:429][151]LogModuleManager: Shutting down and abandoning module ProjectLauncher (142)
[2015.08.21-17.56.43:429][151]LogModuleManager: Shutting down and abandoning module SessionFrontend (141)
[2015.08.21-17.56.43:429][151]LogModuleManager: Shutting down and abandoning module ProfilerClient (140)
[2015.08.21-17.56.43:429][151]LogModuleManager: Shutting down and abandoning module TargetDeviceServices (139)
[2015.08.21-17.56.43:429][151]LogModuleManager: Shutting down and abandoning module DeviceManager (138)
[2015.08.21-17.56.43:429][151]LogModuleManager: Shutting down and abandoning module AutomationController (137)
[2015.08.21-17.56.43:429][151]LogModuleManager: Shutting down and abandoning module AutomationWindow (136)
[2015.08.21-17.56.43:429][151]LogModuleManager: Shutting down and abandoning module Layers (135)
[2015.08.21-17.56.43:429][151]LogModuleManager: Shutting down and abandoning module ComponentVisualizers (134)
[2015.08.21-17.56.43:429][151]LogModuleManager: Shutting down and abandoning module DetailCustomizations (133)
[2015.08.21-17.56.43:429][151]LogModuleManager: Shutting down and abandoning module PackagesDialog (132)
[2015.08.21-17.56.43:430][151]LogModuleManager: Shutting down and abandoning module AssetRegistry (131)
[2015.08.21-17.56.43:593][151]LogModuleManager: Shutting down and abandoning module Persona (130)
[2015.08.21-17.56.43:593][151]LogModuleManager: Shutting down and abandoning module Kismet (129)
[2015.08.21-17.56.43:593][151]LogModuleManager: Shutting down and abandoning module GraphEditor (128)
[2015.08.21-17.56.43:593][151]LogModuleManager: Shutting down and abandoning module ClassViewer (127)
[2015.08.21-17.56.43:593][151]LogModuleManager: Shutting down and abandoning module Toolbox (126)
[2015.08.21-17.56.43:593][151]LogModuleManager: Shutting down and abandoning module ModuleUI (125)
[2015.08.21-17.56.43:593][151]LogModuleManager: Shutting down and abandoning module MovieSceneTools (124)
[2015.08.21-17.56.43:593][151]LogModuleManager: Shutting down and abandoning module OutputLog (123)
[2015.08.21-17.56.43:593][151]LogModuleManager: Shutting down and abandoning module GammaUI (122)
[2015.08.21-17.56.43:593][151]LogModuleManager: Shutting down and abandoning module Documentation (121)
[2015.08.21-17.56.43:593][151]LogModuleManager: Shutting down and abandoning module GameLiveStreaming (120)
[2015.08.21-17.56.43:593][151]LogModuleManager: Shutting down and abandoning module StreamingPauseRendering (119)
[2015.08.21-17.56.43:593][151]LogModuleManager: Shutting down and abandoning module AnalyticsET (118)
[2015.08.21-17.56.43:593][151]LogModuleManager: Shutting down and abandoning module Analytics (117)
[2015.08.21-17.56.43:593][151]LogModuleManager: Shutting down and abandoning module AITestSuite (116)
[2015.08.21-17.56.43:593][151]LogModuleManager: Shutting down and abandoning module GameplayDebugger (115)
[2015.08.21-17.56.43:593][151]LogModuleManager: Shutting down and abandoning module AIModule (114)
[2015.08.21-17.56.43:593][151]LogModuleManager: Shutting down and abandoning module ProfilerService (113)
[2015.08.21-17.56.43:767][151]LogModuleManager: Shutting down and abandoning module TaskGraph (112)
[2015.08.21-17.56.43:767][151]LogModuleManager: Shutting down and abandoning module SlateRemote (111)
[2015.08.21-17.56.43:767][151]LogModuleManager: Shutting down and abandoning module SteamVRController (110)
[2015.08.21-17.56.43:767][151]LogModuleManager: Shutting down and abandoning module SteamVR (109)
[2015.08.21-17.56.43:767][151]LogModuleManager: Shutting down and abandoning module ProceduralMeshComponent (108)
[2015.08.21-17.56.43:767][151]LogModuleManager: Shutting down and abandoning module OculusRift (107)
[2015.08.21-17.56.43:767][151]LogModuleManager: Shutting down and abandoning module LeapMotionController (106)
[2015.08.21-17.56.43:783][151]LogModuleManager: Shutting down and abandoning module CustomMeshComponent (105)
[2015.08.21-17.56.43:783][151]LogModuleManager: Shutting down and abandoning module CableComponent (104)
[2015.08.21-17.56.43:783][151]LogModuleManager: Shutting down and abandoning module MessagingDebugger (103)
[2015.08.21-17.56.43:783][151]LogModuleManager: Shutting down and abandoning module MediaPlayerEditor (102)
[2015.08.21-17.56.43:783][151]LogModuleManager: Shutting down and abandoning module SpeedTreeImporter (101)
[2015.08.21-17.56.43:783][151]LogModuleManager: Shutting down and abandoning module PluginBrowser (100)
[2015.08.21-17.56.43:783][151]LogModuleManager: Shutting down and abandoning module EpicSurvey (99)
[2015.08.21-17.56.43:783][151]LogModuleManager: Shutting down and abandoning module DesktopPlatform (98)
[2015.08.21-17.56.43:783][151]LogModuleManager: Shutting down and abandoning module VisualStudioSourceCodeAccess (97)
[2015.08.21-17.56.43:783][151]LogModuleManager: Shutting down and abandoning module UObjectPlugin (96)
[2015.08.21-17.56.43:783][151]LogModuleManager: Shutting down and abandoning module SubversionSourceControl (95)
[2015.08.21-17.56.43:783][151]LogModuleManager: Shutting down and abandoning module PerforceSourceControl (94)
[2015.08.21-17.56.43:784][151]LogModuleManager: Shutting down and abandoning module SourceControl (93)
[2015.08.21-17.56.43:784][151]LogModuleManager: Shutting down and abandoning module GitSourceControl (92)
[2015.08.21-17.56.43:784][151]LogModuleManager: Shutting down and abandoning module BlankPlugin (91)
[2015.08.21-17.56.43:784][151]LogModuleManager: Shutting down and abandoning module PaperTiledImporter (90)
[2015.08.21-17.56.43:784][151]LogModuleManager: Shutting down and abandoning module PaperSpriteSheetImporter (89)
[2015.08.21-17.56.43:784][151]LogModuleManager: Shutting down and abandoning module MeshPaint (88)
[2015.08.21-17.56.43:784][151]LogModuleManager: Shutting down and abandoning module SlateReflector (87)
[2015.08.21-17.56.43:784][151]LogModuleManager: Shutting down and abandoning module DirectoryWatcher (86)
[2015.08.21-17.56.43:785][151]LogModuleManager: Shutting down and abandoning module HotReload (85)
[2015.08.21-17.56.43:785][151]LogModuleManager: Shutting down and abandoning module MainFrame (84)
[2015.08.21-17.56.43:785][151]LogModuleManager: Shutting down and abandoning module LevelEditor (83)
[2015.08.21-17.56.43:787][151]LogModuleManager: Shutting down and abandoning module ContentBrowser (82)
[2015.08.21-17.56.43:788][151]LogModuleManager: Shutting down and abandoning module Paper2DEditor (81)
[2015.08.21-17.56.43:789][151]LogModuleManager: Shutting down and abandoning module UdpMessaging (80)
[2015.08.21-17.56.43:889][151]LogModuleManager: Shutting down and abandoning module Paper2D (79)
[2015.08.21-17.56.43:889][151]LogModuleManager: Shutting down and abandoning module WindowsMoviePlayer (78)
[2015.08.21-17.56.43:900][151]LogModuleManager: Shutting down and abandoning module Media (77)
[2015.08.21-17.56.43:900][151]LogModuleManager: Shutting down and abandoning module WmfMedia (76)
[2015.08.21-17.56.43:900][151]LogModuleManager: Shutting down and abandoning module OnlineBlueprintSupport (75)
[2015.08.21-17.56.43:900][151]LogModuleManager: Shutting down and abandoning module PropertyEditor (74)
[2015.08.21-17.56.43:900][151]LogModuleManager: Shutting down and abandoning module BehaviorTreeEditor (73)
[2015.08.21-17.56.43:900][151]LogModuleManager: Shutting down and abandoning module FunctionalTesting (72)
[2015.08.21-17.56.43:900][151]LogModuleManager: Shutting down and abandoning module CollisionAnalyzer (71)
[2015.08.21-17.56.43:900][151]LogModuleManager: Shutting down and abandoning module WorkspaceMenuStructure (70)
[2015.08.21-17.56.43:901][151]LogModuleManager: Shutting down and abandoning module MessageLog (69)
[2015.08.21-17.56.43:901][151]LogModuleManager: Shutting down and abandoning module Sequencer (68)
[2015.08.21-17.56.43:901][151]LogModuleManager: Shutting down and abandoning module AssetTools (67)
[2015.08.21-17.56.43:901][151]LogModuleManager: Shutting down and abandoning module UMGEditor (66)
[2015.08.21-17.56.43:901][151]LogModuleManager: Shutting down and abandoning module UMG (65)
[2015.08.21-17.56.43:901][151]LogModuleManager: Shutting down and abandoning module Slate (64)
[2015.08.21-17.56.43:901][151]LogModuleManager: Shutting down and abandoning module EditorStyle (63)
[2015.08.21-17.56.43:906][151]LogModuleManager: Shutting down and abandoning module SessionServices (62)
[2015.08.21-17.56.43:906][151]LogModuleManager: Shutting down and abandoning module SourceCodeAccess (61)
[2015.08.21-17.56.43:906][151]LogModuleManager: Shutting down and abandoning module HeadMountedDisplay (60)
[2015.08.21-17.56.43:907][151]LogModuleManager: Shutting down and abandoning module XAudio2 (59)
[2015.08.21-17.56.43:907][151]LogModuleManager: Shutting down and abandoning module Networking (57)
[2015.08.21-17.56.43:907][151]LogModuleManager: Shutting down and abandoning module Core (56)
[2015.08.21-17.56.43:907][151]LogModuleManager: Shutting down and abandoning module KismetCompiler (55)
[2015.08.21-17.56.43:907][151]LogModuleManager: Shutting down and abandoning module PhysXFormats (54)
[2015.08.21-17.56.43:907][151]LogModuleManager: Shutting down and abandoning module MeshUtilities (53)
[2015.08.21-17.56.43:907][151]LogModuleManager: Shutting down and abandoning module DerivedDataCache (52)
[2015.08.21-17.56.43:981][151]LogDerivedDataCache: Shutdown
[2015.08.21-17.56.43:981][151]LogModuleManager: Shutting down and abandoning module ShaderFormatOpenGL (51)
[2015.08.21-17.56.43:981][151]LogModuleManager: Shutting down and abandoning module ShaderFormatD3D (50)
[2015.08.21-17.56.43:981][151]LogModuleManager: Shutting down and abandoning module MetalShaderFormat (49)
[2015.08.21-17.56.43:981][151]LogModuleManager: Shutting down and abandoning module TextureFormatUncompressed (48)
[2015.08.21-17.56.43:981][151]LogModuleManager: Shutting down and abandoning module TextureFormatPVR (47)
[2015.08.21-17.56.43:981][151]LogModuleManager: Shutting down and abandoning module TextureFormatIntelISPCTexComp (46)
[2015.08.21-17.56.43:981][151]LogModuleManager: Shutting down and abandoning module TextureFormatDXT (45)
[2015.08.21-17.56.43:981][151]LogModuleManager: Shutting down and abandoning module ImageWrapper (44)
[2015.08.21-17.56.43:981][151]LogModuleManager: Shutting down and abandoning module TextureFormatASTC (43)
[2015.08.21-17.56.43:981][151]LogModuleManager: Shutting down and abandoning module TextureFormatAndroid (42)
[2015.08.21-17.56.43:981][151]LogModuleManager: Shutting down and abandoning module AudioFormatOpus (41)
[2015.08.21-17.56.43:981][151]LogModuleManager: Shutting down and abandoning module AudioFormatOgg (40)
[2015.08.21-17.56.43:981][151]LogModuleManager: Shutting down and abandoning module AudioFormatADPCM (39)
[2015.08.21-17.56.43:981][151]LogModuleManager: Shutting down and abandoning module LinuxTargetPlatform (38)
[2015.08.21-17.56.43:981][151]LogModuleManager: Shutting down and abandoning module LinuxServerTargetPlatform (37)
[2015.08.21-17.56.43:981][151]LogModuleManager: Shutting down and abandoning module LinuxNoEditorTargetPlatform (36)
[2015.08.21-17.56.43:981][151]LogModuleManager: Shutting down and abandoning module Messaging (35)
[2015.08.21-17.56.43:981][151]LogModuleManager: Shutting down and abandoning module IOSTargetPlatform (34)
[2015.08.21-17.56.43:982][151]LogModuleManager: Shutting down and abandoning module HTML5TargetPlatform (33)
[2015.08.21-17.56.43:982][151]LogModuleManager: Shutting down and abandoning module Android_PVRTCTargetPlatform (32)
[2015.08.21-17.56.43:982][151]LogModuleManager: Shutting down and abandoning module Android_ETC2TargetPlatform (31)
[2015.08.21-17.56.43:982][151]LogModuleManager: Shutting down and abandoning module Android_ETC1TargetPlatform (30)
[2015.08.21-17.56.43:982][151]LogModuleManager: Shutting down and abandoning module Android_DXTTargetPlatform (29)
[2015.08.21-17.56.43:982][151]LogModuleManager: Shutting down and abandoning module Android_ATCTargetPlatform (28)
[2015.08.21-17.56.43:982][151]LogModuleManager: Shutting down and abandoning module Android_ASTCTargetPlatform (27)
[2015.08.21-17.56.43:982][151]LogModuleManager: Shutting down and abandoning module AndroidTargetPlatform (26)
[2015.08.21-17.56.43:982][151]LogModuleManager: Shutting down and abandoning module WindowsTargetPlatform (25)
[2015.08.21-17.56.43:982][151]LogModuleManager: Shutting down and abandoning module WindowsServerTargetPlatform (24)
[2015.08.21-17.56.43:982][151]LogModuleManager: Shutting down and abandoning module WindowsNoEditorTargetPlatform (23)
[2015.08.21-17.56.43:982][151]LogModuleManager: Shutting down and abandoning module WindowsClientTargetPlatform (22)
[2015.08.21-17.56.43:982][151]LogModuleManager: Shutting down and abandoning module DesktopTargetPlatform (21)
[2015.08.21-17.56.43:982][151]LogModuleManager: Shutting down and abandoning module TargetPlatform (20)
[2015.08.21-17.56.43:982][151]LogModuleManager: Shutting down and abandoning module InputCore (19)
[2015.08.21-17.56.43:982][151]LogModuleManager: Shutting down and abandoning module Settings (18)
[2015.08.21-17.56.43:982][151]LogModuleManager: Shutting down and abandoning module OnlineSubsystem (16)
[2015.08.21-17.56.43:982][151]LogModuleManager: Shutting down and abandoning module HTTP (15)
[2015.08.21-17.56.43:983][151]LogModuleManager: Shutting down and abandoning module ExampleDeviceProfileSelector (14)
[2015.08.21-17.56.43:983][151]LogModuleManager: Shutting down and abandoning module TextureCompressor (13)
[2015.08.21-17.56.43:983][151]LogModuleManager: Shutting down and abandoning module ShaderCore (12)
[2015.08.21-17.56.43:983][151]LogModuleManager: Shutting down and abandoning module Landscape (11)
[2015.08.21-17.56.43:983][151]LogModuleManager: Shutting down and abandoning module SlateRHIRenderer (10)
[2015.08.21-17.56.43:989][151]LogModuleManager: Shutting down and abandoning module OpenGLDrv (9)
[2015.08.21-17.56.43:989][151]LogModuleManager: Shutting down and abandoning module D3D11RHI (8)
[2015.08.21-17.56.43:989][151]LogModuleManager: Shutting down and abandoning module Renderer (7)
[2015.08.21-17.56.43:989][151]LogModuleManager: Shutting down and abandoning module Engine (6)
[2015.08.21-17.56.43:989][151]LogModuleManager: Shutting down and abandoning module CoreUObject (5)
[2015.08.21-17.56.43:989][151]LogModuleManager: Shutting down and abandoning module NetworkFile (4)
[2015.08.21-17.56.43:989][151]LogModuleManager: Shutting down and abandoning module StreamingFile (3)
[2015.08.21-17.56.43:989][151]LogModuleManager: Shutting down and abandoning module SandboxFile (2)
[2015.08.21-17.56.43:989][151]LogModuleManager: Shutting down and abandoning module PakFile (1)
[2015.08.21-17.56.43:990][151]LogExit: Exiting.
[2015.08.21-17.56.44:035][151]Log file closed, 08/21/15 10:56:44
