[2015.09.03-21.59.39:778][  0]Log file open, 09/03/15 14:59:39
[2015.09.03-21.59.39:778][  0]LogInit:Display: Running engine for game: GodKiller
[2015.09.03-21.59.39:778][  0]LogInit:Display: RandInit(179685148) SRandInit(179685149).
[2015.09.03-21.59.39:778][  0]LogTaskGraph: Started task graph with 4 named threads and 5 total threads.
[2015.09.03-21.59.39:778][  0]LogStats: Stats thread started
[2015.09.03-21.59.39:778][  0]LogInit: Version: 4.8.3-2634408+++depot+UE4-Releases+4.8
[2015.09.03-21.59.39:778][  0]LogInit: API Version: 2579680
[2015.09.03-21.59.39:778][  0]LogInit: Compiled (64-bit): Jul 27 2015 16:24:33
[2015.09.03-21.59.39:778][  0]LogInit: Compiled with Visual C++: 18.00.21005.01
[2015.09.03-21.59.39:778][  0]LogInit: Build Configuration: Development
[2015.09.03-21.59.39:778][  0]LogInit: Branch Name: ++depot+UE4-Releases+4.8
[2015.09.03-21.59.39:778][  0]LogInit: Command line:  
[2015.09.03-21.59.39:778][  0]LogInit: Base directory: C:/Program Files/Epic Games/4.8/Engine/Binaries/Win64/
[2015.09.03-21.59.39:778][  0]LogInit: Rocket: 1
[2015.09.03-21.59.39:851][  0]LogInit: Using libcurl 7.41.0
[2015.09.03-21.59.39:851][  0]LogInit:  - built for x86_64-pc-win32
[2015.09.03-21.59.39:851][  0]LogInit:  - supports SSL with WinSSL
[2015.09.03-21.59.39:851][  0]LogInit:  - other features:
[2015.09.03-21.59.39:852][  0]LogInit:      CURL_VERSION_SSL
[2015.09.03-21.59.39:852][  0]LogInit:      CURL_VERSION_IPV6
[2015.09.03-21.59.39:852][  0]LogInit:      CURL_VERSION_ASYNCHDNS
[2015.09.03-21.59.39:852][  0]LogInit:      CURL_VERSION_LARGEFILE
[2015.09.03-21.59.39:852][  0]LogInit:      CURL_VERSION_IDN
[2015.09.03-21.59.39:852][  0]LogInit:  CurlRequestOptions (configurable via config and command line):
[2015.09.03-21.59.39:852][  0]LogInit:  - bVerifyPeer = true  - Libcurl will verify peer certificate
[2015.09.03-21.59.39:852][  0]LogInit:  - bUseHttpProxy = false  - Libcurl will NOT use HTTP proxy
[2015.09.03-21.59.39:852][  0]LogInit:  - bDontReuseConnections = false  - Libcurl will reuse connections
[2015.09.03-21.59.39:852][  0]LogInit:  - CertBundlePath = nullptr  - Libcurl will use whatever was configured at build time.
[2015.09.03-21.59.39:901][  0]LogOnline:Warning: No default platform service specified for OnlineSubsystem
[2015.09.03-21.59.40:001][  0]LogInit: Presizing for 0 objects not considered by GC, pre-allocating 0 bytes.
[2015.09.03-21.59.40:030][  0]LogInit: Object subsystem initialized
[2015.09.03-21.59.40:034][  0]LogConsoleResponse:Warning: Skipping Unknown console variable: 'TranslucentSortAxis = (X=0.000000,Y=-1.000000,Z=0.000000)'
[2015.09.03-21.59.40:034][  0]LogConsoleResponse:Warning:   Found in ini file 'C:/Users/Samantha/Desktop/God-Killer/Saved/Config/Windows/Engine.ini', in section '[/Script/Engine.RendererSettings]'
[2015.09.03-21.59.40:034][  0]LogConsoleResponse:Warning: Skipping Unknown console variable: 'UIScaleRule = ShortestSide'
[2015.09.03-21.59.40:034][  0]LogConsoleResponse:Warning:   Found in ini file 'C:/Users/Samantha/Desktop/God-Killer/Saved/Config/Windows/Engine.ini', in section '[/Script/Engine.RendererSettings]'
[2015.09.03-21.59.40:034][  0]LogConsoleResponse:Warning: Skipping Unknown console variable: 'UIScaleCurve = (EditorCurveData=(Keys=),ExternalCurve=None)'
[2015.09.03-21.59.40:034][  0]LogConsoleResponse:Warning:   Found in ini file 'C:/Users/Samantha/Desktop/God-Killer/Saved/Config/Windows/Engine.ini', in section '[/Script/Engine.RendererSettings]'
[2015.09.03-21.59.40:035][  0]LogInit: Selected Device Profile: [Windows]
[2015.09.03-21.59.40:035][  0]LogInit: Applying CVar settings loaded from the selected device profile: [Windows]
[2015.09.03-21.59.40:130][  0]LogInit: Computer: SAMANTHAPC
[2015.09.03-21.59.40:130][  0]LogInit: User: Samantha
[2015.09.03-21.59.40:130][  0]LogInit: CPU Page size=4096, Cores=2
[2015.09.03-21.59.40:130][  0]LogInit: High frequency timer resolution =2.240905 MHz
[2015.09.03-21.59.40:131][  0]LogMemory: Memory total: Physical=5.9GB (6GB approx)
[2015.09.03-21.59.40:131][  0]LogMemory: Platform Memory Stats for Windows
[2015.09.03-21.59.40:131][  0]LogMemory: Process Physical Memory: 51.55 MB used, 51.55 MB peak
[2015.09.03-21.59.40:131][  0]LogMemory: Process Virtual Memory: 24.22 MB used, 28.14 MB peak
[2015.09.03-21.59.40:131][  0]LogMemory: Physical Memory: 2653.41 MB used, 6027.63 MB total
[2015.09.03-21.59.40:131][  0]LogMemory: Virtual Memory: 296.61 MB used, 134217728.00 MB total
[2015.09.03-21.59.40:589][  0]LogTextLocalizationManager: The requested culture ('en_US') has no localization data; parent culture's ('en') localization data will be used.
[2015.09.03-21.59.41:594][  0]LogTextLocalizationManager:Warning: Loaded localization resources contain conflicting entries for (Namespace:ContentBrowser, Key:ImportAssetToolTip):
Localization Resource: (C:/Program Files/Epic Games/4.8/Engine/Content/Localization/Editor/en/Editor.locres) Source String Hash: (-630476809) Localized String: (Import to {0}...)
Localization Resource: (C:/Program Files/Epic Games/4.8/Engine/Content/Localization/Editor/en/Editor.locres) Source String Hash: (1271782899) Localized String: (Imports an asset from file to this folder.)
[2015.09.03-21.59.42:796][  0]LogD3D11RHI: Found D3D11 adapter 0: Intel(R) HD Graphics Family (Feature Level 11_0)
[2015.09.03-21.59.42:796][  0]LogD3D11RHI: Adapter has 32MB of dedicated video memory, 0MB of dedicated system memory, and 1760MB of shared system memory, 1 output[s]
[2015.09.03-21.59.42:800][  0]LogD3D11RHI: Found D3D11 adapter 1: Microsoft Basic Render Driver (Feature Level 11_0)
[2015.09.03-21.59.42:800][  0]LogD3D11RHI: Adapter has 0MB of dedicated video memory, 0MB of dedicated system memory, and 256MB of shared system memory, 0 output[s]
[2015.09.03-21.59.42:800][  0]LogD3D11RHI: Chosen D3D11 Adapter Id = 0
[2015.09.03-21.59.42:818][  0]LogD3D11RHI: InitD3DDevice
[2015.09.03-21.59.42:818][  0]LogD3D11RHI: !Direct3DDevice
[2015.09.03-21.59.42:818][  0]LogRHI: Texture pool is 638 MB (70% of 912 MB)
[2015.09.03-21.59.42:835][  0]LogD3D11RHI: Async texture creation enabled
[2015.09.03-21.59.42:850][  0]LogShaderCompilers:Display: Using Local Shader Compiler.
[2015.09.03-21.59.51:188][  0]LogTemp:Display: Loaded TP DesktopTargetPlatform
[2015.09.03-21.59.51:249][  0]LogTemp:Display: Loaded TP WindowsClientTargetPlatform
[2015.09.03-21.59.51:316][  0]LogTemp:Display: Loaded TP WindowsNoEditorTargetPlatform
[2015.09.03-21.59.51:382][  0]LogTemp:Display: Loaded TP WindowsServerTargetPlatform
[2015.09.03-21.59.51:448][  0]LogTemp:Display: Loaded TP WindowsTargetPlatform
[2015.09.03-21.59.51:520][  0]LogTemp:Display: Loaded TP AndroidTargetPlatform
[2015.09.03-21.59.51:575][  0]LogTemp:Display: Loaded TP Android_ASTCTargetPlatform
[2015.09.03-21.59.51:626][  0]LogTemp:Display: Loaded TP Android_ATCTargetPlatform
[2015.09.03-21.59.51:678][  0]LogTemp:Display: Loaded TP Android_DXTTargetPlatform
[2015.09.03-21.59.51:730][  0]LogTemp:Display: Loaded TP Android_ETC1TargetPlatform
[2015.09.03-21.59.51:785][  0]LogTemp:Display: Loaded TP Android_ETC2TargetPlatform
[2015.09.03-21.59.51:840][  0]LogTemp:Display: Loaded TP Android_PVRTCTargetPlatform
[2015.09.03-21.59.52:035][  0]LogTemp:Display: Loaded TP IOSTargetPlatform
[2015.09.03-21.59.52:088][  0]LogTemp:Display: Loaded TP LinuxNoEditorTargetPlatform
[2015.09.03-21.59.52:136][  0]LogTemp:Display: Loaded TP LinuxServerTargetPlatform
[2015.09.03-21.59.52:207][  0]LogTemp:Display: Loaded TP LinuxTargetPlatform
[2015.09.03-21.59.52:207][  0]LogTargetPlatformManager:Display: Building Assets For Windows
[2015.09.03-21.59.53:265][  0]LogDerivedDataCache:Display: Max Cache Size: 512 MB
[2015.09.03-21.59.54:097][  0]LogDerivedDataCache: Loaded boot cache 0.83s 53MB C:/Users/Samantha/AppData/Local/UnrealEngine/4.8/DerivedDataCache/Boot.ddc.
[2015.09.03-21.59.54:097][  0]LogDerivedDataCache:Display: Loaded Boot cache: C:/Users/Samantha/AppData/Local/UnrealEngine/4.8/DerivedDataCache/Boot.ddc
[2015.09.03-21.59.54:097][  0]LogDerivedDataCache: FDerivedDataBackendGraph:  Pak pak cache file ../../../../../../Users/Samantha/Desktop/God-Killer/DerivedDataCache/DDC.ddp not found, will not use a pak cache.
[2015.09.03-21.59.54:097][  0]LogDerivedDataCache: Unable to find inner node Pak for hierarchical cache Hierarchy.
[2015.09.03-21.59.54:097][  0]LogDerivedDataCache: FDerivedDataBackendGraph:  CompressedPak pak cache file ../../../../../../Users/Samantha/Desktop/God-Killer/DerivedDataCache/Compressed.ddp not found, will not use a pak cache.
[2015.09.03-21.59.54:097][  0]LogDerivedDataCache: Unable to find inner node CompressedPak for hierarchical cache Hierarchy.
[2015.09.03-21.59.54:678][  0]LogDerivedDataCache:Display: Pak cache opened for reading ../../../Engine/DerivedDataCache/Compressed.ddp.
[2015.09.03-21.59.54:692][  0]LogDerivedDataCache: Using Local data cache path C:/Users/Samantha/AppData/Local/UnrealEngine/Common/DerivedDataCache: Writable
[2015.09.03-22.00.02:759][  0]LogInit: Selected Device Profile: [Windows]
[2015.09.03-22.00.03:065][  0]ImportText (ComponentSweepMultiTests): Missing closing parenthesis: (RootShapeAsset="/Engine/BasicShapes/Cube.Cube",ShapeType="TriggerCapsule",HitResult=(Time=0.50,Location=(X=-100.000015,Y=0.0,Z=100.000015),ImpactPoint=(X=-50.0,Y=0.0,Z=50.0),Normal=(X=-1.0,Y=-0.0,Z=0.0),ImpactNormal=(X=0.0,Y=0.0,Z=1.0),TraceStart=(X=-200.0,Y=0.0,Z=200.0),TraceEnd=(X=0.0,Y=0.0,Z=0.0))
[2015.09.03-22.00.03:066][  0]ImportText (LineTraceSingleByChannelTests): Missing closing parenthesis: (RootShapeAsset="/Engine/BasicShapes/Cube.Cube",HitResult=(Time=0.50,Location=(X=-100.000015,Y=0.0,Z=100.000015),ImpactPoint=(X=-50.0,Y=0.0,Z=50.0),Normal=(X=-1.0,Y=-0.0,Z=0.0),ImpactNormal=(X=0.0,Y=0.0,Z=1.0),TraceStart=(X=-200.0,Y=0.0,Z=200.0),TraceEnd=(X=0.0,Y=0.0,Z=0.0))
[2015.09.03-22.00.03:184][  0]LogMeshUtilities: No automatic mesh reduction module available
[2015.09.03-22.00.03:184][  0]LogMeshUtilities: No automatic mesh merging module available
[2015.09.03-22.00.04:466][  0]LogInit: WinSock: version 1.1 (2.2), MaxSocks=32767, MaxUdp=65467
[2015.09.03-22.00.25:185][  0]LogModuleManager:Warning: ModuleManager: Unable to load module 'C:/Program Files/Epic Games/4.8/Engine/Binaries/Win64/UE4Editor-XAudio2.dll' because the file couldn't be loaded by the OS.
[2015.09.03-22.00.48:366][  0]UdpMessaging: Initializing bridge on interface 0.0.0.0:0 to multicast group 230.0.0.1:6666.
[2015.09.03-22.00.49:995][  0]SourceControl: Info Source control is disabled
[2015.09.03-22.00.50:465][  0]SourceControl: Info Source control is disabled
[2015.09.03-22.00.50:530][  0]SourceControl: Info Source control is disabled
[2015.09.03-22.00.50:588][  0]SourceControl: Info Source control is disabled
[2015.09.03-22.00.51:786][  0]LogObj: 26273 objects as part of root set at end of initial load.
[2015.09.03-22.00.51:786][  0]LogUObjectAllocator: 5409248 out of 0 bytes used by permanent object pool.
[2015.09.03-22.00.52:048][  0]LogEngine: Initializing Engine...
[2015.09.03-22.00.52:054][  0]LogHMD: Can't find Oculus library dev build: is proper Runtime installed? Version: 0.6.0.0
[2015.09.03-22.00.52:102][  0]LogHMD:Warning: SteamVR failed to initialize.  Error: 110
[2015.09.03-22.00.52:567][  0]LogAIModule: Creating AISystem for world NewWorld
[2015.09.03-22.00.53:879][  0]LogModuleManager:Warning: ModuleManager: Unable to load module 'C:/Program Files/Epic Games/4.8/Engine/Binaries/Win64/UE4Editor-XAudio2.dll' because the file couldn't be loaded by the OS.
[2015.09.03-22.00.54:019][  0]LogDerivedDataCache: Saved boot cache 0.14s 53MB C:/Users/Samantha/AppData/Local/UnrealEngine/4.8/DerivedDataCache/Boot.ddc.
[2015.09.03-22.00.54:037][  0]LogInit: Texture streaming: Disabled
[2015.09.03-22.00.54:143][  0]LogAnalytics: Creating configured Analytics provider AnalyticsET
[2015.09.03-22.00.54:144][  0]LogAnalytics: [UEEditor.Rocket.Release] APIServer = http://et2.epicgames.com/ET2/. AppVersion = 4.8.3-2634408+++depot+UE4-Releases+4.8
[2015.09.03-22.00.54:144][  0]LogAnalytics: [UEEditor.Rocket.Release] SetUserId 46872bea408cfcc0100ac385d2b5ce07|e22a3db169b04f708165eaff958a9646|097015b1-a59a-4201-b460-717027cc9fe8
[2015.09.03-22.00.54:144][  0]LogAnalytics: [UEEditor.Rocket.Release] AnalyticsET::StartSession
[2015.09.03-22.00.54:351][  0]LogInit: Transaction tracking system initialized
[2015.09.03-22.00.55:038][  0]BlueprintLog: New page: Editor Load
[2015.09.03-22.00.55:198][  0]LogAssetRegistry: FAssetRegistry took 0.0110 seconds to start up
[2015.09.03-22.00.55:199][  0]LogDirectoryWatcher:Warning: Failed to begin reading directory changes for ../../../Engine/Plugins/Experimental/CharacterAI/Content/. Error: 0
[2015.09.03-22.00.59:873][  0]LogConsoleManager:Warning: Console variable 'r.VSync' wasn't set ('GameSetting' has a lower priority than 'SystemSettingsIni')
[2015.09.03-22.00.59:874][  0]LogConsoleResponse:Display: 
[2015.09.03-22.01.00:477][  0]LogCook:Display: Done creating registry. It took  0.00s.
[2015.09.03-22.01.01:691][  0]SourceControl: Info Source control is disabled
[2015.09.03-22.01.01:691][  0]Cmd: MAP LOAD FILE="../../../../../../Users/Samantha/Desktop/God-Killer/Content/Scene/NewCave.umap" TEMPLATE=0 SHOWPROGRESS=1 FEATURELEVEL=3
[2015.09.03-22.01.01:693][  0]LightingResults: New page: Lighting Build
[2015.09.03-22.01.01:749][  0]MapCheck: New page: Map Check
[2015.09.03-22.01.01:749][  0]LightingResults: New page: Lighting Build
[2015.09.03-22.01.01:817][  0]LogParticles: Destroying 0 GPU particle simulations for FXSystem 0x0000001AEB595300
[2015.09.03-22.01.06:775][  0]LogBlueprint:Warning: [compiler Gui] Warning 'gnawmers' is already a 'Enemy 1', you don't need  Cast To Enemy1 .
[2015.09.03-22.01.06:808][  0]LogBlueprint:Warning: [compiler Gui] Warning [0093.63] Compile of Gui successful, but with 1 Warning(s) [in 148 ms]
[2015.09.03-22.01.06:808][  0]LogBlueprint:Warning: [compiler Gui] Warning [0093.63] Compile of Gui successful, but with 2 Warning(s) [in 0 ms]
[2015.09.03-22.01.06:809][  0]LogBlueprint:Warning: [compiler Gui] Warning [0093.63] Compile of Gui successful, but with 3 Warning(s) [in 0 ms]
[2015.09.03-22.01.06:952][  0]LogBlueprint:Warning: [compiler GnawmersHealth] Warning 'gnawmers' is already a 'Enemy 1', you don't need  Cast To Enemy1 .
[2015.09.03-22.01.06:954][  0]LogBlueprint:Warning: [compiler GnawmersHealth] Warning [0093.78] Compile of GnawmersHealth successful, but with 1 Warning(s) [in 39 ms]
[2015.09.03-22.01.06:954][  0]LogBlueprint:Warning: [compiler GnawmersHealth] Warning [0093.78] Compile of GnawmersHealth successful, but with 2 Warning(s) [in 0 ms]
[2015.09.03-22.01.06:954][  0]LogBlueprint:Warning: [compiler GnawmersHealth] Warning [0093.78] Compile of GnawmersHealth successful, but with 3 Warning(s) [in 0 ms]
[2015.09.03-22.01.12:849][  0]LogBlueprint:Warning: [compiler Gui] Warning 'gnawmers' is already a 'Enemy 1', you don't need  Cast To Enemy1 .
[2015.09.03-22.01.12:865][  0]LogBlueprint:Warning: [compiler Gui] Warning [0099.69] Compile of Gui successful, but with 1 Warning(s) [in 66 ms]
[2015.09.03-22.01.12:867][  0]LogBlueprint:Warning: [compiler Gui] Warning [0099.69] Compile of Gui successful, but with 2 Warning(s) [in 2 ms]
[2015.09.03-22.01.13:023][  0]LogBlueprint:Warning: [compiler GnawmersHealth] Warning 'gnawmers' is already a 'Enemy 1', you don't need  Cast To Enemy1 .
[2015.09.03-22.01.13:024][  0]LogBlueprint:Warning: [compiler GnawmersHealth] Warning [0099.85] Compile of GnawmersHealth successful, but with 1 Warning(s) [in 23 ms]
[2015.09.03-22.01.13:025][  0]LogBlueprint:Warning: [compiler GnawmersHealth] Warning [0099.85] Compile of GnawmersHealth successful, but with 2 Warning(s) [in 0 ms]
[2015.09.03-22.02.03:736][  0]LogAIModule: Creating AISystem for world NewCave
[2015.09.03-22.02.08:235][  0]LogEditorServer: Finished looking for orphan Actors (0.001 secs)
[2015.09.03-22.02.08:247][  0]Cmd: MAP CHECKDEP NOCLEARLOG
[2015.09.03-22.02.08:546][  0]MapCheck: Info Map check complete: 0 Error(s), 0 Warning(s), took 298.772ms to complete.
[2015.09.03-22.02.08:546][  0]LogFileHelpers: Loading map 'NewCave' took 66.854
[2015.09.03-22.02.08:777][  0]LogCollectionManager: Loaded 0 collections in 0.007321 seconds
[2015.09.03-22.02.08:803][  0]LogContentBrowser: Native class hierarchy populated in 0.0256 seconds. Added 1792 classes and 301 folders.
[2015.09.03-22.02.09:016][  0]LogContentBrowser: Native class hierarchy updated for 'WidgetCarousel' in 0.0012 seconds. Added 0 classes and 0 folders.
[2015.09.03-22.02.09:193][  0]LogContentBrowser: Native class hierarchy updated for 'AddContentDialog' in 0.0012 seconds. Added 0 classes and 0 folders.
[2015.09.03-22.02.09:423][  0]LogContentBrowser: Native class hierarchy updated for 'SceneOutliner' in 0.0011 seconds. Added 1 classes and 2 folders.
[2015.09.03-22.02.09:574][  0]LogCrashTracker: Crashtracker disabled due to settings.
[2015.09.03-22.02.09:578][  0]LogD3D11RHI: InitD3DDevice
[2015.09.03-22.02.09:586][  0]LogUObjectGlobals:Warning: Failed to find object 'Class None.'
[2015.09.03-22.02.09:610][  0]LogLoad: Full Startup: 156.43 seconds (BP compile: 8.57 seconds)
[2015.09.03-22.02.09:978][  0]LogContentStreaming: Texture pool size is 0.000000MB
[2015.09.03-22.02.10:882][  0]LogContentStreaming: Texture pool size now 700 MB
[2015.09.03-22.02.11:162][  1]Cmd: UpdateLandscapeEditorData -warnings
[2015.09.03-22.02.11:167][  1]Cmd: UpdateLandscapeEditorData
[2015.09.03-22.02.11:601][  2]LogRenderer: Reallocating scene render targets to support 848x632 (Frame:2).
[2015.09.03-22.02.14:680][  2]LogD3D11RHI: InitD3DDevice
[2015.09.03-22.02.22:074][ 65]LogAssetRegistry: Asset discovery search completed in 86.8878 seconds
[2015.09.03-22.02.33:259][179]LogD3D11RHI: InitD3DDevice
[2015.09.03-22.03.35:598][727]LogD3D11RHI: InitD3DDevice
[2015.09.03-22.03.35:689][727]LogD3D11RHI: InitD3DDevice
[2015.09.03-22.03.36:036][727]LogLinker:Warning: Asset '../../../Engine/Content/ArtTools/RenderToTexture/Macros/RenderToTextureMacros.uasset' has been saved with empty engine version. The asset will be loaded but may be incompatible.
[2015.09.03-22.03.36:287][727]LogLinker:Warning: Asset '../../../Engine/Content/ArtTools/RenderToTexture/Enums/RenderToTexture_Enum.uasset' has been saved with empty engine version. The asset will be loaded but may be incompatible.
[2015.09.03-22.03.59:271][935]LogRenderer: Reallocating scene render targets to support 880x632 (Frame:1472).
[2015.09.03-22.05.01:286][609]LogD3D11RHI: InitD3DDevice
[2015.09.03-22.07.07:606][980]LogRenderer: Reallocating scene render targets to support 936x712 (Frame:3298).
[2015.09.03-22.07.25:686][116]LogD3D11RHI: InitD3DDevice
[2015.09.03-22.08.04:576][  8]LogActorComponent: UnregisterComponent: (/Engine/Transient.CharMoveComp) Not registered. Aborting.
[2015.09.03-22.08.04:576][  8]LogActorComponent: UnregisterComponent: (/Engine/Transient.CharacterMovementComponent_0) Not registered. Aborting.
[2015.09.03-22.08.31:283][671]LogActorComponent: UnregisterComponent: (/Engine/Transient.CharacterMovementComponent_1) Not registered. Aborting.
[2015.09.03-22.08.39:414][852]LogActorComponent: UnregisterComponent: (/Engine/Transient.CharacterMovementComponent_2) Not registered. Aborting.
[2015.09.03-22.09.03:270][402]LogActorComponent: UnregisterComponent: (/Engine/Transient.CharacterMovementComponent_3) Not registered. Aborting.
[2015.09.03-22.09.34:501][277]LogD3D11RHI: InitD3DDevice
[2015.09.03-22.09.35:851][305]LogD3D11RHI: InitD3DDevice
[2015.09.03-22.09.54:792][841]LogD3D11RHI: InitD3DDevice
[2015.09.03-22.09.58:271][976]LogD3D11RHI: InitD3DDevice
[2015.09.03-22.09.59:466][  4]LogD3D11RHI: InitD3DDevice
[2015.09.03-22.10.30:007][ 23]LogD3D11RHI: InitD3DDevice
[2015.09.03-22.10.31:459][ 60]LogD3D11RHI: InitD3DDevice
[2015.09.03-22.10.41:908][397]LogD3D11RHI: InitD3DDevice
[2015.09.03-22.10.42:852][427]LogD3D11RHI: InitD3DDevice
[2015.09.03-22.10.56:428][867]LogD3D11RHI: InitD3DDevice
[2015.09.03-22.10.57:911][910]LogD3D11RHI: InitD3DDevice
[2015.09.03-22.11.06:718][179]LogD3D11RHI: InitD3DDevice
[2015.09.03-22.11.09:887][306]LogD3D11RHI: InitD3DDevice
[2015.09.03-22.11.38:864][404]LogActorComponent: UnregisterComponent: (/Engine/Transient.CharacterMovementComponent_4) Not registered. Aborting.
[2015.09.03-22.11.48:092][653]BlueprintLog: New page: Compile ThirdPersonCharacter
[2015.09.03-22.11.51:441][653]LogBlueprint:Warning: [compiler Gui] Warning 'gnawmers' is already a 'Enemy 1', you don't need  Cast To Enemy1 .
[2015.09.03-22.11.52:446][653]LogActorComponent: UnregisterComponent: (/Engine/Transient.CharacterMovementComponent_5) Not registered. Aborting.
[2015.09.03-22.11.55:123][653]BlueprintEditorCompileResults: Info [0741.95] Compile of ThirdPersonCharacter successful! [in 7,029 ms]
[2015.09.03-22.11.57:518][684]LogD3D11RHI: InitD3DDevice
[2015.09.03-22.11.59:537][684]LogSavePackage: Save=1827.906616ms
[2015.09.03-22.11.59:538][684]LogSavePackage: Moving '../../../../../../Users/Samantha/Desktop/God-Killer/Saved/ThirdPersonCharacter6C51AA854490AE5795FB3C88D6B62EE3.tmp' to '../../../../../../Users/Samantha/Desktop/God-Killer/Content/ThirdPersonBP/Blueprints/ThirdPersonCharacter.uasset'
[2015.09.03-22.12.03:319][805]LogActorComponent: UnregisterComponent: (/Engine/Transient.EditorFloorComp) Not registered. Aborting.
[2015.09.03-22.12.42:878][119]LogD3D11RHI: InitD3DDevice
[2015.09.03-22.12.45:864][156]LogActorComponent: UnregisterComponent: (/Engine/Transient.CharMoveComp) Not registered. Aborting.
[2015.09.03-22.12.45:866][156]LogActorComponent: UnregisterComponent: (/Engine/Transient.CharacterMovementComponent_6) Not registered. Aborting.
[2015.09.03-22.12.46:032][156]LogParticles: Destroying 0 GPU particle simulations for FXSystem 0x0000001A8E40D260
[2015.09.03-22.12.47:872][156]LogWindowsTextInputMethodSystem:Display: IME system now deactivated.
[2015.09.03-22.12.47:873][156]LogWindowsTextInputMethodSystem:Display: IME system now deactivated.
[2015.09.03-22.12.49:090][157]Cmd: QUIT_EDITOR
[2015.09.03-22.12.51:256][157]LogExit: Preparing to exit.
[2015.09.03-22.12.52:590][157]LogExit: Editor shut down
[2015.09.03-22.12.52:591][157]LogExit: Transaction tracking system shut down
[2015.09.03-22.12.52:628][157]LogParticles: Destroying 0 GPU particle simulations for FXSystem 0x0000001A8190B100
[2015.09.03-22.12.52:633][157]LogParticles: Destroying 0 GPU particle simulations for FXSystem 0x0000001A8BF816C0
[2015.09.03-22.12.52:634][157]LogParticles: Destroying 0 GPU particle simulations for FXSystem 0x0000001AFACA2B60
[2015.09.03-22.12.52:634][157]LogParticles: Destroying 0 GPU particle simulations for FXSystem 0x0000001A8D80E700
[2015.09.03-22.12.52:634][157]LogParticles: Destroying 0 GPU particle simulations for FXSystem 0x0000001A8F219300
[2015.09.03-22.12.52:635][157]LogParticles: Destroying 0 GPU particle simulations for FXSystem 0x0000001A8EF09BC0
[2015.09.03-22.12.52:635][157]LogParticles: Destroying 0 GPU particle simulations for FXSystem 0x0000001A8EF0AF20
[2015.09.03-22.12.52:635][157]LogParticles: Destroying 0 GPU particle simulations for FXSystem 0x0000001A8EF0A480
[2015.09.03-22.12.52:635][157]LogParticles: Destroying 0 GPU particle simulations for FXSystem 0x0000001A8EF0B240
[2015.09.03-22.12.52:646][157]LogParticles: Destroying 0 GPU particle simulations for FXSystem 0x0000001AA03FFEC0
[2015.09.03-22.12.52:652][157]LogParticles: Destroying 0 GPU particle simulations for FXSystem 0x0000001AB222C900
[2015.09.03-22.12.55:602][157]LogExit: Object subsystem successfully closed.
[2015.09.03-22.12.55:942][157]LogD3D11RHI: Shutdown
[2015.09.03-22.12.55:942][157]LogD3D11RHI: CleanupD3DDevice
[2015.09.03-22.12.56:577][157]LogD3D11RHI: ~FD3D11DynamicRHI
[2015.09.03-22.12.56:888][157]LogModuleManager: Shutting down and abandoning module CrashTracker (188)
[2015.09.03-22.12.56:888][157]LogModuleManager: Shutting down and abandoning module SceneOutliner (187)
[2015.09.03-22.12.56:888][157]LogModuleManager: Shutting down and abandoning module SuperSearch (186)
[2015.09.03-22.12.56:889][157]LogModuleManager: Shutting down and abandoning module WidgetCarousel (185)
[2015.09.03-22.12.56:911][157]LogModuleManager: Shutting down and abandoning module AddContentDialog (184)
[2015.09.03-22.12.56:943][157]LogModuleManager: Shutting down and abandoning module EditorWidgets (183)
[2015.09.03-22.12.56:943][157]LogModuleManager: Shutting down and abandoning module CollectionManager (182)
[2015.09.03-22.12.56:954][157]LogModuleManager: Shutting down and abandoning module StatsViewer (181)
[2015.09.03-22.12.56:974][157]LogModuleManager: Shutting down and abandoning module FoliageEdit (180)
[2015.09.03-22.12.56:998][157]LogModuleManager: Shutting down and abandoning module LandscapeEditor (179)
[2015.09.03-22.12.57:088][157]LogModuleManager: Shutting down and abandoning module ActorPickerMode (178)
[2015.09.03-22.12.57:088][157]LogModuleManager: Shutting down and abandoning module GeometryMode (177)
[2015.09.03-22.12.57:088][157]LogModuleManager: Shutting down and abandoning module TextureAlignMode (176)
[2015.09.03-22.12.57:088][157]LogModuleManager: Shutting down and abandoning module BspMode (175)
[2015.09.03-22.12.57:088][157]LogModuleManager: Shutting down and abandoning module PlacementMode (174)
[2015.09.03-22.12.57:105][157]LogModuleManager: Shutting down and abandoning module AutomationWorker (173)
[2015.09.03-22.12.57:105][157]LogModuleManager: Shutting down and abandoning module CharacterAI (172)
[2015.09.03-22.12.57:105][157]LogModuleManager: Shutting down and abandoning module SmartSnapping (171)
[2015.09.03-22.12.57:105][157]LogModuleManager: Shutting down and abandoning module ViewportSnapping (170)
[2015.09.03-22.12.57:105][157]LogModuleManager: Shutting down and abandoning module LogVisualizer (169)
[2015.09.03-22.12.57:167][157]LogModuleManager: Shutting down and abandoning module GameProjectGeneration (168)
[2015.09.03-22.12.57:201][157]LogModuleManager: Shutting down and abandoning module IntroTutorials (167)
[2015.09.03-22.12.57:294][157]LogModuleManager: Shutting down and abandoning module EditorLiveStreaming (166)
[2015.09.03-22.12.57:294][157]LogModuleManager: Shutting down and abandoning module IOSPlatformEditor (165)
[2015.09.03-22.12.57:315][157]LogModuleManager: Shutting down and abandoning module HTML5PlatformEditor (164)
[2015.09.03-22.12.57:315][157]LogModuleManager: Shutting down and abandoning module AndroidDeviceDetection (163)
[2015.09.03-22.12.57:352][157]LogModuleManager: Shutting down and abandoning module AndroidPlatformEditor (162)
[2015.09.03-22.12.57:352][157]LogModuleManager: Shutting down and abandoning module IOSRuntimeSettings (161)
[2015.09.03-22.12.57:352][157]LogModuleManager: Shutting down and abandoning module AndroidRuntimeSettings (160)
[2015.09.03-22.12.57:352][157]LogModuleManager: Shutting down and abandoning module MergeActors (159)
[2015.09.03-22.12.57:366][157]LogModuleManager: Shutting down and abandoning module SizeMap (158)
[2015.09.03-22.12.57:366][157]LogModuleManager: Shutting down and abandoning module TreeMap (157)
[2015.09.03-22.12.57:383][157]LogModuleManager: Shutting down and abandoning module ReferenceViewer (156)
[2015.09.03-22.12.57:383][157]LogModuleManager: Shutting down and abandoning module LocalizationDashboard (155)
[2015.09.03-22.12.57:401][157]LogModuleManager: Shutting down and abandoning module HardwareTargeting (154)
[2015.09.03-22.12.57:401][157]LogModuleManager: Shutting down and abandoning module DeviceProfileEditor (153)
[2015.09.03-22.12.57:434][157]LogModuleManager: Shutting down and abandoning module UndoHistory (152)
[2015.09.03-22.12.57:453][157]LogModuleManager: Shutting down and abandoning module GameplayTagsEditor (151)
[2015.09.03-22.12.57:484][157]LogModuleManager: Shutting down and abandoning module UserFeedback (150)
[2015.09.03-22.12.57:484][157]LogModuleManager: Shutting down and abandoning module XmlParser (149)
[2015.09.03-22.12.57:518][157]LogModuleManager: Shutting down and abandoning module Blutility (148)
[2015.09.03-22.12.57:518][157]LogModuleManager: Shutting down and abandoning module ProjectTargetPlatformEditor (147)
[2015.09.03-22.12.57:518][157]LogModuleManager: Shutting down and abandoning module ProjectSettingsViewer (146)
[2015.09.03-22.12.57:518][157]LogModuleManager: Shutting down and abandoning module InputBindingEditor (145)
[2015.09.03-22.12.57:583][157]LogModuleManager: Shutting down and abandoning module EditorSettingsViewer (144)
[2015.09.03-22.12.57:583][157]LogModuleManager: Shutting down and abandoning module SettingsEditor (143)
[2015.09.03-22.12.57:655][157]LogModuleManager: Shutting down and abandoning module ProjectLauncher (142)
[2015.09.03-22.12.57:700][157]LogModuleManager: Shutting down and abandoning module SessionFrontend (141)
[2015.09.03-22.12.57:723][157]LogModuleManager: Shutting down and abandoning module ProfilerClient (140)
[2015.09.03-22.12.57:754][157]LogModuleManager: Shutting down and abandoning module TargetDeviceServices (139)
[2015.09.03-22.12.57:754][157]LogModuleManager: Shutting down and abandoning module DeviceManager (138)
[2015.09.03-22.12.57:771][157]LogModuleManager: Shutting down and abandoning module AutomationController (137)
[2015.09.03-22.12.57:788][157]LogModuleManager: Shutting down and abandoning module AutomationWindow (136)
[2015.09.03-22.12.57:805][157]LogModuleManager: Shutting down and abandoning module Layers (135)
[2015.09.03-22.12.57:862][157]LogModuleManager: Shutting down and abandoning module ComponentVisualizers (134)
[2015.09.03-22.12.57:862][157]LogModuleManager: Shutting down and abandoning module DetailCustomizations (133)
[2015.09.03-22.12.57:862][157]LogModuleManager: Shutting down and abandoning module PackagesDialog (132)
[2015.09.03-22.12.57:862][157]LogModuleManager: Shutting down and abandoning module AssetRegistry (131)
[2015.09.03-22.12.58:073][157]LogModuleManager: Shutting down and abandoning module Persona (130)
[2015.09.03-22.12.58:095][157]LogModuleManager: Shutting down and abandoning module Kismet (129)
[2015.09.03-22.12.58:095][157]LogModuleManager: Shutting down and abandoning module GraphEditor (128)
[2015.09.03-22.12.58:095][157]LogModuleManager: Shutting down and abandoning module ClassViewer (127)
[2015.09.03-22.12.58:119][157]LogModuleManager: Shutting down and abandoning module Toolbox (126)
[2015.09.03-22.12.58:120][157]LogModuleManager: Shutting down and abandoning module ModuleUI (125)
[2015.09.03-22.12.58:145][157]LogModuleManager: Shutting down and abandoning module MovieSceneTools (124)
[2015.09.03-22.12.58:168][157]LogModuleManager: Shutting down and abandoning module OutputLog (123)
[2015.09.03-22.12.58:168][157]LogModuleManager: Shutting down and abandoning module GammaUI (122)
[2015.09.03-22.12.58:197][157]LogModuleManager: Shutting down and abandoning module Documentation (121)
[2015.09.03-22.12.58:197][157]LogModuleManager: Shutting down and abandoning module GameLiveStreaming (120)
[2015.09.03-22.12.58:217][157]LogModuleManager: Shutting down and abandoning module StreamingPauseRendering (119)
[2015.09.03-22.12.58:217][157]LogModuleManager: Shutting down and abandoning module AnalyticsET (118)
[2015.09.03-22.12.58:217][157]LogModuleManager: Shutting down and abandoning module Analytics (117)
[2015.09.03-22.12.58:217][157]LogModuleManager: Shutting down and abandoning module AITestSuite (116)
[2015.09.03-22.12.58:236][157]LogModuleManager: Shutting down and abandoning module GameplayDebugger (115)
[2015.09.03-22.12.58:236][157]LogModuleManager: Shutting down and abandoning module AIModule (114)
[2015.09.03-22.12.58:236][157]LogModuleManager: Shutting down and abandoning module ProfilerService (113)
[2015.09.03-22.12.58:457][157]LogModuleManager: Shutting down and abandoning module TaskGraph (112)
[2015.09.03-22.12.58:503][157]LogModuleManager: Shutting down and abandoning module SlateRemote (111)
[2015.09.03-22.12.58:504][157]LogModuleManager: Shutting down and abandoning module SteamVRController (110)
[2015.09.03-22.12.58:504][157]LogModuleManager: Shutting down and abandoning module SteamVR (109)
[2015.09.03-22.12.58:504][157]LogModuleManager: Shutting down and abandoning module ProceduralMeshComponent (108)
[2015.09.03-22.12.58:504][157]LogModuleManager: Shutting down and abandoning module OculusRift (107)
[2015.09.03-22.12.58:504][157]LogModuleManager: Shutting down and abandoning module LeapMotionController (106)
[2015.09.03-22.12.58:605][157]LogModuleManager: Shutting down and abandoning module CustomMeshComponent (105)
[2015.09.03-22.12.58:605][157]LogModuleManager: Shutting down and abandoning module CableComponent (104)
[2015.09.03-22.12.58:612][157]LogModuleManager: Shutting down and abandoning module MessagingDebugger (103)
[2015.09.03-22.12.58:677][157]LogModuleManager: Shutting down and abandoning module MediaPlayerEditor (102)
[2015.09.03-22.12.58:716][157]LogModuleManager: Shutting down and abandoning module SpeedTreeImporter (101)
[2015.09.03-22.12.58:716][157]LogModuleManager: Shutting down and abandoning module PluginBrowser (100)
[2015.09.03-22.12.58:730][157]LogModuleManager: Shutting down and abandoning module EpicSurvey (99)
[2015.09.03-22.12.58:753][157]LogModuleManager: Shutting down and abandoning module DesktopPlatform (98)
[2015.09.03-22.12.58:797][157]LogModuleManager: Shutting down and abandoning module VisualStudioSourceCodeAccess (97)
[2015.09.03-22.12.58:811][157]LogModuleManager: Shutting down and abandoning module UObjectPlugin (96)
[2015.09.03-22.12.58:811][157]LogModuleManager: Shutting down and abandoning module SubversionSourceControl (95)
[2015.09.03-22.12.58:835][157]LogModuleManager: Shutting down and abandoning module PerforceSourceControl (94)
[2015.09.03-22.12.58:867][157]LogModuleManager: Shutting down and abandoning module SourceControl (93)
[2015.09.03-22.12.58:887][157]LogModuleManager: Shutting down and abandoning module GitSourceControl (92)
[2015.09.03-22.12.58:914][157]LogModuleManager: Shutting down and abandoning module BlankPlugin (91)
[2015.09.03-22.12.58:914][157]LogModuleManager: Shutting down and abandoning module PaperTiledImporter (90)
[2015.09.03-22.12.58:914][157]LogModuleManager: Shutting down and abandoning module PaperSpriteSheetImporter (89)
[2015.09.03-22.12.58:914][157]LogModuleManager: Shutting down and abandoning module MeshPaint (88)
[2015.09.03-22.12.58:933][157]LogModuleManager: Shutting down and abandoning module SlateReflector (87)
[2015.09.03-22.12.58:984][157]LogModuleManager: Shutting down and abandoning module DirectoryWatcher (86)
[2015.09.03-22.12.58:985][157]LogModuleManager: Shutting down and abandoning module HotReload (85)
[2015.09.03-22.12.58:985][157]LogModuleManager: Shutting down and abandoning module MainFrame (84)
[2015.09.03-22.12.58:985][157]LogModuleManager: Shutting down and abandoning module LevelEditor (83)
[2015.09.03-22.12.59:042][157]LogModuleManager: Shutting down and abandoning module ContentBrowser (82)
[2015.09.03-22.12.59:044][157]LogModuleManager: Shutting down and abandoning module Paper2DEditor (81)
[2015.09.03-22.12.59:126][157]LogModuleManager: Shutting down and abandoning module UdpMessaging (80)
[2015.09.03-22.12.59:227][157]LogModuleManager: Shutting down and abandoning module Paper2D (79)
[2015.09.03-22.12.59:270][157]LogModuleManager: Shutting down and abandoning module WindowsMoviePlayer (78)
[2015.09.03-22.12.59:282][157]LogModuleManager: Shutting down and abandoning module Media (77)
[2015.09.03-22.12.59:282][157]LogModuleManager: Shutting down and abandoning module WmfMedia (76)
[2015.09.03-22.12.59:296][157]LogModuleManager: Shutting down and abandoning module OnlineBlueprintSupport (75)
[2015.09.03-22.12.59:296][157]LogModuleManager: Shutting down and abandoning module PropertyEditor (74)
[2015.09.03-22.12.59:296][157]LogModuleManager: Shutting down and abandoning module BehaviorTreeEditor (73)
[2015.09.03-22.12.59:296][157]LogModuleManager: Shutting down and abandoning module FunctionalTesting (72)
[2015.09.03-22.12.59:350][157]LogModuleManager: Shutting down and abandoning module CollisionAnalyzer (71)
[2015.09.03-22.12.59:394][157]LogModuleManager: Shutting down and abandoning module WorkspaceMenuStructure (70)
[2015.09.03-22.12.59:394][157]LogModuleManager: Shutting down and abandoning module MessageLog (69)
[2015.09.03-22.12.59:394][157]LogModuleManager: Shutting down and abandoning module Sequencer (68)
[2015.09.03-22.12.59:452][157]LogModuleManager: Shutting down and abandoning module AssetTools (67)
[2015.09.03-22.12.59:519][157]LogModuleManager: Shutting down and abandoning module UMGEditor (66)
[2015.09.03-22.12.59:571][157]LogModuleManager: Shutting down and abandoning module UMG (65)
[2015.09.03-22.12.59:571][157]LogModuleManager: Shutting down and abandoning module Slate (64)
[2015.09.03-22.12.59:571][157]LogModuleManager: Shutting down and abandoning module EditorStyle (63)
[2015.09.03-22.12.59:578][157]LogModuleManager: Shutting down and abandoning module SessionServices (62)
[2015.09.03-22.12.59:578][157]LogModuleManager: Shutting down and abandoning module SourceCodeAccess (61)
[2015.09.03-22.12.59:578][157]LogModuleManager: Shutting down and abandoning module HeadMountedDisplay (60)
[2015.09.03-22.12.59:578][157]LogModuleManager: Shutting down and abandoning module Networking (57)
[2015.09.03-22.12.59:579][157]LogModuleManager: Shutting down and abandoning module Core (56)
[2015.09.03-22.12.59:579][157]LogModuleManager: Shutting down and abandoning module KismetCompiler (55)
[2015.09.03-22.12.59:605][157]LogModuleManager: Shutting down and abandoning module PhysXFormats (54)
[2015.09.03-22.12.59:605][157]LogModuleManager: Shutting down and abandoning module MeshUtilities (53)
[2015.09.03-22.12.59:639][157]LogModuleManager: Shutting down and abandoning module DerivedDataCache (52)
[2015.09.03-22.12.59:738][157]LogDerivedDataCache: Shutdown
[2015.09.03-22.12.59:738][157]LogModuleManager: Shutting down and abandoning module ShaderFormatOpenGL (51)
[2015.09.03-22.12.59:753][157]LogModuleManager: Shutting down and abandoning module ShaderFormatD3D (50)
[2015.09.03-22.12.59:753][157]LogModuleManager: Shutting down and abandoning module MetalShaderFormat (49)
[2015.09.03-22.12.59:760][157]LogModuleManager: Shutting down and abandoning module TextureFormatUncompressed (48)
[2015.09.03-22.12.59:760][157]LogModuleManager: Shutting down and abandoning module TextureFormatPVR (47)
[2015.09.03-22.12.59:760][157]LogModuleManager: Shutting down and abandoning module TextureFormatIntelISPCTexComp (46)
[2015.09.03-22.12.59:760][157]LogModuleManager: Shutting down and abandoning module TextureFormatDXT (45)
[2015.09.03-22.12.59:760][157]LogModuleManager: Shutting down and abandoning module ImageWrapper (44)
[2015.09.03-22.12.59:760][157]LogModuleManager: Shutting down and abandoning module TextureFormatASTC (43)
[2015.09.03-22.12.59:760][157]LogModuleManager: Shutting down and abandoning module TextureFormatAndroid (42)
[2015.09.03-22.12.59:760][157]LogModuleManager: Shutting down and abandoning module AudioFormatOpus (41)
[2015.09.03-22.12.59:771][157]LogModuleManager: Shutting down and abandoning module AudioFormatOgg (40)
[2015.09.03-22.12.59:771][157]LogModuleManager: Shutting down and abandoning module AudioFormatADPCM (39)
[2015.09.03-22.12.59:771][157]LogModuleManager: Shutting down and abandoning module LinuxTargetPlatform (38)
[2015.09.03-22.12.59:771][157]LogModuleManager: Shutting down and abandoning module LinuxServerTargetPlatform (37)
[2015.09.03-22.12.59:771][157]LogModuleManager: Shutting down and abandoning module LinuxNoEditorTargetPlatform (36)
[2015.09.03-22.12.59:771][157]LogModuleManager: Shutting down and abandoning module Messaging (35)
[2015.09.03-22.12.59:772][157]LogModuleManager: Shutting down and abandoning module IOSTargetPlatform (34)
[2015.09.03-22.12.59:772][157]LogModuleManager: Shutting down and abandoning module HTML5TargetPlatform (33)
[2015.09.03-22.12.59:772][157]LogModuleManager: Shutting down and abandoning module Android_PVRTCTargetPlatform (32)
[2015.09.03-22.12.59:772][157]LogModuleManager: Shutting down and abandoning module Android_ETC2TargetPlatform (31)
[2015.09.03-22.12.59:772][157]LogModuleManager: Shutting down and abandoning module Android_ETC1TargetPlatform (30)
[2015.09.03-22.12.59:772][157]LogModuleManager: Shutting down and abandoning module Android_DXTTargetPlatform (29)
[2015.09.03-22.12.59:772][157]LogModuleManager: Shutting down and abandoning module Android_ATCTargetPlatform (28)
[2015.09.03-22.12.59:772][157]LogModuleManager: Shutting down and abandoning module Android_ASTCTargetPlatform (27)
[2015.09.03-22.12.59:772][157]LogModuleManager: Shutting down and abandoning module AndroidTargetPlatform (26)
[2015.09.03-22.12.59:772][157]LogModuleManager: Shutting down and abandoning module WindowsTargetPlatform (25)
[2015.09.03-22.12.59:772][157]LogModuleManager: Shutting down and abandoning module WindowsServerTargetPlatform (24)
[2015.09.03-22.12.59:772][157]LogModuleManager: Shutting down and abandoning module WindowsNoEditorTargetPlatform (23)
[2015.09.03-22.12.59:772][157]LogModuleManager: Shutting down and abandoning module WindowsClientTargetPlatform (22)
[2015.09.03-22.12.59:772][157]LogModuleManager: Shutting down and abandoning module DesktopTargetPlatform (21)
[2015.09.03-22.12.59:772][157]LogModuleManager: Shutting down and abandoning module TargetPlatform (20)
[2015.09.03-22.12.59:772][157]LogModuleManager: Shutting down and abandoning module InputCore (19)
[2015.09.03-22.12.59:772][157]LogModuleManager: Shutting down and abandoning module Settings (18)
[2015.09.03-22.12.59:772][157]LogModuleManager: Shutting down and abandoning module OnlineSubsystem (16)
[2015.09.03-22.12.59:772][157]LogModuleManager: Shutting down and abandoning module HTTP (15)
[2015.09.03-22.12.59:773][157]LogModuleManager: Shutting down and abandoning module ExampleDeviceProfileSelector (14)
[2015.09.03-22.12.59:773][157]LogModuleManager: Shutting down and abandoning module TextureCompressor (13)
[2015.09.03-22.12.59:773][157]LogModuleManager: Shutting down and abandoning module ShaderCore (12)
[2015.09.03-22.12.59:773][157]LogModuleManager: Shutting down and abandoning module Landscape (11)
[2015.09.03-22.12.59:773][157]LogModuleManager: Shutting down and abandoning module SlateRHIRenderer (10)
[2015.09.03-22.12.59:823][157]LogModuleManager: Shutting down and abandoning module OpenGLDrv (9)
[2015.09.03-22.12.59:841][157]LogModuleManager: Shutting down and abandoning module D3D11RHI (8)
[2015.09.03-22.12.59:841][157]LogModuleManager: Shutting down and abandoning module Renderer (7)
[2015.09.03-22.12.59:841][157]LogModuleManager: Shutting down and abandoning module Engine (6)
[2015.09.03-22.12.59:841][157]LogModuleManager: Shutting down and abandoning module CoreUObject (5)
[2015.09.03-22.12.59:841][157]LogModuleManager: Shutting down and abandoning module NetworkFile (4)
[2015.09.03-22.12.59:860][157]LogModuleManager: Shutting down and abandoning module StreamingFile (3)
[2015.09.03-22.12.59:860][157]LogModuleManager: Shutting down and abandoning module SandboxFile (2)
[2015.09.03-22.12.59:874][157]LogModuleManager: Shutting down and abandoning module PakFile (1)
[2015.09.03-22.12.59:928][157]LogExit: Exiting.
[2015.09.03-22.12.59:955][157]Log file closed, 09/03/15 15:12:59
