[2015.08.27-19.37.56:961][  0]Log file open, 08/27/15 12:37:56
[2015.08.27-19.37.56:961][  0]LogInit:Display: Running engine for game: GodKiller
[2015.08.27-19.37.56:961][  0]LogInit:Display: RandInit(612051100) SRandInit(612051101).
[2015.08.27-19.37.56:961][  0]LogTaskGraph: Started task graph with 4 named threads and 5 total threads.
[2015.08.27-19.37.56:961][  0]LogStats: Stats thread started
[2015.08.27-19.37.56:961][  0]LogInit: Version: 4.8.3-2634408+++depot+UE4-Releases+4.8
[2015.08.27-19.37.56:961][  0]LogInit: API Version: 2579680
[2015.08.27-19.37.56:961][  0]LogInit: Compiled (64-bit): Jul 27 2015 16:24:33
[2015.08.27-19.37.56:961][  0]LogInit: Compiled with Visual C++: 18.00.21005.01
[2015.08.27-19.37.56:961][  0]LogInit: Build Configuration: Development
[2015.08.27-19.37.56:961][  0]LogInit: Branch Name: ++depot+UE4-Releases+4.8
[2015.08.27-19.37.56:961][  0]LogInit: Command line:  
[2015.08.27-19.37.56:961][  0]LogInit: Base directory: C:/Program Files/Epic Games/4.8/Engine/Binaries/Win64/
[2015.08.27-19.37.56:961][  0]LogInit: Rocket: 1
[2015.08.27-19.37.56:993][  0]LogInit: Using libcurl 7.41.0
[2015.08.27-19.37.56:993][  0]LogInit:  - built for x86_64-pc-win32
[2015.08.27-19.37.56:993][  0]LogInit:  - supports SSL with WinSSL
[2015.08.27-19.37.56:993][  0]LogInit:  - other features:
[2015.08.27-19.37.56:993][  0]LogInit:      CURL_VERSION_SSL
[2015.08.27-19.37.56:993][  0]LogInit:      CURL_VERSION_IPV6
[2015.08.27-19.37.56:993][  0]LogInit:      CURL_VERSION_ASYNCHDNS
[2015.08.27-19.37.56:993][  0]LogInit:      CURL_VERSION_LARGEFILE
[2015.08.27-19.37.56:993][  0]LogInit:      CURL_VERSION_IDN
[2015.08.27-19.37.56:993][  0]LogInit:  CurlRequestOptions (configurable via config and command line):
[2015.08.27-19.37.56:993][  0]LogInit:  - bVerifyPeer = true  - Libcurl will verify peer certificate
[2015.08.27-19.37.56:993][  0]LogInit:  - bUseHttpProxy = false  - Libcurl will NOT use HTTP proxy
[2015.08.27-19.37.56:993][  0]LogInit:  - bDontReuseConnections = false  - Libcurl will reuse connections
[2015.08.27-19.37.56:993][  0]LogInit:  - CertBundlePath = nullptr  - Libcurl will use whatever was configured at build time.
[2015.08.27-19.37.57:022][  0]LogOnline:Warning: No default platform service specified for OnlineSubsystem
[2015.08.27-19.37.57:071][  0]LogInit: Presizing for 0 objects not considered by GC, pre-allocating 0 bytes.
[2015.08.27-19.37.57:091][  0]LogInit: Object subsystem initialized
[2015.08.27-19.37.57:094][  0]LogConsoleResponse:Warning: Skipping Unknown console variable: 'TranslucentSortAxis = (X=0.000000,Y=-1.000000,Z=0.000000)'
[2015.08.27-19.37.57:094][  0]LogConsoleResponse:Warning:   Found in ini file 'C:/Users/Samantha/Desktop/God-Killer/Saved/Config/Windows/Engine.ini', in section '[/Script/Engine.RendererSettings]'
[2015.08.27-19.37.57:094][  0]LogConsoleResponse:Warning: Skipping Unknown console variable: 'UIScaleRule = ShortestSide'
[2015.08.27-19.37.57:094][  0]LogConsoleResponse:Warning:   Found in ini file 'C:/Users/Samantha/Desktop/God-Killer/Saved/Config/Windows/Engine.ini', in section '[/Script/Engine.RendererSettings]'
[2015.08.27-19.37.57:094][  0]LogConsoleResponse:Warning: Skipping Unknown console variable: 'UIScaleCurve = (EditorCurveData=(Keys=),ExternalCurve=None)'
[2015.08.27-19.37.57:094][  0]LogConsoleResponse:Warning:   Found in ini file 'C:/Users/Samantha/Desktop/God-Killer/Saved/Config/Windows/Engine.ini', in section '[/Script/Engine.RendererSettings]'
[2015.08.27-19.37.57:095][  0]LogInit: Selected Device Profile: [Windows]
[2015.08.27-19.37.57:095][  0]LogInit: Applying CVar settings loaded from the selected device profile: [Windows]
[2015.08.27-19.37.57:150][  0]LogInit: Computer: SAMANTHAPC
[2015.08.27-19.37.57:150][  0]LogInit: User: Samantha
[2015.08.27-19.37.57:150][  0]LogInit: CPU Page size=4096, Cores=2
[2015.08.27-19.37.57:150][  0]LogInit: High frequency timer resolution =2.240911 MHz
[2015.08.27-19.37.57:150][  0]LogMemory: Memory total: Physical=5.9GB (6GB approx)
[2015.08.27-19.37.57:151][  0]LogMemory: Platform Memory Stats for Windows
[2015.08.27-19.37.57:151][  0]LogMemory: Process Physical Memory: 50.26 MB used, 50.26 MB peak
[2015.08.27-19.37.57:151][  0]LogMemory: Process Virtual Memory: 24.26 MB used, 24.26 MB peak
[2015.08.27-19.37.57:151][  0]LogMemory: Physical Memory: 2761.69 MB used, 6027.63 MB total
[2015.08.27-19.37.57:151][  0]LogMemory: Virtual Memory: 296.61 MB used, 134217728.00 MB total
[2015.08.27-19.37.57:309][  0]LogTextLocalizationManager: The requested culture ('en_US') has no localization data; parent culture's ('en') localization data will be used.
[2015.08.27-19.37.58:321][  0]LogTextLocalizationManager:Warning: Loaded localization resources contain conflicting entries for (Namespace:ContentBrowser, Key:ImportAssetToolTip):
Localization Resource: (C:/Program Files/Epic Games/4.8/Engine/Content/Localization/Editor/en/Editor.locres) Source String Hash: (-630476809) Localized String: (Import to {0}...)
Localization Resource: (C:/Program Files/Epic Games/4.8/Engine/Content/Localization/Editor/en/Editor.locres) Source String Hash: (1271782899) Localized String: (Imports an asset from file to this folder.)
[2015.08.27-19.37.59:577][  0]LogD3D11RHI: Found D3D11 adapter 0: Intel(R) HD Graphics Family (Feature Level 11_0)
[2015.08.27-19.37.59:577][  0]LogD3D11RHI: Adapter has 32MB of dedicated video memory, 0MB of dedicated system memory, and 1760MB of shared system memory, 1 output[s]
[2015.08.27-19.37.59:580][  0]LogD3D11RHI: Found D3D11 adapter 1: Microsoft Basic Render Driver (Feature Level 11_0)
[2015.08.27-19.37.59:580][  0]LogD3D11RHI: Adapter has 0MB of dedicated video memory, 0MB of dedicated system memory, and 256MB of shared system memory, 0 output[s]
[2015.08.27-19.37.59:580][  0]LogD3D11RHI: Chosen D3D11 Adapter Id = 0
[2015.08.27-19.37.59:595][  0]LogD3D11RHI: InitD3DDevice
[2015.08.27-19.37.59:595][  0]LogD3D11RHI: !Direct3DDevice
[2015.08.27-19.37.59:596][  0]LogRHI: Texture pool is 638 MB (70% of 912 MB)
[2015.08.27-19.37.59:614][  0]LogD3D11RHI: Async texture creation enabled
[2015.08.27-19.37.59:630][  0]LogShaderCompilers:Display: Using Local Shader Compiler.
[2015.08.27-19.38.04:451][  0]LogTemp:Display: Loaded TP DesktopTargetPlatform
[2015.08.27-19.38.04:482][  0]LogTemp:Display: Loaded TP WindowsClientTargetPlatform
[2015.08.27-19.38.04:511][  0]LogTemp:Display: Loaded TP WindowsNoEditorTargetPlatform
[2015.08.27-19.38.04:541][  0]LogTemp:Display: Loaded TP WindowsServerTargetPlatform
[2015.08.27-19.38.04:573][  0]LogTemp:Display: Loaded TP WindowsTargetPlatform
[2015.08.27-19.38.04:599][  0]LogTemp:Display: Loaded TP AndroidTargetPlatform
[2015.08.27-19.38.04:625][  0]LogTemp:Display: Loaded TP Android_ASTCTargetPlatform
[2015.08.27-19.38.04:651][  0]LogTemp:Display: Loaded TP Android_ATCTargetPlatform
[2015.08.27-19.38.04:678][  0]LogTemp:Display: Loaded TP Android_DXTTargetPlatform
[2015.08.27-19.38.04:705][  0]LogTemp:Display: Loaded TP Android_ETC1TargetPlatform
[2015.08.27-19.38.04:730][  0]LogTemp:Display: Loaded TP Android_ETC2TargetPlatform
[2015.08.27-19.38.04:755][  0]LogTemp:Display: Loaded TP Android_PVRTCTargetPlatform
[2015.08.27-19.38.04:882][  0]LogTemp:Display: Loaded TP IOSTargetPlatform
[2015.08.27-19.38.04:911][  0]LogTemp:Display: Loaded TP LinuxNoEditorTargetPlatform
[2015.08.27-19.38.04:958][  0]LogTemp:Display: Loaded TP LinuxServerTargetPlatform
[2015.08.27-19.38.05:016][  0]LogTemp:Display: Loaded TP LinuxTargetPlatform
[2015.08.27-19.38.05:016][  0]LogTargetPlatformManager:Display: Building Assets For Windows
[2015.08.27-19.38.05:738][  0]LogDerivedDataCache:Display: Max Cache Size: 512 MB
[2015.08.27-19.38.05:914][  0]LogDerivedDataCache: Loaded boot cache 0.18s 53MB C:/Users/Samantha/AppData/Local/UnrealEngine/4.8/DerivedDataCache/Boot.ddc.
[2015.08.27-19.38.05:914][  0]LogDerivedDataCache:Display: Loaded Boot cache: C:/Users/Samantha/AppData/Local/UnrealEngine/4.8/DerivedDataCache/Boot.ddc
[2015.08.27-19.38.05:914][  0]LogDerivedDataCache: FDerivedDataBackendGraph:  Pak pak cache file ../../../../../../Users/Samantha/Desktop/God-Killer/DerivedDataCache/DDC.ddp not found, will not use a pak cache.
[2015.08.27-19.38.05:914][  0]LogDerivedDataCache: Unable to find inner node Pak for hierarchical cache Hierarchy.
[2015.08.27-19.38.05:914][  0]LogDerivedDataCache: FDerivedDataBackendGraph:  CompressedPak pak cache file ../../../../../../Users/Samantha/Desktop/God-Killer/DerivedDataCache/Compressed.ddp not found, will not use a pak cache.
[2015.08.27-19.38.05:914][  0]LogDerivedDataCache: Unable to find inner node CompressedPak for hierarchical cache Hierarchy.
[2015.08.27-19.38.06:383][  0]LogDerivedDataCache:Display: Pak cache opened for reading ../../../Engine/DerivedDataCache/Compressed.ddp.
[2015.08.27-19.38.06:396][  0]LogDerivedDataCache: Using Local data cache path C:/Users/Samantha/AppData/Local/UnrealEngine/Common/DerivedDataCache: Writable
[2015.08.27-19.38.06:884][  0]LogInit: Selected Device Profile: [Windows]
[2015.08.27-19.38.07:184][  0]ImportText (ComponentSweepMultiTests): Missing closing parenthesis: (RootShapeAsset="/Engine/BasicShapes/Cube.Cube",ShapeType="TriggerCapsule",HitResult=(Time=0.50,Location=(X=-100.000015,Y=0.0,Z=100.000015),ImpactPoint=(X=-50.0,Y=0.0,Z=50.0),Normal=(X=-1.0,Y=-0.0,Z=0.0),ImpactNormal=(X=0.0,Y=0.0,Z=1.0),TraceStart=(X=-200.0,Y=0.0,Z=200.0),TraceEnd=(X=0.0,Y=0.0,Z=0.0))
[2015.08.27-19.38.07:185][  0]ImportText (LineTraceSingleByChannelTests): Missing closing parenthesis: (RootShapeAsset="/Engine/BasicShapes/Cube.Cube",HitResult=(Time=0.50,Location=(X=-100.000015,Y=0.0,Z=100.000015),ImpactPoint=(X=-50.0,Y=0.0,Z=50.0),Normal=(X=-1.0,Y=-0.0,Z=0.0),ImpactNormal=(X=0.0,Y=0.0,Z=1.0),TraceStart=(X=-200.0,Y=0.0,Z=200.0),TraceEnd=(X=0.0,Y=0.0,Z=0.0))
[2015.08.27-19.38.07:280][  0]LogMeshUtilities: No automatic mesh reduction module available
[2015.08.27-19.38.07:280][  0]LogMeshUtilities: No automatic mesh merging module available
[2015.08.27-19.38.08:826][  0]LogInit: WinSock: version 1.1 (2.2), MaxSocks=32767, MaxUdp=65467
[2015.08.27-19.38.19:550][  0]LogModuleManager:Warning: ModuleManager: Unable to load module 'C:/Program Files/Epic Games/4.8/Engine/Binaries/Win64/UE4Editor-XAudio2.dll' because the file couldn't be loaded by the OS.
[2015.08.27-19.38.41:824][  0]UdpMessaging: Initializing bridge on interface 0.0.0.0:0 to multicast group 230.0.0.1:6666.
[2015.08.27-19.38.43:219][  0]SourceControl: Info Source control is disabled
[2015.08.27-19.38.43:380][  0]SourceControl: Info Source control is disabled
[2015.08.27-19.38.43:415][  0]SourceControl: Info Source control is disabled
[2015.08.27-19.38.43:451][  0]SourceControl: Info Source control is disabled
[2015.08.27-19.38.44:474][  0]LogObj: 26273 objects as part of root set at end of initial load.
[2015.08.27-19.38.44:474][  0]LogUObjectAllocator: 5409248 out of 0 bytes used by permanent object pool.
[2015.08.27-19.38.44:762][  0]LogEngine: Initializing Engine...
[2015.08.27-19.38.44:768][  0]LogHMD: Can't find Oculus library dev build: is proper Runtime installed? Version: 0.6.0.0
[2015.08.27-19.38.44:773][  0]LogHMD:Warning: SteamVR failed to initialize.  Error: 110
[2015.08.27-19.38.45:314][  0]LogAIModule: Creating AISystem for world NewWorld
[2015.08.27-19.40.06:383][  0]LogModuleManager:Warning: ModuleManager: Unable to load module 'C:/Program Files/Epic Games/4.8/Engine/Binaries/Win64/UE4Editor-XAudio2.dll' because the file couldn't be loaded by the OS.
[2015.08.27-19.40.06:497][  0]LogDerivedDataCache: Saved boot cache 0.11s 53MB C:/Users/Samantha/AppData/Local/UnrealEngine/4.8/DerivedDataCache/Boot.ddc.
[2015.08.27-19.40.06:514][  0]LogInit: Texture streaming: Disabled
[2015.08.27-19.40.06:607][  0]LogAnalytics: Creating configured Analytics provider AnalyticsET
[2015.08.27-19.40.06:607][  0]LogAnalytics: [UEEditor.Rocket.Release] APIServer = http://et2.epicgames.com/ET2/. AppVersion = 4.8.3-2634408+++depot+UE4-Releases+4.8
[2015.08.27-19.40.06:608][  0]LogAnalytics: [UEEditor.Rocket.Release] SetUserId 46872bea408cfcc0100ac385d2b5ce07|e22a3db169b04f708165eaff958a9646|097015b1-a59a-4201-b460-717027cc9fe8
[2015.08.27-19.40.06:608][  0]LogAnalytics: [UEEditor.Rocket.Release] AnalyticsET::StartSession
[2015.08.27-19.40.06:720][  0]LogInit: Transaction tracking system initialized
[2015.08.27-19.40.07:203][  0]BlueprintLog: New page: Editor Load
[2015.08.27-19.40.07:303][  0]LogAssetRegistry: FAssetRegistry took 0.0114 seconds to start up
[2015.08.27-19.40.07:304][  0]LogDirectoryWatcher:Warning: Failed to begin reading directory changes for ../../../Engine/Plugins/Experimental/CharacterAI/Content/. Error: 0
[2015.08.27-19.40.10:169][  0]LogConsoleManager:Warning: Console variable 'r.VSync' wasn't set ('GameSetting' has a lower priority than 'SystemSettingsIni')
[2015.08.27-19.40.10:177][  0]LogConsoleResponse:Display: 
[2015.08.27-19.40.10:494][  0]LogCook:Display: Done creating registry. It took  0.00s.
[2015.08.27-19.40.11:196][  0]SourceControl: Info Source control is disabled
[2015.08.27-19.40.11:196][  0]Cmd: MAP LOAD FILE="../../../../../../Users/Samantha/Desktop/God-Killer/Content/Scene/NewCave.umap" TEMPLATE=0 SHOWPROGRESS=1 FEATURELEVEL=3
[2015.08.27-19.40.11:197][  0]LightingResults: New page: Lighting Build
[2015.08.27-19.40.11:229][  0]MapCheck: New page: Map Check
[2015.08.27-19.40.11:229][  0]LightingResults: New page: Lighting Build
[2015.08.27-19.40.11:270][  0]LogParticles: Destroying 0 GPU particle simulations for FXSystem 0x000000B6C2955300
[2015.08.27-19.40.13:691][  0]LogBlueprint:Warning: [compiler GnawmersHealth] Warning 'gnawmers' is already a 'Enemy 1', you don't need  Cast To Enemy1 .
[2015.08.27-19.40.13:692][  0]LogBlueprint:Warning: [compiler GnawmersHealth] Warning [0143.19] Compile of GnawmersHealth successful, but with 1 Warning(s) [in 19 ms]
[2015.08.27-19.40.13:692][  0]LogBlueprint:Warning: [compiler GnawmersHealth] Warning [0143.19] Compile of GnawmersHealth successful, but with 2 Warning(s) [in 0 ms]
[2015.08.27-19.40.13:692][  0]LogBlueprint:Warning: [compiler GnawmersHealth] Warning [0143.19] Compile of GnawmersHealth successful, but with 3 Warning(s) [in 0 ms]
[2015.08.27-19.40.14:504][  0]LogBlueprint:Warning: [compiler Gui] Warning 'gnawmers' is already a 'Enemy 1', you don't need  Cast To Enemy1 .
[2015.08.27-19.40.14:519][  0]LogBlueprint:Warning: [compiler Gui] Warning [0144.02] Compile of Gui successful, but with 1 Warning(s) [in 62 ms]
[2015.08.27-19.40.14:521][  0]LogBlueprint:Warning: [compiler Gui] Warning [0144.02] Compile of Gui successful, but with 2 Warning(s) [in 0 ms]
[2015.08.27-19.40.14:521][  0]LogBlueprint:Warning: [compiler Gui] Warning [0144.02] Compile of Gui successful, but with 3 Warning(s) [in 0 ms]
[2015.08.27-19.40.17:808][  0]LogBlueprint:Warning: [compiler Gui] Warning 'gnawmers' is already a 'Enemy 1', you don't need  Cast To Enemy1 .
[2015.08.27-19.40.17:835][  0]LogBlueprint:Warning: [compiler Gui] Warning [0147.34] Compile of Gui successful, but with 1 Warning(s) [in 109 ms]
[2015.08.27-19.40.17:840][  0]LogBlueprint:Warning: [compiler Gui] Warning [0147.34] Compile of Gui successful, but with 2 Warning(s) [in 4 ms]
[2015.08.27-19.40.18:114][  0]LogBlueprint:Warning: [compiler GnawmersHealth] Warning 'gnawmers' is already a 'Enemy 1', you don't need  Cast To Enemy1 .
[2015.08.27-19.40.18:115][  0]LogBlueprint:Warning: [compiler GnawmersHealth] Warning [0147.62] Compile of GnawmersHealth successful, but with 1 Warning(s) [in 30 ms]
[2015.08.27-19.40.18:116][  0]LogBlueprint:Warning: [compiler GnawmersHealth] Warning [0147.62] Compile of GnawmersHealth successful, but with 2 Warning(s) [in 1 ms]
[2015.08.27-19.41.00:023][  0]LogAIModule: Creating AISystem for world NewCave
[2015.08.27-19.41.04:726][  0]LogEditorServer: Finished looking for orphan Actors (0.001 secs)
[2015.08.27-19.41.04:732][  0]Cmd: MAP CHECKDEP NOCLEARLOG
[2015.08.27-19.41.05:029][  0]MapCheck: Info Map check complete: 0 Error(s), 0 Warning(s), took 296.556ms to complete.
[2015.08.27-19.41.05:029][  0]LogFileHelpers: Loading map 'NewCave' took 53.833
[2015.08.27-19.41.05:212][  0]LogCollectionManager: Loaded 0 collections in 0.007476 seconds
[2015.08.27-19.41.05:239][  0]LogContentBrowser: Native class hierarchy populated in 0.0266 seconds. Added 1792 classes and 301 folders.
[2015.08.27-19.41.05:529][  0]LogContentBrowser: Native class hierarchy updated for 'WidgetCarousel' in 0.0018 seconds. Added 0 classes and 0 folders.
[2015.08.27-19.41.05:739][  0]LogContentBrowser: Native class hierarchy updated for 'AddContentDialog' in 0.0011 seconds. Added 0 classes and 0 folders.
[2015.08.27-19.41.05:997][  0]LogContentBrowser: Native class hierarchy updated for 'SceneOutliner' in 0.0013 seconds. Added 1 classes and 2 folders.
[2015.08.27-19.41.06:178][  0]LogCrashTracker: Crashtracker disabled due to settings.
[2015.08.27-19.41.06:182][  0]LogD3D11RHI: InitD3DDevice
[2015.08.27-19.41.06:191][  0]LogUObjectGlobals:Warning: Failed to find object 'Class None.'
[2015.08.27-19.41.06:219][  0]LogLoad: Full Startup: 195.72 seconds (BP compile: 7.46 seconds)
[2015.08.27-19.41.06:948][  0]LogContentStreaming: Texture pool size is 0.000000MB
[2015.08.27-19.41.07:627][  0]LogContentStreaming: Texture pool size now 700 MB
[2015.08.27-19.41.08:054][  0]LogRenderer: Reallocating scene render targets to support 832x712 (Frame:2).
[2015.08.27-19.41.10:249][  1]Cmd: UpdateLandscapeEditorData -warnings
[2015.08.27-19.41.10:253][  1]Cmd: UpdateLandscapeEditorData
[2015.08.27-19.41.11:030][  2]LogD3D11RHI: InitD3DDevice
[2015.08.27-19.41.16:030][ 16]LogEditorViewport: Clicking on Actor (context menu): StaticMeshActor (SpikedWall7)
[2015.08.27-19.41.16:580][ 16]LogD3D11RHI: InitD3DDevice
[2015.08.27-19.41.17:586][ 18]LogD3D11RHI: InitD3DDevice
[2015.08.27-19.41.17:700][ 19]LogD3D11RHI: InitD3DDevice
[2015.08.27-19.41.22:021][ 56]LogAssetRegistry: Asset discovery search completed in 74.7300 seconds
[2015.08.27-19.41.23:211][ 65]LogEditorViewport: Clicking on Actor (LMB): Rocks_C (Rocks)
[2015.08.27-19.41.44:838][195]LogD3D11RHI: InitD3DDevice
[2015.08.27-19.41.44:900][195]LogD3D11RHI: InitD3DDevice
[2015.08.27-19.41.45:213][195]LogLinker:Warning: Asset '../../../Engine/Content/ArtTools/RenderToTexture/Macros/RenderToTextureMacros.uasset' has been saved with empty engine version. The asset will be loaded but may be incompatible.
[2015.08.27-19.41.45:498][195]LogLinker:Warning: Asset '../../../Engine/Content/ArtTools/RenderToTexture/Enums/RenderToTexture_Enum.uasset' has been saved with empty engine version. The asset will be loaded but may be incompatible.
[2015.08.27-19.42.29:168][646]BlueprintLog: New page: Compile Rocks
[2015.08.27-19.42.29:635][646]LogActorComponent: UnregisterComponent: (/Engine/Transient.CharMoveComp) Not registered. Aborting.
[2015.08.27-19.42.31:580][646]BlueprintEditorCompileResults: Info [0281.08] Compile of Rocks successful! [in 2,413 ms]
[2015.08.27-19.42.33:269][660]LogD3D11RHI: InitD3DDevice
[2015.08.27-19.42.33:392][660]Cmd: OBJ SAVEPACKAGE PACKAGE="/Game/Herc/BossPower/Rocks" FILE="../../../../../../Users/Samantha/Desktop/God-Killer/Content/Herc/BossPower/Rocks.uasset" SILENT=true
[2015.08.27-19.42.33:552][660]LogSavePackage: Save=98.814278ms
[2015.08.27-19.42.33:552][660]LogSavePackage: Moving '../../../../../../Users/Samantha/Desktop/God-Killer/Saved/Rocks0DA2F987462A788E61A6A9AFFE0D9930.tmp' to '../../../../../../Users/Samantha/Desktop/God-Killer/Content/Herc/BossPower/Rocks.uasset'
[2015.08.27-19.42.37:079][691]LogD3D11RHI: InitD3DDevice
[2015.08.27-19.42.40:187][765]LogD3D11RHI: InitD3DDevice
[2015.08.27-19.42.40:238][765]Cmd: OBJ SAVEPACKAGE PACKAGE="/Game/Scene/NewCave" FILE="../../../../../../Users/Samantha/Desktop/God-Killer/Content/Scene/NewCave.umap" SILENT=true AUTOSAVING=false KEEPDIRTY=false
[2015.08.27-19.42.42:147][765]LogSavePackage: Save=1694.354614ms
[2015.08.27-19.42.42:147][765]LogSavePackage: Moving '../../../../../../Users/Samantha/Desktop/God-Killer/Saved/NewCave81F60AFC41AD6565E41C4A8EB3C6732F.tmp' to '../../../../../../Users/Samantha/Desktop/God-Killer/Content/Scene/NewCave.umap'
[2015.08.27-19.42.46:853][803]BlueprintLog: New page: Pre-PIE auto-recompile
[2015.08.27-19.42.46:881][803]LogPl