Log file open, 05/07/15 12:56:00
LogInit:Display: Running engine for game: GodKiller
LogInit: Version: 4.7.3-2479750+++depot+UE4-Releases+4.7
LogInit: API Version: 2455222
LogInit: Compiled (64-bit): Mar 15 2015 23:20:45
LogInit: Compiled with Visual C++: 18.00.21005.01
LogInit: Build Configuration: Development
LogInit: Branch Name: ++depot+UE4-Releases+4.7
LogInit: Command line: 
LogInit: Base directory: C:/Program Files/Epic Games/4.7/Engine/Binaries/Win64/
LogInit: Rocket: 1
[2015.05.07-19.56.00:481][  0]LogTaskGraph: Started task graph with 3 named threads and 6 total threads.
[2015.05.07-19.56.00:532][  0]LogOnline:Warning: No default platform service specified for OnlineSubsystem
[2015.05.07-19.56.00:545][  0]LogInit: Presizing for 0 objects not considered by GC, pre-allocating 0 bytes.
[2015.05.07-19.56.00:555][  0]LogInit: Object subsystem initialized
[2015.05.07-19.56.00:556][  0]LogConsoleResponse:Warning: Skipping Unknown console variable: 'TranslucentSortAxis = (X=0.000000,Y=-1.000000,Z=0.000000)'
[2015.05.07-19.56.00:556][  0]LogConsoleResponse:Warning:   Found in ini file 'D:/Valadez_Isaac/God-Killer/Saved/Config/Windows/Engine.ini', in section '[/Script/Engine.RendererSettings]'
[2015.05.07-19.56.00:556][  0]LogConsoleResponse:Warning: Skipping Unknown console variable: 'UIScaleRule = ShortestSide'
[2015.05.07-19.56.00:556][  0]LogConsoleResponse:Warning:   Found in ini file 'D:/Valadez_Isaac/God-Killer/Saved/Config/Windows/Engine.ini', in section '[/Script/Engine.RendererSettings]'
[2015.05.07-19.56.00:556][  0]LogConsoleResponse:Warning: Skipping Unknown console variable: 'UIScaleCurve = (EditorCurveData=(Keys=),ExternalCurve=None)'
[2015.05.07-19.56.00:556][  0]LogConsoleResponse:Warning:   Found in ini file 'D:/Valadez_Isaac/God-Killer/Saved/Config/Windows/Engine.ini', in section '[/Script/Engine.RendererSettings]'
[2015.05.07-19.56.00:557][  0]LogInit: Selected Device Profile: [Windows]
[2015.05.07-19.56.00:557][  0]LogInit: Applying CVar settings loaded from the selected device profile: [Windows]
[2015.05.07-19.56.00:561][  0]LogInit: Computer: AI251LAB0234P18
[2015.05.07-19.56.00:561][  0]LogInit: User: student
[2015.05.07-19.56.00:561][  0]LogInit: CPU Page size=4096, Cores=4
[2015.05.07-19.56.00:561][  0]LogInit: High frequency timer resolution =3.507226 MHz
[2015.05.07-19.56.00:561][  0]LogMemory: Memory total: Physical=7.9GB (8GB approx) Virtual=8192.0GB
[2015.05.07-19.56.00:561][  0]LogMemory: Platform Memory Stats for Windows
[2015.05.07-19.56.00:561][  0]LogMemory: Process Physical Memory: 48.03 MB used, 48.03 MB peak
[2015.05.07-19.56.00:561][  0]LogMemory: Process Virtual Memory: 28.37 MB used, 28.37 MB peak
[2015.05.07-19.56.00:561][  0]LogMemory: Physical Memory: 3443.12 MB used, 8115.79 MB total
[2015.05.07-19.56.00:561][  0]LogMemory: Virtual Memory: 279.98 MB used, 8388608.00 MB total
[2015.05.07-19.56.00:586][  0]LogD3D11RHI: Found D3D11 adapter 0: NVIDIA Quadro K2000 (Feature Level 11_0)
[2015.05.07-19.56.00:586][  0]LogD3D11RHI: Adapter has 1990MB of dedicated video memory, 0MB of dedicated system memory, and 3801MB of shared system memory, 1 output[s]
[2015.05.07-19.56.00:586][  0]LogD3D11RHI: Chosen D3D11 Adapter Id = 0
[2015.05.07-19.56.00:591][  0]LogRHI: Texture pool is 1361 MB (70% of 1945 MB)
[2015.05.07-19.56.00:600][  0]LogD3D11RHI: Async texture creation enabled
[2015.05.07-19.56.00:653][  0]LogTextLocalizationManager: The requested culture ('en_US') has no localization data; parent culture's ('en') localization data will be used.
[2015.05.07-19.56.00:714][  0]LogTextLocalizationManager:Warning: Loading localization resources contain conflicting entries for (Namespace:UICommands, Key:Save_ToolTip):
Resource: (C:/Program Files/Epic Games/4.7/Engine/Content/Localization/Editor/en/Editor.locres) Hash: (-29098895) String: (Saves the current level to disk)
Resource: (C:/Program Files/Epic Games/4.7/Engine/Content/Localization/Engine/en/Engine.locres) Hash: (-1280300587) String: (Save selected data to vlog file)
[2015.05.07-19.56.00:714][  0]LogTextLocalizationManager:Warning: Loading localization resources contain conflicting entries for (Namespace:ContentBrowser, Key:ImportAssetToolTip):
Resource: (C:/Program Files/Epic Games/4.7/Engine/Content/Localization/Editor/en/Editor.locres) Hash: (-630476809) String: (Import to {0}...)
Resource: (C:/Program Files/Epic Games/4.7/Engine/Content/Localization/Editor/en/Editor.locres) Hash: (1271782899) String: (Imports an asset from file to this folder.)
[2015.05.07-19.56.00:788][  0]LogContentStreaming: Texture pool size is 0.000000MB
[2015.05.07-19.56.03:006][  0]LogTargetPlatformManager:Display: Building Assets For Windows
[2015.05.07-19.56.03:500][  0]LogTargetPlatformManager:Display: Building Assets For Windows
[2015.05.07-19.56.03:561][  0]LogDerivedDataCache:Display: Max Cache Size: 512 MB
[2015.05.07-19.56.03:601][  0]LogDerivedDataCache: Loaded boot cache 0.04s 39MB C:/Users/student/AppData/Local/UnrealEngine/4.7/DerivedDataCache/Boot.ddc.
[2015.05.07-19.56.03:601][  0]LogDerivedDataCache:Display: Loaded Boot cache: C:/Users/student/AppData/Local/UnrealEngine/4.7/DerivedDataCache/Boot.ddc
[2015.05.07-19.56.03:601][  0]LogDerivedDataCache: FDerivedDataBackendGraph:  Pak pak cache file D:/Valadez_Isaac/God-Killer/DerivedDataCache/DDC.ddp not found, will not use a pak cache.
[2015.05.07-19.56.03:601][  0]LogDerivedDataCache: Unable to find inner node Pak for hierarchical cache Hierarchy.
[2015.05.07-19.56.03:717][  0]LogDerivedDataCache:Display: Pak cache opened for reading ../../../Engine/DerivedDataCache/Compressed.ddp.
[2015.05.07-19.56.03:729][  0]LogDerivedDataCache: Using Local data cache path C:/Users/student/AppData/Local/UnrealEngine/Common/DerivedDataCache: Writable
[2015.05.07-19.56.04:042][  0]LogMeshUtilities: No automatic mesh reduction module available
[2015.05.07-19.56.04:042][  0]LogMeshUtilities: No automatic mesh merging module available
[2015.05.07-19.56.04:387][  0]LogInit: WinSock: version 1.1 (2.2), MaxSocks=32767, MaxUdp=65467
[2015.05.07-19.56.04:464][  0]LogSlate:Warning: Failed to load font data from '../../../Engine/Content/Slate/Fonts/Roboto-Italic.ttf'
[2015.05.07-19.56.05:219][  0]UdpMessaging: Initializing bridge on interface 0.0.0.0:0 to multicast group 230.0.0.1:6666.
[2015.05.07-19.56.05:414][  0]SourceControl: Info Source control is disabled
[2015.05.07-19.56.05:414][  0]SourceControl: Info Source control is disabled
[2015.05.07-19.56.05:414][  0]SourceControl: Info Source control is disabled
[2015.05.07-19.56.05:414][  0]LogSourceControl: RunCommandInternalRaw: 'git version'
[2015.05.07-19.56.05:414][  0]LogSourceControl: RunCommandInternalRaw: ExecProcess ReturnCode=2 OutResults=''
[2015.05.07-19.56.05:423][  0]SourceControl: Info Source control is disabled
[2015.05.07-19.56.05:603][  0]LogObj: 24231 objects as part of root set at end of initial load.
[2015.05.07-19.56.05:603][  0]LogUObjectAllocator: 5136440 out of 0 bytes used by permanent object pool.
[2015.05.07-19.56.05:682][  0]LogEngine: Initializing Engine...
[2015.05.07-19.56.08:829][  0]LogInit: XAudio2 using 'Speakers (Realtek High Definition Audio)' : 2 channels at 48 kHz using 32 bits per sample (channel mask 0x3)
[2015.05.07-19.56.08:849][  0]LogInit: FAudioDevice initialized.
[2015.05.07-19.56.08:885][  0]LogAIModule: Creating AISystem for world NewWorld
[2015.05.07-19.56.08:904][  0]LogDerivedDataCache: Saved boot cache 0.02s 39MB C:/Users/student/AppData/Local/UnrealEngine/4.7/DerivedDataCache/Boot.ddc.
[2015.05.07-19.56.08:908][  0]LogInit: Texture streaming: Enabled
[2015.05.07-19.56.08:997][  0]LogAnalytics: Creating configured Analytics provider AnalyticsET
[2015.05.07-19.56.08:997][  0]LogAnalytics: ET APIKey = Rocket.Release. APIServer = http://et2.epicgames.com/ET2/. AppVersion = 4.7.3-2479750+++depot+UE4-Releases+4.7
[2015.05.07-19.56.08:997][  0]LogAnalytics: ET APIKey = Rocket.Release. DataRouterUploadURL = https://datarouter-public-service-gamedev.ol.epicgames.net/datarouter/api/v1/public/data. AppVersion = 4.7.3-2479750+++depot+UE4-Releases+4.7
[2015.05.07-19.56.08:997][  0]LogAnalytics: SetUserId 24c7de5c4a4f4321b42239b4ba14bacf||a1cf211a-62eb-4857-bff7-fc45380a1448
[2015.05.07-19.56.08:997][  0]LogAnalytics: AnalyticsET::StartSession [Rocket.Release]
[2015.05.07-19.56.09:018][  0]LogInit: Transaction tracking system initialized
[2015.05.07-19.56.09:179][  0]BlueprintLog: New page: Editor Load
[2015.05.07-19.56.09:212][  0]LogAssetRegistry: FAssetRegistry took 0.0100 seconds to start up
[2015.05.07-19.56.09:212][  0]LogDirectoryWatcher:Warning: Failed to begin reading directory changes for ../../../Engine/Plugins/Experimental/CharacterAI/Content/. Error: 0
[2015.05.07-19.56.09:695][  0]LogTargetPlatformManager:Display: Building Assets For Windows
[2015.05.07-19.56.10:025][  0]LogTargetPlatformManager:Display: Building Assets For Windows
[2015.05.07-19.56.10:263][  0]LogSlate:Warning: Failed to load font data from '../../../Engine/Content/Editor/Slate/Fonts/Roboto-Regular.ttf'
[2015.05.07-19.56.10:263][  0]LogSlate:Warning: Failed to load font data from '../../../Engine/Content/Editor/Slate/Fonts/Roboto-Bold.ttf'
[2015.05.07-19.56.10:267][  0]LogConsoleResponse:Display: 
[2015.05.07-19.56.10:394][  0]LogCook:Display: Done creating registry. It took  0.00s.
[2015.05.07-19.56.10:532][  0]SourceControl: Info Source control is disabled
[2015.05.07-19.56.10:532][  0]Cmd: MAP LOAD FILE="D:/Valadez_Isaac/God-Killer/Content/ThirdPersonBP/Maps/ThirdPersonExampleMap.umap" TEMPLATE=0 SHOWPROGRESS=1 FEATURELEVEL=3
[2015.05.07-19.56.10:532][  0]LightingResults: New page: Lighting Build
[2015.05.07-19.56.10:545][  0]MapCheck: New page: Map Check
[2015.05.07-19.56.10:545][  0]LightingResults: New page: Lighting Build
[2015.05.07-19.56.10:551][  0]LogParticles: Destroying 0 GPU particle simulations for FXSystem 0x00000000137E6980
[2015.05.07-19.56.10:559][  0]LogLinker:Warning: Asset '../../../Engine/Content/EngineMeshes/Humanoid.uasset' has been saved with empty engine version. The asset will be loaded but may be incompatible.
[2015.05.07-19.56.12:619][  0]LogEditorServer: Finished looking for orphan Actors (0.000 secs)
[2015.05.07-19.56.12:619][  0]LogAIModule: Creating AISystem for world ThirdPersonExampleMap
[2015.05.07-19.56.12:620][  0]Cmd: MAP CHECKDEP
[2015.05.07-19.56.12:620][  0]MapCheck: New page: ThirdPersonExampleMap - May 7, 2015, 5:56:12 AM
[2015.05.07-19.56.12:709][  0]MapCheck: Info Map check complete: 0 Error(s), 0 Warning(s), took 89.519ms to complete.
[2015.05.07-19.56.12:709][  0]LogFileHelpers: Loading map 'ThirdPersonExampleMap' took 2.178
[2015.05.07-19.56.12:787][  0]LogCollectionManager: Loaded 0 collections in 0.001241 seconds
[2015.05.07-19.56.12:799][  0]LogContentBrowser: Native class hierarchy populated in 0.0118 seconds. Added 1696 classes and 261 folders.
[2015.05.07-19.56.12:873][  0]LogContentBrowser: Native class hierarchy updated for 'SceneOutliner' in 0.0021 seconds. Added 1 classes and 2 folders.
[2015.05.07-19.56.12:921][  0]LogCrashTracker: Crashtracker disabled due to settings.
[2015.05.07-19.56.12:922][  0]LogSlate:Warning: Failed to load font data from 'Veranda'
[2015.05.07-19.56.12:952][  0]LogLoad: Full Startup: 14.20 seconds (BP compile: 0.83 seconds)
[2015.05.07-19.56.13:090][  0]LogRenderer:Warning: Reallocating scene render targets to support 32x32 (Frame:2).
[2015.05.07-19.56.13:196][  0]LogRenderer:Warning: Reallocating scene render targets to support 1128x1048 (Frame:5).
[2015.05.07-19.56.13:370][  4]LogAssetRegistry: Asset discovery search completed in 4.1683 seconds
[2015.05.07-19.56.23:888][360]LogContentBrowser:Verbose: The content browser source was changed by the sources view to '/Game/Scene'
[2015.05.07-19.56.25:220][396]LogParticles:Warning: InitializeSystem called on an unregistered component. Template=/Game/Particles/fire.fire Component=/Game/Scene/NewCave.NewCave:PersistentLevel.fire13_3.ParticleSystemComponent0
[2015.05.07-19.56.25:221][396]LogParticles:Warning: InitializeSystem called on an unregistered component. Template=/Game/Particles/fire.fire Component=/Game/Scene/NewCave.NewCave:PersistentLevel.fire_5.ParticleSystemComponent0
[2015.05.07-19.56.25:222][396]LogParticles:Warning: InitializeSystem called on an unregistered component. Template=/Game/Particles/fire.fire Component=/Game/Scene/NewCave.NewCave:PersistentLevel.fire2.ParticleSystemComponent0
[2015.05.07-19.56.25:223][396]LogParticles:Warning: InitializeSystem called on an unregistered component. Template=/Game/Particles/fire.fire Component=/Game/Scene/NewCave.NewCave:PersistentLevel.fire3.ParticleSystemComponent0
[2015.05.07-19.56.25:224][396]LogParticles:Warning: InitializeSystem called on an unregistered component. Template=/Game/Particles/fire.fire Component=/Game/Scene/NewCave.NewCave:PersistentLevel.fire4.ParticleSystemComponent0
[2015.05.07-19.56.25:225][396]LogParticles:Warning: InitializeSystem called on an unregistered component. Template=/Game/Particles/fire.fire Component=/Game/Scene/NewCave.NewCave:PersistentLevel.fire5.ParticleSystemComponent0
[2015.05.07-19.56.25:226][396]LogParticles:Warning: InitializeSystem called on an unregistered component. Template=/Game/Particles/fire.fire Component=/Game/Scene/NewCave.NewCave:PersistentLevel.fire6.ParticleSystemComponent0
[2015.05.07-19.56.25:227][396]LogParticles:Warning: InitializeSystem called on an unregistered component. Template=/Game/Particles/fire.fire Component=/Game/Scene/NewCave.NewCave:PersistentLevel.fire7.ParticleSystemComponent0
[2015.05.07-19.56.25:228][396]LogParticles:Warning: InitializeSystem called on an unregistered component. Template=/Game/Particles/fire.fire Component=/Game/Scene/NewCave.NewCave:PersistentLevel.fire8.ParticleSystemComponent0
[2015.05.07-19.56.25:229][396]LogParticles:Warning: InitializeSystem called on an unregistered component. Template=/Game/Particles/fire.fire Component=/Game/Scene/NewCave.NewCave:PersistentLevel.fire9.ParticleSystemComponent0
[2015.05.07-19.56.25:230][396]LogParticles:Warning: InitializeSystem called on an unregistered component. Template=/Game/Particles/fire.fire Component=/Game/Scene/NewCave.NewCave:PersistentLevel.fire10.ParticleSystemComponent0
[2015.05.07-19.56.25:230][396]LogParticles:Warning: InitializeSystem called on an unregistered component. Template=/Game/Particles/fire.fire Component=/Game/Scene/NewCave.NewCave:PersistentLevel.fire11.ParticleSystemComponent0
[2015.05.07-19.56.25:231][396]LogParticles:Warning: InitializeSystem called on an unregistered component. Template=/Game/Particles/fire.fire Component=/Game/Scene/NewCave.NewCave:PersistentLevel.fire12.ParticleSystemComponent0
[2015.05.07-19.56.25:232][396]LogParticles:Warning: InitializeSystem called on an unregistered component. Template=/Game/Particles/fire.fire Component=/Game/Scene/NewCave.NewCave:PersistentLevel.fire14.ParticleSystemComponent0
[2015.05.07-19.56.25:233][396]LogParticles:Warning: InitializeSystem called on an unregistered component. Template=/Game/Particles/fire.fire Component=/Game/Scene/NewCave.NewCave:PersistentLevel.fire15.ParticleSystemComponent0
[2015.05.07-19.56.25:234][396]LogParticles:Warning: InitializeSystem called on an unregistered component. Template=/Game/Particles/fire.fire Component=/Game/Scene/NewCave.NewCave:PersistentLevel.fire16.ParticleSystemComponent0
[2015.05.07-19.56.25:235][396]LogParticles:Warning: InitializeSystem called on an unregistered component. Template=/Game/Particles/fire.fire Component=/Game/Scene/NewCave.NewCave:PersistentLevel.fire17_9.ParticleSystemComponent0
[2015.05.07-19.56.25:236][396]LogParticles:Warning: InitializeSystem called on an unregistered component. Template=/Game/Particles/fire.fire Component=/Game/Scene/NewCave.NewCave:PersistentLevel.fire18.ParticleSystemComponent0
[2015.05.07-19.56.25:237][396]LogParticles:Warning: InitializeSystem called on an unregistered component. Template=/Game/Particles/fire.fire Component=/Game/Scene/NewCave.NewCave:PersistentLevel.fire19.ParticleSystemComponent0
[2015.05.07-19.56.25:237][396]LogParticles:Warning: InitializeSystem called on an unregistered component. Template=/Game/Particles/fire.fire Component=/Game/Scene/NewCave.NewCave:PersistentLevel.fire20.ParticleSystemComponent0
[2015.05.07-19.56.25:238][396]LogParticles:Warning: InitializeSystem called on an unregistered component. Template=/Game/Particles/fire.fire Component=/Game/Scene/NewCave.NewCave:PersistentLevel.fire21.ParticleSystemComponent0
[2015.05.07-19.56.25:240][396]LogParticles:Warning: InitializeSystem called on an unregistered component. Template=/Game/Particles/fire.fire Component=/Game/Scene/NewCave.NewCave:PersistentLevel.fire22.ParticleSystemComponent0
[2015.05.07-19.56.25:241][396]LogParticles:Warning: InitializeSystem called on an unregistered component. Template=/Game/Particles/fire.fire Component=/Game/Scene/NewCave.NewCave:PersistentLevel.fire23.ParticleSystemComponent0
[2015.05.07-19.56.25:242][396]LogParticles:Warning: InitializeSystem called on an unregistered component. Template=/Game/Particles/fire.fire Component=/Game/Scene/NewCave.NewCave:PersistentLevel.fire24.ParticleSystemComponent0
[2015.05.07-19.56.25:243][396]LogParticles:Warning: InitializeSystem called on an unregistered component. Template=/Game/Particles/fire.fire Component=/Game/Scene/NewCave.NewCave:PersistentLevel.fire25.ParticleSystemComponent0
[2015.05.07-19.56.25:244][396]LogParticles:Warning: InitializeSystem called on an unregistered component. Template=/Game/Particles/fire.fire Component=/Game/Scene/NewCave.NewCave:PersistentLevel.fire26.ParticleSystemComponent0
[2015.05.07-19.56.25:245][396]LogParticles:Warning: InitializeSystem called on an unregistered component. Template=/Game/Particles/fire.fire Component=/Game/Scene/NewCave.NewCave:PersistentLevel.fire27.ParticleSystemComponent0
[2015.05.07-19.56.25:252][396]LogActorComponent: UnregisterComponent: (/Engine/Transient.CharMoveComp) Not registered. Aborting.
[2015.05.07-19.56.25:283][396]Cmd: MAP LOAD FILE="D:/Valadez_Isaac/God-Killer/Content/Scene/NewCave.umap" TEMPLATE=0 SHOWPROGRESS=1 FEATURELEVEL=3
[2015.05.07-19.56.25:284][396]LightingResults: New page: Lighting Build
[2015.05.07-19.56.25:318][396]LoadErrors: New page: Loading map: NewCave.umap
[2015.05.07-19.56.25:319][396]MapCheck: New page: Map Check
[2015.05.07-19.56.25:319][396]LightingResults: New page: Lighting Build
[2015.05.07-19.56.25:327][396]LogParticles: Destroying 0 GPU particle simulations for FXSystem 0x0000000018E99EE0
[2015.05.07-19.56.25:370][396]LogEditorServer: Finished looking for orphan Actors (0.000 secs)
[2015.05.07-19.56.25:370][396]LogAIModule: Creating AISystem for world NewCave
[2015.05.07-19.56.25:387][396]Cmd: MAP CHECKDEP
[2015.05.07-19.56.25:387][396]MapCheck: New page: NewCave - May 7, 2015, 5:56:25 AM
[2015.05.07-19.56.25:488][396]MapCheck: Info Map check complete: 0 Error(s), 0 Warning(s), took 101.02ms to complete.
[2015.05.07-19.56.25:489][396]LogFileHelpers: Loading map 'NewCave' took 0.208
[2015.05.07-19.56.25:560][397]Cmd: UpdateLandscapeEditorData -warnings
[2015.05.07-19.56.25:561][397]Cmd: UpdateLandscapeEditorData
[2015.05.07-19.58.19:631][483]LogFactory: FactoryCreateBinary: StaticMesh with FbxFactory (0 0 K:/momo/Putyourfoldersinhere/Ahmad/SCAFWOOD 2.FBX)
[2015.05.07-19.58.19:718][483]LogFbx: ItemName: GlobalSettings, ItemCount : 1
[2015.05.07-19.58.19:718][483]LogFbx: ItemName: AnimationStack, ItemCount : 1
[2015.05.07-19.58.19:718][483]LogFbx: ItemName: AnimationLayer, ItemCount : 1
[2015.05.07-19.58.19:718][483]LogFbx: ItemName: Model, ItemCount : 32
[2015.05.07-19.58.19:718][483]LogFbx: ItemName: Geometry, ItemCount : 32
[2015.05.07-19.58.19:718][483]LogFbx: ItemName: Material, ItemCount : 16
[2015.05.07-19.58.19:718][483]LogFbx: ItemName: Texture, ItemCount : 16
[2015.05.07-19.58.19:718][483]LogFbx: ItemName: Video, ItemCount : 15
[2015.05.07-19.58.21:927][483]LogFbx: Loading FBX Scene from K:/momo/Putyourfoldersinhere/Ahmad/SCAFWOOD 2.FBX
[2015.05.07-19.58.21:986][483]LogFbx: FBX Scene Loaded Succesfully
[2015.05.07-19.58.22:002][483]LogFbx:Warning: Triangulating static mesh Box057
[2015.05.07-19.58.22:033][483]LogFbx:Warning: Triangulating static mesh Cylinder018
[2015.05.07-19.58.22:281][483]LogFbx:Warning: Triangulating static mesh Cylinder034
[2015.05.07-19.58.22:312][483]LogFbx:Warning: Triangulating static mesh Box116
[2015.05.07-19.58.22:315][483]LogFbx:Warning: Triangulating static mesh Box121
[2015.05.07-19.58.22:322][483]LogFbx:Warning: Triangulating static mesh Box123
[2015.05.07-19.58.22:328][483]LogFbx:Warning: Triangulating static mesh Box129
[2015.05.07-19.58.22:335][483]LogFbx:Warning: Triangulating static mesh Box136
[2015.05.07-19.58.22:338][483]LogFbx:Warning: Triangulating static mesh Cylinder035
[2015.05.07-19.58.22:589][483]LogFbx:Warning: Triangulating static mesh Box145
[2015.05.07-19.58.22:596][483]LogFbx:Warning: Triangulating static mesh  Box149
[2015.05.07-19.58.22:600][483]LogFbx:Warning: Triangulating static mesh Box149
[2015.05.07-19.58.22:607][483]LogFbx:Warning: Triangulating static mesh Box150
[2015.05.07-19.58.22:615][483]LogFbx:Warning: Triangulating static mesh Box152
[2015.05.07-19.58.22:622][483]LogFbx:Warning: Triangulating static mesh Box158
[2015.05.07-19.58.22:629][483]LogFbx:Warning: Triangulating static mesh Box159
[2015.05.07-19.58.22:637][483]LogFbx:Warning: Triangulating static mesh Cylinder040
[2015.05.07-19.58.22:666][483]LogFbx:Warning: Triangulating static mesh Box189
[2015.05.07-19.58.22:670][483]LogFbx:Warning: Triangulating static mesh Box250
[2015.05.07-19.58.22:699][483]LogFbx:Warning: Triangulating static mesh Cylinder049
[2015.05.07-19.58.22:730][483]LogFbx:Warning: Triangulating static mesh Cylinder051
[2015.05.07-19.58.22:760][483]LogFbx:Warning: Triangulating static mesh Cylinder072
[2015.05.07-19.58.24:073][483]LogFbx:Warning: Triangulating static mesh Cylinder075
[2015.05.07-19.58.24:108][483]LogFbx:Warning: Triangulating static mesh Cylinder076
[2015.05.07-19.58.24:144][483]LogFbx:Warning: Triangulating static mesh Cylinder078
[2015.05.07-19.58.24:319][483]LogFbx:Warning: Triangulating static mesh Cylinder083
[2015.05.07-19.58.24:355][483]LogFbx:Warning: Triangulating static mesh Cylinder085
[2015.05.07-19.58.24:391][483]LogFbx: == Initial material list:
[2015.05.07-19.58.24:391][483]LogFbx: 0: Material #6
[2015.05.07-19.58.24:391][483]LogFbx: 1: None
[2015.05.07-19.58.24:391][483]LogFbx: 2: None
[2015.05.07-19.58.24:391][483]LogFbx: 3: Material #28
[2015.05.07-19.58.24:391][483]LogFbx: 4: Material #30
[2015.05.07-19.58.24:391][483]LogFbx: 5: Material #29
[2015.05.07-19.58.24:391][483]LogFbx: 6: 02 - Default
[2015.05.07-19.58.24:391][483]LogFbx: 7: 02 - Default
[2015.05.07-19.58.24:391][483]LogFbx: 8: 02 - Default
[2015.05.07-19.58.24:391][483]LogFbx: 9: 02 - Default
[2015.05.07-19.58.24:391][483]LogFbx: 10: Material #71
[2015.05.07-19.58.24:391][483]LogFbx: 11: Material #34
[2015.05.07-19.58.24:391][483]LogFbx: 12: Material #36
[2015.05.07-19.58.24:391][483]LogFbx: 13: Material #37
[2015.05.07-19.58.24:391][483]LogFbx: 14: 02 - Default
[2015.05.07-19.58.24:392][483]LogFbx: 15: Material #68
[2015.05.07-19.58.24:392][483]LogFbx: 16: Material #66
[2015.05.07-19.58.24:392][483]LogFbx: 17: Material #72
[2015.05.07-19.58.24:392][483]LogFbx: 18: Material #70
[2015.05.07-19.58.24:392][483]LogFbx: 19: Material #69
[2015.05.07-19.58.24:392][483]LogFbx: 20: Material #69
[2015.05.07-19.58.24:392][483]LogFbx: 21: None
[2015.05.07-19.58.24:392][483]LogFbx: 22: None
[2015.05.07-19.58.24:392][483]LogFbx: 23: Material #37
[2015.05.07-19.58.24:392][483]LogFbx: 24: Material #65
[2015.05.07-19.58.24:392][483]LogFbx: 25: Material #69
[2015.05.07-19.58.24:392][483]LogFbx: 26: Material #66
[2015.05.07-19.58.24:392][483]LogFbx: 27: Material #28
[2015.05.07-19.58.24:392][483]LogFbx: 28: Material #28
[2015.05.07-19.58.24:392][483]LogFbx: 29: Material #28
[2015.05.07-19.58.24:392][483]LogFbx: 30: Material #65
[2015.05.07-19.58.24:392][483]LogFbx: 31: Material #66
[2015.05.07-19.58.24:392][483]LogFbx: 32: Material #70
[2015.05.07-19.58.24:392][483]LogFbx: 33: Material #69
[2015.05.07-19.58.24:392][483]LogFbx: 34: Material #37
[2015.05.07-19.58.24:392][483]LogFbx: 35: Material #6
[2015.05.07-19.58.24:392][483]LogFbx: 36: Material #74
[2015.05.07-19.58.24:392][483]LogFbx: 37: Material #72
[2015.05.07-19.58.24:392][483]LogFbx: 38: Material #28
[2015.05.07-19.58.24:392][483]LogFbx: 39: Material #28
[2015.05.07-19.58.24:392][483]LogFbx: 40: Material #28
[2015.05.07-19.58.24:392][483]LogFbx: 41: Material #28
[2015.05.07-19.58.24:392][483]LogFbx: 42: Material #28
[2015.05.07-19.58.24:392][483]LogFbx:   remap 2 -> 1
[2015.05.07-19.58.24:392][483]LogFbx:   remap 7 -> 5
[2015.05.07-19.58.24:392][483]LogFbx:   remap 8 -> 5
[2015.05.07-19.58.24:392][483]LogFbx:   remap 9 -> 5
[2015.05.07-19.58.24:392][483]LogFbx:   remap 14 -> 5
[2015.05.07-19.58.24:392][483]LogFbx:   remap 20 -> 14
[2015.05.07-19.58.24:392][483]LogFbx:   remap 21 -> 1
[2015.05.07-19.58.24:392][483]LogFbx:   remap 22 -> 1
[2015.05.07-19.58.24:392][483]LogFbx:   remap 23 -> 9
[2015.05.07-19.58.24:392][483]LogFbx:   remap 25 -> 14
[2015.05.07-19.58.24:392][483]LogFbx:   remap 26 -> 11
[2015.05.07-19.58.24:392][483]LogFbx:   remap 27 -> 2
[2015.05.07-19.58.24:392][483]LogFbx:   remap 28 -> 2
[2015.05.07-19.58.24:392][483]LogFbx:   remap 29 -> 2
[2015.05.07-19.58.24:392][483]LogFbx:   remap 30 -> 15
[2015.05.07-19.58.24:392][483]LogFbx:   remap 31 -> 11
[2015.05.07-19.58.24:392][483]LogFbx:   remap 32 -> 13
[2015.05.07-19.58.24:392][483]LogFbx:   remap 33 -> 14
[2015.05.07-19.58.24:392][483]LogFbx:   remap 34 -> 9
[2015.05.07-19.58.24:392][483]LogFbx:   remap 35 -> 0
[2015.05.07-19.58.24:392][483]LogFbx:   remap 37 -> 12
[2015.05.07-19.58.24:392][483]LogFbx:   remap 38 -> 2
[2015.05.07-19.58.24:392][483]LogFbx:   remap 39 -> 2
[2015.05.07-19.58.24:392][483]LogFbx:   remap 40 -> 2
[2015.05.07-19.58.24:392][483]LogFbx:   remap 41 -> 2
[2015.05.07-19.58.24:392][483]LogFbx:   remap 42 -> 2
[2015.05.07-19.58.24:392][483]LogFbx: == After sorting:
[2015.05.07-19.58.24:392][483]LogFbx: 0: Material #6
[2015.05.07-19.58.24:392][483]LogFbx: 1: None
[2015.05.07-19.58.24:392][483]LogFbx: 2: Material #28
[2015.05.07-19.58.24:392][483]LogFbx: 3: Material #30
[2015.05.07-19.58.24:392][483]LogFbx: 4: Material #29
[2015.05.07-19.58.24:392][483]LogFbx: 5: 02 - Default
[2015.05.07-19.58.24:392][483]LogFbx: 6: Material #71
[2015.05.07-19.58.24:392][483]LogFbx: 7: Material #34
[2015.05.07-19.58.24:392][483]LogFbx: 8: Material #36
[2015.05.07-19.58.24:392][483]LogFbx: 9: Material #37
[2015.05.07-19.58.24:392][483]LogFbx: 10: Material #68
[2015.05.07-19.58.24:392][483]LogFbx: 11: Material #66
[2015.05.07-19.58.24:392][483]LogFbx: 12: Material #72
[2015.05.07-19.58.24:392][483]LogFbx: 13: Material #70
[2015.05.07-19.58.24:392][483]LogFbx: 14: Material #69
[2015.05.07-19.58.24:392][483]LogFbx: 15: Material #65
[2015.05.07-19.58.24:392][483]LogFbx: 16: Material #74
[2015.05.07-19.58.24:392][483]LogFbx: == Mapping table:
[2015.05.07-19.58.24:392][483]LogFbx:   sort 0 -> 0
[2015.05.07-19.58.24:392][483]LogFbx:   sort 1 -> 1
[2015.05.07-19.58.24:392][483]LogFbx:   sort 2 -> 1
[2015.05.07-19.58.24:392][483]LogFbx:   sort 3 -> 2
[2015.05.07-19.58.24:392][483]LogFbx:   sort 4 -> 3
[2015.05.07-19.58.24:392][483]LogFbx:   sort 5 -> 4
[2015.05.07-19.58.24:392][483]LogFbx:   sort 6 -> 5
[2015.05.07-19.58.24:392][483]LogFbx:   sort 7 -> 5
[2015.05.07-19.58.24:392][483]LogFbx:   sort 8 -> 5
[2015.05.07-19.58.24:392][483]LogFbx:   sort 9 -> 5
[2015.05.07-19.58.24:392][483]LogFbx:   sort 10 -> 6
[2015.05.07-19.58.24:392][483]LogFbx:   sort 11 -> 7
[2015.05.07-19.58.24:392][483]LogFbx:   sort 12 -> 8
[2015.05.07-19.58.24:392][483]LogFbx:   sort 13 -> 9
[2015.05.07-19.58.24:392][483]LogFbx:   sort 14 -> 5
[2015.05.07-19.58.24:392][483]LogFbx:   sort 15 -> 10
[2015.05.07-19.58.24:392][483]LogFbx:   sort 16 -> 11
[2015.05.07-19.58.24:392][483]LogFbx:   sort 17 -> 12
[2015.05.07-19.58.24:392][483]LogFbx:   sort 18 -> 13
[2015.05.07-19.58.24:392][483]LogFbx:   sort 19 -> 14
[2015.05.07-19.58.24:392][483]LogFbx:   sort 20 -> 14
[2015.05.07-19.58.24:392][483]LogFbx:   sort 21 -> 1
[2015.05.07-19.58.24:392][483]LogFbx:   sort 22 -> 1
[2015.05.07-19.58.24:392][483]LogFbx:   sort 23 -> 9
[2015.05.07-19.58.24:392][483]LogFbx:   sort 24 -> 15
[2015.05.07-19.58.24:392][483]LogFbx:   sort 25 -> 14
[2015.05.07-19.58.24:392][483]LogFbx:   sort 26 -> 11
[2015.05.07-19.58.24:392][483]LogFbx:   sort 27 -> 2
[2015.05.07-19.58.24:392][483]LogFbx:   sort 28 -> 2
[2015.05.07-19.58.24:392][483]LogFbx:   sort 29 -> 2
[2015.05.07-19.58.24:392][483]LogFbx:   sort 30 -> 15
[2015.05.07-19.58.24:392][483]LogFbx:   sort 31 -> 11
[2015.05.07-19.58.24:392][483]LogFbx:   sort 32 -> 13
[2015.05.07-19.58.24:392][483]LogFbx:   sort 33 -> 14
[2015.05.07-19.58.24:392][483]LogFbx:   sort 34 -> 9
[2015.05.07-19.58.24:392][483]LogFbx:   sort 35 -> 0
[2015.05.07-19.58.24:392][483]LogFbx:   sort 36 -> 16
[2015.05.07-19.58.24:392][483]LogFbx:   sort 37 -> 12
[2015.05.07-19.58.24:392][483]LogFbx:   sort 38 -> 2
[2015.05.07-19.58.24:392][483]LogFbx:   sort 39 -> 2
[2015.05.07-19.58.24:392][483]LogFbx:   sort 40 -> 2
[2015.05.07-19.58.24:392][483]LogFbx:   sort 41 -> 2
[2015.05.07-19.58.24:392][483]LogFbx:   sort 42 -> 2
[2015.05.07-19.58.24:403][483]LogStaticMesh: Building static mesh SCAFWOOD_2...
[2015.05.07-19.58.24:917][483]LogStaticMesh: Built static mesh [512.788757ms] /Game/Scene/SCAFWOOD_2.SCAFWOOD_2
[2015.05.07-19.58.25:039][483]FBXImport:Warning: Warning Warning: No smoothing group information was found in this FBX scene.  Please make sure to enable the 'Export Smoothing Groups' option in the FBX Exporter plug-in before exporting the file.  Even for tools that don't support smoothing groups, the FBX Exporter will generate appropriate smoothing data at export-time so that correct vertex normals can be inferred while importing. 
[2015.05.07-19.58.25:146][483]LogFactory: FactoryCreateBinary: StaticMesh with FbxFactory (0 0 K:/momo/Putyourfoldersinhere/Ahmad/SCAFWOOD.FBX)
[2015.05.07-19.58.27:444][483]LogFbx: Loading FBX Scene from K:/momo/Putyourfoldersinhere/Ahmad/SCAFWOOD.FBX
[2015.05.07-19.58.27:460][483]LogFbx: FBX Scene Loaded Succesfully
[2015.05.07-19.58.27:462][483]LogFbx:Warning: Triangulating static mesh Box253
[2015.05.07-19.58.27:489][483]LogFbx: == Initial material list:
[2015.05.07-19.58.27:489][483]LogFbx: 0: Material #37
[2015.05.07-19.58.27:489][483]LogFbx: 1: Material #65
[2015.05.07-19.58.27:489][483]LogFbx: 2: Material #69
[2015.05.07-19.58.27:489][483]LogFbx: 3: Material #66
[2015.05.07-19.58.27:489][483]LogFbx: == After sorting:
[2015.05.07-19.58.27:489][483]LogFbx: 0: Material #37
[2015.05.07-19.58.27:489][483]LogFbx: 1: Material #65
[2015.05.07-19.58.27:489][483]LogFbx: 2: Material #69
[2015.05.07-19.58.27:489][483]LogFbx: 3: Material #66
[2015.05.07-19.58.27:489][483]LogFbx: == Mapping table:
[2015.05.07-19.58.27:490][483]LogFbx:   sort 0 -> 0
[2015.05.07-19.58.27:490][483]LogFbx:   sort 1 -> 1
[2015.05.07-19.58.27:490][483]LogFbx:   sort 2 -> 2
[2015.05.07-19.58.27:490][483]LogFbx:   sort 3 -> 3
[2015.05.07-19.58.27:512][483]LogStaticMesh: Building static mesh SCAFWOOD...
[2015.05.07-19.58.27:519][483]LogStaticMesh: Built static mesh [26.927549ms] /Game/Scene/SCAFWOOD.SCAFWOOD
[2015.05.07-19.58.27:540][483]FBXImport:Warning: Warning Warning: No smoothing group information was found in this FBX scene.  Please make sure to enable the 'Export Smoothing Groups' option in the FBX Exporter plug-in before exporting the file.  Even for tools that don't support smoothing groups, the FBX Exporter will generate appropriate smoothing data at export-time so that correct vertex normals can be inferred while importing. 
[2015.05.07-19.58.27:544][483]LogContentBrowser:Verbose: The content browser source was changed by the sources view to 'None'
[2015.05.07-19.58.27:544][483]LogContentBrowser:Verbose: The content browser source was changed by the sources view to '/Game/Scene'
[2015.05.07-19.58.27:544][483]LogContentBrowser:Verbose: The content browser source was changed by the sources view to '/Game/Scene'
[2015.05.07-19.58.34:341][634]LogActorFactory: Actor Factory created SCAFWOOD
[2015.05.07-19.58.34:342][634]LogActorFactory: Actor Factory created SCAFWOOD_2
[2015.05.07-19.58.34:986][648]LogActorFactory: Actor Factory created SCAFWOOD
[2015.05.07-19.58.35:009][648]LogActorFactory: Actor Factory created SCAFWOOD_2
[2015.05.07-19.58.38:564][725]Cmd: DELETE
[2015.05.07-19.58.38:564][725]Cmd: ACTOR DELETE
[2015.05.07-19.58.38:574][725]LogEditorActor: Deleted Actor: StaticMeshActor
[2015.05.07-19.58.38:575][725]LogEditorActor: Deleted Actor: StaticMeshActor
[2015.05.07-19.58.38:575][725]LogActorComponent: UnregisterComponent: (/Engine/Transient.CharMoveComp) Not registered. Aborting.
[2015.05.07-19.58.38:611][725]LogEditorActor: Deleted 2 Actors (0.047 secs)
[2015.05.07-19.58.41:010][771]LogActorFactory: Actor Factory created SCAFWOOD
[2015.05.07-19.58.41:649][785]LogActorFactory: Actor Factory created SCAFWOOD
[2015.05.07-19.58.45:093][861]Cmd: DELETE
[2015.05.07-19.58.45:093][861]Cmd: ACTOR DELETE
[2015.05.07-19.58.45:103][861]LogEditorActor: Deleted Actor: StaticMeshActor
[2015.05.07-19.58.45:104][861]LogActorComponent: UnregisterComponent: (/Engine/Transient.CharMoveComp) Not registered. Aborting.
[2015.05.07-19.58.45:139][861]LogEditorActor: Deleted 1 Actors (0.046 secs)
[2015.05.07-19.58.46:446][886]LogActorFactory: Actor Factory created SCAFWOOD_2
[2015.05.07-19.58.46:960][897]LogActorFactory: Actor Factory created SCAFWOOD_2
[2015.05.07-19.58.49:675][957]Cmd: DELETE
[2015.05.07-19.58.49:675][957]Cmd: ACTOR DELETE
[2015.05.07-19.58.49:684][957]LogEditorActor: Deleted Actor: StaticMeshActor
[2015.05.07-19.58.49:685][957]LogActorComponent: UnregisterComponent: (/Engine/Transient.CharMoveComp) Not registered. Aborting.
[2015.05.07-19.58.49:719][957]LogEditorActor: Deleted 1 Actors (0.044 secs)
[2015.05.07-19.58.58:659][ 30]LogFactory: FactoryCreateBinary: StaticMesh with FbxFactory (0 0 K:/momo/Putyourfoldersinhere/Ahmad/scafbod.FBX)
[2015.05.07-19.58.58:700][ 30]LogFbx: ItemName: GlobalSettings, ItemCount : 1
[2015.05.07-19.58.58:700][ 30]LogFbx: ItemName: AnimationStack, ItemCount : 1
[2015.05.07-19.58.58:700][ 30]LogFbx: ItemName: AnimationLayer, ItemCount : 1
[2015.05.07-19.58.58:700][ 30]LogFbx: ItemName: Model, ItemCount : 1
[2015.05.07-19.58.58:700][ 30]LogFbx: ItemName: Geometry, ItemCount : 1
[2015.05.07-19.58.58:700][ 30]LogFbx: ItemName: Material, ItemCount : 1
[2015.05.07-19.58.58:700][ 30]LogFbx: ItemName: Texture, ItemCount : 1
[2015.05.07-19.58.58:700][ 30]LogFbx: ItemName: Video, ItemCount : 1
[2015.05.07-19.59.00:685][ 30]LogFbx: Loading FBX Scene from K:/momo/Putyourfoldersinhere/Ahmad/scafbod.FBX
[2015.05.07-19.59.00:695][ 30]LogFbx: FBX Scene Loaded Succesfully
[2015.05.07-19.59.00:698][ 30]LogFbx:Warning: Triangulating static mesh Cylinder078
[2015.05.07-19.59.00:863][ 30]LogFbx: == Initial material list:
[2015.05.07-19.59.00:863][ 30]LogFbx: 0: Material #28
[2015.05.07-19.59.00:863][ 30]LogFbx: == After sorting:
[2015.05.07-19.59.00:863][ 30]LogFbx: 0: Material #28
[2015.05.07-19.59.00:863][ 30]LogFbx: == Mapping table:
[2015.05.07-19.59.00:863][ 30]LogFbx:   sort 0 -> 0
[2015.05.07-19.59.00:867][ 30]LogStaticMesh: Building static mesh scafbod...
[2015.05.07-19.59.00:892][ 30]LogStaticMesh: Built static mesh [25.986349ms] /Game/Scene/scafbod.scafbod
[2015.05.07-19.59.00:933][ 30]FBXImport:Warning: Warning Warning: No smoothing group information was found in this FBX scene.  Please make sure to enable the 'Export Smoothing Groups' option in the FBX Exporter plug-in before exporting the file.  Even for tools that don't support smoothing groups, the FBX Exporter will generate appropriate smoothing data at export-time so that correct vertex normals can be inferred while importing. 
[2015.05.07-19.59.00:956][ 30]LogContentBrowser:Verbose: The content browser source was changed by the sources view to 'None'
[2015.05.07-19.59.00:956][ 30]LogContentBrowser:Verbose: The content browser source was changed by the sources view to '/Game/Scene'
[2015.05.07-19.59.08:984][135]LogFactory: FactoryCreateBinary: StaticMesh with FbxFactory (0 0 K:/momo/Putyourfoldersinhere/Ahmad/LADDER.FBX)
[2015.05.07-19.59.09:027][135]LogFbx: ItemName: GlobalSettings, ItemCount : 1
[2015.05.07-19.59.09:027][135]LogFbx: ItemName: AnimationStack, ItemCount : 1
[2015.05.07-19.59.09:027][135]LogFbx: ItemName: AnimationLayer, ItemCount : 1
[2015.05.07-19.59.09:027][135]LogFbx: ItemName: Model, ItemCount : 1
[2015.05.07-19.59.09:027][135]LogFbx: ItemName: Geometry, ItemCount : 1
[2015.05.07-19.59.09:027][135]LogFbx: ItemName: Material, ItemCount : 1
[2015.05.07-19.59.09:027][135]LogFbx: ItemName: Texture, ItemCount : 1
[2015.05.07-19.59.09:027][135]LogFbx: ItemName: Video, ItemCount : 1
[2015.05.07-19.59.10:980][135]LogFbx: Loading FBX Scene from K:/momo/Putyourfoldersinhere/Ahmad/LADDER.FBX
[2015.05.07-19.59.10:994][135]LogFbx: FBX Scene Loaded Succesfully
[2015.05.07-19.59.10:996][135]LogFbx:Warning: Triangulating static mesh Cylinder035
[2015.05.07-19.59.11:243][135]LogFbx: == Initial material list:
[2015.05.07-19.59.11:243][135]LogFbx: 0: Material #36
[2015.05.07-19.59.11:243][135]LogFbx: == After sorting:
[2015.05.07-19.59.11:243][135]LogFbx: 0: Material #36
[2015.05.07-19.59.11:243][135]LogFbx: == Mapping table:
[2015.05.07-19.59.11:243][135]LogFbx:   sort 0 -> 0
[2015.05.07-19.59.11:248][135]LogStaticMesh: Building static mesh LADDER...
[2015.05.07-19.59.11:280][135]LogStaticMesh: Built static mesh [32.107998ms] /Game/Scene/LADDER.LADDER
[2015.05.07-19.59.11:312][135]FBXImport:Warning: Warning Warning: No smoothing group information was found in this FBX scene.  Please make sure to enable the 'Export Smoothing Groups' option in the FBX Exporter plug-in before exporting the file.  Even for tools that don't support smoothing groups, the FBX Exporter will generate appropriate smoothing data at export-time so that correct vertex normals can be inferred while importing. 
[2015.05.07-19.59.11:333][135]LogContentBrowser:Verbose: The content browser source was changed by the sources view to 'None'
[2015.05.07-19.59.11:333][135]LogContentBrowser:Verbose: The content browser source was changed by the sources view to '/Game/Scene'
[2015.05.07-19.59.20:962][354]LogActorComponent: UnregisterComponent: (/Engine/Transient.CharMoveComp) Not registered. Aborting.
[2015.05.07-20.01.37:237][561]LogActorFactory: Actor Factory created scafbod
[2015.05.07-20.01.38:265][588]LogActorFactory: Actor Factory created scafbod
[2015.05.07-20.01.40:722][642]LogActorFactory: Actor Factory created SCAFWOOD
[2015.05.07-20.01.41:334][658]LogActorFactory: Actor Factory created SCAFWOOD
[2015.05.07-20.01.42:265][674]LogActorFactory: Actor Factory created LADDER
[2015.05.07-20.01.42:875][690]LogActorFactory: Actor Factory created LADDER
[2015.05.07-20.01.44:540][720]LogRenderer:Warning: Reallocating scene render targets to support 1432x1048 (Frame:7274).
[2015.05.07-20.01.54:424][141]LogStaticMesh: Building static mesh LADDER...
[2015.05.07-20.01.54:456][141]LogStaticMesh: Built static mesh [31.528336ms] /Game/Scene/LADDER.LADDER
[2015.05.07-20.02.05:902][450]LogStaticMesh: Building static mesh LADDER...
[2015.05.07-20.02.05:933][450]LogStaticMesh: Built static mesh [31.315062ms] /Game/Scene/LADDER.LADDER
[2015.05.07-20.02.18:379][771]LogStaticMesh: Building static mesh scafbod...
[2015.05.07-20.02.18:404][771]LogStaticMesh: Built static mesh [24.974438ms] /Game/Scene/scafbod.scafbod
[2015.05.07-20.02.28:378][995]LogStaticMesh: Building static mesh SCAFWOOD...
[2015.05.07-20.02.28:384][995]LogStaticMesh: Built static mesh [6.850143ms] /Game/Scene/SCAFWOOD.SCAFWOOD
[2015.05.07-20.02.32:551][100]Cmd: DELETE
[2015.05.07-20.02.32:552][100]Cmd: ACTOR DELETE
[2015.05.07-20.02.32:561][100]LogEditorActor: Deleted Actor: StaticMeshActor
[2015.05.07-20.02.32:562][100]LogActorComponent: UnregisterComponent: (/Engine/Transient.CharMoveComp) Not registered. Aborting.
[2015.05.07-20.02.32:571][100]LogParticles: Destroying 0 GPU particle simulations for FXSystem 0x000000000C442520
[2015.05.07-20.02.32:571][100]LogParticles: Destroying 0 GPU particle simulations for FXSystem 0x000000000E9177E0
[2015.05.07-20.02.32:571][100]LogParticles: Destroying 0 GPU particle simulations for FXSystem 0x000000000EFA9940
[2015.05.07-20.02.32:574][100]LogEditorActor: Deleted 1 Actors (0.023 secs)
[2015.05.07-20.02.33:201][118]LogEditorViewport: Clicking on Actor (LMB): StaticMeshActor (SCAFWOOD)
[2015.05.07-20.03.20:749][349]LogEditorViewport: Clicking on Actor (context menu): StaticMeshActor (SCAFWOOD2)
[2015.05.07-20.03.20:941][350]LogEditorViewport: Clicking on Component (context menu): StaticMeshComponent (StaticMeshComponent0)
[2015.05.07-20.03.43:129][978]LogEditorViewport: Clicking on Component (context menu): StaticMeshComponent (StaticMeshComponent0)
[2015.05.07-20.03.46:896][190]LogEditorViewport: Clicking on Actor (LMB): StaticMeshActor (scafbod)
[2015.05.07-20.04.05:061][608]Cmd: OBJ SAVEPACKAGE PACKAGE="/Game/Scene/LADDER" FILE="D:/Valadez_Isaac/God-Killer/Content/Scene/LADDER.uasset" SILENT=true
[2015.05.07-20.04.05:295][608]LogSavePackage: Save=232.745758ms
[2015.05.07-20.04.05:295][608]LogSavePackage: Moving 'D:/Valadez_Isaac/God-Killer/Saved/LADDERBF72402C469470C8256BCCA98BD90C88.tmp' to 'D:/Valadez_Isaac/God-Killer/Content/Scene/LADDER.uasset'
[2015.05.07-20.04.05:403][608]Cmd: OBJ SAVEPACKAGE PACKAGE="/Game/Scene/NewCave" FILE="D:/Valadez_Isaac/God-Killer/Content/Scene/NewCave.umap" SILENT=true AUTOSAVING=false KEEPDIRTY=false
[2015.05.07-20.04.05:641][608]LogSavePackage: Save=221.255768ms
[2015.05.07-20.04.05:641][608]LogSavePackage: Moving 'D:/Valadez_Isaac/God-Killer/Saved/NewCave72C790C1402C77E7BD1F3295EBCD49D9.tmp' to 'D:/Valadez_Isaac/God-Killer/Content/Scene/NewCave.umap'
[2015.05.07-20.04.05:660][608]LogFileHelpers: Saving map 'NewCave' took 0.362
[2015.05.07-20.04.05:680][608]Cmd: OBJ SAVEPACKAGE PACKAGE="/Game/Scene/scafbod" FILE="D:/Valadez_Isaac/God-Killer/Content/Scene/scafbod.uasset" SILENT=true
[2015.05.07-20.04.05:893][608]LogSavePackage: Save=211.552948ms
[2015.05.07-20.04.05:893][608]LogSavePackage: Moving 'D:/Valadez_Isaac/God-Killer/Saved/scafbod4C566A7B4BAFA40C0AD22DB5CE56CD32.tmp' to 'D:/Valadez_Isaac/God-Killer/Content/Scene/scafbod.uasset'
[2015.05.07-20.04.05:914][608]Cmd: OBJ SAVEPACKAGE PACKAGE="/Game/Scene/SCAFWOOD" FILE="D:/Valadez_Isaac/God-Killer/Content/Scene/SCAFWOOD.uasset" SILENT=true
[2015.05.07-20.04.06:212][608]LogSavePackage: Save=283.199890ms
[2015.05.07-20.04.06:212][608]LogSavePackage: Moving 'D:/Valadez_Isaac/God-Killer/Saved/SCAFWOOD29C1AE8848DEB8598664BAB39F5AD708.tmp' to 'D:/Valadez_Isaac/God-Killer/Content/Scene/SCAFWOOD.uasset'
[2015.05.07-20.04.13:067][793]LogEditorViewport: Clicking on Actor (CTRL LMB): StaticMeshActor (SCAFWOOD)
[2015.05.07-20.04.13:905][815]LogEditorViewport: Clicking on Actor (CTRL LMB): StaticMeshActor (scafbod)
[2015.05.07-20.04.14:869][841]LogEditorViewport: Clicking on Actor (CTRL LMB): StaticMeshActor (SCAFWOOD2)
[2015.05.07-20.04.21:823][ 23]LogEditorViewport: Clicking on Actor (LMB): Landscape (Landscape)
[2015.05.07-20.04.25:279][106]LogEditorViewport: Clicking on Actor (LMB): StaticMeshActor (SCAFWOOD)
[2015.05.07-20.04.25:965][122]LogEditorViewport: Clicking on Actor (CTRL LMB): StaticMeshActor (scafbod2)
[2015.05.07-20.04.27:312][157]LogEditorViewport: Clicking on Actor (CTRL LMB): StaticMeshActor (scafbod)
[2015.05.07-20.04.27:834][170]LogEditorViewport: Clicking on Actor (CTRL LMB): StaticMeshActor (SCAFWOOD2)
[2015.05.07-20.04.28:614][191]Cmd: DELETE
[2015.05.07-20.04.28:614][191]Cmd: ACTOR DELETE
[2015.05.07-20.04.28:623][191]LogEditorActor: Deleted Actor: StaticMeshActor
[2015.05.07-20.04.28:624][191]LogEditorActor: Deleted Actor: StaticMeshActor
[2015.05.07-20.04.28:625][191]LogEditorActor: Deleted Actor: StaticMeshActor
[2015.05.07-20.04.28:625][191]LogEditorActor: Deleted Actor: StaticMeshActor
[2015.05.07-20.04.28:654][191]LogEditorActor: Deleted 4 Actors (0.041 secs)
[2015.05.07-20.04.31:039][214]Cmd: OBJ SAVEPACKAGE PACKAGE="/Game/Scene/NewCave" FILE="D:/Valadez_Isaac/God-Killer/Content/Scene/NewCave.umap" SILENT=true AUTOSAVING=false KEEPDIRTY=false
[2015.05.07-20.04.31:271][214]LogSavePackage: Save=218.326965ms
[2015.05.07-20.04.31:271][214]LogSavePackage: Moving 'D:/Valadez_Isaac/God-Killer/Saved/NewCaveC48148E7459627E3288C94AB8FD5DC69.tmp' to 'D:/Valadez_Isaac/God-Killer/Content/Scene/NewCave.umap'
[2015.05.07-20.04.31:287][214]LogFileHelpers: Saving map 'NewCave' took 0.358
[2015.05.07-20.04.36:945][298]Cmd: QUIT_EDITOR
[2015.05.07-20.04.37:148][298]LogExit: Preparing to exit.
[2015.05.07-20.04.37:366][298]LogExit: Editor shut down
[2015.05.07-20.04.37:367][298]LogExit: Transaction tracking system shut down
[2015.05.07-20.04.37:368][298]LogParticles: Destroying 0 GPU particle simulations for FXSystem 0x000000000C338220
[2015.05.07-20.04.37:368][298]LogParticles: Destroying 0 GPU particle simulations for FXSystem 0x0000000019338A40
[2015.05.07-20.04.37:368][298]LogParticles: Destroying 0 GPU particle simulations for FXSystem 0x000000001F05DA80
[2015.05.07-20.04.37:368][298]LogParticles: Destroying 0 GPU particle simulations for FXSystem 0x0000000015F7FBA0
[2015.05.07-20.04.37:368][298]LogParticles: Destroying 0 GPU particle simulations for FXSystem 0x000000000CF19300
[2015.05.07-20.04.37:410][298]LogExit: Object subsystem successfully closed.
[2015.05.07-20.04.37:466][298]LogModuleManager: Shutting down and abandoning module StaticMeshEditor (178)
[2015.05.07-20.04.37:466][298]LogModuleManager: Shutting down and abandoning module CrashTracker (177)
[2015.05.07-20.04.37:466][298]LogModuleManager: Shutting down and abandoning module SuperSearch (176)
[2015.05.07-20.04.37:466][298]LogModuleManager: Shutting down and abandoning module SceneOutliner (175)
[2015.05.07-20.04.37:466][298]LogModuleManager: Shutting down and abandoning module EditorWidgets (174)
[2015.05.07-20.04.37:466][298]LogModuleManager: Shutting down and abandoning module CollectionManager (173)
[2015.05.07-20.04.37:467][298]LogModuleManager: Shutting down and abandoning module StatsViewer (172)
[2015.05.07-20.04.37:467][298]LogModuleManager: Shutting down and abandoning module FoliageEdit (171)
[2015.05.07-20.04.37:467][298]LogModuleManager: Shutting down and abandoning module LandscapeEditor (170)
[2015.05.07-20.04.37:467][298]LogModuleManager: Shutting down and abandoning module MeshPaint (169)
[2015.05.07-20.04.37:467][298]LogModuleManager: Shutting down and abandoning module ActorPickerMode (168)
[2015.05.07-20.04.37:467][298]LogModuleManager: Shutting down and abandoning module GeometryMode (167)
[2015.05.07-20.04.37:467][298]LogModuleManager: Shutting down and abandoning module TextureAlignMode (166)
[2015.05.07-20.04.37:467][298]LogModuleManager: Shutting down and abandoning module BspMode (165)
[2015.05.07-20.04.37:467][298]LogModuleManager: Shutting down and abandoning module PlacementMode (164)
[2015.05.07-20.04.37:467][298]LogModuleManager: Shutting down and abandoning module AutomationWorker (163)
[2015.05.07-20.04.37:467][298]LogModuleManager: Shutting down and abandoning module CharacterAI (162)
[2015.05.07-20.04.37:467][298]LogModuleManager: Shutting down and abandoning module SmartSnapping (161)
[2015.05.07-20.04.37:467][298]LogModuleManager: Shutting down and abandoning module ViewportSnapping (160)
[2015.05.07-20.04.37:467][298]LogModuleManager: Shutting down and abandoning module LogVisualizer (159)
[2015.05.07-20.04.37:467][298]LogModuleManager: Shutting down and abandoning module GameProjectGeneration (158)
[2015.05.07-20.04.37:467][298]LogModuleManager: Shutting down and abandoning module IntroTutorials (157)
[2015.05.07-20.04.37:467][298]LogModuleManager: Shutting down and abandoning module EditorLiveStreaming (156)
[2015.05.07-20.04.37:467][298]LogModuleManager: Shutting down and abandoning module HardwareTargeting (155)
[2015.05.07-20.04.37:467][298]LogModuleManager: Shutting down and abandoning module DeviceProfileEditor (154)
[2015.05.07-20.04.37:467][298]LogModuleManager: Shutting down and abandoning module UndoHistory (153)
[2015.05.07-20.04.37:467][298]LogModuleManager: Shutting down and abandoning module GameplayTagsEditor (152)
[2015.05.07-20.04.37:467][298]LogModuleManager: Shutting down and abandoning module UserFeedback (151)
[2015.05.07-20.04.37:467][298]LogModuleManager: Shutting down and abandoning module XmlParser (150)
[2015.05.07-20.04.37:467][298]LogModuleManager: Shutting down and abandoning module Blutility (149)
[2015.05.07-20.04.37:467][298]LogModuleManager: Shutting down and abandoning module IOSPlatformEditor (148)
[2015.05.07-20.04.37:467][298]LogModuleManager: Shutting down and abandoning module IOSRuntimeSettings (147)
[2015.05.07-20.04.37:467][298]LogModuleManager: Shutting down and abandoning module AndroidDeviceDetection (146)
[2015.05.07-20.04.38:149][298]LogModuleManager: Shutting down and abandoning module AndroidPlatformEditor (145)
[2015.05.07-20.04.38:149][298]LogModuleManager: Shutting down and abandoning module AndroidRuntimeSettings (144)
[2015.05.07-20.04.38:149][298]LogModuleManager: Shutting down and abandoning module ProjectTargetPlatformEditor (143)
[2015.05.07-20.04.38:149][298]LogModuleManager: Shutting down and abandoning module ProjectSettingsViewer (142)
[2015.05.07-20.04.38:149][298]LogModuleManager: Shutting down and abandoning module InputBindingEditor (141)
[2015.05.07-20.04.38:149][298]LogModuleManager: Shutting down and abandoning module EditorSettingsViewer (140)
[2015.05.07-20.04.38:149][298]LogModuleManager: Shutting down and abandoning module SettingsEditor (139)
[2015.05.07-20.04.38:149][298]LogModuleManager: Shutting down and abandoning module ProjectLauncher (138)
[2015.05.07-20.04.38:149][298]LogModuleManager: Shutting down and abandoning module SessionFrontend (137)
[2015.05.07-20.04.38:149][298]LogModuleManager: Shutting down and abandoning module ProfilerClient (136)
[2015.05.07-20.04.38:149][298]LogModuleManager: Shutting down and abandoning module TargetDeviceServices (135)
[2015.05.07-20.04.38:149][298]LogModuleManager: Shutting down and abandoning module DeviceManager (134)
[2015.05.07-20.04.38:149][298]LogModuleManager: Shutting down and abandoning module AutomationController (133)
[2015.05.07-20.04.38:149][298]LogModuleManager: Shutting down and abandoning module AutomationWindow (132)
[2015.05.07-20.04.38:149][298]LogModuleManager: Shutting down and abandoning module Layers (131)
[2015.05.07-20.04.38:149][298]LogModuleManager: Shutting down and abandoning module ComponentVisualizers (130)
[2015.05.07-20.04.38:149][298]LogModuleManager: Shutting down and abandoning module DetailCustomizations (129)
[2015.05.07-20.04.38:149][298]LogModuleManager: Shutting down and abandoning module PackagesDialog (128)
[2015.05.07-20.04.38:149][298]LogModuleManager: Shutting down and abandoning module AssetRegistry (127)
[2015.05.07-20.04.38:189][298]LogModuleManager: Shutting down and abandoning module Persona (126)
[2015.05.07-20.04.38:189][298]LogModuleManager: Shutting down and abandoning module SlateReflector (125)
[2015.05.07-20.04.38:189][298]LogModuleManager: Shutting down and abandoning module LevelEditor (124)
[2015.05.07-20.04.38:190][298]LogModuleManager: Shutting down and abandoning module Kismet (123)
[2015.05.07-20.04.38:190][298]LogModuleManager: Shutting down and abandoning module GraphEditor (122)
[2015.05.07-20.04.38:190][298]LogModuleManager: Shutting down and abandoning module ClassViewer (121)
[2015.05.07-20.04.38:190][298]LogModuleManager: Shutting down and abandoning module Toolbox (120)
[2015.05.07-20.04.38:190][298]LogModuleManager: Shutting down and abandoning module ModuleUI (119)
[2015.05.07-20.04.38:190][298]LogModuleManager: Shutting down and abandoning module MovieSceneTools (118)
[2015.05.07-20.04.38:190][298]LogModuleManager: Shutting down and abandoning module OutputLog (117)
[2015.05.07-20.04.38:190][298]LogModuleManager: Shutting down and abandoning module GammaUI (116)
[2015.05.07-20.04.38:190][298]LogModuleManager: Shutting down and abandoning module Documentation (115)
[2015.05.07-20.04.38:190][298]LogModuleManager: Shutting down and abandoning module GameLiveStreaming (114)
[2015.05.07-20.04.38:190][298]LogModuleManager: Shutting down and abandoning module StreamingPauseRendering (113)
[2015.05.07-20.04.38:190][298]LogModuleManager: Shutting down and abandoning module HTTP (112)
[2015.05.07-20.04.38:190][298]LogModuleManager: Shutting down and abandoning module AnalyticsET (111)
[2015.05.07-20.04.38:190][298]LogModuleManager: Shutting down and abandoning module Analytics (110)
[2015.05.07-20.04.38:190][298]LogModuleManager: Shutting down and abandoning module AITestSuite (109)
[2015.05.07-20.04.38:190][298]LogModuleManager: Shutting down and abandoning module GameplayDebugger (108)
[2015.05.07-20.04.38:190][298]LogModuleManager: Shutting down and abandoning module AIModule (107)
[2015.05.07-20.04.38:190][298]LogModuleManager: Shutting down and abandoning module ProfilerService (106)
[2015.05.07-20.04.38:435][298]LogModuleManager: Shutting down and abandoning module TaskGraph (105)
[2015.05.07-20.04.38:435][298]LogModuleManager: Shutting down and abandoning module SlateRemote (104)
[2015.05.07-20.04.38:435][298]LogModuleManager: Shutting down and abandoning module ScriptEditorPlugin (103)
[2015.05.07-20.04.38:435][298]LogModuleManager: Shutting down and abandoning module CustomMeshComponent (102)
[2015.05.07-20.04.38:435][298]LogModuleManager: Shutting down and abandoning module CableComponent (101)
[2015.05.07-20.04.38:435][298]LogModuleManager: Shutting down and abandoning module MessagingDebugger (100)
[2015.05.07-20.04.38:435][298]LogModuleManager: Shutting down and abandoning module MediaPlayerEditor (99)
[2015.05.07-20.04.38:435][298]LogModuleManager: Shutting down and abandoning module SpeedTreeImporter (98)
[2015.05.07-20.04.38:435][298]LogModuleManager: Shutting down and abandoning module PluginsEditor (97)
[2015.05.07-20.04.38:435][298]LogModuleManager: Shutting down and abandoning module MainFrame (96)
[2015.05.07-20.04.38:435][298]LogModuleManager: Shutting down and abandoning module EpicSurvey (95)
[2015.05.07-20.04.38:435][298]LogModuleManager: Shutting down and abandoning module DesktopPlatform (94)
[2015.05.07-20.04.38:435][298]LogModuleManager: Shutting down and abandoning module DirectoryWatcher (93)
[2015.05.07-20.04.38:435][298]LogModuleManager: Shutting down and abandoning module HotReload (92)
[2015.05.07-20.04.38:435][298]LogModuleManager: Shutting down and abandoning module VisualStudioSourceCodeAccess (91)
[2015.05.07-20.04.38:435][298]LogModuleManager: Shutting down and abandoning module UObjectPlugin (90)
[2015.05.07-20.04.38:435][298]LogModuleManager: Shutting down and abandoning module SubversionSourceControl (89)
[2015.05.07-20.04.38:436][298]LogModuleManager: Shutting down and abandoning module PerforceSourceControl (88)
[2015.05.07-20.04.38:436][298]LogModuleManager: Shutting down and abandoning module SourceControl (87)
[2015.05.07-20.04.38:436][298]LogModuleManager: Shutting down and abandoning module GitSourceControl (86)
[2015.05.07-20.04.38:436][298]LogModuleManager: Shutting down and abandoning module BlankPlugin (85)
[2015.05.07-20.04.38:436][298]LogModuleManager: Shutting down and abandoning module PaperTiledImporter (84)
[2015.05.07-20.04.38:436][298]LogModuleManager: Shutting down and abandoning module PaperJsonImporter (83)
[2015.05.07-20.04.38:436][298]LogModuleManager: Shutting down and abandoning module ContentBrowser (82)
[2015.05.07-20.04.38:436][298]LogModuleManager: Shutting down and abandoning module Paper2DEditor (81)
[2015.05.07-20.04.38:436][298]LogModuleManager: Shutting down and abandoning module ScriptPlugin (80)
[2015.05.07-20.04.38:436][298]LogModuleManager: Shutting down and abandoning module UdpMessaging (79)
[2015.05.07-20.04.38:536][298]LogModuleManager: Shutting down and abandoning module Paper2D (78)
[2015.05.07-20.04.38:536][298]LogModuleManager: Shutting down and abandoning module WindowsMoviePlayer (77)
[2015.05.07-20.04.38:539][298]LogModuleManager: Shutting down and abandoning module Media (76)
[2015.05.07-20.04.38:539][298]LogModuleManager: Shutting down and abandoning module WmfMedia (75)
[2015.05.07-20.04.38:539][298]LogModuleManager: Shutting down and abandoning module OnlineBlueprintSupport (74)
[2015.05.07-20.04.38:539][298]LogModuleManager: Shutting down and abandoning module PropertyEditor (73)
[2015.05.07-20.04.38:539][298]LogModuleManager: Shutting down and abandoning module BehaviorTreeEditor (72)
[2015.05.07-20.04.38:539][298]LogModuleManager: Shutting down and abandoning module FunctionalTesting (71)
[2015.05.07-20.04.38:539][298]LogModuleManager: Shutting down and abandoning module CollisionAnalyzer (70)
[2015.05.07-20.04.38:539][298]LogModuleManager: Shutting down and abandoning module WorkspaceMenuStructure (69)
[2015.05.07-20.04.38:539][298]LogModuleManager: Shutting down and abandoning module MessageLog (68)
[2015.05.07-20.04.38:539][298]LogModuleManager: Shutting down and abandoning module Sequencer (67)
[2015.05.07-20.04.38:539][298]LogModuleManager: Shutting down and abandoning module AssetTools (66)
[2015.05.07-20.04.38:539][298]LogModuleManager: Shutting down and abandoning module UMGEditor (65)
[2015.05.07-20.04.38:539][298]LogModuleManager: Shutting down and abandoning module UMG (64)
[2015.05.07-20.04.38:539][298]LogModuleManager: Shutting down and abandoning module Slate (63)
[2015.05.07-20.04.38:539][298]LogModuleManager: Shutting down and abandoning module EditorStyle (62)
[2015.05.07-20.04.38:543][298]LogModuleManager: Shutting down and abandoning module SessionServices (61)
[2015.05.07-20.04.38:543][298]LogModuleManager: Shutting down and abandoning module SourceCodeAccess (60)
[2015.05.07-20.04.38:544][298]LogModuleManager: Shutting down and abandoning module HeadMountedDisplay (59)
[2015.05.07-20.04.38:544][298]LogModuleManager: Shutting down and abandoning module XAudio2 (58)
[2015.05.07-20.04.38:544][298]LogModuleManager: Shutting down and abandoning module Networking (56)
[2015.05.07-20.04.38:544][298]LogModuleManager: Shutting down and abandoning module Core (55)
[2015.05.07-20.04.38:544][298]LogModuleManager: Shutting down and abandoning module KismetCompiler (54)
[2015.05.07-20.04.38:544][298]LogModuleManager: Shutting down and abandoning module PhysXFormats (53)
[2015.05.07-20.04.38:544][298]LogModuleManager: Shutting down and abandoning module MeshUtilities (52)
[2015.05.07-20.04.38:544][298]LogModuleManager: Shutting down and abandoning module DerivedDataCache (51)
[2015.05.07-20.04.38:603][298]LogDerivedDataCache: Shutdown
[2015.05.07-20.04.38:603][298]LogModuleManager: Shutting down and abandoning module ShaderFormatOpenGL (50)
[2015.05.07-20.04.38:603][298]LogModuleManager: Shutting down and abandoning module ShaderFormatD3D (49)
[2015.05.07-20.04.38:603][298]LogModuleManager: Shutting down and abandoning module MetalShaderFormat (48)
[2015.05.07-20.04.38:603][298]LogModuleManager: Shutting down and abandoning module TextureFormatUncompressed (47)
[2015.05.07-20.04.38:603][298]LogModuleManager: Shutting down and abandoning module TextureFormatPVR (46)
[2015.05.07-20.04.38:603][298]LogModuleManager: Shutting down and abandoning module TextureFormatIntelISPCTexComp (45)
[2015.05.07-20.04.38:603][298]LogModuleManager: Shutting down and abandoning module TextureFormatDXT (44)
[2015.05.07-20.04.38:603][298]LogModuleManager: Shutting down and abandoning module ImageWrapper (43)
[2015.05.07-20.04.38:603][298]LogModuleManager: Shutting down and abandoning module TextureFormatASTC (42)
[2015.05.07-20.04.38:603][298]LogModuleManager: Shutting down and abandoning module TextureFormatAndroid (41)
[2015.05.07-20.04.38:603][298]LogModuleManager: Shutting down and abandoning module AudioFormatOpus (40)
[2015.05.07-20.04.38:603][298]LogModuleManager: Shutting down and abandoning module AudioFormatOgg (39)
[2015.05.07-20.04.38:603][298]LogModuleManager: Shutting down and abandoning module AudioFormatADPCM (38)
[2015.05.07-20.04.38:603][298]LogModuleManager: Shutting down and abandoning module LinuxTargetPlatform (37)
[2015.05.07-20.04.38:603][298]LogModuleManager: Shutting down and abandoning module LinuxServerTargetPlatform (36)
[2015.05.07-20.04.38:603][298]LogModuleManager: Shutting down and abandoning module LinuxNoEditorTargetPlatform (35)
[2015.05.07-20.04.38:603][298]LogModuleManager: Shutting down and abandoning module Messaging (34)
[2015.05.07-20.04.38:603][298]LogModuleManager: Shutting down and abandoning module IOSTargetPlatform (33)
[2015.05.07-20.04.38:603][298]LogModuleManager: Shutting down and abandoning module HTML5TargetPlatform (32)
[2015.05.07-20.04.38:603][298]LogModuleManager: Shutting down and abandoning module Android_PVRTCTargetPlatform (31)
[2015.05.07-20.04.38:603][298]LogModuleManager: Shutting down and abandoning module Android_ETC2TargetPlatform (30)
[2015.05.07-20.04.38:603][298]LogModuleManager: Shutting down and abandoning module Android_ETC1TargetPlatform (29)
[2015.05.07-20.04.38:603][298]LogModuleManager: Shutting down and abandoning module Android_ES31TargetPlatform (28)
[2015.05.07-20.04.38:603][298]LogModuleManager: Shutting down and abandoning module Android_DXTTargetPlatform (27)
[2015.05.07-20.04.38:603][298]LogModuleManager: Shutting down and abandoning module Android_ATCTargetPlatform (26)
[2015.05.07-20.04.38:603][298]LogModuleManager: Shutting down and abandoning module AndroidTargetPlatform (25)
[2015.05.07-20.04.38:603][298]LogModuleManager: Shutting down and abandoning module WindowsTargetPlatform (24)
[2015.05.07-20.04.38:603][298]LogModuleManager: Shutting down and abandoning module WindowsServerTargetPlatform (23)
[2015.05.07-20.04.38:603][298]LogModuleManager: Shutting down and abandoning module WindowsNoEditorTargetPlatform (22)
[2015.05.07-20.04.38:603][298]LogModuleManager: Shutting down and abandoning module WindowsClientTargetPlatform (21)
[2015.05.07-20.04.38:603][298]LogModuleManager: Shutting down and abandoning module TargetPlatform (20)
[2015.05.07-20.04.38:603][298]LogModuleManager: Shutting down and abandoning module InputCore (19)
[2015.05.07-20.04.38:603][298]LogModuleManager: Shutting down and abandoning module Settings (18)
[2015.05.07-20.04.38:603][298]LogModuleManager: Shutting down and abandoning module OnlineSubsystem (16)
[2015.05.07-20.04.38:603][298]LogModuleManager: Shutting down and abandoning module OculusRift (15)
[2015.05.07-20.04.38:603][298]LogModuleManager: Shutting down and abandoning module ExampleDeviceProfileSelector (14)
[2015.05.07-20.04.38:603][298]LogModuleManager: Shutting down and abandoning module TextureCompressor (13)
[2015.05.07-20.04.38:603][298]LogModuleManager: Shutting down and abandoning module ShaderCore (12)
[2015.05.07-20.04.38:603][298]LogModuleManager: Shutting down and abandoning module Landscape (11)
[2015.05.07-20.04.38:603][298]LogModuleManager: Shutting down and abandoning module SlateRHIRenderer (10)
[2015.05.07-20.04.38:606][298]LogModuleManager: Shutting down and abandoning module OpenGLDrv (9)
[2015.05.07-20.04.38:606][298]LogModuleManager: Shutting down and abandoning module D3D11RHI (8)
[2015.05.07-20.04.38:606][298]LogModuleManager: Shutting down and abandoning module Renderer (7)
[2015.05.07-20.04.38:606][298]LogModuleManager: Shutting down and abandoning module Engine (6)
[2015.05.07-20.04.38:606][298]LogModuleManager: Shutting down and abandoning module CoreUObject (5)
[2015.05.07-20.04.38:606][298]LogModuleManager: Shutting down and abandoning module NetworkFile (4)
[2015.05.07-20.04.38:606][298]LogModuleManager: Shutting down and abandoning module StreamingFile (3)
[2015.05.07-20.04.38:606][298]LogModuleManager: Shutting down and abandoning module SandboxFile (2)
[2015.05.07-20.04.38:606][298]LogModuleManager: Shutting down and abandoning module PakFile (1)
[2015.05.07-20.04.38:606][298]LogExit: Exiting.
[2015.05.07-20.04.38:618][298]Log file closed, 05/07/15 13:04:38
