[2015.08.13-08.02.12:851][  0]Log file open, 08/13/15 01:02:12
[2015.08.13-08.02.12:851][  0]LogInit:Display: Running engine for game: GodKiller
[2015.08.13-08.02.12:851][  0]LogInit:Display: RandInit(1994209335) SRandInit(1994209336).
[2015.08.13-08.02.12:851][  0]LogTaskGraph: Started task graph with 4 named threads and 5 total threads.
[2015.08.13-08.02.12:851][  0]LogStats: Stats thread started
[2015.08.13-08.02.12:851][  0]LogInit: Version: 4.8.3-2634408+++depot+UE4-Releases+4.8
[2015.08.13-08.02.12:851][  0]LogInit: API Version: 2579680
[2015.08.13-08.02.12:851][  0]LogInit: Compiled (64-bit): Jul 27 2015 16:24:33
[2015.08.13-08.02.12:851][  0]LogInit: Compiled with Visual C++: 18.00.21005.01
[2015.08.13-08.02.12:851][  0]LogInit: Build Configuration: Development
[2015.08.13-08.02.12:851][  0]LogInit: Branch Name: ++depot+UE4-Releases+4.8
[2015.08.13-08.02.12:851][  0]LogInit: Command line:  
[2015.08.13-08.02.12:851][  0]LogInit: Base directory: C:/Program Files/Epic Games/4.8/Engine/Binaries/Win64/
[2015.08.13-08.02.12:851][  0]LogInit: Rocket: 1
[2015.08.13-08.02.12:867][  0]LogInit: Using libcurl 7.41.0
[2015.08.13-08.02.12:867][  0]LogInit:  - built for x86_64-pc-win32
[2015.08.13-08.02.12:867][  0]LogInit:  - supports SSL with WinSSL
[2015.08.13-08.02.12:867][  0]LogInit:  - other features:
[2015.08.13-08.02.12:867][  0]LogInit:      CURL_VERSION_SSL
[2015.08.13-08.02.12:867][  0]LogInit:      CURL_VERSION_IPV6
[2015.08.13-08.02.12:867][  0]LogInit:      CURL_VERSION_ASYNCHDNS
[2015.08.13-08.02.12:867][  0]LogInit:      CURL_VERSION_LARGEFILE
[2015.08.13-08.02.12:867][  0]LogInit:      CURL_VERSION_IDN
[2015.08.13-08.02.12:867][  0]LogInit:  CurlRequestOptions (configurable via config and command line):
[2015.08.13-08.02.12:867][  0]LogInit:  - bVerifyPeer = true  - Libcurl will verify peer certificate
[2015.08.13-08.02.12:867][  0]LogInit:  - bUseHttpProxy = false  - Libcurl will NOT use HTTP proxy
[2015.08.13-08.02.12:867][  0]LogInit:  - bDontReuseConnections = false  - Libcurl will reuse connections
[2015.08.13-08.02.12:867][  0]LogInit:  - CertBundlePath = nullptr  - Libcurl will use whatever was configured at build time.
[2015.08.13-08.02.12:880][  0]LogOnline:Warning: No default platform service specified for OnlineSubsystem
[2015.08.13-08.02.12:895][  0]LogInit: Presizing for 0 objects not considered by GC, pre-allocating 0 bytes.
[2015.08.13-08.02.12:904][  0]LogInit: Object subsystem initialized
[2015.08.13-08.02.12:905][  0]LogConsoleResponse:Warning: Skipping Unknown console variable: 'TranslucentSortAxis = (X=0.000000,Y=-1.000000,Z=0.000000)'
[2015.08.13-08.02.12:905][  0]LogConsoleResponse:Warning:   Found in ini file 'C:/Users/Samantha/Desktop/God-Killer/Saved/Config/Windows/Engine.ini', in section '[/Script/Engine.RendererSettings]'
[2015.08.13-08.02.12:905][  0]LogConsoleResponse:Warning: Skipping Unknown console variable: 'UIScaleRule = ShortestSide'
[2015.08.13-08.02.12:905][  0]LogConsoleResponse:Warning:   Found in ini file 'C:/Users/Samantha/Desktop/God-Killer/Saved/Config/Windows/Engine.ini', in section '[/Script/Engine.RendererSettings]'
[2015.08.13-08.02.12:905][  0]LogConsoleResponse:Warning: Skipping Unknown console variable: 'UIScaleCurve = (EditorCurveData=(Keys=),ExternalCurve=None)'
[2015.08.13-08.02.12:905][  0]LogConsoleResponse:Warning:   Found in ini file 'C:/Users/Samantha/Desktop/God-Killer/Saved/Config/Windows/Engine.ini', in section '[/Script/Engine.RendererSettings]'
[2015.08.13-08.02.12:905][  0]LogInit: Selected Device Profile: [Windows]
[2015.08.13-08.02.12:905][  0]LogInit: Applying CVar settings loaded from the selected device profile: [Windows]
[2015.08.13-08.02.12:921][  0]LogInit: Computer: SAMANTHAPC
[2015.08.13-08.02.12:921][  0]LogInit: User: Samantha
[2015.08.13-08.02.12:921][  0]LogInit: CPU Page size=4096, Cores=2
[2015.08.13-08.02.12:921][  0]LogInit: High frequency timer resolution =2.240905 MHz
[2015.08.13-08.02.12:921][  0]LogMemory: Memory total: Physical=5.9GB (6GB approx)
[2015.08.13-08.02.12:921][  0]LogMemory: Platform Memory Stats for Windows
[2015.08.13-08.02.12:922][  0]LogMemory: Process Physical Memory: 48.34 MB used, 48.34 MB peak
[2015.08.13-08.02.12:922][  0]LogMemory: Process Virtual Memory: 24.17 MB used, 24.17 MB peak
[2015.08.13-08.02.12:922][  0]LogMemory: Physical Memory: 2327.51 MB used, 6027.63 MB total
[2015.08.13-08.02.12:922][  0]LogMemory: Virtual Memory: 292.68 MB used, 134217728.00 MB total
[2015.08.13-08.02.12:969][  0]LogTextLocalizationManager: The requested culture ('en_US') has no localization data; parent culture's ('en') localization data will be used.
[2015.08.13-08.02.13:212][  0]LogTextLocalizationManager:Warning: Loaded localization resources contain conflicting entries for (Namespace:ContentBrowser, Key:ImportAssetToolTip):
Localization Resource: (C:/Program Files/Epic Games/4.8/Engine/Content/Localization/Editor/en/Editor.locres) Source String Hash: (-630476809) Localized String: (Import to {0}...)
Localization Resource: (C:/Program Files/Epic Games/4.8/Engine/Content/Localization/Editor/en/Editor.locres) Source String Hash: (1271782899) Localized String: (Imports an asset from file to this folder.)
[2015.08.13-08.02.13:604][  0]LogD3D11RHI: Found D3D11 adapter 0: Intel(R) HD Graphics Family (Feature Level 11_0)
[2015.08.13-08.02.13:604][  0]LogD3D11RHI: Adapter has 32MB of dedicated video memory, 0MB of dedicated system memory, and 1760MB of shared system memory, 1 output[s]
[2015.08.13-08.02.13:605][  0]LogD3D11RHI: Found D3D11 adapter 1: Microsoft Basic Render Driver (Feature Level 11_0)
[2015.08.13-08.02.13:605][  0]LogD3D11RHI: Adapter has 0MB of dedicated video memory, 0MB of dedicated system memory, and 256MB of shared system memory, 0 output[s]
[2015.08.13-08.02.13:605][  0]LogD3D11RHI: Chosen D3D11 Adapter Id = 0
[2015.08.13-08.02.13:612][  0]LogD3D11RHI: InitD3DDevice
[2015.08.13-08.02.13:612][  0]LogD3D11RHI: !Direct3DDevice
[2015.08.13-08.02.13:612][  0]LogRHI: Texture pool is 638 MB (70% of 912 MB)
[2015.08.13-08.02.13:618][  0]LogD3D11RHI: Async texture creation enabled
[2015.08.13-08.02.13:625][  0]LogShaderCompilers:Display: Using Local Shader Compiler.
[2015.08.13-08.02.15:268][  0]LogTemp:Display: Loaded TP DesktopTargetPlatform
[2015.08.13-08.02.15:289][  0]LogTemp:Display: Loaded TP WindowsClientTargetPlatform
[2015.08.13-08.02.15:307][  0]LogTemp:Display: Loaded TP WindowsNoEditorTargetPlatform
[2015.08.13-08.02.15:327][  0]LogTemp:Display: Loaded TP WindowsServerTargetPlatform
[2015.08.13-08.02.15:348][  0]LogTemp:Display: Loaded TP WindowsTargetPlatform
[2015.08.13-08.02.15:367][  0]LogTemp:Display: Loaded TP AndroidTargetPlatform
[2015.08.13-08.02.15:384][  0]LogTemp:Display: Loaded TP Android_ASTCTargetPlatform
[2015.08.13-08.02.15:400][  0]LogTemp:Display: Loaded TP Android_ATCTargetPlatform
[2015.08.13-08.02.15:415][  0]LogTemp:Display: Loaded TP Android_DXTTargetPlatform
[2015.08.13-08.02.15:432][  0]LogTemp:Display: Loaded TP Android_ETC1TargetPlatform
[2015.08.13-08.02.15:450][  0]LogTemp:Display: Loaded TP Android_ETC2TargetPlatform
[2015.08.13-08.02.15:469][  0]LogTemp:Display: Loaded TP Android_PVRTCTargetPlatform
[2015.08.13-08.02.15:548][  0]LogTemp:Display: Loaded TP IOSTargetPlatform
[2015.08.13-08.02.15:563][  0]LogTemp:Display: Loaded TP LinuxNoEditorTargetPlatform
[2015.08.13-08.02.15:578][  0]LogTemp:Display: Loaded TP LinuxServerTargetPlatform
[2015.08.13-08.02.15:598][  0]LogTemp:Display: Loaded TP LinuxTargetPlatform
[2015.08.13-08.02.15:598][  0]LogTargetPlatformManager:Display: Building Assets For Windows
[2015.08.13-08.02.15:849][  0]LogDerivedDataCache:Display: Max Cache Size: 512 MB
[2015.08.13-08.02.16:236][  0]LogDerivedDataCache: Loaded boot cache 0.39s 53MB C:/Users/Samantha/AppData/Local/UnrealEngine/4.8/DerivedDataCache/Boot.ddc.
[2015.08.13-08.02.16:236][  0]LogDerivedDataCache:Display: Loaded Boot cache: C:/Users/Samantha/AppData/Local/UnrealEngine/4.8/DerivedDataCache/Boot.ddc
[2015.08.13-08.02.16:236][  0]LogDerivedDataCache: FDerivedDataBackendGraph:  Pak pak cache file ../../../../../../Users/Samantha/Desktop/God-Killer/DerivedDataCache/DDC.ddp not found, will not use a pak cache.
[2015.08.13-08.02.16:236][  0]LogDerivedDataCache: Unable to find inner node Pak for hierarchical cache Hierarchy.
[2015.08.13-08.02.16:236][  0]LogDerivedDataCache: FDerivedDataBackendGraph:  CompressedPak pak cache file ../../../../../../Users/Samantha/Desktop/God-Killer/DerivedDataCache/Compressed.ddp not found, will not use a pak cache.
[2015.08.13-08.02.16:236][  0]LogDerivedDataCache: Unable to find inner node CompressedPak for hierarchical cache Hierarchy.
[2015.08.13-08.02.16:416][  0]LogDerivedDataCache:Display: Pak cache opened for reading ../../../Engine/DerivedDataCache/Compressed.ddp.
[2015.08.13-08.02.16:428][  0]LogDerivedDataCache: Using Local data cache path C:/Users/Samantha/AppData/Local/UnrealEngine/Common/DerivedDataCache: Writable
[2015.08.13-08.02.16:679][  0]LogInit: Selected Device Profile: [Windows]
[2015.08.13-08.02.16:777][  0]ImportText (ComponentSweepMultiTests): Missing closing parenthesis: (RootShapeAsset="/Engine/BasicShapes/Cube.Cube",ShapeType="TriggerCapsule",HitResult=(Time=0.50,Location=(X=-100.000015,Y=0.0,Z=100.000015),ImpactPoint=(X=-50.0,Y=0.0,Z=50.0),Normal=(X=-1.0,Y=-0.0,Z=0.0),ImpactNormal=(X=0.0,Y=0.0,Z=1.0),TraceStart=(X=-200.0,Y=0.0,Z=200.0),TraceEnd=(X=0.0,Y=0.0,Z=0.0))
[2015.08.13-08.02.16:778][  0]ImportText (LineTraceSingleByChannelTests): Missing closing parenthesis: (RootShapeAsset="/Engine/BasicShapes/Cube.Cube",HitResult=(Time=0.50,Location=(X=-100.000015,Y=0.0,Z=100.000015),ImpactPoint=(X=-50.0,Y=0.0,Z=50.0),Normal=(X=-1.0,Y=-0.0,Z=0.0),ImpactNormal=(X=0.0,Y=0.0,Z=1.0),TraceStart=(X=-200.0,Y=0.0,Z=200.0),TraceEnd=(X=0.0,Y=0.0,Z=0.0))
[2015.08.13-08.02.16:809][  0]LogMeshUtilities: No automatic mesh reduction module available
[2015.08.13-08.02.16:809][  0]LogMeshUtilities: No automatic mesh merging module available
[2015.08.13-08.02.17:375][  0]LogInit: WinSock: version 1.1 (2.2), MaxSocks=32767, MaxUdp=65467
[2015.08.13-08.02.20:295][  0]LogModuleManager:Warning: ModuleManager: Unable to load module 'C:/Program Files/Epic Games/4.8/Engine/Binaries/Win64/UE4Editor-XAudio2.dll' because the file couldn't be loaded by the OS.
[2015.08.13-08.02.40:700][  0]UdpMessaging: Initializing bridge on interface 0.0.0.0:0 to multicast group 230.0.0.1:6666.
[2015.08.13-08.02.41:155][  0]SourceControl: Info Source control is disabled
[2015.08.13-08.02.41:166][  0]SourceControl: Info Source control is disabled
[2015.08.13-08.02.41:177][  0]SourceControl: Info Source control is disabled
[2015.08.13-08.02.41:188][  0]SourceControl: Info Source control is disabled
[2015.08.13-08.02.41:520][  0]LogObj: 26273 objects as part of root set at end of initial load.
[2015.08.13-08.02.41:520][  0]LogUObjectAllocator: 5409256 out of 0 bytes used by permanent object pool.
[2015.08.13-08.02.41:619][  0]LogEngine: Initializing Engine...
[2015.08.13-08.02.41:622][  0]LogHMD: Can't find Oculus library dev build: is proper Runtime installed? Version: 0.6.0.0
[2015.08.13-08.02.41:623][  0]LogHMD:Warning: SteamVR failed to initialize.  Error: 110
[2015.08.13-08.02.41:793][  0]LogAIModule: Creating AISystem for world NewWorld
[2015.08.13-08.02.45:730][  0]LogModuleManager:Warning: ModuleManager: Unable to load module 'C:/Program Files/Epic Games/4.8/Engine/Binaries/Win64/UE4Editor-XAudio2.dll' because the file couldn't be loaded by the OS.
[2015.08.13-08.02.45:765][  0]LogDerivedDataCache: Saved boot cache 0.03s 53MB C:/Users/Samantha/AppData/Local/UnrealEngine/4.8/DerivedDataCache/Boot.ddc.
[2015.08.13-08.02.45:772][  0]LogInit: Texture streaming: Disabled
[2015.08.13-08.02.45:799][  0]LogAnalytics: Creating configured Analytics provider AnalyticsET
[2015.08.13-08.02.45:799][  0]LogAnalytics: [UEEditor.Rocket.Release] APIServer = http://et2.epicgames.com/ET2/. AppVersion = 4.8.3-2634408+++depot+UE4-Releases+4.8
[2015.08.13-08.02.45:799][  0]LogAnalytics: [UEEditor.Rocket.Release] SetUserId 46872bea408cfcc0100ac385d2b5ce07|e22a3db169b04f708165eaff958a9646|097015b1-a59a-4201-b460-717027cc9fe8
[2015.08.13-08.02.45:799][  0]LogAnalytics: [UEEditor.Rocket.Release] AnalyticsET::StartSession
[2015.08.13-08.02.45:838][  0]LogInit: Transaction tracking system initialized
[2015.08.13-08.02.46:003][  0]BlueprintLog: New page: Editor Load
[2015.08.13-08.02.46:052][  0]LogAssetRegistry: FAssetRegistry took 0.0105 seconds to start up
[2015.08.13-08.02.46:052][  0]LogDirectoryWatcher:Warning: Failed to begin reading directory changes for ../../../Engine/Plugins/Experimental/CharacterAI/Content/. Error: 0
[2015.08.13-08.02.47:201][  0]LogConsoleManager:Warning: Console variable 'r.VSync' wasn't set ('GameSetting' has a lower priority than 'SystemSettingsIni')
[2015.08.13-08.02.47:201][  0]LogConsoleResponse:Display: 
[2015.08.13-08.02.47:398][  0]LogCook:Display: Done creating registry. It took  0.00s.
[2015.08.13-08.02.47:956][  0]SourceControl: Info Source control is disabled
[2015.08.13-08.02.47:956][  0]Cmd: MAP LOAD FILE="../../../../../../Users/Samantha/Desktop/God-Killer/Content/Scene/NewCave.umap" TEMPLATE=0 SHOWPROGRESS=1 FEATURELEVEL=3
[2015.08.13-08.02.47:957][  0]LightingResults: New page: Lighting Build
[2015.08.13-08.02.47:978][  0]MapCheck: New page: Map Check
[2015.08.13-08.02.47:978][  0]LightingResults: New page: Lighting Build
[2015.08.13-08.02.48:007][  0]LogParticles: Destroying 0 GPU particle simulations for FXSystem 0x000000DC6B451300
[2015.08.13-08.02.49:373][  0]LogBlueprint:Warning: [compiler GnawmersHealth] Warning 'gnawmers' is already a 'Enemy 1', you don't need  Cast To Enemy1 .
[2015.08.13-08.02.49:374][  0]LogBlueprint:Warning: [compiler GnawmersHealth] Warning [0038.31] Compile of GnawmersHealth successful, but with 1 Warning(s) [in 19 ms]
[2015.08.13-08.02.49:374][  0]LogBlueprint:Warning: [compiler GnawmersHealth] Warning [0038.31] Compile of GnawmersHealth successful, but with 2 Warning(s) [in 0 ms]
[2015.08.13-08.02.49:374][  0]LogBlueprint:Warning: [compiler GnawmersHealth] Warning [0038.31] Compile of GnawmersHealth successful, but with 3 Warning(s) [in 0 ms]
[2015.08.13-08.02.49:732][  0]LogBlueprint:Warning: [compiler Gui] Warning 'gnawmers' is already a 'Enemy 1', you don't need  Cast To Enemy1 .
[2015.08.13-08.02.49:745][  0]LogBlueprint:Warning: [compiler Gui] Warning [0038.68] Compile of Gui successful, but with 1 Warning(s) [in 44 ms]
[2015.08.13-08.02.49:746][  0]LogBlueprint:Warning: [compiler Gui] Warning [0038.68] Compile of Gui successful, but with 2 Warning(s) [in 0 ms]
[2015.08.13-08.02.49:746][  0]LogBlueprint:Warning: [compiler Gui] Warning [0038.68] Compile of Gui successful, but with 3 Warning(s) [in 0 ms]
[2015.08.13-08.02.50:694][  0]LogBlueprint:Warning: [compiler GnawmersHealth] Warning 'gnawmers' is already a 'Enemy 1', you don't need  Cast To Enemy1 .
[2015.08.13-08.02.50:695][  0]LogBlueprint:Warning: [compiler GnawmersHealth] Warning [0039.63] Compile of GnawmersHealth successful, but with 1 Warning(s) [in 12 ms]
[2015.08.13-08.02.50:696][  0]LogBlueprint:Warning: [compiler GnawmersHealth] Warning [0039.63] Compile of GnawmersHealth successful, but with 2 Warning(s) [in 0 ms]
[2015.08.13-08.02.50:737][  0]LogBlueprint:Warning: [compiler Gui] Warning 'gnawmers' is already a 'Enemy 1', you don't need  Cast To Enemy1 .
[2015.08.13-08.02.50:747][  0]LogBlueprint:Warning: [compiler Gui] Warning [0039.68] Compile of Gui successful, but with 1 Warning(s) [in 41 ms]
[2015.08.13-08.02.50:748][  0]LogBlueprint:Warning: [compiler Gui] Warning [0039.68] Compile of Gui successful, but with 2 Warning(s) [in 1 ms]
[2015.08.13-08.03.16:680][  0]LogAIModule: Creating AISystem for world NewCave
[2015.08.13-08.03.21:083][  0]LogEditorServer: Finished looking for orphan Actors (0.000 secs)
[2015.08.13-08.03.21:085][  0]Cmd: MAP CHECKDEP NOCLEARLOG
[2015.08.13-08.03.21:204][  0]MapCheck: Info Map check complete: 0 Error(s), 0 Warning(s), took 118.584ms to complete.
[2015.08.13-08.03.21:204][  0]LogFileHelpers: Loading map 'NewCave' took 33.248
[2015.08.13-08.03.21:311][  0]LogCollectionManager: Loaded 0 collections in 0.002650 seconds
[2015.08.13-08.03.21:319][  0]LogContentBrowser: Native class hierarchy populated in 0.0082 seconds. Added 1792 classes and 301 folders.
[2015.08.13-08.03.21:472][  0]LogContentBrowser: Native class hierarchy updated for 'WidgetCarousel' in 0.0004 seconds. Added 0 classes and 0 folders.
[2015.08.13-08.03.21:665][  0]LogContentBrowser: Native class hierarchy updated for 'AddContentDialog' in 0.0004 seconds. Added 0 classes and 0 folders.
[2015.08.13-08.03.21:810][  0]LogContentBrowser: Native class hierarchy updated for 'SceneOutliner' in 0.0004 seconds. Added 1 classes and 2 folders.
[2015.08.13-08.03.21:877][  0]LogCrashTracker: Crashtracker disabled due to settings.
[2015.08.13-08.03.21:879][  0]LogD3D11RHI: InitD3DDevice
[2015.08.13-08.03.21:883][  0]LogUObjectGlobals:Warning: Failed to find object 'Class None.'
[2015.08.13-08.03.21:906][  0]LogLoad: Full Startup: 70.84 seconds (BP compile: 2.27 seconds)
[2015.08.13-08.03.22:082][  0]LogContentStreaming: Texture pool size is 0.000000MB
[2015.08.13-08.03.22:335][  0]LogContentStreaming: Texture pool size now 1000 MB
[2015.08.13-08.03.22:528][  0]LogRenderer: Reallocating scene render targets to support 848x712 (Frame:2).
[2015.08.13-08.03.23:480][  1]Cmd: UpdateLandscapeEditorData -warnings
[2015.08.13-08.03.23:481][  1]Cmd: UpdateLandscapeEditorData
[2015.08.13-08.03.34:461][108]LogAssetRegistry: Asset discovery search completed in 48.4197 seconds
[2015.08.13-08.04.08:302][454]LogD3D11RHI: InitD3DDevice
[2015.08.13-08.04.09:083][461]LogD3D11RHI: InitD3DDevice
[2015.08.13-08.04.09:341][461]LogLinker:Warning: Asset '../../../Engine/Content/Tutorial/Basics/FeaturePacks.uasset' has been saved with empty engine version. The asset will be loaded but may be incompatible.
[2015.08.13-08.04.09:924][461]LogLinker:Warning: Asset '../../../Engine/Content/Tutorial/Mobile/InstallingiTunesTutorial.uasset' has been saved with empty engine version. The asset will be loaded but may be incompatible.
[2015.08.13-08.04.09:935][461]LogLinker:Warning: Asset '../../../Engine/Content/Tutorial/Mobile/SettingUpAndroidTutorial.uasset' has been saved with empty engine version. The asset will be loaded but may be incompatible.
[2015.08.13-08.04.12:319][483]LogEditorViewport: Clicking on Actor (LMB): Landscape (Landscape)
[2015.08.13-08.04.13:119][490]LogEditorViewport: Clicking on Actor (LMB): Landscape (Landscape)
[2015.08.13-08.04.14:802][507]LogD3D11RHI: InitD3DDevice
[2015.08.13-08.04.28:377][750]LogTexture:Display: Building textures: 01_-_Default_Roughness (BGRA8)
[2015.08.13-08.04.29:450][750]LogTexture:Display: Building textures: 01_-_Default_Normal_DirectX (BC5)
[2015.08.13-08.04.30:278][750]LogTexture:Display: Building textures: 01_-_Default_Metallic (BGRA8)
[2015.08.13-08.04.31:048][750]LogTexture:Display: Building textures: 01_-_Default_Base_Color (AutoDXT)
[2015.08.13-08.04.39:664][750]LogMaterial: Missing cached shader map for material Goblinana_Mat, compiling. 
[2015.08.13-08.04.40:187][750]LogD3D11RHI: InitD3DDevice
[2015.08.13-08.04.41:874][750]LogD3D11RHI: InitD3DDevice
[2015.08.13-08.04.43:668][750]LogSkeletalMesh: InitArticulated: Bodies already created (/Engine/Transient.DebugSkelMeshComponent_0) - call TermArticulated first.
[2015.08.13-08.04.44:234][750]LogLinker:Warning: Asset '../../../Engine/Content/Tutorial/SubEditors/PersonaAnimEditorTutorial.uasset' has been saved with empty engine version. The asset will be loaded but may be incompatible.
[2015.08.13-08.04.48:192][776]LogD3D11RHI: InitD3DDevice
[2015.08.13-08.04.53:243][886]LogContentBrowser:Verbose: The majority of assets in the view are of type: AnimSequence
[2015.08.13-08.05.10:104][141]LogD3D11RHI: InitD3DDevice
[2015.08.13-08.05.26:125][287]LogEditorViewport: Clicking on Actor (LMB): Landscape (Landscape)
[2015.08.13-08.05.28:183][307]LogEditorViewport: Clicking on Actor (LMB): SkeletalMeshActor (Goblinana)
[2015.08.13-08.05.41:726][432]LogEditorViewport: Clicking on Actor (LMB): SkeletalMeshActor (Goblinana)
[2015.08.13-08.05.43:487][445]LogEditorViewport: Clicking on Actor 