Log file open, 06/02/15 22:04:30
LogInit:Display: Running engine for game: GodKiller
LogInit: Version: 4.7.3-2479750+++depot+UE4-Releases+4.7
LogInit: API Version: 2455222
LogInit: Compiled (64-bit): Mar 15 2015 23:20:45
LogInit: Compiled with Visual C++: 18.00.21005.01
LogInit: Build Configuration: Development
LogInit: Branch Name: ++depot+UE4-Releases+4.7
LogInit: Command line:  
LogInit: Base directory: E:/Unreal/Epic Games/4.7/Engine/Binaries/Win64/
LogInit: Rocket: 1
[2015.06.03-05.04.30:707][  0]LogTaskGraph: Started task graph with 3 named threads and 6 total threads.
[2015.06.03-05.04.30:761][  0]LogOnline:Warning: No default platform service specified for OnlineSubsystem
[2015.06.03-05.04.30:832][  0]LogInit: Presizing for 0 objects not considered by GC, pre-allocating 0 bytes.
[2015.06.03-05.04.30:845][  0]LogInit: Object subsystem initialized
[2015.06.03-05.04.30:848][  0]LogConsoleResponse:Warning: Skipping Unknown console variable: 'TranslucentSortAxis = (X=0.000000,Y=-1.000000,Z=0.000000)'
[2015.06.03-05.04.30:848][  0]LogConsoleResponse:Warning:   Found in ini file 'E:/Unreal4 Projects/God-Killer/Saved/Config/Windows/Engine.ini', in section '[/Script/Engine.RendererSettings]'
[2015.06.03-05.04.30:848][  0]LogConsoleResponse:Warning: Skipping Unknown console variable: 'UIScaleRule = ShortestSide'
[2015.06.03-05.04.30:848][  0]LogConsoleResponse:Warning:   Found in ini file 'E:/Unreal4 Projects/God-Killer/Saved/Config/Windows/Engine.ini', in section '[/Script/Engine.RendererSettings]'
[2015.06.03-05.04.30:848][  0]LogConsoleResponse:Warning: Skipping Unknown console variable: 'UIScaleCurve = (EditorCurveData=(Keys=),ExternalCurve=None)'
[2015.06.03-05.04.30:848][  0]LogConsoleResponse:Warning:   Found in ini file 'E:/Unreal4 Projects/God-Killer/Saved/Config/Windows/Engine.ini', in section '[/Script/Engine.RendererSettings]'
[2015.06.03-05.04.30:848][  0]LogInit: Selected Device Profile: [Windows]
[2015.06.03-05.04.30:848][  0]LogInit: Applying CVar settings loaded from the selected device profile: [Windows]
[2015.06.03-05.04.30:889][  0]LogInit: Computer: NARGON-PC
[2015.06.03-05.04.30:889][  0]LogInit: User: Nargon
[2015.06.03-05.04.30:889][  0]LogInit: CPU Page size=4096, Cores=4
[2015.06.03-05.04.30:889][  0]LogInit: High frequency timer resolution =1.948730 MHz
[2015.06.03-05.04.30:889][  0]LogMemory: Memory total: Physical=8.0GB (8GB approx) Virtual=8192.0GB
[2015.06.03-05.04.30:889][  0]LogMemory: Platform Memory Stats for Windows
[2015.06.03-05.04.30:889][  0]LogMemory: Process Physical Memory: 49.24 MB used, 49.24 MB peak
[2015.06.03-05.04.30:889][  0]LogMemory: Process Virtual Memory: 30.54 MB used, 30.54 MB peak
[2015.06.03-05.04.30:889][  0]LogMemory: Physical Memory: 4302.58 MB used, 8169.16 MB total
[2015.06.03-05.04.30:889][  0]LogMemory: Virtual Memory: 279.16 MB used, 8388608.00 MB total
[2015.06.03-05.04.31:304][  0]LogD3D11RHI: Found D3D11 adapter 0: NVIDIA GeForce GTX 560M   (Feature Level 11_0)
[2015.06.03-05.04.31:304][  0]LogD3D11RHI: Adapter has 2000MB of dedicated video memory, 0MB of dedicated system memory, and 2047MB of shared system memory, 1 output[s]
[2015.06.03-05.04.31:304][  0]LogD3D11RHI: Chosen D3D11 Adapter Id = 0
[2015.06.03-05.04.31:373][  0]LogRHI: Texture pool is 1361 MB (70% of 1945 MB)
[2015.06.03-05.04.31:386][  0]LogD3D11RHI: Async texture creation enabled
[2015.06.03-05.04.31:763][  0]LogTextLocalizationManager: The requested culture ('en_US') has no localization data; parent culture's ('en') localization data will be used.
[2015.06.03-05.04.31:859][  0]LogTextLocalizationManager:Warning: Loading localization resources contain conflicting entries for (Namespace:UICommands, Key:Save_ToolTip):
Resource: (E:/Unreal/Epic Games/4.7/Engine/Content/Localization/Editor/en/Editor.locres) Hash: (-29098895) String: (Saves the current level to disk)
Resource: (E:/Unreal/Epic Games/4.7/Engine/Content/Localization/Engine/en/Engine.locres) Hash: (-1280300587) String: (Save selected data to vlog file)
[2015.06.03-05.04.31:859][  0]LogTextLocalizationManager:Warning: Loading localization resources contain conflicting entries for (Namespace:ContentBrowser, Key:ImportAssetToolTip):
Resource: (E:/Unreal/Epic Games/4.7/Engine/Content/Localization/Editor/en/Editor.locres) Hash: (-630476809) String: (Import to {0}...)
Resource: (E:/Unreal/Epic Games/4.7/Engine/Content/Localization/Editor/en/Editor.locres) Hash: (1271782899) String: (Imports an asset from file to this folder.)
[2015.06.03-05.04.31:965][  0]LogContentStreaming: Texture pool size is 0.000000MB
[2015.06.03-05.04.39:569][  0]LogTargetPlatformManager:Display: Building Assets For Windows
[2015.06.03-05.04.40:922][  0]LogTargetPlatformManager:Display: Building Assets For Windows
[2015.06.03-05.04.41:084][  0]LogDerivedDataCache:Display: Max Cache Size: 512 MB
[2015.06.03-05.04.41:867][  0]LogDerivedDataCache: Loaded boot cache 0.73s 39MB C:/Users/Nargon/AppData/Local/UnrealEngine/4.7/DerivedDataCache/Boot.ddc.
[2015.06.03-05.04.41:867][  0]LogDerivedDataCache:Display: Loaded Boot cache: C:/Users/Nargon/AppData/Local/UnrealEngine/4.7/DerivedDataCache/Boot.ddc
[2015.06.03-05.04.41:868][  0]LogDerivedDataCache: FDerivedDataBackendGraph:  Pak pak cache file ../../../../../../Unreal4 Projects/God-Killer/DerivedDataCache/DDC.ddp not found, will not use a pak cache.
[2015.06.03-05.04.41:868][  0]LogDerivedDataCache: Unable to find inner node Pak for hierarchical cache Hierarchy.
[2015.06.03-05.04.42:140][  0]LogDerivedDataCache:Display: Pak cache opened for reading ../../../Engine/DerivedDataCache/Compressed.ddp.
[2015.06.03-05.04.42:163][  0]LogDerivedDataCache: Using Local data cache path C:/Users/Nargon/AppData/Local/UnrealEngine/Common/DerivedDataCache: Writable
[2015.06.03-05.04.45:421][  0]LogMeshUtilities: No automatic mesh reduction module available
[2015.06.03-05.04.45:421][  0]LogMeshUtilities: No automatic mesh merging module available
[2015.06.03-05.04.46:296][  0]LogInit: WinSock: version 1.1 (2.2), MaxSocks=32767, MaxUdp=65467
[2015.06.03-05.04.46:539][  0]LogSlate:Warning: Failed to load font data from '../../../Engine/Content/Slate/Fonts/Roboto-Italic.ttf'
[2015.06.03-05.04.54:841][  0]UdpMessaging: Initializing bridge on interface 0.0.0.0:0 to multicast group 230.0.0.1:6666.
[2015.06.03-05.04.55:352][  0]SourceControl: Info Source control is disabled
[2015.06.03-05.04.55:352][  0]SourceControl: Info Source control is disabled
[2015.06.03-05.04.55:352][  0]SourceControl: Info Source control is disabled
[2015.06.03-05.04.55:352][  0]LogSourceControl: RunCommandInternalRaw: 'git version'
[2015.06.03-05.04.55:352][  0]LogSourceControl: RunCommandInternalRaw: ExecProcess ReturnCode=2 OutResults=''
[2015.06.03-05.04.55:363][  0]SourceControl: Info Source control is disabled
[2015.06.03-05.04.56:047][  0]LogObj: 24231 objects as part of root set at end of initial load.
[2015.06.03-05.04.56:047][  0]LogUObjectAllocator: 5136432 out of 0 bytes used by permanent object pool.
[2015.06.03-05.04.56:205][  0]LogEngine: Initializing Engine...
[2015.06.03-05.04.58:714][  0]LogInit: XAudio2 using 'Speakers (Realtek High Definition Audio)' : 2 channels at 48 kHz using 32 bits per sample (channel mask 0x3)
[2015.06.03-05.04.58:975][  0]LogInit: FAudioDevice initialized.
[2015.06.03-05.04.59:113][  0]LogAIModule: Creating AISystem for world NewWorld
[2015.06.03-05.04.59:156][  0]LogDerivedDataCache: Saved boot cache 0.04s 39MB C:/Users/Nargon/AppData/Local/UnrealEngine/4.7/DerivedDataCache/Boot.ddc.
[2015.06.03-05.04.59:162][  0]LogInit: Texture streaming: Enabled
[2015.06.03-05.04.59:551][  0]LogAnalytics: Creating configured Analytics provider AnalyticsET
[2015.06.03-05.04.59:551][  0]LogAnalytics: ET APIKey = Rocket.Release. APIServer = http://et2.epicgames.com/ET2/. AppVersion = 4.7.3-2479750+++depot+UE4-Releases+4.7
[2015.06.03-05.04.59:551][  0]LogAnalytics: ET APIKey = Rocket.Release. DataRouterUploadURL = https://datarouter-public-service-gamedev.ol.epicgames.net/datarouter/api/v1/public/data. AppVersion = 4.7.3-2479750+++depot+UE4-Releases+4.7
[2015.06.03-05.04.59:551][  0]LogAnalytics: SetUserId f66fb68b41e6b40cb4c8ddab8a154b7e|ecb70a7e3ce340b3a897ae77bd608e2c|90ddc32f-7eb2-4426-89b9-b6a36000bee7
[2015.06.03-05.04.59:566][  0]LogAnalytics: AnalyticsET::StartSession [Rocket.Release]
[2015.06.03-05.04.59:744][  0]LogInit: Transaction tracking system initialized
[2015.06.03-05.05.00:502][  0]BlueprintLog: New page: Editor Load
[2015.06.03-05.05.01:306][  0]LogAssetRegistry: FAssetRegistry took 0.0101 seconds to start up
[2015.06.03-05.05.01:306][  0]LogDirectoryWatcher:Warning: Failed to begin reading directory changes for ../../../Engine/Plugins/Experimental/CharacterAI/Content/. Error: 0
[2015.06.03-05.05.02:613][  0]LogTargetPlatformManager:Display: Building Assets For Windows
[2015.06.03-05.05.03:399][  0]LogTargetPlatformManager:Display: Building Assets For Windows
[2015.06.03-05.05.03:994][  0]LogSlate:Warning: Failed to load font data from '../../../Engine/Content/Editor/Slate/Fonts/Roboto-Regular.ttf'
[2015.06.03-05.05.03:995][  0]LogSlate:Warning: Failed to load font data from '../../../Engine/Content/Editor/Slate/Fonts/Roboto-Bold.ttf'
[2015.06.03-05.05.04:104][  0]LogConsoleResponse:Display: 
[2015.06.03-05.05.05:549][  0]LogCook:Display: Done creating registry. It took  0.00s.
[2015.06.03-05.05.06:096][  0]SourceControl: Info Source control is disabled
[2015.06.03-05.05.06:096][  0]Cmd: MAP LOAD FILE="../../../../../../Unreal4 Projects/God-Killer/Content/Scene/NewCave.umap" TEMPLATE=0 SHOWPROGRESS=1 FEATURELEVEL=3
[2015.06.03-05.05.06:113][  0]LightingResults: New page: Lighting Build
[2015.06.03-05.05.06:129][  0]MapCheck: New page: Map Check
[2015.06.03-05.05.06:129][  0]LightingResults: New page: Lighting Build
[2015.06.03-05.05.06:139][  0]LogParticles: Destroying 0 GPU particle simulations for FXSystem 0x00000000158BCD60
[2015.06.03-05.05.30:694][  0]LogEditorServer: Finished looking for orphan Actors (0.000 secs)
[2015.06.03-05.05.30:743][  0]LogAIModule: Creating AISystem for world NewCave
[2015.06.03-05.05.30:744][  0]Cmd: MAP CHECKDEP
[2015.06.03-05.05.30:744][  0]MapCheck: New page: NewCave - Jun 2, 2015, 3:05:30 PM
[2015.06.03-05.05.31:040][  0]MapCheck: Info Map check complete: 0 Error(s), 0 Warning(s), took 295.595ms to complete.
[2015.06.03-05.05.31:040][  0]LogFileHelpers: Loading map 'NewCave' took 24.943
[2015.06.03-05.05.31:559][  0]LogCollectionManager: Loaded 0 collections in 0.002157 seconds
[2015.06.03-05.05.31:586][  0]LogContentBrowser: Native class hierarchy populated in 0.0267 seconds. Added 1696 classes and 261 folders.
[2015.06.03-05.05.32:037][  0]LogContentBrowser: Native class hierarchy updated for 'SceneOutliner' in 0.0027 seconds. Added 1 classes and 2 folders.
[2015.06.03-05.05.32:968][  0]LogCrashTracker: Crashtracker disabled due to settings.
[2015.06.03-05.05.33:012][  0]LogSlate:Warning: Failed to load font data from 'Veranda'
[2015.06.03-05.05.33:037][  0]LogUObjectGlobals:Warning: Failed to find object 'Class None.'
[2015.06.03-05.05.35:483][  0]LogLoad: Full Startup: 68.71 seconds (BP compile: 2.30 seconds)
[2015.06.03-05.05.35:524][  0]LogContentBrowser:Verbose: The content browser source was changed by the sources view to '/Game/ThirdPersonBP'
[2015.06.03-05.05.36:181][  0]LogRenderer:Warning: Reallocating scene render targets to support 32x32 (Frame:2).
[2015.06.03-05.05.36:828][  0]LogRenderer:Warning: Reallocating scene render targets to support 1000x744 (Frame:3).
[2015.06.03-05.05.37:014][  1]Cmd: UpdateLandscapeEditorData -warnings
[2015.06.03-05.05.37:047][  1]Cmd: UpdateLandscapeEditorData
[2015.06.03-05.05.37:440][  8]LogAssetRegistry: Asset discovery search completed in 36.1445 seconds
[2015.06.03-05.05.50:398][420]LogContentBrowser:Verbose: The content browser source was changed by the sources view to '/Game/MixamoAnimPack'
[2015.06.03-05.05.57:925][706]LogContentBrowser:Verbose: The content browser source was changed by the sources view to '/Game/MixamoAnimPack/Mixamo_Vampire'
[2015.06.03-05.07.56:829][311]LogContentBrowser:Verbose: The content browser source was changed by the sourc