Log file open, 05/20/15 23:50:16
LogInit:Display: Running engine for game: GodKiller
LogInit: Version: 4.7.6-2513093+++depot+UE4-Releases+4.7
LogInit: API Version: 2455222
LogInit: Compiled (64-bit): Apr 15 2015 12:09:54
LogInit: Compiled with Visual C++: 18.00.21005.01
LogInit: Build Configuration: Development
LogInit: Branch Name: ++depot+UE4-Releases+4.7
LogInit: Command line:  
LogInit: Base directory: E:/Program Files/Epic Games/4.7/Engine/Binaries/Win64/
LogInit: Rocket: 1
[2015.05.21-06.50.16:458][  0]LogTaskGraph: Started task graph with 3 named threads and 6 total threads.
[2015.05.21-06.50.16:524][  0]LogOnline:Warning: No default platform service specified for OnlineSubsystem
[2015.05.21-06.50.16:556][  0]LogInit: Presizing for 0 objects not considered by GC, pre-allocating 0 bytes.
[2015.05.21-06.50.16:567][  0]LogInit: Object subsystem initialized
[2015.05.21-06.50.16:569][  0]LogConsoleResponse:Warning: Skipping Unknown console variable: 'TranslucentSortAxis = (X=0.000000,Y=-1.000000,Z=0.000000)'
[2015.05.21-06.50.16:569][  0]LogConsoleResponse:Warning:   Found in ini file 'E:/Documents/GitHub/God-Killer/Saved/Config/Windows/Engine.ini', in section '[/Script/Engine.RendererSettings]'
[2015.05.21-06.50.16:569][  0]LogConsoleResponse:Warning: Skipping Unknown console variable: 'UIScaleRule = ShortestSide'
[2015.05.21-06.50.16:569][  0]LogConsoleResponse:Warning:   Found in ini file 'E:/Documents/GitHub/God-Killer/Saved/Config/Windows/Engine.ini', in section '[/Script/Engine.RendererSettings]'
[2015.05.21-06.50.16:569][  0]LogConsoleResponse:Warning: Skipping Unknown console variable: 'UIScaleCurve = (EditorCurveData=(Keys=),ExternalCurve=None)'
[2015.05.21-06.50.16:569][  0]LogConsoleResponse:Warning:   Found in ini file 'E:/Documents/GitHub/God-Killer/Saved/Config/Windows/Engine.ini', in section '[/Script/Engine.RendererSettings]'
[2015.05.21-06.50.16:569][  0]LogInit: Selected Device Profile: [Windows]
[2015.05.21-06.50.16:569][  0]LogInit: Applying CVar settings loaded from the selected device profile: [Windows]
[2015.05.21-06.50.16:578][  0]LogInit: Computer: JOSEPH-PC
[2015.05.21-06.50.16:578][  0]LogInit: User: Joseph
[2015.05.21-06.50.16:578][  0]LogInit: CPU Page size=4096, Cores=4
[2015.05.21-06.50.16:578][  0]LogInit: High frequency timer resolution =3.919462 MHz
[2015.05.21-06.50.16:578][  0]LogMemory: Memory total: Physical=15.9GB (16GB approx) Virtual=8192.0GB
[2015.05.21-06.50.16:578][  0]LogMemory: Platform Memory Stats for Windows
[2015.05.21-06.50.16:579][  0]LogMemory: Process Physical Memory: 53.25 MB used, 53.25 MB peak
[2015.05.21-06.50.16:579][  0]LogMemory: Process Virtual Memory: 29.99 MB used, 29.99 MB peak
[2015.05.21-06.50.16:579][  0]LogMemory: Physical Memory: 3393.82 MB used, 16280.89 MB total
[2015.05.21-06.50.16:579][  0]LogMemory: Virtual Memory: 283.62 MB used, 8388608.00 MB total
[2015.05.21-06.50.16:662][  0]LogD3D11RHI: Found D3D11 adapter 0: AMD Radeon R9 200 Series (Feature Level 11_0)
[2015.05.21-06.50.16:662][  0]LogD3D11RHI: Adapter has 4073MB of dedicated video memory, 0MB of dedicated system memory, and 3840MB of shared system memory, 1 output[s]
[2015.05.21-06.50.16:662][  0]LogD3D11RHI: Chosen D3D11 Adapter Id = 0
[2015.05.21-06.50.16:670][  0]LogRHI: Texture pool is 1361 MB (70% of 1945 MB)
[2015.05.21-06.50.16:692][  0]LogD3D11RHI: Async texture creation disabled: no driver support
[2015.05.21-06.50.16:828][  0]LogTextLocalizationManager: The requested culture ('en_US') has no localization data; parent culture's ('en') localization data will be used.
[2015.05.21-06.50.16:891][  0]LogTextLocalizationManager:Warning: Loading localization resources contain conflicting entries for (Namespace:UICommands, Key:Save_ToolTip):
Resource: (E:/Program Files/Epic Games/4.7/Engine/Content/Localization/Editor/en/Editor.locres) Hash: (-29098895) String: (Saves the current level to disk)
Resource: (E:/Program Files/Epic Games/4.7/Engine/Content/Localization/Engine/en/Engine.locres) Hash: (-1280300587) String: (Save selected data to vlog file)
[2015.05.21-06.50.16:892][  0]LogTextLocalizationManager:Warning: Loading localization resources contain conflicting entries for (Namespace:ContentBrowser, Key:ImportAssetToolTip):
Resource: (E:/Program Files/Epic Games/4.7/Engine/Content/Localization/Editor/en/Editor.locres) Hash: (-630476809) String: (Import to {0}...)
Resource: (E:/Program Files/Epic Games/4.7/Engine/Content/Localization/Editor/en/Editor.locres) Hash: (1271782899) String: (Imports an asset from file to this folder.)
[2015.05.21-06.50.16:977][  0]LogContentStreaming: Texture pool size is 0.000000MB
[2015.05.21-06.50.20:180][  0]LogTargetPlatformManager:Display: Building Assets For Windows
[2015.05.21-06.50.21:563][  0]LogTargetPlatformManager:Display: Building Assets For Windows
[2015.05.21-06.50.21:685][  0]LogDerivedDataCache:Display: Max Cache Size: 512 MB
[2015.05.21-06.50.21:753][  0]LogDerivedDataCache: Loaded boot cache 0.07s 39MB C:/Users/Joseph/AppData/Local/UnrealEngine/4.7/DerivedDataCache/Boot.ddc.
[2015.05.21-06.50.21:753][  0]LogDerivedDataCache:Display: Loaded Boot cache: C:/Users/Joseph/AppData/Local/UnrealEngine/4.7/DerivedDataCache/Boot.ddc
[2015.05.21-06.50.21:753][  0]LogDerivedDataCache: FDerivedDataBackendGraph:  Pak pak cache file ../../../../../../Documents/GitHub/God-Killer/DerivedDataCache/DDC.ddp not found, will not use a pak cache.
[2015.05.21-06.50.21:753][  0]LogDerivedDataCache: Unable to find inner node Pak for hierarchical cache Hierarchy.
[2015.05.21-06.50.21:878][  0]LogDerivedDataCache:Display: Pak cache opened for reading ../../../Engine/DerivedDataCache/Compressed.ddp.
[2015.05.21-06.50.21:890][  0]LogDerivedDataCache: Using Local data cache path C:/Users/Joseph/AppData/Local/UnrealEngine/Common/DerivedDataCache: Writable
[2015.05.21-06.50.22:334][  0]LogMeshUtilities: No automatic mesh reduction module available
[2015.05.21-06.50.22:334][  0]LogMeshUtilities: No automatic mesh merging module available
[2015.05.21-06.50.22:874][  0]LogInit: WinSock: version 1.1 (2.2), MaxSocks=32767, MaxUdp=65467
[2015.05.21-06.50.23:065][  0]LogSlate:Warning: Failed to load font data from '../../../Engine/Content/Slate/Fonts/Roboto-Italic.ttf'
[2015.05.21-06.50.24:493][  0]UdpMessaging: Initializing bridge on interface 0.0.0.0:0 to multicast group 230.0.0.1:6666.
[2015.05.21-06.50.24:935][  0]SourceControl: Info Source control is disabled
[2015.05.21-06.50.24:935][  0]SourceControl: Info Source control is disabled
[2015.05.21-06.50.24:935][  0]SourceControl: Info Source control is disabled
[2015.05.21-06.50.24:935][  0]LogSourceControl: RunCommandInternalRaw: 'git version'
[2015.05.21-06.50.24:936][  0]LogSourceControl: RunCommandInternalRaw: ExecProcess ReturnCode=2 OutResults=''
[2015.05.21-06.50.24:959][  0]SourceControl: Info Source control is disabled
[2015.05.21-06.50.25:443][  0]LogObj: 24232 objects as part of root set at end of initial load.
[2015.05.21-06.50.25:443][  0]LogUObjectAllocator: 5137168 out of 0 bytes used by permanent object pool.
[2015.05.21-06.50.25:572][  0]LogEngine: Initializing Engine...
[2015.05.21-06.50.27:772][  0]LogInit: XAudio2 using '1 - LG ULTRAWIDE (AMD High Definition Audio Device)' : 2 channels at 48 kHz using 16 bits per sample (channel mask 0x3)
[2015.05.21-06.50.27:790][  0]LogInit: FAudioDevice initialized.
[2015.05.21-06.50.27:875][  0]LogAIModule: Creating AISystem for world NewWorld
[2015.05.21-06.50.27:911][  0]LogDerivedDataCache: Saved boot cache 0.03s 39MB C:/Users/Joseph/AppData/Local/UnrealEngine/4.7/DerivedDataCache/Boot.ddc.
[2015.05.21-06.50.27:919][  0]LogInit: Texture streaming: Enabled
[2015.05.21-06.50.28:086][  0]LogAnalytics: Creating configured Analytics provider AnalyticsET
[2015.05.21-06.50.28:086][  0]LogAnalytics: ET APIKey = Rocket.Release. APIServer = http://et2.epicgames.com/ET2/. AppVersion = 4.7.6-2513093+++depot+UE4-Releases+4.7
[2015.05.21-06.50.28:086][  0]LogAnalytics: ET APIKey = Rocket.Release. DataRouterUploadURL = https://datarouter-public-service-gamedev.ol.epicgames.net/datarouter/api/v1/public/data. AppVersion = 4.7.6-2513093+++depot+UE4-Releases+4.7
[2015.05.21-06.50.28:086][  0]LogAnalytics: SetUserId b9e16797403c47e8d8c7f7803aa9954f|fbedbf84e6654fb9830ed15a26abc575|2ed228c2-85a1-483a-b700-9447107bbaed
[2015.05.21-06.50.28:087][  0]LogAnalytics: AnalyticsET::StartSession [Rocket.Release]
[2015.05.21-06.50.28:147][  0]LogInit: Transaction tracking system initialized
[2015.05.21-06.50.28:573][  0]BlueprintLog: New page: Editor Load
[2015.05.21-06.50.28:642][  0]LogAssetRegistry: FAssetRegistry took 0.0101 seconds to start up
[2015.05.21-06.50.28:643][  0]LogDirectoryWatcher:Warning: Failed to begin reading directory changes for ../../../Engine/Plugins/Experimental/CharacterAI/Content/. Error: 0
[2015.05.21-06.50.30:189][  0]LogTargetPlatformManager:Display: Building Assets For Windows
[2015.05.21-06.50.31:241][  0]LogTargetPlatformManager:Display: Building Assets For Windows
[2015.05.21-06.50.31:924][  0]LogSlate:Warning: Failed to load font data from '../../../Engine/Content/Editor/Slate/Fonts/Roboto-Regular.ttf'
[2015.05.21-06.50.31:925][  0]LogSlate:Warning: Failed to load font data from '../../../Engine/Content/Editor/Slate/Fonts/Roboto-Bold.ttf'
[2015.05.21-06.50.31:931][  0]LogConsoleResponse:Display: 
[2015.05.21-06.50.32:171][  0]LogCook:Display: Done creating registry. It took  0.00s.
[2015.05.21-06.50.32:570][  0]SourceControl: Info Source control is disabled
[2015.05.21-06.50.32:571][  0]Cmd: MAP LOAD FILE="../../../../../../Documents/GitHub/God-Killer/Content/Scene/NewCave.umap" TEMPLATE=0 SHOWPROGRESS=1 FEATURELEVEL=3
[2015.05.21-06.50.32:572][  0]LightingResults: New page: Lighting Build
[2015.05.21-06.50.32:599][  0]MapCheck: New page: Map Check
[2015.05.21-06.50.32:599][  0]LightingResults: New page: Lighting Build
[2015.05.21-06.50.32:611][  0]LogParticles: Destroying 0 GPU particle simulations for FXSystem 0x0000000018430680
[2015.05.21-06.50.38:378][  0]LogEditorServer: Finished looking for orphan Actors (0.000 secs)
[2015.05.21-06.50.38:379][  0]LogAIModule: Creating AISystem for world NewCave
[2015.05.21-06.50.38:379][  0]Cmd: MAP CHECKDEP
[2015.05.21-06.50.38:380][  0]MapCheck: New page: NewCave - May 20, 2015, 4:50:38 PM
[2015.05.21-06.50.38:625][  0]MapCheck: Info Map check complete: 0 Error(s), 0 Warning(s), took 245.268ms to complete.
[2015.05.21-06.50.38:625][  0]LogFileHelpers: Loading map 'NewCave' took 6.055
[2015.05.21-06.50.38:744][  0]LogCollectionManager: Loaded 0 collections in 0.003467 seconds
[2015.05.21-06.50.38:767][  0]LogContentBrowser: Native class hierarchy populated in 0.0222 seconds. Added 1696 classes and 261 folders.
[2015.05.21-06.50.38:906][  0]LogContentBrowser: Native class hierarchy updated for 'SceneOutliner' in 0.0071 seconds. Added 1 classes and 2 folders.
[2015.05.21-06.50.39:002][  0]LogCrashTracker: Crashtracker disabled due to settings.
[2015.05.21-06.50.39:004][  0]LogSlate:Warning: Failed to load font data from 'Veranda'
[2015.05.21-06.50.39:010][  0]LogUObjectGlobals:Warning: Failed to find object 'Class None.'
[2015.05.21-06.50.39:065][  0]LogLoad: Full Startup: 25.33 seconds (BP compile: 2.77 seconds)
[2015.05.21-06.50.39:492][  0]LogContentBrowser:Verbose: The content browser source was changed by the sources view to '/Game/Models/Door'
[2015.05.21-06.50.39:707][  0]LogRenderer:Warning: Reallocating scene render targets to support 32x32 (Frame:2).
[2015.05.21-06.50.39:915][  1]LogRenderer:Warning: Reallocating scene render targets to support 512x944 (Frame:17).
[2015.05.21-06.50.39:918][  1]Cmd: UpdateLandscapeEditorData -warnings
[2015.05.21-06.50.39:922][  1]Cmd: UpdateLandscapeEditorData
[2015.05.21-06.50.41:274][  5]LogAssetRegistry: Asset discovery search completed in 12.6426 seconds
[2015.05.21-06.50.51:779][813]LogEditorViewport: Clicking on Actor (LMB): StaticMeshActor (Door)
[2015.05.21-06.50.52:467][864]LogEditorViewport: Clicking on Actor (context menu): StaticMeshActor (Door)
[2015.05.21-06.50.53:802][  3]LogContentBrowser:Verbose: The content browser source was changed by the sources view to 'None'
[2015.05.21-06.50.53:802][  3]LogContentBrowser:Verbose: The content browser source was changed by the sources view to '/Game/Models/Door'
[2015.05.21-06.51.00:775][533]LogRenderer:Warning: Reallocating scene render targets to support 1000x944 (Frame:1810).
[2015.05.21-06.54.55:146][508]LogEditorFactories: Performing atomic reimport of [E:/Documents/GodKillerExports/Door/Door002.FBX]
[2015.05.21-06.54.55:221][508]LogFbx: Loading FBX Scene from E:/Documents/GodKillerExports/Door/Door002.FBX
[2015.05.21-06.54.55:252][508]LogFbx: FBX Scene Loaded Succesfully
[2015.05.21-06.54.55:291][508]LogFbx: == Initial material list:
[2015.05.21-06.54.55:291][508]LogFbx: 0: 02 - Default
[2015.05.21-06.54.55:291][508]LogFbx: == After sorting:
[2015.05.21-06.54.55:291][508]LogFbx: 0: 02 - Default
[2015.05.21-06.54.55:291][508]LogFbx: == Mapping table:
[2015.05.21-06.54.55:291][508]LogFbx:   sort 0 -> 0
[2015.05.21-06.54.55:344][508]LogStaticMesh: Building static mesh Door...
[2015.05.21-06.54.55:361][508]LogStaticMesh: Built static mesh [17.577923ms] /Game/Models/Door/Door.Door
[2015.05.21-06.54.55:381][508]LogEditorFactories: -- imported successfully
[2015.05.21-06.55.38:054][782]LogFactory: FactoryCreateBinary: Texture with TextureFactory (0 0 ../../../../../../Documents/GodKillerExports/Wall/Wall_dDo02/Wall_dDo02_d.tga)
[2015.05.21-06.55.38:393][782]0.000046 seconds to analyze Texture2D /Game/Models/Door/Wall_dDo02_d.Wall_dDo02_d

[2015.05.21-06.55.38:451][782]LogTexture:Display: Building textures: Wall_dDo02_d (AutoDXT)
[2015.05.21-06.56.01:316][782]LogFactory: FactoryCreateBinary: Texture with TextureFactory (0 0 ../../../../../../Documents/GodKillerExports/Wall/Wall_dDo02/Wall_dDo02_n.tga)
[2015.05.21-06.56.01:658][782]0.000046 seconds to analyze Texture2D /Game/Models/Door/Wall_dDo02_n.Wall_dDo02_n

[2015.05.21-06.56.01:722][782]LogTexture:Display: Building textures: Wall_dDo02_n (BC5)
[2015.05.21-06.56.05:179][782]LogFactory: FactoryCreateBinary: Texture with TextureFactory (0 0 ../../../../../../Documents/GodKillerExports/Wall/Wall_dDo02/Wall_dDo02_s.tga)
[2015.05.21-06.56.05:526][782]0.000049 seconds to analyze Texture2D /Game/Models/Door/Wall_dDo02_s.Wall_dDo02_s

[2015.05.21-06.56.05:585][782]LogTexture:Display: Building textures: Wall_dDo02_s (AutoDXT)
[2015.05.21-06.56.20:633][782]LogContentBrowser:Verbose: The content browser source was changed by the sources view to 'None'
[2015.05.21-06.56.20:634][782]LogContentBrowser:Verbose: The content browser source was changed by the sources view to '/Game/Models/Door'
[2015.05.21-06.56.20:634][782]LogContentBrowser:Verbose: The content browser source was changed by the sources view to '/Game/Models/Door'
[2015.05.21-06.56.20:635][782]LogContentBrowser:Verbose: The content browser source was changed by the sources view to '/Game/Models/Door'
[2015.05.21-06.56.24:357][998]LogMaterial: Missing cached shader map for material DoorMaty, compiling. 
[2015.05.21-06.56.24:399][998]LogActorComponent: UnregisterComponent: (/Engine/Transient.SkeletalMeshComponent_0) Not registered. Aborting.
[2015.05.21-06.56.24:466][998]LogActorComponent: UnregisterComponent: (/Engine/Transient.SkeletalMeshComponent_0) Not registered. Aborting.
[2015.05.21-06.56.24:466][998]LogActorComponent: RegisterComponentWithWorld: (/Engine/Transient.MaterialEditorMeshComponent_0) Already registered. Aborting.
[2015.05.21-06.56.24:466][998]LogActorComponent: UnregisterComponent: (/Engine/Transient.SkeletalMeshComponent_0) Not registered. Aborting.
[2015.05.21-06.56.24:466][998]LogActorComponent: RegisterComponentWithWorld: (/Engine/Transient.MaterialEditorMeshComponent_0) Already registered. Aborting.
[2015.05.21-06.56.24:472][998]LogMaterial: Missing cached shader map for material DoorMaty, compiling. 
[2015.05.21-06.56.24:478][998]LogMaterial: 0.000060 seconds spent updating 1 materials, 1 interfaces, 0 instances, 0 with static permutations.
[2015.05.21-06.56.24:500][998]LogMaterial: Missing cached shader map for material FMatExpressionPreview MaterialExpressionTextureSample_2, compiling. 
[2015.05.21-06.56.24:502][998]LogMaterial: Missing cached shader map for material FMatExpressionPreview MaterialExpressionTextureSample_0, compiling. 
[2015.05.21-06.56.24:504][998]LogMaterial: Missing cached shader map for material FMatExpressionPreview MaterialExpressionTextureSample_1, compiling. 
[2015.05.21-06.56.26:502][ 90]MaterialEditorStats: Info Base pass shader with static lighting: 79 instructions
[2015.05.21-06.56.26:502][ 90]MaterialEditorStats: Info Base pass shader with only dynamic lighting: 48 instructions
[2015.05.21-06.56.26:502][ 90]MaterialEditorStats: Info Vertex shader: 33 instructions
[2015.05.21-06.56.26:502][ 90]MaterialEditorStats: Info Texture samplers: 5/16
[2015.05.21-06.56.30:195][248]LogMaterial: Missing cached shader map for material DoorMaty, compiling. 
[2015.05.21-06.56.30:200][248]LogMaterial: 0.000100 seconds spent updating 1 materials, 1 interfaces, 0 instances, 0 with static permutations.
[2015.05.21-06.56.30:201][248]LogMaterial: Missing cached shader map for material FMatExpressionPreview MaterialExpressionTextureSample_3, compiling. 
[2015.05.21-06.56.30:225][248]LogMaterial: Missing cached shader map for material FMatExpressionPreview MaterialExpressionTextureSample_2, compiling. 
[2015.05.21-06.56.30:228][248]LogMaterial: Missing cached shader map for material FMatExpressionPreview MaterialExpressionTextureSample_0, compiling. 
[2015.05.21-06.56.30:230][248]LogMaterial: Missing cached shader map for material FMatExpressionPreview MaterialExpressionTextureSample_1, compiling. 
[2015.05.21-06.56.30:232][248]LogMaterial: Missing cached shader map for material FMatExpressionPreview MaterialExpressionTextureSample_3, compiling. 
[2015.05.21-06.56.30:245][248]LogMaterial: Missing cached shader map for material DoorMaty, compiling. 
[2015.05.21-06.56.30:250][248]LogMaterial: 0.000046 seconds spent updating 1 materials, 1 interfaces, 0 instances, 0 with static permutations.
[2015.05.21-06.56.30:251][248]LogMaterial: Missing cached shader map for material FMatExpressionPreview MaterialExpressionTextureSample_4, compiling. 
[2015.05.21-06.56.30:277][248]LogMaterial: Missing cached shader map for material FMatExpressionPreview MaterialExpressionTextureSample_2, compiling. 
[2015.05.21-06.56.30:279][248]LogMaterial: Missing cached shader map for material FMatExpressionPreview MaterialExpressionTextureSample_0, compiling. 
[2015.05.21-06.56.30:281][248]LogMaterial: Missing cached shader map for material FMatExpressionPreview MaterialExpressionTextureSample_1, compiling. 
[2015.05.21-06.56.30:283][248]LogMaterial: Missing cached shader map for material FMatExpressionPreview MaterialExpressionTextureSample_3, compiling. 
[2015.05.21-06.56.30:285][248]LogMaterial: Missing cached shader map for material FMatExpressionPreview MaterialExpressionTextureSample_4, compiling. 
[2015.05.21-06.56.30:299][248]LogMaterial: Missing cached shader map for material DoorMaty, compiling. 
[2015.05.21-06.56.30:305][248]LogMaterial: 0.000251 seconds spent updating 1 materials, 1 interfaces, 0 instances, 0 with static permutations.
[2015.05.21-06.56.30:305][248]LogMaterial: Missing cached shader map for material FMatExpressionPreview MaterialExpressionTextureSample_5, compiling. 
[2015.05.21-06.56.30:349][248]LogMaterial: Missing cached shader map for material FMatExpressionPreview MaterialExpressionTextureSample_2, compiling. 
[2015.05.21-06.56.30:352][248]LogMaterial: Missing cached shader map for material FMatExpressionPreview MaterialExpressionTextureSample_0, compiling. 
[2015.05.21-06.56.30:354][248]LogMaterial: Missing cached shader map for material FMatExpressionPreview MaterialExpressionTextureSample_1, compiling. 
[2015.05.21-06.56.30:356][248]LogMaterial: Missing cached shader map for material FMatExpressionPreview MaterialExpressionTextureSample_3, compiling. 
[2015.05.21-06.56.30:358][248]LogMaterial: Missing cached shader map for material FMatExpressionPreview MaterialExpressionTextureSample_4, compiling. 
[2015.05.21-06.56.30:360][248]LogMaterial: Missing cached shader map for material FMatExpressionPreview MaterialExpressionTextureSample_5, compiling. 
[2015.05.21-06.56.31:196][280]MaterialEditorStats: Info Base pass shader with static lighting: 79 instructions
[2015.05.21-06.56.31:196][280]MaterialEditorStats: Info Base pass shader with only dynamic lighting: 48 instructions
[2015.05.21-06.56.31:196][280]MaterialEditorStats: Info Vertex shader: 33 instructions
[2015.05.21-06.56.31:196][280]MaterialEditorStats: Info Texture samplers: 5/16
[2015.05.21-06.56.37:087][546]LogMaterial: Missing cached shader map for material DoorMaty, compiling. 
[2015.05.21-06.56.37:092][546]LogMaterial: 0.000080 seconds spent updating 1 materials, 1 interfaces, 0 instances, 0 with static permutations.
[2015.05.21-06.56.37:798][570]MaterialEditorStats: Info Base pass shader with static lighting: 60 instructions
[2015.05.21-06.56.37:798][570]MaterialEditorStats: Info Base pass shader with only dynamic lighting: 29 instructions
[2015.05.21-06.56.37:798][570]MaterialEditorStats: Info Vertex shader: 31 instructions
[2015.05.21-06.56.37:798][570]MaterialEditorStats: Info Texture samplers: 2/16
[2015.05.21-06.56.50:816][153]LogMaterial: Missing cached shader map for material DoorMaty, compiling. 
[2015.05.21-06.56.50:821][153]LogMaterial: 0.000088 seconds spent updating 1 materials, 1 interfaces, 0 instances, 0 with static permutations.
[2015.05.21-06.56.50:846][153]LogMaterial: Missing cached shader map for material FMatExpressionPreview MaterialExpressionTextureSample_3, compiling. 
[2015.05.21-06.56.51:627][182]MaterialEditorStats: Info Base pass shader with static lighting: 61 instructions
[2015.05.21-06.56.51:628][182]MaterialEditorStats: Info Base pass shader with only dynamic lighting: 30 instructions
[2015.05.21-06.56.51:628][182]MaterialEditorStats: Info Vertex shader: 33 instructions
[2015.05.21-06.56.51:628][182]MaterialEditorStats: Info Texture samplers: 3/16
[2015.05.21-06.56.52:682][237]LogMaterial: Missing cached shader map for material DoorMaty, compiling. 
[2015.05.21-06.56.52:688][237]LogMaterial: 0.000097 seconds spent updating 1 materials, 1 interfaces, 0 instances, 0 with static permutations.
[2015.05.21-06.56.52:711][237]LogMaterial: Missing cached shader map for material FMatExpressionPreview MaterialExpressionTextureSample_4, compiling. 
[2015.05.21-06.56.53:608][272]MaterialEditorStats: Info Base pass shader with static lighting: 64 instructions
[2015.05.21-06.56.53:608][272]MaterialEditorStats: Info Base pass shader with only dynamic lighting: 33 instructions
[2015.05.21-06.56.53:608][272]MaterialEditorStats: Info Vertex shader: 33 instructions
[2015.05.21-06.56.53:608][272]MaterialEditorStats: Info Texture samplers: 4/16
[2015.05.21-06.56.54:713][327]LogMaterial: Missing cached shader map for material DoorMaty, compiling. 
[2015.05.21-06.56.54:718][327]LogMaterial: 0.000081 seconds spent updating 1 materials, 1 interfaces, 0 instances, 0 with static permutations.
[2015.05.21-06.56.54:743][327]LogMaterial: Missing cached shader map for material FMatExpressionPreview MaterialExpressionTextureSample_5, compiling. 
[2015.05.21-06.56.55:562][358]MaterialEditorStats: Info Base pass shader with static lighting: 79 instructions
[2015.05.21-06.56.55:562][358]MaterialEditorStats: Info Base pass shader with only dynamic lighting: 48 instructions
[2015.05.21-06.56.55:562][358]MaterialEditorStats: Info Vertex shader: 33 instructions
[2015.05.21-06.56.55:562][358]MaterialEditorStats: Info Texture samplers: 5/16
[2015.05.21-06.56.57:158][432]LogMaterialEditor: Applying material DoorMaty
[2015.05.21-06.56.58:551][432]LogMaterial: Missing cached shader map for material DoorMaty, compiling. 
[2015.05.21-06.56.58:572][432]LogMaterial: 0.000102 seconds spent updating 1 materials, 1 interfaces, 0 instances, 0 with static permutations.
[2015.05.21-06.56.58:741][432]LogMaterial: Missing cached shader map for material DoorMaty, compiling. 
[2015.05.21-06.56.58:780][432]LogMaterial: Missing cached shader map for material DoorMaty, compiling. 
[2015.05.21-06.56.58:799][432]LogMaterial: 0.011116 seconds spent updating 1 materials, 1 interfaces, 0 instances, 0 with static permutations.
[2015.05.21-06.57.00:948][492]LogMaterialEditor: Saving and Compiling material DoorMaty
[2015.05.21-06.57.02:342][492]LogMaterial: Missing cached shader map for material DoorMaty, compiling. 
[2015.05.21-06.57.02:364][492]LogMaterial: 0.000066 seconds spent updating 1 materials, 1 interfaces, 0 instances, 0 with static permutations.
[2015.05.21-06.57.02:481][492]LogMaterial: Missing cached shader map for material DoorMaty, compiling. 
[2015.05.21-06.57.02:508][492]LogMaterial: Missing cached shader map for material DoorMaty, compiling. 
[2015.05.21-06.57.02:531][492]LogMaterial: 0.011912 seconds spent updating 1 materials, 1 interfaces, 0 instances, 0 with static permutations.
[2015.05.21-06.57.04:698][492]Cmd: OBJ SAVEPACKAGE PACKAGE="/Game/Models/Door/DoorMaty" FILE="../../../../../../Documents/GitHub/God-Killer/Content/Models/Door/DoorMaty.uasset" SILENT=true
[2015.05.21-06.57.04:934][492]LogSavePackage: Save=150.765839ms
[2015.05.21-06.57.04:934][492]LogSavePackage: Moving '../../../../../../Documents/GitHub/God-Killer/Saved/DoorMatyBC9636ED4D3A48A71755F999B67E6D3A.tmp' to '../../../../../../Documents/GitHub/God-Killer/Content/Models/Door/DoorMaty.uasset'
[2015.05.21-06.57.04:946][492]MaterialEditorStats: Info Base pass shader with static lighting: 100 instructions
[2015.05.21-06.57.04:946][492]MaterialEditorStats: Info Base pass shader with only dynamic lighting: 69 instructions
[2015.05.21-06.57.04:946][492]MaterialEditorStats: Info Vertex shader: 33 instructions
[2015.05.21-06.57.04:946][492]MaterialEditorStats: Info Texture samplers: 6/16
[2015.05.21-06.57.16:690][165]LogParticles: Destroying 0 GPU particle simulations for FXSystem 0x00000000237756C0
[2015.05.21-06.57.16:690][165]LogParticles: Destroying 0 GPU particle simulations for FXSystem 0x000000002F481BC0
[2015.05.21-06.57.18:152][165]LogObjectTools:Warning: ForceReplaceReferences replaced references for a transient object 'MaterialExpressionTextureSample_2' or package '/Engine/Transient'.
[2015.05.21-06.57.18:152][165]LogObjectTools:Warning: ForceReplaceReferences replaced references for a transient object 'MaterialExpressionTextureSample_0' or package '/Engine/Transient'.
[2015.05.21-06.57.18:153][165]LogObjectTools:Warning: ForceReplaceReferences replaced references for a transient object 'MaterialExpressionTextureSample_1' or package '/Engine/Transient'.
[2015.05.21-06.57.18:426][165]LogParticles: Destroying 0 GPU particle simulations for FXSystem 0x000000002C8F19E0
[2015.05.21-06.57.24:452][700]LogPlayLevel: PIE:  No blueprints needed recompiling
[2015.05.21-06.57.24:452][700]PIE: New page: PIE session: NewCave (May 20, 2015, 4:57:24 PM)
[2015.05.21-06.57.24:523][700]LogPlayLevel: PIE: StaticDuplicateObject took: (0.070813s)
[2015.05.21-06.57.24:524][700]LogPlayLevel: PIE: World Init took: (0.000907s)
[2015.05.21-06.57.24:524][700]LogPlayLevel: PIE: Created PIE world by copying editor world from /Game/Scene/NewCave.NewCave to /Game/Scene/UEDPIE_0_NewCave.NewCave (0.072004s)
[2015.05.21-06.57.24:595][700]LogWorld: Game class is 'ThirdPersonGameMode_C'
[2015.05.21-06.57.24:598][700]LogAIModule: Creating AISystem for world NewCave
[2015.05.21-06.57.24:715][700]LogWorld:Warning: *** WARNING - PATHS MAY NOT BE VALID ***
[2015.05.21-06.57.24:715][700]LogWorld: Bringing World /Game/Scene/UEDPIE_0_NewCave.NewCave up for play (max tick rate 0) at 2015.05.20-23.57.24
[2015.05.21-06.57.24:717][700]LogWorld: Bringing up level for play took: 0.118703
[2015.05.21-06.57.24:744][700]LogArray:Warning: Attempted to get an item from array Pos out of bounds [6/5]!
[2015.05.21-06.57.24:745][700]LogScript:Warning: Accessed None 'CallFunc_Array_Get_Item'
	KeySpawner_C /Game/Scene/UEDPIE_0_NewCave.NewCave:PersistentLevel.KeySpawner_C_2
	Function /Game/Key/KeySpawner.KeySpawner_C:ExecuteUbergraph_KeySpawner:0219
[2015.05.21-06.57.24:745][700]PIE:Error: Error Accessed None 'CallFunc_Array_Get_Item' from node Construction Script in blueprint KeySpawner
[2015.05.21-06.57.24:745][700]LogScript:Warning: Accessed None
	KeySpawner_C /Game/Scene/UEDPIE_0_NewCave.NewCave:PersistentLevel.KeySpawner_C_2
	Function /Game/Key/KeySpawner.KeySpawner_C:ExecuteUbergraph_KeySpawner:022F
[2015.05.21-06.57.24:745][700]PIE:Error: Error Accessed None from node Construction Script in blueprint KeySpawner
[2015.05.21-06.57.24:745][700]LogArray:Warning: Attempted to get an item from array Pos out of bounds [6/5]!
[2015.05.21-06.57.24:745][700]LogScript:Warning: Accessed None 'CallFunc_Array_Get_Item'
	KeySpawner_C /Game/Scene/UEDPIE_0_NewCave.NewCave:PersistentLevel.KeySpawner_C_2
	Function /Game/Key/KeySpawner.KeySpawner_C:ExecuteUbergraph_KeySpawner:02E1
[2015.05.21-06.57.24:745][700]PIE:Error: Error Accessed None 'CallFunc_Array_Get_Item' from node Construction Script in blueprint KeySpawner
[2015.05.21-06.57.24:745][700]LogScript:Warning: Accessed None
	KeySpawner_C /Game/Scene/UEDPIE_0_NewCave.NewCave:PersistentLevel.KeySpawner_C_2
	Function /Game/Key/KeySpawner.KeySpawner_C:ExecuteUbergraph_KeySpawner:02F7
[2015.05.21-06.57.24:745][700]PIE:Error: Error Accessed None from node Construction Script in blueprint KeySpawner
[2015.05.21-06.57.24:746][700]PIE: Info Play in editor start time for /Game/Scene/UEDPIE_0_NewCave 0.708
[2015.05.21-06.57.24:801][700]LogScript:Warning: Accessed None 'K2Node_DynamicCast_AsThird_Person_Character'
	SuccessScreen_C /Engine/Transient.UnrealEdEngine_0:GameInstance_0.SuccessScreen_C_0
	Function /Game/GUI/SuccessScreen.SuccessScreen_C:ExecuteUbergraph_SuccessScreen:00D2
[2015.05.21-06.57.39:682][ 86]LogParticles: Destroying 0 GPU particle simulations for FXSystem 0x00000000288691C0
[2015.05.21-06.57.42:672][211]Cmd: OBJ SAVEPACKAGE PACKAGE="/Game/Models/Door/Door" FILE="../../../../../../Documents/GitHub/God-Killer/Content/Models/Door/Door.uasset" SILENT=true
[2015.05.21-06.57.42:927][211]LogSavePackage: Save=171.716934ms
[2015.05.21-06.57.42:927][211]LogSavePackage: Moving '../../../../../../Documents/GitHub/God-Killer/Saved/DoorD141E7B84D9F659C5B338883F4182169.tmp' to '../../../../../../Documents/GitHub/God-Killer/Content/Models/Door/Door.uasset'
[2015.05.21-06.57.42:953][211]Cmd: OBJ SAVEPACKAGE PACKAGE="/Game/Models/Door/Wall_dDo02_d" FILE="../../../../../../Documents/GitHub/God-Killer/Content/Models/Door/Wall_dDo02_d.uasset" SILENT=true
[2015.05.21-06.57.52:953][211]LogSavePackage: Save=9997.280273ms
[2015.05.21-06.57.52:953][211]LogSavePackage: Moving '../../../../../../Documents/GitHub/God-Killer/Saved/Wall_dDo02_dDBBBC1C54BA0871A674E1F881CDEC1AF.tmp' to '../../../../../../Documents/GitHub/God-Killer/Content/Models/Door/Wall_dDo02_d.uasset'
[2015.05.21-06.57.53:018][211]Cmd: OBJ SAVEPACKAGE PACKAGE="/Game/Models/Door/Wall_dDo02_n" FILE="../../../../../../Documents/GitHub/God-Killer/Content/Models/Door/Wall_dDo02_n.uasset" SILENT=true
[2015.05.21-06.58.15:630][211]LogSavePackage: Save=22609.687500ms
[2015.05.21-06.58.15:630][211]LogSavePackage: Moving '../../../../../../Documents/GitHub/God-Killer/Saved/Wall_dDo02_nF6BE0EC144F0DFABC3E91680CDF9B54D.tmp' to '../../../../../../Documents/GitHub/God-Killer/Content/Models/Door/Wall_dDo02_n.uasset'
[2015.05.21-06.58.15:655][211]Cmd: OBJ SAVEPACKAGE PACKAGE="/Game/Models/Door/Wall_dDo02_s" FILE="../../../../../../Documents/GitHub/God-Killer/Content/Models/Door/Wall_dDo02_s.uasset" SILENT=true
[2015.05.21-06.58.43:263][211]LogSavePackage: Save=27604.812500ms
[2015.05.21-06.58.43:263][211]LogSavePackage: Moving '../../../../../../Documents/GitHub/God-Killer/Saved/Wall_dDo02_s1F11F2E9436C9827D47B86AB321FEFF2.tmp' to '../../../../../../Documents/GitHub/God-Killer/Content/Models/Door/Wall_dDo02_s.uasset'
[2015.05.21-06.58.43:618][211]Cmd: OBJ SAVEPACKAGE PACKAGE="/Game/Scene/NewCave" FILE="../../../../../../Documents/GitHub/God-Killer/Content/Scene/NewCave.umap" SILENT=true AUTOSAVING=false KEEPDIRTY=false
[2015.05.21-06.58.45:136][211]LogSavePackage: Save=1378.227905ms
[2015.05.21-06.58.45:136][211]LogSavePackage: Moving '../../../../../../Documents/GitHub/God-Killer/Saved/NewCaveDFDC7A2440D9567BE5A03294FF07E44F.tmp' to '../../../../../../Documents/GitHub/God-Killer/Content/Scene/NewCave.umap'
[2015.05.21-06.58.45:191][211]LogFileHelpers: Saving map 'NewCave' took 1.917
[2015.05.21-06.58.51:978][903]LogContentBrowser:Verbose: The content browser source was changed by the sources view to '/Game/Models/Wall'
[2015.05.21-06.59.02:232][824]LogPlayLevel: PIE:  No blueprints needed recompiling
[2015.05.21-06.59.02:232][824]PIE: New page: PIE session: NewCave (May 20, 2015, 4:59:02 PM)
[2015.05.21-06.59.02:305][824]LogPlayLevel: PIE: StaticDuplicateObject took: (0.072599s)
[2015.05.21-06.59.02:306][824]LogPlayLevel: PIE: World Init took: (0.001048s)
[2015.05.21-06.59.02:306][824]LogPlayLevel: PIE: Created PIE world by copying editor world from /Game/Scene/NewCave.NewCave to /Game/Scene/UEDPIE_0_NewCave.NewCave (0.073946s)
[2015.05.21-06.59.02:344][824]LogWorld: Game class is 'ThirdPersonGameMode_C'
[2015.05.21-06.59.02:346][824]LogAIModule: Creating AISystem for world NewCave
[2015.05.21-06.59.02:461][824]LogWorld:Warning: *** WARNING - PATHS MAY NOT BE VALID ***
[2015.05.21-06.59.02:461][824]LogWorld: Bringing World /Game/Scene/UEDPIE_0_NewCave.NewCave up for play (max tick rate 0) at 2015.05.20-23.59.02
[2015.05.21-06.59.02:463][824]LogWorld: Bringing up level for play took: 0.116554
[2015.05.21-06.59.02:470][824]LogArray:Warning: Attempted to get an item from array Pos out of bounds [6/5]!
[2015.05.21-06.59.02:470][824]LogScript:Warning: Accessed None 'CallFunc_Array_Get_Item'
	KeySpawner_C /Game/Scene/UEDPIE_0_NewCave.NewCave:PersistentLevel.KeySpawner_C_2
	Function /Game/Key/KeySpawner.KeySpawner_C:ExecuteUbergraph_KeySpawner:0219
[2015.05.21-06.59.02:470][824]PIE:Error: Error Accessed None 'CallFunc_Array_Get_Item' from node Construction Script in blueprint KeySpawner
[2015.05.21-06.59.02:470][824]LogScript:Warning: Accessed None
	KeySpawner_C /Game/Scene/UEDPIE_0_NewCave.NewCave:PersistentLevel.KeySpawner_C_2
	Function /Game/Key/KeySpawner.KeySpawner_C:ExecuteUbergraph_KeySpawner:022F
[2015.05.21-06.59.02:470][824]PIE:Error: Error Accessed None from node Construction Script in blueprint KeySpawner
[2015.05.21-06.59.02:470][824]LogArray:Warning: Attempted to get an item from array Pos out of bounds [6/5]!
[2015.05.21-06.59.02:470][824]LogScript:Warning: Accessed None 'CallFunc_Array_Get_Item'
	KeySpawner_C /Game/Scene/UEDPIE_0_NewCave.NewCave:PersistentLevel.KeySpawner_C_2
	Function /Game/Key/KeySpawner.KeySpawner_C:ExecuteUbergraph_KeySpawner:02E1
[2015.05.21-06.59.02:471][824]PIE:Error: Error Accessed None 'CallFunc_Array_Get_Item' from node Construction Script in blueprint KeySpawner
[2015.05.21-06.59.02:471][824]LogScript:Warning: Accessed None
	KeySpawner_C /Game/Scene/UEDPIE_0_NewCave.NewCave:PersistentLevel.KeySpawner_C_2
	Function /Game/Key/KeySpawner.KeySpawner_C:ExecuteUbergraph_KeySpawner:02F7
[2015.05.21-06.59.02:471][824]PIE:Error: Error Accessed None from node Construction Script in blueprint KeySpawner
[2015.05.21-06.59.02:471][824]PIE: Info Play in editor start time for /Game/Scene/UEDPIE_0_NewCave 0.431
[2015.05.21-06.59.02:491][824]LogScript:Warning: Accessed None 'K2Node_DynamicCast_AsThird_Person_Character'
	SuccessScreen_C /Engine/Transient.UnrealEdEngine_0:GameInstance_1.SuccessScreen_C_1
	Function /Game/GUI/SuccessScreen.SuccessScreen_C:ExecuteUbergraph_SuccessScreen:00D2
[2015.05.21-06.59.11:325][627]LogParticles: Destroying 0 GPU particle simulations for FXSystem 0x000000000FCC0AE0
[2015.05.21-06.59.15:982][983]Cmd: QUIT_EDITOR
[2015.05.21-06.59.16:252][983]LogExit: Preparing to exit.
[2015.05.21-06.59.16:668][983]LogExit: Editor shut down
[2015.05.21-06.59.16:668][983]LogExit: Transaction tracking system shut down
[2015.05.21-06.59.16:670][983]LogParticles: Destroying 0 GPU particle simulations for FXSystem 0x000000001BD27560
[2015.05.21-06.59.16:672][983]LogParticles: Destroying 0 GPU particle simulations for FXSystem 0x0000000027FF7EC0
[2015.05.21-06.59.16:673][983]LogParticles: Destroying 0 GPU particle simulations for FXSystem 0x0000000024AA2C00
[2015.05.21-06.59.16:673][983]LogParticles: Destroying 0 GPU particle simulations for FXSystem 0x000000002B1434C0
[2015.05.21-06.59.16:762][983]LogExit: Object subsystem successfully closed.
[2015.05.21-06.59.16:864][983]LogModuleManager: Shutting down and abandoning module MaterialEditor (179)
[2015.05.21-06.59.16:864][983]LogModuleManager: Shutting down and abandoning module StaticMeshEditor (178)
[2015.05.21-06.59.16:864][983]LogModuleManager: Shutting down and abandoning module CrashTracker (177)
[2015.05.21-06.59.16:864][983]LogModuleManager: Shutting down and abandoning module SuperSearch (176)
[2015.05.21-06.59.16:864][983]LogModuleManager: Shutting down and abandoning module SceneOutliner (175)
[2015.05.21-06.59.16:864][983]LogModuleManager: Shutting down and abandoning module EditorWidgets (174)
[2015.05.21-06.59.16:864][983]LogModuleManager: Shutting down and abandoning module CollectionManager (173)
[2015.05.21-06.59.16:864][983]LogModuleManager: Shutting down and abandoning module StatsViewer (172)
[2015.05.21-06.59.16:864][983]LogModuleManager: Shutting down and abandoning module FoliageEdit (171)
[2015.05.21-06.59.16:864][983]LogModuleManager: Shutting down and abandoning module LandscapeEditor (170)
[2015.05.21-06.59.16:865][983]LogModuleManager: Shutting down and abandoning module MeshPaint (169)
[2015.05.21-06.59.16:865][983]LogModuleManager: Shutting down and abandoning module ActorPickerMode (168)
[2015.05.21-06.59.16:865][983]LogModuleManager: Shutting down and abandoning module GeometryMode (167)
[2015.05.21-06.59.16:865][983]LogModuleManager: Shutting down and abandoning module TextureAlignMode (166)
[2015.05.21-06.59.16:865][983]LogModuleManager: Shutting down and abandoning module BspMode (165)
[2015.05.21-06.59.16:865][983]LogModuleManager: Shutting down and abandoning module PlacementMode (164)
[2015.05.21-06.59.16:865][983]LogModuleManager: Shutting down and abandoning module AutomationWorker (163)
[2015.05.21-06.59.16:865][983]LogModuleManager: Shutting down and abandoning module CharacterAI (162)
[2015.05.21-06.59.16:865][983]LogModuleManager: Shutting down and abandoning module SmartSnapping (161)
[2015.05.21-06.59.16:865][983]LogModuleManager: Shutting down and abandoning module ViewportSnapping (160)
[2015.05.21-06.59.16:865][983]LogModuleManager: Shutting down and abandoning module LogVisualizer (159)
[2015.05.21-06.59.16:865][983]LogModuleManager: Shutting down and abandoning module GameProjectGeneration (158)
[2015.05.21-06.59.16:865][983]LogModuleManager: Shutting down and abandoning module IntroTutorials (157)
[2015.05.21-06.59.16:865][983]LogModuleManager: Shutting down and abandoning module EditorLiveStreaming (156)
[2015.05.21-06.59.16:865][983]LogModuleManager: Shutting down and abandoning module HardwareTargeting (155)
[2015.05.21-06.59.16:865][983]LogModuleManager: Shutting down and abandoning module DeviceProfileEditor (154)
[2015.05.21-06.59.16:865][983]LogModuleManager: Shutting down and abandoning module UndoHistory (153)
[2015.05.21-06.59.16:865][983]LogModuleManager: Shutting down and abandoning module GameplayTagsEditor (152)
[2015.05.21-06.59.16:865][983]LogModuleManager: Shutting down and abandoning module UserFeedback (151)
[2015.05.21-06.59.16:865][983]LogModuleManager: Shutting down and abandoning module XmlParser (150)
[2015.05.21-06.59.16:865][983]LogModuleManager: Shutting down and abandoning module Blutility (149)
[2015.05.21-06.59.16:865][983]LogModuleManager: Shutting down and abandoning module IOSPlatformEditor (148)
[2015.05.21-06.59.16:865][983]LogModuleManager: Shutting down and abandoning module IOSRuntimeSettings (147)
[2015.05.21-06.59.16:865][983]LogModuleManager: Shutting down and abandoning module AndroidDeviceDetection (146)
[2015.05.21-06.59.17:475][983]LogModuleManager: Shutting down and abandoning module AndroidPlatformEditor (145)
[2015.05.21-06.59.17:475][983]LogModuleManager: Shutting down and abandoning module AndroidRuntimeSettings (144)
[2015.05.21-06.59.17:475][983]LogModuleManager: Shutting down and abandoning module ProjectTargetPlatformEditor (143)
[2015.05.21-06.59.17:475][983]LogModuleManager: Shutting down and abandoning module ProjectSettingsViewer (142)
[2015.05.21-06.59.17:475][983]LogModuleManager: Shutting down and abandoning module InputBindingEditor (141)
[2015.05.21-06.59.17:475][983]LogModuleManager: Shutting down and abandoning module EditorSettingsViewer (140)
[2015.05.21-06.59.17:475][983]LogModuleManager: Shutting down and abandoning module SettingsEditor (139)
[2015.05.21-06.59.17:475][983]LogModuleManager: Shutting down and abandoning module ProjectLauncher (138)
[2015.05.21-06.59.17:475][983]LogModuleManager: Shutting down and abandoning module SessionFrontend (137)
[2015.05.21-06.59.17:475][983]LogModuleManager: Shutting down and abandoning module ProfilerClient (136)
[2015.05.21-06.59.17:475][983]LogModuleManager: Shutting down and abandoning module TargetDeviceServices (135)
[2015.05.21-06.59.17:475][983]LogModuleManager: Shutting down and abandoning module DeviceManager (134)
[2015.05.21-06.59.17:475][983]LogModuleManager: Shutting down and abandoning module AutomationController (133)
[2015.05.21-06.59.17:475][983]LogModuleManager: Shutting down and abandoning module AutomationWindow (132)
[2015.05.21-06.59.17:476][983]LogModuleManager: Shutting down and abandoning module Layers (131)
[2015.05.21-06.59.17:476][983]LogModuleManager: Shutting down and abandoning module ComponentVisualizers (130)
[2015.05.21-06.59.17:476][983]LogModuleManager: Shutting down and abandoning module DetailCustomizations (129)
[2015.05.21-06.59.17:476][983]LogModuleManager: Shutting down and abandoning module PackagesDialog (128)
[2015.05.21-06.59.17:476][983]LogModuleManager: Shutting down and abandoning module AssetRegistry (127)
[2015.05.21-06.59.17:602][983]LogModuleManager: Shutting down and abandoning module Persona (126)
[2015.05.21-06.59.17:602][983]LogModuleManager: Shutting down and abandoning module SlateReflector (125)
[2015.05.21-06.59.17:602][983]LogModuleManager: Shutting down and abandoning module LevelEditor (124)
[2015.05.21-06.59.17:603][983]LogModuleManager: Shutting down and abandoning module Kismet (123)
[2015.05.21-06.59.17:603][983]LogModuleManager: Shutting down and abandoning module GraphEditor (122)
[2015.05.21-06.59.17:603][983]LogModuleManager: Shutting down and abandoning module ClassViewer (121)
[2015.05.21-06.59.17:603][983]LogModuleManager: Shutting down and abandoning module Toolbox (120)
[2015.05.21-06.59.17:603][983]LogModuleManager: Shutting down and abandoning module ModuleUI (119)
[2015.05.21-06.59.17:603][983]LogModuleManager: Shutting down and abandoning module MovieSceneTools (118)
[2015.05.21-06.59.17:603][983]LogModuleManager: Shutting down and abandoning module OutputLog (117)
[2015.05.21-06.59.17:603][983]LogModuleManager: Shutting down and abandoning module GammaUI (116)
[2015.05.21-06.59.17:603][983]LogModuleManager: Shutting down and abandoning module Documentation (115)
[2015.05.21-06.59.17:603][983]LogModuleManager: Shutting down and abandoning module GameLiveStreaming (114)
[2015.05.21-06.59.17:603][983]LogModuleManager: Shutting down and abandoning module StreamingPauseRendering (113)
[2015.05.21-06.59.17:603][983]LogModuleManager: Shutting down and abandoning module HTTP (112)
[2015.05.21-06.59.17:603][983]LogModuleManager: Shutting down and abandoning module AnalyticsET (111)
[2015.05.21-06.59.17:603][983]LogModuleManager: Shutting down and abandoning module Analytics (110)
[2015.05.21-06.59.17:603][983]LogModuleManager: Shutting down and abandoning module AITestSuite (109)
[2015.05.21-06.59.17:603][983]LogModuleManager: Shutting down and abandoning module GameplayDebugger (108)
[2015.05.21-06.59.17:603][983]LogModuleManager: Shutting down and abandoning module AIModule (107)
[2015.05.21-06.59.17:603][983]LogModuleManager: Shutting down and abandoning module ProfilerService (106)
[2015.05.21-06.59.17:821][983]LogModuleManager: Shutting down and abandoning module TaskGraph (105)
[2015.05.21-06.59.17:821][983]LogModuleManager: Shutting down and abandoning module SlateRemote (104)
[2015.05.21-06.59.17:821][983]LogModuleManager: Shutting down and abandoning module ScriptEditorPlugin (103)
[2015.05.21-06.59.17:821][983]LogModuleManager: Shutting down and abandoning module CustomMeshComponent (102)
[2015.05.21-06.59.17:821][983]LogModuleManager: Shutting down and abandoning module CableComponent (101)
[2015.05.21-06.59.17:821][983]LogModuleManager: Shutting down and abandoning module MessagingDebugger (100)
[2015.05.21-06.59.17:821][983]LogModuleManager: Shutting down and abandoning module MediaPlayerEditor (99)
[2015.05.21-06.59.17:821][983]LogModuleManager: Shutting down and abandoning module SpeedTreeImporter (98)
[2015.05.21-06.59.17:821][983]LogModuleManager: Shutting down and abandoning module PluginsEditor (97)
[2015.05.21-06.59.17:821][983]LogModuleManager: Shutting down and abandoning module MainFrame (96)
[2015.05.21-06.59.17:821][983]LogModuleManager: Shutting down and abandoning module EpicSurvey (95)
[2015.05.21-06.59.17:821][983]LogModuleManager: Shutting down and abandoning module DesktopPlatform (94)
[2015.05.21-06.59.17:821][983]LogModuleManager: Shutting down and abandoning module DirectoryWatcher (93)
[2015.05.21-06.59.17:821][983]LogModuleManager: Shutting down and abandoning module HotReload (92)
[2015.05.21-06.59.17:822][983]LogModuleManager: Shutting down and abandoning module VisualStudioSourceCodeAccess (91)
[2015.05.21-06.59.17:822][983]LogModuleManager: Shutting down and abandoning module UObjectPlugin (90)
[2015.05.21-06.59.17:822][983]LogModuleManager: Shutting down and abandoning module SubversionSourceControl (89)
[2015.05.21-06.59.17:822][983]LogModuleManager: Shutting down and abandoning module PerforceSourceControl (88)
[2015.05.21-06.59.17:822][983]LogModuleManager: Shutting down and abandoning module SourceControl (87)
[2015.05.21-06.59.17:822][983]LogModuleManager: Shutting down and abandoning module GitSourceControl (86)
[2015.05.21-06.59.17:822][983]LogModuleManager: Shutting down and abandoning module BlankPlugin (85)
[2015.05.21-06.59.17:822][983]LogModuleManager: Shutting down and abandoning module PaperTiledImporter (84)
[2015.05.21-06.59.17:822][983]LogModuleManager: Shutting down and abandoning module PaperJsonImporter (83)
[2015.05.21-06.59.17:822][983]LogModuleManager: Shutting down and abandoning module ContentBrowser (82)
[2015.05.21-06.59.17:822][983]LogModuleManager: Shutting down and abandoning module Paper2DEditor (81)
[2015.05.21-06.59.17:822][983]LogModuleManager: Shutting down and abandoning module ScriptPlugin (80)
[2015.05.21-06.59.17:822][983]LogModuleManager: Shutting down and abandoning module UdpMessaging (79)
[2015.05.21-06.59.17:922][983]LogModuleManager: Shutting down and abandoning module Paper2D (78)
[2015.05.21-06.59.17:922][983]LogModuleManager: Shutting down and abandoning module WindowsMoviePlayer (77)
[2015.05.21-06.59.17:925][983]LogModuleManager: Shutting down and abandoning module Media (76)
[2015.05.21-06.59.17:925][983]LogModuleManager: Shutting down and abandoning module WmfMedia (75)
[2015.05.21-06.59.17:925][983]LogModuleManager: Shutting down and abandoning module OnlineBlueprintSupport (74)
[2015.05.21-06.59.17:925][983]LogModuleManager: Shutting down and abandoning module PropertyEditor (73)
[2015.05.21-06.59.17:925][983]LogModuleManager: Shutting down and abandoning module BehaviorTreeEditor (72)
[2015.05.21-06.59.17:925][983]LogModuleManager: Shutting down and abandoning module FunctionalTesting (71)
[2015.05.21-06.59.17:925][983]LogModuleManager: Shutting down and abandoning module CollisionAnalyzer (70)
[2015.05.21-06.59.17:925][983]LogModuleManager: Shutting down and abandoning module WorkspaceMenuStructure (69)
[2015.05.21-06.59.17:925][983]LogModuleManager: Shutting down and abandoning module MessageLog (68)
[2015.05.21-06.59.17:925][983]LogModuleManager: Shutting down and abandoning module Sequencer (67)
[2015.05.21-06.59.17:925][983]LogModuleManager: Shutting down and abandoning module AssetTools (66)
[2015.05.21-06.59.17:926][983]LogModuleManager: Shutting down and abandoning module UMGEditor (65)
[2015.05.21-06.59.17:926][983]LogModuleManager: Shutting down and abandoning module UMG (64)
[2015.05.21-06.59.17:926][983]LogModuleManager: Shutting down and abandoning module Slate (63)
[2015.05.21-06.59.17:926][983]LogModuleManager: Shutting down and abandoning module EditorStyle (62)
[2015.05.21-06.59.17:935][983]LogModuleManager: Shutting down and abandoning module SessionServices (61)
[2015.05.21-06.59.17:935][983]LogModuleManager: Shutting down and abandoning module SourceCodeAccess (60)
[2015.05.21-06.59.17:935][983]LogModuleManager: Shutting down and abandoning module HeadMountedDisplay (59)
[2015.05.21-06.59.17:935][983]LogModuleManager: Shutting down and abandoning module XAudio2 (58)
[2015.05.21-06.59.17:935][983]LogModuleManager: Shutting down and abandoning module Networking (56)
[2015.05.21-06.59.17:935][983]LogModuleManager: Shutting down and abandoning module Core (55)
[2015.05.21-06.59.17:935][983]LogModuleManager: Shutting down and abandoning module KismetCompiler (54)
[2015.05.21-06.59.17:935][983]LogModuleManager: Shutting down and abandoning module PhysXFormats (53)
[2015.05.21-06.59.17:935][983]LogModuleManager: Shutting down and abandoning module MeshUtilities (52)
[2015.05.21-06.59.17:935][983]LogModuleManager: Shutting down and abandoning module DerivedDataCache (51)
[2015.05.21-06.59.17:954][983]LogDerivedDataCache: Shutdown
[2015.05.21-06.59.17:954][983]LogModuleManager: Shutting down and abandoning module ShaderFormatOpenGL (50)
[2015.05.21-06.59.17:954][983]LogModuleManager: Shutting down and abandoning module ShaderFormatD3D (49)
[2015.05.21-06.59.17:954][983]LogModuleManager: Shutting down and abandoning module MetalShaderFormat (48)
[2015.05.21-06.59.17:954][983]LogModuleManager: Shutting down and abandoning module TextureFormatUncompressed (47)
[2015.05.21-06.59.17:954][983]LogModuleManager: Shutting down and abandoning module TextureFormatPVR (46)
[2015.05.21-06.59.17:954][983]LogModuleManager: Shutting down and abandoning module TextureFormatIntelISPCTexComp (45)
[2015.05.21-06.59.17:954][983]LogModuleManager: Shutting down and abandoning module TextureFormatDXT (44)
[2015.05.21-06.59.17:954][983]LogModuleManager: Shutting down and abandoning module ImageWrapper (43)
[2015.05.21-06.59.17:954][983]LogModuleManager: Shutting down and abandoning module TextureFormatASTC (42)
[2015.05.21-06.59.17:954][983]LogModuleManager: Shutting down and abandoning module TextureFormatAndroid (41)
[2015.05.21-06.59.17:954][983]LogModuleManager: Shutting down and abandoning module AudioFormatOpus (40)
[2015.05.21-06.59.17:954][983]LogModuleManager: Shutting down and abandoning module AudioFormatOgg (39)
[2015.05.21-06.59.17:954][983]LogModuleManager: Shutting down and abandoning module AudioFormatADPCM (38)
[2015.05.21-06.59.17:954][983]LogModuleManager: Shutting down and abandoning module LinuxTargetPlatform (37)
[2015.05.21-06.59.17:954][983]LogModuleManager: Shutting down and abandoning module LinuxServerTargetPlatform (36)
[2015.05.21-06.59.17:954][983]LogModuleManager: Shutting down and abandoning module LinuxNoEditorTargetPlatform (35)
[2015.05.21-06.59.17:954][983]LogModuleManager: Shutting down and abandoning module Messaging (34)
[2015.05.21-06.59.17:954][983]LogModuleManager: Shutting down and abandoning module IOSTargetPlatform (33)
[2015.05.21-06.59.17:954][983]LogModuleManager: Shutting down and abandoning module HTML5TargetPlatform (32)
[2015.05.21-06.59.17:954][983]LogModuleManager: Shutting down and abandoning module Android_PVRTCTargetPlatform (31)
[2015.05.21-06.59.17:954][983]LogModuleManager: Shutting down and abandoning module Android_ETC2TargetPlatform (30)
[2015.05.21-06.59.17:954][983]LogModuleManager: Shutting down and abandoning module Android_ETC1TargetPlatform (29)
[2015.05.21-06.59.17:954][983]LogModuleManager: Shutting down and abandoning module Android_ES31TargetPlatform (28)
[2015.05.21-06.59.17:954][983]LogModuleManager: Shutting down and abandoning module Android_DXTTargetPlatform (27)
[2015.05.21-06.59.17:954][983]LogModuleManager: Shutting down and abandoning module Android_ATCTargetPlatform (26)
[2015.05.21-06.59.17:954][983]LogModuleManager: Shutting down and abandoning module AndroidTargetPlatform (25)
[2015.05.21-06.59.17:954][983]LogModuleManager: Shutting down and abandoning module WindowsTargetPlatform (24)
[2015.05.21-06.59.17:954][983]LogModuleManager: Shutting down and abandoning module WindowsServerTargetPlatform (23)
[2015.05.21-06.59.17:954][983]LogModuleManager: Shutting down and abandoning module WindowsNoEditorTargetPlatform (22)
[2015.05.21-06.59.17:954][983]LogModuleManager: Shutting down and abandoning module WindowsClientTargetPlatform (21)
[2015.05.21-06.59.17:954][983]LogModuleManager: Shutting down and abandoning module TargetPlatform (20)
[2015.05.21-06.59.17:954][983]LogModuleManager: Shutting down and abandoning module InputCore (19)
[2015.05.21-06.59.17:954][983]LogModuleManager: Shutting down and abandoning module Settings (18)
[2015.05.21-06.59.17:954][983]LogModuleManager: Shutting down and abandoning module OnlineSubsystem (16)
[2015.05.21-06.59.17:954][983]LogModuleManager: Shutting down and abandoning module OculusRift (15)
[2015.05.21-06.59.17:954][983]LogModuleManager: Shutting down and abandoning module ExampleDeviceProfileSelector (14)
[2015.05.21-06.59.17:954][983]LogModuleManager: Shutting down and abandoning module TextureCompressor (13)
[2015.05.21-06.59.17:954][983]LogModuleManager: Shutting down and abandoning module ShaderCore (12)
[2015.05.21-06.59.17:954][983]LogModuleManager: Shutting down and abandoning module Landscape (11)
[2015.05.21-06.59.17:954][983]LogModuleManager: Shutting down and abandoning module SlateRHIRenderer (10)
[2015.05.21-06.59.17:958][983]LogModuleManager: Shutting down and abandoning module OpenGLDrv (9)
[2015.05.21-06.59.17:958][983]LogModuleManager: Shutting down and abandoning module D3D11RHI (8)
[2015.05.21-06.59.17:958][983]LogModuleManager: Shutting down and abandoning module Renderer (7)
[2015.05.21-06.59.17:958][983]LogModuleManager: Shutting down and abandoning module Engine (6)
[2015.05.21-06.59.17:958][983]LogModuleManager: Shutting down and abandoning module CoreUObject (5)
[2015.05.21-06.59.17:958][983]LogModuleManager: Shutting down and abandoning module NetworkFile (4)
[2015.05.21-06.59.17:958][983]LogModuleManager: Shutting down and abandoning module StreamingFile (3)
[2015.05.21-06.59.17:958][983]LogModuleManager: Shutting down and abandoning module SandboxFile (2)
[2015.05.21-06.59.17:958][983]LogModuleManager: Shutting down and abandoning module PakFile (1)
[2015.05.21-06.59.17:959][983]LogExit: Exiting.
[2015.05.21-06.59.17:983][983]Log file closed, 05/20/15 23:59:17
