Log file open, 05/11/15 18:32:10
LogInit:Display: Running engine for game: GodKiller
LogInit: Version: 4.7.6-2513093+++depot+UE4-Releases+4.7
LogInit: API Version: 2455222
LogInit: Compiled (64-bit): Apr 15 2015 12:09:54
LogInit: Compiled with Visual C++: 18.00.21005.01
LogInit: Build Configuration: Development
LogInit: Branch Name: ++depot+UE4-Releases+4.7
LogInit: Command line:  
LogInit: Base directory: E:/Program Files/Epic Games/4.7/Engine/Binaries/Win64/
LogInit: Rocket: 1
[2015.05.12-01.32.10:168][  0]LogTaskGraph: Started task graph with 3 named threads and 6 total threads.
[2015.05.12-01.32.10:237][  0]LogOnline:Warning: No default platform service specified for OnlineSubsystem
[2015.05.12-01.32.10:365][  0]LogInit: Presizing for 0 objects not considered by GC, pre-allocating 0 bytes.
[2015.05.12-01.32.10:486][  0]LogInit: Object subsystem initialized
[2015.05.12-01.32.10:565][  0]LogConsoleResponse:Warning: Skipping Unknown console variable: 'TranslucentSortAxis = (X=0.000000,Y=-1.000000,Z=0.000000)'
[2015.05.12-01.32.10:565][  0]LogConsoleResponse:Warning:   Found in ini file 'E:/Documents/GitHub/God-Killer/Saved/Config/Windows/Engine.ini', in section '[/Script/Engine.RendererSettings]'
[2015.05.12-01.32.10:565][  0]LogConsoleResponse:Warning: Skipping Unknown console variable: 'UIScaleRule = ShortestSide'
[2015.05.12-01.32.10:565][  0]LogConsoleResponse:Warning:   Found in ini file 'E:/Documents/GitHub/God-Killer/Saved/Config/Windows/Engine.ini', in section '[/Script/Engine.RendererSettings]'
[2015.05.12-01.32.10:565][  0]LogConsoleResponse:Warning: Skipping Unknown console variable: 'UIScaleCurve = (EditorCurveData=(Keys=),ExternalCurve=None)'
[2015.05.12-01.32.10:565][  0]LogConsoleResponse:Warning:   Found in ini file 'E:/Documents/GitHub/God-Killer/Saved/Config/Windows/Engine.ini', in section '[/Script/Engine.RendererSettings]'
[2015.05.12-01.32.10:607][  0]LogInit: Selected Device Profile: [Windows]
[2015.05.12-01.32.10:607][  0]LogInit: Applying CVar settings loaded from the selected device profile: [Windows]
[2015.05.12-01.32.10:705][  0]LogInit: Computer: JOSEPH-PC
[2015.05.12-01.32.10:705][  0]LogInit: User: Joseph
[2015.05.12-01.32.10:705][  0]LogInit: CPU Page size=4096, Cores=4
[2015.05.12-01.32.10:705][  0]LogInit: High frequency timer resolution =3.919472 MHz
[2015.05.12-01.32.10:705][  0]LogMemory: Memory total: Physical=15.9GB (16GB approx) Virtual=8192.0GB
[2015.05.12-01.32.10:705][  0]LogMemory: Platform Memory Stats for Windows
[2015.05.12-01.32.10:705][  0]LogMemory: Process Physical Memory: 53.24 MB used, 53.24 MB peak
[2015.05.12-01.32.10:705][  0]LogMemory: Process Virtual Memory: 34.09 MB used, 34.09 MB peak
[2015.05.12-01.32.10:705][  0]LogMemory: Physical Memory: 3769.77 MB used, 16280.89 MB total
[2015.05.12-01.32.10:705][  0]LogMemory: Virtual Memory: 291.04 MB used, 8388608.00 MB total
[2015.05.12-01.32.10:858][  0]LogD3D11RHI: Found D3D11 adapter 0: AMD Radeon R9 200 Series (Feature Level 11_0)
[2015.05.12-01.32.10:858][  0]LogD3D11RHI: Adapter has 4073MB of dedicated video memory, 0MB of dedicated system memory, and 3840MB of shared system memory, 1 output[s]
[2015.05.12-01.32.10:859][  0]LogD3D11RHI: Chosen D3D11 Adapter Id = 0
[2015.05.12-01.32.10:871][  0]LogRHI: Texture pool is 1361 MB (70% of 1945 MB)
[2015.05.12-01.32.10:893][  0]LogD3D11RHI: Async texture creation disabled: no driver support
[2015.05.12-01.32.12:004][  0]LogTextLocalizationManager: The requested culture ('en_US') has no localization data; parent culture's ('en') localization data will be used.
[2015.05.12-01.32.12:160][  0]LogTextLocalizationManager:Warning: Loading localization resources contain conflicting entries for (Namespace:UICommands, Key:Save_ToolTip):
Resource: (E:/Program Files/Epic Games/4.7/Engine/Content/Localization/Editor/en/Editor.locres) Hash: (-29098895) String: (Saves the current level to disk)
Resource: (E:/Program Files/Epic Games/4.7/Engine/Content/Localization/Engine/en/Engine.locres) Hash: (-1280300587) String: (Save selected data to vlog file)
[2015.05.12-01.32.12:160][  0]LogTextLocalizationManager:Warning: Loading localization resources contain conflicting entries for (Namespace:ContentBrowser, Key:ImportAssetToolTip):
Resource: (E:/Program Files/Epic Games/4.7/Engine/Content/Localization/Editor/en/Editor.locres) Hash: (-630476809) String: (Import to {0}...)
Resource: (E:/Program Files/Epic Games/4.7/Engine/Content/Localization/Editor/en/Editor.locres) Hash: (1271782899) String: (Imports an asset from file to this folder.)
[2015.05.12-01.32.12:260][  0]LogContentStreaming: Texture pool size is 0.000000MB
[2015.05.12-01.32.17:741][  0]LogTargetPlatformManager:Display: Building Assets For Windows
[2015.05.12-01.32.19:650][  0]LogTargetPlatformManager:Display: Building Assets For Windows
[2015.05.12-01.32.19:834][  0]LogDerivedDataCache:Display: Max Cache Size: 512 MB
[2015.05.12-01.32.19:998][  0]LogDerivedDataCache: Loaded boot cache 0.16s 39MB C:/Users/Joseph/AppData/Local/UnrealEngine/4.7/DerivedDataCache/Boot.ddc.
[2015.05.12-01.32.19:998][  0]LogDerivedDataCache:Display: Loaded Boot cache: C:/Users/Joseph/AppData/Local/UnrealEngine/4.7/DerivedDataCache/Boot.ddc
[2015.05.12-01.32.19:998][  0]LogDerivedDataCache: FDerivedDataBackendGraph:  Pak pak cache file ../../../../../../Documents/GitHub/God-Killer/DerivedDataCache/DDC.ddp not found, will not use a pak cache.
[2015.05.12-01.32.19:998][  0]LogDerivedDataCache: Unable to find inner node Pak for hierarchical cache Hierarchy.
[2015.05.12-01.32.20:153][  0]LogDerivedDataCache:Display: Pak cache opened for reading ../../../Engine/DerivedDataCache/Compressed.ddp.
[2015.05.12-01.32.20:168][  0]LogDerivedDataCache: Using Local data cache path C:/Users/Joseph/AppData/Local/UnrealEngine/Common/DerivedDataCache: Writable
[2015.05.12-01.32.26:827][  0]LogMeshUtilities: No automatic mesh reduction module available
[2015.05.12-01.32.26:827][  0]LogMeshUtilities: No automatic mesh merging module available
[2015.05.12-01.32.29:387][  0]LogInit: WinSock: version 1.1 (2.2), MaxSocks=32767, MaxUdp=65467
[2015.05.12-01.32.29:763][  0]LogSlate:Warning: Failed to load font data from '../../../Engine/Content/Slate/Fonts/Roboto-Italic.ttf'
[2015.05.12-01.32.47:872][  0]UdpMessaging: Initializing bridge on interface 0.0.0.0:0 to multicast group 230.0.0.1:6666.
[2015.05.12-01.32.48:766][  0]SourceControl: Info Source control is disabled
[2015.05.12-01.32.48:777][  0]SourceControl: Info Source control is disabled
[2015.05.12-01.32.48:777][  0]SourceControl: Info Source control is disabled
[2015.05.12-01.32.48:777][  0]LogSourceControl: RunCommandInternalRaw: 'git version'
[2015.05.12-01.32.48:777][  0]LogSourceControl: RunCommandInternalRaw: ExecProcess ReturnCode=2 OutResults=''
[2015.05.12-01.32.48:805][  0]SourceControl: Info Source control is disabled
[2015.05.12-01.32.49:976][  0]LogObj: 24232 objects as part of root set at end of initial load.
[2015.05.12-01.32.49:976][  0]LogUObjectAllocator: 5137168 out of 0 bytes used by permanent object pool.
[2015.05.12-01.32.50:513][  0]LogEngine: Initializing Engine...
[2015.05.12-01.32.54:073][  0]LogInit: XAudio2 using '1 - LG ULTRAWIDE (AMD High Definition Audio Device)' : 2 channels at 48 kHz using 16 bits per sample (channel mask 0x3)
[2015.05.12-01.32.54:125][  0]LogInit: FAudioDevice initialized.
[2015.05.12-01.32.54:533][  0]LogAIModule: Creating AISystem for world NewWorld
[2015.05.12-01.32.54:626][  0]LogDerivedDataCache: Saved boot cache 0.03s 39MB C:/Users/Joseph/AppData/Local/UnrealEngine/4.7/DerivedDataCache/Boot.ddc.
[2015.05.12-01.32.54:634][  0]LogInit: Texture streaming: Enabled
[2015.05.12-01.32.55:204][  0]LogAnalytics: Creating configured Analytics provider AnalyticsET
[2015.05.12-01.32.55:204][  0]LogAnalytics: ET APIKey = Rocket.Release. APIServer = http://et2.epicgames.com/ET2/. AppVersion = 4.7.6-2513093+++depot+UE4-Releases+4.7
[2015.05.12-01.32.55:204][  0]LogAnalytics: ET APIKey = Rocket.Release. DataRouterUploadURL = https://datarouter-public-service-gamedev.ol.epicgames.net/datarouter/api/v1/public/data. AppVersion = 4.7.6-2513093+++depot+UE4-Releases+4.7
[2015.05.12-01.32.55:204][  0]LogAnalytics: SetUserId b9e16797403c47e8d8c7f7803aa9954f|fbedbf84e6654fb9830ed15a26abc575|2ed228c2-85a1-483a-b700-9447107bbaed
[2015.05.12-01.32.55:215][  0]LogAnalytics: AnalyticsET::StartSession [Rocket.Release]
[2015.05.12-01.32.55:377][  0]LogInit: Transaction tracking system initialized
[2015.05.12-01.32.56:232][  0]BlueprintLog: New page: Editor Load
[2015.05.12-01.32.56:321][  0]LogAssetRegistry: FAssetRegistry took 0.0105 seconds to start up
[2015.05.12-01.32.56:322][  0]LogDirectoryWatcher:Warning: Failed to begin reading directory changes for ../../../Engine/Plugins/Experimental/CharacterAI/Content/. Error: 0
[2015.05.12-01.32.59:201][  0]LogTargetPlatformManager:Display: Building Assets For Windows
[2015.05.12-01.33.00:231][  0]LogTargetPlatformManager:Display: Building Assets For Windows
[2015.05.12-01.33.02:007][  0]LogSlate:Warning: Failed to load font data from '../../../Engine/Content/Editor/Slate/Fonts/Roboto-Regular.ttf'
[2015.05.12-01.33.02:008][  0]LogSlate:Warning: Failed to load font data from '../../../Engine/Content/Editor/Slate/Fonts/Roboto-Bold.ttf'
[2015.05.12-01.33.02:139][  0]LogConsoleResponse:Display: 
[2015.05.12-01.33.03:748][  0]LogCook:Display: Done creating registry. It took  0.00s.
[2015.05.12-01.33.05:316][  0]SourceControl: Info Source control is disabled
[2015.05.12-01.33.05:392][  0]Cmd: MAP LOAD FILE="../../../../../../Documents/GitHub/God-Killer/Content/Scene/NewCave.umap" TEMPLATE=0 SHOWPROGRESS=1 FEATURELEVEL=3
[2015.05.12-01.33.05:433][  0]LightingResults: New page: Lighting Build
[2015.05.12-01.33.05:589][  0]MapCheck: New page: Map Check
[2015.05.12-01.33.05:589][  0]LightingResults: New page: Lighting Build
[2015.05.12-01.33.05:781][  0]LogParticles: Destroying 0 GPU particle simulations for FXSystem 0x000000000494C680
[2015.05.12-01.33.08:145][  0]LogLinker:Warning: Asset '../../../Engine/Content/EngineMeshes/Humanoid.uasset' has been saved with empty engine version. The asset will be loaded but may be incompatible.
[2015.05.12-01.33.14:485][  0]LogTexture:Display: Building textures: T_burlap (AutoDXT)
[2015.05.12-01.33.14:996][  0]LogMaterial: Missing cached shader map for material Mat_Burlap, compiling. 
[2015.05.12-01.33.16:302][  0]LogEditorServer: Finished looking for orphan Actors (0.000 secs)
[2015.05.12-01.33.16:340][  0]LogAIModule: Creating AISystem for world NewCave
[2015.05.12-01.33.16:373][  0]Cmd: MAP CHECKDEP
[2015.05.12-01.33.16:382][  0]MapCheck: New page: NewCave - May 11, 2015, 11:33:16 AM
[2015.05.12-01.33.16:687][  0]MapCheck: Info Map check complete: 0 Error(s), 0 Warning(s), took 314.132ms to complete.
[2015.05.12-01.33.16:688][  0]LogFileHelpers: Loading map 'NewCave' took 11.329
[2015.05.12-01.33.17:705][  0]LogCollectionManager: Loaded 0 collections in 0.002489 seconds
[2015.05.12-01.33.17:737][  0]LogContentBrowser: Native class hierarchy populated in 0.0315 seconds. Added 1696 classes and 261 folders.
[2015.05.12-01.33.18:194][  0]LogContentBrowser: Native class hierarchy updated for 'SceneOutliner' in 0.0083 seconds. Added 1 classes and 2 folders.
[2015.05.12-01.33.18:650][  0]LogCrashTracker: Crashtracker disabled due to settings.
[2015.05.12-01.33.18:686][  0]LogSlate:Warning: Failed to load font data from 'Veranda'
[2015.05.12-01.33.18:748][  0]LogUObjectGlobals:Warning: Failed to find object 'Class None.'
[2015.05.12-01.33.18:845][  0]LogLoad: Full Startup: 76.20 seconds (BP compile: 2.54 seconds)
[2015.05.12-01.33.19:301][  0]LogContentBrowser:Verbose: The content browser source was changed by the sources view to '/Game/Models/Env'
[2015.05.12-01.33.20:104][  0]LogRenderer:Warning: Reallocating scene render targets to support 1264x968 (Frame:2).
[2015.05.12-01.33.20:421][  1]Cmd: UpdateLandscapeEditorData -warnings
[2015.05.12-01.33.20:525][  1]Cmd: UpdateLandscapeEditorData
[2015.05.12-01.33.21:935][  6]LogAssetRegistry: Asset discovery search completed in 25.6238 seconds
[2015.05.12-01.33.25:912][334]LogPlayLevel: PIE:  No blueprints needed recompiling
[2015.05.12-01.33.25:924][334]PIE: New page: PIE session: NewCave (May 11, 2015, 11:33:25 AM)
[2015.05.12-01.33.26:015][334]LogPlayLevel: PIE: StaticDuplicateObject took: (0.090903s)
[2015.05.12-01.33.26:016][334]LogPlayLevel: PIE: World Init took: (0.000857s)
[2015.05.12-01.33.26:016][334]LogPlayLevel: PIE: Created PIE world by copying editor world from /Game/Scene/NewCave.NewCave to /Game/Scene/UEDPIE_0_NewCave.NewCave (0.092003s)
[2015.05.12-01.33.26:138][334]LogWorld: Game class is 'ThirdPersonGameMode_C'
[2015.05.12-01.33.26:207][334]LogAIModule: Creating AISystem for world NewCave
[2015.05.12-01.33.26:302][334]LogWorld:Warning: *** WARNING - PATHS MAY NOT BE VALID ***
[2015.05.12-01.33.26:302][334]LogWorld: Bringing World /Game/Scene/UEDPIE_0_NewCave.NewCave up for play (max tick rate 0) at 2015.05.11-18.33.26
[2015.05.12-01.33.26:303][334]LogWorld: Bringing up level for play took: 0.095795
[2015.05.12-01.33.26:430][334]PIE: Info Play in editor start time for /Game/Scene/UEDPIE_0_NewCave 1.075
[2015.05.12-01.33.33:437][ 27]LogBlueprintUserMessages: 100.0
[2015.05.12-01.33.35:990][273]LogBlueprintUserMessages: 99.0
[2015.05.12-01.33.36:297][295]LogBlueprintUserMessages: 48.0
[2015.05.12-01.33.36:452][310]LogBlueprintUserMessages: 47.0
[2015.05.12-01.33.37:465][404]LogBlueprintUserMessages: 46.0
[2015.05.12-01.33.38:205][474]LogBlueprintUserMessages: 10.0
[2015.05.12-01.33.38:959][546]LogBlueprintUserMessages: -18.0
[2015.05.12-01.33.41:040][744]LogBlueprintUserMessages: -18.0
[2015.05.12-01.33.44:789][106]LogBlueprintUserMessages: 100.0
[2015.05.12-01.33.50:095][627]LogBlueprintUserMessages: 100.0
[2015.05.12-01.33.55:061][108]LogBlueprintUserMessages: 0.0
[2015.05.12-01.33.55:805][179]LogBlueprintUserMessages: 0.0
[2015.05.12-01.33.55:805][179]LogBlueprintUserMessages: 100.0
[2015.05.12-01.33.56:020][199]LogBlueprintUserMessages: 94.0
[2015.05.12-01.33.56:563][250]LogBlueprintUserMessages: 38.0
[2015.05.12-01.33.58:691][439]LogParticles: Destroying 0 GPU particle simulations for FXSystem 0x00000000192E23E0
[2015.05.12-01.34.03:632][759]LogContentBrowser:Verbose: The content browser source was changed by the sources view to '/Game/Models'
[2015.05.12-01.34.08:669][125]LogContentBrowser:Verbose: The content browser source was changed by the sources view to '/Game/Models/Rocks'
[2015.05.12-01.34.12:095][399]LogContentBrowser:Verbose: The content browser source was changed by the sources view to '/Game/Models'
[2015.05.12-01.34.14:753][617]LogContentBrowser:Verbose: The content browser source was changed by the sources view to '/Game/Models'
[2015.05.12-01.34.18:914][ 37]LogContentBrowser:Verbose: The content browser source was changed by the sources view to '/Game/Models/Door'
[2015.05.12-01.34.23:255][170]LogFactory: FactoryCreateBinary: Texture with TextureFactory (0 0 ../../../../../../Documents/GodKillerExports/base_dDo_d.tga)
[2015.05.12-01.34.23:385][170]0.000039 seconds to analyze Texture2D /Game/Models/Door/base_dDo_d.base_dDo_d

[2015.05.12-01.34.23:399][170]LogTexture:Display: Building textures: base_dDo_d (AutoDXT)
[2015.05.12-01.34.27:802][170]LogFactory: FactoryCreateBinary: Texture with TextureFactory (0 0 ../../../../../../Documents/GodKillerExports/base_dDo_n.tga)
[2015.05.12-01.34.27:886][170]0.000033 seconds to analyze Texture2D /Game/Models/Door/base_dDo_n.base_dDo_n

[2015.05.12-01.34.27:927][170]LogTexture:Display: Building textures: base_dDo_n (BC5)
[2015.05.12-01.34.28:644][170]LogFactory: FactoryCreateBinary: Texture with TextureFactory (0 0 ../../../../../../Documents/GodKillerExports/base_dDo_s.tga)
[2015.05.12-01.34.28:726][170]0.000036 seconds to analyze Texture2D /Game/Models/Door/base_dDo_s.base_dDo_s

[2015.05.12-01.34.28:739][170]LogTexture:Display: Building textures: base_dDo_s (AutoDXT)
[2015.05.12-01.34.30:541][170]LogContentBrowser:Verbose: The content browser source was changed by the sources view to 'None'
[2015.05.12-01.34.30:541][170]LogContentBrowser:Verbose: The content browser source was changed by the sources view to '/Game/Models/Door'
[2015.05.12-01.34.30:542][170]LogContentBrowser:Verbose: The content browser source was changed by the sources view to '/Game/Models/Door'
[2015.05.12-01.34.30:542][170]LogContentBrowser:Verbose: The content browser source was changed by the sources view to '/Game/Models/Door'
[2015.05.12-01.34.40:697][282]LogFactory: FactoryCreateBinary: StaticMesh with FbxFactory (0 0 ../../../../../../Documents/GodKillerExports/Door/Door.FBX)
[2015.05.12-01.34.40:773][282]LogFbx: ItemName: GlobalSettings, ItemCount : 1
[2015.05.12-01.34.40:773][282]LogFbx: ItemName: AnimationStack, ItemCount : 1
[2015.05.12-01.34.40:773][282]LogFbx: ItemName: AnimationLayer, ItemCount : 1
[2015.05.12-01.34.40:774][282]LogFbx: ItemName: Model, ItemCount : 1
[2015.05.12-01.34.40:774][282]LogFbx: ItemName: Geometry, ItemCount : 1
[2015.05.12-01.34.40:774][282]LogFbx: ItemName: Material, ItemCount : 1
[2015.05.12-01.34.40:774][282]LogFbx: ItemName: Texture, ItemCount : 1
[2015.05.12-01.34.40:774][282]LogFbx: ItemName: Video, ItemCount : 1
[2015.05.12-01.34.42:404][282]LogFbx: Loading FBX Scene from ../../../../../../Documents/GodKillerExports/Door/Door.FBX
[2015.05.12-01.34.42:431][282]LogFbx: FBX Scene Loaded Succesfully
[2015.05.12-01.34.42:450][282]LogFbx:Warning: Triangulating static mesh Capsule001
[2015.05.12-01.34.42:638][282]LogFbx: == Initial material list:
[2015.05.12-01.34.42:638][282]LogFbx: 0: 02 - Default
[2015.05.12-01.34.42:638][282]LogFbx: == After sorting:
[2015.05.12-01.34.42:638][282]LogFbx: 0: 02 - Default
[2015.05.12-01.34.42:638][282]LogFbx: == Mapping table:
[2015.05.12-01.34.42:638][282]LogFbx:   sort 0 -> 0
[2015.05.12-01.34.42:640][282]LogStaticMesh: Building static mesh Door...
[2015.05.12-01.34.42:722][282]LogStaticMesh: Built static mesh [82.168724ms] /Game/Models/Door/Door.Door
[2015.05.12-01.34.42:727][282]LogStaticMesh:Warning: Door has degenerate tangent bases which will result in incorrect shading. 
[2015.05.12-01.34.44:606][282]LogContentBrowser:Verbose: The content browser source was changed by the sources view to 'None'
[2015.05.12-01.34.44:607][282]LogContentBrowser:Verbose: The content browser source was changed by the sources view to '/Game/Models/Door'
[2015.05.12-01.34.46:266][414]LogRenderer:Warning: Reallocating scene render targets to support 1760x968 (Frame:6313).
[2015.05.12-01.35.14:719][522]LogContentBrowser:Verbose: The content browser source was changed by the sources view to '/Game/Models/Door'
[2015.05.12-01.35.22:972][287]LogMaterial: Missing cached shader map for material DoorMaty, compiling. 
[2015.05.12-01.35.23:007][287]LogActorComponent: UnregisterComponent: (/Engine/Transient.SkeletalMeshComponent_0) Not registered. Aborting.
[2015.05.12-01.35.23:149][287]LogActorComponent: UnregisterComponent: (/Engine/Transient.SkeletalMeshComponent_0) Not registered. Aborting.
[2015.05.12-01.35.23:149][287]LogActorComponent: RegisterComponentWithWorld: (/Engine/Transient.MaterialEditorMeshComponent_0) Already registered. Aborting.
[2015.05.12-01.35.23:149][287]LogActorComponent: UnregisterComponent: (/Engine/Transient.SkeletalMeshComponent_0) Not registered. Aborting.
[2015.05.12-01.35.23:149][287]LogActorComponent: RegisterComponentWithWorld: (/Engine/Transient.MaterialEditorMeshComponent_0) Already registered. Aborting.
[2015.05.12-01.35.23:154][287]LogMaterial: Missing cached shader map for material DoorMaty, compiling. 
[2015.05.12-01.35.23:159][287]LogMaterial: 0.000038 seconds spent updating 1 materials, 1 interfaces, 0 instances, 0 with static permutations.
[2015.05.12-01.35.24:837][394]MaterialEditorStats: Info Base pass shader with only dynamic lighting: 29 instructions
[2015.05.12-01.35.24:837][394]MaterialEditorStats: Info Vertex shader: 31 instructions
[2015.05.12-01.35.24:837][394]MaterialEditorStats: Info Texture samplers: 0/16
[2015.05.12-01.35.28:254][590]LogMaterial: Missing cached shader map for material DoorMaty, compiling. 
[2015.05.12-01.35.28:260][590]LogMaterial: 0.000114 seconds spent updating 1 materials, 1 interfaces, 0 instances, 0 with static permutations.
[2015.05.12-01.35.28:260][590]LogMaterial: Missing cached shader map for material FMatExpressionPreview MaterialExpressionTextureSample_0, compiling. 
[2015.05.12-01.35.28:292][590]LogMaterial: Missing cached shader map for material FMatExpressionPreview MaterialExpressionTextureSample_0, compiling. 
[2015.05.12-01.35.28:311][590]LogMaterial: Missing cached shader map for material DoorMaty, compiling. 
[2015.05.12-01.35.28:320][590]LogMaterial: 0.001226 seconds spent updating 1 materials, 1 interfaces, 0 instances, 0 with static permutations.
[2015.05.12-01.35.28:321][590]LogMaterial: Missing cached shader map for material FMatExpressionPreview MaterialExpressionTextureSample_1, compiling. 
[2015.05.12-01.35.28:350][590]LogMaterial: Missing cached shader map for material FMatExpressionPreview MaterialExpressionTextureSample_0, compiling. 
[2015.05.12-01.35.28:353][590]LogMaterial: Missing cached shader map for material FMatExpressionPreview MaterialExpressionTextureSample_1, compiling. 
[2015.05.12-01.35.28:372][590]LogMaterial: Missing cached shader map for material DoorMaty, compiling. 
[2015.05.12-01.35.28:380][590]LogMaterial: 0.000054 seconds spent updating 1 materials, 1 interfaces, 0 instances, 0 with static permutations.
[2015.05.12-01.35.28:381][590]LogMaterial: Missing cached shader map for material FMatExpressionPreview MaterialExpressionTextureSample_2, compiling. 
[2015.05.12-01.35.28:408][590]LogMaterial: Missing cached shader map for material FMatExpressionPreview MaterialExpressionTextureSample_0, compiling. 
[2015.05.12-01.35.28:412][590]LogMaterial: Missing cached shader map for material FMatExpressionPreview MaterialExpressionTextureSample_1, compiling. 
[2015.05.12-01.35.28:415][590]LogMaterial: Missing cached shader map for material FMatExpressionPreview MaterialExpressionTextureSample_2, compiling. 
[2015.05.12-01.35.29:131][612]MaterialEditorStats: Info Base pass shader with only dynamic lighting: 29 instructions
[2015.05.12-01.35.29:131][612]MaterialEditorStats: Info Vertex shader: 31 instructions
[2015.05.12-01.35.29:131][612]MaterialEditorStats: Info Texture samplers: 0/16
[2015.05.12-01.35.31:778][758]LogMaterial: Missing cached shader map for material DoorMaty, compiling. 
[2015.05.12-01.35.31:782][758]LogMaterial: 0.000097 seconds spent updating 1 materials, 1 interfaces, 0 instances, 0 with static permutations.
[2015.05.12-01.35.31:878][758]LogMaterial: Missing cached shader map for material FMatExpressionPreview MaterialExpressionTextureSample_2, compiling. 
[2015.05.12-01.35.32:458][784]MaterialEditorStats: Info Base pass shader with only dynamic lighting: 30 instructions
[2015.05.12-01.35.32:458][784]MaterialEditorStats: Info Vertex shader: 33 instructions
[2015.05.12-01.35.32:458][784]MaterialEditorStats: Info Texture samplers: 1/16
[2015.05.12-01.35.34:792][914]LogMaterial: Missing cached shader map for material DoorMaty, compiling. 
[2015.05.12-01.35.34:797][914]LogMaterial: 0.000122 seconds spent updating 1 materials, 1 interfaces, 0 instances, 0 with static permutations.
[2015.05.12-01.35.34:820][914]LogMaterial: Missing cached shader map for material FMatExpressionPreview MaterialExpressionTextureSample_1, compiling. 
[2015.05.12-01.35.35:519][947]MaterialEditorStats: Info Base pass shader with only dynamic lighting: 45 instructions
[2015.05.12-01.35.35:519][947]MaterialEditorStats: Info Vertex shader: 33 instructions
[2015.05.12-01.35.35:519][947]MaterialEditorStats: Info Texture samplers: 2/16
[2015.05.12-01.35.37:886][ 73]LogMaterial: Missing cached shader map for material DoorMaty, compiling. 
[2015.05.12-01.35.37:891][ 73]LogMaterial: 0.000069 seconds spent updating 1 materials, 1 interfaces, 0 instances, 0 with static permutations.
[2015.05.12-01.35.37:914][ 73]LogMaterial: Missing cached shader map for material FMatExpressionPreview MaterialExpressionTextureSample_0, compiling. 
[2015.05.12-01.35.38:604][105]MaterialEditorStats: Info Base pass shader with only dynamic lighting: 48 instructions
[2015.05.12-01.35.38:605][105]MaterialEditorStats: Info Vertex shader: 33 instructions
[2015.05.12-01.35.38:605][105]MaterialEditorStats: Info Texture samplers: 3/16
[2015.05.12-01.35.38:841][118]LogActorComponent: UnregisterComponent: (/Engine/Transient.SkeletalMeshComponent_0) Not registered. Aborting.
[2015.05.12-01.35.38:841][118]LogActorComponent: RegisterComponentWithWorld: (/Engine/Transient.MaterialEditorMeshComponent_0) Already registered. Aborting.
[2015.05.12-01.35.40:919][241]LogActorComponent: UnregisterComponent: (/Engine/Transient.SkeletalMeshComponent_0) Not registered. Aborting.
[2015.05.12-01.35.40:919][241]LogActorComponent: RegisterComponentWithWorld: (/Engine/Transient.MaterialEditorMeshComponent_0) Already registered. Aborting.
[2015.05.12-01.35.43:270][379]LogActorComponent: UnregisterComponent: (/Engine/Transient.SkeletalMeshComponent_0) Not registered. Aborting.
[2015.05.12-01.35.43:270][379]LogActorComponent: RegisterComponentWithWorld: (/Engine/Transient.MaterialEditorMeshComponent_0) Already registered. Aborting.
[2015.05.12-01.35.50:927][836]LogMaterial: Missing cached shader map for material DoorMaty, compiling. 
[2015.05.12-01.35.50:932][836]LogMaterial: 0.000112 seconds spent updating 1 materials, 1 interfaces, 0 instances, 0 with static permutations.
[2015.05.12-01.35.51:620][872]MaterialEditorStats: Info Base pass shader with only dynamic lighting: 48 instructions
[2015.05.12-01.35.51:620][872]MaterialEditorStats: Info Vertex shader: 33 instructions
[2015.05.12-01.35.51:620][872]MaterialEditorStats: Info Texture samplers: 3/16
[2015.05.12-01.35.53:978][ 11]LogMaterial: Missing cached shader map for material DoorMaty, compiling. 
[2015.05.12-01.35.53:983][ 11]LogMaterial: 0.000101 seconds spent updating 1 materials, 1 interfaces, 0 instances, 0 with static permutations.
[2015.05.12-01.35.54:743][ 50]MaterialEditorStats: Info Base pass shader with only dynamic lighting: 48 instructions
[2015.05.12-01.35.54:743][ 50]MaterialEditorStats: Info Vertex shader: 33 instructions
[2015.05.12-01.35.54:743][ 50]MaterialEditorStats: Info Texture samplers: 3/16
[2015.05.12-01.36.02:454][533]LogMaterial: Missing cached shader map for material DoorMaty, compiling. 
[2015.05.12-01.36.02:459][533]LogMaterial: 0.000101 seconds spent updating 1 materials, 1 interfaces, 0 instances, 0 with static permutations.
[2015.05.12-01.36.03:169][571]MaterialEditorStats: Info Base pass shader with only dynamic lighting: 48 instructions
[2015.05.12-01.36.03:169][571]MaterialEditorStats: Info Vertex shader: 33 instructions
[2015.05.12-01.36.03:169][571]MaterialEditorStats: Info Texture samplers: 3/16
[2015.05.12-01.36.05:678][725]LogMaterialEditor: Applying material DoorMaty
[2015.05.12-01.36.07:044][725]LogMaterial: Missing cached shader map for material DoorMaty, compiling. 
[2015.05.12-01.36.07:063][725]LogMaterial: 0.000093 seconds spent updating 1 materials, 1 interfaces, 0 instances, 0 with static permutations.
[2015.05.12-01.36.07:130][725]LogMaterial: Missing cached shader map for material DoorMaty, compiling. 
[2015.05.12-01.36.07:147][725]LogMaterial: Missing cached shader map for material DoorMaty, compiling. 
[2015.05.12-01.36.07:162][725]LogMaterial: 0.009416 seconds spent updating 1 materials, 1 interfaces, 0 instances, 0 with static permutations.
[2015.05.12-01.38.36:464][205]LogEditorFactories: Performing atomic reimport of [E:/Documents/GodKillerExports/Door/Door.FBX]
[2015.05.12-01.38.36:475][205]LogFbx: Loading FBX Scene from E:/Documents/GodKillerExports/Door/Door.FBX
[2015.05.12-01.38.36:485][205]LogFbx: FBX Scene Loaded Succesfully
[2015.05.12-01.38.36:490][205]LogFbx: == Initial material list:
[2015.05.12-01.38.36:490][205]LogFbx: 0: 02 - Default
[2015.05.12-01.38.36:490][205]LogFbx: == After sorting:
[2015.05.12-01.38.36:490][205]LogFbx: 0: 02 - Default
[2015.05.12-01.38.36:490][205]LogFbx: == Mapping table:
[2015.05.12-01.38.36:490][205]LogFbx:   sort 0 -> 0
[2015.05.12-01.38.36:532][205]LogStaticMesh: Building static mesh Door...
[2015.05.12-01.38.36:552][205]LogStaticMesh: Built static mesh [20.374172ms] /Game/Models/Door/Door.Door
[2015.05.12-01.38.36:560][205]LogStaticMesh:Warning: Door has degenerate tangent bases which will result in incorrect shading. 
[2015.05.12-01.38.37:732][205]LogEditorFactories: -- imported successfully
[2015.05.12-01.38.47:837][294]LogActorFactory: Actor Factory created Door
[2015.05.12-01.38.48:643][353]LogActorFactory: Actor Factory created Door
[2015.05.12-01.39.00:834][553]LogStaticMesh: Building static mesh Door...
[2015.05.12-01.39.00:854][553]LogStaticMesh: Built static mesh [20.816324ms] /Game/Models/Door/Door.Door
[2015.05.12-01.39.00:859][553]LogStaticMesh:Warning: Door has degenerate tangent bases which will result in incorrect shading. 
[2015.05.12-01.39.43:305][566]LogStaticMesh: Building static mesh Door...
[2015.05.12-01.39.43:325][566]LogStaticMesh: Built static mesh [22.353266ms] /Game/Models/Door/Door.Door
[2015.05.12-01.39.43:330][566]LogStaticMesh:Warning: Door has degenerate tangent bases which will result in incorrect shading. 
[2015.05.12-01.39.47:803][905]MapCheck: New page: Map Check
[2015.05.12-01.39.47:865][905]Cmd: MAP REBUILD ALLVISIBLE
[2015.05.12-01.39.47:865][905]LogEditorServer: Rebuildmap Clear paths rebuilt
[2015.05.12-01.39.50:499][905]LightingResults: New page: Lighting Build - May 11, 2015, 11:39:50 AM
[2015.05.12-01.39.56:776][905]LogStaticLightingSystem: Running Lightmass w/ ImmediateImport mode ENABLED
[2015.05.12-01.39.56:776][905]LogStaticLightingSystem: Running Lightmass w/ ImmediateProcess mode ENABLED
[2015.05.12-01.39.56:776][905]LogStaticLightingSystem: Running Lightmass w/ Sorting mode ENABLED
[2015.05.12-01.39.56:776][905]LogStaticLightingSystem: Running Lightmass w/ Mapping paddings ENABLED
[2015.05.12-01.39.56:776][905]LogStaticLightingSystem: Running Lightmass w/ Mapping debug paddings DISABLED
[2015.05.12-01.39.57:346][905]LogEditorBuildUtils: Build time 0:00:09
[2015.05.12-01.39.57:384][906]Cmd: UpdateLandscapeEditorData
[2015.05.12-01.39.57:453][908]LogMaterial: Missing cached shader map for material FLightmassMaterialRenderer Mat_Burlap, compiling. 
[2015.05.12-01.39.57:457][908]LogMaterial: Missing cached shader map for material FLightmassMaterialRenderer Mat_Burlap, compiling. 
[2015.05.12-01.39.57:497][909]LogMaterial: Missing cached shader map for material FLightmassMaterialRenderer DoorMaty, compiling. 
[2015.05.12-01.39.57:501][909]LogMaterial: Missing cached shader map for material FLightmassMaterialRenderer DoorMaty, compiling. 
[2015.05.12-01.39.58:962][914]LogParticles: Destroying 0 GPU particle simulations for FXSystem 0x00000000129F6160
[2015.05.12-01.39.58:962][914]LogParticles: Destroying 0 GPU particle simulations for FXSystem 0x00000000129302C0
[2015.05.12-01.39.58:962][914]LogParticles: Destroying 0 GPU particle simulations for FXSystem 0x00000000246AAF20
[2015.05.12-01.39.58:963][914]LogParticles: Destroying 0 GPU particle simulations for FXSystem 0x00000000105CA0C0
[2015.05.12-01.40.17:312][268]LightingResults:Error: Error Door Object has overlapping UVs.
[2015.05.12-01.40.17:325][269]LightingResults: Info Door Lightmap UV are overlapping by 28.3%. Please adjust content - Enable Error Coloring to visualize.
[2015.05.12-01.40.19:227][402]LightingResults:Error: Error Lanturn001 Object has overlapping UVs.
[2015.05.12-01.40.19:240][403]LightingResults: Info Lanturn001 Lightmap UV are overlapping by 22.2%. Please adjust content - Enable Error Coloring to visualize.
[2015.05.12-01.40.19:354][412]LightingResults:Error: Error Lanturn001 Object has overlapping UVs.
[2015.05.12-01.40.19:354][412]LightingResults: Info Lanturn001 Lightmap UV are overlapping by 22.2%. Please adjust content - Enable Error Coloring to visualize.
[2015.05.12-01.40.20:039][462]LightingResults:Error: Error Lanturn001 Object has overlapping UVs.
[2015.05.12-01.40.20:039][462]LightingResults: Info Lanturn001 Lightmap UV are overlapping by 22.2%. Please adjust content - Enable Error Coloring to visualize.
[2015.05.12-01.40.20:161][471]LightingResults:Error: Error Lanturn001 Object has overlapping UVs.
[2015.05.12-01.40.20:161][471]LightingResults: Info Lanturn001 Lightmap UV are overlapping by 22.2%. Please adjust content - Enable Error Coloring to visualize.
[2015.05.12-01.40.20:448][491]LightingResults:Error: Error Lanturn001 Object has overlapping UVs.
[2015.05.12-01.40.20:449][491]LightingResults: Info Lanturn001 Lightmap UV are overlapping by 22.2%. Please adjust content - Enable Error Coloring to visualize.
[2015.05.12-01.40.20:473][493]LightingResults:Error: Error Lanturn001 Object has overlapping UVs.
[2015.05.12-01.40.20:473][493]LightingResults: Info Lanturn001 Lightmap UV are overlapping by 22.2%. Please adjust content - Enable Error Coloring to visualize.
[2015.05.12-01.40.20:609][504]LightingResults:Error: Error Lanturn001 Object has overlapping UVs.
[2015.05.12-01.40.20:623][505]LightingResults: Info Lanturn001 Lightmap UV are overlapping by 22.2%. Please adjust content - Enable Error Coloring to visualize.
[2015.05.12-01.40.20:714][512]LightingResults:Error: Error Lanturn001 Object has overlapping UVs.
[2015.05.12-01.40.20:714][512]LightingResults: Info Lanturn001 Lightmap UV are overlapping by 22.2%. Please adjust content - Enable Error Coloring to visualize.
[2015.05.12-01.40.20:714][512]LightingResults:Error: Error Lanturn001 Object has overlapping UVs.
[2015.05.12-01.40.20:714][512]LightingResults: Info Lanturn001 Lightmap UV are overlapping by 22.2%. Please adjust content - Enable Error Coloring to visualize.
[2015.05.12-01.40.20:864][524]LightingResults:Error: Error Lanturn001 Object has overlapping UVs.
[2015.05.12-01.40.20:865][524]LightingResults: Info Lanturn001 Lightmap UV are overlapping by 22.2%. Please adjust content - Enable Error Coloring to visualize.
[2015.05.12-01.40.20:982][533]LightingResults:Error: Error Lanturn001 Object has overlapping UVs.
[2015.05.12-01.40.20:982][533]LightingResults: Info Lanturn001 Lightmap UV are overlapping by 22.2%. Please adjust content - Enable Error Coloring to visualize.
[2015.05.12-01.40.20:996][534]LightingResults:Error: Error Lanturn001 Object has overlapping UVs.
[2015.05.12-01.40.20:996][534]LightingResults: Info Lanturn001 Lightmap UV are overlapping by 22.2%. Please adjust content - Enable Error Coloring to visualize.
[2015.05.12-01.40.22:449][657]Job is a success!
[2015.05.12-01.40.23:196][658]Lightmass on JOSEPH-PC: 22.8 sec total, 1.01 sec importing, 2.39 sec setup, 1.39 sec photons, 17.9 sec processing, 0 ms extra exporting [206/206 mappings]. Threads: 2:05 min total, 1:32 min processing.
[2015.05.12-01.40.23:325][658]LogStaticLightingSystem: Illumination: 32.8 sec (4 ms encoding lightmaps)
[2015.05.12-01.40.23:325][658]LogStaticLightingSystem: Lightmap texture memory:  0.0 MB (0.0 MB streaming, 0.0 MB non-streaming), 0 textures
[2015.05.12-01.40.23:325][658]LogStaticLightingSystem: Shadowmap texture memory: 0.0 MB (0.0 MB streaming, 0.0 MB non-streaming), 0 textures
[2015.05.12-01.40.23:808][659]Cmd: UpdateLandscapeEditorData
[2015.05.12-01.40.23:810][659]Cmd: MAP CHECK NOTIFYRESULTS
[2015.05.12-01.40.23:811][659]MapCheck: New page: NewCave - May 11, 2015, 11:40:23 AM
[2015.05.12-01.40.23:822][659]MapCheck:Error: Error newcave_4 Component is a static type but has invalid lightmap settings!  Indirect lighting will be black.  Common causes are lightmap resolution of 0, LightmapCoordinateIndex out of bounds. 
[2015.05.12-01.40.23:822][659]MapCheck:Warning: Warning newcave_4 Static mesh actor has NULL StaticMesh property 
[2015.05.12-01.40.23:822][659]MapCheck:Warning: Warning newcave_4 Static mesh actor has NULL StaticMesh property 
[2015.05.12-01.40.24:073][659]MapCheck: Info Map check complete: 1 Error(s), 2 Warning(s), took 262.474ms to complete.
[2015.05.12-01.42.44:700][986]LogPlayLevel: PIE:  No blueprints needed recompiling
[2015.05.12-01.42.44:700][986]PIE: New page: PIE session: NewCave (May 11, 2015, 11:42:44 AM)
[2015.05.12-01.42.44:773][986]LogPlayLevel: PIE: StaticDuplicateObject took: (0.072925s)
[2015.05.12-01.42.44:774][986]LogPlayLevel: PIE: World Init took: (0.000784s)
[2015.05.12-01.42.44:774][986]LogPlayLevel: PIE: Created PIE world by copying editor world from /Game/Scene/NewCave.NewCave to /Game/Scene/UEDPIE_0_NewCave.NewCave (0.073925s)
[2015.05.12-01.42.44:813][986]LogWorld: Game class is 'ThirdPersonGameMode_C'
[2015.05.12-01.42.44:816][986]LogAIModule: Creating AISystem for world NewCave
[2015.05.12-01.42.44:910][986]LogWorld:Warning: *** WARNING - PATHS MAY NOT BE VALID ***
[2015.05.12-01.42.44:910][986]LogWorld: Bringing World /Game/Scene/UEDPIE_0_NewCave.NewCave up for play (max tick rate 0) at 2015.05.11-18.42.44
[2015.05.12-01.42.44:911][986]LogWorld: Bringing up level for play took: 0.094881
[2015.05.12-01.42.44:927][986]PIE: Info Play in editor start time for /Game/Scene/UEDPIE_0_NewCave -0.433
[2015.05.12-01.43.08:275][244]LogBlueprintUserMessages: 100.0
[2015.05.12-01.43.09:016][315]LogBlueprintUserMessages: 65.0
[2015.05.12-01.43.16:195][  8]LogBlueprintUserMessages: 100.0
[2015.05.12-01.43.17:817][166]LogBlueprintUserMessages: 50.0
[2015.05.12-01.43.18:560][234]LogBlueprintUserMessages: 4.0
[2015.05.12-01.43.19:318][305]LogBlueprintUserMessages: -17.0
[2015.05.12-01.43.22:064][574]LogBlueprintUserMessages: 100.0
[2015.05.12-01.43.24:712][818]LogParticles: Destroying 0 GPU particle simulations for FXSystem 0x0000000012ABEFC0
[2015.05.12-01.43.27:346][926]Cmd: OBJ SAVEPACKAGE PACKAGE="/Game/Models/Door/base_dDo_d" FILE="../../../../../../Documents/GitHub/God-Killer/Content/Models/Door/base_dDo_d.uasset" SILENT=true
[2015.05.12-01.43.34:149][926]LogSavePackage: Save=6797.586426ms
[2015.05.12-01.43.34:149][926]LogSavePackage: Moving '../../../../../../Documents/GitHub/God-Killer/Saved/base_dDo_dBE3F4AC34FFAC0F953953ABD5C42B4F2.tmp' to '../../../../../../Documents/GitHub/God-Killer/Content/Models/Door/base_dDo_d.uasset'
[2015.05.12-01.43.34:213][926]Cmd: OBJ SAVEPACKAGE PACKAGE="/Game/Models/Door/base_dDo_n" FILE="../../../../../../Documents/GitHub/God-Killer/Content/Models/Door/base_dDo_n.uasset" SILENT=true
[2015.05.12-01.43.39:829][926]LogSavePackage: Save=5614.235352ms
[2015.05.12-01.43.39:829][926]LogSavePackage: Moving '../../../../../../Documents/GitHub/God-Killer/Saved/base_dDo_n8CC1BC7D4FFBCCCB9F17578B0F1F4AC9.tmp' to '../../../../../../Documents/GitHub/God-Killer/Content/Models/Door/base_dDo_n.uasset'
[2015.05.12-01.43.39:854][926]Cmd: OBJ SAVEPACKAGE PACKAGE="/Game/Models/Door/base_dDo_s" FILE="../../../../../../Documents/GitHub/God-Killer/Content/Models/Door/base_dDo_s.uasset" SILENT=true
[2015.05.12-01.43.50:049][926]LogSavePackage: Save=10190.790039ms
[2015.05.12-01.43.50:049][926]LogSavePackage: Moving '../../../../../../Documents/GitHub/God-Killer/Saved/base_dDo_s49A1D7364CC06FC61D29D5BF0F311559.tmp' to '../../../../../../Documents/GitHub/God-Killer/Content/Models/Door/base_dDo_s.uasset'
[2015.05.12-01.43.50:089][926]Cmd: OBJ SAVEPACKAGE PACKAGE="/Game/Models/Door/Door" FILE="../../../../../../Documents/GitHub/God-Killer/Content/Models/Door/Door.uasset" SILENT=true
[2015.05.12-01.43.50:293][926]LogSavePackage: Save=201.199554ms
[2015.05.12-01.43.50:293][926]LogSavePackage: Moving '../../../../../../Documents/GitHub/God-Killer/Saved/DoorF14271654F2765703E46ACB280F29FC0.tmp' to '../../../../../../Documents/GitHub/God-Killer/Content/Models/Door/Door.uasset'
[2015.05.12-01.43.50:325][926]Cmd: OBJ SAVEPACKAGE PACKAGE="/Game/Models/Door/DoorMaty" FILE="../../../../../../Documents/GitHub/God-Killer/Content/Models/Door/DoorMaty.uasset" SILENT=true
[2015.05.12-01.43.50:553][926]LogSavePackage: Save=225.981461ms
[2015.05.12-01.43.50:553][926]LogSavePackage: Moving '../../../../../../Documents/GitHub/God-Killer/Saved/DoorMaty042A448C45F7C265C309509640AB7100.tmp' to '../../../../../../Documents/GitHub/God-Killer/Content/Models/Door/DoorMaty.uasset'
[2015.05.12-01.43.50:810][926]Cmd: OBJ SAVEPACKAGE PACKAGE="/Game/Scene/NewCave" FILE="../../../../../../Documents/GitHub/God-Killer/Content/Scene/NewCave.umap" SILENT=true AUTOSAVING=false KEEPDIRTY=false
[2015.05.12-01.43.51:417][926]LogSavePackage: Save=548.543762ms
[2015.05.12-01.43.51:417][926]LogSavePackage: Moving '../../../../../../Documents/GitHub/God-Killer/Saved/NewCaveC3EDB8E54AD86FBB380823A5594BFA3C.tmp' to '../../../../../../Documents/GitHub/God-Killer/Content/Scene/NewCave.umap'
[2015.05.12-01.43.51:465][926]LogFileHelpers: Saving map 'NewCave' took 0.901
[2015.05.12-01.43.53:653][ 97]Cmd: QUIT_EDITOR
[2015.05.12-01.43.53:967][ 97]LogExit: Preparing to exit.
[2015.05.12-01.43.55:065][ 97]LogExit: Editor shut down
[2015.05.12-01.43.55:066][ 97]LogExit: Transaction tracking system shut down
[2015.05.12-01.43.55:067][ 97]LogParticles: Destroying 0 GPU particle simulations for FXSystem 0x000000001A190400
[2015.05.12-01.43.55:069][ 97]LogParticles: Destroying 0 GPU particle simulations for FXSystem 0x00000000226F2980
[2015.05.12-01.43.55:069][ 97]LogParticles: Destroying 0 GPU particle simulations for FXSystem 0x0000000027E136A0
[2015.05.12-01.43.55:069][ 97]LogParticles: Destroying 0 GPU particle simulations for FXSystem 0x00000000129F6700
[2015.05.12-01.43.55:226][ 97]LogExit: Object subsystem successfully closed.
[2015.05.12-01.43.55:392][ 97]LogModuleManager: Shutting down and abandoning module MaterialEditor (179)
[2015.05.12-01.43.55:392][ 97]LogModuleManager: Shutting down and abandoning module StaticMeshEditor (178)
[2015.05.12-01.43.55:392][ 97]LogModuleManager: Shutting down and abandoning module CrashTracker (177)
[2015.05.12-01.43.55:392][ 97]LogModuleManager: Shutting down and abandoning module SuperSearch (176)
[2015.05.12-01.43.55:392][ 97]LogModuleManager: Shutting down and abandoning module SceneOutliner (175)
[2015.05.12-01.43.55:392][ 97]LogModuleManager: Shutting down and abandoning module EditorWidgets (174)
[2015.05.12-01.43.55:392][ 97]LogModuleManager: Shutting down and abandoning module CollectionManager (173)
[2015.05.12-01.43.55:399][ 97]LogModuleManager: Shutting down and abandoning module StatsViewer (172)
[2015.05.12-01.43.55:413][ 97]LogModuleManager: Shutting down and abandoning module FoliageEdit (171)
[2015.05.12-01.43.55:413][ 97]LogModuleManager: Shutting down and abandoning module LandscapeEditor (170)
[2015.05.12-01.43.55:416][ 97]LogModuleManager: Shutting down and abandoning module MeshPaint (169)
[2015.05.12-01.43.55:416][ 97]LogModuleManager: Shutting down and abandoning module ActorPickerMode (168)
[2015.05.12-01.43.55:416][ 97]LogModuleManager: Shutting down and abandoning module GeometryMode (167)
[2015.05.12-01.43.55:416][ 97]LogModuleManager: Shutting down and abandoning module TextureAlignMode (166)
[2015.05.12-01.43.55:416][ 97]LogModuleManager: Shutting down and abandoning module BspMode (165)
[2015.05.12-01.43.55:416][ 97]LogModuleManager: Shutting down and abandoning module PlacementMode (164)
[2015.05.12-01.43.55:416][ 97]LogModuleManager: Shutting down and abandoning module AutomationWorker (163)
[2015.05.12-01.43.55:416][ 97]LogModuleManager: Shutting down and abandoning module CharacterAI (162)
[2015.05.12-01.43.55:416][ 97]LogModuleManager: Shutting down and abandoning module SmartSnapping (161)
[2015.05.12-01.43.55:416][ 97]LogModuleManager: Shutting down and abandoning module ViewportSnapping (160)
[2015.05.12-01.43.55:416][ 97]LogModuleManager: Shutting down and abandoning module LogVisualizer (159)
[2015.05.12-01.43.55:417][ 97]LogModuleManager: Shutting down and abandoning module GameProjectGeneration (158)
[2015.05.12-01.43.55:425][ 97]LogModuleManager: Shutting down and abandoning module IntroTutorials (157)
[2015.05.12-01.43.55:425][ 97]LogModuleManager: Shutting down and abandoning module EditorLiveStreaming (156)
[2015.05.12-01.43.55:425][ 97]LogModuleManager: Shutting down and abandoning module HardwareTargeting (155)
[2015.05.12-01.43.55:425][ 97]LogModuleManager: Shutting down and abandoning module DeviceProfileEditor (154)
[2015.05.12-01.43.55:425][ 97]LogModuleManager: Shutting down and abandoning module UndoHistory (153)
[2015.05.12-01.43.55:425][ 97]LogModuleManager: Shutting down and abandoning module GameplayTagsEditor (152)
[2015.05.12-01.43.55:425][ 97]LogModuleManager: Shutting down and abandoning module UserFeedback (151)
[2015.05.12-01.43.55:425][ 97]LogModuleManager: Shutting down and abandoning module XmlParser (150)
[2015.05.12-01.43.55:425][ 97]LogModuleManager: Shutting down and abandoning module Blutility (149)
[2015.05.12-01.43.55:425][ 97]LogModuleManager: Shutting down and abandoning module IOSPlatformEditor (148)
[2015.05.12-01.43.55:425][ 97]LogModuleManager: Shutting down and abandoning module IOSRuntimeSettings (147)
[2015.05.12-01.43.55:425][ 97]LogModuleManager: Shutting down and abandoning module AndroidDeviceDetection (146)
[2015.05.12-01.43.55:529][ 97]LogModuleManager: Shutting down and abandoning module AndroidPlatformEditor (145)
[2015.05.12-01.43.55:529][ 97]LogModuleManager: Shutting down and abandoning module AndroidRuntimeSettings (144)
[2015.05.12-01.43.55:529][ 97]LogModuleManager: Shutting down and abandoning module ProjectTargetPlatformEditor (143)
[2015.05.12-01.43.55:529][ 97]LogModuleManager: Shutting down and abandoning module ProjectSettingsViewer (142)
[2015.05.12-01.43.55:529][ 97]LogModuleManager: Shutting down and abandoning module InputBindingEditor (141)
[2015.05.12-01.43.55:544][ 97]LogModuleManager: Shutting down and abandoning module EditorSettingsViewer (140)
[2015.05.12-01.43.55:544][ 97]LogModuleManager: Shutting down and abandoning module SettingsEditor (139)
[2015.05.12-01.43.55:554][ 97]LogModuleManager: Shutting down and abandoning module ProjectLauncher (138)
[2015.05.12-01.43.55:554][ 97]LogModuleManager: Shutting down and abandoning module SessionFrontend (137)
[2015.05.12-01.43.55:554][ 97]LogModuleManager: Shutting down and abandoning module ProfilerClient (136)
[2015.05.12-01.43.55:561][ 97]LogModuleManager: Shutting down and abandoning module TargetDeviceServices (135)
[2015.05.12-01.43.55:561][ 97]LogModuleManager: Shutting down and abandoning module DeviceManager (134)
[2015.05.12-01.43.55:561][ 97]LogModuleManager: Shutting down and abandoning module AutomationController (133)
[2015.05.12-01.43.55:561][ 97]LogModuleManager: Shutting down and abandoning module AutomationWindow (132)
[2015.05.12-01.43.55:576][ 97]LogModuleManager: Shutting down and abandoning module Layers (131)
[2015.05.12-01.43.55:598][ 97]LogModuleManager: Shutting down and abandoning module ComponentVisualizers (130)
[2015.05.12-01.43.55:598][ 97]LogModuleManager: Shutting down and abandoning module DetailCustomizations (129)
[2015.05.12-01.43.55:598][ 97]LogModuleManager: Shutting down and abandoning module PackagesDialog (128)
[2015.05.12-01.43.55:598][ 97]LogModuleManager: Shutting down and abandoning module AssetRegistry (127)
[2015.05.12-01.43.55:662][ 97]LogModuleManager: Shutting down and abandoning module Persona (126)
[2015.05.12-01.43.55:671][ 97]LogModuleManager: Shutting down and abandoning module SlateReflector (125)
[2015.05.12-01.43.55:686][ 97]LogModuleManager: Shutting down and abandoning module LevelEditor (124)
[2015.05.12-01.43.55:687][ 97]LogModuleManager: Shutting down and abandoning module Kismet (123)
[2015.05.12-01.43.55:687][ 97]LogModuleManager: Shutting down and abandoning module GraphEditor (122)
[2015.05.12-01.43.55:687][ 97]LogModuleManager: Shutting down and abandoning module ClassViewer (121)
[2015.05.12-01.43.55:687][ 97]LogModuleManager: Shutting down and abandoning module Toolbox (120)
[2015.05.12-01.43.55:687][ 97]LogModuleManager: Shutting down and abandoning module ModuleUI (119)
[2015.05.12-01.43.55:702][ 97]LogModuleManager: Shutting down and abandoning module MovieSceneTools (118)
[2015.05.12-01.43.55:711][ 97]LogModuleManager: Shutting down and abandoning module OutputLog (117)
[2015.05.12-01.43.55:711][ 97]LogModuleManager: Shutting down and abandoning module GammaUI (116)
[2015.05.12-01.43.55:723][ 97]LogModuleManager: Shutting down and abandoning module Documentation (115)
[2015.05.12-01.43.55:723][ 97]LogModuleManager: Shutting down and abandoning module GameLiveStreaming (114)
[2015.05.12-01.43.55:723][ 97]LogModuleManager: Shutting down and abandoning module StreamingPauseRendering (113)
[2015.05.12-01.43.55:723][ 97]LogModuleManager: Shutting down and abandoning module HTTP (112)
[2015.05.12-01.43.55:723][ 97]LogModuleManager: Shutting down and abandoning module AnalyticsET (111)
[2015.05.12-01.43.55:723][ 97]LogModuleManager: Shutting down and abandoning module Analytics (110)
[2015.05.12-01.43.55:723][ 97]LogModuleManager: Shutting down and abandoning module AITestSuite (109)
[2015.05.12-01.43.55:723][ 97]LogModuleManager: Shutting down and abandoning module GameplayDebugger (108)
[2015.05.12-01.43.55:723][ 97]LogModuleManager: Shutting down and abandoning module AIModule (107)
[2015.05.12-01.43.55:723][ 97]LogModuleManager: Shutting down and abandoning module ProfilerService (106)
[2015.05.12-01.43.55:913][ 97]LogModuleManager: Shutting down and abandoning module TaskGraph (105)
[2015.05.12-01.43.55:925][ 97]LogModuleManager: Shutting down and abandoning module SlateRemote (104)
[2015.05.12-01.43.55:925][ 97]LogModuleManager: Shutting down and abandoning module ScriptEditorPlugin (103)
[2015.05.12-01.43.55:925][ 97]LogModuleManager: Shutting down and abandoning module CustomMeshComponent (102)
[2015.05.12-01.43.55:925][ 97]LogModuleManager: Shutting down and abandoning module CableComponent (101)
[2015.05.12-01.43.55:925][ 97]LogModuleManager: Shutting down and abandoning module MessagingDebugger (100)
[2015.05.12-01.43.55:935][ 97]LogModuleManager: Shutting down and abandoning module MediaPlayerEditor (99)
[2015.05.12-01.43.55:948][ 97]LogModuleManager: Shutting down and abandoning module SpeedTreeImporter (98)
[2015.05.12-01.43.55:948][ 97]LogModuleManager: Shutting down and abandoning module PluginsEditor (97)
[2015.05.12-01.43.55:948][ 97]LogModuleManager: Shutting down and abandoning module MainFrame (96)
[2015.05.12-01.43.55:948][ 97]LogModuleManager: Shutting down and abandoning module EpicSurvey (95)
[2015.05.12-01.43.55:948][ 97]LogModuleManager: Shutting down and abandoning module DesktopPlatform (94)
[2015.05.12-01.43.55:948][ 97]LogModuleManager: Shutting down and abandoning module DirectoryWatcher (93)
[2015.05.12-01.43.55:949][ 97]LogModuleManager: Shutting down and abandoning module HotReload (92)
[2015.05.12-01.43.55:949][ 97]LogModuleManager: Shutting down and abandoning module VisualStudioSourceCodeAccess (91)
[2015.05.12-01.43.55:949][ 97]LogModuleManager: Shutting down and abandoning module UObjectPlugin (90)
[2015.05.12-01.43.55:949][ 97]LogModuleManager: Shutting down and abandoning module SubversionSourceControl (89)
[2015.05.12-01.43.55:949][ 97]LogModuleManager: Shutting down and abandoning module PerforceSourceControl (88)
[2015.05.12-01.43.55:963][ 97]LogModuleManager: Shutting down and abandoning module SourceControl (87)
[2015.05.12-01.43.55:963][ 97]LogModuleManager: Shutting down and abandoning module GitSourceControl (86)
[2015.05.12-01.43.55:963][ 97]LogModuleManager: Shutting down and abandoning module BlankPlugin (85)
[2015.05.12-01.43.55:963][ 97]LogModuleManager: Shutting down and abandoning module PaperTiledImporter (84)
[2015.05.12-01.43.55:963][ 97]LogModuleManager: Shutting down and abandoning module PaperJsonImporter (83)
[2015.05.12-01.43.55:963][ 97]LogModuleManager: Shutting down and abandoning module ContentBrowser (82)
[2015.05.12-01.43.55:964][ 97]LogModuleManager: Shutting down and abandoning module Paper2DEditor (81)
[2015.05.12-01.43.55:964][ 97]LogModuleManager: Shutting down and abandoning module ScriptPlugin (80)
[2015.05.12-01.43.55:975][ 97]LogModuleManager: Shutting down and abandoning module UdpMessaging (79)
[2015.05.12-01.43.56:076][ 97]LogModuleManager: Shutting down and abandoning module Paper2D (78)
[2015.05.12-01.43.56:076][ 97]LogModuleManager: Shutting down and abandoning module WindowsMoviePlayer (77)
[2015.05.12-01.43.56:079][ 97]LogModuleManager: Shutting down and abandoning module Media (76)
[2015.05.12-01.43.56:079][ 97]LogModuleManager: Shutting down and abandoning module WmfMedia (75)
[2015.05.12-01.43.56:083][ 97]LogModuleManager: Shutting down and abandoning module OnlineBlueprintSupport (74)
[2015.05.12-01.43.56:083][ 97]LogModuleManager: Shutting down and abandoning module PropertyEditor (73)
[2015.05.12-01.43.56:083][ 97]LogModuleManager: Shutting down and abandoning module BehaviorTreeEditor (72)
[2015.05.12-01.43.56:174][ 97]LogModuleManager: Shutting down and abandoning module FunctionalTesting (71)
[2015.05.12-01.43.56:174][ 97]LogModuleManager: Shutting down and abandoning module CollisionAnalyzer (70)
[2015.05.12-01.43.56:183][ 97]LogModuleManager: Shutting down and abandoning module WorkspaceMenuStructure (69)
[2015.05.12-01.43.56:183][ 97]LogModuleManager: Shutting down and abandoning module MessageLog (68)
[2015.05.12-01.43.56:183][ 97]LogModuleManager: Shutting down and abandoning module Sequencer (67)
[2015.05.12-01.43.56:184][ 97]LogModuleManager: Shutting down and abandoning module AssetTools (66)
[2015.05.12-01.43.56:195][ 97]LogModuleManager: Shutting down and abandoning module UMGEditor (65)
[2015.05.12-01.43.56:207][ 97]LogModuleManager: Shutting down and abandoning module UMG (64)
[2015.05.12-01.43.56:207][ 97]LogModuleManager: Shutting down and abandoning module Slate (63)
[2015.05.12-01.43.56:207][ 97]LogModuleManager: Shutting down and abandoning module EditorStyle (62)
[2015.05.12-01.43.56:216][ 97]LogModuleManager: Shutting down and abandoning module SessionServices (61)
[2015.05.12-01.43.56:216][ 97]LogModuleManager: Shutting down and abandoning module SourceCodeAccess (60)
[2015.05.12-01.43.56:216][ 97]LogModuleManager: Shutting down and abandoning module HeadMountedDisplay (59)
[2015.05.12-01.43.56:216][ 97]LogModuleManager: Shutting down and abandoning module XAudio2 (58)
[2015.05.12-01.43.56:216][ 97]LogModuleManager: Shutting down and abandoning module Networking (56)
[2015.05.12-01.43.56:216][ 97]LogModuleManager: Shutting down and abandoning module Core (55)
[2015.05.12-01.43.56:216][ 97]LogModuleManager: Shutting down and abandoning module KismetCompiler (54)
[2015.05.12-01.43.56:216][ 97]LogModuleManager: Shutting down and abandoning module PhysXFormats (53)
[2015.05.12-01.43.56:216][ 97]LogModuleManager: Shutting down and abandoning module MeshUtilities (52)
[2015.05.12-01.43.56:216][ 97]LogModuleManager: Shutting down and abandoning module DerivedDataCache (51)
[2015.05.12-01.43.56:255][ 97]LogDerivedDataCache: Shutdown
[2015.05.12-01.43.56:255][ 97]LogModuleManager: Shutting down and abandoning module ShaderFormatOpenGL (50)
[2015.05.12-01.43.56:262][ 97]LogModuleManager: Shutting down and abandoning module ShaderFormatD3D (49)
[2015.05.12-01.43.56:263][ 97]LogModuleManager: Shutting down and abandoning module MetalShaderFormat (48)
[2015.05.12-01.43.56:270][ 97]LogModuleManager: Shutting down and abandoning module TextureFormatUncompressed (47)
[2015.05.12-01.43.56:270][ 97]LogModuleManager: Shutting down and abandoning module TextureFormatPVR (46)
[2015.05.12-01.43.56:270][ 97]LogModuleManager: Shutting down and abandoning module TextureFormatIntelISPCTexComp (45)
[2015.05.12-01.43.56:270][ 97]LogModuleManager: Shutting down and abandoning module TextureFormatDXT (44)
[2015.05.12-01.43.56:270][ 97]LogModuleManager: Shutting down and abandoning module ImageWrapper (43)
[2015.05.12-01.43.56:270][ 97]LogModuleManager: Shutting down and abandoning module TextureFormatASTC (42)
[2015.05.12-01.43.56:270][ 97]LogModuleManager: Shutting down and abandoning module TextureFormatAndroid (41)
[2015.05.12-01.43.56:270][ 97]LogModuleManager: Shutting down and abandoning module AudioFormatOpus (40)
[2015.05.12-01.43.56:270][ 97]LogModuleManager: Shutting down and abandoning module AudioFormatOgg (39)
[2015.05.12-01.43.56:270][ 97]LogModuleManager: Shutting down and abandoning module AudioFormatADPCM (38)
[2015.05.12-01.43.56:270][ 97]LogModuleManager: Shutting down and abandoning module LinuxTargetPlatform (37)
[2015.05.12-01.43.56:270][ 97]LogModuleManager: Shutting down and abandoning module LinuxServerTargetPlatform (36)
[2015.05.12-01.43.56:270][ 97]LogModuleManager: Shutting down and abandoning module LinuxNoEditorTargetPlatform (35)
[2015.05.12-01.43.56:270][ 97]LogModuleManager: Shutting down and abandoning module Messaging (34)
[2015.05.12-01.43.56:270][ 97]LogModuleManager: Shutting down and abandoning module IOSTargetPlatform (33)
[2015.05.12-01.43.56:270][ 97]LogModuleManager: Shutting down and abandoning module HTML5TargetPlatform (32)
[2015.05.12-01.43.56:270][ 97]LogModuleManager: Shutting down and abandoning module Android_PVRTCTargetPlatform (31)
[2015.05.12-01.43.56:270][ 97]LogModuleManager: Shutting down and abandoning module Android_ETC2TargetPlatform (30)
[2015.05.12-01.43.56:270][ 97]LogModuleManager: Shutting down and abandoning module Android_ETC1TargetPlatform (29)
[2015.05.12-01.43.56:270][ 97]LogModuleManager: Shutting down and abandoning module Android_ES31TargetPlatform (28)
[2015.05.12-01.43.56:270][ 97]LogModuleManager: Shutting down and abandoning module Android_DXTTargetPlatform (27)
[2015.05.12-01.43.56:270][ 97]LogModuleManager: Shutting down and abandoning module Android_ATCTargetPlatform (26)
[2015.05.12-01.43.56:270][ 97]LogModuleManager: Shutting down and abandoning module AndroidTargetPlatform (25)
[2015.05.12-01.43.56:270][ 97]LogModuleManager: Shutting down and abandoning module WindowsTargetPlatform (24)
[2015.05.12-01.43.56:270][ 97]LogModuleManager: Shutting down and abandoning module WindowsServerTargetPlatform (23)
[2015.05.12-01.43.56:270][ 97]LogModuleManager: Shutting down and abandoning module WindowsNoEditorTargetPlatform (22)
[2015.05.12-01.43.56:270][ 97]LogModuleManager: Shutting down and abandoning module WindowsClientTargetPlatform (21)
[2015.05.12-01.43.56:270][ 97]LogModuleManager: Shutting down and abandoning module TargetPlatform (20)
[2015.05.12-01.43.56:270][ 97]LogModuleManager: Shutting down and abandoning module InputCore (19)
[2015.05.12-01.43.56:270][ 97]LogModuleManager: Shutting down and abandoning module Settings (18)
[2015.05.12-01.43.56:270][ 97]LogModuleManager: Shutting down and abandoning module OnlineSubsystem (16)
[2015.05.12-01.43.56:270][ 97]LogModuleManager: Shutting down and abandoning module OculusRift (15)
[2015.05.12-01.43.56:270][ 97]LogModuleManager: Shutting down and abandoning module ExampleDeviceProfileSelector (14)
[2015.05.12-01.43.56:270][ 97]LogModuleManager: Shutting down and abandoning module TextureCompressor (13)
[2015.05.12-01.43.56:270][ 97]LogModuleManager: Shutting down and abandoning module ShaderCore (12)
[2015.05.12-01.43.56:270][ 97]LogModuleManager: Shutting down and abandoning module Landscape (11)
[2015.05.12-01.43.56:270][ 97]LogModuleManager: Shutting down and abandoning module SlateRHIRenderer (10)
[2015.05.12-01.43.56:273][ 97]LogModuleManager: Shutting down and abandoning module OpenGLDrv (9)
[2015.05.12-01.43.56:273][ 97]LogModuleManager: Shutting down and abandoning module D3D11RHI (8)
[2015.05.12-01.43.56:273][ 97]LogModuleManager: Shutting down and abandoning module Renderer (7)
[2015.05.12-01.43.56:273][ 97]LogModuleManager: Shutting down and abandoning module Engine (6)
[2015.05.12-01.43.56:273][ 97]LogModuleManager: Shutting down and abandoning module CoreUObject (5)
[2015.05.12-01.43.56:273][ 97]LogModuleManager: Shutting down and abandoning module NetworkFile (4)
[2015.05.12-01.43.56:281][ 97]LogModuleManager: Shutting down and abandoning module StreamingFile (3)
[2015.05.12-01.43.56:281][ 97]LogModuleManager: Shutting down and abandoning module SandboxFile (2)
[2015.05.12-01.43.56:282][ 97]LogModuleManager: Shutting down and abandoning module PakFile (1)
[2015.05.12-01.43.56:295][ 97]LogExit: Exiting.
[2015.05.12-01.43.56:318][ 97]Log file closed, 05/11/15 18:43:56
