Log file open, 06/05/15 19:48:42
LogInit:Display: Running engine for game: GodKiller
LogInit: Version: 4.7.3-2479750+++depot+UE4-Releases+4.7
LogInit: API Version: 2455222
LogInit: Compiled (64-bit): Mar 15 2015 23:20:45
LogInit: Compiled with Visual C++: 18.00.21005.01
LogInit: Build Configuration: Development
LogInit: Branch Name: ++depot+UE4-Releases+4.7
LogInit: Command line: 
LogInit: Base directory: I:/U4/4.7/Engine/Binaries/Win64/
LogInit: Rocket: 1
[2015.06.06-02.48.42:416][  0]LogTaskGraph: Started task graph with 3 named threads and 6 total threads.
[2015.06.06-02.48.42:471][  0]LogOnline:Warning: No default platform service specified for OnlineSubsystem
[2015.06.06-02.48.42:487][  0]LogInit: Presizing for 0 objects not considered by GC, pre-allocating 0 bytes.
[2015.06.06-02.48.42:497][  0]LogInit: Object subsystem initialized
[2015.06.06-02.48.42:499][  0]LogConsoleResponse:Warning: Skipping Unknown console variable: 'TranslucentSortAxis = (X=0.000000,Y=-1.000000,Z=0.000000)'
[2015.06.06-02.48.42:499][  0]LogConsoleResponse:Warning:   Found in ini file 'I:/Isaac's stuff/GodKiller/God-Killer/Saved/Config/Windows/Engine.ini', in section '[/Script/Engine.RendererSettings]'
[2015.06.06-02.48.42:499][  0]LogConsoleResponse:Warning: Skipping Unknown console variable: 'UIScaleRule = ShortestSide'
[2015.06.06-02.48.42:499][  0]LogConsoleResponse:Warning:   Found in ini file 'I:/Isaac's stuff/GodKiller/God-Killer/Saved/Config/Windows/Engine.ini', in section '[/Script/Engine.RendererSettings]'
[2015.06.06-02.48.42:499][  0]LogConsoleResponse:Warning: Skipping Unknown console variable: 'UIScaleCurve = (EditorCurveData=(Keys=),ExternalCurve=None)'
[2015.06.06-02.48.42:499][  0]LogConsoleResponse:Warning:   Found in ini file 'I:/Isaac's stuff/GodKiller/God-Killer/Saved/Config/Windows/Engine.ini', in section '[/Script/Engine.RendererSettings]'
[2015.06.06-02.48.42:500][  0]LogInit: Selected Device Profile: [Windows]
[2015.06.06-02.48.42:500][  0]LogInit: Applying CVar settings loaded from the selected device profile: [Windows]
[2015.06.06-02.48.42:507][  0]LogInit: Computer: BOYSPC-PC
[2015.06.06-02.48.42:507][  0]LogInit: User: boyspc
[2015.06.06-02.48.42:507][  0]LogInit: CPU Page size=4096, Cores=4
[2015.06.06-02.48.42:507][  0]LogInit: High frequency timer resolution =3.020537 MHz
[2015.06.06-02.48.42:507][  0]LogMemory: Memory total: Physical=16.0GB (16GB approx) Virtual=8192.0GB
[2015.06.06-02.48.42:507][  0]LogMemory: Platform Memory Stats for Windows
[2015.06.06-02.48.42:507][  0]LogMemory: Process Physical Memory: 47.47 MB used, 47.47 MB peak
[2015.06.06-02.48.42:507][  0]LogMemory: Process Virtual Memory: 27.38 MB used, 27.38 MB peak
[2015.06.06-02.48.42:507][  0]LogMemory: Physical Memory: 3906.08 MB used, 16366.69 MB total
[2015.06.06-02.48.42:507][  0]LogMemory: Virtual Memory: 281.05 MB used, 8388608.00 MB total
[2015.06.06-02.48.42:543][  0]LogD3D11RHI: Found D3D11 adapter 0: AMD FirePro V4900 (ATI FireGL) (Feature Level 11_0)
[2015.06.06-02.48.42:543][  0]LogD3D11RHI: Adapter has 1000MB of dedicated video memory, 0MB of dedicated system memory, and 7927MB of shared system memory, 1 output[s]
[2015.06.06-02.48.42:543][  0]LogD3D11RHI: Chosen D3D11 Adapter Id = 0
[2015.06.06-02.48.42:547][  0]LogRHI: Texture pool is 700 MB (70% of 1000 MB)
[2015.06.06-02.48.42:572][  0]LogD3D11RHI: Async texture creation disabled: no driver support
[2015.06.06-02.48.42:623][  0]LogTextLocalizationManager: The requested culture ('en_US') has no localization data; parent culture's ('en') localization data will be used.
[2015.06.06-02.48.42:685][  0]LogTextLocalizationManager:Warning: Loading localization resources contain conflicting entries for (Namespace:UICommands, Key:Save_ToolTip):
Resource: (I:/U4/4.7/Engine/Content/Localization/Editor/en/Editor.locres) Hash: (-29098895) String: (Saves the current level to disk)
Resource: (I:/U4/4.7/Engine/Content/Localization/Engine/en/Engine.locres) Hash: (-1280300587) String: (Save selected data to vlog file)
[2015.06.06-02.48.42:685][  0]LogTextLocalizationManager:Warning: Loading localization resources contain conflicting entries for (Namespace:ContentBrowser, Key:ImportAssetToolTip):
Resource: (I:/U4/4.7/Engine/Content/Localization/Editor/en/Editor.locres) Hash: (-630476809) String: (Import to {0}...)
Resource: (I:/U4/4.7/Engine/Content/Localization/Editor/en/Editor.locres) Hash: (1271782899) String: (Imports an asset from file to this folder.)
[2015.06.06-02.48.42:768][  0]LogContentStreaming: Texture pool size is 0.000000MB
[2015.06.06-02.48.45:228][  0]LogTargetPlatformManager:Display: Building Assets For Windows
[2015.06.06-02.48.45:825][  0]LogTargetPlatformManager:Display: Building Assets For Windows
[2015.06.06-02.48.45:898][  0]LogDerivedDataCache:Display: Max Cache Size: 512 MB
[2015.06.06-02.48.45:934][  0]LogDerivedDataCache: Loaded boot cache 0.04s 39MB C:/Users/boyspc/AppData/Local/UnrealEngine/4.7/DerivedDataCache/Boot.ddc.
[2015.06.06-02.48.45:934][  0]LogDerivedDataCache:Display: Loaded Boot cache: C:/Users/boyspc/AppData/Local/UnrealEngine/4.7/DerivedDataCache/Boot.ddc
[2015.06.06-02.48.45:934][  0]LogDerivedDataCache: FDerivedDataBackendGraph:  Pak pak cache file ../../../../../Isaac's stuff/GodKiller/God-Killer/DerivedDataCache/DDC.ddp not found, will not use a pak cache.
[2015.06.06-02.48.45:934][  0]LogDerivedDataCache: Unable to find inner node Pak for hierarchical cache Hierarchy.
[2015.06.06-02.48.46:065][  0]LogDerivedDataCache:Display: Pak cache opened for reading ../../../Engine/DerivedDataCache/Compressed.ddp.
[2015.06.06-02.48.46:076][  0]LogDerivedDataCache: Using Local data cache path C:/Users/boyspc/AppData/Local/UnrealEngine/Common/DerivedDataCache: Writable
[2015.06.06-02.48.46:400][  0]LogMeshUtilities: No automatic mesh reduction module available
[2015.06.06-02.48.46:400][  0]LogMeshUtilities: No automatic mesh merging module available
[2015.06.06-02.48.46:757][  0]LogInit: WinSock: version 1.1 (2.2), MaxSocks=32767, MaxUdp=65467
[2015.06.06-02.48.46:847][  0]LogSlate:Warning: Failed to load font data from '../../../Engine/Content/Slate/Fonts/Roboto-Italic.ttf'
[2015.06.06-02.48.47:747][  0]UdpMessaging: Initializing bridge on interface 0.0.0.0:0 to multicast group 230.0.0.1:6666.
[2015.06.06-02.48.48:007][  0]SourceControl: Info Source control is disabled
[2015.06.06-02.48.48:007][  0]SourceControl: Info Source control is disabled
[2015.06.06-02.48.48:007][  0]SourceControl: Info Source control is disabled
[2015.06.06-02.48.48:007][  0]LogSourceControl: RunCommandInternalRaw: 'git version'
[2015.06.06-02.48.48:007][  0]LogSourceControl: RunCommandInternalRaw: ExecProcess ReturnCode=2 OutResults=''
[2015.06.06-02.48.48:018][  0]SourceControl: Info Source control is disabled
[2015.06.06-02.48.48:238][  0]LogObj: 24231 objects as part of root set at end of initial load.
[2015.06.06-02.48.48:238][  0]LogUObjectAllocator: 5136432 out of 0 bytes used by permanent object pool.
[2015.06.06-02.48.48:325][  0]LogEngine: Initializing Engine...
[2015.06.06-02.48.50:502][  0]LogInit: XAudio2 using 'Speakers (Realtek High Definition Audio)' : 2 channels at 48 kHz using 32 bits per sample (channel mask 0x3)
[2015.06.06-02.48.50:538][  0]LogInit: FAudioDevice initialized.
[2015.06.06-02.48.50:584][  0]LogAIModule: Creating AISystem for world NewWorld
[2015.06.06-02.48.50:603][  0]LogDerivedDataCache: Saved boot cache 0.02s 39MB C:/Users/boyspc/AppData/Local/UnrealEngine/4.7/DerivedDataCache/Boot.ddc.
[2015.06.06-02.48.50:608][  0]LogInit: Texture streaming: Enabled
[2015.06.06-02.48.50:710][  0]LogAnalytics: Creating configured Analytics provider AnalyticsET
[2015.06.06-02.48.50:710][  0]LogAnalytics: ET APIKey = Rocket.Release. APIServer = http://et2.epicgames.com/ET2/. AppVersion = 4.7.3-2479750+++depot+UE4-Releases+4.7
[2015.06.06-02.48.50:710][  0]LogAnalytics: ET APIKey = Rocket.Release. DataRouterUploadURL = https://datarouter-public-service-gamedev.ol.epicgames.net/datarouter/api/v1/public/data. AppVersion = 4.7.3-2479750+++depot+UE4-Releases+4.7
[2015.06.06-02.48.50:710][  0]LogAnalytics: SetUserId 3f96474f42888e5adcf5e2b93ddc4295|b7ce396ac5c943b599479ca52b5cfda1|085ebe92-5277-43bd-93b4-8a7cc3dd34ef
[2015.06.06-02.48.50:711][  0]LogAnalytics: AnalyticsET::StartSession [Rocket.Release]
[2015.06.06-02.48.50:733][  0]LogInit: Transaction tracking system initialized
[2015.06.06-02.48.50:933][  0]BlueprintLog: New page: Editor Load
[2015.06.06-02.48.50:972][  0]LogAssetRegistry: FAssetRegistry took 0.0099 seconds to start up
[2015.06.06-02.48.50:972][  0]LogDirectoryWatcher:Warning: Failed to begin reading directory changes for ../../../Engine/Plugins/Experimental/CharacterAI/Content/. Error: 0
[2015.06.06-02.48.51:600][  0]LogTargetPlatformManager:Display: Building Assets For Windows
[2015.06.06-02.48.52:008][  0]LogTargetPlatformManager:Display: Building Assets For Windows
[2015.06.06-02.48.52:306][  0]LogSlate:Warning: Failed to load font data from '../../../Engine/Content/Editor/Slate/Fonts/Roboto-Regular.ttf'
[2015.06.06-02.48.52:306][  0]LogSlate:Warning: Failed to load font data from '../../../Engine/Content/Editor/Slate/Fonts/Roboto-Bold.ttf'
[2015.06.06-02.48.52:355][  0]LogConsoleResponse:Display: 
[2015.06.06-02.48.52:488][  0]LogCook:Display: Done creating registry. It took  0.00s.
[2015.06.06-02.48.52:659][  0]SourceControl: Info Source control is disabled
[2015.06.06-02.48.52:659][  0]Cmd: MAP LOAD FILE="../../../../../Isaac's stuff/GodKiller/God-Killer/Content/Scene/NewCave.umap" TEMPLATE=0 SHOWPROGRESS=1 FEATURELEVEL=3
[2015.06.06-02.48.52:659][  0]LightingResults: New page: Lighting Build
[2015.06.06-02.48.52:674][  0]MapCheck: New page: Map Check
[2015.06.06-02.48.52:674][  0]LightingResults: New page: Lighting Build
[2015.06.06-02.48.52:681][  0]LogParticles: Destroying 0 GPU particle simulations for FXSystem 0x00000000170E6980
[2015.06.06-02.48.56:863][  0]LogEditorServer: Finished looking for orphan Actors (0.000 secs)
[2015.06.06-02.48.56:864][  0]LogAIModule: Creating AISystem for world NewCave
[2015.06.06-02.48.56:864][  0]Cmd: MAP CHECKDEP
[2015.06.06-02.48.56:864][  0]MapCheck: New page: NewCave - Jun 5, 2015, 12:48:56 PM
[2015.06.06-02.48.57:000][  0]MapCheck: Info Map check complete: 0 Error(s), 0 Warning(s), took 135.42ms to complete.
[2015.06.06-02.48.57:000][  0]LogFileHelpers: Loading map 'NewCave' took 4.341
[2015.06.06-02.48.57:101][  0]LogCollectionManager: Loaded 0 collections in 0.002711 seconds
[2015.06.06-02.48.57:111][  0]LogContentBrowser: Native class hierarchy populated in 0.0102 seconds. Added 1696 classes and 261 folders.
[2015.06.06-02.48.57:197][  0]LogContentBrowser: Native class hierarchy updated for 'SceneOutliner' in 0.0014 seconds. Added 1 classes and 2 folders.
[2015.06.06-02.48.57:255][  0]LogCrashTracker: Crashtracker disabled due to settings.
[2015.06.06-02.48.57:256][  0]LogSlate:Warning: Failed to load font data from 'Veranda'
[2015.06.06-02.48.57:259][  0]LogUObjectGlobals:Warning: Failed to find object 'Class None.'
[2015.06.06-02.48.57:284][  0]LogLoad: Full Startup: 16.84 seconds (BP compile: 1.79 seconds)
[2015.06.06-02.48.57:321][  0]LogContentBrowser:Verbose: The content browser source was changed by the sources view to '/Game/ThirdPersonBP/Blueprints'
[2015.06.06-02.48.57:484][  0]LogRenderer:Warning: Reallocating scene render targets to support 32x32 (Frame:2).
[2015.06.06-02.48.57:639][  0]LogRenderer:Warning: Reallocating scene render targets to support 1200x936 (Frame:14).
[2015.06.06-02.48.57:782][  1]Cmd: UpdateLandscapeEditorData -warnings
[2015.06.06-02.48.57:783][  1]Cmd: UpdateLandscapeEditorData
[2015.06.06-02.48.58:003][  6]LogAssetRegistry: Asset discovery search completed in 7.0421 seconds
[2015.06.06-02.49.04:056][129]LogContentBrowser:Verbose: The content browser source was changed by the sources view to '/Game/Models'
[2015.06.06-02.49.10:416][274]LogContentBrowser:Verbose: The content browser source was changed by the sources view to '/Game/Models/Weapons'
[2015.06.06-02.49.20:201][477]LogStaticMesh: Building static mesh Sword_Long_04...
[2015.06.06-02.49.20:238][477]LogStaticMesh: Built static mesh [36.806370ms] /Game/Models/Weapons/Sword_Long_04.Sword_Long_04
[2015.06.06-02.49.20:446][477]LogRenderer:Warning: Reallocating scene render targets to support 1360x936 (Frame:748).
[2015.06.06-02.49.42:077][829]LogFactory: FactoryCreateBinary: StaticMesh with FbxFactory (0 0 H:/GodKiller/Exports/Sword_Long_Broken_01.FBX)
[2015.06.06-02.49.42:162][829]LogFbx: ItemName: GlobalSettings, ItemCount : 1
[2015.06.06-02.49.42:162][829]LogFbx: ItemName: AnimationStack, ItemCount : 1
[2015.06.06-02.49.42:163][829]LogFbx: ItemName: AnimationLayer, ItemCount : 1
[2015.06.06-02.49.42:163][829]LogFbx: ItemName: Model, ItemCount : 1
[2015.06.06-02.49.42:163][829]LogFbx: ItemName: Geometry, ItemCount : 1
[2015.06.06-02.49.42:163][829]LogFbx: ItemName: Material, ItemCount : 2
[2015.06.06-02.49.42:163][829]LogFbx: ItemName: Texture, ItemCount : 2
[2015.06.06-02.49.42:163][829]LogFbx: ItemName: Video, ItemCount : 2
[2015.06.06-02.49.44:952][829]LogFbx: Loading FBX Scene from H:/GodKiller/Exports/Sword_Long_Broken_01.FBX
[2015.06.06-02.49.44:995][829]LogFbx: FBX Scene Loaded Succesfully
[2015.06.06-02.49.45:002][829]LogFbx: == Initial material list:
[2015.06.06-02.49.45:002][829]LogFbx: 0: Material #11
[2015.06.06-02.49.45:002][829]LogFbx: 1: Material #12
[2015.06.06-02.49.45:002][829]LogFbx: == After sorting:
[2015.06.06-02.49.45:002][829]LogFbx: 0: Material #11
[2015.06.06-02.49.45:002][829]LogFbx: 1: Material #12
[2015.06.06-02.49.45:002][829]LogFbx: == Mapping table:
[2015.06.06-02.49.45:002][829]LogFbx:   sort 0 -> 0
[2015.06.06-02.49.45:003][829]LogFbx:   sort 1 -> 1
[2015.06.06-02.49.45:005][829]LogStaticMesh: Building static mesh Sword_Long_Broken_01...
[2015.06.06-02.49.45:020][829]LogStaticMesh: Built static mesh [15.041697ms] /Game/Models/Weapons/Sword_Long_Broken_01.Sword_Long_Broken_01
[2015.06.06-02.49.45:035][829]LogFactory: FactoryCreateBinary: StaticMesh with FbxFactory (0 0 H:/GodKiller/Exports/Sword_Long_Broken_02.FBX)
[2015.06.06-02.49.45:071][829]LogFbx: Loading FBX Scene from H:/GodKiller/Exports/Sword_Long_Broken_02.FBX
[2015.06.06-02.49.45:079][829]LogFbx: FBX Scene Loaded Succesfully
[2015.06.06-02.49.45:082][829]LogFbx: == Initial material list:
[2015.06.06-02.49.45:082][829]LogFbx: 0: Material #11
[2015.06.06-02.49.45:082][829]LogFbx: 1: Material #12
[2015.06.06-02.49.45:082][829]LogFbx: == After sorting:
[2015.06.06-02.49.45:082][829]LogFbx: 0: Material #11
[2015.06.06-02.49.45:082][829]LogFbx: 1: Material #12
[2015.06.06-02.49.45:082][829]LogFbx: == Mapping table:
[2015.06.06-02.49.45:082][829]LogFbx:   sort 0 -> 0
[2015.06.06-02.49.45:082][829]LogFbx:   sort 1 -> 1
[2015.06.06-02.49.45:084][829]LogStaticMesh: Building static mesh Sword_Long_Broken_02...
[2015.06.06-02.49.45:092][829]LogStaticMesh: Built static mesh [7.940641ms] /Game/Models/Weapons/Sword_Long_Broken_02.Sword_Long_Broken_02
[2015.06.06-02.49.45:102][829]LogFactory: FactoryCreateBinary: StaticMesh with FbxFactory (0 0 H:/GodKiller/Exports/Sword_Long_Broken_03.FBX)
[2015.06.06-02.49.45:121][829]LogFbx: Loading FBX Scene from H:/GodKiller/Exports/Sword_Long_Broken_03.FBX
[2015.06.06-02.49.45:129][829]LogFbx: FBX Scene Loaded Succesfully
[2015.06.06-02.49.45:133][829]LogFbx: == Initial material list:
[2015.06.06-02.49.45:133][829]LogFbx: 0: Material #11
[2015.06.06-02.49.45:133][829]LogFbx: 1: Material #12
[2015.06.06-02.49.45:133][829]LogFbx: == After sorting:
[2015.06.06-02.49.45:133][829]LogFbx: 0: Material #11
[2015.06.06-02.49.45:133][829]LogFbx: 1: Material #12
[2015.06.06-02.49.45:133][829]LogFbx: == Mapping table:
[2015.06.06-02.49.45:133][829]LogFbx:   sort 0 -> 0
[2015.06.06-02.49.45:133][829]LogFbx:   sort 1 -> 1
[2015.06.06-02.49.45:135][829]LogStaticMesh: Building static mesh Sword_Long_Broken_03...
[2015.06.06-02.49.45:144][829]LogStaticMesh: Built static mesh [9.335095ms] /Game/Models/Weapons/Sword_Long_Broken_03.Sword_Long_Broken_03
[2015.06.06-02.49.45:154][829]LogFactory: FactoryCreateBinary: StaticMesh with FbxFactory (0 0 H:/GodKiller/Exports/Sword_Long_Broken_04.FBX)
[2015.06.06-02.49.45:173][829]LogFbx: Loading FBX Scene from H:/GodKiller/Exports/Sword_Long_Broken_04.FBX
[2015.06.06-02.49.45:181][829]LogFbx: FBX Scene Loaded Succesfully
[2015.06.06-02.49.45:184][829]LogFbx: == Initial material list:
[2015.06.06-02.49.45:184][829]LogFbx: 0: Material #11
[2015.06.06-02.49.45:184][829]LogFbx: 1: Material #12
[2015.06.06-02.49.45:184][829]LogFbx: == After sorting:
[2015.06.06-02.49.45:184][829]LogFbx: 0: Material #11
[2015.06.06-02.49.45:184][829]LogFbx: 1: Material #12
[2015.06.06-02.49.45:184][829]LogFbx: == Mapping table:
[2015.06.06-02.49.45:184][829]LogFbx:   sort 0 -> 0
[2015.06.06-02.49.45:184][829]LogFbx:   sort 1 -> 1
[2015.06.06-02.49.45:186][829]LogStaticMesh: Building static mesh Sword_Long_Broken_04...
[2015.06.06-02.49.45:193][829]LogStaticMesh: Built static mesh [6.627629ms] /Game/Models/Weapons/Sword_Long_Broken_04.Sword_Long_Broken_04
[2015.06.06-02.49.45:205][829]LogFactory: FactoryCreateBinary: StaticMesh with FbxFactory (0 0 H:/GodKiller/Exports/Sword_Short_Broken_01.FBX)
[2015.06.06-02.49.45:224][829]LogFbx: Loading FBX Scene from H:/GodKiller/Exports/Sword_Short_Broken_01.FBX
[2015.06.06-02.49.45:232][829]LogFbx: FBX Scene Loaded Succesfully
[2015.06.06-02.49.45:235][829]LogFbx: == Initial material list:
[2015.06.06-02.49.45:235][829]LogFbx: 0: Material #11
[2015.06.06-02.49.45:235][829]LogFbx: 1: Material #12
[2015.06.06-02.49.45:235][829]LogFbx: == After sorting:
[2015.06.06-02.49.45:235][829]LogFbx: 0: Material #11
[2015.06.06-02.49.45:235][829]LogFbx: 1: Material #12
[2015.06.06-02.49.45:235][829]LogFbx: == Mapping table:
[2015.06.06-02.49.45:235][829]LogFbx:   sort 0 -> 0
[2015.06.06-02.49.45:235][829]LogFbx:   sort 1 -> 1
[2015.06.06-02.49.45:237][829]LogStaticMesh: Building static mesh Sword_Short_Broken_01...
[2015.06.06-02.49.45:244][829]LogStaticMesh: Built static mesh [7.382462ms] /Game/Models/Weapons/Sword_Short_Broken_01.Sword_Short_Broken_01
[2015.06.06-02.49.45:255][829]LogFactory: FactoryCreateBinary: StaticMesh with FbxFactory (0 0 H:/GodKiller/Exports/Sword_Short_Broken_02.FBX)
[2015.06.06-02.49.45:274][829]LogFbx: Loading FBX Scene from H:/GodKiller/Exports/Sword_Short_Broken_02.FBX
[2015.06.06-02.49.45:281][829]LogFbx: FBX Scene Loaded Succesfully
[2015.06.06-02.49.45:285][829]LogFbx: == Initial material list:
[2015.06.06-02.49.45:285][829]LogFbx: 0: Material #11
[2015.06.06-02.49.45:285][829]LogFbx: 1: Material #12
[2015.06.06-02.49.45:285][829]LogFbx: == After sorting:
[2015.06.06-02.49.45:285][829]LogFbx: 0: Material #11
[2015.06.06-02.49.45:285][829]LogFbx: 1: Material #12
[2015.06.06-02.49.45:285][829]LogFbx: == Mapping table:
[2015.06.06-02.49.45:285][829]LogFbx:   sort 0 -> 0
[2015.06.06-02.49.45:285][829]LogFbx:   sort 1 -> 1
[2015.06.06-02.49.45:287][829]LogStaticMesh: Building static mesh Sword_Short_Broken_02...
[2015.06.06-02.49.45:295][829]LogStaticMesh: Built static mesh [8.087304ms] /Game/Models/Weapons/Sword_Short_Broken_02.Sword_Short_Broken_02
[2015.06.06-02.49.45:305][829]LogFactory: FactoryCreateBinary: StaticMesh with FbxFactory (0 0 H:/GodKiller/Exports/Sword_Short_Broken_03.FBX)
[2015.06.06-02.49.45:323][829]LogFbx: Loading FBX Scene from H:/GodKiller/Exports/Sword_Short_Broken_03.FBX
[2015.06.06-02.49.45:331][829]LogFbx: FBX Scene Loaded Succesfully
[2015.06.06-02.49.45:335][829]LogFbx: == Initial material list:
[2015.06.06-02.49.45:335][829]LogFbx: 0: Material #11
[2015.06.06-02.49.45:335][829]LogFbx: 1: Material #12
[2015.06.06-02.49.45:335][829]LogFbx: == After sorting:
[2015.06.06-02.49.45:335][829]LogFbx: 0: Material #11
[2015.06.06-02.49.45:335][829]LogFbx: 1: Material #12
[2015.06.06-02.49.45:335][829]LogFbx: == Mapping table:
[2015.06.06-02.49.45:335][829]LogFbx:   sort 0 -> 0
[2015.06.06-02.49.45:335][829]LogFbx:   sort 1 -> 1
[2015.06.06-02.49.45:337][829]LogStaticMesh: Building static mesh Sword_Short_Broken_03...
[2015.06.06-02.49.45:344][829]LogStaticMesh: Built static mesh [7.437419ms] /Game/Models/Weapons/Sword_Short_Broken_03.Sword_Short_Broken_03
[2015.06.06-02.49.45:357][829]LogContentBrowser:Verbose: The content browser source was changed by the sources view to 'None'
[2015.06.06-02.49.45:357][829]LogContentBrowser:Verbose: The content browser source was changed by the sources view to '/Game/Models/Weapons'
[2015.06.06-02.49.45:357][829]LogContentBrowser:Verbose: The content browser source was changed by the sources view to '/Game/Models/Weapons'
[2015.06.06-02.49.45:358][829]LogContentBrowser:Verbose: The content browser source was changed by the sources view to '/Game/Models/Weapons'
[2015.06.06-02.49.45:358][829]LogContentBrowser:Verbose: The content browser source was changed by the sources view to '/Game/Models/Weapons'
[2015.06.06-02.49.45:358][829]LogContentBrowser:Verbose: The content browser source was changed by the sources view to '/Game/Models/Weapons'
[2015.06.06-02.49.45:359][829]LogContentBrowser:Verbose: The content browser source was changed by the sources view to '/Game/Models/Weapons'
[2015.06.06-02.49.45:359][829]LogContentBrowser:Verbose: The content browser source was changed by the sources view to '/Game/Models/Weapons'
[2015.06.06-02.49.47:673][878]LogActorComponent: UnregisterComponent: (/Engine/Transient.CharMoveComp) Not registered. Aborting.
[2015.06.06-02.49.47:727][878]LogParticles: Destroying 0 GPU particle simulations for FXSystem 0x000000002612EA20
[2015.06.06-02.49.47:727][878]LogParticles: Destroying 0 GPU particle simulations for FXSystem 0x00000000202D1300
[2015.06.06-02.49.50:540][878]Cmd: OBJ SAVEPACKAGE PACKAGE="/Game/Models/Weapons/Sword_Long_Broken_01" FILE="../../../../../Isaac's stuff/GodKiller/God-Killer/Content/Models/Weapons/Sword_Long_Broken_01.uasset" SILENT=true
[2015.06.06-02.49.50:741][878]LogSavePackage: Save=198.628586ms
[2015.06.06-02.49.50:741][878]LogSavePackage: Moving '../../../../../Isaac's stuff/GodKiller/God-Killer/Saved/Sword_Long_Broken_01CEAD20F14344C142F23659ADCE528EA5.tmp' to '../../../../../Isaac's stuff/GodKiller/God-Killer/Content/Models/Weapons/Sword_Long_Broken_01.uasset'
[2015.06.06-02.49.50:763][878]Cmd: OBJ SAVEPACKAGE PACKAGE="/Game/Models/Weapons/Sword_Long_Broken_02" FILE="../../../../../Isaac's stuff/GodKiller/God-Killer/Content/Models/Weapons/Sword_Long_Broken_02.uasset" SILENT=true
[2015.06.06-02.49.50:961][878]LogSavePackage: Save=195.116302ms
[2015.06.06-02.49.50:961][878]LogSavePackage: Moving '../../../../../Isaac's stuff/GodKiller/God-Killer/Saved/Sword_Long_Broken_027F4C363E4392CA388EEE60967681D738.tmp' to '../../../../../Isaac's stuff/GodKiller/God-Killer/Content/Models/Weapons/Sword_Long_Broken_02.uasset'
[2015.06.06-02.49.50:984][878]Cmd: OBJ SAVEPACKAGE PACKAGE="/Game/Models/Weapons/Sword_Long_Broken_03" FILE="../../../../../Isaac's stuff/GodKiller/God-Killer/Content/Models/Weapons/Sword_Long_Broken_03.uasset" SILENT=true
[2015.06.06-02.49.51:185][878]LogSavePackage: Save=198.347839ms
[2015.06.06-02.49.51:185][878]LogSavePackage: Moving '../../../../../Isaac's stuff/GodKiller/God-Killer/Saved/Sword_Long_Broken_03DD4396474A9203A5A47F11B3937712EC.tmp' to '../../../../../Isaac's stuff/GodKiller/God-Killer/Content/Models/Weapons/Sword_Long_Broken_03.uasset'
[2015.06.06-02.49.51:207][878]Cmd: OBJ SAVEPACKAGE PACKAGE="/Game/Models/Weapons/Sword_Long_Broken_04" FILE="../../../../../Isaac's stuff/GodKiller/God-Killer/Content/Models/Weapons/Sword_Long_Broken_04.uasset" SILENT=true
[2015.06.06-02.49.51:404][878]LogSavePackage: Save=193.990341ms
[2015.06.06-02.49.51:404][878]LogSavePackage: Moving '../../../../../Isaac's stuff/GodKiller/God-Killer/Saved/Sword_Long_Broken_049E5E3FEC42D3F401934866B675BF6AFE.tmp' to '../../../../../Isaac's stuff/GodKiller/God-Killer/Content/Models/Weapons/Sword_Long_Broken_04.uasset'
[2015.06.06-02.49.51:426][878]Cmd: OBJ SAVEPACKAGE PACKAGE="/Game/Models/Weapons/Sword_Short_Broken_01" FILE="../../../../../Isaac's stuff/GodKiller/God-Killer/Content/Models/Weapons/Sword_Short_Broken_01.uasset" SILENT=true
[2015.06.06-02.49.51:593][878]LogSavePackage: Save=164.242645ms
[2015.06.06-02.49.51:593][878]LogSavePackage: Moving '../../../../../Isaac's stuff/GodKiller/God-Killer/Saved/Sword_Short_Broken_01796C4F50418DC566DE797CA6270DF6F2.tmp' to '../../../../../Isaac's stuff/GodKiller/God-Killer/Content/Models/Weapons/Sword_Short_Broken_01.uasset'
[2015.06.06-02.49.51:618][878]Cmd: OBJ SAVEPACKAGE PACKAGE="/Game/Models/Weapons/Sword_Short_Broken_02" FILE="../../../../../Isaac's stuff/GodKiller/God-Killer/Content/Models/Weapons/Sword_Short_Broken_02.uasset" SILENT=true
[2015.06.06-02.49.51:793][878]LogSavePackage: Save=172.725906ms
[2015.06.06-02.49.51:793][878]LogSavePackage: Moving '../../../../../Isaac's stuff/GodKiller/God-Killer/Saved/Sword_Short_Broken_023AAAF16D462F87323E7F2188F4D7BF53.tmp' to '../../../../../Isaac's stuff/GodKiller/God-Killer/Content/Models/Weapons/Sword_Short_Broken_02.uasset'
[2015.06.06-02.49.51:817][878]Cmd: OBJ SAVEPACKAGE PACKAGE="/Game/Models/Weapons/Sword_Short_Broken_03" FILE="../../../../../Isaac's stuff/GodKiller/God-Killer/Content/Models/Weapons/Sword_Short_Broken_03.uasset" SILENT=true
[2015.06.06-02.49.51:991][878]LogSavePackage: Save=171.697952ms
[2015.06.06-02.49.51:991][878]LogSavePackage: Moving '../../../../../Isaac's stuff/GodKiller/God-Killer/Saved/Sword_Short_Broken_03AA9B7F374F6CCDDA5B8077B1B95A8779.tmp' to '../../../../../Isaac's stuff/GodKiller/God-Killer/Content/Models/Weapons/Sword_Short_Broken_03.uasset'
[2015.06.06-02.49.54:123][915]Cmd: QUIT_EDITOR
[2015.06.06-02.49.54:400][915]LogExit: Preparing to exit.
[2015.06.06-02.49.54:806][915]LogExit: Editor shut down
[2015.06.06-02.49.54:806][915]LogExit: Transaction tracking system shut down
[2015.06.06-02.49.54:807][915]LogParticles: Destroying 0 GPU particle simulations for FXSystem 0x000000001CBEA980
[2015.06.06-02.49.54:809][915]LogParticles: Destroying 0 GPU particle simulations for FXSystem 0x00000000205E6520
[2015.06.06-02.49.54:809][915]LogParticles: Destroying 0 GPU particle simulations for FXSystem 0x0000000022F4EA20
[2015.06.06-02.49.54:809][915]LogParticles: Destroying 0 GPU particle simulations for FXSystem 0x0000000022F4CC20
[2015.06.06-02.49.54:809][915]LogParticles: Destroying 0 GPU particle simulations for FXSystem 0x0000000022F4C680
[2015.06.06-02.49.54:852][915]LogExit: Object subsystem successfully closed.
[2015.06.06-02.49.54:897][915]LogModuleManager: Shutting down and abandoning module StaticMeshEditor (178)
[2015.06.06-02.49.54:897][915]LogModuleManager: Shutting down and abandoning module CrashTracker (177)
[2015.06.06-02.49.54:897][915]LogModuleManager: Shutting down and abandoning module SuperSearch (176)
[2015.06.06-02.49.54:897][915]LogModuleManager: Shutting down and abandoning module SceneOutliner (175)
[2015.06.06-02.49.54:897][915]LogModuleManager: Shutting down and abandoning module EditorWidgets (174)
[2015.06.06-02.49.54:897][915]LogModuleManager: Shutting down and abandoning module CollectionManager (173)
[2015.06.06-02.49.54:897][915]LogModuleManager: Shutting down and abandoning module StatsViewer (172)
[2015.06.06-02.49.54:897][915]LogModuleManager: Shutting down and abandoning module FoliageEdit (171)
[2015.06.06-02.49.54:897][915]LogModuleManager: Shutting down and abandoning module LandscapeEditor (170)
[2015.06.06-02.49.54:898][915]LogModuleManager: Shutting down and abandoning module MeshPaint (169)
[2015.06.06-02.49.54:898][915]LogModuleManager: Shutting down and abandoning module ActorPickerMode (168)
[2015.06.06-02.49.54:898][915]LogModuleManager: Shutting down and abandoning module GeometryMode (167)
[2015.06.06-02.49.54:898][915]LogModuleManager: Shutting down and abandoning module TextureAlignMode (166)
[2015.06.06-02.49.54:898][915]LogModuleManager: Shutting down and abandoning module BspMode (165)
[2015.06.06-02.49.54:898][915]LogModuleManager: Shutting down and abandoning module PlacementMode (164)
[2015.06.06-02.49.54:898][915]LogModuleManager: Shutting down and abandoning module AutomationWorker (163)
[2015.06.06-02.49.54:898][915]LogModuleManager: Shutting down and abandoning module CharacterAI (162)
[2015.06.06-02.49.54:898][915]LogModuleManager: Shutting down and abandoning module SmartSnapping (161)
[2015.06.06-02.49.54:898][915]LogModuleManager: Shutting down and abandoning module ViewportSnapping (160)
[2015.06.06-02.49.54:898][915]LogModuleManager: Shutting down and abandoning module LogVisualizer (159)
[2015.06.06-02.49.54:898][915]LogModuleManager: Shutting down and abandoning module GameProjectGeneration (158)
[2015.06.06-02.49.54:898][915]LogModuleManager: Shutting down and abandoning module IntroTutorials (157)
[2015.06.06-02.49.54:898][915]LogModuleManager: Shutting down and abandoning module EditorLiveStreaming (156)
[2015.06.06-02.49.54:898][915]LogModuleManager: Shutting down and abandoning module HardwareTargeting (155)
[2015.06.06-02.49.54:898][915]LogModuleManager: Shutting down and abandoning module DeviceProfileEditor (154)
[2015.06.06-02.49.54:898][915]LogModuleManager: Shutting down and abandoning module UndoHistory (153)
[2015.06.06-02.49.54:898][915]LogModuleManager: Shutting down and abandoning module GameplayTagsEditor (152)
[2015.06.06-02.49.54:898][915]LogModuleManager: Shutting down and abandoning module UserFeedback (151)
[2015.06.06-02.49.54:898][915]LogModuleManager: Shutting down and abandoning module XmlParser (150)
[2015.06.06-02.49.54:898][915]LogModuleManager: Shutting down and abandoning module Blutility (149)
[2015.06.06-02.49.54:898][915]LogModuleManager: Shutting down and abandoning module IOSPlatformEditor (148)
[2015.06.06-02.49.54:898][915]LogModuleManager: Shutting down and abandoning module IOSRuntimeSettings (147)
[2015.06.06-02.49.54:898][915]LogModuleManager: Shutting down and abandoning module AndroidDeviceDetection (146)
[2015.06.06-02.49.55:100][915]LogModuleManager: Shutting down and abandoning module AndroidPlatformEditor (145)
[2015.06.06-02.49.55:100][915]LogModuleManager: Shutting down and abandoning module AndroidRuntimeSettings (144)
[2015.06.06-02.49.55:100][915]LogModuleManager: Shutting down and abandoning module ProjectTargetPlatformEditor (143)
[2015.06.06-02.49.55:100][915]LogModuleManager: Shutting down and abandoning module ProjectSettingsViewer (142)
[2015.06.06-02.49.55:100][915]LogModuleManager: Shutting down and abandoning module InputBindingEditor (141)
[2015.06.06-02.49.55:100][915]LogModuleManager: Shutting down and abandoning module EditorSettingsViewer (140)
[2015.06.06-02.49.55:100][915]LogModuleManager: Shutting down and abandoning module SettingsEditor (139)
[2015.06.06-02.49.55:100][915]LogModuleManager: Shutting down and abandoning module ProjectLauncher (138)
[2015.06.06-02.49.55:100][915]LogModuleManager: Shutting down and abandoning module SessionFrontend (137)
[2015.06.06-02.49.55:100][915]LogModuleManager: Shutting down and abandoning module ProfilerClient (136)
[2015.06.06-02.49.55:100][915]LogModuleManager: Shutting down and abandoning module TargetDeviceServices (135)
[2015.06.06-02.49.55:101][915]LogModuleManager: Shutting down and abandoning module DeviceManager (134)
[2015.06.06-02.49.55:101][915]LogModuleManager: Shutting down and abandoning module AutomationController (133)
[2015.06.06-02.49.55:101][915]LogModuleManager: Shutting down and abandoning module AutomationWindow (132)
[2015.06.06-02.49.55:101][915]LogModuleManager: Shutting down and abandoning module Layers (131)
[2015.06.06-02.49.55:101][915]LogModuleManager: Shutting down and abandoning module ComponentVisualizers (130)
[2015.06.06-02.49.55:101][915]LogModuleManager: Shutting down and abandoning module DetailCustomizations (129)
[2015.06.06-02.49.55:101][915]LogModuleManager: Shutting down and abandoning module PackagesDialog (128)
[2015.06.06-02.49.55:101][915]LogModuleManager: Shutting down and abandoning module AssetRegistry (127)
[2015.06.06-02.49.55:244][915]LogModuleManager: Shutting down and abandoning module Persona (126)
[2015.06.06-02.49.55:244][915]LogModuleManager: Shutting down and abandoning module SlateReflector (125)
[2015.06.06-02.49.55:244][915]LogModuleManager: Shutting down and abandoning module LevelEditor (124)
[2015.06.06-02.49.55:245][915]LogModuleManager: Shutting down and abandoning module Kismet (123)
[2015.06.06-02.49.55:245][915]LogModuleManager: Shutting down and abandoning module GraphEditor (122)
[2015.06.06-02.49.55:245][915]LogModuleManager: Shutting down and abandoning module ClassViewer (121)
[2015.06.06-02.49.55:245][915]LogModuleManager: Shutting down and abandoning module Toolbox (120)
[2015.06.06-02.49.55:245][915]LogModuleManager: Shutting down and abandoning module ModuleUI (119)
[2015.06.06-02.49.55:245][915]LogModuleManager: Shutting down and abandoning module MovieSceneTools (118)
[2015.06.06-02.49.55:245][915]LogModuleManager: Shutting down and abandoning module OutputLog (117)
[2015.06.06-02.49.55:245][915]LogModuleManager: Shutting down and abandoning module GammaUI (116)
[2015.06.06-02.49.55:245][915]LogModuleManager: Shutting down and abandoning module Documentation (115)
[2015.06.06-02.49.55:245][915]LogModuleManager: Shutting down and abandoning module GameLiveStreaming (114)
[2015.06.06-02.49.55:245][915]LogModuleManager: Shutting down and abandoning module StreamingPauseRendering (113)
[2015.06.06-02.49.55:245][915]LogModuleManager: Shutting down and abandoning module HTTP (112)
[2015.06.06-02.49.55:245][915]LogModuleManager: Shutting down and abandoning module AnalyticsET (111)
[2015.06.06-02.49.55:245][915]LogModuleManager: Shutting down and abandoning module Analytics (110)
[2015.06.06-02.49.55:245][915]LogModuleManager: Shutting down and abandoning module AITestSuite (109)
[2015.06.06-02.49.55:245][915]LogModuleManager: Shutting down and abandoning module GameplayDebugger (108)
[2015.06.06-02.49.55:245][915]LogModuleManager: Shutting down and abandoning module AIModule (107)
[2015.06.06-02.49.55:245][915]LogModuleManager: Shutting down and abandoning module ProfilerService (106)
[2015.06.06-02.49.55:306][915]LogModuleManager: Shutting down and abandoning module TaskGraph (105)
[2015.06.06-02.49.55:306][915]LogModuleManager: Shutting down and abandoning module SlateRemote (104)
[2015.06.06-02.49.55:306][915]LogModuleManager: Shutting down and abandoning module ScriptEditorPlugin (103)
[2015.06.06-02.49.55:306][915]LogModuleManager: Shutting down and abandoning module CustomMeshComponent (102)
[2015.06.06-02.49.55:306][915]LogModuleManager: Shutting down and abandoning module CableComponent (101)
[2015.06.06-02.49.55:306][915]LogModuleManager: Shutting down and abandoning module MessagingDebugger (100)
[2015.06.06-02.49.55:306][915]LogModuleManager: Shutting down and abandoning module MediaPlayerEditor (99)
[2015.06.06-02.49.55:306][915]LogModuleManager: Shutting down and abandoning module SpeedTreeImporter (98)
[2015.06.06-02.49.55:306][915]LogModuleManager: Shutting down and abandoning module PluginsEditor (97)
[2015.06.06-02.49.55:306][915]LogModuleManager: Shutting down and abandoning module MainFrame (96)
[2015.06.06-02.49.55:306][915]LogModuleManager: Shutting down and abandoning module EpicSurvey (95)
[2015.06.06-02.49.55:306][915]LogModuleManager: Shutting down and abandoning module DesktopPlatform (94)
[2015.06.06-02.49.55:306][915]LogModuleManager: Shutting down and abandoning module DirectoryWatcher (93)
[2015.06.06-02.49.55:306][915]LogModuleManager: Shutting down and abandoning module HotReload (92)
[2015.06.06-02.49.55:306][915]LogModuleManager: Shutting down and abandoning module VisualStudioSourceCodeAccess (91)
[2015.06.06-02.49.55:306][915]LogModuleManager: Shutting down and abandoning module UObjectPlugin (90)
[2015.06.06-02.49.55:306][915]LogModuleManager: Shutting down and abandoning module SubversionSourceControl (89)
[2015.06.06-02.49.55:306][915]LogModuleManager: Shutting down and abandoning module PerforceSourceControl (88)
[2015.06.06-02.49.55:306][915]LogModuleManager: Shutting down and abandoning module SourceControl (87)
[2015.06.06-02.49.55:306][915]LogModuleManager: Shutting down and abandoning module GitSourceControl (86)
[2015.06.06-02.49.55:306][915]LogModuleManager: Shutting down and abandoning module BlankPlugin (85)
[2015.06.06-02.49.55:306][915]LogModuleManager: Shutting down and abandoning module PaperTiledImporter (84)
[2015.06.06-02.49.55:306][915]LogModuleManager: Shutting down and abandoning module PaperJsonImporter (83)
[2015.06.06-02.49.55:306][915]LogModuleManager: Shutting down and abandoning module ContentBrowser (82)
[2015.06.06-02.49.55:307][915]LogModuleManager: Shutting down and abandoning module Paper2DEditor (81)
[2015.06.06-02.49.55:307][915]LogModuleManager: Shutting down and abandoning module ScriptPlugin (80)
[2015.06.06-02.49.55:307][915]LogModuleManager: Shutting down and abandoning module UdpMessaging (79)
[2015.06.06-02.49.55:407][915]LogModuleManager: Shutting down and abandoning module Paper2D (78)
[2015.06.06-02.49.55:407][915]LogModuleManager: Shutting down and abandoning module WindowsMoviePlayer (77)
[2015.06.06-02.49.55:411][915]LogModuleManager: Shutting down and abandoning module Media (76)
[2015.06.06-02.49.55:411][915]LogModuleManager: Shutting down and abandoning module WmfMedia (75)
[2015.06.06-02.49.55:411][915]LogModuleManager: Shutting down and abandoning module OnlineBlueprintSupport (74)
[2015.06.06-02.49.55:411][915]LogModuleManager: Shutting down and abandoning module PropertyEditor (73)
[2015.06.06-02.49.55:411][915]LogModuleManager: Shutting down and abandoning module BehaviorTreeEditor (72)
[2015.06.06-02.49.55:412][915]LogModuleManager: Shutting down and abandoning module FunctionalTesting (71)
[2015.06.06-02.49.55:412][915]LogModuleManager: Shutting down and abandoning module CollisionAnalyzer (70)
[2015.06.06-02.49.55:412][915]LogModuleManager: Shutting down and abandoning module WorkspaceMenuStructure (69)
[2015.06.06-02.49.55:412][915]LogModuleManager: Shutting down and abandoning module MessageLog (68)
[2015.06.06-02.49.55:412][915]LogModuleManager: Shutting down and abandoning module Sequencer (67)
[2015.06.06-02.49.55:412][915]LogModuleManager: Shutting down and abandoning module AssetTools (66)
[2015.06.06-02.49.55:412][915]LogModuleManager: Shutting down and abandoning module UMGEditor (65)
[2015.06.06-02.49.55:412][915]LogModuleManager: Shutting down and abandoning module UMG (64)
[2015.06.06-02.49.55:412][915]LogModuleManager: Shutting down and abandoning module Slate (63)
[2015.06.06-02.49.55:412][915]LogModuleManager: Shutting down and abandoning module EditorStyle (62)
[2015.06.06-02.49.55:419][915]LogModuleManager: Shutting down and abandoning module SessionServices (61)
[2015.06.06-02.49.55:419][915]LogModuleManager: Shutting down and abandoning module SourceCodeAccess (60)
[2015.06.06-02.49.55:419][915]LogModuleManager: Shutting down and abandoning module HeadMountedDisplay (59)
[2015.06.06-02.49.55:419][915]LogModuleManager: Shutting down and abandoning module XAudio2 (58)
[2015.06.06-02.49.55:419][915]LogModuleManager: Shutting down and abandoning module Networking (56)
[2015.06.06-02.49.55:419][915]LogModuleManager: Shutting down and abandoning module Core (55)
[2015.06.06-02.49.55:419][915]LogModuleManager: Shutting down and abandoning module KismetCompiler (54)
[2015.06.06-02.49.55:419][915]LogModuleManager: Shutting down and abandoning module PhysXFormats (53)
[2015.06.06-02.49.55:419][915]LogModuleManager: Shutting down and abandoning module MeshUtilities (52)
[2015.06.06-02.49.55:419][915]LogModuleManager: Shutting down and abandoning module DerivedDataCache (51)
[2015.06.06-02.49.55:570][915]LogDerivedDataCache: Shutdown
[2015.06.06-02.49.55:570][915]LogModuleManager: Shutting down and abandoning module ShaderFormatOpenGL (50)
[2015.06.06-02.49.55:570][915]LogModuleManager: Shutting down and abandoning module ShaderFormatD3D (49)
[2015.06.06-02.49.55:570][915]LogModuleManager: Shutting down and abandoning module MetalShaderFormat (48)
[2015.06.06-02.49.55:570][915]LogModuleManager: Shutting down and abandoning module TextureFormatUncompressed (47)
[2015.06.06-02.49.55:570][915]LogModuleManager: Shutting down and abandoning module TextureFormatPVR (46)
[2015.06.06-02.49.55:570][915]LogModuleManager: Shutting down and abandoning module TextureFormatIntelISPCTexComp (45)
[2015.06.06-02.49.55:570][915]LogModuleManager: Shutting down and abandoning module TextureFormatDXT (44)
[2015.06.06-02.49.55:570][915]LogModuleManager: Shutting down and abandoning module ImageWrapper (43)
[2015.06.06-02.49.55:570][915]LogModuleManager: Shutting down and abandoning module TextureFormatASTC (42)
[2015.06.06-02.49.55:570][915]LogModuleManager: Shutting down and abandoning module TextureFormatAndroid (41)
[2015.06.06-02.49.55:570][915]LogModuleManager: Shutting down and abandoning module AudioFormatOpus (40)
[2015.06.06-02.49.55:570][915]LogModuleManager: Shutting down and abandoning module AudioFormatOgg (39)
[2015.06.06-02.49.55:570][915]LogModuleManager: Shutting down and abandoning module AudioFormatADPCM (38)
[2015.06.06-02.49.55:570][915]LogModuleManager: Shutting down and abandoning module LinuxTargetPlatform (37)
[2015.06.06-02.49.55:570][915]LogModuleManager: Shutting down and abandoning module LinuxServerTargetPlatform (36)
[2015.06.06-02.49.55:570][915]LogModuleManager: Shutting down and abandoning module LinuxNoEditorTargetPlatform (35)
[2015.06.06-02.49.55:570][915]LogModuleManager: Shutting down and abandoning module Messaging (34)
[2015.06.06-02.49.55:570][915]LogModuleManager: Shutting down and abandoning module IOSTargetPlatform (33)
[2015.06.06-02.49.55:570][915]LogModuleManager: Shutting down and abandoning module HTML5TargetPlatform (32)
[2015.06.06-02.49.55:570][915]LogModuleManager: Shutting down and abandoning module Android_PVRTCTargetPlatform (31)
[2015.06.06-02.49.55:570][915]LogModuleManager: Shutting down and abandoning module Android_ETC2TargetPlatform (30)
[2015.06.06-02.49.55:570][915]LogModuleManager: Shutting down and abandoning module Android_ETC1TargetPlatform (29)
[2015.06.06-02.49.55:570][915]LogModuleManager: Shutting down and abandoning module Android_ES31TargetPlatform (28)
[2015.06.06-02.49.55:570][915]LogModuleManager: Shutting down and abandoning module Android_DXTTargetPlatform (27)
[2015.06.06-02.49.55:570][915]LogModuleManager: Shutting down and abandoning module Android_ATCTargetPlatform (26)
[2015.06.06-02.49.55:570][915]LogModuleManager: Shutting down and abandoning module AndroidTargetPlatform (25)
[2015.06.06-02.49.55:570][915]LogModuleManager: Shutting down and abandoning module WindowsTargetPlatform (24)
[2015.06.06-02.49.55:570][915]LogModuleManager: Shutting down and abandoning module WindowsServerTargetPlatform (23)
[2015.06.06-02.49.55:570][915]LogModuleManager: Shutting down and abandoning module WindowsNoEditorTargetPlatform (22)
[2015.06.06-02.49.55:570][915]LogModuleManager: Shutting down and abandoning module WindowsClientTargetPlatform (21)
[2015.06.06-02.49.55:570][915]LogModuleManager: Shutting down and abandoning module TargetPlatform (20)
[2015.06.06-02.49.55:570][915]LogModuleManager: Shutting down and abandoning module InputCore (19)
[2015.06.06-02.49.55:570][915]LogModuleManager: Shutting down and abandoning module Settings (18)
[2015.06.06-02.49.55:571][915]LogModuleManager: Shutting down and abandoning module OnlineSubsystem (16)
[2015.06.06-02.49.55:571][915]LogModuleManager: Shutting down and abandoning module OculusRift (15)
[2015.06.06-02.49.55:571][915]LogModuleManager: Shutting down and abandoning module ExampleDeviceProfileSelector (14)
[2015.06.06-02.49.55:571][915]LogModuleManager: Shutting down and abandoning module TextureCompressor (13)
[2015.06.06-02.49.55:571][915]LogModuleManager: Shutting down and abandoning module ShaderCore (12)
[2015.06.06-02.49.55:571][915]LogModuleManager: Shutting down and abandoning module Landscape (11)
[2015.06.06-02.49.55:571][915]LogModuleManager: Shutting down and abandoning module SlateRHIRenderer (10)
[2015.06.06-02.49.55:572][915]LogModuleManager: Shutting down and abandoning module OpenGLDrv (9)
[2015.06.06-02.49.55:572][915]LogModuleManager: Shutting down and abandoning module D3D11RHI (8)
[2015.06.06-02.49.55:572][915]LogModuleManager: Shutting down and abandoning module Renderer (7)
[2015.06.06-02.49.55:572][915]LogModuleManager: Shutting down and abandoning module Engine (6)
[2015.06.06-02.49.55:572][915]LogModuleManager: Shutting down and abandoning module CoreUObject (5)
[2015.06.06-02.49.55:572][915]LogModuleManager: Shutting down and abandoning module NetworkFile (4)
[2015.06.06-02.49.55:572][915]LogModuleManager: Shutting down and abandoning module StreamingFile (3)
[2015.06.06-02.49.55:572][915]LogModuleManager: Shutting down and abandoning module SandboxFile (2)
[2015.06.06-02.49.55:572][915]LogModuleManager: Shutting down and abandoning module PakFile (1)
[2015.06.06-02.49.55:572][915]LogExit: Exiting.
[2015.06.06-02.49.55:604][915]Log file closed, 06/05/15 19:49:55
