Log file open, 05/25/15 12:58:36
LogInit:Display: Running engine for game: GodKiller
LogInit: Version: 4.7.6-2513093+++depot+UE4-Releases+4.7
LogInit: API Version: 2455222
LogInit: Compiled (64-bit): Apr 15 2015 12:09:54
LogInit: Compiled with Visual C++: 18.00.21005.01
LogInit: Build Configuration: Development
LogInit: Branch Name: ++depot+UE4-Releases+4.7
LogInit: Command line:  
LogInit: Base directory: E:/Program Files/Epic Games/4.7/Engine/Binaries/Win64/
LogInit: Rocket: 1
[2015.05.25-19.58.36:543][  0]LogTaskGraph: Started task graph with 3 named threads and 6 total threads.
[2015.05.25-19.58.36:610][  0]LogOnline:Warning: No default platform service specified for OnlineSubsystem
[2015.05.25-19.58.36:642][  0]LogInit: Presizing for 0 objects not considered by GC, pre-allocating 0 bytes.
[2015.05.25-19.58.36:653][  0]LogInit: Object subsystem initialized
[2015.05.25-19.58.36:655][  0]LogConsoleResponse:Warning: Skipping Unknown console variable: 'TranslucentSortAxis = (X=0.000000,Y=-1.000000,Z=0.000000)'
[2015.05.25-19.58.36:655][  0]LogConsoleResponse:Warning:   Found in ini file 'E:/Documents/GitHub/God-Killer/Saved/Config/Windows/Engine.ini', in section '[/Script/Engine.RendererSettings]'
[2015.05.25-19.58.36:655][  0]LogConsoleResponse:Warning: Skipping Unknown console variable: 'UIScaleRule = ShortestSide'
[2015.05.25-19.58.36:655][  0]LogConsoleResponse:Warning:   Found in ini file 'E:/Documents/GitHub/God-Killer/Saved/Config/Windows/Engine.ini', in section '[/Script/Engine.RendererSettings]'
[2015.05.25-19.58.36:655][  0]LogConsoleResponse:Warning: Skipping Unknown console variable: 'UIScaleCurve = (EditorCurveData=(Keys=),ExternalCurve=None)'
[2015.05.25-19.58.36:655][  0]LogConsoleResponse:Warning:   Found in ini file 'E:/Documents/GitHub/God-Killer/Saved/Config/Windows/Engine.ini', in section '[/Script/Engine.RendererSettings]'
[2015.05.25-19.58.36:656][  0]LogInit: Selected Device Profile: [Windows]
[2015.05.25-19.58.36:656][  0]LogInit: Applying CVar settings loaded from the selected device profile: [Windows]
[2015.05.25-19.58.36:665][  0]LogInit: Computer: JOSEPH-PC
[2015.05.25-19.58.36:665][  0]LogInit: User: Joseph
[2015.05.25-19.58.36:665][  0]LogInit: CPU Page size=4096, Cores=4
[2015.05.25-19.58.36:665][  0]LogInit: High frequency timer resolution =3.919443 MHz
[2015.05.25-19.58.36:665][  0]LogMemory: Memory total: Physical=15.9GB (16GB approx) Virtual=8192.0GB
[2015.05.25-19.58.36:665][  0]LogMemory: Platform Memory Stats for Windows
[2015.05.25-19.58.36:665][  0]LogMemory: Process Physical Memory: 53.26 MB used, 53.26 MB peak
[2015.05.25-19.58.36:665][  0]LogMemory: Process Virtual Memory: 32.02 MB used, 32.02 MB peak
[2015.05.25-19.58.36:665][  0]LogMemory: Physical Memory: 4819.35 MB used, 16280.89 MB total
[2015.05.25-19.58.36:665][  0]LogMemory: Virtual Memory: 289.59 MB used, 8388608.00 MB total
[2015.05.25-19.58.36:750][  0]LogD3D11RHI: Found D3D11 adapter 0: AMD Radeon R9 200 Series (Feature Level 11_0)
[2015.05.25-19.58.36:750][  0]LogD3D11RHI: Adapter has 4073MB of dedicated video memory, 0MB of dedicated system memory, and 3840MB of shared system memory, 1 output[s]
[2015.05.25-19.58.36:750][  0]LogD3D11RHI: Chosen D3D11 Adapter Id = 0
[2015.05.25-19.58.36:758][  0]LogRHI: Texture pool is 1361 MB (70% of 1945 MB)
[2015.05.25-19.58.36:780][  0]LogD3D11RHI: Async texture creation disabled: no driver support
[2015.05.25-19.58.36:908][  0]LogTextLocalizationManager: The requested culture ('en_US') has no localization data; parent culture's ('en') localization data will be used.
[2015.05.25-19.58.36:973][  0]LogTextLocalizationManager:Warning: Loading localization resources contain conflicting entries for (Namespace:UICommands, Key:Save_ToolTip):
Resource: (E:/Program Files/Epic Games/4.7/Engine/Content/Localization/Editor/en/Editor.locres) Hash: (-29098895) String: (Saves the current level to disk)
Resource: (E:/Program Files/Epic Games/4.7/Engine/Content/Localization/Engine/en/Engine.locres) Hash: (-1280300587) String: (Save selected data to vlog file)
[2015.05.25-19.58.36:973][  0]LogTextLocalizationManager:Warning: Loading localization resources contain conflicting entries for (Namespace:ContentBrowser, Key:ImportAssetToolTip):
Resource: (E:/Program Files/Epic Games/4.7/Engine/Content/Localization/Editor/en/Editor.locres) Hash: (-630476809) String: (Import to {0}...)
Resource: (E:/Program Files/Epic Games/4.7/Engine/Content/Localization/Editor/en/Editor.locres) Hash: (1271782899) String: (Imports an asset from file to this folder.)
[2015.05.25-19.58.37:059][  0]LogContentStreaming: Texture pool size is 0.000000MB
[2015.05.25-19.58.40:377][  0]LogTargetPlatformManager:Display: Building Assets For Windows
[2015.05.25-19.58.41:834][  0]LogTargetPlatformManager:Display: Building Assets For Windows
[2015.05.25-19.58.41:955][  0]LogDerivedDataCache:Display: Max Cache Size: 512 MB
[2015.05.25-19.58.42:022][  0]LogDerivedDataCache: Loaded boot cache 0.07s 39MB C:/Users/Joseph/AppData/Local/UnrealEngine/4.7/DerivedDataCache/Boot.ddc.
[2015.05.25-19.58.42:022][  0]LogDerivedDataCache:Display: Loaded Boot cache: C:/Users/Joseph/AppData/Local/UnrealEngine/4.7/DerivedDataCache/Boot.ddc
[2015.05.25-19.58.42:022][  0]LogDerivedDataCache: FDerivedDataBackendGraph:  Pak pak cache file ../../../../../../Documents/GitHub/God-Killer/DerivedDataCache/DDC.ddp not found, will not use a pak cache.
[2015.05.25-19.58.42:022][  0]LogDerivedDataCache: Unable to find inner node Pak for hierarchical cache Hierarchy.
[2015.05.25-19.58.42:136][  0]LogDerivedDataCache:Display: Pak cache opened for reading ../../../Engine/DerivedDataCache/Compressed.ddp.
[2015.05.25-19.58.42:148][  0]LogDerivedDataCache: Using Local data cache path C:/Users/Joseph/AppData/Local/UnrealEngine/Common/DerivedDataCache: Writable
[2015.05.25-19.58.42:600][  0]LogMeshUtilities: No automatic mesh reduction module available
[2015.05.25-19.58.42:600][  0]LogMeshUtilities: No automatic mesh merging module available
[2015.05.25-19.58.43:198][  0]LogInit: WinSock: version 1.1 (2.2), MaxSocks=32767, MaxUdp=65467
[2015.05.25-19.58.43:407][  0]LogSlate:Warning: Failed to load font data from '../../../Engine/Content/Slate/Fonts/Roboto-Italic.ttf'
[2015.05.25-19.58.44:728][  0]UdpMessaging: Initializing bridge on interface 0.0.0.0:0 to multicast group 230.0.0.1:6666.
[2015.05.25-19.58.45:176][  0]SourceControl: Info Source control is disabled
[2015.05.25-19.58.45:176][  0]SourceControl: Info Source control is disabled
[2015.05.25-19.58.45:176][  0]SourceControl: Info Source control is disabled
[2015.05.25-19.58.45:176][  0]LogSourceControl: RunCommandInternalRaw: 'git version'
[2015.05.25-19.58.45:177][  0]LogSourceControl: RunCommandInternalRaw: ExecProcess ReturnCode=2 OutResults=''
[2015.05.25-19.58.45:199][  0]SourceControl: Info Source control is disabled
[2015.05.25-19.58.45:695][  0]LogObj: 24232 objects as part of root set at end of initial load.
[2015.05.25-19.58.45:695][  0]LogUObjectAllocator: 5137176 out of 0 bytes used by permanent object pool.
[2015.05.25-19.58.45:822][  0]LogEngine: Initializing Engine...
[2015.05.25-19.58.48:018][  0]LogInit: XAudio2 using '1 - LG ULTRAWIDE (AMD High Definition Audio Device)' : 2 channels at 48 kHz using 16 bits per sample (channel mask 0x3)
[2015.05.25-19.58.48:035][  0]LogInit: FAudioDevice initialized.
[2015.05.25-19.58.48:121][  0]LogAIModule: Creating AISystem for world NewWorld
[2015.05.25-19.58.48:156][  0]LogDerivedDataCache: Saved boot cache 0.03s 39MB C:/Users/Joseph/AppData/Local/UnrealEngine/4.7/DerivedDataCache/Boot.ddc.
[2015.05.25-19.58.48:164][  0]LogInit: Texture streaming: Enabled
[2015.05.25-19.58.48:316][  0]LogAnalytics: Creating configured Analytics provider AnalyticsET
[2015.05.25-19.58.48:316][  0]LogAnalytics: ET APIKey = Rocket.Release. APIServer = http://et2.epicgames.com/ET2/. AppVersion = 4.7.6-2513093+++depot+UE4-Releases+4.7
[2015.05.25-19.58.48:317][  0]LogAnalytics: ET APIKey = Rocket.Release. DataRouterUploadURL = https://datarouter-public-service-gamedev.ol.epicgames.net/datarouter/api/v1/public/data. AppVersion = 4.7.6-2513093+++depot+UE4-Releases+4.7
[2015.05.25-19.58.48:317][  0]LogAnalytics: SetUserId b9e16797403c47e8d8c7f7803aa9954f|fbedbf84e6654fb9830ed15a26abc575|2ed228c2-85a1-483a-b700-9447107bbaed
[2015.05.25-19.58.48:317][  0]LogAnalytics: AnalyticsET::StartSession [Rocket.Release]
[2015.05.25-19.58.48:401][  0]LogInit: Transaction tracking system initialized
[2015.05.25-19.58.48:830][  0]BlueprintLog: New page: Editor Load
[2015.05.25-19.58.48:900][  0]LogAssetRegistry: FAssetRegistry took 0.0100 seconds to start up
[2015.05.25-19.58.48:901][  0]LogDirectoryWatcher:Warning: Failed to begin reading directory changes for ../../../Engine/Plugins/Experimental/CharacterAI/Content/. Error: 0
[2015.05.25-19.58.50:430][  0]LogTargetPlatformManager:Display: Building Assets For Windows
[2015.05.25-19.58.51:437][  0]LogTargetPlatformManager:Display: Building Assets For Windows
[2015.05.25-19.58.52:088][  0]LogSlate:Warning: Failed to load font data from '../../../Engine/Content/Editor/Slate/Fonts/Roboto-Regular.ttf'
[2015.05.25-19.58.52:089][  0]LogSlate:Warning: Failed to load font data from '../../../Engine/Content/Editor/Slate/Fonts/Roboto-Bold.ttf'
[2015.05.25-19.58.52:095][  0]LogConsoleResponse:Display: 
[2015.05.25-19.58.52:323][  0]LogCook:Display: Done creating registry. It took  0.00s.
[2015.05.25-19.58.52:725][  0]SourceControl: Info Source control is disabled
[2015.05.25-19.58.52:725][  0]Cmd: MAP LOAD FILE="../../../../../../Documents/GitHub/God-Killer/Content/Scene/NewCave.umap" TEMPLATE=0 SHOWPROGRESS=1 FEATURELEVEL=3
[2015.05.25-19.58.52:726][  0]LightingResults: New page: Lighting Build
[2015.05.25-19.58.52:754][  0]MapCheck: New page: Map Check
[2015.05.25-19.58.52:754][  0]LightingResults: New page: Lighting Build
[2015.05.25-19.58.52:765][  0]LogParticles: Destroying 0 GPU particle simulations for FXSystem 0x0000000015FE0680
[2015.05.25-19.58.58:471][  0]LogEditorServer: Finished looking for orphan Actors (0.000 secs)
[2015.05.25-19.58.58:471][  0]LogAIModule: Creating AISystem for world NewCave
[2015.05.25-19.58.58:472][  0]Cmd: MAP CHECKDEP
[2015.05.25-19.58.58:472][  0]MapCheck: New page: NewCave - May 25, 2015, 5:58:58 AM
[2015.05.25-19.58.58:735][  0]MapCheck: Info Map check complete: 0 Error(s), 0 Warning(s), took 262.957ms to complete.
[2015.05.25-19.58.58:735][  0]LogFileHelpers: Loading map 'NewCave' took 6.010
[2015.05.25-19.58.58:861][  0]LogCollectionManager: Loaded 0 collections in 0.002276 seconds
[2015.05.25-19.58.58:879][  0]LogContentBrowser: Native class hierarchy populated in 0.0181 seconds. Added 1696 classes and 261 folders.
[2015.05.25-19.58.59:012][  0]LogContentBrowser: Native class hierarchy updated for 'SceneOutliner' in 0.0067 seconds. Added 1 classes and 2 folders.
[2015.05.25-19.58.59:110][  0]LogCrashTracker: Crashtracker disabled due to settings.
[2015.05.25-19.58.59:112][  0]LogSlate:Warning: Failed to load font data from 'Veranda'
[2015.05.25-19.58.59:119][  0]LogUObjectGlobals:Warning: Failed to find object 'Class None.'
[2015.05.25-19.58.59:174][  0]LogLoad: Full Startup: 25.33 seconds (BP compile: 2.69 seconds)
[2015.05.25-19.58.59:603][  0]LogContentBrowser:Verbose: The content browser source was changed by the sources view to '/Game/Textures'
[2015.05.25-19.58.59:930][  0]LogRenderer:Warning: Reallocating scene render targets to support 32x32 (Frame:2).
[2015.05.25-19.59.00:122][  0]LogRenderer:Warning: Reallocating scene render targets to support 1232x968 (Frame:19).
[2015.05.25-19.59.00:222][  1]Cmd: UpdateLandscapeEditorData -warnings
[2015.05.25-19.59.00:227][  1]Cmd: UpdateLandscapeEditorData
[2015.05.25-19.59.01:579][  5]LogAssetRegistry: Asset discovery search completed in 12.6896 seconds
[2015.05.25-20.02.50:332][438]LogEditorViewport: Clicking on Actor (context menu): Landscape (Landscape)
[2015.05.25-20.02.51:825][576]LogPlayLevel: PIE:  No blueprints needed recompiling
[2015.05.25-20.02.51:826][576]PIE: New page: PIE session: NewCave (May 25, 2015, 6:02:51 AM)
[2015.05.25-20.02.51:905][576]LogPlayLevel: PIE: StaticDuplicateObject took: (0.079225s)
[2015.05.25-20.02.51:906][576]LogPlayLevel: PIE: World Init took: (0.000771s)
[2015.05.25-20.02.51:906][576]LogPlayLevel: PIE: Created PIE world by copying editor world from /Game/Scene/NewCave.NewCave to /Game/Scene/UEDPIE_0_NewCave.NewCave (0.080293s)
[2015.05.25-20.02.51:969][576]LogWorld: Game class is 'ThirdPersonGameMode_C'
[2015.05.25-20.02.51:972][576]LogAIModule: Creating AISystem for world NewCave
[2015.05.25-20.02.52:087][576]LogWorld:Warning: *** WARNING - PATHS MAY NOT BE VALID ***
[2015.05.25-20.02.52:087][576]LogWorld: Bringing World /Game/Scene/UEDPIE_0_NewCave.NewCave up for play (max tick rate 0) at 2015.05.25-13.02.52
[2015.05.25-20.02.52:089][576]LogWorld: Bringing up level for play took: 0.116498
[2015.05.25-20.02.52:097][576]LogArray:Warning: Attempted to get an item from array Pos out of bounds [6/5]!
[2015.05.25-20.02.52:097][576]LogScript:Warning: Accessed None 'CallFunc_Array_Get_Item'
	KeySpawner_C /Game/Scene/UEDPIE_0_NewCave.NewCave:PersistentLevel.KeySpawner_C_2
	Function /Game/Key/KeySpawner.KeySpawner_C:ExecuteUbergraph_KeySpawner:0219
[2015.05.25-20.02.52:097][576]PIE:Error: Error Accessed None 'CallFunc_Array_Get_Item' from node Construction Script in blueprint KeySpawner
[2015.05.25-20.02.52:097][576]LogScript:Warning: Accessed None
	KeySpawner_C /Game/Scene/UEDPIE_0_NewCave.NewCave:PersistentLevel.KeySpawner_C_2
	Function /Game/Key/KeySpawner.KeySpawner_C:ExecuteUbergraph_KeySpawner:022F
[2015.05.25-20.02.52:097][576]PIE:Error: Error Accessed None from node Construction Script in blueprint KeySpawner
[2015.05.25-20.02.52:097][576]LogArray:Warning: Attempted to get an item from array Pos out of bounds [6/5]!
[2015.05.25-20.02.52:097][576]LogScript:Warning: Accessed None 'CallFunc_Array_Get_Item'
	KeySpawner_C /Game/Scene/UEDPIE_0_NewCave.NewCave:PersistentLevel.KeySpawner_C_2
	Function /Game/Key/KeySpawner.KeySpawner_C:ExecuteUbergraph_KeySpawner:02E1
[2015.05.25-20.02.52:097][576]PIE:Error: Error Accessed None 'CallFunc_Array_Get_Item' from node Construction Script in blueprint KeySpawner
[2015.05.25-20.02.52:097][576]LogScript:Warning: Accessed None
	KeySpawner_C /Game/Scene/UEDPIE_0_NewCave.NewCave:PersistentLevel.KeySpawner_C_2
	Function /Game/Key/KeySpawner.KeySpawner_C:ExecuteUbergraph_KeySpawner:02F7
[2015.05.25-20.02.52:097][576]PIE:Error: Error Accessed None from node Construction Script in blueprint KeySpawner
[2015.05.25-20.02.52:098][576]PIE: Info Play in editor start time for /Game/Scene/UEDPIE_0_NewCave 0.228
[2015.05.25-20.02.52:126][576]LogScript:Warning: Accessed None 'K2Node_DynamicCast_AsThird_Person_Character'
	SuccessScreen_C /Engine/Transient.UnrealEdEngine_0:GameInstance_0.SuccessScreen_C_0
	Function /Game/GUI/SuccessScreen.SuccessScreen_C:ExecuteUbergraph_SuccessScreen:00D2
[2015.05.25-20.03.16:485][481]LogParticles: Destroying 0 GPU particle simulations for FXSystem 0x0000000025FF1F80
[2015.05.25-20.03.18:754][618]LogEditorViewport: Clicking on Actor (LMB): Landscape (Landscape)
[2015.05.25-20.03.29:049][386]EditorErrors: New page: Actor attachment
[2015.05.25-20.04.09:968][471]LogEditorViewport: Clicking on Actor (context menu): Landscape (Landscape)
[2015.05.25-20.04.11:759][591]LogPlayLevel: PIE:  No blueprints needed recompiling
[2015.05.25-20.04.11:759][591]PIE: New page: PIE session: NewCave (May 25, 2015, 6:04:11 AM)
[2015.05.25-20.04.11:844][591]LogPlayLevel: PIE: StaticDuplicateObject took: (0.084229s)
[2015.05.25-20.04.11:845][591]LogPlayLevel: PIE: World Init took: (0.000856s)
[2015.05.25-20.04.11:845][591]LogPlayLevel: PIE: Created PIE world by copying editor world from /Game/Scene/NewCave.NewCave to /Game/Scene/UEDPIE_0_NewCave.NewCave (0.085308s)
[2015.05.25-20.04.11:889][591]LogWorld: Game class is 'ThirdPersonGameMode_C'
[2015.05.25-20.04.11:891][591]LogAIModule: Creating AISystem for world NewCave
[2015.05.25-20.04.12:010][591]LogWorld:Warning: *** WARNING - PATHS MAY NOT BE VALID ***
[2015.05.25-20.04.12:010][591]LogWorld: Bringing World /Game/Scene/UEDPIE_0_NewCave.NewCave up for play (max tick rate 0) at 2015.05.25-13.04.12
[2015.05.25-20.04.12:012][591]LogWorld: Bringing up level for play took: 0.120315
[2015.05.25-20.04.12:019][591]PIE: Info Play in editor start time for /Game/Scene/UEDPIE_0_NewCave 0.15
[2015.05.25-20.04.12:028][591]LogScript:Warning: Accessed None 'K2Node_DynamicCast_AsThird_Person_Character'
	SuccessScreen_C /Engine/Transient.UnrealEdEngine_0:GameInstance_1.SuccessScreen_C_1
	Function /Game/GUI/SuccessScreen.SuccessScreen_C:ExecuteUbergraph_SuccessScreen:00D2
[2015.05.25-20.04.26:520][  9]LogParticles: Destroying 0 GPU particle simulations for FXSystem 0x000000000D490A40
[2015.05.25-20.04.32:408][459]EditorErrors: New page: Actor attachment
[2015.05.25-20.04.55:812][ 43]Cmd: TRANSACTION UNDO
[2015.05.25-20.04.55:812][ 43]LogEditorTransaction: Undo Move Actors
[2015.05.25-20.05.07:102][925]LogEditorViewport: Clicking on Actor (context menu): Landscape (Landscape)
[2015.05.25-20.05.08:427][  7]LogPlayLevel: PIE:  No blueprints needed recompiling
[2015.05.25-20.05.08:427][  7]PIE: New page: PIE session: NewCave (May 25, 2015, 6:05:08 AM)
[2015.05.25-20.05.08:510][  7]LogPlayLevel: PIE: StaticDuplicateObject took: (0.082108s)
[2015.05.25-20.05.08:511][  7]LogPlayLevel: PIE: World Init took: (0.000759s)
[2015.05.25-20.05.08:511][  7]LogPlayLevel: PIE: Created PIE world by copying editor world from /Game/Scene/NewCave.NewCave to /Game/Scene/UEDPIE_0_NewCave.NewCave (0.083090s)
[2015.05.25-20.05.08:556][  7]LogWorld: Game class is 'ThirdPersonGameMode_C'
[2015.05.25-20.05.08:558][  7]LogAIModule: Creating AISystem for world NewCave
[2015.05.25-20.05.08:687][  7]LogWorld:Warning: *** WARNING - PATHS MAY NOT BE VALID ***
[2015.05.25-20.05.08:687][  7]LogWorld: Bringing World /Game/Scene/UEDPIE_0_NewCave.NewCave up for play (max tick rate 0) at 2015.05.25-13.05.08
[2015.05.25-20.05.08:911][  7]LogWorld: Bringing up level for play took: 0.352731
[2015.05.25-20.05.08:918][  7]LogArray:Warning: Attempted to get an item from array Pos out of bounds [6/5]!
[2015.05.25-20.05.08:918][  7]LogScript:Warning: Accessed None 'CallFunc_Array_Get_Item'
	KeySpawner_C /Game/Scene/UEDPIE_0_NewCave.NewCave:PersistentLevel.KeySpawner_C_2
	Function /Game/Key/KeySpawner.KeySpawner_C:ExecuteUbergraph_KeySpawner:0219
[2015.05.25-20.05.08:919][  7]PIE:Error: Error Accessed None 'CallFunc_Array_Get_Item' from node Construction Script in blueprint KeySpawner
[2015.05.25-20.05.08:919][  7]LogScript:Warning: Accessed None
	KeySpawner_C /Game/Scene/UEDPIE_0_NewCave.NewCave:PersistentLevel.KeySpawner_C_2
	Function /Game/Key/KeySpawner.KeySpawner_C:ExecuteUbergraph_KeySpawner:022F
[2015.05.25-20.05.08:919][  7]PIE:Error: Error Accessed None from node Construction Script in blueprint KeySpawner
[2015.05.25-20.05.08:919][  7]LogArray:Warning: Attempted to get an item from array Pos out of bounds [6/5]!
[2015.05.25-20.05.08:919][  7]LogScript:Warning: Accessed None 'CallFunc_Array_Get_Item'
	KeySpawner_C /Game/Scene/UEDPIE_0_NewCave.NewCave:PersistentLevel.KeySpawner_C_2
	Function /Game/Key/KeySpawner.KeySpawner_C:ExecuteUbergraph_KeySpawner:02E1
[2015.05.25-20.05.08:919][  7]PIE:Error: Error Accessed None 'CallFunc_Array_Get_Item' from node Construction Script in blueprint KeySpawner
[2015.05.25-20.05.08:919][  7]LogScript:Warning: Accessed None
	KeySpawner_C /Game/Scene/UEDPIE_0_NewCave.NewCave:PersistentLevel.KeySpawner_C_2
	Function /Game/Key/KeySpawner.KeySpawner_C:ExecuteUbergraph_KeySpawner:02F7
[2015.05.25-20.05.08:919][  7]PIE:Error: Error Accessed None from node Construction Script in blueprint KeySpawner
[2015.05.25-20.05.08:919][  7]PIE: Info Play in editor start time for /Game/Scene/UEDPIE_0_NewCave 1.05
[2015.05.25-20.05.08:928][  7]LogScript:Warning: Accessed None 'K2Node_DynamicCast_AsThird_Person_Character'
	SuccessScreen_C /Engine/Transient.UnrealEdEngine_0:GameInstance_2.SuccessScreen_C_2
	Function /Game/GUI/SuccessScreen.SuccessScreen_C:ExecuteUbergraph_SuccessScreen:00D2
[2015.05.25-20.05.34:527][410]LogParticles: Destroying 0 GPU particle simulations for FXSystem 0x000000000D4922A0
[2015.05.25-20.05.37:678][626]LogContentBrowser:Verbose: The content browser source was changed by the sources view to '/Game/ThirdPersonBP'
[2015.05.25-20.05.41:097][884]LogContentBrowser:Verbose: The content browser source was changed by the sources view to '/Game/ThirdPersonBP/Character'
[2015.05.25-20.06.22:654][556]LogSkeletalMesh: InitArticulated: Bodies already created (/Engine/Transient.DebugSkelMeshComponent_0) - call TermArticulated first.
[2015.05.25-20.06.22:787][556]LogLinker:Warning: Asset '../../../Engine/Content/Tutorial/SubEditors/PersonaAnimEditorTutorial.uasset' has been saved with empty engine version. The asset will be loaded but may be incompatible.
[2015.05.25-20.06.41:635][255]LogSkeletalMesh: InitArticulated: Bodies already created (/Engine/Transient.DebugSkelMeshComponent_1) - call TermArticulated first.
[2015.05.25-20.07.01:482][817]LogContentBrowser:Verbose: The majority of assets in the view are of type: AnimSequence
[2015.05.25-20.07.12:132][588]LogContentBrowser:Verbose: The content browser source was changed by the sources view to '/Game/ThirdPersonBP/Blueprints'
[2015.05.25-20.08.09:706][799]LogContentBrowser:Verbose: The content browser source was changed by the sources view to '/Game/ThirdPersonBP/Character'
[2015.05.25-20.08.16:608][179]LogSkeletalMesh: InitArticulated: Bodies already created (/Engine/Transient.DebugSkelMeshComponent_3) - call TermArticulated first.
[2015.05.25-20.08.26:351][ 68]LogLinker:Warning: Asset '../../../Engine/Content/EngineMeshes/Humanoid.uasset' has been saved with empty engine version. The asset will be loaded but may be incompatible.
[2015.05.25-20.08.35:220][563]LogContentBrowser:Verbose: The content browser source was changed by the sources view to '/Game/ThirdPersonBP/Blueprints'
[2015.05.25-20.10.00:308][586]LogActorComponent: UnregisterComponent: (/Engine/Transient.CharMoveComp) Not registered. Aborting.
[2015.05.25-20.10.00:336][586]LogParticles: Destroying 0 GPU particle simulations for FXSystem 0x00000000290F5D00
[2015.05.25-20.10.00:337][586]LogParticles: Destroying 0 GPU particle simulations for FXSystem 0x0000000025025DA0
[2015.05.25-20.10.00:337][586]LogParticles: Destroying 0 GPU particle simulations for FXSystem 0x0000000017C39BC0
[2015.05.25-20.10.00:338][586]LogParticles: Destroying 0 GPU particle simulations for FXSystem 0x0000000017C3A3E0
[2015.05.25-20.10.00:338][586]LogParticles: Destroying 0 GPU particle simulations for FXSystem 0x000000000DB3F060
[2015.05.25-20.10.00:339][586]LogParticles: Destroying 0 GPU particle simulations for FXSystem 0x000000000DB3F920
[2015.05.25-20.10.00:340][586]LogParticles: Destroying 0 GPU particle simulations for FXSystem 0x0000000034B4B240
[2015.05.25-20.10.00:341][586]LogParticles: Destroying 0 GPU particle simulations for FXSystem 0x000000003572F560
[2015.05.25-20.10.00:341][586]LogParticles: Destroying 0 GPU particle simulations for FXSystem 0x000000003572F060
[2015.05.25-20.10.00:341][586]LogParticles: Destroying 0 GPU particle simulations for FXSystem 0x000000002E3D0540
[2015.05.25-20.10.00:342][586]LogParticles: Destroying 0 GPU particle simulations for FXSystem 0x000000002E3D0680
[2015.05.25-20.10.01:990][586]Cmd: OBJ SAVEPACKAGE PACKAGE="/Game/Scene/NewCave" FILE="../../../../../../Documents/GitHub/God-Killer/Content/Scene/NewCave.umap" SILENT=true AUTOSAVING=false KEEPDIRTY=false
[2015.05.25-20.10.03:640][586]LogSavePackage: Save=1258.753662ms
[2015.05.25-20.10.03:640][586]LogSavePackage: Moving '../../../../../../Documents/GitHub/God-Killer/Saved/NewCaveBF9E3F2D42D4D0811EB8259B2F161649.tmp' to '../../../../../../Documents/GitHub/God-Killer/Content/Scene/NewCave.umap'
[2015.05.25-20.10.03:694][586]LogFileHelpers: Saving map 'NewCave' took 1.988
[2015.05.25-20.10.25:115][285]Cmd: TRANSACTION UNDO
[2015.05.25-20.10.25:115][285]LogEditorTransaction: Undo Move Actors
[2015.05.25-20.10.25:289][285]LogActorComponent: UnregisterComponent: (/Engine/Transient.CharMoveComp) Not registered. Aborting.
[2015.05.25-20.10.42:778][642]LogEditorViewport: Clicking on Actor (context menu): Landscape (Landscape)
[2015.05.25-20.10.44:369][746]BlueprintLog: New page: Pre-PIE auto-recompile
[2015.05.25-20.10.44:370][746]LogActorComponent: UnregisterComponent: (/Engine/Transient.CharacterMovementComponent_0) Not registered. Aborting.
[2015.05.25-20.10.44:377][746]LogPlayLevel: [PIE] Compiling ThirdPersonCharacter before PIE...
[2015.05.25-20.10.44:973][746]LogPlayLevel: [PIE] Compiling Enemy1 before PIE...
[2015.05.25-20.10.45:225][746]LogPlayLevel: [PIE] Compiling DeathScreen before PIE...
[2015.05.25-20.10.45:380][746]LogPlayLevel: [PIE] Compiling Gui before PIE...
[2015.05.25-20.10.45:512][746]LogPlayLevel: [PIE] Compiling SuccessScreen before PIE...
[2015.05.25-20.10.45:645][746]LogPlayLevel: PIE:  Blueprint regeneration took 1276 ms (5 blueprints)
[2015.05.25-20.10.45:646][746]PIE: New page: PIE session: NewCave (May 25, 2015, 6:10:45 AM)
[2015.05.25-20.10.45:724][746]LogPlayLevel: PIE: StaticDuplicateObject took: (0.077961s)
[2015.05.25-20.10.45:725][746]LogPlayLevel: PIE: World Init took: (0.000787s)
[2015.05.25-20.10.45:725][746]LogPlayLevel: PIE: Created PIE world by copying editor world from /Game/Scene/NewCave.NewCave to /Game/Scene/UEDPIE_0_NewCave.NewCave (0.078978s)
[2015.05.25-20.10.45:762][746]LogWorld: Game class is 'ThirdPersonGameMode_C'
[2015.05.25-20.10.45:765][746]LogAIModule: Creating AISystem for world NewCave
[2015.05.25-20.10.45:878][746]LogWorld:Warning: *** WARNING - PATHS MAY NOT BE VALID ***
[2015.05.25-20.10.45:878][746]LogWorld: Bringing World /Game/Scene/UEDPIE_0_NewCave.NewCave up for play (max tick rate 0) at 2015.05.25-13.10.45
[2015.05.25-20.10.45:880][746]LogWorld: Bringing up level for play took: 0.114937
[2015.05.25-20.10.45:887][746]LogArray:Warning: Attempted to get an item from array Pos out of bounds [6/5]!
[2015.05.25-20.10.45:887][746]LogScript:Warning: Accessed None 'CallFunc_Array_Get_Item'
	KeySpawner_C /Game/Scene/UEDPIE_0_NewCave.NewCave:PersistentLevel.KeySpawner_C_2
	Function /Game/Key/KeySpawner.KeySpawner_C:ExecuteUbergraph_KeySpawner:0219
[2015.05.25-20.10.45:887][746]PIE:Error: Error Accessed None 'CallFunc_Array_Get_Item' from node Construction Script in blueprint KeySpawner
[2015.05.25-20.10.45:887][746]LogScript:Warning: Accessed None
	KeySpawner_C /Game/Scene/UEDPIE_0_NewCave.NewCave:PersistentLevel.KeySpawner_C_2
	Function /Game/Key/KeySpawner.KeySpawner_C:ExecuteUbergraph_KeySpawner:022F
[2015.05.25-20.10.45:887][746]PIE:Error: Error Accessed None from node Construction Script in blueprint KeySpawner
[2015.05.25-20.10.45:887][746]LogArray:Warning: Attempted to get an item from array Pos out of bounds [6/5]!
[2015.05.25-20.10.45:887][746]LogScript:Warning: Accessed None 'CallFunc_Array_Get_Item'
	KeySpawner_C /Game/Scene/UEDPIE_0_NewCave.NewCave:PersistentLevel.KeySpawner_C_2
	Function /Game/Key/KeySpawner.KeySpawner_C:ExecuteUbergraph_KeySpawner:02E1
[2015.05.25-20.10.45:887][746]PIE:Error: Error Accessed None 'CallFunc_Array_Get_Item' from node Construction Script in blueprint KeySpawner
[2015.05.25-20.10.45:887][746]LogScript:Warning: Accessed None
	KeySpawner_C /Game/Scene/UEDPIE_0_NewCave.NewCave:PersistentLevel.KeySpawner_C_2
	Function /Game/Key/KeySpawner.KeySpawner_C:ExecuteUbergraph_KeySpawner:02F7
[2015.05.25-20.10.45:887][746]PIE:Error: Error Accessed None from node Construction Script in blueprint KeySpawner
[2015.05.25-20.10.45:888][746]PIE: Info Play in editor start time for /Game/Scene/UEDPIE_0_NewCave 2.018
[2015.05.25-20.10.45:901][746]LogScript:Warning: Accessed None 'K2Node_DynamicCast_AsThird_Person_Character'
	SuccessScreen_C /Engine/Transient.UnrealEdEngine_0:GameInstance_3.SuccessScreen_C_0
	Function /Game/GUI/SuccessScreen.SuccessScreen_C:ExecuteUbergraph_SuccessScreen:00D2
[2015.05.25-20.11.18:358][ 57]LogActorComponent: UnregisterComponent: (/Engine/Transient.CharMoveComp) Not registered. Aborting.
[2015.05.25-20.11.18:404][ 57]LogParticles: Destroying 0 GPU particle simulations for FXSystem 0x0000000035D480E0
[2015.05.25-20.12.41:571][483]LogEditorViewport: Clicking on Actor (context menu): Landscape (Landscape)
[2015.05.25-20.12.44:254][663]BlueprintLog: New page: Pre-PIE auto-recompile
[2015.05.25-20.12.44:256][663]LogActorComponent: UnregisterComponent: (/Engine/Transient.CharMoveComp) Not registered. Aborting.
[2015.05.25-20.12.44:263][663]LogPlayLevel: [PIE] Compiling ThirdPersonCharacter before PIE...
[2015.05.25-20.12.44:831][663]LogPlayLevel: [PIE] Compiling Enemy1 before PIE...
[2015.05.25-20.12.45:086][663]LogPlayLevel: [PIE] Compiling DeathScreen before PIE...
[2015.05.25-20.12.45:222][663]LogPlayLevel: [PIE] Compiling Gui before PIE...
[2015.05.25-20.12.45:381][663]LogPlayLevel: [PIE] Compiling SuccessScreen before PIE...
[2015.05.25-20.12.45:513][663]LogPlayLevel: PIE:  Blueprint regeneration took 1257 ms (5 blueprints)
[2015.05.25-20.12.45:513][663]PIE: New page: PIE session: NewCave (May 25, 2015, 6:12:45 AM)
[2015.05.25-20.12.45:587][663]LogPlayLevel: PIE: StaticDuplicateObject took: (0.073437s)
[2015.05.25-20.12.45:587][663]LogPlayLevel: PIE: World Init took: (0.000731s)
[2015.05.25-20.12.45:588][663]LogPlayLevel: PIE: Created PIE world by copying editor world from /Game/Scene/NewCave.NewCave to /Game/Scene/UEDPIE_0_NewCave.NewCave (0.074417s)
[2015.05.25-20.12.45:628][663]LogWorld: Game class is 'ThirdPersonGameMode_C'
[2015.05.25-20.12.45:630][663]LogAIModule: Creating AISystem for world NewCave
[2015.05.25-20.12.45:745][663]LogWorld:Warning: *** WARNING - PATHS MAY NOT BE VALID ***
[2015.05.25-20.12.45:745][663]LogWorld: Bringing World /Game/Scene/UEDPIE_0_NewCave.NewCave up for play (max tick rate 0) at 2015.05.25-13.12.45
[2015.05.25-20.12.45:746][663]LogWorld: Bringing up level for play took: 0.115811
[2015.05.25-20.12.45:753][663]PIE: Info Play in editor start time for /Game/Scene/UEDPIE_0_NewCave 1.883
[2015.05.25-20.12.45:767][663]LogScript:Warning: Accessed None 'K2Node_DynamicCast_AsThird_Person_Character'
	SuccessScreen_C /Engine/Transient.UnrealEdEngine_0:GameInstance_4.SuccessScreen_C_0
	Function /Game/GUI/SuccessScreen.SuccessScreen_C:ExecuteUbergraph_SuccessScreen:00D2
[2015.05.25-20.12.56:240][718]LogActorComponent: UnregisterComponent: (/Engine/Transient.CharMoveComp) Not registered. Aborting.
[2015.05.25-20.12.56:318][719]LogParticles: Destroying 0 GPU particle simulations for FXSystem 0x000000000DA6A5C0
[2015.05.25-20.13.06:555][547]LogEditorActor: Deleted Actor: PostProcessVolume
[2015.05.25-20.13.06:596][547]LogEditorActor: Deleted 1 Actors (0.052 secs)
[2015.05.25-20.13.09:837][840]LogActorComponent: UnregisterComponent: (/Engine/Transient.CharMoveComp) Not registered. Aborting.
[2015.05.25-20.13.11:385][840]Cmd: OBJ SAVEPACKAGE PACKAGE="/Game/Scene/NewCave" FILE="../../../../../../Documents/GitHub/God-Killer/Content/Scene/NewCave.umap" SILENT=true AUTOSAVING=false KEEPDIRTY=false
[2015.05.25-20.13.12:701][840]LogSavePackage: Save=1220.499390ms
[2015.05.25-20.13.12:701][840]LogSavePackage: Moving '../../../../../../Documents/GitHub/God-Killer/Saved/NewCave59675020440F2481AEF9408E7672D958.tmp' to '../../../../../../Documents/GitHub/God-Killer/Content/Scene/NewCave.umap'
[2015.05.25-20.13.12:764][840]LogFileHelpers: Saving map 'NewCave' took 1.666
[2015.05.25-20.13.13:758][840]LogSavePackage: Save=885.307434ms
[2015.05.25-20.13.13:758][840]LogSavePackage: Moving '../../../../../../Documents/GitHub/God-Killer/Saved/ThirdPersonCharacterB26ED80A474D06DAE05562BCDDF373D4.tmp' to '../../../../../../Documents/GitHub/God-Killer/Content/ThirdPersonBP/Blueprints/ThirdPersonCharacter.uasset'
[2015.05.25-20.13.15:074][966]LogActorComponent: UnregisterComponent: (/Engine/Transient.CharMoveComp) Not registered. Aborting.
[2015.05.25-20.13.15:582][967]Cmd: QUIT_EDITOR
[2015.05.25-20.13.15:820][967]LogExit: Preparing to exit.
[2015.05.25-20.13.16:840][967]LogExit: Editor shut down
[2015.05.25-20.13.16:840][967]LogExit: Transaction tracking system shut down
[2015.05.25-20.13.16:841][967]LogParticles: Destroying 0 GPU particle simulations for FXSystem 0x00000000290F6200
[2015.05.25-20.13.16:844][967]LogParticles: Destroying 0 GPU particle simulations for FXSystem 0x00000000160ACC20
[2015.05.25-20.13.16:846][967]LogParticles: Destroying 0 GPU particle simulations for FXSystem 0x0000000023F2DDA0
[2015.05.25-20.13.16:846][967]LogParticles: Destroying 0 GPU particle simulations for FXSystem 0x0000000028A842C0
[2015.05.25-20.13.16:846][967]LogParticles: Destroying 0 GPU particle simulations for FXSystem 0x000000002ADD6C00
[2015.05.25-20.13.16:847][967]LogParticles: Destroying 0 GPU particle simulations for FXSystem 0x0000000010312FC0
[2015.05.25-20.13.16:847][967]LogParticles: Destroying 0 GPU particle simulations for FXSystem 0x00000000292C6840
[2015.05.25-20.13.16:847][967]LogParticles: Destroying 0 GPU particle simulations for FXSystem 0x00000000292C4C20
[2015.05.25-20.13.16:847][967]LogParticles: Destroying 0 GPU particle simulations for FXSystem 0x0000000035C59620
[2015.05.25-20.13.16:934][967]LogExit: Object subsystem successfully closed.
[2015.05.25-20.13.17:026][967]LogModuleManager: Shutting down and abandoning module CrashTracker (177)
[2015.05.25-20.13.17:026][967]LogModuleManager: Shutting down and abandoning module SuperSearch (176)
[2015.05.25-20.13.17:026][967]LogModuleManager: Shutting down and abandoning module SceneOutliner (175)
[2015.05.25-20.13.17:026][967]LogModuleManager: Shutting down and abandoning module EditorWidgets (174)
[2015.05.25-20.13.17:026][967]LogModuleManager: Shutting down and abandoning module CollectionManager (173)
[2015.05.25-20.13.17:026][967]LogModuleManager: Shutting down and abandoning module StatsViewer (172)
[2015.05.25-20.13.17:026][967]LogModuleManager: Shutting down and abandoning module FoliageEdit (171)
[2015.05.25-20.13.17:026][967]LogModuleManager: Shutting down and abandoning module LandscapeEditor (170)
[2015.05.25-20.13.17:026][967]LogModuleManager: Shutting down and abandoning module MeshPaint (169)
[2015.05.25-20.13.17:026][967]LogModuleManager: Shutting down and abandoning module ActorPickerMode (168)
[2015.05.25-20.13.17:026][967]LogModuleManager: Shutting down and abandoning module GeometryMode (167)
[2015.05.25-20.13.17:026][967]LogModuleManager: Shutting down and abandoning module TextureAlignMode (166)
[2015.05.25-20.13.17:026][967]LogModuleManager: Shutting down and abandoning module BspMode (165)
[2015.05.25-20.13.17:026][967]LogModuleManager: Shutting down and abandoning module PlacementMode (164)
[2015.05.25-20.13.17:026][967]LogModuleManager: Shutting down and abandoning module AutomationWorker (163)
[2015.05.25-20.13.17:026][967]LogModuleManager: Shutting down and abandoning module CharacterAI (162)
[2015.05.25-20.13.17:026][967]LogModuleManager: Shutting down and abandoning module SmartSnapping (161)
[2015.05.25-20.13.17:026][967]LogModuleManager: Shutting down and abandoning module ViewportSnapping (160)
[2015.05.25-20.13.17:026][967]LogModuleManager: Shutting down and abandoning module LogVisualizer (159)
[2015.05.25-20.13.17:026][967]LogModuleManager: Shutting down and abandoning module GameProjectGeneration (158)
[2015.05.25-20.13.17:026][967]LogModuleManager: Shutting down and abandoning module IntroTutorials (157)
[2015.05.25-20.13.17:026][967]LogModuleManager: Shutting down and abandoning module EditorLiveStreaming (156)
[2015.05.25-20.13.17:026][967]LogModuleManager: Shutting down and abandoning module HardwareTargeting (155)
[2015.05.25-20.13.17:026][967]LogModuleManager: Shutting down and abandoning module DeviceProfileEditor (154)
[2015.05.25-20.13.17:026][967]LogModuleManager: Shutting down and abandoning module UndoHistory (153)
[2015.05.25-20.13.17:026][967]LogModuleManager: Shutting down and abandoning module GameplayTagsEditor (152)
[2015.05.25-20.13.17:026][967]LogModuleManager: Shutting down and abandoning module UserFeedback (151)
[2015.05.25-20.13.17:026][967]LogModuleManager: Shutting down and abandoning module XmlParser (150)
[2015.05.25-20.13.17:026][967]LogModuleManager: Shutting down and abandoning module Blutility (149)
[2015.05.25-20.13.17:027][967]LogModuleManager: Shutting down and abandoning module IOSPlatformEditor (148)
[2015.05.25-20.13.17:027][967]LogModuleManager: Shutting down and abandoning module IOSRuntimeSettings (147)
[2015.05.25-20.13.17:027][967]LogModuleManager: Shutting down and abandoning module AndroidDeviceDetection (146)
[2015.05.25-20.13.17:674][967]LogModuleManager: Shutting down and abandoning module AndroidPlatformEditor (145)
[2015.05.25-20.13.17:674][967]LogModuleManager: Shutting down and abandoning module AndroidRuntimeSettings (144)
[2015.05.25-20.13.17:674][967]LogModuleManager: Shutting down and abandoning module ProjectTargetPlatformEditor (143)
[2015.05.25-20.13.17:674][967]LogModuleManager: Shutting down and abandoning module ProjectSettingsViewer (142)
[2015.05.25-20.13.17:674][967]LogModuleManager: Shutting down and abandoning module InputBindingEditor (141)
[2015.05.25-20.13.17:674][967]LogModuleManager: Shutting down and abandoning module EditorSettingsViewer (140)
[2015.05.25-20.13.17:674][967]LogModuleManager: Shutting down and abandoning module SettingsEditor (139)
[2015.05.25-20.13.17:674][967]LogModuleManager: Shutting down and abandoning module ProjectLauncher (138)
[2015.05.25-20.13.17:674][967]LogModuleManager: Shutting down and abandoning module SessionFrontend (137)
[2015.05.25-20.13.17:674][967]LogModuleManager: Shutting down and abandoning module ProfilerClient (136)
[2015.05.25-20.13.17:674][967]LogModuleManager: Shutting down and abandoning module TargetDeviceServices (135)
[2015.05.25-20.13.17:674][967]LogModuleManager: Shutting down and abandoning module DeviceManager (134)
[2015.05.25-20.13.17:674][967]LogModuleManager: Shutting down and abandoning module AutomationController (133)
[2015.05.25-20.13.17:674][967]LogModuleManager: Shutting down and abandoning module AutomationWindow (132)
[2015.05.25-20.13.17:674][967]LogModuleManager: Shutting down and abandoning module Layers (131)
[2015.05.25-20.13.17:674][967]LogModuleManager: Shutting down and abandoning module ComponentVisualizers (130)
[2015.05.25-20.13.17:674][967]LogModuleManager: Shutting down and abandoning module DetailCustomizations (129)
[2015.05.25-20.13.17:674][967]LogModuleManager: Shutting down and abandoning module PackagesDialog (128)
[2015.05.25-20.13.17:675][967]LogModuleManager: Shutting down and abandoning module AssetRegistry (127)
[2015.05.25-20.13.17:785][967]LogModuleManager: Shutting down and abandoning module Persona (126)
[2015.05.25-20.13.17:785][967]LogModuleManager: Shutting down and abandoning module SlateReflector (125)
[2015.05.25-20.13.17:785][967]LogModuleManager: Shutting down and abandoning module LevelEditor (124)
[2015.05.25-20.13.17:786][967]LogModuleManager: Shutting down and abandoning module Kismet (123)
[2015.05.25-20.13.17:786][967]LogModuleManager: Shutting down and abandoning module GraphEditor (122)
[2015.05.25-20.13.17:786][967]LogModuleManager: Shutting down and abandoning module ClassViewer (121)
[2015.05.25-20.13.17:786][967]LogModuleManager: Shutting down and abandoning module Toolbox (120)
[2015.05.25-20.13.17:786][967]LogModuleManager: Shutting down and abandoning module ModuleUI (119)
[2015.05.25-20.13.17:786][967]LogModuleManager: Shutting down and abandoning module MovieSceneTools (118)
[2015.05.25-20.13.17:786][967]LogModuleManager: Shutting down and abandoning module OutputLog (117)
[2015.05.25-20.13.17:787][967]LogModuleManager: Shutting down and abandoning module GammaUI (116)
[2015.05.25-20.13.17:787][967]LogModuleManager: Shutting down and abandoning module Documentation (115)
[2015.05.25-20.13.17:787][967]LogModuleManager: Shutting down and abandoning module GameLiveStreaming (114)
[2015.05.25-20.13.17:787][967]LogModuleManager: Shutting down and abandoning module StreamingPauseRendering (113)
[2015.05.25-20.13.17:787][967]LogModuleManager: Shutting down and abandoning module HTTP (112)
[2015.05.25-20.13.17:787][967]LogModuleManager: Shutting down and abandoning module AnalyticsET (111)
[2015.05.25-20.13.17:787][967]LogModuleManager: Shutting down and abandoning module Analytics (110)
[2015.05.25-20.13.17:787][967]LogModuleManager: Shutting down and abandoning module AITestSuite (109)
[2015.05.25-20.13.17:787][967]LogModuleManager: Shutting down and abandoning module GameplayDebugger (108)
[2015.05.25-20.13.17:787][967]LogModuleManager: Shutting down and abandoning module AIModule (107)
[2015.05.25-20.13.17:787][967]LogModuleManager: Shutting down and abandoning module ProfilerService (106)
[2015.05.25-20.13.17:837][967]LogModuleManager: Shutting down and abandoning module TaskGraph (105)
[2015.05.25-20.13.17:837][967]LogModuleManager: Shutting down and abandoning module SlateRemote (104)
[2015.05.25-20.13.17:837][967]LogModuleManager: Shutting down and abandoning module ScriptEditorPlugin (103)
[2015.05.25-20.13.17:837][967]LogModuleManager: Shutting down and abandoning module CustomMeshComponent (102)
[2015.05.25-20.13.17:837][967]LogModuleManager: Shutting down and abandoning module CableComponent (101)
[2015.05.25-20.13.17:837][967]LogModuleManager: Shutting down and abandoning module MessagingDebugger (100)
[2015.05.25-20.13.17:837][967]LogModuleManager: Shutting down and abandoning module MediaPlayerEditor (99)
[2015.05.25-20.13.17:837][967]LogModuleManager: Shutting down and abandoning module SpeedTreeImporter (98)
[2015.05.25-20.13.17:837][967]LogModuleManager: Shutting down and abandoning module PluginsEditor (97)
[2015.05.25-20.13.17:837][967]LogModuleManager: Shutting down and abandoning module MainFrame (96)
[2015.05.25-20.13.17:837][967]LogModuleManager: Shutting down and abandoning module EpicSurvey (95)
[2015.05.25-20.13.17:837][967]LogModuleManager: Shutting down and abandoning module DesktopPlatform (94)
[2015.05.25-20.13.17:837][967]LogModuleManager: Shutting down and abandoning module DirectoryWatcher (93)
[2015.05.25-20.13.17:837][967]LogModuleManager: Shutting down and abandoning module HotReload (92)
[2015.05.25-20.13.17:837][967]LogModuleManager: Shutting down and abandoning module VisualStudioSourceCodeAccess (91)
[2015.05.25-20.13.17:837][967]LogModuleManager: Shutting down and abandoning module UObjectPlugin (90)
[2015.05.25-20.13.17:837][967]LogModuleManager: Shutting down and abandoning module SubversionSourceControl (89)
[2015.05.25-20.13.17:837][967]LogModuleManager: Shutting down and abandoning module PerforceSourceControl (88)
[2015.05.25-20.13.17:837][967]LogModuleManager: Shutting down and abandoning module SourceControl (87)
[2015.05.25-20.13.17:837][967]LogModuleManager: Shutting down and abandoning module GitSourceControl (86)
[2015.05.25-20.13.17:837][967]LogModuleManager: Shutting down and abandoning module BlankPlugin (85)
[2015.05.25-20.13.17:838][967]LogModuleManager: Shutting down and abandoning module PaperTiledImporter (84)
[2015.05.25-20.13.17:838][967]LogModuleManager: Shutting down and abandoning module PaperJsonImporter (83)
[2015.05.25-20.13.17:838][967]LogModuleManager: Shutting down and abandoning module ContentBrowser (82)
[2015.05.25-20.13.17:838][967]LogModuleManager: Shutting down and abandoning module Paper2DEditor (81)
[2015.05.25-20.13.17:838][967]LogModuleManager: Shutting down and abandoning module ScriptPlugin (80)
[2015.05.25-20.13.17:838][967]LogModuleManager: Shutting down and abandoning module UdpMessaging (79)
[2015.05.25-20.13.17:938][967]LogModuleManager: Shutting down and abandoning module Paper2D (78)
[2015.05.25-20.13.17:938][967]LogModuleManager: Shutting down and abandoning module WindowsMoviePlayer (77)
[2015.05.25-20.13.17:941][967]LogModuleManager: Shutting down and abandoning module Media (76)
[2015.05.25-20.13.17:941][967]LogModuleManager: Shutting down and abandoning module WmfMedia (75)
[2015.05.25-20.13.17:942][967]LogModuleManager: Shutting down and abandoning module OnlineBlueprintSupport (74)
[2015.05.25-20.13.17:942][967]LogModuleManager: Shutting down and abandoning module PropertyEditor (73)
[2015.05.25-20.13.17:942][967]LogModuleManager: Shutting down and abandoning module BehaviorTreeEditor (72)
[2015.05.25-20.13.17:942][967]LogModuleManager: Shutting down and abandoning module FunctionalTesting (71)
[2015.05.25-20.13.17:942][967]LogModuleManager: Shutting down and abandoning module CollisionAnalyzer (70)
[2015.05.25-20.13.17:942][967]LogModuleManager: Shutting down and abandoning module WorkspaceMenuStructure (69)
[2015.05.25-20.13.17:942][967]LogModuleManager: Shutting down and abandoning module MessageLog (68)
[2015.05.25-20.13.17:942][967]LogModuleManager: Shutting down and abandoning module Sequencer (67)
[2015.05.25-20.13.17:942][967]LogModuleManager: Shutting down and abandoning module AssetTools (66)
[2015.05.25-20.13.17:942][967]LogModuleManager: Shutting down and abandoning module UMGEditor (65)
[2015.05.25-20.13.17:942][967]LogModuleManager: Shutting down and abandoning module UMG (64)
[2015.05.25-20.13.17:942][967]LogModuleManager: Shutting down and abandoning module Slate (63)
[2015.05.25-20.13.17:942][967]LogModuleManager: Shutting down and abandoning module EditorStyle (62)
[2015.05.25-20.13.17:951][967]LogModuleManager: Shutting down and abandoning module SessionServices (61)
[2015.05.25-20.13.17:951][967]LogModuleManager: Shutting down and abandoning module SourceCodeAccess (60)
[2015.05.25-20.13.17:951][967]LogModuleManager: Shutting down and abandoning module HeadMountedDisplay (59)
[2015.05.25-20.13.17:951][967]LogModuleManager: Shutting down and abandoning module XAudio2 (58)
[2015.05.25-20.13.17:951][967]LogModuleManager: Shutting down and abandoning module Networking (56)
[2015.05.25-20.13.17:951][967]LogModuleManager: Shutting down and abandoning module Core (55)
[2015.05.25-20.13.17:951][967]LogModuleManager: Shutting down and abandoning module KismetCompiler (54)
[2015.05.25-20.13.17:951][967]LogModuleManager: Shutting down and abandoning module PhysXFormats (53)
[2015.05.25-20.13.17:951][967]LogModuleManager: Shutting down and abandoning module MeshUtilities (52)
[2015.05.25-20.13.17:951][967]LogModuleManager: Shutting down and abandoning module DerivedDataCache (51)
[2015.05.25-20.13.18:000][967]LogDerivedDataCache: Shutdown
[2015.05.25-20.13.18:000][967]LogModuleManager: Shutting down and abandoning module ShaderFormatOpenGL (50)
[2015.05.25-20.13.18:000][967]LogModuleManager: Shutting down and abandoning module ShaderFormatD3D (49)
[2015.05.25-20.13.18:000][967]LogModuleManager: Shutting down and abandoning module MetalShaderFormat (48)
[2015.05.25-20.13.18:000][967]LogModuleManager: Shutting down and abandoning module TextureFormatUncompressed (47)
[2015.05.25-20.13.18:000][967]LogModuleManager: Shutting down and abandoning module TextureFormatPVR (46)
[2015.05.25-20.13.18:000][967]LogModuleManager: Shutting down and abandoning module TextureFormatIntelISPCTexComp (45)
[2015.05.25-20.13.18:000][967]LogModuleManager: Shutting down and abandoning module TextureFormatDXT (44)
[2015.05.25-20.13.18:000][967]LogModuleManager: Shutting down and abandoning module ImageWrapper (43)
[2015.05.25-20.13.18:000][967]LogModuleManager: Shutting down and abandoning module TextureFormatASTC (42)
[2015.05.25-20.13.18:000][967]LogModuleManager: Shutting down and abandoning module TextureFormatAndroid (41)
[2015.05.25-20.13.18:000][967]LogModuleManager: Shutting down and abandoning module AudioFormatOpus (40)
[2015.05.25-20.13.18:000][967]LogModuleManager: Shutting down and abandoning module AudioFormatOgg (39)
[2015.05.25-20.13.18:000][967]LogModuleManager: Shutting down and abandoning module AudioFormatADPCM (38)
[2015.05.25-20.13.18:000][967]LogModuleManager: Shutting down and abandoning module LinuxTargetPlatform (37)
[2015.05.25-20.13.18:000][967]LogModuleManager: Shutting down and abandoning module LinuxServerTargetPlatform (36)
[2015.05.25-20.13.18:000][967]LogModuleManager: Shutting down and abandoning module LinuxNoEditorTargetPlatform (35)
[2015.05.25-20.13.18:000][967]LogModuleManager: Shutting down and abandoning module Messaging (34)
[2015.05.25-20.13.18:000][967]LogModuleManager: Shutting down and abandoning module IOSTargetPlatform (33)
[2015.05.25-20.13.18:000][967]LogModuleManager: Shutting down and abandoning module HTML5TargetPlatform (32)
[2015.05.25-20.13.18:000][967]LogModuleManager: Shutting down and abandoning module Android_PVRTCTargetPlatform (31)
[2015.05.25-20.13.18:000][967]LogModuleManager: Shutting down and abandoning module Android_ETC2TargetPlatform (30)
[2015.05.25-20.13.18:000][967]LogModuleManager: Shutting down and abandoning module Android_ETC1TargetPlatform (29)
[2015.05.25-20.13.18:000][967]LogModuleManager: Shutting down and abandoning module Android_ES31TargetPlatform (28)
[2015.05.25-20.13.18:000][967]LogModuleManager: Shutting down and abandoning module Android_DXTTargetPlatform (27)
[2015.05.25-20.13.18:000][967]LogModuleManager: Shutting down and abandoning module Android_ATCTargetPlatform (26)
[2015.05.25-20.13.18:000][967]LogModuleManager: Shutting down and abandoning module AndroidTargetPlatform (25)
[2015.05.25-20.13.18:000][967]LogModuleManager: Shutting down and abandoning module WindowsTargetPlatform (24)
[2015.05.25-20.13.18:000][967]LogModuleManager: Shutting down and abandoning module WindowsServerTargetPlatform (23)
[2015.05.25-20.13.18:000][967]LogModuleManager: Shutting down and abandoning module WindowsNoEditorTargetPlatform (22)
[2015.05.25-20.13.18:000][967]LogModuleManager: Shutting down and abandoning module WindowsClientTargetPlatform (21)
[2015.05.25-20.13.18:000][967]LogModuleManager: Shutting down and abandoning module TargetPlatform (20)
[2015.05.25-20.13.18:000][967]LogModuleManager: Shutting down and abandoning module InputCore (19)
[2015.05.25-20.13.18:000][967]LogModuleManager: Shutting down and abandoning module Settings (18)
[2015.05.25-20.13.18:000][967]LogModuleManager: Shutting down and abandoning module OnlineSubsystem (16)
[2015.05.25-20.13.18:000][967]LogModuleManager: Shutting down and abandoning module OculusRift (15)
[2015.05.25-20.13.18:000][967]LogModuleManager: Shutting down and abandoning module ExampleDeviceProfileSelector (14)
[2015.05.25-20.13.18:000][967]LogModuleManager: Shutting down and abandoning module TextureCompressor (13)
[2015.05.25-20.13.18:000][967]LogModuleManager: Shutting down and abandoning module ShaderCore (12)
[2015.05.25-20.13.18:000][967]LogModuleManager: Shutting down and abandoning module Landscape (11)
[2015.05.25-20.13.18:000][967]LogModuleManager: Shutting down and abandoning module SlateRHIRenderer (10)
[2015.05.25-20.13.18:003][967]LogModuleManager: Shutting down and abandoning module OpenGLDrv (9)
[2015.05.25-20.13.18:003][967]LogModuleManager: Shutting down and abandoning module D3D11RHI (8)
[2015.05.25-20.13.18:003][967]LogModuleManager: Shutting down and abandoning module Renderer (7)
[2015.05.25-20.13.18:003][967]LogModuleManager: Shutting down and abandoning module Engine (6)
[2015.05.25-20.13.18:003][967]LogModuleManager: Shutting down and abandoning module CoreUObject (5)
[2015.05.25-20.13.18:004][967]LogModuleManager: Shutting down and abandoning module NetworkFile (4)
[2015.05.25-20.13.18:004][967]LogModuleManager: Shutting down and abandoning module StreamingFile (3)
[2015.05.25-20.13.18:004][967]LogModuleManager: Shutting down and abandoning module SandboxFile (2)
[2015.05.25-20.13.18:004][967]LogModuleManager: Shutting down and abandoning module PakFile (1)
[2015.05.25-20.13.18:004][967]LogExit: Exiting.
[2015.05.25-20.13.18:009][967]Log file closed, 05/25/15 13:13:18
