[2015.08.12-23.33.45:443][  0]Log file open, 08/12/15 16:33:45
[2015.08.12-23.33.45:443][  0]LogInit:Display: Running engine for game: GodKiller
[2015.08.12-23.33.45:443][  0]LogInit:Display: RandInit(-529092851) SRandInit(-529092850).
[2015.08.12-23.33.45:443][  0]LogTaskGraph: Started task graph with 4 named threads and 5 total threads.
[2015.08.12-23.33.45:443][  0]LogStats: Stats thread started
[2015.08.12-23.33.45:443][  0]LogInit: Version: 4.8.3-2634408+++depot+UE4-Releases+4.8
[2015.08.12-23.33.45:443][  0]LogInit: API Version: 2579680
[2015.08.12-23.33.45:443][  0]LogInit: Compiled (64-bit): Jul 27 2015 16:24:33
[2015.08.12-23.33.45:443][  0]LogInit: Compiled with Visual C++: 18.00.21005.01
[2015.08.12-23.33.45:443][  0]LogInit: Build Configuration: Development
[2015.08.12-23.33.45:443][  0]LogInit: Branch Name: ++depot+UE4-Releases+4.8
[2015.08.12-23.33.45:443][  0]LogInit: Command line:  
[2015.08.12-23.33.45:443][  0]LogInit: Base directory: C:/Program Files/Epic Games/4.8/Engine/Binaries/Win64/
[2015.08.12-23.33.45:443][  0]LogInit: Rocket: 1
[2015.08.12-23.33.45:488][  0]LogInit: Using libcurl 7.41.0
[2015.08.12-23.33.45:488][  0]LogInit:  - built for x86_64-pc-win32
[2015.08.12-23.33.45:488][  0]LogInit:  - supports SSL with WinSSL
[2015.08.12-23.33.45:488][  0]LogInit:  - other features:
[2015.08.12-23.33.45:488][  0]LogInit:      CURL_VERSION_SSL
[2015.08.12-23.33.45:488][  0]LogInit:      CURL_VERSION_IPV6
[2015.08.12-23.33.45:488][  0]LogInit:      CURL_VERSION_ASYNCHDNS
[2015.08.12-23.33.45:488][  0]LogInit:      CURL_VERSION_LARGEFILE
[2015.08.12-23.33.45:488][  0]LogInit:      CURL_VERSION_IDN
[2015.08.12-23.33.45:489][  0]LogInit:  CurlRequestOptions (configurable via config and command line):
[2015.08.12-23.33.45:489][  0]LogInit:  - bVerifyPeer = true  - Libcurl will verify peer certificate
[2015.08.12-23.33.45:489][  0]LogInit:  - bUseHttpProxy = false  - Libcurl will NOT use HTTP proxy
[2015.08.12-23.33.45:489][  0]LogInit:  - bDontReuseConnections = false  - Libcurl will reuse connections
[2015.08.12-23.33.45:489][  0]LogInit:  - CertBundlePath = nullptr  - Libcurl will use whatever was configured at build time.
[2015.08.12-23.33.45:525][  0]LogOnline:Warning: No default platform service specified for OnlineSubsystem
[2015.08.12-23.33.45:568][  0]LogInit: Presizing for 0 objects not considered by GC, pre-allocating 0 bytes.
[2015.08.12-23.33.45:589][  0]LogInit: Object subsystem initialized
[2015.08.12-23.33.45:592][  0]LogConsoleResponse:Warning: Skipping Unknown console variable: 'TranslucentSortAxis = (X=0.000000,Y=-1.000000,Z=0.000000)'
[2015.08.12-23.33.45:592][  0]LogConsoleResponse:Warning:   Found in ini file 'C:/Users/Samantha/Desktop/God-Killer/Saved/Config/Windows/Engine.ini', in section '[/Script/Engine.RendererSettings]'
[2015.08.12-23.33.45:592][  0]LogConsoleResponse:Warning: Skipping Unknown console variable: 'UIScaleRule = ShortestSide'
[2015.08.12-23.33.45:593][  0]LogConsoleResponse:Warning:   Found in ini file 'C:/Users/Samantha/Desktop/God-Killer/Saved/Config/Windows/Engine.ini', in section '[/Script/Engine.RendererSettings]'
[2015.08.12-23.33.45:593][  0]LogConsoleResponse:Warning: Skipping Unknown console variable: 'UIScaleCurve = (EditorCurveData=(Keys=),ExternalCurve=None)'
[2015.08.12-23.33.45:593][  0]LogConsoleResponse:Warning:   Found in ini file 'C:/Users/Samantha/Desktop/God-Killer/Saved/Config/Windows/Engine.ini', in section '[/Script/Engine.RendererSettings]'
[2015.08.12-23.33.45:594][  0]LogInit: Selected Device Profile: [Windows]
[2015.08.12-23.33.45:594][  0]LogInit: Applying CVar settings loaded from the selected device profile: [Windows]
[2015.08.12-23.33.45:621][  0]LogInit: Computer: SAMANTHAPC
[2015.08.12-23.33.45:621][  0]LogInit: User: Samantha
[2015.08.12-23.33.45:621][  0]LogInit: CPU Page size=4096, Cores=2
[2015.08.12-23.33.45:621][  0]LogInit: High frequency timer resolution =2.240906 MHz
[2015.08.12-23.33.45:621][  0]LogMemory: Memory total: Physical=5.9GB (6GB approx)
[2015.08.12-23.33.45:621][  0]LogMemory: Platform Memory Stats for Windows
[2015.08.12-23.33.45:621][  0]LogMemory: Process Physical Memory: 48.08 MB used, 48.08 MB peak
[2015.08.12-23.33.45:621][  0]LogMemory: Process Virtual Memory: 22.24 MB used, 22.24 MB peak
[2015.08.12-23.33.45:621][  0]LogMemory: Physical Memory: 3136.87 MB used, 6027.63 MB total
[2015.08.12-23.33.45:621][  0]LogMemory: Virtual Memory: 290.76 MB used, 134217728.00 MB total
[2015.08.12-23.33.45:702][  0]LogTextLocalizationManager: The requested culture ('en_US') has no localization data; parent culture's ('en') localization data will be used.
[2015.08.12-23.33.46:629][  0]LogTextLocalizationManager:Warning: Loaded localization resources contain conflicting entries for (Namespace:ContentBrowser, Key:ImportAssetToolTip):
Localization Resource: (C:/Program Files/Epic Games/4.8/Engine/Content/Localization/Editor/en/Editor.locres) Source String Hash: (-630476809) Localized String: (Import to {0}...)
Localization Resource: (C:/Program Files/Epic Games/4.8/Engine/Content/Localization/Editor/en/Editor.locres) Source String Hash: (1271782899) Localized String: (Imports an asset from file to this folder.)
[2015.08.12-23.33.47:771][  0]LogD3D11RHI: Found D3D11 adapter 0: Intel(R) HD Graphics Family (Feature Level 11_0)
[2015.08.12-23.33.47:771][  0]LogD3D11RHI: Adapter has 32MB of dedicated video memory, 0MB of dedicated system memory, and 1760MB of shared system memory, 1 output[s]
[2015.08.12-23.33.47:776][  0]LogD3D11RHI: Found D3D11 adapter 1: Microsoft Basic Render Driver (Feature Level 11_0)
[2015.08.12-23.33.47:776][  0]LogD3D11RHI: Adapter has 0MB of dedicated video memory, 0MB of dedicated system memory, and 256MB of shared system memory, 0 output[s]
[2015.08.12-23.33.47:776][  0]LogD3D11RHI: Chosen D3D11 Adapter Id = 0
[2015.08.12-23.33.47:801][  0]LogD3D11RHI: InitD3DDevice
[2015.08.12-23.33.47:801][  0]LogD3D11RHI: !Direct3DDevice
[2015.08.12-23.33.47:802][  0]LogRHI: Texture pool is 638 MB (70% of 912 MB)
[2015.08.12-23.33.47:816][  0]LogD3D11RHI: Async texture creation enabled
[2015.08.12-23.33.47:833][  0]LogShaderCompilers:Display: Using Local Shader Compiler.
[2015.08.12-23.33.51:266][  0]LogTemp:Display: Loaded TP DesktopTargetPlatform
[2015.08.12-23.33.51:326][  0]LogTemp:Display: Loaded TP WindowsClientTargetPlatform
[2015.08.12-23.33.51:379][  0]LogTemp:Display: Loaded TP WindowsNoEditorTargetPlatform
[2015.08.12-23.33.51:440][  0]LogTemp:Display: Loaded TP WindowsServerTargetPlatform
[2015.08.12-23.33.51:515][  0]LogTemp:Display: Loaded TP WindowsTargetPlatform
[2015.08.12-23.33.51:546][  0]LogTemp:Display: Loaded TP AndroidTargetPlatform
[2015.08.12-23.33.51:577][  0]LogTemp:Display: Loaded TP Android_ASTCTargetPlatform
[2015.08.12-23.33.51:614][  0]LogTemp:Display: Loaded TP Android_ATCTargetPlatform
[2015.08.12-23.33.51:655][  0]LogTemp:Display: Loaded TP Android_DXTTargetPlatform
[2015.08.12-23.33.51:690][  0]LogTemp:Display: Loaded TP Android_ETC1TargetPlatform
[2015.08.12-23.33.51:730][  0]LogTemp:Display: Loaded TP Android_ETC2TargetPlatform
[2015.08.12-23.33.51:763][  0]LogTemp:Display: Loaded TP Android_PVRTCTargetPlatform
[2015.08.12-23.33.51:859][  0]LogTemp:Display: Loaded TP IOSTargetPlatform
[2015.08.12-23.33.51:895][  0]LogTemp:Display: Loaded TP LinuxNoEditorTargetPlatform
[2015.08.12-23.33.51:938][  0]LogTemp:Display: Loaded TP LinuxServerTargetPlatform
[2015.08.12-23.33.51:987][  0]LogTemp:Display: Loaded TP LinuxTargetPlatform
[2015.08.12-23.33.51:987][  0]LogTargetPlatformManager:Display: Building Assets For Windows
[2015.08.12-23.33.52:751][  0]LogDerivedDataCache:Display: Max Cache Size: 512 MB
[2015.08.12-23.33.52:917][  0]LogDerivedDataCache: Loaded boot cache 0.17s 53MB C:/Users/Samantha/AppData/Local/UnrealEngine/4.8/DerivedDataCache/Boot.ddc.
[2015.08.12-23.33.52:917][  0]LogDerivedDataCache:Display: Loaded Boot cache: C:/Users/Samantha/AppData/Local/UnrealEngine/4.8/DerivedDataCache/Boot.ddc
[2015.08.12-23.33.52:918][  0]LogDerivedDataCache: FDerivedDataBackendGraph:  Pak pak cache file ../../../../../../Users/Samantha/Desktop/God-Killer/DerivedDataCache/DDC.ddp not found, will not use a pak cache.
[2015.08.12-23.33.52:918][  0]LogDerivedDataCache: Unable to find inner node Pak for hierarchical cache Hierarchy.
[2015.08.12-23.33.52:918][  0]LogDerivedDataCache: FDerivedDataBackendGraph:  CompressedPak pak cache file ../../../../../../Users/Samantha/Desktop/God-Killer/DerivedDataCache/Compressed.ddp not found, will not use a pak cache.
[2015.08.12-23.33.52:918][  0]LogDerivedDataCache: Unable to find inner node CompressedPak for hierarchical cache Hierarchy.
[2015.08.12-23.33.53:549][  0]LogDerivedDataCache:Display: Pak cache opened for reading ../../../Engine/DerivedDataCache/Compressed.ddp.
[2015.08.12-23.33.53:563][  0]LogDerivedDataCache: Using Local data cache path C:/Users/Samantha/AppData/Local/UnrealEngine/Common/DerivedDataCache: Writable
[2015.08.12-23.33.54:467][  0]LogInit: Selected Device Profile: [Windows]
[2015.08.12-23.33.54:824][  0]ImportText (ComponentSweepMultiTests): Missing closing parenthesis: (RootShapeAsset="/Engine/BasicShapes/Cube.Cube",ShapeType="TriggerCapsule",HitResult=(Time=0.50,Location=(X=-100.000015,Y=0.0,Z=100.000015),ImpactPoint=(X=-50.0,Y=0.0,Z=50.0),Normal=(X=-1.0,Y=-0.0,Z=0.0),ImpactNormal=(X=0.0,Y=0.0,Z=1.0),TraceStart=(X=-200.0,Y=0.0,Z=200.0),TraceEnd=(X=0.0,Y=0.0,Z=0.0))
[2015.08.12-23.33.54:826][  0]ImportText (LineTraceSingleByChannelTests): Missing closing parenthesis: (RootShapeAsset="/Engine/BasicShapes/Cube.Cube",HitResult=(Time=0.50,Location=(X=-100.000015,Y=0.0,Z=100.000015),ImpactPoint=(X=-50.0,Y=0.0,Z=50.0),Normal=(X=-1.0,Y=-0.0,Z=0.0),ImpactNormal=(X=0.0,Y=0.0,Z=1.0),TraceStart=(X=-200.0,Y=0.0,Z=200.0),TraceEnd=(X=0.0,Y=0.0,Z=0.0))
[2015.08.12-23.33.54:957][  0]LogMeshUtilities: No automatic mesh reduction module available
[2015.08.12-23.33.54:957][  0]LogMeshUtilities: No automatic mesh merging module available
[2015.08.12-23.33.55:129][  0]LogEnum:Warning: Enum Text 3 for Enum EViewModeIndex failed to resolve to any value
[2015.08.12-23.33.56:433][  0]LogInit: WinSock: version 1.1 (2.2), MaxSocks=32767, MaxUdp=65467
[2015.08.12-23.33.58:908][  0]LogModuleManager:Warning: ModuleManager: Unable to load module 'C:/Program Files/Epic Games/4.8/Engine/Binaries/Win64/UE4Editor-XAudio2.dll' because the file couldn't be loaded by the OS.
[2015.08.12-23.34.02:247][  0]UdpMessaging: Initializing bridge on interface 0.0.0.0:0 to multicast group 230.0.0.1:6666.
[2015.08.12-23.34.03:416][  0]SourceControl: Info Source control is disabled
[2015.08.12-23.34.03:523][  0]SourceControl: Info Source control is disabled
[2015.08.12-23.34.03:559][  0]SourceControl: Info Source control is disabled
[2015.08.12-23.34.03:592][  0]SourceControl: Info Source control is disabled
[2015.08.12-23.34.04:357][  0]LogObj: 26273 objects as part of root set at end of initial load.
[2015.08.12-23.34.04:357][  0]LogUObjectAllocator: 5409256 out of 0 bytes used by permanent object pool.
[2015.08.12-23.34.04:631][  0]LogEngine: Initializing Engine...
[2015.08.12-23.34.04:640][  0]LogHMD: Can't find Oculus library dev build: is proper Runtime installed? Version: 0.6.0.0
[2015.08.12-23.34.04:644][  0]LogHMD:Warning: SteamVR failed to initialize.  Error: 110
[2015.08.12-23.34.05:195][  0]LogAIModule: Creating AISystem for world NewWorld
[2015.08.12-23.34.10:574][  0]LogModuleManager:Warning: ModuleManager: Unable to load module 'C:/Program Files/Epic Games/4.8/Engine/Binaries/Win64/UE4Editor-XAudio2.dll' because the file couldn't be loaded by the OS.
[2015.08.12-23.34.10:649][  0]LogDerivedDataCache: Saved boot cache 0.07s 53MB C:/Users/Samantha/AppData/Local/UnrealEngine/4.8/DerivedDataCache/Boot.ddc.
[2015.08.12-23.34.10:667][  0]LogInit: Texture streaming: Disabled
[2015.08.12-23.34.10:757][  0]LogAnalytics: Creating configured Analytics provider AnalyticsET
[2015.08.12-23.34.10:757][  0]LogAnalytics: [UEEditor.Rocket.Release] APIServer = http://et2.epicgames.com/ET2/. AppVersion = 4.8.3-2634408+++depot+UE4-Releases+4.8
[2015.08.12-23.34.10:757][  0]LogAnalytics: [UEEditor.Rocket.Release] SetUserId 46872bea408cfcc0100ac385d2b5ce07|e22a3db169b04f708165eaff958a9646|097015b1-a59a-4201-b460-717027cc9fe8
[2015.08.12-23.34.10:758][  0]LogAnalytics: [UEEditor.Rocket.Release] AnalyticsET::StartSession
[2015.08.12-23.34.10:883][  0]LogInit: Transaction tracking system initialized
[2015.08.12-23.34.11:497][  0]BlueprintLog: New page: Editor Load
[2015.08.12-23.34.11:627][  0]LogAssetRegistry: FAssetRegistry took 0.0112 seconds to start up
[2015.08.12-23.34.11:628][  0]LogDirectoryWatcher:Warning: Failed to begin reading directory changes for ../../../Engine/Plugins/Experimental/CharacterAI/Content/. Error: 0
[2015.08.12-23.34.14:050][  0]LogConsoleManager:Warning: Console variable 'r.VSync' wasn't set ('GameSetting' has a lower priority than 'SystemSettingsIni')
[2015.08.12-23.34.14:051][  0]LogConsoleResponse:Display: 
[2015.08.12-23.34.14:481][  0]LogCook:Display: Done creating registry. It took  0.00s.
[2015.08.12-23.34.15:040][  0]SourceControl: Info Source control is disabled
[2015.08.12-23.34.15:040][  0]Cmd: MAP LOAD FILE="../../../../../../Users/Samantha/Desktop/God-Killer/Content/Scene/NewCave.umap" TEMPLATE=0 SHOWPROGRESS=1 FEATURELEVEL=3
[2015.08.12-23.34.15:041][  0]LightingResults: New page: Lighting Build
[2015.08.12-23.34.15:074][  0]MapCheck: New page: Map Check
[2015.08.12-23.34.15:074][  0]LightingResults: New page: Lighting Build
[2015.08.12-23.34.15:118][  0]LogParticles: Destroying 0 GPU particle simulations for FXSystem 0x000000EF75B25300
[2015.08.12-23.34.17:279][  0]LogBlueprint:Warning: [compiler GnawmersHealth] Warning 'gnawmers' is already a 'Enemy 1', you don't need  Cast To Enemy1 .
[2015.08.12-23.34.17:281][  0]LogBlueprint:Warning: [compiler GnawmersHealth] Warning [0035.46] Compile of GnawmersHealth successful, but with 1 Warning(s) [in 34 ms]
[2015.08.12-23.34.17:281][  0]LogBlueprint:Warning: [compiler GnawmersHealth] Warning [0035.47] Compile of GnawmersHealth successful, but with 2 Warning(s) [in 0 ms]
[2015.08.12-23.34.17:281][  0]LogBlueprint:Warning: [compiler GnawmersHealth] Warning [0035.47] Compile of GnawmersHealth successful, but with 3 Warning(s) [in 0 ms]
[2015.08.12-23.34.17:899][  0]LogBlueprint:Warning: [compiler Gui] Warning 'gnawmers' is already a 'Enemy 1', you don't need  Cast To Enemy1 .
[2015.08.12-23.34.17:921][  0]LogBlueprint:Warning: [compiler Gui] Warning [0036.10] Compile of Gui successful, but with 1 Warning(s) [in 87 ms]
[2015.08.12-23.34.17:921][  0]LogBlueprint:Warning: [compiler Gui] Warning [0036.10] Compile of Gui successful, but with 2 Warning(s) [in 0 ms]
[2015.08.12-23.34.17:921][  0]LogBlueprint:Warning: [compiler Gui] Warning [0036.11] Compile of Gui successful, but with 3 Warning(s) [in 0 ms]
[2015.08.12-23.34.20:169][  0]LogBlueprint:Warning: [compiler GnawmersHealth] Warning 'gnawmers' is already a 'Enemy 1', you don't need  Cast To Enemy1 .
[2015.08.12-23.34.20:171][  0]LogBlueprint:Warning: [compiler GnawmersHealth] Warning [0038.35] Compile of GnawmersHealth successful, but with 1 Warning(s) [in 40 ms]
[2015.08.12-23.34.20:172][  0]LogBlueprint:Warning: [compiler GnawmersHealth] Warning [0038.36] Compile of GnawmersHealth successful, but with 2 Warning(s) [in 1 ms]
[2015.08.12-23.34.20:293][  0]LogBlueprint:Warning: [compiler Gui] Warning 'gnawmers' is already a 'Enemy 1', you don't need  Cast To Enemy1 .
[2015.08.12-23.34.20:323][  0]LogBlueprint:Warning: [compiler Gui] Warning [0038.51] Compile of Gui successful, but with 1 Warning(s) [in 120 ms]
[2015.08.12-23.34.20:327][  0]LogBlueprint:Warning: [compiler Gui] Warning [0038.51] Compile of Gui successful, but with 2 Warning(s) [in 4 ms]
[2015.08.12-23.34.24:004][  0]LogMaterial: Missing cached shader map for material DoorMaty, compiling. 
[2015.08.12-23.34.24:745][  0]LogMaterial: Missing cached shader map for material Ground, compiling. 
[2015.08.12-23.34.25:194][  0]LogMaterial: Missing cached shader map for material Mat_Sparks, compiling. 
[2015.08.12-23.34.25:311][  0]LogMaterial: Missing cached shader map for material Mat_Flame_Blue, compiling. 
[2015.08.12-23.34.25:536][  0]LogMaterial: Missing cached shader map for material Mat_Flame, compiling. 
[2015.08.12-23.34.27:452][  0]LogTexture:Display: Building textures: Vampire_normal (BC5)
[2015.08.12-23.34.30:185][  0]LogTexture:Display: Building textures: Vampire_masks (AutoDXT)
[2015.08.12-23.34.37:877][  0]LogTexture:Display: Building textures: Vampire_emission (AutoDXT)
[2015.08.12-23.34.38:709][  0]LogTexture:Display: Building textures: Vampire_diffuse (AutoDXT)
[2015.08.12-23.34.56:878][  0]LogMaterial: Missing cached shader map for material Vamp_Mat, compiling. 
[2015.08.12-23.34.57:067][  0]LogTexture:Display: Building textures: sword3 (AutoDXT)
[2015.08.12-23.34.59:956][  0]LogTexture:Display: Building textures: sword3_normal (BC5)
[2015.08.12-23.35.00:517][  0]LogMaterial: Missing cached shader map for material sword_mat, compiling. 
[2015.08.12-23.35.00:690][  0]LogTexture:Display: Building textures: BloodVanishALPHA (AutoDXT)
[2015.08.12-23.35.01:128][  0]LogTexture:Display: Building textures: BloodVanish (AutoDXT)
[2015.08.12-23.35.01:629][  0]LogMaterial: Missing cached shader map for material Death, compiling. 
[2015.08.12-23.35.01:941][  0]LogMaterial: Missing cached shader map for material Vamp_alpha_Mat, compiling. 
[2015.08.12-23.35.02:274][  0]LogTexture:Display: Building textures: Aura (AutoDXT)
[2015.08.12-23.35.03:141][  0]LogTexture:Display: Building textures: AbilityButton (AutoDXT)
[2015.08.12-23.35.03:158][  0]LogTexture:Display: Building textures: GodKillerGui_bar (AutoDXT)
[2015.08.12-23.35.03:433][  0]LogTexture:Display: Building textures: GodKillerGui_alpha (AutoDXT)
[2015.08.12-23.35.03:573][  0]LogMaterial: Missing cached shader map for material Gui_Bar, compiling. 
[2015.08.12-23.35.03:640][  0]LogTexture:Display: Building textures: DragonHeads_alpha (AutoDXT)
[2015.08.12-23.35.03:789][  0]LogTexture:Display: Building textures: DragonHeads (AutoDXT)
[2015.08.12-23.35.04:071][  0]LogMaterial: Missing cached shader map for material Dragon_Heads, compiling. 
[2015.08.12-23.35.04:100][  0]LogMaterial: Missing cached shader map for material GnawmersColor, compiling. 
[2015.08.12-23.35.04:270][  0]LogTexture:Display: Building textures: ThumbnailTexture (DXT1)
[2015.08.12-23.35.04:327][  0]LogMaterial: Missing cached shader map for material Mat_Aura, compiling. 
[2015.08.12-23.35.04:357][  0]LogMaterial: Missing cached shader map for material Mat_Lightning, compiling. 
[2015.08.12-23.35.04:481][  0]LogTexture:Display: Building textures: ThumbnailTexture (DXT1)
[2015.08.12-23.35.04:638][  0]LogTexture:Display: Building textures: ThumbnailTexture (DXT1)
[2015.08.12-23.35.04:816][  0]LogTexture:Display: Building textures: LightningIndicatorColor (AutoDXT)
[2015.08.12-23.35.05:743][  0]LogMaterial: Missing cached shader map for material LIGHTING_DECAL, compiling. 
[2015.08.12-23.35.05:915][  0]LogTexture:Display: Building textures: potText (AutoDXT)
[2015.08.12-23.35.12:206][  0]LogMaterial: Missing cached shader map for material PotMat, compiling. 
[2015.08.12-23.35.13:272][  0]LogTexture:Display: Building textures: StonePillar_ao (AutoDXT)
[2015.08.12-23.35.27:565][  0]LogTexture:Display: Building textures: StonePillar (AutoDXT)
[2015.08.12-23.35.53:012][  0]LogTexture:Display: Building textures: StonePillar_Nrml (BC5)
[2015.08.12-23.35.55:724][  0]LogMaterial: Missing cached shader map for material OtherStone, compiling. 
[2015.08.12-23.35.55:778][  0]LogMaterial: Missing cached shader map for material StonePillarMat, compiling. 
[2015.08.12-23.35.55:815][  0]LogMaterial: Missing cached shader map for material Rock2, compiling. 
[2015.08.12-23.35.58:106][  0]LogTexture:Display: Building textures: Altar_dDo_d (AutoDXT)
[2015.08.12-23.37.39:124][  0]LogTexture:Display: Building textures: Altar_dDo_s (AutoDXT)
[2015.08.12-23.39.06:352][  0]LogTexture:Display: Building textures: Altar_dDo_n (BC5)
[2015.08.12-23.39.17:855][  0]LogMaterial: Missing cached shader map for material Altar_dDo_d_Mat, compiling. 
[2015.08.12-23.39.17:970][  0]LogTexture:Display: Building textures: T_bronze_N (BC5)
[2015.08.12-23.39.19:699][  0]LogTexture:Display: Building textures: Cloud (BC5)
[2015.08.12-23.39.29:282][  0]LogMaterial: Missing cached shader map for material Water, compiling. 
[2015.08.12-23.39.29:521][  0]LogTexture:Display: Building textures: DragonBackground (BGRA8)
[2015.08.12-23.39.29:883][  0]LogTexture:Display: Building textures: Mousee (BGRA8)
[2015.08.12-23.39.29:922][  0]LogMaterial: Missing cached shader map for material frostedglassLight, compiling. 
[2015.08.12-23.39.30:406][  0]LogTexture:Display: Building textures: ThumbnailTexture (DXT1)
[2015.08.12-23.39.30:580][  0]LogTexture:Display: Building textures: ThumbnailTexture (DXT1)
[2015.08.12-23.39.31:279][  0]LogTexture:Display: Building textures: Log001TXT (AutoDXT)
[2015.08.12-23.39.45:559][  0]LogTexture:Display: Building textures: Log001Spec (AutoDXT)
[2015.08.12-23.39.55:206][  0]LogTexture:Display: Building textures: Log001Nor (AutoDXT)
[2015.08.12-23.40.10:222][  0]LogMaterial: Missing cached shader map for material Log001TXT_Mat, compiling. 
[2015.08.12-23.40.10:484][  0]LogTexture:Display: Building textures: T_Shield_Tower_D (AutoDXT)
[2015.08.12-23.40.15:839][  0]LogMaterial: Missing cached shader map for material Mat_Shield_Tower, compiling. 
[2015.08.12-23.40.16:066][  0]LogTexture:Display: Building textures: T_Shield_Buckler_N (AutoDXT)
[2015.08.12-23.40.20:774][  0]LogTexture:Display: Building textures: T_Axe_Head_N (BC5)
[2015.08.12-23.40.21:612][  0]LogTexture:Display: Building textures: T_Axe_Head_D (AutoDXT)
[2015.08.12-23.40.26:842][  0]LogMaterial: Missing cached shader map for material Mat_Axe_Head, compiling. 
[2015.08.12-23.40.27:163][  0]LogTexture:Display: Building textures: T_Axe_Handle_N (BC5)
[2015.08.12-23.40.27:938][  0]LogTexture:Display: Building textures: T_Axe_Handle_D (AutoDXT)
[2015.08.12-23.40.33:301][  0]LogTexture:Display: Building textures: T_Shield_Buckler_D (AutoDXT)
[2015.08.12-23.40.36:639][  0]LogMaterial: Missing cached shader map for material Mat_Shield_Buckler, compiling. 
[2015.08.12-23.40.36:679][  0]LogMaterial: Missing cached shader map for material Mat_Axe_Handle, compiling. 
[2015.08.12-23.40.37:049][  0]LogTexture:Display: Building textures: WagonWheel001TXT (BGRA8)
[2015.08.12-23.40.38:054][  0]LogTexture:Display: Building textures: WagonWheel001Spec (BGRA8)
[2015.08.12-23.40.39:082][  0]LogTexture:Display: Building textures: WagonWheel001Nor (BGRA8)
[2015.08.12-23.40.39:423][  0]LogMaterial: Missing cached shader map for material WagonWheel001TXT_Mat, compiling. 
[2015.08.12-23.40.40:509][  0]LogTexture:Display: Building textures: Floortile_dDo02_s (AutoDXT)
[2015.08.12-23.41.06:909][  0]LogTexture:Display: Building textures: Floortile_dDo02_n (BC5)
[2015.08.12-23.41.10:987][  0]LogTexture:Display: Building textures: Floortile_dDo02_d (AutoDXT)
[2015.08.12-23.41.47:160][  0]LogMaterial: Missing cached shader map for material Tile, compiling. 
[2015.08.12-23.41.48:002][  0]LogTexture:Display: Building textures: SpikedWall001TXT (AutoDXT)
[2015.08.12-23.42.04:642][  0]LogTexture:Display: Building textures: SpikedWall001Spec (AutoDXT)
[2015.08.12-23.42.14:451][  0]LogTexture:Display: Building textures: SpikedWall001Nor (BC5)
[2015.08.12-23.42.17:716][  0]LogMaterial: Missing cached shader map for material SpikedWall001TXT_Mat, compiling. 
[2015.08.12-23.42.18:617][  0]LogTexture:Display: Building textures: Stalagmite001TXT (AutoDXT)
[2015.08.12-23.42.35:695][  0]LogTexture:Display: Building textures: Stalagmite001Spec (AutoDXT)
[2015.08.12-23.42.56:930][  0]LogTexture:Display: Building textures: Stalagmite001Nor (AutoDXT)
[2015.08.12-23.43.21:704][  0]LogMaterial: Missing cached shader map for material Stalagmite001TXT_Mat, compiling. 
[2015.08.12-23.43.22:734][  0]LogTexture:Display: Building textures: Rock003TXT (AutoDXT)
[2015.08.12-23.43.45:167][  0]LogTexture:Display: Building textures: Rock003Spec (AutoDXT)
[2015.08.12-23.44.07:821][  0]LogTexture:Display: Building textures: Rock003Nor (AutoDXT)
[2015.08.12-23.44.33:672][  0]LogMaterial: Missing cached shader map for material Rock003TXT_Mat, compiling. 
[2015.08.12-23.44.33:837][  0]LogMaterial: Missing cached shader map for material Cave, compiling. 
[2015.08.12-23.44.34:793][  0]LogTexture:Display: Building textures: metal (AutoDXT)
[2015.08.12-23.44.36:518][  0]LogTexture:Display: Building textures: Lanturn02__dDo05_s (AutoDXT)
[2015.08.12-23.44.38:238][  0]LogTexture:Display: Building textures: Lanturn02__dDo05_n (BC5)
[2015.08.12-23.44.38:686][  0]LogTexture:Display: Building textures: Lanturn02__dDo05_d (AutoDXT)
[2015.08.12-23.44.39:365][  0]LogTexture:Display: Building textures: glass (AutoDXT)
[2015.08.12-23.44.40:358][  0]LogMaterial: Missing cached shader map for material Lanturn_mat, compiling. 
[2015.08.12-23.44.41:100][  0]LogTexture:Display: Building textures: ShelterWall001TXT (AutoDXT)
[2015.08.12-23.45.03:157][  0]LogTexture:Display: Building textures: ShelterWall001Spec (AutoDXT)
[2015.08.12-23.45.19:766][  0]LogTexture:Display: Building textures: ShelterWall001Nor (BC5)
[2015.08.12-23.45.22:519][  0]LogMaterial: Missing cached shader map for material ShelterWall001TXT_Mat, compiling. 
[2015.08.12-23.45.22:990][  0]LogTexture:Display: Building textures: T_Wagon_N (BC5)
[2015.08.12-23.45.23:779][  0]LogTexture:Display: Building textures: T_Wagon_D (AutoDXT)
[2015.08.12-23.45.28:711][  0]LogMaterial: Missing cached shader map for material Mat_Wagon, compiling. 
[2015.08.12-23.45.29:169][  0]LogTexture:Display: Building textures: T_Table_N (BC5)
[2015.08.12-23.45.29:490][  0]LogTexture:Display: Building textures: T_Table_D (AutoDXT)
[2015.08.12-23.45.30:573][  0]LogMaterial: Missing cached shader map for material Mat_Table, compiling. 
[2015.08.12-23.45.31:430][  0]LogTexture:Display: Building textures: ScalfoldingS (AutoDXT)
[2015.08.12-23.46.06:348][  0]LogTexture:Display: Building textures: ScalfoldingNRML (BC5)
[2015.08.12-23.46.10:530][  0]LogTexture:Display: Building textures: ScalfoldingD (AutoDXT)
[2015.08.12-23.46.35:217][  0]LogMaterial: Missing cached shader map for material Scalfolding, compiling. 
[2015.08.12-23.46.35:436][  0]LogTexture:Display: Building textures: T_burlap (AutoDXT)
[2015.08.12-23.46.37:079][  0]LogMaterial: Missing cached shader map for material Mat_Burlap, compiling. 
[2015.08.12-23.46.37:264][  0]LogTexture:Display: Building textures: T_Chair_N (BC5)
[2015.08.12-23.46.37:494][  0]LogTexture:Display: Building textures: T_Chair_D (AutoDXT)
[2015.08.12-23.46.38:606][  0]LogMaterial: Missing cached shader map for material Mat_Chair, compiling. 
[2015.08.12-23.46.38:979][  0]LogTexture:Display: Building textures: bark_N (BC5)
[2015.08.12-23.46.39:238][  0]LogTexture:Display: Building textures: bark (AutoDXT)
[2015.08.12-23.46.40:898][  0]LogMaterial: Missing cached shader map for material Mat_Bark, compiling. 
[2015.08.12-23.46.44:660][  0]LogAIModule: Creating AISystem for world NewCave
[2015.08.12-23.47.07:608][  0]LogEditorServer: Finished looking for orphan Actors (0.032 secs)
[2015.08.12-23.47.08:236][  0]Cmd: MAP CHECKDEP NOCLEARLOG
[2015.08.12-23.47.11:940][  0]MapCheck: Info Map check complete: 0 Error(s), 0 Warning(s), took 3,568.251ms to complete.
[2015.08.12-23.47.11:970][  0]LogFileHelpers: Loading map 'NewCave' took 776.931
[2015.08.12-23.47.17:224][  0]LogCollectionManager: Loaded 0 collections in 0.007858 seconds
[2015.08.12-23.47.17:786][  0]LogContentBrowser: Native class hierarchy populated in 0.5174 seconds. Added 1792 classes and 301 folders.
[2015.08.12-23.47.19:030][  0]LogContentBrowser: Native class hierarchy updated for 'WidgetCarousel' in 0.0011 seconds. Added 0 classes and 0 folders.
[2015.08.12-23.47.19:629][  0]LogContentBrowser: Native class hierarchy updated for 'AddContentDialog' in 0.0011 seconds. Added 0 classes and 0 folders.
[2015.08.12-23.47.21:187][  0]LogContentBrowser: Native class hierarchy updated for 'SceneOutliner' in 0.0012 seconds. Added 1 classes and 2 folders.
[2015.08.12-23.47.23:535][  0]LogCrashTracker: Crashtracker disabled due to settings.
[2015.08.12-23.47.23:768][  0]LogD3D11RHI: InitD3DDevice
[2015.08.12-23.47.24:259][  0]LogWindowsTextInputMethodSystem:Display: IME system now deactivated.
[2015.08.12-23.47.24:284][  0]LogWindowsTextInputMethodSystem:Display: IME system now deactivated.
[2015.08.12-23.47.24:288][  0]LogD3D11RHI: InitD3DDevice
[2015.08.12-23.47.25:083][  0]LogLoad: Full Startup: 823.27 seconds (BP compile: 4.57 seconds)
[2015.08.12-23.47.28:619][  0]LogContentStreaming: Texture pool size is 0.000000MB
[2015.08.12-23.47.30:279][  0]LogContentStreaming: Texture pool size now 1000 MB
[2015.08.12-23.47.35:678][  1]LogRenderer: Reallocating scene render targets to support 904x696 (Frame:2).
[2015.08.12-23.47.36:490][  1]Cmd: UpdateLandscapeEditorData -warnings
[2015.08.12-23.47.37:038][  1]Cmd: UpdateLandscapeEditorData
[2015.08.12-23.47.57:799][108]LogAssetRegistry: Asset discovery search completed in 826.1823 seconds
[2015.08.12-23.58.14:481][599]LogD3D11RHI: InitD3DDevice
[2015.08.13-00.07.10:725][474]LogD3D11RHI: InitD3DDevice
[2015.08.13-00.07.11:002][474]LogD3D11RHI: InitD3DDevice
[2015.08.13-00.07.12:221][474]LogLinker:Warning: Asset '../../../Engine/Content/ArtTools/RenderToTexture/Macros/RenderToTextureMacros.uasset' has been saved with empty engine version. The asset will be loaded but may be incompatible.
[2015.08.13-00.07.13:697][474]LogLinker:Warning: Asset '../../../Engine/Content/ArtTools/RenderToTexture/Enums/RenderToTexture_Enum.uasset' has been saved with empty engine version. The asset will be loaded but may be incompatible.
[2015.08.13-00.07.30:867][484]LogRenderer: Reallocating scene render targets to support 904x712 (Frame:5122).
[2015.08.13-00.07.32:635][497]LogD3D11RHI: InitD3DDevice
[2015.08.13-00.07.46:572][875]LogActorComponent: UnregisterComponent: (/Engine/Transient.CharMoveComp) Not registered. Aborting.
[2015.08.13-00.08.48:621][463]LogRenderer: Reallocating scene render targets to support 1048x712 (Frame:5135).
[2015.08.13-00.09.24:925][468]LogActorComponent: UnregisterComponent: (/Engine/Transient.CharacterMovementComponent_0) Not registered. Aborting.
[2015.08.13-00.09.27:946][521]BlueprintLog: New page: Compile Skeleton_EnemyBP
[2015.08.13-00.09.31:822][521]LogActorComponent: UnregisterComponent: (/Engine/Transient.CharacterMovementComponent_1) Not registered. Aborting.
[2015.08.13-00.09.35:361][521]BlueprintEditorCompileResults: Info [2153.54] Compile of Skeleton_EnemyBP successful! [in 7,413 ms]
[2015.08.13-00.09.37:979][561]LogD3D11RHI: InitD3DDevice
[2015.08.13-00.09.38:937][561]LogSavePackage: Save=445.568878ms
[2015.08.13-00.09.38:937][561]LogSavePackage: Moving '../../../../../../Users/Samantha/Desktop/God-Killer/Saved/Skeleton_EnemyBPF46F812D4FB3EAABCBFEDB8B160F2F2E.tmp' to '../../../../../../Users/Samantha/Desktop/God-Killer/Content/Key/Skeleton/NewModel/SkeletonAi/Skeleton_EnemyBP.uasset'
[2015.08.13-00.09.49:438][828]LogLinker:Warning: Can't find file '/Game/Models/Skeleton/NewModel/Anim/SkeletonMesh'
[2015.08.13-00.09.49:472][828]LogLinker:Warning: Can't find file '/Game/Models/Skeleton/NewModel/Anim/SkeletonMesh'
[2015.08.13-00.09.49:473][828]LogLinker:Warning: Can't find file '/Game/Models/Skeleton/NewModel/Anim/SkeletonMesh'
[2015.08.13-00.09.49:487][828]LogUObjectGlobals:Warning: Failed to find object 'SkeletalMesh /Game/Models/Skeleton/NewModel/Anim/SkeletonMesh.SkeletonMesh'
[2015.08.13-00.09.49:603][831]LogLinker:Warning: Can't find file '/Game/Models/Skeleton/NewModel/Anim/SkeletonMesh'
[2015.08.13-00.09.49:603][831]LogLinker:Warning: Can't find file '/Game/Models/Skeleton/NewModel/Anim/SkeletonMesh'
[2015.08.13-00.09.49:604][831]LogLinker:Warning: Can't find file '/Game/Models/Skeleton/NewModel/Anim/SkeletonMesh'
[2015.08.13-00.09.49:605][831]LogUObjectGlobals:Warning: Failed to find object 'SkeletalMesh /Game/Models/Skeleton/NewModel/Anim/SkeletonMesh.SkeletonMesh'
[2015.08.13-00.09.49:992][834]LogLinker:Warning: Can't find file '/Game/Models/Skeleton/NewModel/Anim/SkeletonMesh'
[2015.08.13-00.09.49:993][834]LogLinker:Warning: Can't find file '/Game/Models/Skeleton/NewModel/Anim/SkeletonMesh'
[2015.08.13-00.09.49:994][834]LogLinker:Warning: Can't find file '/Game/Models/Skeleton/NewModel/Anim/SkeletonMesh'
[2015.08.13-00.09.49:994][834]LogUObjectGlobals:Warning: Failed to find object 'SkeletalMesh /Game/Models/Skeleton/NewModel/Anim/SkeletonMesh.SkeletonMesh'
[2015.08.13-00.09.50:412][835]LogLinker:Warning: Can't find file '/Game/Models/Skeleton/NewModel/Anim/SkeletonMesh'
[2015.08.13-00.09.50:412][835]LogLinker:Warning: Can't find file '/Game/Models/Skeleton/NewModel/Anim/SkeletonMesh'
[2015.08.13-00.09.50:413][835]LogLinker:Warning: Can't find file '/Game/Models/Skeleton/NewModel/Anim/SkeletonMesh'
[2015.08.13-00.09.50:413][835]LogUObjectGlobals:Warning: Failed to find object 'SkeletalMesh /Game/Models/Skeleton/NewModel/Anim/SkeletonMesh.SkeletonMesh'
[2015.08.13-00.09.53:078][848]LogD3D11RHI: InitD3DDevice
[2015.08.13-00.09.56:494][848]LogSkeletalMesh: InitArticulated: Bodies already created (/Engine/Transient.DebugSkelMeshComponent_0) - call TermArticulated first.
[2015.08.13-00.09.57:591][848]LogLinker:Warning: Asset '../../../Engine/Content/Tutorial/SubEditors/PersonaAnimEditorTutorial.uasset' has been saved with empty engine version. The asset will be loaded but may be incompatible.
[2015.08.13-00.09.57:956][848]LogContentBrowser:Verbose: The majority of assets in the view are of type: AnimSequence
[2015.08.13-00.10.19:490][328]LogD3D11RHI: InitD3DDevice
[2015.08.13-00.10.19:827][328]LogSavePackage: Save=85.236954ms
[2015.08.13-00.10.19:827][328]LogSavePackage: Moving '../../../../../../Users/Samantha/Desktop/God-Killer/Saved/SkeletonWalking15E138784F3BAE3CD49A9A8164126A15.tmp' to '../../../../../../Users/Samantha/Desktop/God-Killer/Content/Key/Skeleton/NewModel/Anim/SkeletonWalking.uasset'
[2015.08.13-00.10.24:680][415]LogD3D11RHI: InitD3DDevice
[2015.08.13-00.10.25:305][430]LogD3D11RHI: InitD3DDevice
[2015.08.13-00.10.27:633][479]LogD3D11RHI: InitD3DDevice
[2015.08.13-00.10.59:627][865]LogD3D11RHI: InitD3DDevice
[2015.08.13-00.10.59:842][865]LogSavePackage: Save=58.814159ms
[2015.08.13-00.10.59:842][865]LogSavePackage: Moving '../../../../../../Users/Samantha/Desktop/God-Killer/Saved/SkeletonMesh_Run1F1B350E4C4E7649BBF984BE5747E00F.tmp' to '../../../../../../Users/Samantha/Desktop/God-Killer/Content/Key/Skeleton/NewModel/Anim/SkeletonMesh_Run.uasset'
[2015.08.13-00.11.12:416][ 69]LogD3D11RHI: InitD3DDevice
[2015.08.13-00.11.39:737][586]LogD3D11RHI: InitD3DDevice
[2015.08.13-00.11.43:992][691]LogD3D11RHI: InitD3DDevice
[2015.08.13-00.11.50:122][845]LogD3D11RHI: InitD3DDevice
[2015.08.13-00.12.03:272][150]LogD3D11RHI: InitD3DDevice
[2015.08.13-00.12.03:576][150]LogSavePackage: Save=80.602669ms
[2015.08.13-00.12.03:576][150]LogSavePackage: Moving '../../../../../../Users/Samantha/Desktop/God-Killer/Saved/Skeleton_Idle_WalkBA1165514A0D6C0B186F79B1A0CBAE0D.tmp' to '../../../../../../Users/Samantha/Desktop/God-Killer/Content/Key/Skeleton/NewModel/Anim/Skeleton_Idle_Walk.uasset'
[2015.08.13-00.12.06:980][215]LogD3D11RHI: InitD3DDevice
[2015.08.13-00.12.07:074][215]LogSavePackage: Save=12.527968ms
[2015.08.13-00.12.07:074][215]LogSavePackage: Moving '../../../../../../Users/Samantha/Desktop/God-Killer/Saved/Skeleton_Idle_Walk1ABBCC0C4B22F7BBBB5297845EA0FE06.tmp' to '../../../../../../Users/Samantha/Desktop/God-Killer/Content/Key/Skeleton/NewModel/Anim/Skeleton_Idle_Walk.uasset'
[2015.08.13-00.12.18:513][521]LogD3D11RHI: InitD3DDevice
[2015.08.13-00.12.18:665][521]Cmd: OBJ SAVEPACKAGE PACKAGE="/Game/Scene/NewCave" FILE="../../../../../../Users/Samantha/Desktop/God-Killer/Content/Scene/NewCave.umap" SILENT=true AUTOSAVING=false KEEPDIRTY=false
[2015.08.13-00.12.18:671][521]LogActorComponent: UnregisterComponent: (/Engine/Transient.CharMoveComp) Not registered. Aborting.
[2015.08.13-00.12.18:857][521]LogParticles: Destroying 0 GPU particle simulations for FXSystem 0x000000EF7A04D800
[2015.08.13-00.12.18:858][521]LogParticles: Destroying 0 GPU particle simulations for FXSystem 0x000000EF7A1FE3E0
[2015.08.13-00.12.18:859][521]LogParticles: Destroying 0 GPU particle simulations for FXSystem 0x000000EF7944FEC0
[2015.08.13-00.12.18:860][521]LogParticles: Destroying 0 GPU particle simulations for FXSystem 0x000000EF0815EFC0
[2015.08.13-00.12.18:861][521]LogParticles: Destroying 0 GPU particle simulations for FXSystem 0x000000EF0815F740
[2015.08.13-00.12.26:168][521]LogSavePackage: Save=7045.168457ms
[2015.08.13-00.12.26:168][521]LogSavePackage: Moving '../../../../../../Users/Samantha/Desktop/God-Killer/Saved/NewCave6FF594D5422064486F0F009A5D377B1A.tmp' to '../../../../../../Users/Samantha/Desktop/God-Killer/Content/Scene/NewCave.umap'
[2015.08.13-00.12.58:116][801]LogEditorViewport: Clicking on Actor (LMB): NavMeshBoundsVolume (NavMeshBoundsVolume2)
[2015.08.13-00.13.06:514][871]LogD3D11RHI: InitD3DDevice
[2015.08.13-00.13.07:996][908]LogEditorViewport: Clicking on Actor (LMB): NavMeshBoundsVolume (NavMeshBoundsVolume3)
[2015.08.13-00.13.10:050][927]Cmd: DELETE
[2015.08.13-00.13.10:050][927]Cmd: ACTOR DELETE
[2015.08.13-00.13.10:111][927]LogEditorActor: Deleted Actor: NavMeshBoundsVolume
[2015.08.13-00.13.10:708][927]LogEditorActor: Deleted 1 Actors (0.622 secs)
[2015.08.13-00.13.11:087][930]LogD3D11RHI: InitD3DDevice
[2015.08.13-00.13.13:478][987]LogEditorViewport: Clicking on Actor (LMB): NavMeshBoundsVolume (NavMeshBoundsVolume2)
[2015.08.13-00.14.04:059][413]LogEditorViewport: Clicking on Actor (LMB): Landscape (Landscape)
[2015.08.13-00.14.05:418][423]LogEditorViewport: Clicking on Actor (LMB): Skeleton_EnemyBP_C (Skeleton_EnemyBP)
[2015.08.13-00.14.06:123][425]LogEditorViewport: Clicking on Actor (LMB): Skeleton_EnemyBP_C (Skeleton_EnemyBP)
[2015.08.13-00.14.24:007][575]LogD3D11RHI: InitD3DDevice
[2015.08.13-00.14.24:396][575]Cmd: OBJ SAVEPACKAGE PACKAGE="/Game/Scene/NewCave" FILE="../../../../../../Users/Samantha/Desktop/God-Killer/Content/Scene/NewCave.umap" SILENT=true AUTOSAVING=false KEEPDIRTY=false
[2015.08.13-00.14.30:349][575]LogSavePackage: Save=5773.737793ms
[2015.08.13-00.14.30:350][575]LogSavePackage: Moving '../../../../../../Users/Samantha/Desktop/God-Killer/Saved/NewCaveDDCD8B9A47481EAAB3B848AB59160A33.tmp' to '../../../../../../Users/Samantha/Desktop/God-Killer/Content/Scene/NewCave.umap'
[2015.08.13-00.14.30:612][575]LogFileHelpers: Saving map 'NewCave' took 6.575
[2015.08.13-00.14.49:885][737]LogD3D11RHI: InitD3DDevice
[2015.08.13-00.14.50:038][737]LogLinker:Warning: Asset '../../../Engine/Content/Tutorial/Basics/FeaturePacks.uasset' has been saved with empty engine version. The asset will be loaded but may be incompatible.
[2015.08.13-00.14.52:002][737]LogLinker:Warning: Asset '../../../Engine/Content/Tutorial/Mobile/InstallingiTunesTutorial.uasset' has been saved with empty engine version. The asset will be loaded but may be incompatible.
[2015.08.13-00.14.52:074][737]LogLinker:Warning: Asset '../../../Engine/Content/Tutorial/Mobile/SettingUpAndroidTutorial.uasset' has been saved with empty engine version. The asset will be loaded but may be incompatible.
[2015.08.13-00.14.55:709][758]LogD3D11RHI: InitD3DDevice
[2015.08.13-00.16.49:365][518]LogD3D11RHI: InitD3DDevice
[2015.08.13-00.16.49:418][518]Cmd: OBJ SAVEPACKAGE PACKAGE="/Game/Scene/NewCave" FILE="../../../../../../Users/Samantha/Desktop/God-Killer/Content/Scene/NewCave.umap" SILENT=true AUTOSAVING=false KEEPDIRTY=false
[2015.08.13-00.16.55:348][518]LogSavePackage: Save=5717.494141ms
[2015.08.13-00.16.55:348][518]LogSavePackage: Moving '../../../../../../Users/Samantha/Desktop/God-Killer/Saved/NewCaveBCD7727347E43033E4E16EBA2B209DDC.tmp' to '../../../../../../Users/Samantha/Desktop/God-Killer/Content/Scene/NewCave.umap'
[2015.08.13-00.17.00:419][542]Cmd: QUIT_EDITOR
[2015.08.13-00.17.01:384][542]LogWindowsTextInputMethodSystem:Display: IME system now deactivated.
[2015.08.13-00.17.01:384][542]LogWindowsTextInputMethodSystem:Display: IME system now deactivated.
[2015.08.13-00.17.02:093][542]LogExit: Preparing to exit.
[2015.08.13-00.17.05:289][542]LogExit: Editor shut down
[2015.08.13-00.17.05:395][542]LogExit: Transaction tracking system shut down
[2015.08.13-00.17.05:589][542]LogParticles: Destroying 0 GPU particle simulations for FXSystem 0x000000EF411FB420
[2015.08.13-00.17.05:618][542]LogParticles: Destroying 0 GPU particle simulations for FXSystem 0x000000EF015E36A0
[2015.08.13-00.17.05:618][542]LogParticles: Destroying 0 GPU particle simulations for FXSystem 0x000000EF00D9E660
[2015.08.13-00.17.05:618][542]LogParticles: Destroying 0 GPU particle simulations for FXSystem 0x000000EF4145E660
[2015.08.13-00.17.05:618][542]LogParticles: Destroying 0 GPU particle simulations for FXSystem 0x000000EF0815F060
[2015.08.13-00.17.05:618][542]LogParticles: Destroying 0 GPU particle simulations for FXSystem 0x000000EF0093AC00
[2015.08.13-00.17.05:620][542]LogParticles: Destroying 0 GPU particle simulations for FXSystem 0x000000EF79F88B80
[2015.08.13-00.17.05:621][542]LogParticles: Destroying 0 GPU particle simulations for FXSystem 0x000000EF06E04400
[2015.08.13-00.17.05:622][542]LogParticles: Destroying 0 GPU particle simulations for FXSystem 0x000000EF06E06AC0
[2015.08.13-00.17.05:622][542]LogParticles: Destroying 0 GPU particle simulations for FXSystem 0x000000EF06E05760
[2015.08.13-00.17.27:956][542]LogExit: Object subsystem successfully closed.
[2015.08.13-00.17.33:659][542]LogD3D11RHI: Shutdown
[2015.08.13-00.17.33:659][542]LogD3D11RHI: CleanupD3DDevice
[2015.08.13-00.17.34:614][542]LogD3D11RHI: ~FD3D11DynamicRHI
[2015.08.13-00.17.34:969][542]LogModuleManager: Shutting down and abandoning module CrashTracker (188)
[2015.08.13-00.17.34:969][542]LogModuleManager: Shutting down and abandoning module SceneOutliner (187)
[2015.08.13-00.17.34:969][542]LogModuleManager: Shutting down and abandoning module SuperSearch (186)
[2015.08.13-00.17.34:969][542]LogModuleManager: Shutting down and abandoning module WidgetCarousel (185)
[2015.08.13-00.17.35:032][542]LogModuleManager: Shutting down and abandoning module AddContentDialog (184)
[2015.08.13-00.17.35:095][542]LogModuleManager: Shutting down and abandoning module EditorWidgets (183)
[2015.08.13-00.17.35:095][542]LogModuleManager: Shutting down and abandoning module CollectionManager (182)
[2015.08.13-00.17.35:105][542]LogModuleManager: Shutting down and abandoning module StatsViewer (181)
[2015.08.13-00.17.35:214][542]LogModuleManager: Shutting down and abandoning module FoliageEdit (180)
[2015.08.13-00.17.35:214][542]LogModuleManager: Shutting down and abandoning module LandscapeEditor (179)
[2015.08.13-00.17.35:522][542]LogModuleManager: Shutting down and abandoning module ActorPickerMode (178)
[2015.08.13-00.17.35:522][542]LogModuleManager: Shutting down and abandoning module GeometryMode (177)
[2015.08.13-00.17.35:523][542]LogModuleManager: Shutting down and abandoning module TextureAlignMode (176)
[2015.08.13-00.17.35:523][542]LogModuleManager: Shutting down and abandoning module BspMode (175)
[2015.08.13-00.17.35:523][542]LogModuleManager: Shutting down and abandoning module PlacementMode (174)
[2015.08.13-00.17.35:578][542]LogModuleManager: Shutting down and abandoning module AutomationWorker (173)
[2015.08.13-00.17.35:578][542]LogModuleManager: Shutting down and abandoning module CharacterAI (172)
[2015.08.13-00.17.35:633][542]LogModuleManager: Shutting down and abandoning module SmartSnapping (171)
[2015.08.13-00.17.35:636][542]LogModuleManager: Shutting down and abandoning module ViewportSnapping (170)
[2015.08.13-00.17.35:649][542]LogModuleManager: Shutting down and abandoning module LogVisualizer (169)
[2015.08.13-00.17.35:991][542]LogModuleManager: Shutting down and abandoning module GameProjectGeneration (168)
[2015.08.13-00.17.36:047][542]LogModuleManager: Shutting down and abandoning module IntroTutorials (167)
[2015.08.13-00.17.36:089][542]LogModuleManager: Shutting down and abandoning module EditorLiveStreaming (166)
[2015.08.13-00.17.36:089][542]LogModuleManager: Shutting down and abandoning module IOSPlatformEditor (165)
[2015.08.13-00.17.36:233][542]LogModuleManager: Shutting down and abandoning module HTML5PlatformEditor (164)
[2015.08.13-00.17.36:233][542]LogModuleManager: Shutting down and abandoning module AndroidDeviceDetection (163)
[2015.08.13-00.17.37:327][542]LogModuleManager: Shutting down and abandoning module AndroidPlatformEditor (162)
[2015.08.13-00.17.37:504][542]LogModuleManager: Shutting down and abandoning module IOSRuntimeSettings (161)
[2015.08.13-00.17.37:504][542]LogModuleManager: Shutting down and abandoning module AndroidRuntimeSettings (160)
[2015.08.13-00.17.37:504][542]LogModuleManager: Shutting down and abandoning module MergeActors (159)
[2015.08.13-00.17.37:686][542]LogModuleManager: Shutting down and abandoning module SizeMap (158)
[2015.08.13-00.17.38:116][542]LogModuleManager: Shutting down and abandoning module TreeMap (157)
[2015.08.13-00.17.38:176][542]LogModuleManager: Shutting down and abandoning module ReferenceViewer (156)
[2015.08.13-00.17.38:176][542]LogModuleManager: Shutting down and abandoning module LocalizationDashboard (155)
[2015.08.13-00.17.38:226][542]LogModuleManager: Shutting down and abandoning module HardwareTargeting (154)
[2015.08.13-00.17.38:226][542]LogModuleManager: Shutting down and abandoning module DeviceProfileEditor (153)
[2015.08.13-00.17.38:402][542]LogModuleManager: Shutting down and abandoning module UndoHistory (152)
[2015.08.13-00.17.38:450][542]LogModuleManager: Shutting down and abandoning module GameplayTagsEditor (151)
[2015.08.13-00.17.38:557][542]LogModuleManager: Shutting down and abandoning module UserFeedback (150)
[2015.08.13-00.17.38:557][542]LogModuleManager: Shutting down and abandoning module XmlParser (149)
[2015.08.13-00.17.38:789][542]LogModuleManager: Shutting down and abandoning module Blutility (148)
[2015.08.13-00.17.38:789][542]LogModuleManager: Shutting down and abandoning module ProjectTargetPlatformEditor (147)
[2015.08.13-00.17.38:995][542]LogModuleManager: Shutting down and abandoning module ProjectSettingsViewer (146)
[2015.08.13-00.17.38:997][542]LogModuleManager: Shutting down and abandoning module InputBindingEditor (145)
[2015.08.13-00.17.39:156][542]LogModuleManager: Shutting down and abandoning module EditorSettingsViewer (144)
[2015.08.13-00.17.39:193][542]LogModuleManager: Shutting down and abandoning module SettingsEditor (143)
[2015.08.13-00.17.39:787][542]LogModuleManager: Shutting down and abandoning module ProjectLauncher (142)
[2015.08.13-00.17.40:512][542]LogModuleManager: Shutting down and abandoning module SessionFrontend (141)
[2015.08.13-00.17.40:697][542]LogModuleManager: Shutting down and abandoning module ProfilerClient (140)
[2015.08.13-00.17.40:721][542]LogModuleManager: Shutting down and abandoning module TargetDeviceServices (139)
[2015.08.13-00.17.40:721][542]LogModuleManager: Shutting down and abandoning module DeviceManager (138)
[2015.08.13-00.17.41:300][542]LogModuleManager: Shutting down and abandoning module AutomationController (137)
[2015.08.13-00.17.41:381][542]LogModuleManager: Shutting down and abandoning module AutomationWindow (136)
[2015.08.13-00.17.41:473][542]LogModuleManager: Shutting down and abandoning module Layers (135)
[2015.08.13-00.17.41:795][542]LogModuleManager: Shutting down and abandoning module ComponentVisualizers (134)
[2015.08.13-00.17.41:795][542]LogModuleManager: Shutting down and abandoning module DetailCustomizations (133)
[2015.08.13-00.17.41:796][542]LogModuleManager: Shutting down and abandoning module PackagesDialog (132)
[2015.08.13-00.17.41:796][542]LogModuleManager: Shutting down and abandoning module AssetRegistry (131)
[2015.08.13-00.17.59:406][542]LogModuleManager: Shutting down and abandoning module Persona (130)
[2015.08.13-00.17.59:406][542]LogModuleManager: Shutting down and abandoning module Kismet (129)
[2015.08.13-00.17.59:406][542]LogModuleManager: Shutting down and abandoning module GraphEditor (128)
[2015.08.13-00.17.59:416][542]LogModuleManager: Shutting down and abandoning module ClassViewer (127)
[2015.08.13-00.17.59:444][542]LogModuleManager: Shutting down and abandoning module Toolbox (126)
[2015.08.13-00.17.59:444][542]LogModuleManager: Shutting down and abandoning module ModuleUI (125)
[2015.08.13-00.17.59:457][542]LogModuleManager: Shutting down and abandoning module MovieSceneTools (124)
[2015.08.13-00.17.59:470][542]LogModuleManager: Shutting down and abandoning module OutputLog (123)
[2015.08.13-00.17.59:470][542]LogModuleManager: Shutting down and abandoning module GammaUI (122)
[2015.08.13-00.17.59:479][542]LogModuleManager: Shutting down and abandoning module Documentation (121)
[2015.08.13-00.17.59:479][542]LogModuleManager: Shutting down and abandoning module GameLiveStreaming (120)
[2015.08.13-00.17.59:488][542]LogModuleManager: Shutting down and abandoning module StreamingPauseRendering (119)
[2015.08.13-00.17.59:488][542]LogModuleManager: Shutting down and abandoning module AnalyticsET (118)
[2015.08.13-00.17.59:488][542]LogModuleManager: Shutting down and abandoning module Analytics (117)
[2015.08.13-00.17.59:504][542]LogModuleManager: Shutting down and abandoning module AITestSuite (116)
[2015.08.13-00.17.59:517][542]LogModuleManager: Shutting down and abandoning module GameplayDebugger (115)
[2015.08.13-00.17.59:530][542]LogModuleManager: Shutting down and abandoning module AIModule (114)
[2015.08.13-00.17.59:545][542]LogModuleManager: Shutting down and abandoning module ProfilerService (113)
[2015.08.13-00.17.59:823][542]LogModuleManager: Shutting down and abandoning module TaskGraph (112)
[2015.08.13-00.17.59:837][542]LogModuleManager: Shutting down and abandoning module SlateRemote (111)
[2015.08.13-00.17.59:837][542]LogModuleManager: Shutting down and abandoning module SteamVRController (110)
[2015.08.13-00.17.59:837][542]LogModuleManager: Shutting down and abandoning module SteamVR (109)
[2015.08.13-00.17.59:837][542]LogModuleManager: Shutting down and abandoning module ProceduralMeshComponent (108)
[2015.08.13-00.17.59:837][542]LogModuleManager: Shutting down and abandoning module OculusRift (107)
[2015.08.13-00.17.59:837][542]LogModuleManager: Shutting down and abandoning module LeapMotionController (106)
[2015.08.13-00.18.00:091][542]LogModuleManager: Shutting down and abandoning module CustomMeshComponent (105)
[2015.08.13-00.18.00:091][542]LogModuleManager: Shutting down and abandoning module CableComponent (104)
[2015.08.13-00.18.00:125][542]LogModuleManager: Shutting down and abandoning module MessagingDebugger (103)
[2015.08.13-00.18.00:171][542]LogModuleManager: Shutting down and abandoning module MediaPlayerEditor (102)
[2015.08.13-00.18.00:190][542]LogModuleManager: Shutting down and abandoning module SpeedTreeImporter (101)
[2015.08.13-00.18.00:191][542]LogModuleManager: Shutting down and abandoning module PluginBrowser (100)
[2015.08.13-00.18.00:214][542]LogModuleManager: Shutting down and abandoning module EpicSurvey (99)
[2015.08.13-00.18.00:220][542]LogModuleManager: Shutting down and abandoning module DesktopPlatform (98)
[2015.08.13-00.18.00:252][542]LogModuleManager: Shutting down and abandoning module VisualStudioSourceCodeAccess (97)
[2015.08.13-00.18.00:267][542]LogModuleManager: Shutting down and abandoning module UObjectPlugin (96)
[2015.08.13-00.18.00:267][542]LogModuleManager: Shutting down and abandoning module SubversionSourceControl (95)
[2015.08.13-00.18.00:294][542]LogModuleManager: Shutting down and abandoning module PerforceSourceControl (94)
[2015.08.13-00.18.00:317][542]LogModuleManager: Shutting down and abandoning module SourceControl (93)
[2015.08.13-00.18.00:333][542]LogModuleManager: Shutting down and abandoning module GitSourceControl (92)
[2015.08.13-00.18.00:357][542]LogModuleManager: Shutting down and abandoning module BlankPlugin (91)
[2015.08.13-00.18.00:357][542]LogModuleManager: Shutting down and abandoning module PaperTiledImporter (90)
[2015.08.13-00.18.00:357][542]LogModuleManager: Shutting down and abandoning module PaperSpriteSheetImporter (89)
[2015.08.13-00.18.00:357][542]LogModuleManager: Shutting down and abandoning module MeshPaint (88)
[2015.08.13-00.18.00:372][542]LogModuleManager: Shutting down and abandoning module SlateReflector (87)
[2015.08.13-00.18.00:388][542]LogModuleManager: Shutting down and abandoning module DirectoryWatcher (86)
[2015.08.13-00.18.00:463][542]LogModuleManager: Shutting down and abandoning module HotReload (85)
[2015.08.13-00.18.00:464][542]LogModuleManager: Shutting down and abandoning module MainFrame (84)
[2015.08.13-00.18.00:464][542]LogModuleManager: Shutting down and abandoning module LevelEditor (83)
[2015.08.13-00.18.00:665][542]LogModuleManager: Shutting down and abandoning module ContentBrowser (82)
[2015.08.13-00.18.00:667][542]LogModuleManager: Shutting down and abandoning module Paper2DEditor (81)
[2015.08.13-00.18.00:725][542]LogModuleManager: Shutting down and abandoning module UdpMessaging (80)
[2015.08.13-00.18.00:827][542]LogModuleManager: Shutting down and abandoning module Paper2D (79)
[2015.08.13-00.18.00:866][542]LogModuleManager: Shutting down and abandoning module WindowsMoviePlayer (78)
[2015.08.13-00.18.01:290][542]LogModuleManager: Shutting down and abandoning module Media (77)
[2015.08.13-00.18.01:290][542]LogModuleManager: Shutting down and abandoning module WmfMedia (76)
[2015.08.13-00.18.01:347][542]LogModuleManager: Shutting down and abandoning module OnlineBlueprintSupport (75)
[2015.08.13-00.18.01:347][542]LogModuleManager: Shutting down and abandoning module PropertyEditor (74)
[2015.08.13-00.18.01:347][542]LogModuleManager: Shutting down and abandoning module BehaviorTreeEditor (73)
[2015.08.13-00.18.01:370][542]LogModuleManager: Shutting down and abandoning module FunctionalTesting (72)
[2015.08.13-00.18.01:370][542]LogModuleManager: Shutting down and abandoning module CollisionAnalyzer (71)
[2015.08.13-00.18.01:480][542]LogModuleManager: Shutting down and abandoning module WorkspaceMenuStructure (70)
[2015.08.13-00.18.01:480][542]LogModuleManager: Shutting down and abandoning module MessageLog (69)
[2015.08.13-00.18.01:480][542]LogModuleManager: Shutting down and abandoning module Sequencer (68)
[2015.08.13-00.18.01:585][542]LogModuleManager: Shutting down and abandoning module AssetTools (67)
[2015.08.13-00.18.01:626][542]LogModuleManager: Shutting down and abandoning module UMGEditor (66)
[2015.08.13-00.18.01:684][542]LogModuleManager: Shutting down and abandoning module UMG (65)
[2015.08.13-00.18.01:742][542]LogModuleManager: Shutting down and abandoning module Slate (64)
[2015.08.13-00.18.01:742][542]LogModuleManager: Shutting down and abandoning module EditorStyle (63)
[2015.08.13-00.18.01:876][542]LogModuleManager: Shutting down and abandoning module SessionServices (62)
[2015.08.13-00.18.01:877][542]LogModuleManager: Shutting down and abandoning module SourceCodeAccess (61)
[2015.08.13-00.18.01:877][542]LogModuleManager: Shutting down and abandoning module HeadMountedDisplay (60)
[2015.08.13-00.18.01:880][542]LogModuleManager: Shutting down and abandoning module Networking (57)
[2015.08.13-00.18.01:882][542]LogModuleManager: Shutting down and abandoning module Core (56)
[2015.08.13-00.18.01:882][542]LogModuleManager: Shutting down and abandoning module KismetCompiler (55)
[2015.08.13-00.18.01:918][542]LogModuleManager: Shutting down and abandoning module PhysXFormats (54)
[2015.08.13-00.18.01:918][542]LogModuleManager: Shutting down and abandoning module MeshUtilities (53)
[2015.08.13-00.18.01:960][542]LogModuleManager: Shutting down and abandoning module DerivedDataCache (52)
[2015.08.13-00.18.02:048][542]LogDerivedDataCache: Shutdown
[2015.08.13-00.18.02:048][542]LogModuleManager: Shutting down and abandoning module ShaderFormatOpenGL (51)
[2015.08.13-00.18.02:073][542]LogModuleManager: Shutting down and abandoning module ShaderFormatD3D (50)
[2015.08.13-00.18.02:096][542]LogModuleManager: Shutting down and abandoning module MetalShaderFormat (49)
[2015.08.13-00.18.02:117][542]LogModuleManager: Shutting down and abandoning module TextureFormatUncompressed (48)
[2015.08.13-00.18.02:117][542]LogModuleManager: Shutting down and abandoning module TextureFormatPVR (47)
[2015.08.13-00.18.02:134][542]LogModuleManager: Shutting down and abandoning module TextureFormatIntelISPCTexComp (46)
[2015.08.13-00.18.02:143][542]LogModuleManager: Shutting down and abandoning module TextureFormatDXT (45)
[2015.08.13-00.18.02:143][542]LogModuleManager: Shutting down and abandoning module ImageWrapper (44)
[2015.08.13-00.18.02:144][542]LogModuleManager: Shutting down and abandoning module TextureFormatASTC (43)
[2015.08.13-00.18.02:144][542]LogModuleManager: Shutting down and abandoning module TextureFormatAndroid (42)
[2015.08.13-00.18.02:144][542]LogModuleManager: Shutting down and abandoning module AudioFormatOpus (41)
[2015.08.13-00.18.02:174][542]LogModuleManager: Shutting down and abandoning module AudioFormatOgg (40)
[2015.08.13-00.18.02:214][542]LogModuleManager: Shutting down and abandoning module AudioFormatADPCM (39)
[2015.08.13-00.18.02:227][542]LogModuleManager: Shutting down and abandoning module LinuxTargetPlatform (38)
[2015.08.13-00.18.02:238][542]LogModuleManager: Shutting down and abandoning module LinuxServerTargetPlatform (37)
[2015.08.13-00.18.02:258][542]LogModuleManager: Shutting down and abandoning module LinuxNoEditorTargetPlatform (36)
[2015.08.13-00.18.02:271][542]LogModuleManager: Shutting down and abandoning module Messaging (35)
[2015.08.13-00.18.02:271][542]LogModuleManager: Shutting down and abandoning module IOSTargetPlatform (34)
[2015.08.13-00.18.02:272][542]LogModuleManager: Shutting down and abandoning module HTML5TargetPlatform (33)
[2015.08.13-00.18.02:272][542]LogModuleManager: Shutting down and abandoning module Android_PVRTCTargetPlatform (32)
[2015.08.13-00.18.02:272][542]LogModuleManager: Shutting down and abandoning module Android_ETC2TargetPlatform (31)
[2015.08.13-00.18.02:272][542]LogModuleManager: Shutting down and abandoning module Android_ETC1TargetPlatform (30)
[2015.08.13-00.18.02:272][542]LogModuleManager: Shutting down and abandoning module Android_DXTTargetPlatform (29)
[2015.08.13-00.18.02:272][542]LogModuleManager: Shutting down and abandoning module Android_ATCTargetPlatform (28)
[2015.08.13-00.18.02:288][542]LogModuleManager: Shutting down and abandoning module Android_ASTCTargetPlatform (27)
[2015.08.13-00.18.02:288][542]LogModuleManager: Shutting down and abandoning module AndroidTargetPlatform (26)
[2015.08.13-00.18.02:288][542]LogModuleManager: Shutting down and abandoning module WindowsTargetPlatform (25)
[2015.08.13-00.18.02:298][542]LogModuleManager: Shutting down and abandoning module WindowsServerTargetPlatform (24)
[2015.08.13-00.18.02:298][542]LogModuleManager: Shutting down and abandoning module WindowsNoEditorTargetPlatform (23)
[2015.08.13-00.18.02:316][542]LogModuleManager: Shutting down and abandoning module WindowsClientTargetPlatform (22)
[2015.08.13-00.18.02:316][542]LogModuleManager: Shutting down and abandoning module DesktopTargetPlatform (21)
[2015.08.13-00.18.02:317][542]LogModuleManager: Shutting down and abandoning module TargetPlatform (20)
[2015.08.13-00.18.02:334][542]LogModuleManager: Shutting down and abandoning module InputCore (19)
[2015.08.13-00.18.02:334][542]LogModuleManager: Shutting down and abandoning module Settings (18)
[2015.08.13-00.18.02:334][542]LogModuleManager: Shutting down and abandoning module OnlineSubsystem (16)
[2015.08.13-00.18.02:334][542]LogModuleManager: Shutting down and abandoning module HTTP (15)
[2015.08.13-00.18.02:363][542]LogModuleManager: Shutting down and abandoning module ExampleDeviceProfileSelector (14)
[2015.08.13-00.18.02:381][542]LogModuleManager: Shutting down and abandoning module TextureCompressor (13)
[2015.08.13-00.18.02:381][542]LogModuleManager: Shutting down and abandoning module ShaderCore (12)
[2015.08.13-00.18.02:381][542]LogModuleManager: Shutting down and abandoning module Landscape (11)
[2015.08.13-00.18.02:381][542]LogModuleManager: Shutting down and abandoning module SlateRHIRenderer (10)
[2015.08.13-00.18.02:407][542]LogModuleManager: Shutting down and abandoning module OpenGLDrv (9)
[2015.08.13-00.18.02:435][542]LogModuleManager: Shutting down and abandoning module D3D11RHI (8)
[2015.08.13-00.18.02:435][542]LogModuleManager: Shutting down and abandoning module Renderer (7)
[2015.08.13-00.18.02:435][542]LogModuleManager: Shutting down and abandoning module Engine (6)
[2015.08.13-00.18.02:435][542]LogModuleManager: Shutting down and abandoning module CoreUObject (5)
[2015.08.13-00.18.02:436][542]LogModuleManager: Shutting down and abandoning module NetworkFile (4)
[2015.08.13-00.18.02:461][542]LogModuleManager: Shutting down and abandoning module StreamingFile (3)
[2015.08.13-00.18.02:489][542]LogModuleManager: Shutting down and abandoning module SandboxFile (2)
[2015.08.13-00.18.02:516][542]LogModuleManager: Shutting down and abandoning module PakFile (1)
[2015.08.13-00.18.02:683][542]LogExit: Exiting.
[2015.08.13-00.18.03:049][542]Log file closed, 08/12/15 17:18:03
