[2015.08.13-00.25.52:707][  0]Log file open, 08/12/15 17:25:52
[2015.08.13-00.25.52:708][  0]LogInit:Display: Running engine for game: GodKiller
[2015.08.13-00.25.52:708][  0]LogInit:Display: RandInit(-2115519647) SRandInit(-2115519646).
[2015.08.13-00.25.52:708][  0]LogTaskGraph: Started task graph with 4 named threads and 5 total threads.
[2015.08.13-00.25.52:708][  0]LogStats: Stats thread started
[2015.08.13-00.25.52:708][  0]LogInit: Version: 4.8.3-2634408+++depot+UE4-Releases+4.8
[2015.08.13-00.25.52:708][  0]LogInit: API Version: 2579680
[2015.08.13-00.25.52:708][  0]LogInit: Compiled (64-bit): Jul 27 2015 16:24:33
[2015.08.13-00.25.52:708][  0]LogInit: Compiled with Visual C++: 18.00.21005.01
[2015.08.13-00.25.52:708][  0]LogInit: Build Configuration: Development
[2015.08.13-00.25.52:708][  0]LogInit: Branch Name: ++depot+UE4-Releases+4.8
[2015.08.13-00.25.52:708][  0]LogInit: Command line:  
[2015.08.13-00.25.52:708][  0]LogInit: Base directory: C:/Program Files/Epic Games/4.8/Engine/Binaries/Win64/
[2015.08.13-00.25.52:708][  0]LogInit: Rocket: 1
[2015.08.13-00.25.52:756][  0]LogInit: Using libcurl 7.41.0
[2015.08.13-00.25.52:756][  0]LogInit:  - built for x86_64-pc-win32
[2015.08.13-00.25.52:756][  0]LogInit:  - supports SSL with WinSSL
[2015.08.13-00.25.52:756][  0]LogInit:  - other features:
[2015.08.13-00.25.52:756][  0]LogInit:      CURL_VERSION_SSL
[2015.08.13-00.25.52:756][  0]LogInit:      CURL_VERSION_IPV6
[2015.08.13-00.25.52:756][  0]LogInit:      CURL_VERSION_ASYNCHDNS
[2015.08.13-00.25.52:756][  0]LogInit:      CURL_VERSION_LARGEFILE
[2015.08.13-00.25.52:756][  0]LogInit:      CURL_VERSION_IDN
[2015.08.13-00.25.52:757][  0]LogInit:  CurlRequestOptions (configurable via config and command line):
[2015.08.13-00.25.52:757][  0]LogInit:  - bVerifyPeer = true  - Libcurl will verify peer certificate
[2015.08.13-00.25.52:757][  0]LogInit:  - bUseHttpProxy = false  - Libcurl will NOT use HTTP proxy
[2015.08.13-00.25.52:757][  0]LogInit:  - bDontReuseConnections = false  - Libcurl will reuse connections
[2015.08.13-00.25.52:757][  0]LogInit:  - CertBundlePath = nullptr  - Libcurl will use whatever was configured at build time.
[2015.08.13-00.25.52:801][  0]LogOnline:Warning: No default platform service specified for OnlineSubsystem
[2015.08.13-00.25.52:850][  0]LogInit: Presizing for 0 objects not considered by GC, pre-allocating 0 bytes.
[2015.08.13-00.25.52:873][  0]LogInit: Object subsystem initialized
[2015.08.13-00.25.52:877][  0]LogConsoleResponse:Warning: Skipping Unknown console variable: 'TranslucentSortAxis = (X=0.000000,Y=-1.000000,Z=0.000000)'
[2015.08.13-00.25.52:877][  0]LogConsoleResponse:Warning:   Found in ini file 'C:/Users/Samantha/Desktop/God-Killer/Saved/Config/Windows/Engine.ini', in section '[/Script/Engine.RendererSettings]'
[2015.08.13-00.25.52:877][  0]LogConsoleResponse:Warning: Skipping Unknown console variable: 'UIScaleRule = ShortestSide'
[2015.08.13-00.25.52:877][  0]LogConsoleResponse:Warning:   Found in ini file 'C:/Users/Samantha/Desktop/God-Killer/Saved/Config/Windows/Engine.ini', in section '[/Script/Engine.RendererSettings]'
[2015.08.13-00.25.52:877][  0]LogConsoleResponse:Warning: Skipping Unknown console variable: 'UIScaleCurve = (EditorCurveData=(Keys=),ExternalCurve=None)'
[2015.08.13-00.25.52:877][  0]LogConsoleResponse:Warning:   Found in ini file 'C:/Users/Samantha/Desktop/God-Killer/Saved/Config/Windows/Engine.ini', in section '[/Script/Engine.RendererSettings]'
[2015.08.13-00.25.52:879][  0]LogInit: Selected Device Profile: [Windows]
[2015.08.13-00.25.52:879][  0]LogInit: Applying CVar settings loaded from the selected device profile: [Windows]
[2015.08.13-00.25.52:952][  0]LogInit: Computer: SAMANTHAPC
[2015.08.13-00.25.52:952][  0]LogInit: User: Samantha
[2015.08.13-00.25.52:952][  0]LogInit: CPU Page size=4096, Cores=2
[2015.08.13-00.25.52:952][  0]LogInit: High frequency timer resolution =2.240906 MHz
[2015.08.13-00.25.52:952][  0]LogMemory: Memory total: Physical=5.9GB (6GB approx)
[2015.08.13-00.25.52:952][  0]LogMemory: Platform Memory Stats for Windows
[2015.08.13-00.25.52:952][  0]LogMemory: Process Physical Memory: 48.24 MB used, 48.24 MB peak
[2015.08.13-00.25.52:952][  0]LogMemory: Process Virtual Memory: 24.19 MB used, 24.19 MB peak
[2015.08.13-00.25.52:952][  0]LogMemory: Physical Memory: 2989.03 MB used, 6027.63 MB total
[2015.08.13-00.25.52:952][  0]LogMemory: Virtual Memory: 292.70 MB used, 134217728.00 MB total
[2015.08.13-00.25.53:033][  0]LogTextLocalizationManager: The requested culture ('en_US') has no localization data; parent culture's ('en') localization data will be used.
[2015.08.13-00.25.53:949][  0]LogTextLocalizationManager:Warning: Loaded localization resources contain conflicting entries for (Namespace:ContentBrowser, Key:ImportAssetToolTip):
Localization Resource: (C:/Program Files/Epic Games/4.8/Engine/Content/Localization/Editor/en/Editor.locres) Source String Hash: (-630476809) Localized String: (Import to {0}...)
Localization Resource: (C:/Program Files/Epic Games/4.8/Engine/Content/Localization/Editor/en/Editor.locres) Source String Hash: (1271782899) Localized String: (Imports an asset from file to this folder.)
[2015.08.13-00.25.55:552][  0]LogD3D11RHI: Found D3D11 adapter 0: Intel(R) HD Graphics Family (Feature Level 11_0)
[2015.08.13-00.25.55:552][  0]LogD3D11RHI: Adapter has 32MB of dedicated video memory, 0MB of dedicated system memory, and 1760MB of shared system memory, 1 output[s]
[2015.08.13-00.25.55:554][  0]LogD3D11RHI: Found D3D11 adapter 1: Microsoft Basic Render Driver (Feature Level 11_0)
[2015.08.13-00.25.55:554][  0]LogD3D11RHI: Adapter has 0MB of dedicated video memory, 0MB of dedicated system memory, and 256MB of shared system memory, 0 output[s]
[2015.08.13-00.25.55:554][  0]LogD3D11RHI: Chosen D3D11 Adapter Id = 0
[2015.08.13-00.25.55:571][  0]LogD3D11RHI: InitD3DDevice
[2015.08.13-00.25.55:572][  0]LogD3D11RHI: !Direct3DDevice
[2015.08.13-00.25.55:572][  0]LogRHI: Texture pool is 638 MB (70% of 912 MB)
[2015.08.13-00.25.55:582][  0]LogD3D11RHI: Async texture creation enabled
[2015.08.13-00.25.55:594][  0]LogShaderCompilers:Display: Using Local Shader Compiler.
[2015.08.13-00.25.59:461][  0]LogTemp:Display: Loaded TP DesktopTargetPlatform
[2015.08.13-00.25.59:495][  0]LogTemp:Display: Loaded TP WindowsClientTargetPlatform
[2015.08.13-00.25.59:529][  0]LogTemp:Display: Loaded TP WindowsNoEditorTargetPlatform
[2015.08.13-00.25.59:563][  0]LogTemp:Display: Loaded TP WindowsServerTargetPlatform
[2015.08.13-00.25.59:599][  0]LogTemp:Display: Loaded TP WindowsTargetPlatform
[2015.08.13-00.25.59:632][  0]LogTemp:Display: Loaded TP AndroidTargetPlatform
[2015.08.13-00.25.59:661][  0]LogTemp:Display: Loaded TP Android_ASTCTargetPlatform
[2015.08.13-00.25.59:691][  0]LogTemp:Display: Loaded TP Android_ATCTargetPlatform
[2015.08.13-00.25.59:721][  0]LogTemp:Display: Loaded TP Android_DXTTargetPlatform
[2015.08.13-00.25.59:750][  0]LogTemp:Display: Loaded TP Android_ETC1TargetPlatform
[2015.08.13-00.25.59:780][  0]LogTemp:Display: Loaded TP Android_ETC2TargetPlatform
[2015.08.13-00.25.59:810][  0]LogTemp:Display: Loaded TP Android_PVRTCTargetPlatform
[2015.08.13-00.25.59:907][  0]LogTemp:Display: Loaded TP IOSTargetPlatform
[2015.08.13-00.25.59:935][  0]LogTemp:Display: Loaded TP LinuxNoEditorTargetPlatform
[2015.08.13-00.25.59:963][  0]LogTemp:Display: Loaded TP LinuxServerTargetPlatform
[2015.08.13-00.25.59:995][  0]LogTemp:Display: Loaded TP LinuxTargetPlatform
[2015.08.13-00.25.59:995][  0]LogTargetPlatformManager:Display: Building Assets For Windows
[2015.08.13-00.26.00:486][  0]LogDerivedDataCache:Display: Max Cache Size: 512 MB
[2015.08.13-00.26.01:277][  0]LogDerivedDataCache: Loaded boot cache 0.79s 53MB C:/Users/Samantha/AppData/Local/UnrealEngine/4.8/DerivedDataCache/Boot.ddc.
[2015.08.13-00.26.01:277][  0]LogDerivedDataCache:Display: Loaded Boot cache: C:/Users/Samantha/AppData/Local/UnrealEngine/4.8/DerivedDataCache/Boot.ddc
[2015.08.13-00.26.01:277][  0]LogDerivedDataCache: FDerivedDataBackendGraph:  Pak pak cache file ../../../../../../Users/Samantha/Desktop/God-Killer/DerivedDataCache/DDC.ddp not found, will not use a pak cache.
[2015.08.13-00.26.01:277][  0]LogDerivedDataCache: Unable to find inner node Pak for hierarchical cache Hierarchy.
[2015.08.13-00.26.01:278][  0]LogDerivedDataCache: FDerivedDataBackendGraph:  CompressedPak pak cache file ../../../../../../Users/Samantha/Desktop/God-Killer/DerivedDataCache/Compressed.ddp not found, will not use a pak cache.
[2015.08.13-00.26.01:278][  0]LogDerivedDataCache: Unable to find inner node CompressedPak for hierarchical cache Hierarchy.
[2015.08.13-00.26.01:839][  0]LogDerivedDataCache:Display: Pak cache opened for reading ../../../Engine/DerivedDataCache/Compressed.ddp.
[2015.08.13-00.26.01:853][  0]LogDerivedDataCache: Using Local data cache path C:/Users/Samantha/AppData/Local/UnrealEngine/Common/DerivedDataCache: Writable
[2015.08.13-00.26.02:535][  0]LogInit: Selected Device Profile: [Windows]
[2015.08.13-00.26.02:798][  0]ImportText (ComponentSweepMultiTests): Missing closing parenthesis: (RootShapeAsset="/Engine/BasicShapes/Cube.Cube",ShapeType="TriggerCapsule",HitResult=(Time=0.50,Location=(X=-100.000015,Y=0.0,Z=100.000015),ImpactPoint=(X=-50.0,Y=0.0,Z=50.0),Normal=(X=-1.0,Y=-0.0,Z=0.0),ImpactNormal=(X=0.0,Y=0.0,Z=1.0),TraceStart=(X=-200.0,Y=0.0,Z=200.0),TraceEnd=(X=0.0,Y=0.0,Z=0.0))
[2015.08.13-00.26.02:800][  0]ImportText (LineTraceSingleByChannelTests): Missing closing parenthesis: (RootShapeAsset="/Engine/BasicShapes/Cube.Cube",HitResult=(Time=0.50,Location=(X=-100.000015,Y=0.0,Z=100.000015),ImpactPoint=(X=-50.0,Y=0.0,Z=50.0),Normal=(X=-1.0,Y=-0.0,Z=0.0),ImpactNormal=(X=0.0,Y=0.0,Z=1.0),TraceStart=(X=-200.0,Y=0.0,Z=200.0),TraceEnd=(X=0.0,Y=0.0,Z=0.0))
[2015.08.13-00.26.02:893][  0]LogMeshUtilities: No automatic mesh reduction module available
[2015.08.13-00.26.02:893][  0]LogMeshUtilities: No automatic mesh merging module available
[2015.08.13-00.26.04:368][  0]LogInit: WinSock: version 1.1 (2.2), MaxSocks=32767, MaxUdp=65467
[2015.08.13-00.26.08:203][  0]LogModuleManager:Warning: ModuleManager: Unable to load module 'C:/Program Files/Epic Games/4.8/Engine/Binaries/Win64/UE4Editor-XAudio2.dll' because the file couldn't be loaded by the OS.
[2015.08.13-00.26.27:801][  0]UdpMessaging: Initializing bridge on interface 0.0.0.0:0 to multicast group 230.0.0.1:6666.
[2015.08.13-00.26.28:832][  0]SourceControl: Info Source control is disabled
[2015.08.13-00.26.28:858][  0]SourceControl: Info Source control is disabled
[2015.08.13-00.26.28:892][  0]SourceControl: Info Source control is disabled
[2015.08.13-00.26.28:923][  0]SourceControl: Info Source control is disabled
[2015.08.13-00.26.29:519][  0]LogObj: 26273 objects as part of root set at end of initial load.
[2015.08.13-00.26.29:519][  0]LogUObjectAllocator: 5409256 out of 0 bytes used by permanent object pool.
[2015.08.13-00.26.29:720][  0]LogEngine: Initializing Engine...
[2015.08.13-00.26.29:724][  0]LogHMD: Can't find Oculus library dev build: is proper Runtime installed? Version: 0.6.0.0
[2015.08.13-00.26.29:727][  0]LogHMD:Warning: SteamVR failed to initialize.  Error: 110
[2015.08.13-00.26.30:110][  0]LogAIModule: Creating AISystem for world NewWorld
[2015.08.13-00.26.34:829][  0]LogModuleManager:Warning: ModuleManager: Unable to load module 'C:/Program Files/Epic Games/4.8/Engine/Binaries/Win64/UE4Editor-XAudio2.dll' because the file couldn't be loaded by the OS.
[2015.08.13-00.26.34:911][  0]LogDerivedDataCache: Saved boot cache 0.08s 53MB C:/Users/Samantha/AppData/Local/UnrealEngine/4.8/DerivedDataCache/Boot.ddc.
[2015.08.13-00.26.34:929][  0]LogInit: Texture streaming: Disabled
[2015.08.13-00.26.35:014][  0]LogAnalytics: Creating configured Analytics provider AnalyticsET
[2015.08.13-00.26.35:015][  0]LogAnalytics: [UEEditor.Rocket.Release] APIServer = http://et2.epicgames.com/ET2/. AppVersion = 4.8.3-2634408+++depot+UE4-Releases+4.8
[2015.08.13-00.26.35:015][  0]LogAnalytics: [UEEditor.Rocket.Release] SetUserId 46872bea408cfcc0100ac385d2b5ce07|e22a3db169b04f708165eaff958a9646|097015b1-a59a-4201-b460-717027cc9fe8
[2015.08.13-00.26.35:015][  0]LogAnalytics: [UEEditor.Rocket.Release] AnalyticsET::StartSession
[2015.08.13-00.26.35:147][  0]LogInit: Transaction tracking system initialized
[2015.08.13-00.26.35:647][  0]BlueprintLog: New page: Editor Load
[2015.08.13-00.26.35:753][  0]LogAssetRegistry: FAssetRegistry took 0.0112 seconds to start up
[2015.08.13-00.26.35:755][  0]LogDirectoryWatcher:Warning: Failed to begin reading directory changes for ../../../Engine/Plugins/Experimental/CharacterAI/Content/. Error: 0
[2015.08.13-00.26.38:728][  0]LogConsoleManager:Warning: Console variable 'r.VSync' wasn't set ('GameSetting' has a lower priority than 'SystemSettingsIni')
[2015.08.13-00.26.38:729][  0]LogConsoleResponse:Display: 
[2015.08.13-00.26.39:145][  0]LogCook:Display: Done creating registry. It took  0.00s.
[2015.08.13-00.26.40:071][  0]SourceControl: Info Source control is disabled
[2015.08.13-00.26.40:071][  0]Cmd: MAP LOAD FILE="../../../../../../Users/Samantha/Desktop/God-Killer/Content/Scene/NewCave.umap" TEMPLATE=0 SHOWPROGRESS=1 FEATURELEVEL=3
[2015.08.13-00.26.40:072][  0]LightingResults: New page: Lighting Build
[2015.08.13-00.26.40:110][  0]MapCheck: New page: Map Check
[2015.08.13-00.26.40:110][  0]LightingResults: New page: Lighting Build
[2015.08.13-00.26.40:154][  0]LogParticles: Destroying 0 GPU particle simulations for FXSystem 0x0000007120895300
[2015.08.13-00.26.42:327][  0]LogBlueprint:Warning: [compiler GnawmersHealth] Warning 'gnawmers' is already a 'Enemy 1', you don't need  Cast To Enemy1 .
[2015.08.13-00.26.42:329][  0]LogBlueprint:Warning: [compiler GnawmersHealth] Warning [0055.51] Compile of GnawmersHealth successful, but with 1 Warning(s) [in 28 ms]
[2015.08.13-00.26.42:329][  0]LogBlueprint:Warning: [compiler GnawmersHealth] Warning [0055.51] Compile of GnawmersHealth successful, but with 2 Warning(s) [in 0 ms]
[2015.08.13-00.26.42:329][  0]LogBlueprint:Warning: [compiler GnawmersHealth] Warning [0055.51] Compile of GnawmersHealth successful, but with 3 Warning(s) [in 0 ms]
[2015.08.13-00.26.42:823][  0]LogBlueprint:Warning: [compiler Gui] Warning 'gnawmers' is already a 'Enemy 1', you don't need  Cast To Enemy1 .
[2015.08.13-00.26.42:837][  0]LogBlueprint:Warning: [compiler Gui] Warning [0056.02] Compile of Gui successful, but with 1 Warning(s) [in 62 ms]
[2015.08.13-00.26.42:838][  0]LogBlueprint:Warning: [compiler Gui] Warning [0056.02] Compile of Gui successful, but with 2 Warning(s) [in 0 ms]
[2015.08.13-00.26.42:838][  0]LogBlueprint:Warning: [compiler Gui] Warning [0056.02] Compile of Gui successful, but with 3 Warning(s) [in 0 ms]
[2015.08.13-00.26.44:313][  0]LogBlueprint:Warning: [compiler GnawmersHealth] Warning 'gnawmers' is already a 'Enemy 1', you don't need  Cast To Enemy1 .
[2015.08.13-00.26.44:314][  0]LogBlueprint:Warning: [compiler GnawmersHealth] Warning [0057.50] Compile of GnawmersHealth successful, but with 1 Warning(s) [in 19 ms]
[2015.08.13-00.26.44:315][  0]LogBlueprint:Warning: [compiler GnawmersHealth] Warning [0057.50] Compile of GnawmersHealth successful, but with 2 Warning(s) [in 0 ms]
[2015.08.13-00.26.44:378][  0]LogBlueprint:Warning: [compiler Gui] Warning 'gnawmers' is already a 'Enemy 1', you don't need  Cast To Enemy1 .
[2015.08.13-00.26.44:393][  0]LogBlueprint:Warning: [compiler Gui] Warning [0057.57] Compile of Gui successful, but with 1 Warning(s) [in 61 ms]
[2015.08.13-00.26.44:396][  0]LogBlueprint:Warning: [compiler Gui] Warning [0057.58] Compile of Gui successful, but with 2 Warning(s) [in 2 ms]
[2015.08.13-00.27.11:624][  0]LogAIModule: Creating AISystem for world NewCave
[2015.08.13-00.27.13:372][  0]LogEditorServer: Finished looking for orphan Actors (0.000 secs)
[2015.08.13-00.27.13:378][  0]Cmd: MAP CHECKDEP NOCLEARLOG
[2015.08.13-00.27.13:705][  0]MapCheck: Info Map check complete: 0 Error(s), 0 Warning(s), took 327.403ms to complete.
[2015.08.13-00.27.13:706][  0]LogFileHelpers: Loading map 'NewCave' took 33.636
[2015.08.13-00.27.13:888][  0]LogCollectionManager: Loaded 0 collections in 0.009240 seconds
[2015.08.13-00.27.13:913][  0]LogContentBrowser: Native class hierarchy populated in 0.0248 seconds. Added 1792 classes and 301 folders.
[2015.08.13-00.27.14:169][  0]LogContentBrowser: Native class hierarchy updated for 'WidgetCarousel' in 0.0011 seconds. Added 0 classes and 0 folders.
[2015.08.13-00.27.14:375][  0]LogContentBrowser: Native class hierarchy updated for 'AddContentDialog' in 0.0016 seconds. Added 0 classes and 0 folders.
[2015.08.13-00.27.14:629][  0]LogContentBrowser: Native class hierarchy updated for 'SceneOutliner' in 0.0018 seconds. Added 1 classes and 2 folders.
[2015.08.13-00.27.14:768][  0]LogCrashTracker: Crashtracker disabled due to settings.
[2015.08.13-00.27.14:772][  0]LogD3D11RHI: InitD3DDevice
[2015.08.13-00.27.14:782][  0]LogUObjectGlobals:Warning: Failed to find object 'Class None.'
[2015.08.13-00.27.14:813][  0]LogLoad: Full Startup: 88.00 seconds (BP compile: 3.64 seconds)
[2015.08.13-00.27.15:359][  0]LogContentStreaming: Texture pool size is 0.000000MB
[2015.08.13-00.27.16:093][  0]LogContentStreaming: Texture pool size now 1000 MB
[2015.08.13-00.27.16:511][  0]LogRenderer: Reallocating scene render targets to support 848x712 (Frame:2).
[2015.08.13-00.27.19:131][  1]Cmd: UpdateLandscapeEditorData -warnings
[2015.08.13-00.27.19:135][  1]Cmd: UpdateLandscapeEditorData
[2015.08.13-00.27.19:223][  1]LogLinker:Warning: Can't find file '/Game/Models/Skeleton/NewModel/Anim/SkeletonMesh'
[2015.08.13-00.27.19:224][  1]LogLinker:Warning: Can't find file '/Game/Models/Skeleton/NewModel/Anim/SkeletonMesh'
[2015.08.13-00.27.19:225][  1]LogLinker:Warning: Can't find file '/Game/Models/Skeleton/NewModel/Anim/SkeletonMesh'
[2015.08.13-00.27.19:225][  1]LogUObjectGlobals:Warning: Failed to find object 'SkeletalMesh /Game/Models/Skeleton/NewModel/Anim/SkeletonMesh.SkeletonMesh'
[2015.08.13-00.27.19:803][  2]LogD3D11RHI: InitD3DDevice
[2015.08.13-00.27.19:868][  2]LogLinker:Warning: Can't find file '/Game/Models/Skeleton/NewModel/Anim/SkeletonMesh'
[2015.08.13-00.27.19:869][  2]LogLinker:Warning: Can't find file '/Game/Models/Skeleton/NewModel/Anim/SkeletonMesh'
[2015.08.13-00.27.19:870][  2]LogLinker:Warning: Can't find file '/Game/Models/Skeleton/NewModel/Anim/SkeletonMesh'
[2015.08.13-00.27.19:870][  2]LogUObjectGlobals:Warning: Failed to find object 'SkeletalMesh /Game/Models/Skeleton/NewModel/Anim/SkeletonMesh.SkeletonMesh'
[2015.08.13-00.27.21:257][  4]LogLinker:Warning: Can't find file '/Game/Models/Skeleton/NewModel/Anim/SkeletonMesh'
[2015.08.13-00.27.21:258][  4]LogLinker:Warning: Can't find file '/Game/Models/Skeleton/NewModel/Anim/SkeletonMesh'
[2015.08.13-00.27.21:258][  4]LogLinker:Warning: Can't find file '/Game/Models/Skeleton/NewModel/Anim/SkeletonMesh'
[2015.08.13-00.27.21:258][  4]LogUObjectGlobals:Warning: Failed to find object 'SkeletalMesh /Game/Models/Skeleton/NewModel/Anim/SkeletonMesh.SkeletonMesh'
[2015.08.13-00.27.23:260][ 10]LogLinker:Warning: Can't find file '/Game/Models/Skeleton/NewModel/Anim/SkeletonMesh'
[2015.08.13-00.27.23:261][ 10]LogLinker:Warning: Can't find file '/Game/Models/Skeleton/NewModel/Anim/SkeletonMesh'
[2015.08.13-00.27.23:262][ 10]LogLinker:Warning: Can't find file '/Game/Models/Skeleton/NewModel/Anim/SkeletonMesh'
[2015.08.13-00.27.23:262][ 10]LogUObjectGlobals:Warning: Failed to find object 'SkeletalMesh /Game/Models/Skeleton/NewModel/Anim/SkeletonMesh.SkeletonMesh'
[2015.08.13-00.27.23:594][ 11]LogLinker:Warning: Can't find file '/Game/Models/Skeleton/NewModel/Anim/SkeletonMesh'
[2015.08.13-00.27.23:594][ 11]LogLinker:Warning: Can't find file '/Game/Models/Skeleton/NewModel/Anim/SkeletonMesh'
[2015.08.13-00.27.23:595][ 11]LogLinker:Warning: Can't find file '/Game/Models/Skeleton/NewModel/Anim/SkeletonMesh'
[2015.08.13-00.27.23:595][ 11]LogUObjectGlobals:Warning: Failed to find object 'SkeletalMesh /Game/Models/Skeleton/NewModel/Anim/SkeletonMesh.SkeletonMesh'
[2015.08.13-00.27.29:624][ 29]LogD3D11RHI: InitD3DDevice
[2015.08.13-00.27.36:591][ 50]LogAssetRegistry: Asset discovery search completed in 60.8495 seconds
[2015.08.13-00.27.46:385][ 97]LogEditorViewport: Clicking on Actor (context menu): Landscape (Landscape)
[2015.08.13-00.27.46:568][ 97]LogD3D11RHI: InitD3DDevice
[2015.08.13-00.27.47:317][105]LogD3D11RHI: InitD3DDevice
[2015.08.13-00.29.20:069][220]LogD3D11RHI: InitD3DDevice
[2015.08.13-00.29.20:175][220]LogD3D11RHI: InitD3DDevice
[2015.08.13-00.29.20:566][220]LogLinker:Warning: Asset '../../../Engine/Content/ArtTools/RenderToTexture/Macros/RenderToTextureMacros.uasset' has been saved with empty engine version. The asset will be loaded but may be incompatible.
[2015.08.13-00.29.20:800][220]LogLinker:Warning: Asset '../../../Engine/Content/ArtTools/RenderToTexture/Enums/RenderToTexture_Enum.uasset' has been saved with empty engine version. The asset will be loaded but may be incompatible.
[2015.08.13-00.29.30:391][244]LogD3D11RHI: InitD3DDevice
[2015.08.13-00.29.37:635][361]LogD3D11RHI: InitD3DDevice
[2015.08.13-00.29.39:259][361]LogSkeletalMesh: InitArticulated: Bodies already created (/Engine/Transient.DebugSkelMeshComponent_0) - call TermArticulated first.
[2015.08.13-00.29.39:421][361]LogLinker:Warning: Asset '../../../Engine/Content/Tutorial/SubEditors/PersonaAnimEditorTutorial.uasset' has been saved with empty engine version. The asset will be loaded but may be incompatible.
[2015.08.13-00.30.44:790][885]BlueprintLog: New page: Compile Skeleton_AnimBP
[2015.08.13-00.30.46:563][885]LogActorComponent: UnregisterComponent: (/Engine/Transient.CharMoveComp) Not registered. Aborting.
[2015.08.13-00.30.47:505][885]BlueprintEditorCompileResults: Info [0300.69] Compile of Skeleton_AnimBP successful! [in 2,715 ms]
[2015.08.13-00.30.49:048][917]LogD3D11RHI: InitD3DDevice
[2015.08.13-00.30.49:506][917]LogSavePackage: Save=240.714249ms
[2015.08.13-00.30.49:506][917]LogSavePackage: Moving '../../../../../../Users/Samantha/Desktop/God-Killer/Saved/Skeleton_AnimBP477A36E34555A36F2D5A8F8A26847961.tmp' to '../../../../../../Users/Samantha/Desktop/God-Killer/Content/Key/Skeleton/NewModel/Anim/Skeleton_AnimBP.uasset'
[2015.08.13-00.31.18:381][703]LogRenderer: Reallocating scene render targets to support 1048x712 (Frame:2979).
[2015.08.13-00.36.21:018][976]LogD3D11RHI: InitD3DDevice
[2015.08.13-00.36.22:223][ 43]LogD3D11RHI: InitD3DDevice
[2015.08.13-00.37.08:735][255]BlueprintLog: New page: Compile Skeleton_EnemyBP
[2015.08.13-00.37.09:679][255]BlueprintEditorCompileResults: Info [0682.86] Compile of Skeleton_EnemyBP successful! [in 943 ms]
[2015.08.13-00.37.11:144][282]LogD3D11RHI: InitD3DDevice
[2015.08.13-00.37.11:564][282]LogSavePackage: Save=192.764893ms
[2015.08.13-00.37.11:564][282]LogSavePackage: Moving '../../../../../../Users/Samantha/Desktop/God-Killer/Saved/Skeleton_EnemyBP95F80C594FECCF803E8E63B264CF2628.tmp' to '../../../../../../Users/Samantha/Desktop/God-Killer/Content/Key/Skeleton/NewModel/SkeletonAi/Skeleton_EnemyBP.uasset'
[2015.08.13-00.37.15:455][330]BlueprintLog: New page: Pre-PIE auto-recompile
[2015.08.13-00.37.15:488][330]LogPlayLevel: [PIE] Compiling NewCave before PIE...
[2015.08.13-00.37.15:730][330]LogActorComponent: UnregisterComponent: (/Engine/Transient.CharMoveComp) Not registered. Aborting.
[2015.08.13-00.37.15:884][330]LogPlayLevel: PIE:  Blueprint regeneration took 436 ms (1 blueprints)
[2015.08.13-00.37.16:129][330]PIE: New page: PIE session: NewCave (Aug 12, 2015, 10:37:15 AM)
[2015.08.13-00.37.16:145][330]LogPlayLevel: Creating play world package: /Game/Scene/UEDPIE_0_NewCave
[2015.08.13-00.37.16:417][330]LogPlayLevel: PIE: StaticDuplicateObject took: (0.272424s)
[2015.08.13-00.37.16:419][330]LogAIModule: Creating AISystem for world NewCave
[2015.08.13-00.37.16:421][330]LogPlayLevel: PIE: World Init took: (0.003694s)
[2015.08.13-00.37.16:440][330]LogPlayLevel: PIE: Created PIE world by copying editor world from /Game/Scene/NewCave.NewCave to /Game/Scene/UEDPIE_0_NewCave.NewCave (0.295375s)
[2015.08.13-00.37.17:041][330]LogWorld: Game class is 'ThirdPersonGameMode_C'
[2015.08.13-00.37.18:217][330]LogWorld:Warning: *** WARNING - PATHS MAY NOT BE VALID ***
[2015.08.13-00.37.18:217][330]LogWorld: Bringing World /Game/Scene/UEDPIE_0_NewCave.NewCave up for play (max tick rate 60) at 2015.08.12-17.37.18
[2015.08.13-00.37.18:218][330]LogActor:Warning: GameSession /Game/Scene/UEDPIE_0_NewCave.NewCave:PersistentLevel.GameSession_0 has natively added scene component(s), but none of them were set as the actor's RootComponent - picking one arbitrarily
[2015.08.13-00.37.18:247][330]LogActor:Warning: GameNetworkManager /Game/Scene/UEDPIE_0_NewCave.NewCave:PersistentLevel.GameNetworkManager_0 has natively added scene component(s), but none of them were set as the actor's RootComponent - picking one arbitrarily
[2015.08.13-00.37.18:599][330]LogWorld: Bringing up level for play took: 1.545261
[2015.08.13-00.37.19:194][330]PIE: Info Play in editor start time for /Game/Scene/UEDPIE_0_NewCave 3.353
[2015.08.13-00.37.19:808][330]LogScript:Warning: Accessed None 'K2Node_DynamicCast_AsThird_Person_Character2'
	SuccessScreen_C /Engine/Transient.UnrealEdEngine_0:GameInstance_0.SuccessScreen_C_0
	Function /Game/GUI/SuccessScreen.SuccessScreen_C:ExecuteUbergraph_SuccessScreen:00D2
[2015.08.13-00.39.23:586][690]LogParticles: Destroying 0 GPU particle simulations for FXSystem 0x0000007127822660
[2015.08.13-00.39.50:817][864]LogD3D11RHI: InitD3DDevice
[2015.08.13-00.39.58:603][914]LogD3D11RHI: InitD3DDevice
[2015.08.13-00.39.58:739][914]Cmd: OBJ SAVEPACKAGE PACKAGE="/Game/Scene/NewCave" FILE="../../../../../../Users/Samantha/Desktop/God-Killer/Content/Scene/NewCave.umap" SILENT=true AUTOSAVING=false KEEPDIRTY=false
[2015.08.13-00.39.58:744][914]LogActorComponent: UnregisterComponent: (/Engine/Transient.CharMoveComp) Not registered. Aborting.
[2015.08.13-00.40.03:790][914]LogSavePackage: Save=4789.252441ms
[2015.08.13-00.40.03:791][914]LogSavePackage: Moving '../../../../../../Users/Samantha/Desktop/God-Killer/Saved/NewCaveE0D2BA9F48B4FC086885DC98265554CC.tmp' to '../../../../../../Users/Samantha/Desktop/God-Killer/Content/Scene/NewCave.umap'
[2015.08.13-00.40.08:668][945]Cmd: QUIT_EDITOR
[2015.08.13-00.40.09:938][945]LogWindowsTextInputMethodSystem:Display: IME system now deactivated.
[2015.08.13-00.40.09:938][945]LogWindowsTextInputMethodSystem:Display: IME system now deactivated.
[2015.08.13-00.40.10:475][945]LogExit: Preparing to exit.
[2015.08.13-00.40.11:693][945]LogExit: Editor shut down
[2015.08.13-00.40.11:693][945]LogExit: Transaction tracking system shut down
[2015.08.13-00.40.11:724][945]LogParticles: Destroying 0 GPU particle simulations for FXSystem 0x00000071332F9DA0
[2015.08.13-00.40.11:728][945]LogParticles: Destroying 0 GPU particle simulations for FXSystem 0x0000007137B754E0
[2015.08.13-00.40.11:729][945]LogParticles: Destroying 0 GPU particle simulations for FXSystem 0x000000713D6AF560
[2015.08.13-00.40.11:729][945]LogParticles: Destroying 0 GPU particle simulations for FXSystem 0x000000713D6AF380
[2015.08.13-00.40.11:729][945]LogParticles: Destroying 0 GPU particle simulations for FXSystem 0x000000713D5A4FE0
[2015.08.13-00.40.11:729][945]LogParticles: Destroying 0 GPU particle simulations for FXSystem 0x000000713D6AC720
[2015.08.13-00.40.11:729][945]LogParticles: Destroying 0 GPU particle simulations for FXSystem 0x000000712B116C00
[2015.08.13-00.40.11:730][945]LogParticles: Destroying 0 GPU particle simulations for FXSystem 0x0000007155B4FB00
[2015.08.13-00.40.11:730][945]LogParticles: Destroying 0 GPU particle simulations for FXSystem 0x000000713300F420
[2015.08.13-00.40.11:730][945]LogParticles: Destroying 0 GPU particle simulations for FXSystem 0x00000071355AAC00
[2015.08.13-00.40.11:737][945]LogParticles: Destroying 0 GPU particle simulations for FXSystem 0x0000007137B3D8A0
[2015.08.13-00.40.11:737][945]LogParticles: Destroying 0 GPU particle simulations for FXSystem 0x0000007137B3E020
[2015.08.13-00.40.11:742][945]LogParticles: Destroying 0 GPU particle simulations for FXSystem 0x000000715996CF40
[2015.08.13-00.40.12:383][945]LogExit: Object subsystem successfully closed.
[2015.08.13-00.40.12:428][945]LogD3D11RHI: Shutdown
[2015.08.13-00.40.12:428][945]LogD3D11RHI: CleanupD3DDevice
[2015.08.13-00.40.12:882][945]LogD3D11RHI: ~FD3D11DynamicRHI
[2015.08.13-00.40.12:952][945]LogModuleManager: Shutting down and abandoning module CrashTracker (188)
[2015.08.13-00.40.12:952][945]LogModuleManager: Shutting down and abandoning module SceneOutliner (187)
[2015.08.13-00.40.12:952][945]LogModuleManager: Shutting down and abandoning module SuperSearch (186)
[2015.08.13-00.40.12:952][945]LogModuleManager: Shutting down and abandoning module WidgetCarousel (185)
[2015.08.13-00.40.12:952][945]LogModuleManager: Shutting down and abandoning module AddContentDialog (184)
[2015.08.13-00.40.12:954][945]LogModuleManager: Shutting down and abandoning module EditorWidgets (183)
[2015.08.13-00.40.12:954][945]LogModuleManager: Shutting down and abandoning module CollectionManager (182)
[2015.08.13-00.40.12:955][945]LogModuleManager: Shutting down and abandoning module StatsViewer (181)
[2015.08.13-00.40.12:955][945]LogModuleManager: Shutting down and abandoning module FoliageEdit (180)
[2015.08.13-00.40.12:955][945]LogModuleManager: Shutting down and abandoning module LandscapeEditor (179)
[2015.08.13-00.40.12:955][945]LogModuleManager: Shutting down and abandoning module ActorPickerMode (178)
[2015.08.13-00.40.12:955][945]LogModuleManager: Shutting down and abandoning module GeometryMode (177)
[2015.08.13-00.40.12:955][945]LogModuleManager: Shutting down and abandoning module TextureAlignMode (176)
[2015.08.13-00.40.12:955][945]LogModuleManager: Shutting down and abandoning module BspMode (175)
[2015.08.13-00.40.12:955][945]LogModuleManager: Shutting down and abandoning module PlacementMode (174)
[2015.08.13-00.40.12:955][945]LogModuleManager: Shutting down and abandoning module AutomationWorker (173)
[2015.08.13-00.40.12:955][945]LogModuleManager: Shutting down and abandoning module CharacterAI (172)
[2015.08.13-00.40.12:955][945]LogModuleManager: Shutting down and abandoning module SmartSnapping (171)
[2015.08.13-00.40.12:955][945]LogModuleManager: Shutting down and abandoning module ViewportSnapping (170)
[2015.08.13-00.40.12:956][945]LogModuleManager: Shutting down and abandoning module LogVisualizer (169)
[2015.08.13-00.40.12:956][945]LogModuleManager: Shutting down and abandoning module GameProjectGeneration (168)
[2015.08.13-00.40.12:956][945]LogModuleManager: Shutting down and abandoning module IntroTutorials (167)
[2015.08.13-00.40.12:956][945]LogModuleManager: Shutting down and abandoning module EditorLiveStreaming (166)
[2015.08.13-00.40.12:956][945]LogModuleManager: Shutting down and abandoning module IOSPlatformEditor (165)
[2015.08.13-00.40.12:956][945]LogModuleManager: Shutting down and abandoning module HTML5PlatformEditor (164)
[2015.08.13-00.40.12:956][945]LogModuleManager: Shutting down and abandoning module AndroidDeviceDetection (163)
[2015.08.13-00.40.13:392][945]LogModuleManager: Shutting down and abandoning module AndroidPlatformEditor (162)
[2015.08.13-00.40.13:392][945]LogModuleManager: Shutting down and abandoning module IOSRuntimeSettings (161)
[2015.08.13-00.40.13:392][945]LogModuleManager: Shutting down and abandoning module AndroidRuntimeSettings (160)
[2015.08.13-00.40.13:392][945]LogModuleManager: Shutting down and abandoning module MergeActors (159)
[2015.08.13-00.40.13:392][945]LogModuleManager: Shutting down and abandoning module SizeMap (158)
[2015.08.13-00.40.13:392][945]LogModuleManager: Shutting down and abandoning module TreeMap (157)
[2015.08.13-00.40.13:392][945]LogModuleManager: Shutting down and abandoning module ReferenceViewer (156)
[2015.08.13-00.40.13:392][945]LogModuleManager: Shutting down and abandoning module LocalizationDashboard (155)
[2015.08.13-00.40.13:392][945]LogModuleManager: Shutting down and abandoning module HardwareTargeting (154)
[2015.08.13-00.40.13:392][945]LogModuleManager: Shutting down and abandoning module DeviceProfileEditor (153)
[2015.08.13-00.40.13:392][945]LogModuleManager: Shutting down and abandoning module UndoHistory (152)
[2015.08.13-00.40.13:392][945]LogModuleManager: Shutting down and abandoning module GameplayTagsEditor (151)
[2015.08.13-00.40.13:393][945]LogModuleManager: Shutting down and abandoning module UserFeedback (150)
[2015.08.13-00.40.13:393][945]LogModuleManager: Shutting down and abandoning module XmlParser (149)
[2015.08.13-00.40.13:393][945]LogModuleManager: Shutting down and abandoning module Blutility (148)
[2015.08.13-00.40.13:393][945]LogModuleManager: Shutting down and abandoning module ProjectTargetPlatformEditor (147)
[2015.08.13-00.40.13:393][945]LogModuleManager: Shutting down and abandoning module ProjectSettingsViewer (146)
[2015.08.13-00.40.13:393][945]LogModuleManager: Shutting down and abandoning module InputBindingEditor (145)
[2015.08.13-00.40.13:393][945]LogModuleManager: Shutting down and abandoning module EditorSettingsViewer (144)
[2015.08.13-00.40.13:394][945]LogModuleManager: Shutting down and abandoning module SettingsEditor (143)
[2015.08.13-00.40.13:394][945]LogModuleManager: Shutting down and abandoning module ProjectLauncher (142)
[2015.08.13-00.40.13:394][945]LogModuleManager: Shutting down and abandoning module SessionFrontend (141)
[2015.08.13-00.40.13:394][945]LogModuleManager: Shutting down and abandoning module ProfilerClient (140)
[2015.08.13-00.40.13:394][945]LogModuleManager: Shutting down and abandoning module TargetDeviceServices (139)
[2015.08.13-00.40.13:394][945]LogModuleManager: Shutting down and abandoning module DeviceManager (138)
[2015.08.13-00.40.13:394][945]LogModuleManager: Shutting down and abandoning module AutomationController (137)
[2015.08.13-00.40.13:394][945]LogModuleManager: Shutting down and abandoning module AutomationWindow (136)
[2015.08.13-00.40.13:394][945]LogModuleManager: Shutting down and abandoning module Layers (135)
[2015.08.13-00.40.13:394][945]LogModuleManager: Shutting down and abandoning module ComponentVisualizers (134)
[2015.08.13-00.40.13:394][945]LogModuleManager: Shutting down and abandoning module DetailCustomizations (133)
[2015.08.13-00.40.13:395][945]LogModuleManager: Shutting down and abandoning module PackagesDialog (132)
[2015.08.13-00.40.13:395][945]LogModuleManager: Shutting down and abandoning module AssetRegistry (131)
[2015.08.13-00.40.13:681][945]LogModuleManager: Shutting down and abandoning module Persona (130)
[2015.08.13-00.40.13:681][945]LogModuleManager: Shutting down and abandoning module Kismet (129)
[2015.08.13-00.40.13:681][945]LogModuleManager: Shutting down and abandoning module GraphEditor (128)
[2015.08.13-00.40.13:681][945]LogModuleManager: Shutting down and abandoning module ClassViewer (127)
[2015.08.13-00.40.13:682][945]LogModuleManager: Shutting down and abandoning module Toolbox (126)
[2015.08.13-00.40.13:682][945]LogModuleManager: Shutting down and abandoning module ModuleUI (125)
[2015.08.13-00.40.13:682][945]LogModuleManager: Shutting down and abandoning module MovieSceneTools (124)
[2015.08.13-00.40.13:682][945]LogModuleManager: Shutting down and abandoning module OutputLog (123)
[2015.08.13-00.40.13:682][945]LogModuleManager: Shutting down and abandoning module GammaUI (122)
[2015.08.13-00.40.13:682][945]LogModuleManager: Shutting down and abandoning module Documentation (121)
[2015.08.13-00.40.13:682][945]LogModuleManager: Shutting down and abandoning module GameLiveStreaming (120)
[2015.08.13-00.40.13:682][945]LogModuleManager: Shutting down and abandoning module StreamingPauseRendering (119)
[2015.08.13-00.40.13:682][945]LogModuleManager: Shutting down and abandoning module AnalyticsET (118)
[2015.08.13-00.40.13:682][945]LogModuleManager: Shutting down and abandoning module Analytics (117)
[2015.08.13-00.40.13:682][945]LogModuleManager: Shutting down and abandoning module AITestSuite (116)
[2015.08.13-00.40.13:682][945]LogModuleManager: Shutting down and abandoning module GameplayDebugger (115)
[2015.08.13-00.40.13:682][945]LogModuleManager: Shutting down and abandoning module AIModule (114)
[2015.08.13-00.40.13:682][945]LogModuleManager: Shutting down and abandoning module ProfilerService (113)
[2015.08.13-00.40.13:745][945]LogModuleManager: Shutting down and abandoning module TaskGraph (112)
[2015.08.13-00.40.13:745][945]LogModuleManager: Shutting down and abandoning module SlateRemote (111)
[2015.08.13-00.40.13:745][945]LogModuleManager: Shutting down and abandoning module SteamVRController (110)
[2015.08.13-00.40.13:745][945]LogModuleManager: Shutting down and abandoning module SteamVR (109)
[2015.08.13-00.40.13:745][945]LogModuleManager: Shutting down and abandoning module ProceduralMeshComponent (108)
[2015.08.13-00.40.13:745][945]LogModuleManager: Shutting down and abandoning module OculusRift (107)
[2015.08.13-00.40.13:745][945]LogModuleManager: Shutting down and abandoning module LeapMotionController (106)
[2015.08.13-00.40.13:792][945]LogModuleManager: Shutting down and abandoning module CustomMeshComponent (105)
[2015.08.13-00.40.13:792][945]LogModuleManager: Shutting down and abandoning module CableComponent (104)
[2015.08.13-00.40.13:792][945]LogModuleManager: Shutting down and abandoning module MessagingDebugger (103)
[2015.08.13-00.40.13:792][945]LogModuleManager: Shutting down and abandoning module MediaPlayerEditor (102)
[2015.08.13-00.40.13:792][945]LogModuleManager: Shutting down and abandoning module SpeedTreeImporter (101)
[2015.08.13-00.40.13:792][945]LogModuleManager: Shutting down and abandoning module PluginBrowser (100)
[2015.08.13-00.40.13:793][945]LogModuleManager: Shutting down and abandoning module EpicSurvey (99)
[2015.08.13-00.40.13:793][945]LogModuleManager: Shutting down and abandoning module DesktopPlatform (98)
[2015.08.13-00.40.13:793][945]LogModuleManager: Shutting down and abandoning module VisualStudioSourceCodeAccess (97)
[2015.08.13-00.40.13:793][945]LogModuleManager: Shutting down and abandoning module UObjectPlugin (96)
[2015.08.13-00.40.13:793][945]LogModuleManager: Shutting down and abandoning module SubversionSourceControl (95)
[2015.08.13-00.40.13:793][945]LogModuleManager: Shutting down and abandoning module PerforceSourceControl (94)
[2015.08.13-00.40.13:793][945]LogModuleManager: Shutting down and abandoning module SourceControl (93)
[2015.08.13-00.40.13:793][945]LogModuleManager: Shutting down and abandoning module GitSourceControl (92)
[2015.08.13-00.40.13:793][945]LogModuleManager: Shutting down and abandoning module BlankPlugin (91)
[2015.08.13-00.40.13:793][945]LogModuleManager: Shutting down and abandoning module PaperTiledImporter (90)
[2015.08.13-00.40.13:793][945]LogModuleManager: Shutting down and abandoning module PaperSpriteSheetImporter (89)
[2015.08.13-00.40.13:793][945]LogModuleManager: Shutting down and abandoning module MeshPaint (88)
[2015.08.13-00.40.13:793][945]LogModuleManager: Shutting down and abandoning module SlateReflector (87)
[2015.08.13-00.40.13:793][945]LogModuleManager: Shutting down and abandoning module DirectoryWatcher (86)
[2015.08.13-00.40.13:794][945]LogModuleManager: Shutting down and abandoning module HotReload (85)
[2015.08.13-00.40.13:795][945]LogModuleManager: Shutting down and abandoning module MainFrame (84)
[2015.08.13-00.40.13:795][945]LogModuleManager: Shutting down and abandoning module LevelEditor (83)
[2015.08.13-00.40.13:798][945]LogModuleManager: Shutting down and abandoning module ContentBrowser (82)
[2015.08.13-00.40.13:800][945]LogModuleManager: Shutting down and abandoning module Paper2DEditor (81)
[2015.08.13-00.40.13:800][945]LogModuleManager: Shutting down and abandoning module UdpMessaging (80)
[2015.08.13-00.40.13:901][945]LogModuleManager: Shutting down and abandoning module Paper2D (79)
[2015.08.13-00.40.13:901][945]LogModuleManager: Shutting down and abandoning module WindowsMoviePlayer (78)
[2015.08.13-00.40.13:918][945]LogModuleManager: Shutting down and abandoning module Media (77)
[2015.08.13-00.40.13:918][945]LogModuleManager: Shutting down and abandoning module WmfMedia (76)
[2015.08.13-00.40.13:918][945]LogModuleManager: Shutting down and abandoning module OnlineBlueprintSupport (75)
[2015.08.13-00.40.13:918][945]LogModuleManager: Shutting down and abandoning module PropertyEditor (74)
[2015.08.13-00.40.13:919][945]LogModuleManager: Shutting down and abandoning module BehaviorTreeEditor (73)
[2015.08.13-00.40.13:919][945]LogModuleManager: Shutting down and abandoning module FunctionalTesting (72)
[2015.08.13-00.40.13:919][945]LogModuleManager: Shutting down and abandoning module CollisionAnalyzer (71)
[2015.08.13-00.40.13:919][945]LogModuleManager: Shutting down and abandoning module WorkspaceMenuStructure (70)
[2015.08.13-00.40.13:919][945]LogModuleManager: Shutting down and abandoning module MessageLog (69)
[2015.08.13-00.40.13:919][945]LogModuleManager: Shutting down and abandoning module Sequencer (68)
[2015.08.13-00.40.13:919][945]LogModuleManager: Shutting down and abandoning module AssetTools (67)
[2015.08.13-00.40.13:919][945]LogModuleManager: Shutting down and abandoning module UMGEditor (66)
[2015.08.13-00.40.13:920][945]LogModuleManager: Shutting down and abandoning module UMG (65)
[2015.08.13-00.40.13:920][945]LogModuleManager: Shutting down and abandoning module Slate (64)
[2015.08.13-00.40.13:920][945]LogModuleManager: Shutting down and abandoning module EditorStyle (63)
[2015.08.13-00.40.13:931][945]LogModuleManager: Shutting down and abandoning module SessionServices (62)
[2015.08.13-00.40.13:931][945]LogModuleManager: Shutting down and abandoning module SourceCodeAccess (61)
[2015.08.13-00.40.13:931][945]LogModuleManager: Shutting down and abandoning module HeadMountedDisplay (60)
[2015.08.13-00.40.13:931][945]LogModuleManager: Shutting down and abandoning module Networking (57)
[2015.08.13-00.40.13:931][945]LogModuleManager: Shutting down and abandoning module Core (56)
[2015.08.13-00.40.13:931][945]LogModuleManager: Shutting down and abandoning module KismetCompiler (55)
[2015.08.13-00.40.13:931][945]LogModuleManager: Shutting down and abandoning module PhysXFormats (54)
[2015.08.13-00.40.13:931][945]LogModuleManager: Shutting down and abandoning module MeshUtilities (53)
[2015.08.13-00.40.13:931][945]LogModuleManager: Shutting down and abandoning module DerivedDataCache (52)
[2015.08.13-00.40.13:969][945]LogDerivedDataCache: Shutdown
[2015.08.13-00.40.13:969][945]LogModuleManager: Shutting down and abandoning module ShaderFormatOpenGL (51)
[2015.08.13-00.40.13:969][945]LogModuleManager: Shutting down and abandoning module ShaderFormatD3D (50)
[2015.08.13-00.40.13:969][945]LogModuleManager: Shutting down and abandoning module MetalShaderFormat (49)
[2015.08.13-00.40.13:969][945]LogModuleManager: Shutting down and abandoning module TextureFormatUncompressed (48)
[2015.08.13-00.40.13:969][945]LogModuleManager: Shutting down and abandoning module TextureFormatPVR (47)
[2015.08.13-00.40.13:969][945]LogModuleManager: Shutting down and abandoning module TextureFormatIntelISPCTexComp (46)
[2015.08.13-00.40.13:969][945]LogModuleManager: Shutting down and abandoning module TextureFormatDXT (45)
[2015.08.13-00.40.13:969][945]LogModuleManager: Shutting down and abandoning module ImageWrapper (44)
[2015.08.13-00.40.13:969][945]LogModuleManager: Shutting down and abandoning module TextureFormatASTC (43)
[2015.08.13-00.40.13:969][945]LogModuleManager: Shutting down and abandoning module TextureFormatAndroid (42)
[2015.08.13-00.40.13:969][945]LogModuleManager: Shutting down and abandoning module AudioFormatOpus (41)
[2015.08.13-00.40.13:970][945]LogModuleManager: Shutting down and abandoning module AudioFormatOgg (40)
[2015.08.13-00.40.13:970][945]LogModuleManager: Shutting down and abandoning module AudioFormatADPCM (39)
[2015.08.13-00.40.13:970][945]LogModuleManager: Shutting down and abandoning module LinuxTargetPlatform (38)
[2015.08.13-00.40.13:970][945]LogModuleManager: Shutting down and abandoning module LinuxServerTargetPlatform (37)
[2015.08.13-00.40.13:970][945]LogModuleManager: Shutting down and abandoning module LinuxNoEditorTargetPlatform (36)
[2015.08.13-00.40.13:970][945]LogModuleManager: Shutting down and abandoning module Messaging (35)
[2015.08.13-00.40.13:970][945]LogModuleManager: Shutting down and abandoning module IOSTargetPlatform (34)
[2015.08.13-00.40.13:970][945]LogModuleManager: Shutting down and abandoning module HTML5TargetPlatform (33)
[2015.08.13-00.40.13:970][945]LogModuleManager: Shutting down and abandoning module Android_PVRTCTargetPlatform (32)
[2015.08.13-00.40.13:970][945]LogModuleManager: Shutting down and abandoning module Android_ETC2TargetPlatform (31)
[2015.08.13-00.40.13:970][945]LogModuleManager: Shutting down and abandoning module Android_ETC1TargetPlatform (30)
[2015.08.13-00.40.13:970][945]LogModuleManager: Shutting down and abandoning module Android_DXTTargetPlatform (29)
[2015.08.13-00.40.13:970][945]LogModuleManager: Shutting down and abandoning module Android_ATCTargetPlatform (28)
[2015.08.13-00.40.13:970][945]LogModuleManager: Shutting down and abandoning module Android_ASTCTargetPlatform (27)
[2015.08.13-00.40.13:970][945]LogModuleManager: Shutting down and abandoning module AndroidTargetPlatform (26)
[2015.08.13-00.40.13:970][945]LogModuleManager: Shutting down and abandoning module WindowsTargetPlatform (25)
[2015.08.13-00.40.13:970][945]LogModuleManager: Shutting down and abandoning module WindowsServerTargetPlatform (24)
[2015.08.13-00.40.13:970][945]LogModuleManager: Shutting down and abandoning module WindowsNoEditorTargetPlatform (23)
[2015.08.13-00.40.13:970][945]LogModuleManager: Shutting down and abandoning module WindowsClientTargetPlatform (22)
[2015.08.13-00.40.13:970][945]LogModuleManager: Shutting down and abandoning module DesktopTargetPlatform (21)
[2015.08.13-00.40.13:970][945]LogModuleManager: Shutting down and abandoning module TargetPlatform (20)
[2015.08.13-00.40.13:970][945]LogModuleManager: Shutting down and abandoning module InputCore (19)
[2015.08.13-00.40.13:971][945]LogModuleManager: Shutting down and abandoning module Settings (18)
[2015.08.13-00.40.13:971][945]LogModuleManager: Shutting down and abandoning module OnlineSubsystem (16)
[2015.08.13-00.40.13:971][945]LogModuleManager: Shutting down and abandoning module HTTP (15)
[2015.08.13-00.40.13:971][945]LogModuleManager: Shutting down and abandoning module ExampleDeviceProfileSelector (14)
[2015.08.13-00.40.13:971][945]LogModuleManager: Shutting down and abandoning module TextureCompressor (13)
[2015.08.13-00.40.13:972][945]LogModuleManager: Shutting down and abandoning module ShaderCore (12)
[2015.08.13-00.40.13:972][945]LogModuleManager: Shutting down and abandoning module Landscape (11)
[2015.08.13-00.40.13:972][945]LogModuleManager: Shutting down and abandoning module SlateRHIRenderer (10)
[2015.08.13-00.40.13:978][945]LogModuleManager: Shutting down and abandoning module OpenGLDrv (9)
[2015.08.13-00.40.13:978][945]LogModuleManager: Shutting down and abandoning module D3D11RHI (8)
[2015.08.13-00.40.13:978][945]LogModuleManager: Shutting down and abandoning module Renderer (7)
[2015.08.13-00.40.13:978][945]LogModuleManager: Shutting down and abandoning module Engine (6)
[2015.08.13-00.40.13:978][945]LogModuleManager: Shutting down and abandoning module CoreUObject (5)
[2015.08.13-00.40.13:978][945]LogModuleManager: Shutting down and abandoning module NetworkFile (4)
[2015.08.13-00.40.13:979][945]LogModuleManager: Shutting down and abandoning module StreamingFile (3)
[2015.08.13-00.40.13:979][945]LogModuleManager: Shutting down and abandoning module SandboxFile (2)
[2015.08.13-00.40.13:979][945]LogModuleManager: Shutting down and abandoning module PakFile (1)
[2015.08.13-00.40.13:980][945]LogExit: Exiting.
[2015.08.13-00.40.13:984][945]Log file closed, 08/12/15 17:40:13
