Log file open, 04/25/15 20:20:42
LogInit:Display: Running engine for game: GodKiller
LogInit: Version: 4.7.6-2513093+++depot+UE4-Releases+4.7
LogInit: API Version: 2455222
LogInit: Compiled (64-bit): Apr 15 2015 12:09:54
LogInit: Compiled with Visual C++: 18.00.21005.01
LogInit: Build Configuration: Development
LogInit: Branch Name: ++depot+UE4-Releases+4.7
LogInit: Command line:  
LogInit: Base directory: E:/Program Files/Epic Games/4.7/Engine/Binaries/Win64/
LogInit: Rocket: 1
[2015.04.26-03.20.42:602][  0]LogTaskGraph: Started task graph with 3 named threads and 6 total threads.
[2015.04.26-03.20.42:665][  0]LogOnline:Warning: No default platform service specified for OnlineSubsystem
[2015.04.26-03.20.42:697][  0]LogInit: Presizing for 0 objects not considered by GC, pre-allocating 0 bytes.
[2015.04.26-03.20.42:708][  0]LogInit: Object subsystem initialized
[2015.04.26-03.20.42:710][  0]LogConsoleResponse:Warning: Skipping Unknown console variable: 'TranslucentSortAxis = (X=0.000000,Y=-1.000000,Z=0.000000)'
[2015.04.26-03.20.42:710][  0]LogConsoleResponse:Warning:   Found in ini file 'E:/Documents/GitHub/God-Killer/Saved/Config/Windows/Engine.ini', in section '[/Script/Engine.RendererSettings]'
[2015.04.26-03.20.42:710][  0]LogConsoleResponse:Warning: Skipping Unknown console variable: 'UIScaleRule = ShortestSide'
[2015.04.26-03.20.42:710][  0]LogConsoleResponse:Warning:   Found in ini file 'E:/Documents/GitHub/God-Killer/Saved/Config/Windows/Engine.ini', in section '[/Script/Engine.RendererSettings]'
[2015.04.26-03.20.42:710][  0]LogConsoleResponse:Warning: Skipping Unknown console variable: 'UIScaleCurve = (EditorCurveData=(Keys=),ExternalCurve=None)'
[2015.04.26-03.20.42:710][  0]LogConsoleResponse:Warning:   Found in ini file 'E:/Documents/GitHub/God-Killer/Saved/Config/Windows/Engine.ini', in section '[/Script/Engine.RendererSettings]'
[2015.04.26-03.20.42:710][  0]LogInit: Selected Device Profile: [Windows]
[2015.04.26-03.20.42:710][  0]LogInit: Applying CVar settings loaded from the selected device profile: [Windows]
[2015.04.26-03.20.42:726][  0]LogInit: Computer: JOSEPH-PC
[2015.04.26-03.20.42:726][  0]LogInit: User: Joseph
[2015.04.26-03.20.42:726][  0]LogInit: CPU Page size=4096, Cores=4
[2015.04.26-03.20.42:726][  0]LogInit: High frequency timer resolution =3.919472 MHz
[2015.04.26-03.20.42:726][  0]LogMemory: Memory total: Physical=15.9GB (16GB approx) Virtual=8192.0GB
[2015.04.26-03.20.42:726][  0]LogMemory: Platform Memory Stats for Windows
[2015.04.26-03.20.42:726][  0]LogMemory: Process Physical Memory: 52.84 MB used, 52.84 MB peak
[2015.04.26-03.20.42:726][  0]LogMemory: Process Virtual Memory: 31.93 MB used, 31.93 MB peak
[2015.04.26-03.20.42:726][  0]LogMemory: Physical Memory: 4800.32 MB used, 16280.89 MB total
[2015.04.26-03.20.42:726][  0]LogMemory: Virtual Memory: 288.85 MB used, 8388608.00 MB total
[2015.04.26-03.20.42:808][  0]LogD3D11RHI: Found D3D11 adapter 0: AMD Radeon R9 200 Series (Feature Level 11_0)
[2015.04.26-03.20.42:808][  0]LogD3D11RHI: Adapter has 4073MB of dedicated video memory, 0MB of dedicated system memory, and 3840MB of shared system memory, 1 output[s]
[2015.04.26-03.20.42:808][  0]LogD3D11RHI: Chosen D3D11 Adapter Id = 0
[2015.04.26-03.20.42:816][  0]LogRHI: Texture pool is 1361 MB (70% of 1945 MB)
[2015.04.26-03.20.42:837][  0]LogD3D11RHI: Async texture creation disabled: no driver support
[2015.04.26-03.20.43:021][  0]LogTextLocalizationManager: The requested culture ('en_US') has no localization data; parent culture's ('en') localization data will be used.
[2015.04.26-03.20.43:090][  0]LogTextLocalizationManager:Warning: Loading localization resources contain conflicting entries for (Namespace:UICommands, Key:Save_ToolTip):
Resource: (E:/Program Files/Epic Games/4.7/Engine/Content/Localization/Editor/en/Editor.locres) Hash: (-29098895) String: (Saves the current level to disk)
Resource: (E:/Program Files/Epic Games/4.7/Engine/Content/Localization/Engine/en/Engine.locres) Hash: (-1280300587) String: (Save selected data to vlog file)
[2015.04.26-03.20.43:090][  0]LogTextLocalizationManager:Warning: Loading localization resources contain conflicting entries for (Namespace:ContentBrowser, Key:ImportAssetToolTip):
Resource: (E:/Program Files/Epic Games/4.7/Engine/Content/Localization/Editor/en/Editor.locres) Hash: (-630476809) String: (Import to {0}...)
Resource: (E:/Program Files/Epic Games/4.7/Engine/Content/Localization/Editor/en/Editor.locres) Hash: (1271782899) String: (Imports an asset from file to this folder.)
[2015.04.26-03.20.43:173][  0]LogContentStreaming: Texture pool size is 0.000000MB
[2015.04.26-03.20.46:622][  0]LogTargetPlatformManager:Display: Building Assets For Windows
[2015.04.26-03.20.47:938][  0]LogTargetPlatformManager:Display: Building Assets For Windows
[2015.04.26-03.20.48:047][  0]LogDerivedDataCache:Display: Max Cache Size: 512 MB
[2015.04.26-03.20.48:111][  0]LogDerivedDataCache: Loaded boot cache 0.06s 39MB C:/Users/Joseph/AppData/Local/UnrealEngine/4.7/DerivedDataCache/Boot.ddc.
[2015.04.26-03.20.48:112][  0]LogDerivedDataCache:Display: Loaded Boot cache: C:/Users/Joseph/AppData/Local/UnrealEngine/4.7/DerivedDataCache/Boot.ddc
[2015.04.26-03.20.48:112][  0]LogDerivedDataCache: FDerivedDataBackendGraph:  Pak pak cache file ../../../../../../Documents/GitHub/God-Killer/DerivedDataCache/DDC.ddp not found, will not use a pak cache.
[2015.04.26-03.20.48:112][  0]LogDerivedDataCache: Unable to find inner node Pak for hierarchical cache Hierarchy.
[2015.04.26-03.20.48:223][  0]LogDerivedDataCache:Display: Pak cache opened for reading ../../../Engine/DerivedDataCache/Compressed.ddp.
[2015.04.26-03.20.48:236][  0]LogDerivedDataCache: Using Local data cache path C:/Users/Joseph/AppData/Local/UnrealEngine/Common/DerivedDataCache: Writable
[2015.04.26-03.20.49:156][  0]LogMeshUtilities: No automatic mesh reduction module available
[2015.04.26-03.20.49:156][  0]LogMeshUtilities: No automatic mesh merging module available
[2015.04.26-03.20.49:796][  0]LogInit: WinSock: version 1.1 (2.2), MaxSocks=32767, MaxUdp=65467
[2015.04.26-03.20.49:979][  0]LogSlate:Warning: Failed to load font data from '../../../Engine/Content/Slate/Fonts/Roboto-Italic.ttf'
[2015.04.26-03.20.54:170][  0]UdpMessaging: Initializing bridge on interface 0.0.0.0:0 to multicast group 230.0.0.1:6666.
[2015.04.26-03.20.54:592][  0]SourceControl: Info Source control is disabled
[2015.04.26-03.20.54:592][  0]SourceControl: Info Source control is disabled
[2015.04.26-03.20.54:592][  0]SourceControl: Info Source control is disabled
[2015.04.26-03.20.54:592][  0]LogSourceControl: RunCommandInternalRaw: 'git version'
[2015.04.26-03.20.54:592][  0]LogSourceControl: RunCommandInternalRaw: ExecProcess ReturnCode=2 OutResults=''
[2015.04.26-03.20.54:611][  0]SourceControl: Info Source control is disabled
[2015.04.26-03.20.55:116][  0]LogObj: 24232 objects as part of root set at end of initial load.
[2015.04.26-03.20.55:116][  0]LogUObjectAllocator: 5137176 out of 0 bytes used by permanent object pool.
[2015.04.26-03.20.55:250][  0]LogEngine: Initializing Engine...
[2015.04.26-03.20.57:515][  0]LogInit: XAudio2 using '1 - LG ULTRAWIDE (AMD High Definition Audio Device)' : 2 channels at 48 kHz using 16 bits per sample (channel mask 0x3)
[2015.04.26-03.20.57:533][  0]LogInit: FAudioDevice initialized.
[2015.04.26-03.20.57:609][  0]LogAIModule: Creating AISystem for world NewWorld
[2015.04.26-03.20.57:642][  0]LogDerivedDataCache: Saved boot cache 0.03s 39MB C:/Users/Joseph/AppData/Local/UnrealEngine/4.7/DerivedDataCache/Boot.ddc.
[2015.04.26-03.20.57:651][  0]LogInit: Texture streaming: Enabled
[2015.04.26-03.20.57:831][  0]LogAnalytics: Creating configured Analytics provider AnalyticsET
[2015.04.26-03.20.57:831][  0]LogAnalytics: ET APIKey = Rocket.Release. APIServer = http://et2.epicgames.com/ET2/. AppVersion = 4.7.6-2513093+++depot+UE4-Releases+4.7
[2015.04.26-03.20.57:831][  0]LogAnalytics: ET APIKey = Rocket.Release. DataRouterUploadURL = https://datarouter-public-service-gamedev.ol.epicgames.net/datarouter/api/v1/public/data. AppVersion = 4.7.6-2513093+++depot+UE4-Releases+4.7
[2015.04.26-03.20.57:831][  0]LogAnalytics: SetUserId b9e16797403c47e8d8c7f7803aa9954f|fbedbf84e6654fb9830ed15a26abc575|2ed228c2-85a1-483a-b700-9447107bbaed
[2015.04.26-03.20.57:832][  0]LogAnalytics: AnalyticsET::StartSession [Rocket.Release]
[2015.04.26-03.20.57:904][  0]LogInit: Transaction tracking system initialized
[2015.04.26-03.20.58:275][  0]BlueprintLog: New page: Editor Load
[2015.04.26-03.20.58:340][  0]LogAssetRegistry: FAssetRegistry took 0.0103 seconds to start up
[2015.04.26-03.20.58:341][  0]LogDirectoryWatcher:Warning: Failed to begin reading directory changes for ../../../Engine/Plugins/Experimental/CharacterAI/Content/. Error: 0
[2015.04.26-03.20.59:755][  0]LogTargetPlatformManager:Display: Building Assets For Windows
[2015.04.26-03.21.00:673][  0]LogTargetPlatformManager:Display: Building Assets For Windows
[2015.04.26-03.21.01:223][  0]LogSlate:Warning: Failed to load font data from '../../../Engine/Content/Editor/Slate/Fonts/Roboto-Regular.ttf'
[2015.04.26-03.21.01:224][  0]LogSlate:Warning: Failed to load font data from '../../../Engine/Content/Editor/Slate/Fonts/Roboto-Bold.ttf'
[2015.04.26-03.21.01:242][  0]LogConsoleResponse:Display: 
[2015.04.26-03.21.01:519][  0]LogCook:Display: Done creating registry. It took  0.00s.
[2015.04.26-03.21.01:870][  0]SourceControl: Info Source control is disabled
[2015.04.26-03.21.01:870][  0]Cmd: MAP LOAD FILE="../../../../../../Documents/GitHub/God-Killer/Content/ThirdPersonBP/Maps/ThirdPersonExampleMap.umap" TEMPLATE=0 SHOWPROGRESS=1 FEATURELEVEL=3
[2015.04.26-03.21.01:873][  0]LightingResults: New page: Lighting Build
[2015.04.26-03.21.01:897][  0]MapCheck: New page: Map Check
[2015.04.26-03.21.01:897][  0]LightingResults: New page: Lighting Build
[2015.04.26-03.21.01:908][  0]LogParticles: Destroying 0 GPU particle simulations for FXSystem 0x0000000016210680
[2015.04.26-03.21.01:929][  0]LogLinker:Warning: Asset '../../../Engine/Content/EngineMeshes/Humanoid.uasset' has been saved with empty engine version. The asset will be loaded but may be incompatible.
[2015.04.26-03.21.04:614][  0]LogEditorServer: Finished looking for orphan Actors (0.000 secs)
[2015.04.26-03.21.05:796][  0]LogAIModule: Creating AISystem for world ThirdPersonExampleMap
[2015.04.26-03.21.05:797][  0]Cmd: MAP CHECKDEP
[2015.04.26-03.21.05:797][  0]MapCheck: New page: ThirdPersonExampleMap - Apr 25, 2015, 1:21:05 PM
[2015.04.26-03.21.05:988][  0]MapCheck: Info Map check complete: 0 Error(s), 0 Warning(s), took 190.548ms to complete.
[2015.04.26-03.21.05:988][  0]LogFileHelpers: Loading map 'ThirdPersonExampleMap' took 4.117
[2015.04.26-03.21.06:180][  0]LogCollectionManager: Loaded 0 collections in 0.002237 seconds
[2015.04.26-03.21.06:198][  0]LogContentBrowser: Native class hierarchy populated in 0.0181 seconds. Added 1696 classes and 261 folders.
[2015.04.26-03.21.06:265][  0]LogContentBrowser: Native class hierarchy updated for 'SceneOutliner' in 0.0068 seconds. Added 1 classes and 2 folders.
[2015.04.26-03.21.06:364][  0]LogCrashTracker: Crashtracker disabled due to settings.
[2015.04.26-03.21.06:365][  0]LogSlate:Warning: Failed to load font data from 'Veranda'
[2015.04.26-03.21.06:372][  0]LogUObjectGlobals:Warning: Failed to find object 'Class None.'
[2015.04.26-03.21.06:429][  0]LogLoad: Full Startup: 26.59 seconds (BP compile: 1.18 seconds)
[2015.04.26-03.21.06:796][  0]LogContentBrowser:Verbose: The content browser source was changed by the sources view to '/Game/Models/Rocks'
[2015.04.26-03.21.06:999][  0]LogRenderer:Warning: Reallocating scene render targets to support 32x32 (Frame:2).
[2015.04.26-03.21.07:181][  0]LogRenderer:Warning: Reallocating scene render targets to support 1560x600 (Frame:4).
[2015.04.26-03.21.08:348][  4]LogAssetRegistry: Asset discovery search completed in 10.0185 seconds
[2015.04.26-03.22.13:357][407]LogContentBrowser:Verbose: The content browser source was changed by the sources view to '/Game/Models'
[2015.04.26-03.22.15:927][660]LogEditorFactories: Performing atomic reimport of [E:/../Documents/GodKillerExports/newcave002.FBX]
[2015.04.26-03.22.15:928][660]LogFbx:Error: Call to FbxImporter::Initialize() failed.
[2015.04.26-03.22.15:928][660]LogFbx:Warning: Error returned: Unexpected file type
[2015.04.26-03.22.15:928][660]LogEditorFactories:Warning: -- import failed
[2015.04.26-03.22.19:144][  4]LogContentBrowser:Verbose: The content browser source was changed by the sources view to '/Game/Scene'
[2015.04.26-03.22.21:488][229]Cmd: MAP LOAD FILE="../../../../../../Documents/GitHub/God-Killer/Content/Scene/NewCave.umap" TEMPLATE=0 SHOWPROGRESS=1 FEATURELEVEL=3
[2015.04.26-03.22.21:488][229]LightingResults: New page: Lighting Build
[2015.04.26-03.22.21:550][229]LoadErrors: New page: Loading map: NewCave.umap
[2015.04.26-03.22.21:552][229]MapCheck: New page: Map Check
[2015.04.26-03.22.21:552][229]LightingResults: New page: Lighting Build
[2015.04.26-03.22.21:565][229]LogParticles: Destroying 0 GPU particle simulations for FXSystem 0x000000000E2AE200
[2015.04.26-03.22.21:712][229]LogEditorServer: Finished looking for orphan Actors (0.000 secs)
[2015.04.26-03.22.21:734][229]LogAIModule: Creating AISystem for world NewCave
[2015.04.26-03.22.21:761][229]Cmd: MAP CHECKDEP
[2015.04.26-03.22.21:761][229]MapCheck: New page: NewCave - Apr 25, 2015, 1:22:21 PM
[2015.04.26-03.22.21:979][229]MapCheck: Info Map check complete: 0 Error(s), 0 Warning(s), took 217.394ms to complete.
[2015.04.26-03.22.21:981][229]LogFileHelpers: Loading map 'NewCave' took 0.495
[2015.04.26-03.22.31:242][317]LogEditorViewport: Clicking on Actor (context menu): StaticMeshActor (newcave002)
[2015.04.26-03.22.35:906][845]LogContentBrowser:Verbose: The content browser source was changed by the sources view to '/Game/Models'
[2015.04.26-03.22.38:508][ 91]LogEditorViewport: Clicking on Actor (LMB): StaticMeshActor (newcave002)
[2015.04.26-03.22.39:208][167]Cmd: DELETE
[2015.04.26-03.22.39:208][167]Cmd: ACTOR DELETE
[2015.04.26-03.22.39:232][167]LogEditorActor: Deleted Actor: StaticMeshActor
[2015.04.26-03.22.39:251][167]LogEditorActor: Deleted 1 Actors (0.043 secs)
[2015.04.26-03.22.44:988][483]LogFactory: FactoryCreateBinary: StaticMesh with FbxFactory (0 0 ../../../../../../Documents/GodKillerExports/newcave002.FBX)
[2015.04.26-03.22.44:992][483]LogFbx: ItemName: GlobalSettings, ItemCount : 1
[2015.04.26-03.22.44:992][483]LogFbx: ItemName: AnimationStack, ItemCount : 1
[2015.04.26-03.22.44:992][483]LogFbx: ItemName: AnimationLayer, ItemCount : 1
[2015.04.26-03.22.44:992][483]LogFbx: ItemName: Model, ItemCount : 1
[2015.04.26-03.22.44:992][483]LogFbx: ItemName: Geometry, ItemCount : 1
[2015.04.26-03.22.44:992][483]LogFbx: ItemName: Material, ItemCount : 1
[2015.04.26-03.22.44:992][483]LogFbx: ItemName: CollectionExclusive, ItemCount : 1
[2015.04.26-03.22.46:484][483]LogFbx: Loading FBX Scene from ../../../../../../Documents/GodKillerExports/newcave002.FBX
[2015.04.26-03.22.46:496][483]LogFbx: FBX Scene Loaded Succesfully
[2015.04.26-03.22.46:499][483]LogFbx:Warning: Triangulating static mesh Box004
[2015.04.26-03.22.48:244][483]LogFbx: == Initial material list:
[2015.04.26-03.22.48:244][483]LogFbx: 0: 08 - Default
[2015.04.26-03.22.48:244][483]LogFbx: == After sorting:
[2015.04.26-03.22.48:244][483]LogFbx: 0: 08 - Default
[2015.04.26-03.22.48:244][483]LogFbx: == Mapping table:
[2015.04.26-03.22.48:244][483]LogFbx:   sort 0 -> 0
[2015.04.26-03.22.48:249][483]LogStaticMesh: Building static mesh newcave002...
[2015.04.26-03.22.49:213][483]LogStaticMesh: Built static mesh [963.619873ms] /Game/Models/newcave002.newcave002
[2015.04.26-03.22.49:322][483]LogContentBrowser:Verbose: The content browser source was changed by the sources view to 'None'
[2015.04.26-03.22.49:322][483]LogContentBrowser:Verbose: The content browser source was changed by the sources view to '/Game/Models'
[2015.04.26-03.22.50:358][585]LogActorFactory: Actor Factory created newcave002
[2015.04.26-03.22.50:747][627]LogActorFactory: Actor Factory created newcave002
[2015.04.26-03.22.55:742][142]LogRenderer:Warning: Reallocating scene render targets to support 1560x632 (Frame:4652).
[2015.04.26-03.22.57:543][279]LogContentBrowser:Verbose: The content browser source was changed by the sources view to '/Game/Models/Rocks'
[2015.04.26-03.23.09:683][250]LogStaticMesh: Building static mesh newcave002...
[2015.04.26-03.23.10:637][250]LogStaticMesh: Built static mesh [954.052490ms] /Game/Models/newcave002.newcave002
[2015.04.26-03.24.06:185][337]LogContentBrowser:Verbose: The content browser source was changed by the sources view to '/Game/Models'
[2015.04.26-03.24.12:669][839]LogStaticMesh: Building static mesh newcave002...
[2015.04.26-03.24.13:670][839]LogStaticMesh: Built static mesh [1001.655334ms] /Game/Models/newcave002.newcave002
[2015.04.26-03.24.24:641][872]LogEditorViewport: Clicking on Actor (LMB): StaticMeshActor (LevelMap)
[2015.04.26-03.24.30:901][491]Cmd: DELETE
[2015.04.26-03.24.30:901][491]Cmd: ACTOR DELETE
[2015.04.26-03.24.30:917][491]LogEditorActor: Deleted Actor: StaticMeshActor
[2015.04.26-03.24.30:934][491]LogEditorActor: Deleted 1 Actors (0.033 secs)
[2015.04.26-03.24.36:609][ 99]LogTexture:Display: Building textures: Texture2D_2 (G8)
[2015.04.26-03.24.40:916][479]LogTexture:Display: Building textures: Texture2D_3 (BGRA8)
[2015.04.26-03.24.41:003][480]Cmd: UpdateLandscapeEditorData
[2015.04.26-03.24.56:606][264]LogPlayLevel: PIE:  No blueprints needed recompiling
[2015.04.26-03.24.56:606][264]PIE: New page: PIE session: NewCave (Apr 25, 2015, 1:24:56 PM)
[2015.04.26-03.24.56:658][264]LogPlayLevel: PIE: StaticDuplicateObject took: (0.051571s)
[2015.04.26-03.24.56:659][264]LogPlayLevel: PIE: World Init took: (0.000825s)
[2015.04.26-03.24.56:659][264]LogPlayLevel: PIE: Created PIE world by copying editor world from /Game/Scene/NewCave.NewCave to /Game/Scene/UEDPIE_0_NewCave.NewCave (0.052576s)
[2015.04.26-03.24.56:714][264]LogWorld: Game class is 'ThirdPersonGameMode_C'
[2015.04.26-03.24.56:718][264]LogAIModule: Creating AISystem for world NewCave
[2015.04.26-03.24.56:755][264]LogWorld: Bringing World /Game/Scene/UEDPIE_0_NewCave.NewCave up for play (max tick rate 0) at 2015.04.25-20.24.56
[2015.04.26-03.24.56:756][264]LogWorld: Bringing up level for play took: 0.037301
[2015.04.26-03.24.56:806][264]PIE: Info Play in editor start time for /Game/Scene/UEDPIE_0_NewCave -0.198
[2015.04.26-03.24.58:096][398]LogParticles: Destroying 0 GPU particle simulations for FXSystem 0x00000000482A1300
[2015.04.26-03.25.04:494][ 14]LogPlayLevel: PIE:  No blueprints needed recompiling
[2015.04.26-03.25.04:494][ 14]PIE: New page: PIE session: NewCave (Apr 25, 2015, 1:25:04 PM)
[2015.04.26-03.25.04:545][ 14]LogPlayLevel: PIE: StaticDuplicateObject took: (0.050779s)
[2015.04.26-03.25.04:546][ 14]LogPlayLevel: PIE: World Init took: (0.000773s)
[2015.04.26-03.25.04:546][ 14]LogPlayLevel: PIE: Created PIE world by copying editor world from /Game/Scene/NewCave.NewCave to /Game/Scene/UEDPIE_0_NewCave.NewCave (0.051717s)
[2015.04.26-03.25.04:589][ 14]LogWorld: Game class is 'ThirdPersonGameMode_C'
[2015.04.26-03.25.04:592][ 14]LogAIModule: Creating AISystem for world NewCave
[2015.04.26-03.25.04:629][ 14]LogWorld: Bringing World /Game/Scene/UEDPIE_0_NewCave.NewCave up for play (max tick rate 0) at 2015.04.25-20.25.04
[2015.04.26-03.25.04:630][ 14]LogWorld: Bringing up level for play took: 0.037417
[2015.04.26-03.25.04:634][ 14]PIE: Info Play in editor start time for /Game/Scene/UEDPIE_0_NewCave -0.37
[2015.04.26-03.25.08:083][417]LogParticles: Destroying 0 GPU particle simulations for FXSystem 0x0000000011F3D3A0
[2015.04.26-03.25.08:108][418]LogParticles: Destroying 0 GPU particle simulations for FXSystem 0x000000000D7DD1C0
[2015.04.26-03.27.25:561][636]LogEditorViewport: Clicking on Actor (LMB): StaticMeshActor (newcave002)
[2015.04.26-03.27.26:409][727]Cmd: DELETE
[2015.04.26-03.27.26:409][727]Cmd: ACTOR DELETE
[2015.04.26-03.27.26:425][727]LogEditorActor: Deleted Actor: StaticMeshActor
[2015.04.26-03.27.26:443][727]LogEditorActor: Deleted 1 Actors (0.033 secs)
[2015.04.26-03.27.34:365][231]LogFactory: FactoryCreateBinary: StaticMesh with FbxFactory (0 0 ../../../../../../Documents/GodKillerExports/newcave002.FBX)
[2015.04.26-03.27.34:369][231]LogFbx: ItemName: GlobalSettings, ItemCount : 1
[2015.04.26-03.27.34:369][231]LogFbx: ItemName: AnimationStack, ItemCount : 1
[2015.04.26-03.27.34:369][231]LogFbx: ItemName: AnimationLayer, ItemCount : 1
[2015.04.26-03.27.34:369][231]LogFbx: ItemName: Model, ItemCount : 1
[2015.04.26-03.27.34:369][231]LogFbx: ItemName: Geometry, ItemCount : 1
[2015.04.26-03.27.34:369][231]LogFbx: ItemName: Material, ItemCount : 1
[2015.04.26-03.27.34:369][231]LogFbx: ItemName: Texture, ItemCount : 1
[2015.04.26-03.27.34:369][231]LogFbx: ItemName: CollectionExclusive, ItemCount : 1
[2015.04.26-03.27.34:369][231]LogFbx: ItemName: Video, ItemCount : 1
[2015.04.26-03.27.35:808][231]LogFbx: Loading FBX Scene from ../../../../../../Documents/GodKillerExports/newcave002.FBX
[2015.04.26-03.27.35:821][231]LogFbx: FBX Scene Loaded Succesfully
[2015.04.26-03.27.35:824][231]LogFbx:Warning: Triangulating static mesh Box004
[2015.04.26-03.27.37:587][231]LogFbx: == Initial material list:
[2015.04.26-03.27.37:587][231]LogFbx: 0: 09 - Default
[2015.04.26-03.27.37:587][231]LogFbx: == After sorting:
[2015.04.26-03.27.37:587][231]LogFbx: 0: 09 - Default
[2015.04.26-03.27.37:587][231]LogFbx: == Mapping table:
[2015.04.26-03.27.37:587][231]LogFbx:   sort 0 -> 0
[2015.04.26-03.27.37:592][231]LogStaticMesh: Building static mesh newcave002...
[2015.04.26-03.27.38:519][231]LogStaticMesh: Built static mesh [928.252075ms] /Game/Models/newcave002.newcave002
[2015.04.26-03.27.38:636][231]LogContentBrowser:Verbose: The content browser source was changed by the sources view to 'None'
[2015.04.26-03.27.38:636][231]LogContentBrowser:Verbose: The content browser source was changed by the sources view to '/Game/Models'
[2015.04.26-03.27.43:112][675]LogActorFactory: Actor Factory created newcave002
[2015.04.26-03.27.43:499][711]LogActorFactory: Actor Factory created newcave002
[2015.04.26-03.27.56:707][927]LogContentBrowser:Verbose: The content browser source was changed by the sources view to '/Game/Models/Rocks'
[2015.04.26-03.28.09:964][945]LogStaticMesh: Building static mesh newcave002...
[2015.04.26-03.28.10:889][945]LogStaticMesh: Built static mesh [925.533081ms] /Game/Models/newcave002.newcave002
[2015.04.26-03.28.10:934][945]LogPhysics:Warning: PHYSX: ..\..\PhysXExtensions\src\ExtRigidBodyExt.cpp (234) 4 : computeMassAndInertia: Dynamic actor with illegal collision shapes
[2015.04.26-03.28.10:934][945]LogPhysics:Warning: PHYSX: ..\..\PhysXExtensions\src\ExtRigidBodyExt.cpp (283) 4 : PxRigidBodyExt::updateMassAndInertia: Mass and inertia computation failed, setting mass to 1 and inertia to (1,1,1)
[2015.04.26-03.29.37:434][692]LogEditorViewport: Clicking on Actor (LMB): StaticMeshActor (newcave002)
[2015.04.26-03.29.38:169][770]Cmd: DELETE
[2015.04.26-03.29.38:169][770]Cmd: ACTOR DELETE
[2015.04.26-03.29.38:185][770]LogEditorActor: Deleted Actor: StaticMeshActor
[2015.04.26-03.29.38:198][770]LogParticles: Destroying 0 GPU particle simulations for FXSystem 0x000000000D903060
[2015.04.26-03.29.38:202][770]LogEditorActor: Deleted 1 Actors (0.033 secs)
[2015.04.26-03.29.39:537][928]LogContentBrowser:Verbose: The content browser source was changed by the sources view to '/Game/Models'
[2015.04.26-03.29.46:354][354]LogFactory: FactoryCreateBinary: StaticMesh with FbxFactory (0 0 ../../../../../../Documents/GodKillerExports/newcave002.FBX)
[2015.04.26-03.29.46:358][354]LogFbx: ItemName: GlobalSettings, ItemCount : 1
[2015.04.26-03.29.46:358][354]LogFbx: ItemName: AnimationStack, ItemCount : 1
[2015.04.26-03.29.46:358][354]LogFbx: ItemName: AnimationLayer, ItemCount : 1
[2015.04.26-03.29.46:358][354]LogFbx: ItemName: Model, ItemCount : 1
[2015.04.26-03.29.46:358][354]LogFbx: ItemName: Geometry, ItemCount : 1
[2015.04.26-03.29.46:358][354]LogFbx: ItemName: Material, ItemCount : 1
[2015.04.26-03.29.46:358][354]LogFbx: ItemName: Texture, ItemCount : 1
[2015.04.26-03.29.46:358][354]LogFbx: ItemName: Video, ItemCount : 1
[2015.04.26-03.29.47:759][354]LogFbx: Loading FBX Scene from ../../../../../../Documents/GodKillerExports/newcave002.FBX
[2015.04.26-03.29.47:772][354]LogFbx: FBX Scene Loaded Succesfully
[2015.04.26-03.29.47:775][354]LogFbx:Warning: Triangulating static mesh Box004
[2015.04.26-03.29.49:517][354]LogFbx: == Initial material list:
[2015.04.26-03.29.49:517][354]LogFbx: 0: 09 - Default
[2015.04.26-03.29.49:517][354]LogFbx: == After sorting:
[2015.04.26-03.29.49:517][354]LogFbx: 0: 09 - Default
[2015.04.26-03.29.49:517][354]LogFbx: == Mapping table:
[2015.04.26-03.29.49:517][354]LogFbx:   sort 0 -> 0
[2015.04.26-03.29.49:522][354]LogStaticMesh: Building static mesh newcave002...
[2015.04.26-03.29.49:656][354]LogStaticMesh: Built static mesh [135.050583ms] /Game/Models/newcave002.newcave002
[2015.04.26-03.29.49:774][354]LogContentBrowser:Verbose: The content browser source was changed by the sources view to 'None'
[2015.04.26-03.29.49:775][354]LogContentBrowser:Verbose: The content browser source was changed by the sources view to '/Game/Models'
[2015.04.26-03.29.53:670][669]LogContentBrowser:Verbose: The content browser source was changed by the sources view to '/Game/Models/Rocks'
[2015.04.26-03.30.00:518][273]LogStaticMesh: Building static mesh newcave002...
[2015.04.26-03.30.00:653][273]LogStaticMesh: Built static mesh [135.004150ms] /Game/Models/newcave002.newcave002
[2015.04.26-03.30.07:151][887]LogContentBrowser:Verbose: The content browser source was changed by the sources view to '/Game/Models'
[2015.04.26-03.30.08:092][974]LogActorFactory: Actor Factory created newcave002
[2015.04.26-03.30.09:711][152]LogActorFactory: Actor Factory created newcave002
[2015.04.26-03.31.12:625][710]Cmd: OBJ SAVEPACKAGE PACKAGE="/Game/Scene/NewCave" FILE="../../../../../../Documents/GitHub/God-Killer/Content/Scene/NewCave.umap" SILENT=true AUTOSAVING=false KEEPDIRTY=false
[2015.04.26-03.31.12:640][710]LogParticles: Destroying 0 GPU particle simulations for FXSystem 0x0000000043716480
[2015.04.26-03.31.13:238][710]LogSavePackage: Save=578.440186ms
[2015.04.26-03.31.13:238][710]LogSavePackage: Moving '../../../../../../Documents/GitHub/God-Killer/Saved/NewCaveAF1D4DA24B475E5FE280B5A9F8F252CE.tmp' to '../../../../../../Documents/GitHub/God-Killer/Content/Scene/NewCave.umap'
[2015.04.26-03.31.15:675][796]Cmd: OBJ SAVEPACKAGE PACKAGE="/Game/Models/newcave002" FILE="../../../../../../Documents/GitHub/God-Killer/Content/Models/newcave002.uasset" SILENT=true
[2015.04.26-03.31.15:886][796]LogSavePackage: Save=207.784363ms
[2015.04.26-03.31.15:886][796]LogSavePackage: Moving '../../../../../../Documents/GitHub/God-Killer/Saved/newcave002D8FCE63346482469D92292BEA369FEC9.tmp' to '../../../../../../Documents/GitHub/God-Killer/Content/Models/newcave002.uasset'
[2015.04.26-03.31.17:791][992]MapCheck: New page: Map Check
[2015.04.26-03.31.17:821][992]Cmd: MAP REBUILD ALLVISIBLE
[2015.04.26-03.31.17:821][992]LogEditorServer: Rebuildmap Clear paths rebuilt
[2015.04.26-03.31.17:911][992]LightingResults: New page: Lighting Build - Apr 25, 2015, 1:31:17 PM
[2015.04.26-03.31.24:100][992]LogStaticLightingSystem: Running Lightmass w/ ImmediateImport mode ENABLED
[2015.04.26-03.31.24:100][992]LogStaticLightingSystem: Running Lightmass w/ ImmediateProcess mode ENABLED
[2015.04.26-03.31.24:100][992]LogStaticLightingSystem: Running Lightmass w/ Sorting mode ENABLED
[2015.04.26-03.31.24:100][992]LogStaticLightingSystem: Running Lightmass w/ Mapping paddings ENABLED
[2015.04.26-03.31.24:100][992]LogStaticLightingSystem: Running Lightmass w/ Mapping debug paddings DISABLED
[2015.04.26-03.31.24:615][992]LogEditorBuildUtils: Build time 0:00:06
[2015.04.26-03.31.24:683][993]Cmd: UpdateLandscapeEditorData
[2015.04.26-03.31.25:155][  5]LogMaterial: Missing cached shader map for material FLightmassMaterialRenderer Rock, compiling. 
[2015.04.26-03.31.25:162][  5]LogMaterial: Missing cached shader map for material FLightmassMaterialRenderer Rock, compiling. 
[2015.04.26-03.31.43:438][492]LightingResults:Error: Error Lanturn001 Object has overlapping UVs.
[2015.04.26-03.31.43:449][493]LightingResults: Info Lanturn001 Lightmap UV are overlapping by 22.2%. Please adjust content - Enable Error Coloring to visualize.
[2015.04.26-03.31.44:016][543]LightingResults:Error: Error Lanturn001 Object has overlapping UVs.
[2015.04.26-03.31.44:017][543]LightingResults: Info Lanturn001 Lightmap UV are overlapping by 22.2%. Please adjust content - Enable Error Coloring to visualize.
[2015.04.26-03.31.44:206][560]LightingResults:Error: Error Lanturn001 Object has overlapping UVs.
[2015.04.26-03.31.44:206][560]LightingResults: Info Lanturn001 Lightmap UV are overlapping by 22.2%. Please adjust content - Enable Error Coloring to visualize.
[2015.04.26-03.31.45:835][712]Job is a success!
[2015.04.26-03.31.46:428][713]LogTexture:Display: Building textures: HQ_Lightmap0_1 (AutoDXT)
[2015.04.26-03.31.46:468][713]LogTexture:Display: Building textures: LQ_Lightmap_0_21 (DXT1)
[2015.04.26-03.31.46:475][713]LogTexture:Display: Building textures: HQ_Lightmap0_21 (AutoDXT)
[2015.04.26-03.31.46:484][713]LogTexture:Display: Building textures: LQ_Lightmap_1_20 (DXT1)
[2015.04.26-03.31.46:493][713]LogTexture:Display: Building textures: HQ_Lightmap1_20 (AutoDXT)
[2015.04.26-03.31.46:504][713]LogTexture:Display: Building textures: LQ_Lightmap_1_19 (DXT1)
[2015.04.26-03.31.46:507][713]LogTexture:Display: Building textures: HQ_Lightmap1_19 (AutoDXT)
[2015.04.26-03.31.46:513][713]LogTexture:Display: Building textures: LQ_Lightmap_0_18 (DXT1)
[2015.04.26-03.31.46:516][713]LogTexture:Display: Building textures: HQ_Lightmap0_18 (AutoDXT)
[2015.04.26-03.31.46:520][713]LogTexture:Display: Building textures: LQ_Lightmap_0_17 (DXT1)
[2015.04.26-03.31.46:525][713]LogTexture:Display: Building textures: HQ_Lightmap0_17 (AutoDXT)
[2015.04.26-03.31.46:532][713]LogTexture:Display: Building textures: LQ_Lightmap_0_16 (DXT1)
[2015.04.26-03.31.46:539][713]LogTexture:Display: Building textures: HQ_Lightmap0_16 (AutoDXT)
[2015.04.26-03.31.46:548][713]LogTexture:Display: Building textures: LQ_Lightmap_0_15 (DXT1)
[2015.04.26-03.31.46:555][713]LogTexture:Display: Building textures: HQ_Lightmap0_15 (AutoDXT)
[2015.04.26-03.31.46:566][713]LogTexture:Display: Building textures: LQ_Lightmap_0_14 (DXT1)
[2015.04.26-03.31.46:607][713]LogTexture:Display: Building textures: HQ_Lightmap0_14 (AutoDXT)
[2015.04.26-03.31.46:661][713]LogTexture:Display: Building textures: LQ_Lightmap_0_13 (DXT1)
[2015.04.26-03.31.46:672][713]LogTexture:Display: Building textures: HQ_Lightmap0_13 (AutoDXT)
[2015.04.26-03.31.46:686][713]LogTexture:Display: Building textures: LQ_Lightmap_0_12 (DXT1)
[2015.04.26-03.31.46:709][713]LogTexture:Display: Building textures: HQ_Lightmap0_12 (AutoDXT)
[2015.04.26-03.31.46:754][713]LogTexture:Display: Building textures: LQ_Lightmap_0_11 (DXT1)
[2015.04.26-03.31.46:773][713]LogTexture:Display: Building textures: HQ_Lightmap0_11 (AutoDXT)
[2015.04.26-03.31.46:797][713]LogTexture:Display: Building textures: LQ_Lightmap_0_10 (DXT1)
[2015.04.26-03.31.46:815][713]LogTexture:Display: Building textures: HQ_Lightmap0_10 (AutoDXT)
[2015.04.26-03.31.46:843][713]LogTexture:Display: Building textures: LQ_Lightmap_0_9 (DXT1)
[2015.04.26-03.31.46:844][713]LogTexture:Display: Building textures: HQ_Lightmap0_9 (AutoDXT)
[2015.04.26-03.31.46:847][713]LogTexture:Display: Building textures: LQ_Lightmap_0_8 (DXT1)
[2015.04.26-03.31.46:854][713]LogTexture:Display: Building textures: HQ_Lightmap0_8 (AutoDXT)
[2015.04.26-03.31.46:864][713]LogTexture:Display: Building textures: LQ_Lightmap_0_7 (DXT1)
[2015.04.26-03.31.46:868][713]LogTexture:Display: Building textures: HQ_Lightmap0_7 (AutoDXT)
[2015.04.26-03.31.46:873][713]LogTexture:Display: Building textures: LQ_Lightmap_0_6 (DXT1)
[2015.04.26-03.31.46:879][713]LogTexture:Display: Building textures: HQ_Lightmap0_6 (AutoDXT)
[2015.04.26-03.31.46:887][713]LogTexture:Display: Building textures: LQ_Lightmap_0_5 (DXT1)
[2015.04.26-03.31.46:893][713]LogTexture:Display: Building textures: HQ_Lightmap0_5 (AutoDXT)
[2015.04.26-03.31.46:902][713]LogTexture:Display: Building textures: LQ_Lightmap_0_4 (DXT1)
[2015.04.26-03.31.46:908][713]LogTexture:Display: Building textures: HQ_Lightmap0_4 (AutoDXT)
[2015.04.26-03.31.46:917][713]LogTexture:Display: Building textures: LQ_Lightmap_0_3 (DXT1)
[2015.04.26-03.31.46:923][713]LogTexture:Display: Building textures: HQ_Lightmap0_3 (AutoDXT)
[2015.04.26-03.31.46:931][713]LogTexture:Display: Building textures: LQ_Lightmap_0_2 (DXT1)
[2015.04.26-03.31.46:938][713]LogTexture:Display: Building textures: HQ_Lightmap0_2 (AutoDXT)
[2015.04.26-03.31.46:950][713]LogTexture:Display: Building textures: LQ_Lightmap_0_1 (DXT1)
[2015.04.26-03.31.47:050][713]Lightmass on JOSEPH-PC: 18.3 sec total, 605 ms importing, 1.45 sec setup, 3.73 sec photons, 12.5 sec processing, 0 ms extra exporting [108/108 mappings]. Threads: 1:27 min total, 1:03 min processing.
[2015.04.26-03.31.47:133][713]LogStaticLightingSystem: Illumination: 29.2 sec (629 ms encoding lightmaps)
[2015.04.26-03.31.47:133][713]LogStaticLightingSystem: Lightmap texture memory:  0.9 MB (0.6 MB streaming, 0.3 MB non-streaming), 42 textures
[2015.04.26-03.31.47:133][713]LogStaticLightingSystem: Shadowmap texture memory: 0.0 MB (0.0 MB streaming, 0.0 MB non-streaming), 0 textures
[2015.04.26-03.31.48:134][714]Cmd: UpdateLandscapeEditorData
[2015.04.26-03.31.48:135][714]Cmd: MAP CHECK NOTIFYRESULTS
[2015.04.26-03.31.48:136][714]MapCheck: New page: NewCave - Apr 25, 2015, 1:31:48 PM
[2015.04.26-03.31.48:140][714]MapCheck:Error: Error newcave_4 Component is a static type but has invalid lightmap settings!  Indirect lighting will be black.  Common causes are lightmap resolution of 0, LightmapCoordinateIndex out of bounds. 
[2015.04.26-03.31.48:140][714]MapCheck:Warning: Warning newcave_4 Static mesh actor has NULL StaticMesh property 
[2015.04.26-03.31.48:140][714]MapCheck:Warning: Warning newcave_4 Static mesh actor has NULL StaticMesh property 
[2015.04.26-03.31.48:375][714]MapCheck: Info Map check complete: 1 Error(s), 2 Warning(s), took 239.506ms to complete.
[2015.04.26-03.31.52:063][ 44]LogEditorViewport: Clicking on Actor (LMB): StaticMeshActor (newcave002)
[2015.04.26-03.31.54:584][288]LogPlayLevel: PIE:  No blueprints needed recompiling
[2015.04.26-03.31.54:584][288]PIE: New page: PIE session: NewCave (Apr 25, 2015, 1:31:54 PM)
[2015.04.26-03.31.54:629][288]LogPlayLevel: PIE: StaticDuplicateObject took: (0.044718s)
[2015.04.26-03.31.54:630][288]LogPlayLevel: PIE: World Init took: (0.000794s)
[2015.04.26-03.31.54:630][288]LogPlayLevel: PIE: Created PIE world by copying editor world from /Game/Scene/NewCave.NewCave to /Game/Scene/UEDPIE_0_NewCave.NewCave (0.045681s)
[2015.04.26-03.31.54:666][288]LogWorld: Game class is 'ThirdPersonGameMode_C'
[2015.04.26-03.31.54:669][288]LogAIModule: Creating AISystem for world NewCave
[2015.04.26-03.31.54:705][288]LogWorld: Bringing World /Game/Scene/UEDPIE_0_NewCave.NewCave up for play (max tick rate 0) at 2015.04.25-20.31.54
[2015.04.26-03.31.54:706][288]LogWorld: Bringing up level for play took: 0.036666
[2015.04.26-03.31.54:710][288]PIE: Info Play in editor start time for /Game/Scene/UEDPIE_0_NewCave -0.3
[2015.04.26-03.31.54:913][307]LogTexture:Warning: Failed to stream mip data from the derived data cache for /Game/Scene/NewCave.HQ_Lightmap0_25. Streaming mips will be recached.
[2015.04.26-03.31.54:915][307]LogTexture:Display: Building textures: HQ_Lightmap0_25 (AutoDXT)
[2015.04.26-03.31.55:025][307]LogTexture:Warning: Failed to stream mip data from the derived data cache for /Game/Scene/NewCave.HQ_Lightmap0_19. Streaming mips will be recached.
[2015.04.26-03.31.55:026][307]LogTexture:Display: Building textures: HQ_Lightmap0_19 (AutoDXT)
[2015.04.26-03.32.02:530][176]LogParticles: Destroying 0 GPU particle simulations for FXSystem 0x000000000D7128E0
[2015.04.26-03.32.03:110][239]LogEditorViewport: Clicking on Actor (LMB): StaticMeshActor (newcave002)
[2015.04.26-03.32.11:425][ 86]LogPlayLevel: PIE:  No blueprints needed recompiling
[2015.04.26-03.32.11:425][ 86]PIE: New page: PIE session: NewCave (Apr 25, 2015, 1:32:11 PM)
[2015.04.26-03.32.11:465][ 86]LogPlayLevel: PIE: StaticDuplicateObject took: (0.038777s)
[2015.04.26-03.32.11:465][ 86]LogPlayLevel: PIE: World Init took: (0.000747s)
[2015.04.26-03.32.11:465][ 86]LogPlayLevel: PIE: Created PIE world by copying editor world from /Game/Scene/NewCave.NewCave to /Game/Scene/UEDPIE_0_NewCave.NewCave (0.039691s)
[2015.04.26-03.32.11:500][ 86]LogWorld: Game class is 'ThirdPersonGameMode_C'
[2015.04.26-03.32.11:503][ 86]LogAIModule: Creating AISystem for world NewCave
[2015.04.26-03.32.11:539][ 86]LogWorld: Bringing World /Game/Scene/UEDPIE_0_NewCave.NewCave up for play (max tick rate 0) at 2015.04.25-20.32.11
[2015.04.26-03.32.11:540][ 86]LogWorld: Bringing up level for play took: 0.037168
[2015.04.26-03.32.11:545][ 86]PIE: Info Play in editor start time for /Game/Scene/UEDPIE_0_NewCave 0.534
[2015.04.26-03.32.24:783][650]LogParticles: Destroying 0 GPU particle simulations for FXSystem 0x000000000BBC0FE0
[2015.04.26-03.32.28:414][870]Cmd: OBJ SAVEPACKAGE PACKAGE="/Game/Scene/NewCave" FILE="../../../../../../Documents/GitHub/God-Killer/Content/Scene/NewCave.umap" SILENT=true AUTOSAVING=false KEEPDIRTY=false
[2015.04.26-03.32.28:817][870]LogSavePackage: Save=376.756104ms
[2015.04.26-03.32.28:818][870]LogSavePackage: Moving '../../../../../../Documents/GitHub/God-Killer/Saved/NewCaveDAC80F6044852E35BB513FA964278577.tmp' to '../../../../../../Documents/GitHub/God-Killer/Content/Scene/NewCave.umap'
[2015.04.26-03.32.28:854][870]LogFileHelpers: Saving map 'NewCave' took 0.676
[2015.04.26-03.32.31:009][ 51]Cmd: QUIT_EDITOR
[2015.04.26-03.32.31:253][ 51]LogExit: Preparing to exit.
[2015.04.26-03.32.32:347][ 51]LogExit: Editor shut down
[2015.04.26-03.32.32:347][ 51]LogExit: Transaction tracking system shut down
[2015.04.26-03.32.32:350][ 51]LogParticles: Destroying 0 GPU particle simulations for FXSystem 0x000000000BAD5DA0
[2015.04.26-03.32.32:350][ 51]LogParticles: Destroying 0 GPU particle simulations for FXSystem 0x000000000E15D080
[2015.04.26-03.32.32:350][ 51]LogParticles: Destroying 0 GPU particle simulations for FXSystem 0x0000000047B7D080
[2015.04.26-03.32.32:350][ 51]LogParticles: Destroying 0 GPU particle simulations for FXSystem 0x000000000E2AC5E0
[2015.04.26-03.32.32:401][ 51]LogExit: Object subsystem successfully closed.
[2015.04.26-03.32.32:494][ 51]LogModuleManager: Shutting down and abandoning module StaticMeshEditor (178)
[2015.04.26-03.32.32:494][ 51]LogModuleManager: Shutting down and abandoning module CrashTracker (177)
[2015.04.26-03.32.32:494][ 51]LogModuleManager: Shutting down and abandoning module SuperSearch (176)
[2015.04.26-03.32.32:494][ 51]LogModuleManager: Shutting down and abandoning module SceneOutliner (175)
[2015.04.26-03.32.32:494][ 51]LogModuleManager: Shutting down and abandoning module EditorWidgets (174)
[2015.04.26-03.32.32:494][ 51]LogModuleManager: Shutting down and abandoning module CollectionManager (173)
[2015.04.26-03.32.32:494][ 51]LogModuleManager: Shutting down and abandoning module StatsViewer (172)
[2015.04.26-03.32.32:494][ 51]LogModuleManager: Shutting down and abandoning module FoliageEdit (171)
[2015.04.26-03.32.32:495][ 51]LogModuleManager: Shutting down and abandoning module LandscapeEditor (170)
[2015.04.26-03.32.32:495][ 51]LogModuleManager: Shutting down and abandoning module MeshPaint (169)
[2015.04.26-03.32.32:495][ 51]LogModuleManager: Shutting down and abandoning module ActorPickerMode (168)
[2015.04.26-03.32.32:495][ 51]LogModuleManager: Shutting down and abandoning module GeometryMode (167)
[2015.04.26-03.32.32:495][ 51]LogModuleManager: Shutting down and abandoning module TextureAlignMode (166)
[2015.04.26-03.32.32:495][ 51]LogModuleManager: Shutting down and abandoning module BspMode (165)
[2015.04.26-03.32.32:495][ 51]LogModuleManager: Shutting down and abandoning module PlacementMode (164)
[2015.04.26-03.32.32:495][ 51]LogModuleManager: Shutting down and abandoning module AutomationWorker (163)
[2015.04.26-03.32.32:495][ 51]LogModuleManager: Shutting down and abandoning module CharacterAI (162)
[2015.04.26-03.32.32:495][ 51]LogModuleManager: Shutting down and abandoning module SmartSnapping (161)
[2015.04.26-03.32.32:495][ 51]LogModuleManager: Shutting down and abandoning module ViewportSnapping (160)
[2015.04.26-03.32.32:495][ 51]LogModuleManager: Shutting down and abandoning module LogVisualizer (159)
[2015.04.26-03.32.32:495][ 51]LogModuleManager: Shutting down and abandoning module GameProjectGeneration (158)
[2015.04.26-03.32.32:495][ 51]LogModuleManager: Shutting down and abandoning module IntroTutorials (157)
[2015.04.26-03.32.32:495][ 51]LogModuleManager: Shutting down and abandoning module EditorLiveStreaming (156)
[2015.04.26-03.32.32:495][ 51]LogModuleManager: Shutting down and abandoning module HardwareTargeting (155)
[2015.04.26-03.32.32:495][ 51]LogModuleManager: Shutting down and abandoning module DeviceProfileEditor (154)
[2015.04.26-03.32.32:495][ 51]LogModuleManager: Shutting down and abandoning module UndoHistory (153)
[2015.04.26-03.32.32:495][ 51]LogModuleManager: Shutting down and abandoning module GameplayTagsEditor (152)
[2015.04.26-03.32.32:495][ 51]LogModuleManager: Shutting down and abandoning module UserFeedback (151)
[2015.04.26-03.32.32:495][ 51]LogModuleManager: Shutting down and abandoning module XmlParser (150)
[2015.04.26-03.32.32:495][ 51]LogModuleManager: Shutting down and abandoning module Blutility (149)
[2015.04.26-03.32.32:495][ 51]LogModuleManager: Shutting down and abandoning module IOSPlatformEditor (148)
[2015.04.26-03.32.32:495][ 51]LogModuleManager: Shutting down and abandoning module IOSRuntimeSettings (147)
[2015.04.26-03.32.32:495][ 51]LogModuleManager: Shutting down and abandoning module AndroidDeviceDetection (146)
[2015.04.26-03.32.32:869][ 51]LogModuleManager: Shutting down and abandoning module AndroidPlatformEditor (145)
[2015.04.26-03.32.32:869][ 51]LogModuleManager: Shutting down and abandoning module AndroidRuntimeSettings (144)
[2015.04.26-03.32.32:869][ 51]LogModuleManager: Shutting down and abandoning module ProjectTargetPlatformEditor (143)
[2015.04.26-03.32.32:869][ 51]LogModuleManager: Shutting down and abandoning module ProjectSettingsViewer (142)
[2015.04.26-03.32.32:869][ 51]LogModuleManager: Shutting down and abandoning module InputBindingEditor (141)
[2015.04.26-03.32.32:869][ 51]LogModuleManager: Shutting down and abandoning module EditorSettingsViewer (140)
[2015.04.26-03.32.32:869][ 51]LogModuleManager: Shutting down and abandoning module SettingsEditor (139)
[2015.04.26-03.32.32:869][ 51]LogModuleManager: Shutting down and abandoning module ProjectLauncher (138)
[2015.04.26-03.32.32:869][ 51]LogModuleManager: Shutting down and abandoning module SessionFrontend (137)
[2015.04.26-03.32.32:869][ 51]LogModuleManager: Shutting down and abandoning module ProfilerClient (136)
[2015.04.26-03.32.32:869][ 51]LogModuleManager: Shutting down and abandoning module TargetDeviceServices (135)
[2015.04.26-03.32.32:869][ 51]LogModuleManager: Shutting down and abandoning module DeviceManager (134)
[2015.04.26-03.32.32:869][ 51]LogModuleManager: Shutting down and abandoning module AutomationController (133)
[2015.04.26-03.32.32:869][ 51]LogModuleManager: Shutting down and abandoning module AutomationWindow (132)
[2015.04.26-03.32.32:869][ 51]LogModuleManager: Shutting down and abandoning module Layers (131)
[2015.04.26-03.32.32:869][ 51]LogModuleManager: Shutting down and abandoning module ComponentVisualizers (130)
[2015.04.26-03.32.32:869][ 51]LogModuleManager: Shutting down and abandoning module DetailCustomizations (129)
[2015.04.26-03.32.32:870][ 51]LogModuleManager: Shutting down and abandoning module PackagesDialog (128)
[2015.04.26-03.32.32:870][ 51]LogModuleManager: Shutting down and abandoning module AssetRegistry (127)
[2015.04.26-03.32.32:965][ 51]LogModuleManager: Shutting down and abandoning module Persona (126)
[2015.04.26-03.32.32:965][ 51]LogModuleManager: Shutting down and abandoning module SlateReflector (125)
[2015.04.26-03.32.32:965][ 51]LogModuleManager: Shutting down and abandoning module LevelEditor (124)
[2015.04.26-03.32.32:966][ 51]LogModuleManager: Shutting down and abandoning module Kismet (123)
[2015.04.26-03.32.32:966][ 51]LogModuleManager: Shutting down and abandoning module GraphEditor (122)
[2015.04.26-03.32.32:966][ 51]LogModuleManager: Shutting down and abandoning module ClassViewer (121)
[2015.04.26-03.32.32:966][ 51]LogModuleManager: Shutting down and abandoning module Toolbox (120)
[2015.04.26-03.32.32:966][ 51]LogModuleManager: Shutting down and abandoning module ModuleUI (119)
[2015.04.26-03.32.32:966][ 51]LogModuleManager: Shutting down and abandoning module MovieSceneTools (118)
[2015.04.26-03.32.32:966][ 51]LogModuleManager: Shutting down and abandoning module OutputLog (117)
[2015.04.26-03.32.32:966][ 51]LogModuleManager: Shutting down and abandoning module GammaUI (116)
[2015.04.26-03.32.32:966][ 51]LogModuleManager: Shutting down and abandoning module Documentation (115)
[2015.04.26-03.32.32:966][ 51]LogModuleManager: Shutting down and abandoning module GameLiveStreaming (114)
[2015.04.26-03.32.32:966][ 51]LogModuleManager: Shutting down and abandoning module StreamingPauseRendering (113)
[2015.04.26-03.32.32:966][ 51]LogModuleManager: Shutting down and abandoning module HTTP (112)
[2015.04.26-03.32.32:967][ 51]LogModuleManager: Shutting down and abandoning module AnalyticsET (111)
[2015.04.26-03.32.32:967][ 51]LogModuleManager: Shutting down and abandoning module Analytics (110)
[2015.04.26-03.32.32:967][ 51]LogModuleManager: Shutting down and abandoning module AITestSuite (109)
[2015.04.26-03.32.32:967][ 51]LogModuleManager: Shutting down and abandoning module GameplayDebugger (108)
[2015.04.26-03.32.32:967][ 51]LogModuleManager: Shutting down and abandoning module AIModule (107)
[2015.04.26-03.32.32:967][ 51]LogModuleManager: Shutting down and abandoning module ProfilerService (106)
[2015.04.26-03.32.32:979][ 51]LogModuleManager: Shutting down and abandoning module TaskGraph (105)
[2015.04.26-03.32.32:979][ 51]LogModuleManager: Shutting down and abandoning module SlateRemote (104)
[2015.04.26-03.32.32:979][ 51]LogModuleManager: Shutting down and abandoning module ScriptEditorPlugin (103)
[2015.04.26-03.32.32:979][ 51]LogModuleManager: Shutting down and abandoning module CustomMeshComponent (102)
[2015.04.26-03.32.32:979][ 51]LogModuleManager: Shutting down and abandoning module CableComponent (101)
[2015.04.26-03.32.32:979][ 51]LogModuleManager: Shutting down and abandoning module MessagingDebugger (100)
[2015.04.26-03.32.32:979][ 51]LogModuleManager: Shutting down and abandoning module MediaPlayerEditor (99)
[2015.04.26-03.32.32:979][ 51]LogModuleManager: Shutting down and abandoning module SpeedTreeImporter (98)
[2015.04.26-03.32.32:979][ 51]LogModuleManager: Shutting down and abandoning module PluginsEditor (97)
[2015.04.26-03.32.32:979][ 51]LogModuleManager: Shutting down and abandoning module MainFrame (96)
[2015.04.26-03.32.32:979][ 51]LogModuleManager: Shutting down and abandoning module EpicSurvey (95)
[2015.04.26-03.32.32:979][ 51]LogModuleManager: Shutting down and abandoning module DesktopPlatform (94)
[2015.04.26-03.32.32:979][ 51]LogModuleManager: Shutting down and abandoning module DirectoryWatcher (93)
[2015.04.26-03.32.32:979][ 51]LogModuleManager: Shutting down and abandoning module HotReload (92)
[2015.04.26-03.32.32:980][ 51]LogModuleManager: Shutting down and abandoning module VisualStudioSourceCodeAccess (91)
[2015.04.26-03.32.32:980][ 51]LogModuleManager: Shutting down and abandoning module UObjectPlugin (90)
[2015.04.26-03.32.32:980][ 51]LogModuleManager: Shutting down and abandoning module SubversionSourceControl (89)
[2015.04.26-03.32.32:980][ 51]LogModuleManager: Shutting down and abandoning module PerforceSourceControl (88)
[2015.04.26-03.32.32:980][ 51]LogModuleManager: Shutting down and abandoning module SourceControl (87)
[2015.04.26-03.32.32:980][ 51]LogModuleManager: Shutting down and abandoning module GitSourceControl (86)
[2015.04.26-03.32.32:980][ 51]LogModuleManager: Shutting down and abandoning module BlankPlugin (85)
[2015.04.26-03.32.32:980][ 51]LogModuleManager: Shutting down and abandoning module PaperTiledImporter (84)
[2015.04.26-03.32.32:980][ 51]LogModuleManager: Shutting down and abandoning module PaperJsonImporter (83)
[2015.04.26-03.32.32:980][ 51]LogModuleManager: Shutting down and abandoning module ContentBrowser (82)
[2015.04.26-03.32.32:980][ 51]LogModuleManager: Shutting down and abandoning module Paper2DEditor (81)
[2015.04.26-03.32.32:980][ 51]LogModuleManager: Shutting down and abandoning module ScriptPlugin (80)
[2015.04.26-03.32.32:980][ 51]LogModuleManager: Shutting down and abandoning module UdpMessaging (79)
[2015.04.26-03.32.33:080][ 51]LogModuleManager: Shutting down and abandoning module Paper2D (78)
[2015.04.26-03.32.33:080][ 51]LogModuleManager: Shutting down and abandoning module WindowsMoviePlayer (77)
[2015.04.26-03.32.33:083][ 51]LogModuleManager: Shutting down and abandoning module Media (76)
[2015.04.26-03.32.33:083][ 51]LogModuleManager: Shutting down and abandoning module WmfMedia (75)
[2015.04.26-03.32.33:083][ 51]LogModuleManager: Shutting down and abandoning module OnlineBlueprintSupport (74)
[2015.04.26-03.32.33:083][ 51]LogModuleManager: Shutting down and abandoning module PropertyEditor (73)
[2015.04.26-03.32.33:084][ 51]LogModuleManager: Shutting down and abandoning module BehaviorTreeEditor (72)
[2015.04.26-03.32.33:084][ 51]LogModuleManager: Shutting down and abandoning module FunctionalTesting (71)
[2015.04.26-03.32.33:084][ 51]LogModuleManager: Shutting down and abandoning module CollisionAnalyzer (70)
[2015.04.26-03.32.33:084][ 51]LogModuleManager: Shutting down and abandoning module WorkspaceMenuStructure (69)
[2015.04.26-03.32.33:084][ 51]LogModuleManager: Shutting down and abandoning module MessageLog (68)
[2015.04.26-03.32.33:084][ 51]LogModuleManager: Shutting down and abandoning module Sequencer (67)
[2015.04.26-03.32.33:084][ 51]LogModuleManager: Shutting down and abandoning module AssetTools (66)
[2015.04.26-03.32.33:084][ 51]LogModuleManager: Shutting down and abandoning module UMGEditor (65)
[2015.04.26-03.32.33:084][ 51]LogModuleManager: Shutting down and abandoning module UMG (64)
[2015.04.26-03.32.33:084][ 51]LogModuleManager: Shutting down and abandoning module Slate (63)
[2015.04.26-03.32.33:084][ 51]LogModuleManager: Shutting down and abandoning module EditorStyle (62)
[2015.04.26-03.32.33:092][ 51]LogModuleManager: Shutting down and abandoning module SessionServices (61)
[2015.04.26-03.32.33:092][ 51]LogModuleManager: Shutting down and abandoning module SourceCodeAccess (60)
[2015.04.26-03.32.33:092][ 51]LogModuleManager: Shutting down and abandoning module HeadMountedDisplay (59)
[2015.04.26-03.32.33:092][ 51]LogModuleManager: Shutting down and abandoning module XAudio2 (58)
[2015.04.26-03.32.33:092][ 51]LogModuleManager: Shutting down and abandoning module Networking (56)
[2015.04.26-03.32.33:092][ 51]LogModuleManager: Shutting down and abandoning module Core (55)
[2015.04.26-03.32.33:092][ 51]LogModuleManager: Shutting down and abandoning module KismetCompiler (54)
[2015.04.26-03.32.33:092][ 51]LogModuleManager: Shutting down and abandoning module PhysXFormats (53)
[2015.04.26-03.32.33:092][ 51]LogModuleManager: Shutting down and abandoning module MeshUtilities (52)
[2015.04.26-03.32.33:092][ 51]LogModuleManager: Shutting down and abandoning module DerivedDataCache (51)
[2015.04.26-03.32.33:121][ 51]LogDerivedDataCache: Shutdown
[2015.04.26-03.32.33:121][ 51]LogModuleManager: Shutting down and abandoning module ShaderFormatOpenGL (50)
[2015.04.26-03.32.33:121][ 51]LogModuleManager: Shutting down and abandoning module ShaderFormatD3D (49)
[2015.04.26-03.32.33:121][ 51]LogModuleManager: Shutting down and abandoning module MetalShaderFormat (48)
[2015.04.26-03.32.33:121][ 51]LogModuleManager: Shutting down and abandoning module TextureFormatUncompressed (47)
[2015.04.26-03.32.33:121][ 51]LogModuleManager: Shutting down and abandoning module TextureFormatPVR (46)
[2015.04.26-03.32.33:121][ 51]LogModuleManager: Shutting down and abandoning module TextureFormatIntelISPCTexComp (45)
[2015.04.26-03.32.33:121][ 51]LogModuleManager: Shutting down and abandoning module TextureFormatDXT (44)
[2015.04.26-03.32.33:121][ 51]LogModuleManager: Shutting down and abandoning module ImageWrapper (43)
[2015.04.26-03.32.33:121][ 51]LogModuleManager: Shutting down and abandoning module TextureFormatASTC (42)
[2015.04.26-03.32.33:121][ 51]LogModuleManager: Shutting down and abandoning module TextureFormatAndroid (41)
[2015.04.26-03.32.33:121][ 51]LogModuleManager: Shutting down and abandoning module AudioFormatOpus (40)
[2015.04.26-03.32.33:121][ 51]LogModuleManager: Shutting down and abandoning module AudioFormatOgg (39)
[2015.04.26-03.32.33:121][ 51]LogModuleManager: Shutting down and abandoning module AudioFormatADPCM (38)
[2015.04.26-03.32.33:121][ 51]LogModuleManager: Shutting down and abandoning module LinuxTargetPlatform (37)
[2015.04.26-03.32.33:121][ 51]LogModuleManager: Shutting down and abandoning module LinuxServerTargetPlatform (36)
[2015.04.26-03.32.33:121][ 51]LogModuleManager: Shutting down and abandoning module LinuxNoEditorTargetPlatform (35)
[2015.04.26-03.32.33:121][ 51]LogModuleManager: Shutting down and abandoning module Messaging (34)
[2015.04.26-03.32.33:121][ 51]LogModuleManager: Shutting down and abandoning module IOSTargetPlatform (33)
[2015.04.26-03.32.33:121][ 51]LogModuleManager: Shutting down and abandoning module HTML5TargetPlatform (32)
[2015.04.26-03.32.33:121][ 51]LogModuleManager: Shutting down and abandoning module Android_PVRTCTargetPlatform (31)
[2015.04.26-03.32.33:121][ 51]LogModuleManager: Shutting down and abandoning module Android_ETC2TargetPlatform (30)
[2015.04.26-03.32.33:121][ 51]LogModuleManager: Shutting down and abandoning module Android_ETC1TargetPlatform (29)
[2015.04.26-03.32.33:121][ 51]LogModuleManager: Shutting down and abandoning module Android_ES31TargetPlatform (28)
[2015.04.26-03.32.33:121][ 51]LogModuleManager: Shutting down and abandoning module Android_DXTTargetPlatform (27)
[2015.04.26-03.32.33:121][ 51]LogModuleManager: Shutting down and abandoning module Android_ATCTargetPlatform (26)
[2015.04.26-03.32.33:121][ 51]LogModuleManager: Shutting down and abandoning module AndroidTargetPlatform (25)
[2015.04.26-03.32.33:121][ 51]LogModuleManager: Shutting down and abandoning module WindowsTargetPlatform (24)
[2015.04.26-03.32.33:121][ 51]LogModuleManager: Shutting down and abandoning module WindowsServerTargetPlatform (23)
[2015.04.26-03.32.33:121][ 51]LogModuleManager: Shutting down and abandoning module WindowsNoEditorTargetPlatform (22)
[2015.04.26-03.32.33:121][ 51]LogModuleManager: Shutting down and abandoning module WindowsClientTargetPlatform (21)
[2015.04.26-03.32.33:121][ 51]LogModuleManager: Shutting down and abandoning module TargetPlatform (20)
[2015.04.26-03.32.33:121][ 51]LogModuleManager: Shutting down and abandoning module InputCore (19)
[2015.04.26-03.32.33:121][ 51]LogModuleManager: Shutting down and abandoning module Settings (18)
[2015.04.26-03.32.33:121][ 51]LogModuleManager: Shutting down and abandoning module OnlineSubsystem (16)
[2015.04.26-03.32.33:121][ 51]LogModuleManager: Shutting down and abandoning module OculusRift (15)
[2015.04.26-03.32.33:121][ 51]LogModuleManager: Shutting down and abandoning module ExampleDeviceProfileSelector (14)
[2015.04.26-03.32.33:121][ 51]LogModuleManager: Shutting down and abandoning module TextureCompressor (13)
[2015.04.26-03.32.33:121][ 51]LogModuleManager: Shutting down and abandoning module ShaderCore (12)
[2015.04.26-03.32.33:121][ 51]LogModuleManager: Shutting down and abandoning module Landscape (11)
[2015.04.26-03.32.33:121][ 51]LogModuleManager: Shutting down and abandoning module SlateRHIRenderer (10)
[2015.04.26-03.32.33:125][ 51]LogModuleManager: Shutting down and abandoning module OpenGLDrv (9)
[2015.04.26-03.32.33:125][ 51]LogModuleManager: Shutting down and abandoning module D3D11RHI (8)
[2015.04.26-03.32.33:125][ 51]LogModuleManager: Shutting down and abandoning module Renderer (7)
[2015.04.26-03.32.33:125][ 51]LogModuleManager: Shutting down and abandoning module Engine (6)
[2015.04.26-03.32.33:125][ 51]LogModuleManager: Shutting down and abandoning module CoreUObject (5)
[2015.04.26-03.32.33:125][ 51]LogModuleManager: Shutting down and abandoning module NetworkFile (4)
[2015.04.26-03.32.33:125][ 51]LogModuleManager: Shutting down and abandoning module StreamingFile (3)
[2015.04.26-03.32.33:125][ 51]LogModuleManager: Shutting down and abandoning module SandboxFile (2)
[2015.04.26-03.32.33:125][ 51]LogModuleManager: Shutting down and abandoning module PakFile (1)
[2015.04.26-03.32.33:125][ 51]LogExit: Exiting.
[2015.04.26-03.32.33:130][ 51]Log file closed, 04/25/15 20:32:33
