Log file open, 05/08/15 11:56:15
LogInit:Display: Running engine for game: GodKiller
LogInit: Version: 4.7.3-2479750+++depot+UE4-Releases+4.7
LogInit: API Version: 2455222
LogInit: Compiled (64-bit): Mar 15 2015 23:20:45
LogInit: Compiled with Visual C++: 18.00.21005.01
LogInit: Build Configuration: Development
LogInit: Branch Name: ++depot+UE4-Releases+4.7
LogInit: Command line: 
LogInit: Base directory: I:/U4/4.7/Engine/Binaries/Win64/
LogInit: Rocket: 1
[2015.05.08-18.56.15:190][  0]LogTaskGraph: Started task graph with 3 named threads and 6 total threads.
[2015.05.08-18.56.15:257][  0]LogOnline:Warning: No default platform service specified for OnlineSubsystem
[2015.05.08-18.56.15:279][  0]LogInit: Presizing for 0 objects not considered by GC, pre-allocating 0 bytes.
[2015.05.08-18.56.15:289][  0]LogInit: Object subsystem initialized
[2015.05.08-18.56.15:291][  0]LogConsoleResponse:Warning: Skipping Unknown console variable: 'TranslucentSortAxis = (X=0.000000,Y=-1.000000,Z=0.000000)'
[2015.05.08-18.56.15:291][  0]LogConsoleResponse:Warning:   Found in ini file 'I:/Isaac's stuff/GodKiller/God-Killer/Saved/Config/Windows/Engine.ini', in section '[/Script/Engine.RendererSettings]'
[2015.05.08-18.56.15:291][  0]LogConsoleResponse:Warning: Skipping Unknown console variable: 'UIScaleRule = ShortestSide'
[2015.05.08-18.56.15:291][  0]LogConsoleResponse:Warning:   Found in ini file 'I:/Isaac's stuff/GodKiller/God-Killer/Saved/Config/Windows/Engine.ini', in section '[/Script/Engine.RendererSettings]'
[2015.05.08-18.56.15:291][  0]LogConsoleResponse:Warning: Skipping Unknown console variable: 'UIScaleCurve = (EditorCurveData=(Keys=),ExternalCurve=None)'
[2015.05.08-18.56.15:291][  0]LogConsoleResponse:Warning:   Found in ini file 'I:/Isaac's stuff/GodKiller/God-Killer/Saved/Config/Windows/Engine.ini', in section '[/Script/Engine.RendererSettings]'
[2015.05.08-18.56.15:291][  0]LogInit: Selected Device Profile: [Windows]
[2015.05.08-18.56.15:291][  0]LogInit: Applying CVar settings loaded from the selected device profile: [Windows]
[2015.05.08-18.56.15:299][  0]LogInit: Computer: BOYSPC-PC
[2015.05.08-18.56.15:299][  0]LogInit: User: boyspc
[2015.05.08-18.56.15:299][  0]LogInit: CPU Page size=4096, Cores=4
[2015.05.08-18.56.15:299][  0]LogInit: High frequency timer resolution =3.020546 MHz
[2015.05.08-18.56.15:299][  0]LogMemory: Memory total: Physical=16.0GB (16GB approx) Virtual=8192.0GB
[2015.05.08-18.56.15:299][  0]LogMemory: Platform Memory Stats for Windows
[2015.05.08-18.56.15:299][  0]LogMemory: Process Physical Memory: 47.37 MB used, 47.37 MB peak
[2015.05.08-18.56.15:299][  0]LogMemory: Process Virtual Memory: 25.41 MB used, 25.41 MB peak
[2015.05.08-18.56.15:299][  0]LogMemory: Physical Memory: 3952.39 MB used, 16366.69 MB total
[2015.05.08-18.56.15:299][  0]LogMemory: Virtual Memory: 278.53 MB used, 8388608.00 MB total
[2015.05.08-18.56.15:331][  0]LogD3D11RHI: Found D3D11 adapter 0: AMD FirePro V4900 (ATI FireGL) (Feature Level 11_0)
[2015.05.08-18.56.15:331][  0]LogD3D11RHI: Adapter has 1000MB of dedicated video memory, 0MB of dedicated system memory, and 7927MB of shared system memory, 1 output[s]
[2015.05.08-18.56.15:331][  0]LogD3D11RHI: Chosen D3D11 Adapter Id = 0
[2015.05.08-18.56.15:336][  0]LogRHI: Texture pool is 700 MB (70% of 1000 MB)
[2015.05.08-18.56.15:348][  0]LogD3D11RHI: Async texture creation disabled: no driver support
[2015.05.08-18.56.15:403][  0]LogTextLocalizationManager: The requested culture ('en_US') has no localization data; parent culture's ('en') localization data will be used.
[2015.05.08-18.56.15:466][  0]LogTextLocalizationManager:Warning: Loading localization resources contain conflicting entries for (Namespace:UICommands, Key:Save_ToolTip):
Resource: (I:/U4/4.7/Engine/Content/Localization/Editor/en/Editor.locres) Hash: (-29098895) String: (Saves the current level to disk)
Resource: (I:/U4/4.7/Engine/Content/Localization/Engine/en/Engine.locres) Hash: (-1280300587) String: (Save selected data to vlog file)
[2015.05.08-18.56.15:466][  0]LogTextLocalizationManager:Warning: Loading localization resources contain conflicting entries for (Namespace:ContentBrowser, Key:ImportAssetToolTip):
Resource: (I:/U4/4.7/Engine/Content/Localization/Editor/en/Editor.locres) Hash: (-630476809) String: (Import to {0}...)
Resource: (I:/U4/4.7/Engine/Content/Localization/Editor/en/Editor.locres) Hash: (1271782899) String: (Imports an asset from file to this folder.)
[2015.05.08-18.56.15:550][  0]LogContentStreaming: Texture pool size is 0.000000MB
[2015.05.08-18.56.18:213][  0]LogTargetPlatformManager:Display: Building Assets For Windows
[2015.05.08-18.56.18:894][  0]LogTargetPlatformManager:Display: Building Assets For Windows
[2015.05.08-18.56.18:991][  0]LogDerivedDataCache:Display: Max Cache Size: 512 MB
[2015.05.08-18.56.19:031][  0]LogDerivedDataCache: Loaded boot cache 0.04s 39MB C:/Users/boyspc/AppData/Local/UnrealEngine/4.7/DerivedDataCache/Boot.ddc.
[2015.05.08-18.56.19:031][  0]LogDerivedDataCache:Display: Loaded Boot cache: C:/Users/boyspc/AppData/Local/UnrealEngine/4.7/DerivedDataCache/Boot.ddc
[2015.05.08-18.56.19:032][  0]LogDerivedDataCache: FDerivedDataBackendGraph:  Pak pak cache file ../../../../../Isaac's stuff/GodKiller/God-Killer/DerivedDataCache/DDC.ddp not found, will not use a pak cache.
[2015.05.08-18.56.19:032][  0]LogDerivedDataCache: Unable to find inner node Pak for hierarchical cache Hierarchy.
[2015.05.08-18.56.19:180][  0]LogDerivedDataCache:Display: Pak cache opened for reading ../../../Engine/DerivedDataCache/Compressed.ddp.
[2015.05.08-18.56.19:192][  0]LogDerivedDataCache: Using Local data cache path C:/Users/boyspc/AppData/Local/UnrealEngine/Common/DerivedDataCache: Writable
[2015.05.08-18.56.19:551][  0]LogMeshUtilities: No automatic mesh reduction module available
[2015.05.08-18.56.19:551][  0]LogMeshUtilities: No automatic mesh merging module available
[2015.05.08-18.56.19:958][  0]LogInit: WinSock: version 1.1 (2.2), MaxSocks=32767, MaxUdp=65467
[2015.05.08-18.56.20:074][  0]LogSlate:Warning: Failed to load font data from '../../../Engine/Content/Slate/Fonts/Roboto-Italic.ttf'
[2015.05.08-18.56.21:137][  0]UdpMessaging: Initializing bridge on interface 0.0.0.0:0 to multicast group 230.0.0.1:6666.
[2015.05.08-18.56.21:415][  0]SourceControl: Info Source control is disabled
[2015.05.08-18.56.21:415][  0]SourceControl: Info Source control is disabled
[2015.05.08-18.56.21:415][  0]SourceControl: Info Source control is disabled
[2015.05.08-18.56.21:415][  0]LogSourceControl: RunCommandInternalRaw: 'git version'
[2015.05.08-18.56.21:415][  0]LogSourceControl: RunCommandInternalRaw: ExecProcess ReturnCode=2 OutResults=''
[2015.05.08-18.56.21:430][  0]SourceControl: Info Source control is disabled
[2015.05.08-18.56.21:714][  0]LogObj: 24231 objects as part of root set at end of initial load.
[2015.05.08-18.56.21:714][  0]LogUObjectAllocator: 5136440 out of 0 bytes used by permanent object pool.
[2015.05.08-18.56.21:814][  0]LogEngine: Initializing Engine...
[2015.05.08-18.56.24:988][  0]LogInit: XAudio2 using 'Speakers (Realtek High Definition Audio)' : 2 channels at 48 kHz using 32 bits per sample (channel mask 0x3)
[2015.05.08-18.56.25:025][  0]LogInit: FAudioDevice initialized.
[2015.05.08-18.56.25:082][  0]LogAIModule: Creating AISystem for world NewWorld
[2015.05.08-18.56.25:102][  0]LogDerivedDataCache: Saved boot cache 0.02s 39MB C:/Users/boyspc/AppData/Local/UnrealEngine/4.7/DerivedDataCache/Boot.ddc.
[2015.05.08-18.56.25:106][  0]LogInit: Texture streaming: Enabled
[2015.05.08-18.56.25:224][  0]LogAnalytics: Creating configured Analytics provider AnalyticsET
[2015.05.08-18.56.25:224][  0]LogAnalytics: ET APIKey = Rocket.Release. APIServer = http://et2.epicgames.com/ET2/. AppVersion = 4.7.3-2479750+++depot+UE4-Releases+4.7
[2015.05.08-18.56.25:224][  0]LogAnalytics: ET APIKey = Rocket.Release. DataRouterUploadURL = https://datarouter-public-service-gamedev.ol.epicgames.net/datarouter/api/v1/public/data. AppVersion = 4.7.3-2479750+++depot+UE4-Releases+4.7
[2015.05.08-18.56.25:224][  0]LogAnalytics: SetUserId 3f96474f42888e5adcf5e2b93ddc4295|b7ce396ac5c943b599479ca52b5cfda1|085ebe92-5277-43bd-93b4-8a7cc3dd34ef
[2015.05.08-18.56.25:224][  0]LogAnalytics: AnalyticsET::StartSession [Rocket.Release]
[2015.05.08-18.56.25:268][  0]LogInit: Transaction tracking system initialized
[2015.05.08-18.56.25:519][  0]BlueprintLog: New page: Editor Load
[2015.05.08-18.56.25:568][  0]LogAssetRegistry: FAssetRegistry took 0.0103 seconds to start up
[2015.05.08-18.56.25:568][  0]LogDirectoryWatcher:Warning: Failed to begin reading directory changes for ../../../Engine/Plugins/Experimental/CharacterAI/Content/. Error: 0
[2015.05.08-18.56.26:267][  0]LogTargetPlatformManager:Display: Building Assets For Windows
[2015.05.08-18.56.26:714][  0]LogTargetPlatformManager:Display: Building Assets For Windows
[2015.05.08-18.56.27:097][  0]LogSlate:Warning: Failed to load font data from '../../../Engine/Content/Editor/Slate/Fonts/Roboto-Regular.ttf'
[2015.05.08-18.56.27:098][  0]LogSlate:Warning: Failed to load font data from '../../../Engine/Content/Editor/Slate/Fonts/Roboto-Bold.ttf'
[2015.05.08-18.56.27:150][  0]LogConsoleResponse:Display: 
[2015.05.08-18.56.27:320][  0]LogCook:Display: Done creating registry. It took  0.00s.
[2015.05.08-18.56.27:535][  0]SourceControl: Info Source control is disabled
[2015.05.08-18.56.27:536][  0]Cmd: MAP LOAD FILE="../../../../../Isaac's stuff/GodKiller/God-Killer/Content/Scene/NewCave.umap" TEMPLATE=0 SHOWPROGRESS=1 FEATURELEVEL=3
[2015.05.08-18.56.27:566][  0]LightingResults: New page: Lighting Build
[2015.05.08-18.56.27:585][  0]MapCheck: New page: Map Check
[2015.05.08-18.56.27:585][  0]LightingResults: New page: Lighting Build
[2015.05.08-18.56.27:592][  0]LogParticles: Destroying 0 GPU particle simulations for FXSystem 0x0000000017104E00
[2015.05.08-18.56.28:446][  0]LogLinker:Warning: Asset '../../../Engine/Content/EngineMeshes/Humanoid.uasset' has been saved with empty engine version. The asset will be loaded but may be incompatible.
[2015.05.08-18.56.32:682][  0]LogAudioDerivedData:Display: Building compressed audio format OGG wave Thunder_and_Lightning_3-01...
[2015.05.08-18.56.35:176][  0]LogTexture:Display: Building textures: DragonHeads_alpha (AutoDXT)
[2015.05.08-18.56.35:896][  0]LogTexture:Display: Building textures: DragonHeads (AutoDXT)
[2015.05.08-18.56.36:291][  0]LogMaterial: Missing cached shader map for material Dragon_Heads, compiling. 
[2015.05.08-18.56.36:353][  0]LogTexture:Display: Building textures: GodKillerGui_alpha (AutoDXT)
[2015.05.08-18.56.36:419][  0]LogTexture:Display: Building textures: GodKillerGui_bar (AutoDXT)
[2015.05.08-18.56.36:775][  0]LogMaterial: Missing cached shader map for material Gui_Bar, compiling. 
[2015.05.08-18.56.40:562][  0]LogTexture:Display: Building textures: potText (AutoDXT)
[2015.05.08-18.56.42:955][  0]LogMaterial: Missing cached shader map for material PotMat, compiling. 
[2015.05.08-18.56.43:194][  0]LogMaterial: Missing cached shader map for material OtherStone, compiling. 
[2015.05.08-18.56.43:233][  0]LogMaterial: Missing cached shader map for material Ground, compiling. 
[2015.05.08-18.56.43:347][  0]LogMaterial: Missing cached shader map for material Rock2, compiling. 
[2015.05.08-18.56.43:807][  0]LogStaticMesh: Building static mesh Pot_01...
[2015.05.08-18.56.44:083][  0]LogStaticMesh: Built static mesh [595.420837ms] /Game/Models/Env/Pot_01.Pot_01
[2015.05.08-18.56.45:362][  0]LogStaticMesh: Building static mesh Pot_05...
[2015.05.08-18.56.45:543][  0]LogStaticMesh: Built static mesh [375.175537ms] /Game/Models/Env/Pot_05.Pot_05
[2015.05.08-18.56.45:666][  0]LogStaticMesh: Building static mesh Pot_06...
[2015.05.08-18.56.46:175][  0]LogStaticMesh: Built static mesh [530.608032ms] /Game/Models/Env/Pot_06.Pot_06
[2015.05.08-18.56.46:268][  0]LogStaticMesh: Building static mesh Sack_03...
[2015.05.08-18.56.46:284][  0]LogStaticMesh: Built static mesh [41.630554ms] /Game/Models/Env/Sack_03.Sack_03
[2015.05.08-18.56.46:369][  0]LogMaterial: Missing cached shader map for material StonePillarMat, compiling. 
[2015.05.08-18.56.46:440][  0]LogStaticMesh: Building static mesh Firepit_Tall...
[2015.05.08-18.56.46:559][  0]LogStaticMesh: Built static mesh [174.715439ms] /Game/Models/Lantern/Firepit_Tall.Firepit_Tall
[2015.05.08-18.56.46:728][  0]LogMaterial: Missing cached shader map for material Glass, compiling. 
[2015.05.08-18.56.46:829][  0]LogMaterial: Missing cached shader map for material Cave, compiling. 
[2015.05.08-18.56.46:891][  0]LogStaticMesh: Building static mesh newcave004...
[2015.05.08-18.56.48:019][  0]LogStaticMesh: Built static mesh [1161.284058ms] /Game/Models/newcave004.newcave004
[2015.05.08-18.56.48:350][  0]LogStaticMesh: Building static mesh Pillar...
[2015.05.08-18.56.49:924][  0]LogStaticMesh: Built static mesh [1612.375732ms] /Game/Models/Pillar/Pillar.Pillar
[2015.05.08-18.56.50:131][  0]LogStaticMesh: Building static mesh rock003...
[2015.05.08-18.56.50:444][  0]LogStaticMesh: Built static mesh [329.509949ms] /Game/Models/Rocks/rock003.rock003
[2015.05.08-18.56.51:445][  0]LogTexture:Display: Building textures: Texture2D_3 (BGRA8)
[2015.05.08-18.57.01:014][  0]LogEditorServer: Finished looking for orphan Actors (0.000 secs)
[2015.05.08-18.57.01:014][  0]LogAIModule: Creating AISystem for world NewCave
[2015.05.08-18.57.01:015][  0]Cmd: MAP CHECKDEP
[2015.05.08-18.57.01:015][  0]MapCheck: New page: NewCave - May 8, 2015, 4:57:01 AM
[2015.05.08-18.57.01:158][  0]MapCheck: Info Map check complete: 0 Error(s), 0 Warning(s), took 142.626ms to complete.
[2015.05.08-18.57.01:158][  0]LogFileHelpers: Loading map 'NewCave' took 33.621
[2015.05.08-18.57.01:676][  0]LogCollectionManager: Loaded 0 collections in 0.002302 seconds
[2015.05.08-18.57.01:685][  0]LogContentBrowser: Native class hierarchy populated in 0.0087 seconds. Added 1696 classes and 261 folders.
[2015.05.08-18.57.03:942][  0]LogContentBrowser: Native class hierarchy updated for 'SceneOutliner' in 0.0021 seconds. Added 1 classes and 2 folders.
[2015.05.08-18.57.05:156][  0]LogCrashTracker: Crashtracker disabled due to settings.
[2015.05.08-18.57.05:157][  0]LogSlate:Warning: Failed to load font data from 'Veranda'
[2015.05.08-18.57.05:160][  0]LogUObjectGlobals:Warning: Failed to find object 'Class None.'
[2015.05.08-18.57.05:330][  0]LogLoad: Full Startup: 52.46 seconds (BP compile: 1.09 seconds)
[2015.05.08-18.57.05:363][  0]LogContentBrowser:Verbose: The content browser source was changed by the sources view to '/Game/Scene'
[2015.05.08-18.57.05:771][  0]LogRenderer:Warning: Reallocating scene render targets to support 32x32 (Frame:2).
[2015.05.08-18.57.06:138][  0]LogRenderer:Warning: Reallocating scene render targets to support 1128x936 (Frame:12).
[2015.05.08-18.57.06:307][  1]Cmd: UpdateLandscapeEditorData -warnings
[2015.05.08-18.57.06:540][  1]Cmd: UpdateLandscapeEditorData
[2015.05.08-18.57.06:708][  4]LogAssetRegistry: Asset discovery search completed in 41.1505 seconds
[2015.05.08-18.57.08:133][ 33]LogTexture:Warning: Failed to stream mip data from the derived data cache for /Game/Models/Pillar/StonePillar.StonePillar. Streaming mips will be recached.
[2015.05.08-18.57.08:797][ 33]LogTexture:Display: Building textures: StonePillar (AutoDXT)
[2015.05.08-18.57.16:917][104]LogTexture:Warning: Failed to stream mip data from the derived data cache for /Game/Models/Pillar/StonePillar.StonePillar. Streaming mips will be recached.
[2015.05.08-18.57.17:171][104]LogTexture:Display: Building textures: StonePillar (AutoDXT)
[2015.05.08-18.57.22:553][119]LogTexture:Warning: Failed to stream mip data from the derived data cache for /Game/Models/Pillar/StonePillar.StonePillar. Streaming mips will be recached.
[2015.05.08-18.57.22:807][119]LogTexture:Display: Building textures: StonePillar (AutoDXT)
[2015.05.08-18.57.33:029][134]LogTexture:Warning: Failed to stream mip data from the derived data cache for /Game/Models/Pillar/StonePillar.StonePillar. Streaming mips will be recached.
[2015.05.08-18.57.33:262][134]LogTexture:Display: Building textures: StonePillar (AutoDXT)
[2015.05.08-19.50.15:746][208]LogContentBrowser:Verbose: The content browser source was changed by the sources view to '/Game/ThirdPersonBP'
[2015.05.08-19.50.18:291][266]LogContentBrowser:Verbose: The content browser source was changed by the sources view to '/Game/ThirdPersonBP/Blueprints'
[2015.05.08-19.50.47:404][ 57]LogUObjectGlobals:Warning: Failed to find object 'Object None.'
[2015.05.08-19.50.47:410][ 57]LogUObjectGlobals:Warning: Failed to find object 'Object None.'
[2015.05.08-19.50.47:413][ 57]LogProperty:Warning: ObjectProperty /Script/Engine.EdGraphPin:LinkedTo.LinkedTo: unresolved reference to 'EdGraphPin'K2Node_CallFunction_3421.EdGraphPin_3933''
[2015.05.08-19.50.47:594][ 57]LogActorComponent: UnregisterComponent: (/Engine/Transient.CharMoveComp) Not registered. Aborting.
[2015.05.08-19.50.47:594][ 57]LogActorComponent: UnregisterComponent: (/Engine/Transient.CharacterMovementComponent_0) Not registered. Aborting.
[2015.05.08-19.52.03:608][224]BlueprintLog: New page: Compile ThirdPersonCharacter
[2015.05.08-19.52.03:968][224]LogActorComponent: UnregisterComponent: (/Engine/Transient.CharacterMovementComponent_1) Not registered. Aborting.
[2015.05.08-19.52.04:020][224]BlueprintEditorCompileResults: Info [3351.08] Compile of ThirdPersonCharacter successful! [in 411 ms]
[2015.05.08-19.52.07:134][287]BlueprintLog: New page: Pre-PIE auto-recompile
[2015.05.08-19.52.07:138][287]LogPlayLevel: [PIE] Compiling sword_bp before PIE...
[2015.05.08-19.52.07:225][287]LogActorComponent: UnregisterComponent: (/Engine/Transient.CharMoveComp) Not registered. Aborting.
[2015.05.08-19.52.07:234][287]LogPlayLevel: [PIE] Compiling Gui before PIE...
[2015.05.08-19.52.07:344][287]LogPlayLevel: [PIE] Compiling ThirdPersonCharacter before PIE...
[2015.05.08-19.52.07:650][287]LogPlayLevel: PIE:  Blueprint regeneration took 515 ms (3 blueprints)
[2015.05.08-19.52.07:651][287]PIE: New page: PIE session: NewCave (May 8, 2015, 5:52:07 AM)
[2015.05.08-19.52.07:723][287]LogPlayLevel: PIE: StaticDuplicateObject took: (0.071065s)
[2015.05.08-19.52.07:723][287]LogPlayLevel: PIE: World Init took: (0.000610s)
[2015.05.08-19.52.07:724][287]LogPlayLevel: PIE: Created PIE world by copying editor world from /Game/Scene/NewCave.NewCave to /Game/Scene/UEDPIE_0_NewCave.NewCave (0.072120s)
[2015.05.08-19.52.07:896][287]LogWorld: Game class is 'ThirdPersonGameMode_C'
[2015.05.08-19.52.08:031][287]LogAIModule: Creating AISystem for world NewCave
[2015.05.08-19.52.08:086][287]LogWorld:Warning: *** WARNING - PATHS MAY NOT BE VALID ***
[2015.05.08-19.52.08:086][287]LogWorld: Bringing World /Game/Scene/UEDPIE_0_NewCave.NewCave up for play (max tick rate 0) at 2015.05.08-12.52.08
[2015.05.08-19.52.08:102][287]LogWorld: Bringing up level for play took: 0.070072
[2015.05.08-19.52.08:247][287]PIE: Info Play in editor start time for /Game/Scene/UEDPIE_0_NewCave 1.724
[2015.05.08-19.52.38:435][481]LogActorComponent: UnregisterComponent: (/Engine/Transient.CharMoveComp) Not registered. Aborting.
[2015.05.08-19.52.38:543][482]LogParticles: Destroying 0 GPU particle simulations for FXSystem 0x000000002A1631A0
[2015.05.08-19.53.26:164][504]LogUObjectGlobals:Warning: Failed to find object 'Object None.'
[2015.05.08-19.53.26:164][504]LogUObjectGlobals:Warning: Failed to find object 'Object None.'
[2015.05.08-19.53.26:164][504]LogUObjectGlobals:Warning: Failed to find object 'Object None.'
[2015.05.08-19.53.26:168][504]LogProperty:Warning: ObjectProperty /Script/Engine.EdGraphPin:LinkedTo.LinkedTo: unresolved reference to 'EdGraphPin'K2Node_CallFunction_7558.EdGraphPin_4776''
[2015.05.08-19.53.26:170][504]LogProperty:Warning: ObjectProperty /Script/Engine.EdGraphPin:LinkedTo.LinkedTo: unresolved reference to 'EdGraphPin'K2Node_CallFunction_7558.EdGraphPin_4774''
[2015.05.08-19.54.01:564][263]BlueprintLog: New page: Compile ThirdPersonCharacter
[2015.05.08-19.54.02:471][263]LogActorComponent: UnregisterComponent: (/Engine/Transient.CharMoveComp) Not registered. Aborting.
[2015.05.08-19.54.02:471][263]LogActorComponent: UnregisterComponent: (/Engine/Transient.CharacterMovementComponent_2) Not registered. Aborting.
[2015.05.08-19.54.02:505][263]BlueprintEditorCompileResults: Info [3469.56] Compile of ThirdPersonCharacter successful! [in 940 ms]
[2015.05.08-19.54.08:712][370]LogContentBrowser:Verbose: The content browser source was changed by the sources view to '/Game/GUI'
[2015.05.08-19.54.36:508][989]BlueprintLog: New page: Pre-PIE auto-recompile
[2015.05.08-19.54.36:511][989]LogPlayLevel: [PIE] Compiling sword_bp before PIE...
[2015.05.08-19.54.36:594][989]LogPlayLevel: [PIE] Compiling Gui before PIE...
[2015.05.08-19.54.36:682][989]LogPlayLevel: [PIE] Compiling ThirdPersonCharacter before PIE...
[2015.05.08-19.54.36:969][989]LogActorComponent: UnregisterComponent: (/Engine/Transient.CharMoveComp) Not registered. Aborting.
[2015.05.08-19.54.36:969][989]LogActorComponent: UnregisterComponent: (/Engine/Transient.CharacterMovementComponent_3) Not registered. Aborting.
[2015.05.08-19.54.36:987][989]LogParticles: Destroying 0 GPU particle simulations for FXSystem 0x000000001E4D7560
[2015.05.08-19.54.36:988][989]LogParticles: Destroying 0 GPU particle simulations for FXSystem 0x00000000259389A0
[2015.05.08-19.54.36:988][989]LogParticles: Destroying 0 GPU particle simulations for FXSystem 0x0000000025939E40
[2015.05.08-19.54.36:994][989]LogPlayLevel: PIE:  Blueprint regeneration took 485 ms (3 blueprints)
[2015.05.08-19.54.36:994][989]PIE: New page: PIE session: NewCave (May 8, 2015, 5:54:36 AM)
[2015.05.08-19.54.37:047][989]LogPlayLevel: PIE: StaticDuplicateObject took: (0.052679s)
[2015.05.08-19.54.37:048][989]LogPlayLevel: PIE: World Init took: (0.000683s)
[2015.05.08-19.54.37:048][989]LogPlayLevel: PIE: Created PIE world by copying editor world from /Game/Scene/NewCave.NewCave to /Game/Scene/UEDPIE_0_NewCave.NewCave (0.053544s)
[2015.05.08-19.54.37:083][989]LogWorld: Game class is 'ThirdPersonGameMode_C'
[2015.05.08-19.54.37:085][989]LogAIModule: Creating AISystem for world NewCave
[2015.05.08-19.54.37:121][989]LogWorld:Warning: *** WARNING - PATHS MAY NOT BE VALID ***
[2015.05.08-19.54.37:121][989]LogWorld: Bringing World /Game/Scene/UEDPIE_0_NewCave.NewCave up for play (max tick rate 0) at 2015.05.08-12.54.37
[2015.05.08-19.54.37:122][989]LogWorld: Bringing up level for play took: 0.036234
[2015.05.08-19.54.37:125][989]PIE: Info Play in editor start time for /Game/Scene/UEDPIE_0_NewCave 0.6
[2015.05.08-19.55.11:269][342]LogParticles: Destroying 0 GPU particle simulations for FXSystem 0x000000000F3F04A0
[2015.05.08-19.55.15:140][427]LogContentBrowser:Verbose: The content browser source was changed by the sources view to '/Game/ThirdPersonBP/Blueprints'
[2015.05.08-19.55.25:099][624]BlueprintLog: New page: Compile ThirdPersonCharacter
[2015.05.08-19.55.25:421][624]LogActorComponent: UnregisterComponent: (/Engine/Transient.CharMoveComp) Not registered. Aborting.
[2015.05.08-19.55.25:421][624]LogActorComponent: UnregisterComponent: (/Engine/Transient.CharacterMovementComponent_4) Not registered. Aborting.
[2015.05.08-19.55.25:456][624]BlueprintEditorCompileResults: Info [3552.51] Compile of ThirdPersonCharacter successful! [in 356 ms]
[2015.05.08-19.55.27:005][639]LogSavePackage: Save=625.922913ms
[2015.05.08-19.55.27:005][639]LogSavePackage: Moving '../../../../../Isaac's stuff/GodKiller/God-Killer/Saved/ThirdPersonCharacterC6992F9245686A9B98BC3FB3DA50691A.tmp' to '../../../../../Isaac's stuff/GodKiller/God-Killer/Content/ThirdPersonBP/Blueprints/ThirdPersonCharacter.uasset'
[2015.05.08-19.55.28:388][666]LogActorComponent: UnregisterComponent: (/Engine/Transient.CharMoveComp) Not registered. Aborting.
[2015.05.08-19.55.28:388][666]LogActorComponent: UnregisterComponent: (/Engine/Transient.CharacterMovementComponent_5) Not registered. Aborting.
[2015.05.08-19.55.35:464][820]LogActorComponent: UnregisterComponent: (/Engine/Transient.CharMoveComp) Not registered. Aborting.
[2015.05.08-19.55.35:465][820]LogActorComponent: UnregisterComponent: (/Engine/Transient.CharacterMovementComponent_6) Not registered. Aborting.
[2015.05.08-19.55.35:507][820]LogParticles: Destroying 0 GPU particle simulations for FXSystem 0x000000000C291A80
[2015.05.08-19.55.36:050][821]Cmd: QUIT_EDITOR
[2015.05.08-19.55.36:325][821]LogExit: Preparing to exit.
[2015.05.08-19.55.37:475][821]LogExit: Editor shut down
[2015.05.08-19.55.37:475][821]LogExit: Transaction tracking system shut down
[2015.05.08-19.55.37:476][821]LogParticles: Destroying 0 GPU particle simulations for FXSystem 0x00000000041C6020
[2015.05.08-19.55.37:477][821]LogParticles: Destroying 0 GPU particle simulations for FXSystem 0x000000001C0EE0C0
[2015.05.08-19.55.37:477][821]LogParticles: Destroying 0 GPU particle simulations for FXSystem 0x0000000021569E40
[2015.05.08-19.55.37:477][821]LogParticles: Destroying 0 GPU particle simulations for FXSystem 0x000000001D294680
[2015.05.08-19.55.37:477][821]LogParticles: Destroying 0 GPU particle simulations for FXSystem 0x000000001D294900
[2015.05.08-19.55.37:478][821]LogParticles: Destroying 0 GPU particle simulations for FXSystem 0x000000001D0CE700
[2015.05.08-19.55.37:542][821]LogExit: Object subsystem successfully closed.
[2015.05.08-19.55.37:590][821]LogModuleManager: Shutting down and abandoning module SequencerWidgets (178)
[2015.05.08-19.55.37:590][821]LogModuleManager: Shutting down and abandoning module CrashTracker (177)
[2015.05.08-19.55.37:590][821]LogModuleManager: Shutting down and abandoning module SuperSearch (176)
[2015.05.08-19.55.37:590][821]LogModuleManager: Shutting down and abandoning module SceneOutliner (175)
[2015.05.08-19.55.37:590][821]LogModuleManager: Shutting down and abandoning module EditorWidgets (174)
[2015.05.08-19.55.37:590][821]LogModuleManager: Shutting down and abandoning module CollectionManager (173)
[2015.05.08-19.55.37:590][821]LogModuleManager: Shutting down and abandoning module StatsViewer (172)
[2015.05.08-19.55.37:591][821]LogModuleManager: Shutting down and abandoning module FoliageEdit (171)
[2015.05.08-19.55.37:591][821]LogModuleManager: Shutting down and abandoning module LandscapeEditor (170)
[2015.05.08-19.55.37:591][821]LogModuleManager: Shutting down and abandoning module MeshPaint (169)
[2015.05.08-19.55.37:591][821]LogModuleManager: Shutting down and abandoning module ActorPickerMode (168)
[2015.05.08-19.55.37:591][821]LogModuleManager: Shutting down and abandoning module GeometryMode (167)
[2015.05.08-19.55.37:591][821]LogModuleManager: Shutting down and abandoning module TextureAlignMode (166)
[2015.05.08-19.55.37:591][821]LogModuleManager: Shutting down and abandoning module BspMode (165)
[2015.05.08-19.55.37:591][821]LogModuleManager: Shutting down and abandoning module PlacementMode (164)
[2015.05.08-19.55.37:591][821]LogModuleManager: Shutting down and abandoning module AutomationWorker (163)
[2015.05.08-19.55.37:591][821]LogModuleManager: Shutting down and abandoning module CharacterAI (162)
[2015.05.08-19.55.37:591][821]LogModuleManager: Shutting down and abandoning module SmartSnapping (161)
[2015.05.08-19.55.37:591][821]LogModuleManager: Shutting down and abandoning module ViewportSnapping (160)
[2015.05.08-19.55.37:591][821]LogModuleManager: Shutting down and abandoning module LogVisualizer (159)
[2015.05.08-19.55.37:591][821]LogModuleManager: Shutting down and abandoning module GameProjectGeneration (158)
[2015.05.08-19.55.37:591][821]LogModuleManager: Shutting down and abandoning module IntroTutorials (157)
[2015.05.08-19.55.37:591][821]LogModuleManager: Shutting down and abandoning module EditorLiveStreaming (156)
[2015.05.08-19.55.37:591][821]LogModuleManager: Shutting down and abandoning module HardwareTargeting (155)
[2015.05.08-19.55.37:591][821]LogModuleManager: Shutting down and abandoning module DeviceProfileEditor (154)
[2015.05.08-19.55.37:591][821]LogModuleManager: Shutting down and abandoning module UndoHistory (153)
[2015.05.08-19.55.37:591][821]LogModuleManager: Shutting down and abandoning module GameplayTagsEditor (152)
[2015.05.08-19.55.37:591][821]LogModuleManager: Shutting down and abandoning module UserFeedback (151)
[2015.05.08-19.55.37:591][821]LogModuleManager: Shutting down and abandoning module XmlParser (150)
[2015.05.08-19.55.37:591][821]LogModuleManager: Shutting down and abandoning module Blutility (149)
[2015.05.08-19.55.37:591][821]LogModuleManager: Shutting down and abandoning module IOSPlatformEditor (148)
[2015.05.08-19.55.37:591][821]LogModuleManager: Shutting down and abandoning module IOSRuntimeSettings (147)
[2015.05.08-19.55.37:591][821]LogModuleManager: Shutting down and abandoning module AndroidDeviceDetection (146)
[2015.05.08-19.55.38:189][821]LogModuleManager: Shutting down and abandoning module AndroidPlatformEditor (145)
[2015.05.08-19.55.38:189][821]LogModuleManager: Shutting down and abandoning module AndroidRuntimeSettings (144)
[2015.05.08-19.55.38:189][821]LogModuleManager: Shutting down and abandoning module ProjectTargetPlatformEditor (143)
[2015.05.08-19.55.38:189][821]LogModuleManager: Shutting down and abandoning module ProjectSettingsViewer (142)
[2015.05.08-19.55.38:189][821]LogModuleManager: Shutting down and abandoning module InputBindingEditor (141)
[2015.05.08-19.55.38:189][821]LogModuleManager: Shutting down and abandoning module EditorSettingsViewer (140)
[2015.05.08-19.55.38:189][821]LogModuleManager: Shutting down and abandoning module SettingsEditor (139)
[2015.05.08-19.55.38:189][821]LogModuleManager: Shutting down and abandoning module ProjectLauncher (138)
[2015.05.08-19.55.38:189][821]LogModuleManager: Shutting down and abandoning module SessionFrontend (137)
[2015.05.08-19.55.38:189][821]LogModuleManager: Shutting down and abandoning module ProfilerClient (136)
[2015.05.08-19.55.38:189][821]LogModuleManager: Shutting down and abandoning module TargetDeviceServices (135)
[2015.05.08-19.55.38:190][821]LogModuleManager: Shutting down and abandoning module DeviceManager (134)
[2015.05.08-19.55.38:190][821]LogModuleManager: Shutting down and abandoning module AutomationController (133)
[2015.05.08-19.55.38:190][821]LogModuleManager: Shutting down and abandoning module AutomationWindow (132)
[2015.05.08-19.55.38:190][821]LogModuleManager: Shutting down and abandoning module Layers (131)
[2015.05.08-19.55.38:190][821]LogModuleManager: Shutting down and abandoning module ComponentVisualizers (130)
[2015.05.08-19.55.38:190][821]LogModuleManager: Shutting down and abandoning module DetailCustomizations (129)
[2015.05.08-19.55.38:190][821]LogModuleManager: Shutting down and abandoning module PackagesDialog (128)
[2015.05.08-19.55.38:190][821]LogModuleManager: Shutting down and abandoning module AssetRegistry (127)
[2015.05.08-19.55.38:359][821]LogModuleManager: Shutting down and abandoning module Persona (126)
[2015.05.08-19.55.38:359][821]LogModuleManager: Shutting down and abandoning module SlateReflector (125)
[2015.05.08-19.55.38:359][821]LogModuleManager: Shutting down and abandoning module LevelEditor (124)
[2015.05.08-19.55.38:360][821]LogModuleManager: Shutting down and abandoning module Kismet (123)
[2015.05.08-19.55.38:360][821]LogModuleManager: Shutting down and abandoning module GraphEditor (122)
[2015.05.08-19.55.38:360][821]LogModuleManager: Shutting down and abandoning module ClassViewer (121)
[2015.05.08-19.55.38:360][821]LogModuleManager: Shutting down and abandoning module Toolbox (120)
[2015.05.08-19.55.38:360][821]LogModuleManager: Shutting down and abandoning module ModuleUI (119)
[2015.05.08-19.55.38:360][821]LogModuleManager: Shutting down and abandoning module MovieSceneTools (118)
[2015.05.08-19.55.38:360][821]LogModuleManager: Shutting down and abandoning module OutputLog (117)
[2015.05.08-19.55.38:360][821]LogModuleManager: Shutting down and abandoning module GammaUI (116)
[2015.05.08-19.55.38:360][821]LogModuleManager: Shutting down and abandoning module Documentation (115)
[2015.05.08-19.55.38:360][821]LogModuleManager: Shutting down and abandoning module GameLiveStreaming (114)
[2015.05.08-19.55.38:360][821]LogModuleManager: Shutting down and abandoning module StreamingPauseRendering (113)
[2015.05.08-19.55.38:360][821]LogModuleManager: Shutting down and abandoning module HTTP (112)
[2015.05.08-19.55.38:360][821]LogModuleManager: Shutting down and abandoning module AnalyticsET (111)
[2015.05.08-19.55.38:360][821]LogModuleManager: Shutting down and abandoning module Analytics (110)
[2015.05.08-19.55.38:361][821]LogModuleManager: Shutting down and abandoning module AITestSuite (109)
[2015.05.08-19.55.38:361][821]LogModuleManager: Shutting down and abandoning module GameplayDebugger (108)
[2015.05.08-19.55.38:361][821]LogModuleManager: Shutting down and abandoning module AIModule (107)
[2015.05.08-19.55.38:361][821]LogModuleManager: Shutting down and abandoning module ProfilerService (106)
[2015.05.08-19.55.38:369][821]LogModuleManager: Shutting down and abandoning module TaskGraph (105)
[2015.05.08-19.55.38:369][821]LogModuleManager: Shutting down and abandoning module SlateRemote (104)
[2015.05.08-19.55.38:369][821]LogModuleManager: Shutting down and abandoning module ScriptEditorPlugin (103)
[2015.05.08-19.55.38:369][821]LogModuleManager: Shutting down and abandoning module CustomMeshComponent (102)
[2015.05.08-19.55.38:369][821]LogModuleManager: Shutting down and abandoning module CableComponent (101)
[2015.05.08-19.55.38:369][821]LogModuleManager: Shutting down and abandoning module MessagingDebugger (100)
[2015.05.08-19.55.38:369][821]LogModuleManager: Shutting down and abandoning module MediaPlayerEditor (99)
[2015.05.08-19.55.38:369][821]LogModuleManager: Shutting down and abandoning module SpeedTreeImporter (98)
[2015.05.08-19.55.38:369][821]LogModuleManager: Shutting down and abandoning module PluginsEditor (97)
[2015.05.08-19.55.38:369][821]LogModuleManager: Shutting down and abandoning module MainFrame (96)
[2015.05.08-19.55.38:369][821]LogModuleManager: Shutting down and abandoning module EpicSurvey (95)
[2015.05.08-19.55.38:369][821]LogModuleManager: Shutting down and abandoning module DesktopPlatform (94)
[2015.05.08-19.55.38:369][821]LogModuleManager: Shutting down and abandoning module DirectoryWatcher (93)
[2015.05.08-19.55.38:370][821]LogModuleManager: Shutting down and abandoning module HotReload (92)
[2015.05.08-19.55.38:370][821]LogModuleManager: Shutting down and abandoning module VisualStudioSourceCodeAccess (91)
[2015.05.08-19.55.38:370][821]LogModuleManager: Shutting down and abandoning module UObjectPlugin (90)
[2015.05.08-19.55.38:370][821]LogModuleManager: Shutting down and abandoning module SubversionSourceControl (89)
[2015.05.08-19.55.38:370][821]LogModuleManager: Shutting down and abandoning module PerforceSourceControl (88)
[2015.05.08-19.55.38:370][821]LogModuleManager: Shutting down and abandoning module SourceControl (87)
[2015.05.08-19.55.38:370][821]LogModuleManager: Shutting down and abandoning module GitSourceControl (86)
[2015.05.08-19.55.38:370][821]LogModuleManager: Shutting down and abandoning module BlankPlugin (85)
[2015.05.08-19.55.38:370][821]LogModuleManager: Shutting down and abandoning module PaperTiledImporter (84)
[2015.05.08-19.55.38:370][821]LogModuleManager: Shutting down and abandoning module PaperJsonImporter (83)
[2015.05.08-19.55.38:370][821]LogModuleManager: Shutting down and abandoning module ContentBrowser (82)
[2015.05.08-19.55.38:371][821]LogModuleManager: Shutting down and abandoning module Paper2DEditor (81)
[2015.05.08-19.55.38:371][821]LogModuleManager: Shutting down and abandoning module ScriptPlugin (80)
[2015.05.08-19.55.38:371][821]LogModuleManager: Shutting down and abandoning module UdpMessaging (79)
[2015.05.08-19.55.38:471][821]LogModuleManager: Shutting down and abandoning module Paper2D (78)
[2015.05.08-19.55.38:471][821]LogModuleManager: Shutting down and abandoning module WindowsMoviePlayer (77)
[2015.05.08-19.55.38:475][821]LogModuleManager: Shutting down and abandoning module Media (76)
[2015.05.08-19.55.38:475][821]LogModuleManager: Shutting down and abandoning module WmfMedia (75)
[2015.05.08-19.55.38:475][821]LogModuleManager: Shutting down and abandoning module OnlineBlueprintSupport (74)
[2015.05.08-19.55.38:475][821]LogModuleManager: Shutting down and abandoning module PropertyEditor (73)
[2015.05.08-19.55.38:476][821]LogModuleManager: Shutting down and abandoning module BehaviorTreeEditor (72)
[2015.05.08-19.55.38:476][821]LogModuleManager: Shutting down and abandoning module FunctionalTesting (71)
[2015.05.08-19.55.38:476][821]LogModuleManager: Shutting down and abandoning module CollisionAnalyzer (70)
[2015.05.08-19.55.38:476][821]LogModuleManager: Shutting down and abandoning module WorkspaceMenuStructure (69)
[2015.05.08-19.55.38:476][821]LogModuleManager: Shutting down and abandoning module MessageLog (68)
[2015.05.08-19.55.38:476][821]LogModuleManager: Shutting down and abandoning module Sequencer (67)
[2015.05.08-19.55.38:476][821]LogModuleManager: Shutting down and abandoning module AssetTools (66)
[2015.05.08-19.55.38:476][821]LogModuleManager: Shutting down and abandoning module UMGEditor (65)
[2015.05.08-19.55.38:476][821]LogModuleManager: Shutting down and abandoning module UMG (64)
[2015.05.08-19.55.38:476][821]LogModuleManager: Shutting down and abandoning module Slate (63)
[2015.05.08-19.55.38:476][821]LogModuleManager: Shutting down and abandoning module EditorStyle (62)
[2015.05.08-19.55.38:484][821]LogModuleManager: Shutting down and abandoning module SessionServices (61)
[2015.05.08-19.55.38:484][821]LogModuleManager: Shutting down and abandoning module SourceCodeAccess (60)
[2015.05.08-19.55.38:484][821]LogModuleManager: Shutting down and abandoning module HeadMountedDisplay (59)
[2015.05.08-19.55.38:484][821]LogModuleManager: Shutting down and abandoning module XAudio2 (58)
[2015.05.08-19.55.38:484][821]LogModuleManager: Shutting down and abandoning module Networking (56)
[2015.05.08-19.55.38:484][821]LogModuleManager: Shutting down and abandoning module Core (55)
[2015.05.08-19.55.38:484][821]LogModuleManager: Shutting down and abandoning module KismetCompiler (54)
[2015.05.08-19.55.38:484][821]LogModuleManager: Shutting down and abandoning module PhysXFormats (53)
[2015.05.08-19.55.38:484][821]LogModuleManager: Shutting down and abandoning module MeshUtilities (52)
[2015.05.08-19.55.38:484][821]LogModuleManager: Shutting down and abandoning module DerivedDataCache (51)
[2015.05.08-19.55.38:575][821]LogDerivedDataCache: Shutdown
[2015.05.08-19.55.38:575][821]LogModuleManager: Shutting down and abandoning module ShaderFormatOpenGL (50)
[2015.05.08-19.55.38:575][821]LogModuleManager: Shutting down and abandoning module ShaderFormatD3D (49)
[2015.05.08-19.55.38:575][821]LogModuleManager: Shutting down and abandoning module MetalShaderFormat (48)
[2015.05.08-19.55.38:575][821]LogModuleManager: Shutting down and abandoning module TextureFormatUncompressed (47)
[2015.05.08-19.55.38:575][821]LogModuleManager: Shutting down and abandoning module TextureFormatPVR (46)
[2015.05.08-19.55.38:575][821]LogModuleManager: Shutting down and abandoning module TextureFormatIntelISPCTexComp (45)
[2015.05.08-19.55.38:575][821]LogModuleManager: Shutting down and abandoning module TextureFormatDXT (44)
[2015.05.08-19.55.38:575][821]LogModuleManager: Shutting down and abandoning module ImageWrapper (43)
[2015.05.08-19.55.38:575][821]LogModuleManager: Shutting down and abandoning module TextureFormatASTC (42)
[2015.05.08-19.55.38:575][821]LogModuleManager: Shutting down and abandoning module TextureFormatAndroid (41)
[2015.05.08-19.55.38:575][821]LogModuleManager: Shutting down and abandoning module AudioFormatOpus (40)
[2015.05.08-19.55.38:575][821]LogModuleManager: Shutting down and abandoning module AudioFormatOgg (39)
[2015.05.08-19.55.38:575][821]LogModuleManager: Shutting down and abandoning module AudioFormatADPCM (38)
[2015.05.08-19.55.38:575][821]LogModuleManager: Shutting down and abandoning module LinuxTargetPlatform (37)
[2015.05.08-19.55.38:575][821]LogModuleManager: Shutting down and abandoning module LinuxServerTargetPlatform (36)
[2015.05.08-19.55.38:575][821]LogModuleManager: Shutting down and abandoning module LinuxNoEditorTargetPlatform (35)
[2015.05.08-19.55.38:575][821]LogModuleManager: Shutting down and abandoning module Messaging (34)
[2015.05.08-19.55.38:575][821]LogModuleManager: Shutting down and abandoning module IOSTargetPlatform (33)
[2015.05.08-19.55.38:575][821]LogModuleManager: Shutting down and abandoning module HTML5TargetPlatform (32)
[2015.05.08-19.55.38:575][821]LogModuleManager: Shutting down and abandoning module Android_PVRTCTargetPlatform (31)
[2015.05.08-19.55.38:575][821]LogModuleManager: Shutting down and abandoning module Android_ETC2TargetPlatform (30)
[2015.05.08-19.55.38:575][821]LogModuleManager: Shutting down and abandoning module Android_ETC1TargetPlatform (29)
[2015.05.08-19.55.38:575][821]LogModuleManager: Shutting down and abandoning module Android_ES31TargetPlatform (28)
[2015.05.08-19.55.38:575][821]LogModuleManager: Shutting down and abandoning module Android_DXTTargetPlatform (27)
[2015.05.08-19.55.38:575][821]LogModuleManager: Shutting down and abandoning module Android_ATCTargetPlatform (26)
[2015.05.08-19.55.38:575][821]LogModuleManager: Shutting down and abandoning module AndroidTargetPlatform (25)
[2015.05.08-19.55.38:575][821]LogModuleManager: Shutting down and abandoning module WindowsTargetPlatform (24)
[2015.05.08-19.55.38:575][821]LogModuleManager: Shutting down and abandoning module WindowsServerTargetPlatform (23)
[2015.05.08-19.55.38:575][821]LogModuleManager: Shutting down and abandoning module WindowsNoEditorTargetPlatform (22)
[2015.05.08-19.55.38:575][821]LogModuleManager: Shutting down and abandoning module WindowsClientTargetPlatform (21)
[2015.05.08-19.55.38:575][821]LogModuleManager: Shutting down and abandoning module TargetPlatform (20)
[2015.05.08-19.55.38:575][821]LogModuleManager: Shutting down and abandoning module InputCore (19)
[2015.05.08-19.55.38:575][821]LogModuleManager: Shutting down and abandoning module Settings (18)
[2015.05.08-19.55.38:576][821]LogModuleManager: Shutting down and abandoning module OnlineSubsystem (16)
[2015.05.08-19.55.38:576][821]LogModuleManager: Shutting down and abandoning module OculusRift (15)
[2015.05.08-19.55.38:576][821]LogModuleManager: Shutting down and abandoning module ExampleDeviceProfileSelector (14)
[2015.05.08-19.55.38:576][821]LogModuleManager: Shutting down and abandoning module TextureCompressor (13)
[2015.05.08-19.55.38:576][821]LogModuleManager: Shutting down and abandoning module ShaderCore (12)
[2015.05.08-19.55.38:576][821]LogModuleManager: Shutting down and abandoning module Landscape (11)
[2015.05.08-19.55.38:576][821]LogModuleManager: Shutting down and abandoning module SlateRHIRenderer (10)
[2015.05.08-19.55.38:581][821]LogModuleManager: Shutting down and abandoning module OpenGLDrv (9)
[2015.05.08-19.55.38:581][821]LogModuleManager: Shutting down and abandoning module D3D11RHI (8)
[2015.05.08-19.55.38:581][821]LogModuleManager: Shutting down and abandoning module Renderer (7)
[2015.05.08-19.55.38:581][821]LogModuleManager: Shutting down and abandoning module Engine (6)
[2015.05.08-19.55.38:581][821]LogModuleManager: Shutting down and abandoning module CoreUObject (5)
[2015.05.08-19.55.38:581][821]LogModuleManager: Shutting down and abandoning module NetworkFile (4)
[2015.05.08-19.55.38:581][821]LogModuleManager: Shutting down and abandoning module StreamingFile (3)
[2015.05.08-19.55.38:581][821]LogModuleManager: Shutting down and abandoning module SandboxFile (2)
[2015.05.08-19.55.38:581][821]LogModuleManager: Shutting down and abandoning module PakFile (1)
[2015.05.08-19.55.38:582][821]LogExit: Exiting.
[2015.05.08-19.55.38:591][821]Log file closed, 05/08/15 12:55:38
