Log file open, 05/07/15 11:24:55
LogInit:Display: Running engine for game: GodKiller
LogInit: Version: 4.7.3-2479750+++depot+UE4-Releases+4.7
LogInit: API Version: 2455222
LogInit: Compiled (64-bit): Mar 15 2015 23:20:45
LogInit: Compiled with Visual C++: 18.00.21005.01
LogInit: Build Configuration: Development
LogInit: Branch Name: ++depot+UE4-Releases+4.7
LogInit: Command line: 
LogInit: Base directory: C:/Program Files/Epic Games/4.7/Engine/Binaries/Win64/
LogInit: Rocket: 1
[2015.05.07-18.24.55:290][  0]LogTaskGraph: Started task graph with 3 named threads and 6 total threads.
[2015.05.07-18.24.55:341][  0]LogOnline:Warning: No default platform service specified for OnlineSubsystem
[2015.05.07-18.24.55:354][  0]LogInit: Presizing for 0 objects not considered by GC, pre-allocating 0 bytes.
[2015.05.07-18.24.55:363][  0]LogInit: Object subsystem initialized
[2015.05.07-18.24.55:365][  0]LogConsoleResponse:Warning: Skipping Unknown console variable: 'TranslucentSortAxis = (X=0.000000,Y=-1.000000,Z=0.000000)'
[2015.05.07-18.24.55:365][  0]LogConsoleResponse:Warning:   Found in ini file 'D:/Valadez_Isaac/God-Killer/Saved/Config/Windows/Engine.ini', in section '[/Script/Engine.RendererSettings]'
[2015.05.07-18.24.55:365][  0]LogConsoleResponse:Warning: Skipping Unknown console variable: 'UIScaleRule = ShortestSide'
[2015.05.07-18.24.55:365][  0]LogConsoleResponse:Warning:   Found in ini file 'D:/Valadez_Isaac/God-Killer/Saved/Config/Windows/Engine.ini', in section '[/Script/Engine.RendererSettings]'
[2015.05.07-18.24.55:365][  0]LogConsoleResponse:Warning: Skipping Unknown console variable: 'UIScaleCurve = (EditorCurveData=(Keys=),ExternalCurve=None)'
[2015.05.07-18.24.55:365][  0]LogConsoleResponse:Warning:   Found in ini file 'D:/Valadez_Isaac/God-Killer/Saved/Config/Windows/Engine.ini', in section '[/Script/Engine.RendererSettings]'
[2015.05.07-18.24.55:365][  0]LogInit: Selected Device Profile: [Windows]
[2015.05.07-18.24.55:365][  0]LogInit: Applying CVar settings loaded from the selected device profile: [Windows]
[2015.05.07-18.24.55:369][  0]LogInit: Computer: AI251LAB0234P18
[2015.05.07-18.24.55:369][  0]LogInit: User: student
[2015.05.07-18.24.55:369][  0]LogInit: CPU Page size=4096, Cores=4
[2015.05.07-18.24.55:369][  0]LogInit: High frequency timer resolution =3.507226 MHz
[2015.05.07-18.24.55:369][  0]LogMemory: Memory total: Physical=7.9GB (8GB approx) Virtual=8192.0GB
[2015.05.07-18.24.55:370][  0]LogMemory: Platform Memory Stats for Windows
[2015.05.07-18.24.55:370][  0]LogMemory: Process Physical Memory: 48.01 MB used, 48.01 MB peak
[2015.05.07-18.24.55:370][  0]LogMemory: Process Virtual Memory: 28.35 MB used, 28.35 MB peak
[2015.05.07-18.24.55:370][  0]LogMemory: Physical Memory: 4399.58 MB used, 8115.79 MB total
[2015.05.07-18.24.55:370][  0]LogMemory: Virtual Memory: 279.98 MB used, 8388608.00 MB total
[2015.05.07-18.24.55:392][  0]LogD3D11RHI: Found D3D11 adapter 0: NVIDIA Quadro K2000 (Feature Level 11_0)
[2015.05.07-18.24.55:392][  0]LogD3D11RHI: Adapter has 1990MB of dedicated video memory, 0MB of dedicated system memory, and 3801MB of shared system memory, 1 output[s]
[2015.05.07-18.24.55:392][  0]LogD3D11RHI: Chosen D3D11 Adapter Id = 0
[2015.05.07-18.24.55:397][  0]LogRHI: Texture pool is 1361 MB (70% of 1945 MB)
[2015.05.07-18.24.55:405][  0]LogD3D11RHI: Async texture creation enabled
[2015.05.07-18.24.55:457][  0]LogTextLocalizationManager: The requested culture ('en_US') has no localization data; parent culture's ('en') localization data will be used.
[2015.05.07-18.24.55:518][  0]LogTextLocalizationManager:Warning: Loading localization resources contain conflicting entries for (Namespace:UICommands, Key:Save_ToolTip):
Resource: (C:/Program Files/Epic Games/4.7/Engine/Content/Localization/Editor/en/Editor.locres) Hash: (-29098895) String: (Saves the current level to disk)
Resource: (C:/Program Files/Epic Games/4.7/Engine/Content/Localization/Engine/en/Engine.locres) Hash: (-1280300587) String: (Save selected data to vlog file)
[2015.05.07-18.24.55:518][  0]LogTextLocalizationManager:Warning: Loading localization resources contain conflicting entries for (Namespace:ContentBrowser, Key:ImportAssetToolTip):
Resource: (C:/Program Files/Epic Games/4.7/Engine/Content/Localization/Editor/en/Editor.locres) Hash: (-630476809) String: (Import to {0}...)
Resource: (C:/Program Files/Epic Games/4.7/Engine/Content/Localization/Editor/en/Editor.locres) Hash: (1271782899) String: (Imports an asset from file to this folder.)
[2015.05.07-18.24.55:594][  0]LogContentStreaming: Texture pool size is 0.000000MB
[2015.05.07-18.24.57:809][  0]LogTargetPlatformManager:Display: Building Assets For Windows
[2015.05.07-18.24.58:289][  0]LogTargetPlatformManager:Display: Building Assets For Windows
[2015.05.07-18.24.58:349][  0]LogDerivedDataCache:Display: Max Cache Size: 512 MB
[2015.05.07-18.24.58:385][  0]LogDerivedDataCache: Loaded boot cache 0.04s 39MB C:/Users/student/AppData/Local/UnrealEngine/4.7/DerivedDataCache/Boot.ddc.
[2015.05.07-18.24.58:385][  0]LogDerivedDataCache:Display: Loaded Boot cache: C:/Users/student/AppData/Local/UnrealEngine/4.7/DerivedDataCache/Boot.ddc
[2015.05.07-18.24.58:385][  0]LogDerivedDataCache: FDerivedDataBackendGraph:  Pak pak cache file D:/Valadez_Isaac/God-Killer/DerivedDataCache/DDC.ddp not found, will not use a pak cache.
[2015.05.07-18.24.58:385][  0]LogDerivedDataCache: Unable to find inner node Pak for hierarchical cache Hierarchy.
[2015.05.07-18.24.58:501][  0]LogDerivedDataCache:Display: Pak cache opened for reading ../../../Engine/DerivedDataCache/Compressed.ddp.
[2015.05.07-18.24.58:512][  0]LogDerivedDataCache: Using Local data cache path C:/Users/student/AppData/Local/UnrealEngine/Common/DerivedDataCache: Writable
[2015.05.07-18.24.58:811][  0]LogMeshUtilities: No automatic mesh reduction module available
[2015.05.07-18.24.58:811][  0]LogMeshUtilities: No automatic mesh merging module available
[2015.05.07-18.24.59:142][  0]LogInit: WinSock: version 1.1 (2.2), MaxSocks=32767, MaxUdp=65467
[2015.05.07-18.24.59:218][  0]LogSlate:Warning: Failed to load font data from '../../../Engine/Content/Slate/Fonts/Roboto-Italic.ttf'
[2015.05.07-18.24.59:976][  0]UdpMessaging: Initializing bridge on interface 0.0.0.0:0 to multicast group 230.0.0.1:6666.
[2015.05.07-18.25.00:172][  0]SourceControl: Info Source control is disabled
[2015.05.07-18.25.00:172][  0]SourceControl: Info Source control is disabled
[2015.05.07-18.25.00:172][  0]SourceControl: Info Source control is disabled
[2015.05.07-18.25.00:172][  0]LogSourceControl: RunCommandInternalRaw: 'git version'
[2015.05.07-18.25.00:172][  0]LogSourceControl: RunCommandInternalRaw: ExecProcess ReturnCode=2 OutResults=''
[2015.05.07-18.25.00:182][  0]SourceControl: Info Source control is disabled
[2015.05.07-18.25.00:369][  0]LogObj: 24231 objects as part of root set at end of initial load.
[2015.05.07-18.25.00:369][  0]LogUObjectAllocator: 5136440 out of 0 bytes used by permanent object pool.
[2015.05.07-18.25.00:446][  0]LogEngine: Initializing Engine...
[2015.05.07-18.25.02:592][  0]LogInit: XAudio2 using 'Speakers (Realtek High Definition Audio)' : 2 channels at 48 kHz using 32 bits per sample (channel mask 0x3)
[2015.05.07-18.25.02:612][  0]LogInit: FAudioDevice initialized.
[2015.05.07-18.25.02:648][  0]LogAIModule: Creating AISystem for world NewWorld
[2015.05.07-18.25.02:666][  0]LogDerivedDataCache: Saved boot cache 0.02s 39MB C:/Users/student/AppData/Local/UnrealEngine/4.7/DerivedDataCache/Boot.ddc.
[2015.05.07-18.25.02:671][  0]LogInit: Texture streaming: Enabled
[2015.05.07-18.25.02:760][  0]LogAnalytics: Creating configured Analytics provider AnalyticsET
[2015.05.07-18.25.02:760][  0]LogAnalytics: ET APIKey = Rocket.Release. APIServer = http://et2.epicgames.com/ET2/. AppVersion = 4.7.3-2479750+++depot+UE4-Releases+4.7
[2015.05.07-18.25.02:760][  0]LogAnalytics: ET APIKey = Rocket.Release. DataRouterUploadURL = https://datarouter-public-service-gamedev.ol.epicgames.net/datarouter/api/v1/public/data. AppVersion = 4.7.3-2479750+++depot+UE4-Releases+4.7
[2015.05.07-18.25.02:760][  0]LogAnalytics: SetUserId 24c7de5c4a4f4321b42239b4ba14bacf||a1cf211a-62eb-4857-bff7-fc45380a1448
[2015.05.07-18.25.02:760][  0]LogAnalytics: AnalyticsET::StartSession [Rocket.Release]
[2015.05.07-18.25.02:782][  0]LogInit: Transaction tracking system initialized
[2015.05.07-18.25.02:939][  0]BlueprintLog: New page: Editor Load
[2015.05.07-18.25.02:972][  0]LogAssetRegistry: FAssetRegistry took 0.0099 seconds to start up
[2015.05.07-18.25.02:972][  0]LogDirectoryWatcher:Warning: Failed to begin reading directory changes for ../../../Engine/Plugins/Experimental/CharacterAI/Content/. Error: 0
[2015.05.07-18.25.03:508][  0]LogTargetPlatformManager:Display: Building Assets For Windows
[2015.05.07-18.25.03:840][  0]LogTargetPlatformManager:Display: Building Assets For Windows
[2015.05.07-18.25.04:078][  0]LogSlate:Warning: Failed to load font data from '../../../Engine/Content/Editor/Slate/Fonts/Roboto-Regular.ttf'
[2015.05.07-18.25.04:078][  0]LogSlate:Warning: Failed to load font data from '../../../Engine/Content/Editor/Slate/Fonts/Roboto-Bold.ttf'
[2015.05.07-18.25.04:083][  0]LogConsoleResponse:Display: 
[2015.05.07-18.25.04:205][  0]LogCook:Display: Done creating registry. It took  0.00s.
[2015.05.07-18.25.04:339][  0]SourceControl: Info Source control is disabled
[2015.05.07-18.25.04:339][  0]Cmd: MAP LOAD FILE="D:/Valadez_Isaac/God-Killer/Content/ThirdPersonBP/Maps/ThirdPersonExampleMap.umap" TEMPLATE=0 SHOWPROGRESS=1 FEATURELEVEL=3
[2015.05.07-18.25.04:339][  0]LightingResults: New page: Lighting Build
[2015.05.07-18.25.04:351][  0]MapCheck: New page: Map Check
[2015.05.07-18.25.04:351][  0]LightingResults: New page: Lighting Build
[2015.05.07-18.25.04:357][  0]LogParticles: Destroying 0 GPU particle simulations for FXSystem 0x0000000013902980
[2015.05.07-18.25.04:365][  0]LogLinker:Warning: Asset '../../../Engine/Content/EngineMeshes/Humanoid.uasset' has been saved with empty engine version. The asset will be loaded but may be incompatible.
[2015.05.07-18.25.06:401][  0]LogEditorServer: Finished looking for orphan Actors (0.000 secs)
[2015.05.07-18.25.06:401][  0]LogAIModule: Creating AISystem for world ThirdPersonExampleMap
[2015.05.07-18.25.06:401][  0]Cmd: MAP CHECKDEP
[2015.05.07-18.25.06:402][  0]MapCheck: New page: ThirdPersonExampleMap - May 7, 2015, 4:25:06 AM
[2015.05.07-18.25.06:490][  0]MapCheck: Info Map check complete: 0 Error(s), 0 Warning(s), took 88.299ms to complete.
[2015.05.07-18.25.06:490][  0]LogFileHelpers: Loading map 'ThirdPersonExampleMap' took 2.151
[2015.05.07-18.25.06:573][  0]LogCollectionManager: Loaded 0 collections in 0.001255 seconds
[2015.05.07-18.25.06:585][  0]LogContentBrowser: Native class hierarchy populated in 0.0126 seconds. Added 1696 classes and 261 folders.
[2015.05.07-18.25.06:660][  0]LogContentBrowser: Native class hierarchy updated for 'SceneOutliner' in 0.0022 seconds. Added 1 classes and 2 folders.
[2015.05.07-18.25.06:711][  0]LogCrashTracker: Crashtracker disabled due to settings.
[2015.05.07-18.25.06:712][  0]LogSlate:Warning: Failed to load font data from 'Veranda'
[2015.05.07-18.25.06:743][  0]LogLoad: Full Startup: 13.19 seconds (BP compile: 0.84 seconds)
[2015.05.07-18.25.06:763][  0]LogContentBrowser:Verbose: The content browser source was changed by the sources view to '/Game/ThirdPersonBP/Blueprints'
[2015.05.07-18.25.06:888][  0]LogRenderer:Warning: Reallocating scene render targets to support 32x32 (Frame:2).
[2015.05.07-18.25.07:009][  0]LogRenderer:Warning: Reallocating scene render targets to support 1128x1048 (Frame:5).
[2015.05.07-18.25.07:207][  4]LogAssetRegistry: Asset discovery search completed in 4.2442 seconds
[2015.05.07-18.25.45:519][852]LogContentBrowser:Verbose: The content browser source was changed by the sources view to '/Game/Models'
[2015.05.07-18.25.47:081][903]LogContentBrowser:Verbose: The content browser source was changed by the sources view to '/Game/Models/Env'
[2015.05.07-18.26.07:512][979]LogFactory: FactoryCreateBinary: StaticMesh with FbxFactory (0 0 F:/GodKiller/Exports/Bottle_01.FBX)
[2015.05.07-18.26.07:526][979]LogFbx: ItemName: GlobalSettings, ItemCount : 1
[2015.05.07-18.26.07:526][979]LogFbx: ItemName: AnimationStack, ItemCount : 1
[2015.05.07-18.26.07:526][979]LogFbx: ItemName: AnimationLayer, ItemCount : 1
[2015.05.07-18.26.07:526][979]LogFbx: ItemName: Model, ItemCount : 1
[2015.05.07-18.26.07:526][979]LogFbx: ItemName: Geometry, ItemCount : 1
[2015.05.07-18.26.07:526][979]LogFbx: ItemName: Material, ItemCount : 2
[2015.05.07-18.26.15:149][979]LogFbx: Loading FBX Scene from F:/GodKiller/Exports/Bottle_01.FBX
[2015.05.07-18.26.15:187][979]LogFbx: FBX Scene Loaded Succesfully
[2015.05.07-18.26.15:190][979]LogFbx: == Initial material list:
[2015.05.07-18.26.15:190][979]LogFbx: 0: Material #34
[2015.05.07-18.26.15:190][979]LogFbx: 1: Material #35
[2015.05.07-18.26.15:190][979]LogFbx: == After sorting:
[2015.05.07-18.26.15:190][979]LogFbx: 0: Material #34
[2015.05.07-18.26.15:190][979]LogFbx: 1: Material #35
[2015.05.07-18.26.15:190][979]LogFbx: == Mapping table:
[2015.05.07-18.26.15:190][979]LogFbx:   sort 0 -> 0
[2015.05.07-18.26.15:190][979]LogFbx:   sort 1 -> 1
[2015.05.07-18.26.15:191][979]LogStaticMesh: Building static mesh Bottle_01...
[2015.05.07-18.26.15:199][979]LogStaticMesh: Built static mesh [7.756272ms] /Game/Models/Env/Bottle_01.Bottle_01
[2015.05.07-18.26.15:217][979]FBXImport:Warning: Warning Warning: No smoothing group information was found in this FBX scene.  Please make sure to enable the 'Export Smoothing Groups' option in the FBX Exporter plug-in before exporting the file.  Even for tools that don't support smoothing groups, the FBX Exporter will generate appropriate smoothing data at export-time so that correct vertex normals can be inferred while importing. 
[2015.05.07-18.26.15:226][979]LogFactory: FactoryCreateBinary: StaticMesh with FbxFactory (0 0 F:/GodKiller/Exports/Bottle_02.FBX)
[2015.05.07-18.26.15:325][979]LogFbx: Loading FBX Scene from F:/GodKiller/Exports/Bottle_02.FBX
[2015.05.07-18.26.15:331][979]LogFbx: FBX Scene Loaded Succesfully
[2015.05.07-18.26.15:333][979]LogFbx: == Initial material list:
[2015.05.07-18.26.15:333][979]LogFbx: 0: Material #34
[2015.05.07-18.26.15:333][979]LogFbx: 1: Material #35
[2015.05.07-18.26.15:333][979]LogFbx: == After sorting:
[2015.05.07-18.26.15:333][979]LogFbx: 0: Material #34
[2015.05.07-18.26.15:333][979]LogFbx: 1: Material #35
[2015.05.07-18.26.15:333][979]LogFbx: == Mapping table:
[2015.05.07-18.26.15:333][979]LogFbx:   sort 0 -> 0
[2015.05.07-18.26.15:333][979]LogFbx:   sort 1 -> 1
[2015.05.07-18.26.15:335][979]LogStaticMesh: Building static mesh Bottle_02...
[2015.05.07-18.26.15:343][979]LogStaticMesh: Built static mesh [8.835758ms] /Game/Models/Env/Bottle_02.Bottle_02
[2015.05.07-18.26.15:349][979]FBXImport:Warning: Warning Warning: No smoothing group information was found in this FBX scene.  Please make sure to enable the 'Export Smoothing Groups' option in the FBX Exporter plug-in before exporting the file.  Even for tools that don't support smoothing groups, the FBX Exporter will generate appropriate smoothing data at export-time so that correct vertex normals can be inferred while importing. 
[2015.05.07-18.26.15:355][979]LogFactory: FactoryCreateBinary: StaticMesh with FbxFactory (0 0 F:/GodKiller/Exports/Bottle_03.FBX)
[2015.05.07-18.26.15:375][979]LogFbx: Loading FBX Scene from F:/GodKiller/Exports/Bottle_03.FBX
[2015.05.07-18.26.15:381][979]LogFbx: FBX Scene Loaded Succesfully
[2015.05.07-18.26.15:383][979]LogFbx: == Initial material list:
[2015.05.07-18.26.15:383][979]LogFbx: 0: Material #34
[2015.05.07-18.26.15:383][979]LogFbx: 1: Material #35
[2015.05.07-18.26.15:383][979]LogFbx: == After sorting:
[2015.05.07-18.26.15:383][979]LogFbx: 0: Material #34
[2015.05.07-18.26.15:384][979]LogFbx: 1: Material #35
[2015.05.07-18.26.15:384][979]LogFbx: == Mapping table:
[2015.05.07-18.26.15:384][979]LogFbx:   sort 0 -> 0
[2015.05.07-18.26.15:384][979]LogFbx:   sort 1 -> 1
[2015.05.07-18.26.15:385][979]LogStaticMesh: Building static mesh Bottle_03...
[2015.05.07-18.26.15:392][979]LogStaticMesh: Built static mesh [7.554403ms] /Game/Models/Env/Bottle_03.Bottle_03
[2015.05.07-18.26.15:398][979]FBXImport:Warning: Warning Warning: No smoothing group information was found in this FBX scene.  Please make sure to enable the 'Export Smoothing Groups' option in the FBX Exporter plug-in before exporting the file.  Even for tools that don't support smoothing groups, the FBX Exporter will generate appropriate smoothing data at export-time so that correct vertex normals can be inferred while importing. 
[2015.05.07-18.26.15:404][979]LogFactory: FactoryCreateBinary: StaticMesh with FbxFactory (0 0 F:/GodKiller/Exports/Bottle_04.FBX)
[2015.05.07-18.26.15:423][979]LogFbx: Loading FBX Scene from F:/GodKiller/Exports/Bottle_04.FBX
[2015.05.07-18.26.15:429][979]LogFbx: FBX Scene Loaded Succesfully
[2015.05.07-18.26.15:431][979]LogFbx: == Initial material list:
[2015.05.07-18.26.15:431][979]LogFbx: 0: Material #34
[2015.05.07-18.26.15:431][979]LogFbx: 1: Material #35
[2015.05.07-18.26.15:431][979]LogFbx: == After sorting:
[2015.05.07-18.26.15:431][979]LogFbx: 0: Material #34
[2015.05.07-18.26.15:431][979]LogFbx: 1: Material #35
[2015.05.07-18.26.15:431][979]LogFbx: == Mapping table:
[2015.05.07-18.26.15:431][979]LogFbx:   sort 0 -> 0
[2015.05.07-18.26.15:431][979]LogFbx:   sort 1 -> 1
[2015.05.07-18.26.15:432][979]LogStaticMesh: Building static mesh Bottle_04...
[2015.05.07-18.26.15:439][979]LogStaticMesh: Built static mesh [7.006107ms] /Game/Models/Env/Bottle_04.Bottle_04
[2015.05.07-18.26.15:445][979]FBXImport:Warning: Warning Warning: No smoothing group information was found in this FBX scene.  Please make sure to enable the 'Export Smoothing Groups' option in the FBX Exporter plug-in before exporting the file.  Even for tools that don't support smoothing groups, the FBX Exporter will generate appropriate smoothing data at export-time so that correct vertex normals can be inferred while importing. 
[2015.05.07-18.26.15:449][979]LogFactory: FactoryCreateBinary: StaticMesh with FbxFactory (0 0 F:/GodKiller/Exports/Bottle_05.FBX)
[2015.05.07-18.26.15:468][979]LogFbx: Loading FBX Scene from F:/GodKiller/Exports/Bottle_05.FBX
[2015.05.07-18.26.15:496][979]LogFbx: FBX Scene Loaded Succesfully
[2015.05.07-18.26.15:498][979]LogFbx: == Initial material list:
[2015.05.07-18.26.15:498][979]LogFbx: 0: Material #34
[2015.05.07-18.26.15:498][979]LogFbx: 1: Material #35
[2015.05.07-18.26.15:498][979]LogFbx: == After sorting:
[2015.05.07-18.26.15:498][979]LogFbx: 0: Material #34
[2015.05.07-18.26.15:498][979]LogFbx: 1: Material #35
[2015.05.07-18.26.15:498][979]LogFbx: == Mapping table:
[2015.05.07-18.26.15:498][979]LogFbx:   sort 0 -> 0
[2015.05.07-18.26.15:498][979]LogFbx:   sort 1 -> 1
[2015.05.07-18.26.15:499][979]LogStaticMesh: Building static mesh Bottle_05...
[2015.05.07-18.26.15:508][979]LogStaticMesh: Built static mesh [8.555764ms] /Game/Models/Env/Bottle_05.Bottle_05
[2015.05.07-18.26.15:513][979]FBXImport:Warning: Warning Warning: No smoothing group information was found in this FBX scene.  Please make sure to enable the 'Export Smoothing Groups' option in the FBX Exporter plug-in before exporting the file.  Even for tools that don't support smoothing groups, the FBX Exporter will generate appropriate smoothing data at export-time so that correct vertex normals can be inferred while importing. 
[2015.05.07-18.26.15:517][979]LogFactory: FactoryCreateBinary: StaticMesh with FbxFactory (0 0 F:/GodKiller/Exports/Branch_01.FBX)
[2015.05.07-18.26.15:537][979]LogFbx: Loading FBX Scene from F:/GodKiller/Exports/Branch_01.FBX
[2015.05.07-18.26.15:543][979]LogFbx: FBX Scene Loaded Succesfully
[2015.05.07-18.26.15:545][979]LogFbx: == Initial material list:
[2015.05.07-18.26.15:545][979]LogFbx: 0: None
[2015.05.07-18.26.15:545][979]LogFbx: == After sorting:
[2015.05.07-18.26.15:545][979]LogFbx: 0: None
[2015.05.07-18.26.15:545][979]LogFbx: == Mapping table:
[2015.05.07-18.26.15:545][979]LogFbx:   sort 0 -> 0
[2015.05.07-18.26.15:546][979]LogStaticMesh: Building static mesh Branch_01...
[2015.05.07-18.26.15:553][979]LogStaticMesh: Built static mesh [6.814502ms] /Game/Models/Env/Branch_01.Branch_01
[2015.05.07-18.26.15:558][979]FBXImport:Warning: Warning Warning: No smoothing group information was found in this FBX scene.  Please make sure to enable the 'Export Smoothing Groups' option in the FBX Exporter plug-in before exporting the file.  Even for tools that don't support smoothing groups, the FBX Exporter will generate appropriate smoothing data at export-time so that correct vertex normals can be inferred while importing. 
[2015.05.07-18.26.15:562][979]LogFactory: FactoryCreateBinary: StaticMesh with FbxFactory (0 0 F:/GodKiller/Exports/Branch_02.FBX)
[2015.05.07-18.26.15:581][979]LogFbx: Loading FBX Scene from F:/GodKiller/Exports/Branch_02.FBX
[2015.05.07-18.26.15:587][979]LogFbx: FBX Scene Loaded Succesfully
[2015.05.07-18.26.15:589][979]LogFbx: == Initial material list:
[2015.05.07-18.26.15:589][979]LogFbx: 0: None
[2015.05.07-18.26.15:589][979]LogFbx: == After sorting:
[2015.05.07-18.26.15:589][979]LogFbx: 0: None
[2015.05.07-18.26.15:589][979]LogFbx: == Mapping table:
[2015.05.07-18.26.15:589][979]LogFbx:   sort 0 -> 0
[2015.05.07-18.26.15:590][979]LogStaticMesh: Building static mesh Branch_02...
[2015.05.07-18.26.15:595][979]LogStaticMesh: Built static mesh [5.461866ms] /Game/Models/Env/Branch_02.Branch_02
[2015.05.07-18.26.15:600][979]FBXImport:Warning: Warning Warning: No smoothing group information was found in this FBX scene.  Please make sure to enable the 'Export Smoothing Groups' option in the FBX Exporter plug-in before exporting the file.  Even for tools that don't support smoothing groups, the FBX Exporter will generate appropriate smoothing data at export-time so that correct vertex normals can be inferred while importing. 
[2015.05.07-18.26.15:603][979]LogFactory: FactoryCreateBinary: StaticMesh with FbxFactory (0 0 F:/GodKiller/Exports/Branch_03.FBX)
[2015.05.07-18.26.15:622][979]LogFbx: Loading FBX Scene from F:/GodKiller/Exports/Branch_03.FBX
[2015.05.07-18.26.15:628][979]LogFbx: FBX Scene Loaded Succesfully
[2015.05.07-18.26.15:630][979]LogFbx: == Initial material list:
[2015.05.07-18.26.15:630][979]LogFbx: 0: None
[2015.05.07-18.26.15:630][979]LogFbx: == After sorting:
[2015.05.07-18.26.15:630][979]LogFbx: 0: None
[2015.05.07-18.26.15:630][979]LogFbx: == Mapping table:
[2015.05.07-18.26.15:630][979]LogFbx:   sort 0 -> 0
[2015.05.07-18.26.15:631][979]LogStaticMesh: Building static mesh Branch_03...
[2015.05.07-18.26.15:636][979]LogStaticMesh: Built static mesh [5.105459ms] /Game/Models/Env/Branch_03.Branch_03
[2015.05.07-18.26.15:641][979]FBXImport:Warning: Warning Warning: No smoothing group information was found in this FBX scene.  Please make sure to enable the 'Export Smoothing Groups' option in the FBX Exporter plug-in before exporting the file.  Even for tools that don't support smoothing groups, the FBX Exporter will generate appropriate smoothing data at export-time so that correct vertex normals can be inferred while importing. 
[2015.05.07-18.26.15:644][979]LogFactory: FactoryCreateBinary: StaticMesh with FbxFactory (0 0 F:/GodKiller/Exports/Branch_04.FBX)
[2015.05.07-18.26.15:662][979]LogFbx: Loading FBX Scene from F:/GodKiller/Exports/Branch_04.FBX
[2015.05.07-18.26.15:668][979]LogFbx: FBX Scene Loaded Succesfully
[2015.05.07-18.26.15:670][979]LogFbx: == Initial material list:
[2015.05.07-18.26.15:670][979]LogFbx: 0: None
[2015.05.07-18.26.15:670][979]LogFbx: == After sorting:
[2015.05.07-18.26.15:670][979]LogFbx: 0: None
[2015.05.07-18.26.15:670][979]LogFbx: == Mapping table:
[2015.05.07-18.26.15:670][979]LogFbx:   sort 0 -> 0
[2015.05.07-18.26.15:671][979]LogStaticMesh: Building static mesh Branch_04...
[2015.05.07-18.26.15:674][979]LogStaticMesh: Built static mesh [2.999521ms] /Game/Models/Env/Branch_04.Branch_04
[2015.05.07-18.26.15:679][979]FBXImport:Warning: Warning Warning: No smoothing group information was found in this FBX scene.  Please make sure to enable the 'Export Smoothing Groups' option in the FBX Exporter plug-in before exporting the file.  Even for tools that don't support smoothing groups, the FBX Exporter will generate appropriate smoothing data at export-time so that correct vertex normals can be inferred while importing. 
[2015.05.07-18.26.15:682][979]LogFactory: FactoryCreateBinary: StaticMesh with FbxFactory (0 0 F:/GodKiller/Exports/Branch_05.FBX)
[2015.05.07-18.26.15:701][979]LogFbx: Loading FBX Scene from F:/GodKiller/Exports/Branch_05.FBX
[2015.05.07-18.26.15:707][979]LogFbx: FBX Scene Loaded Succesfully
[2015.05.07-18.26.15:709][979]LogFbx: == Initial material list:
[2015.05.07-18.26.15:709][979]LogFbx: 0: None
[2015.05.07-18.26.15:709][979]LogFbx: == After sorting:
[2015.05.07-18.26.15:709][979]LogFbx: 0: None
[2015.05.07-18.26.15:709][979]LogFbx: == Mapping table:
[2015.05.07-18.26.15:709][979]LogFbx:   sort 0 -> 0
[2015.05.07-18.26.15:710][979]LogStaticMesh: Building static mesh Branch_05...
[2015.05.07-18.26.15:715][979]LogStaticMesh: Built static mesh [5.323010ms] /Game/Models/Env/Branch_05.Branch_05
[2015.05.07-18.26.15:720][979]FBXImport:Warning: Warning Warning: No smoothing group information was found in this FBX scene.  Please make sure to enable the 'Export Smoothing Groups' option in the FBX Exporter plug-in before exporting the file.  Even for tools that don't support smoothing groups, the FBX Exporter will generate appropriate smoothing data at export-time so that correct vertex normals can be inferred while importing. 
[2015.05.07-18.26.15:723][979]LogFactory: FactoryCreateBinary: StaticMesh with FbxFactory (0 0 F:/GodKiller/Exports/Flower_pot_01.FBX)
[2015.05.07-18.26.15:744][979]LogFbx: Loading FBX Scene from F:/GodKiller/Exports/Flower_pot_01.FBX
[2015.05.07-18.26.15:750][979]LogFbx: FBX Scene Loaded Succesfully
[2015.05.07-18.26.15:753][979]LogFbx: == Initial material list:
[2015.05.07-18.26.15:753][979]LogFbx: 0: None
[2015.05.07-18.26.15:753][979]LogFbx: == After sorting:
[2015.05.07-18.26.15:753][979]LogFbx: 0: None
[2015.05.07-18.26.15:753][979]LogFbx: == Mapping table:
[2015.05.07-18.26.15:753][979]LogFbx:   sort 0 -> 0
[2015.05.07-18.26.15:754][979]LogStaticMesh: Building static mesh Flower_pot_01...
[2015.05.07-18.26.15:763][979]LogStaticMesh: Built static mesh [9.201004ms] /Game/Models/Env/Flower_pot_01.Flower_pot_01
[2015.05.07-18.26.15:768][979]FBXImport:Warning: Warning Warning: No smoothing group information was found in this FBX scene.  Please make sure to enable the 'Export Smoothing Groups' option in the FBX Exporter plug-in before exporting the file.  Even for tools that don't support smoothing groups, the FBX Exporter will generate appropriate smoothing data at export-time so that correct vertex normals can be inferred while importing. 
[2015.05.07-18.26.15:772][979]LogFactory: FactoryCreateBinary: StaticMesh with FbxFactory (0 0 F:/GodKiller/Exports/Flower_pot_02.FBX)
[2015.05.07-18.26.15:792][979]LogFbx: Loading FBX Scene from F:/GodKiller/Exports/Flower_pot_02.FBX
[2015.05.07-18.26.15:798][979]LogFbx: FBX Scene Loaded Succesfully
[2015.05.07-18.26.15:800][979]LogFbx: == Initial material list:
[2015.05.07-18.26.15:800][979]LogFbx: 0: None
[2015.05.07-18.26.15:800][979]LogFbx: == After sorting:
[2015.05.07-18.26.15:800][979]LogFbx: 0: None
[2015.05.07-18.26.15:800][979]LogFbx: == Mapping table:
[2015.05.07-18.26.15:800][979]LogFbx:   sort 0 -> 0
[2015.05.07-18.26.15:801][979]LogStaticMesh: Building static mesh Flower_pot_02...
[2015.05.07-18.26.15:809][979]LogStaticMesh: Built static mesh [8.271209ms] /Game/Models/Env/Flower_pot_02.Flower_pot_02
[2015.05.07-18.26.15:815][979]FBXImport:Warning: Warning Warning: No smoothing group information was found in this FBX scene.  Please make sure to enable the 'Export Smoothing Groups' option in the FBX Exporter plug-in before exporting the file.  Even for tools that don't support smoothing groups, the FBX Exporter will generate appropriate smoothing data at export-time so that correct vertex normals can be inferred while importing. 
[2015.05.07-18.26.15:819][979]LogFactory: FactoryCreateBinary: StaticMesh with FbxFactory (0 0 F:/GodKiller/Exports/Sack_01.FBX)
[2015.05.07-18.26.15:839][979]LogFbx: Loading FBX Scene from F:/GodKiller/Exports/Sack_01.FBX
[2015.05.07-18.26.15:848][979]LogFbx: FBX Scene Loaded Succesfully
[2015.05.07-18.26.15:851][979]LogFbx: == Initial material list:
[2015.05.07-18.26.15:851][979]LogFbx: 0: 01 - Default
[2015.05.07-18.26.15:851][979]LogFbx: == After sorting:
[2015.05.07-18.26.15:851][979]LogFbx: 0: 01 - Default
[2015.05.07-18.26.15:851][979]LogFbx: == Mapping table:
[2015.05.07-18.26.15:851][979]LogFbx:   sort 0 -> 0
[2015.05.07-18.26.15:852][979]LogStaticMesh: Building static mesh Sack_01...
[2015.05.07-18.26.15:864][979]LogStaticMesh: Built static mesh [12.201666ms] /Game/Models/Env/Sack_01.Sack_01
[2015.05.07-18.26.15:870][979]FBXImport:Warning: Warning Warning: No smoothing group information was found in this FBX scene.  Please make sure to enable the 'Export Smoothing Groups' option in the FBX Exporter plug-in before exporting the file.  Even for tools that don't support smoothing groups, the FBX Exporter will generate appropriate smoothing data at export-time so that correct vertex normals can be inferred while importing. 
[2015.05.07-18.26.15:873][979]LogFactory: FactoryCreateBinary: StaticMesh with FbxFactory (0 0 F:/GodKiller/Exports/Sack_02.FBX)
[2015.05.07-18.26.15:896][979]LogFbx: Loading FBX Scene from F:/GodKiller/Exports/Sack_02.FBX
[2015.05.07-18.26.15:903][979]LogFbx: FBX Scene Loaded Succesfully
[2015.05.07-18.26.15:905][979]LogFbx: == Initial material list:
[2015.05.07-18.26.15:905][979]LogFbx: 0: 01 - Default
[2015.05.07-18.26.15:905][979]LogFbx: == After sorting:
[2015.05.07-18.26.15:905][979]LogFbx: 0: 01 - Default
[2015.05.07-18.26.15:905][979]LogFbx: == Mapping table:
[2015.05.07-18.26.15:905][979]LogFbx:   sort 0 -> 0
[2015.05.07-18.26.15:907][979]LogStaticMesh: Building static mesh Sack_02...
[2015.05.07-18.26.15:917][979]LogStaticMesh: Built static mesh [10.800844ms] /Game/Models/Env/Sack_02.Sack_02
[2015.05.07-18.26.15:923][979]FBXImport:Warning: Warning Warning: No smoothing group information was found in this FBX scene.  Please make sure to enable the 'Export Smoothing Groups' option in the FBX Exporter plug-in before exporting the file.  Even for tools that don't support smoothing groups, the FBX Exporter will generate appropriate smoothing data at export-time so that correct vertex normals can be inferred while importing. 
[2015.05.07-18.26.15:927][979]LogFactory: FactoryCreateBinary: StaticMesh with FbxFactory (0 0 F:/GodKiller/Exports/Sack_03.FBX)
[2015.05.07-18.26.15:950][979]LogFbx: Loading FBX Scene from F:/GodKiller/Exports/Sack_03.FBX
[2015.05.07-18.26.15:957][979]LogFbx: FBX Scene Loaded Succesfully
[2015.05.07-18.26.15:959][979]LogFbx: == Initial material list:
[2015.05.07-18.26.15:959][979]LogFbx: 0: 01 - Default
[2015.05.07-18.26.15:959][979]LogFbx: == After sorting:
[2015.05.07-18.26.15:960][979]LogFbx: 0: 01 - Default
[2015.05.07-18.26.15:960][979]LogFbx: == Mapping table:
[2015.05.07-18.26.15:960][979]LogFbx:   sort 0 -> 0
[2015.05.07-18.26.15:961][979]LogStaticMesh: Building static mesh Sack_03...
[2015.05.07-18.26.15:974][979]LogStaticMesh: Built static mesh [13.728229ms] /Game/Models/Env/Sack_03.Sack_03
[2015.05.07-18.26.15:980][979]FBXImport:Warning: Warning Warning: No smoothing group information was found in this FBX scene.  Please make sure to enable the 'Export Smoothing Groups' option in the FBX Exporter plug-in before exporting the file.  Even for tools that don't support smoothing groups, the FBX Exporter will generate appropriate smoothing data at export-time so that correct vertex normals can be inferred while importing. 
[2015.05.07-18.26.15:984][979]LogFactory: FactoryCreateBinary: StaticMesh with FbxFactory (0 0 F:/GodKiller/Exports/Sack_04.FBX)
[2015.05.07-18.26.16:004][979]LogFbx: Loading FBX Scene from F:/GodKiller/Exports/Sack_04.FBX
[2015.05.07-18.26.16:012][979]LogFbx: FBX Scene Loaded Succesfully
[2015.05.07-18.26.16:014][979]LogFbx: == Initial material list:
[2015.05.07-18.26.16:014][979]LogFbx: 0: 01 - Default
[2015.05.07-18.26.16:014][979]LogFbx: == After sorting:
[2015.05.07-18.26.16:014][979]LogFbx: 0: 01 - Default
[2015.05.07-18.26.16:014][979]LogFbx: == Mapping table:
[2015.05.07-18.26.16:014][979]LogFbx:   sort 0 -> 0
[2015.05.07-18.26.16:015][979]LogStaticMesh: Building static mesh Sack_04...
[2015.05.07-18.26.16:026][979]LogStaticMesh: Built static mesh [10.788869ms] /Game/Models/Env/Sack_04.Sack_04
[2015.05.07-18.26.16:032][979]FBXImport:Warning: Warning Warning: No smoothing group information was found in this FBX scene.  Please make sure to enable the 'Export Smoothing Groups' option in the FBX Exporter plug-in before exporting the file.  Even for tools that don't support smoothing groups, the FBX Exporter will generate appropriate smoothing data at export-time so that correct vertex normals can be inferred while importing. 
[2015.05.07-18.26.16:038][979]LogFactory: FactoryCreateBinary: StaticMesh with FbxFactory (0 0 F:/GodKiller/Exports/Tree_root_01.FBX)
[2015.05.07-18.26.16:058][979]LogFbx: Loading FBX Scene from F:/GodKiller/Exports/Tree_root_01.FBX
[2015.05.07-18.26.16:064][979]LogFbx: FBX Scene Loaded Succesfully
[2015.05.07-18.26.16:066][979]LogFbx: == Initial material list:
[2015.05.07-18.26.16:066][979]LogFbx: 0: None
[2015.05.07-18.26.16:066][979]LogFbx: == After sorting:
[2015.05.07-18.26.16:066][979]LogFbx: 0: None
[2015.05.07-18.26.16:066][979]LogFbx: == Mapping table:
[2015.05.07-18.26.16:066][979]LogFbx:   sort 0 -> 0
[2015.05.07-18.26.16:067][979]LogStaticMesh: Building static mesh Tree_root_01...
[2015.05.07-18.26.16:076][979]LogStaticMesh: Built static mesh [8.834047ms] /Game/Models/Env/Tree_root_01.Tree_root_01
[2015.05.07-18.26.16:082][979]FBXImport:Warning: Warning Warning: No smoothing group information was found in this FBX scene.  Please make sure to enable the 'Export Smoothing Groups' option in the FBX Exporter plug-in before exporting the file.  Even for tools that don't support smoothing groups, the FBX Exporter will generate appropriate smoothing data at export-time so that correct vertex normals can be inferred while importing. 
[2015.05.07-18.26.16:086][979]LogFactory: FactoryCreateBinary: StaticMesh with FbxFactory (0 0 F:/GodKiller/Exports/Tree_root_02.FBX)
[2015.05.07-18.26.16:105][979]LogFbx: Loading FBX Scene from F:/GodKiller/Exports/Tree_root_02.FBX
[2015.05.07-18.26.16:111][979]LogFbx: FBX Scene Loaded Succesfully
[2015.05.07-18.26.16:114][979]LogFbx: == Initial material list:
[2015.05.07-18.26.16:114][979]LogFbx: 0: None
[2015.05.07-18.26.16:114][979]LogFbx: == After sorting:
[2015.05.07-18.26.16:114][979]LogFbx: 0: None
[2015.05.07-18.26.16:114][979]LogFbx: == Mapping table:
[2015.05.07-18.26.16:114][979]LogFbx:   sort 0 -> 0
[2015.05.07-18.26.16:115][979]LogStaticMesh: Building static mesh Tree_root_02...
[2015.05.07-18.26.16:124][979]LogStaticMesh: Built static mesh [9.027078ms] /Game/Models/Env/Tree_root_02.Tree_root_02
[2015.05.07-18.26.16:130][979]FBXImport:Warning: Warning Warning: No smoothing group information was found in this FBX scene.  Please make sure to enable the 'Export Smoothing Groups' option in the FBX Exporter plug-in before exporting the file.  Even for tools that don't support smoothing groups, the FBX Exporter will generate appropriate smoothing data at export-time so that correct vertex normals can be inferred while importing. 
[2015.05.07-18.26.16:134][979]LogFactory: FactoryCreateBinary: StaticMesh with FbxFactory (0 0 F:/GodKiller/Exports/Tree_root_03.FBX)
[2015.05.07-18.26.16:153][979]LogFbx: Loading FBX Scene from F:/GodKiller/Exports/Tree_root_03.FBX
[2015.05.07-18.26.16:159][979]LogFbx: FBX Scene Loaded Succesfully
[2015.05.07-18.26.16:161][979]LogFbx: == Initial material list:
[2015.05.07-18.26.16:161][979]LogFbx: 0: None
[2015.05.07-18.26.16:161][979]LogFbx: == After sorting:
[2015.05.07-18.26.16:161][979]LogFbx: 0: None
[2015.05.07-18.26.16:161][979]LogFbx: == Mapping table:
[2015.05.07-18.26.16:161][979]LogFbx:   sort 0 -> 0
[2015.05.07-18.26.16:162][979]LogStaticMesh: Building static mesh Tree_root_03...
[2015.05.07-18.26.16:170][979]LogStaticMesh: Built static mesh [8.372714ms] /Game/Models/Env/Tree_root_03.Tree_root_03
[2015.05.07-18.26.16:176][979]FBXImport:Warning: Warning Warning: No smoothing group information was found in this FBX scene.  Please make sure to enable the 'Export Smoothing Groups' option in the FBX Exporter plug-in before exporting the file.  Even for tools that don't support smoothing groups, the FBX Exporter will generate appropriate smoothing data at export-time so that correct vertex normals can be inferred while importing. 
[2015.05.07-18.26.16:180][979]LogFactory: FactoryCreateBinary: StaticMesh with FbxFactory (0 0 F:/GodKiller/Exports/Tree_root_04.FBX)
[2015.05.07-18.26.16:199][979]LogFbx: Loading FBX Scene from F:/GodKiller/Exports/Tree_root_04.FBX
[2015.05.07-18.26.16:205][979]LogFbx: FBX Scene Loaded Succesfully
[2015.05.07-18.26.16:207][979]LogFbx: == Initial material list:
[2015.05.07-18.26.16:207][979]LogFbx: 0: None
[2015.05.07-18.26.16:207][979]LogFbx: == After sorting:
[2015.05.07-18.26.16:207][979]LogFbx: 0: None
[2015.05.07-18.26.16:207][979]LogFbx: == Mapping table:
[2015.05.07-18.26.16:207][979]LogFbx:   sort 0 -> 0
[2015.05.07-18.26.16:208][979]LogStaticMesh: Building static mesh Tree_root_04...
[2015.05.07-18.26.16:216][979]LogStaticMesh: Built static mesh [8.555479ms] /Game/Models/Env/Tree_root_04.Tree_root_04
[2015.05.07-18.26.16:222][979]FBXImport:Warning: Warning Warning: No smoothing group information was found in this FBX scene.  Please make sure to enable the 'Export Smoothing Groups' option in the FBX Exporter plug-in before exporting the file.  Even for tools that don't support smoothing groups, the FBX Exporter will generate appropriate smoothing data at export-time so that correct vertex normals can be inferred while importing. 
[2015.05.07-18.26.16:226][979]LogFactory: FactoryCreateBinary: StaticMesh with FbxFactory (0 0 F:/GodKiller/Exports/Tree_root_05.FBX)
[2015.05.07-18.26.16:245][979]LogFbx: Loading FBX Scene from F:/GodKiller/Exports/Tree_root_05.FBX
[2015.05.07-18.26.16:251][979]LogFbx: FBX Scene Loaded Succesfully
[2015.05.07-18.26.16:253][979]LogFbx: == Initial material list:
[2015.05.07-18.26.16:254][979]LogFbx: 0: None
[2015.05.07-18.26.16:254][979]LogFbx: == After sorting:
[2015.05.07-18.26.16:254][979]LogFbx: 0: None
[2015.05.07-18.26.16:254][979]LogFbx: == Mapping table:
[2015.05.07-18.26.16:254][979]LogFbx:   sort 0 -> 0
[2015.05.07-18.26.16:255][979]LogStaticMesh: Building static mesh Tree_root_05...
[2015.05.07-18.26.16:261][979]LogStaticMesh: Built static mesh [7.023785ms] /Game/Models/Env/Tree_root_05.Tree_root_05
[2015.05.07-18.26.16:267][979]FBXImport:Warning: Warning Warning: No smoothing group information was found in this FBX scene.  Please make sure to enable the 'Export Smoothing Groups' option in the FBX Exporter plug-in before exporting the file.  Even for tools that don't support smoothing groups, the FBX Exporter will generate appropriate smoothing data at export-time so that correct vertex normals can be inferred while importing. 
[2015.05.07-18.26.16:271][979]LogFactory: FactoryCreateBinary: StaticMesh with FbxFactory (0 0 F:/GodKiller/Exports/Tree_sapling.FBX)
[2015.05.07-18.26.16:291][979]LogFbx: Loading FBX Scene from F:/GodKiller/Exports/Tree_sapling.FBX
[2015.05.07-18.26.16:297][979]LogFbx: FBX Scene Loaded Succesfully
[2015.05.07-18.26.16:300][979]LogFbx: == Initial material list:
[2015.05.07-18.26.16:300][979]LogFbx: 0: None
[2015.05.07-18.26.16:300][979]LogFbx: == After sorting:
[2015.05.07-18.26.16:300][979]LogFbx: 0: None
[2015.05.07-18.26.16:300][979]LogFbx: == Mapping table:
[2015.05.07-18.26.16:300][979]LogFbx:   sort 0 -> 0
[2015.05.07-18.26.16:301][979]LogStaticMesh: Building static mesh Tree_sapling...
[2015.05.07-18.26.16:337][979]LogStaticMesh: Built static mesh [36.255150ms] /Game/Models/Env/Tree_sapling.Tree_sapling
[2015.05.07-18.26.16:344][979]FBXImport:Warning: Warning Warning: No smoothing group information was found in this FBX scene.  Please make sure to enable the 'Export Smoothing Groups' option in the FBX Exporter plug-in before exporting the file.  Even for tools that don't support smoothing groups, the FBX Exporter will generate appropriate smoothing data at export-time so that correct vertex normals can be inferred while importing. 
[2015.05.07-18.26.16:349][979]LogContentBrowser:Verbose: The content browser source was changed by the sources view to 'None'
[2015.05.07-18.26.16:349][979]LogContentBrowser:Verbose: The content browser source was changed by the sources view to '/Game/Models/Env'
[2015.05.07-18.26.16:349][979]LogContentBrowser:Verbose: The content browser source was changed by the sources view to '/Game/Models/Env'
[2015.05.07-18.26.16:350][979]LogContentBrowser:Verbose: The content browser source was changed by the sources view to '/Game/Models/Env'
[2015.05.07-18.26.16:350][979]LogContentBrowser:Verbose: The content browser source was changed by the sources view to '/Game/Models/Env'
[2015.05.07-18.26.16:350][979]LogContentBrowser:Verbose: The content browser source was changed by the sources view to '/Game/Models/Env'
[2015.05.07-18.26.16:351][979]LogContentBrowser:Verbose: The content browser source was changed by the sources view to '/Game/Models/Env'
[2015.05.07-18.26.16:351][979]LogContentBrowser:Verbose: The content browser source was changed by the sources view to '/Game/Models/Env'
[2015.05.07-18.26.16:351][979]LogContentBrowser:Verbose: The content browser source was changed by the sources view to '/Game/Models/Env'
[2015.05.07-18.26.16:351][979]LogContentBrowser:Verbose: The content browser source was changed by the sources view to '/Game/Models/Env'
[2015.05.07-18.26.16:352][979]LogContentBrowser:Verbose: The content browser source was changed by the sources view to '/Game/Models/Env'
[2015.05.07-18.26.16:352][979]LogContentBrowser:Verbose: The content browser source was changed by the sources view to '/Game/Models/Env'
[2015.05.07-18.26.16:352][979]LogContentBrowser:Verbose: The content browser source was changed by the sources view to '/Game/Models/Env'
[2015.05.07-18.26.16:353][979]LogContentBrowser:Verbose: The content browser source was changed by the sources view to '/Game/Models/Env'
[2015.05.07-18.26.16:353][979]LogContentBrowser:Verbose: The content browser source was changed by the sources view to '/Game/Models/Env'
[2015.05.07-18.26.16:353][979]LogContentBrowser:Verbose: The content browser source was changed by the sources view to '/Game/Models/Env'
[2015.05.07-18.26.16:354][979]LogContentBrowser:Verbose: The content browser source was changed by the sources view to '/Game/Models/Env'
[2015.05.07-18.26.16:354][979]LogContentBrowser:Verbose: The content browser source was changed by the sources view to '/Game/Models/Env'
[2015.05.07-18.26.16:354][979]LogContentBrowser:Verbose: The content browser source was changed by the sources view to '/Game/Models/Env'
[2015.05.07-18.26.16:355][979]LogContentBrowser:Verbose: The content browser source was changed by the sources view to '/Game/Models/Env'
[2015.05.07-18.26.16:355][979]LogContentBrowser:Verbose: The content browser source was changed by the sources view to '/Game/Models/Env'
[2015.05.07-18.26.16:355][979]LogContentBrowser:Verbose: The content browser source was changed by the sources view to '/Game/Models/Env'
[2015.05.07-18.26.16:355][979]LogContentBrowser:Verbose: The content browser source was changed by the sources view to '/Game/Models/Env'
[2015.05.07-18.26.21:712][128]LogActorComponent: UnregisterComponent: (/Engine/Transient.CharMoveComp) Not registered. Aborting.
[2015.05.07-18.26.21:712][128]LogActorComponent: UnregisterComponent: (/Engine/Transient.CharacterMovementComponent_0) Not registered. Aborting.
[2015.05.07-18.26.24:795][128]Cmd: OBJ SAVEPACKAGE PACKAGE="/Game/Models/Env/Bottle_01" FILE="D:/Valadez_Isaac/God-Killer/Content/Models/Env/Bottle_01.uasset" SILENT=true
[2015.05.07-18.26.25:119][128]LogSavePackage: Save=323.454193ms
[2015.05.07-18.26.25:119][128]LogSavePackage: Moving 'D:/Valadez_Isaac/God-Killer/Saved/Bottle_01F7CD09D44CDB09CCBCCAF8BC9C01CD75.tmp' to 'D:/Valadez_Isaac/God-Killer/Content/Models/Env/Bottle_01.uasset'
[2015.05.07-18.26.25:140][128]Cmd: OBJ SAVEPACKAGE PACKAGE="/Game/Models/Env/Bottle_02" FILE="D:/Valadez_Isaac/God-Killer/Content/Models/Env/Bottle_02.uasset" SILENT=true
[2015.05.07-18.26.25:468][128]LogSavePackage: Save=327.339325ms
[2015.05.07-18.26.25:468][128]LogSavePackage: Moving 'D:/Valadez_Isaac/God-Killer/Saved/Bottle_020E78CAE9490D316FF0680E886381518C.tmp' to 'D:/Valadez_Isaac/God-Killer/Content/Models/Env/Bottle_02.uasset'
[2015.05.07-18.26.25:489][128]Cmd: OBJ SAVEPACKAGE PACKAGE="/Game/Models/Env/Bottle_03" FILE="D:/Valadez_Isaac/God-Killer/Content/Models/Env/Bottle_03.uasset" SILENT=true
[2015.05.07-18.26.25:815][128]LogSavePackage: Save=325.540741ms
[2015.05.07-18.26.25:815][128]LogSavePackage: Moving 'D:/Valadez_Isaac/God-Killer/Saved/Bottle_0327892F9A4A2F65E72232EC93CF76CB27.tmp' to 'D:/Valadez_Isaac/God-Killer/Content/Models/Env/Bottle_03.uasset'
[2015.05.07-18.26.25:836][128]Cmd: OBJ SAVEPACKAGE PACKAGE="/Game/Models/Env/Bottle_04" FILE="D:/Valadez_Isaac/God-Killer/Content/Models/Env/Bottle_04.uasset" SILENT=true
[2015.05.07-18.26.26:156][128]LogSavePackage: Save=319.033630ms
[2015.05.07-18.26.26:156][128]LogSavePackage: Moving 'D:/Valadez_Isaac/God-Killer/Saved/Bottle_04BE6DB2A841AB99EEF0B1F8932B104CAE.tmp' to 'D:/Valadez_Isaac/God-Killer/Content/Models/Env/Bottle_04.uasset'
[2015.05.07-18.26.26:176][128]Cmd: OBJ SAVEPACKAGE PACKAGE="/Game/Models/Env/Bottle_05" FILE="D:/Valadez_Isaac/God-Killer/Content/Models/Env/Bottle_05.uasset" SILENT=true
[2015.05.07-18.26.26:486][128]LogSavePackage: Save=309.496460ms
[2015.05.07-18.26.26:486][128]LogSavePackage: Moving 'D:/Valadez_Isaac/God-Killer/Saved/Bottle_0522B7A03F42CB0F360FA11F96F422D6FC.tmp' to 'D:/Valadez_Isaac/God-Killer/Content/Models/Env/Bottle_05.uasset'
[2015.05.07-18.26.26:506][128]Cmd: OBJ SAVEPACKAGE PACKAGE="/Game/Models/Env/Branch_01" FILE="D:/Valadez_Isaac/God-Killer/Content/Models/Env/Branch_01.uasset" SILENT=true
[2015.05.07-18.26.26:817][128]LogSavePackage: Save=310.157379ms
[2015.05.07-18.26.26:817][128]LogSavePackage: Moving 'D:/Valadez_Isaac/God-Killer/Saved/Branch_01BCD27C1540E1C8D7D2CC20B7660189DC.tmp' to 'D:/Valadez_Isaac/God-Killer/Content/Models/Env/Branch_01.uasset'
[2015.05.07-18.26.26:839][128]Cmd: OBJ SAVEPACKAGE PACKAGE="/Game/Models/Env/Branch_02" FILE="D:/Valadez_Isaac/God-Killer/Content/Models/Env/Branch_02.uasset" SILENT=true
[2015.05.07-18.26.27:156][128]LogSavePackage: Save=316.672791ms
[2015.05.07-18.26.27:156][128]LogSavePackage: Moving 'D:/Valadez_Isaac/God-Killer/Saved/Branch_02283A31D14E6729867665C6B393D2FA7C.tmp' to 'D:/Valadez_Isaac/God-Killer/Content/Models/Env/Branch_02.uasset'
[2015.05.07-18.26.27:179][128]Cmd: OBJ SAVEPACKAGE PACKAGE="/Game/Models/Env/Branch_03" FILE="D:/Valadez_Isaac/God-Killer/Content/Models/Env/Branch_03.uasset" SILENT=true
[2015.05.07-18.26.27:497][128]LogSavePackage: Save=316.887207ms
[2015.05.07-18.26.27:497][128]LogSavePackage: Moving 'D:/Valadez_Isaac/God-Killer/Saved/Branch_037C5CD7034EDB17E54A65B6AC3C183720.tmp' to 'D:/Valadez_Isaac/God-Killer/Content/Models/Env/Branch_03.uasset'
[2015.05.07-18.26.27:518][128]Cmd: OBJ SAVEPACKAGE PACKAGE="/Game/Models/Env/Branch_04" FILE="D:/Valadez_Isaac/God-Killer/Content/Models/Env/Branch_04.uasset" SILENT=true
[2015.05.07-18.26.27:851][128]LogSavePackage: Save=331.366455ms
[2015.05.07-18.26.27:851][128]LogSavePackage: Moving 'D:/Valadez_Isaac/God-Killer/Saved/Branch_04E5FEBC8C498F9B6C091AD6989018A091.tmp' to 'D:/Valadez_Isaac/God-Killer/Content/Models/Env/Branch_04.uasset'
[2015.05.07-18.26.27:872][128]Cmd: OBJ SAVEPACKAGE PACKAGE="/Game/Models/Env/Branch_05" FILE="D:/Valadez_Isaac/God-Killer/Content/Models/Env/Branch_05.uasset" SILENT=true
[2015.05.07-18.26.28:187][128]LogSavePackage: Save=314.143433ms
[2015.05.07-18.26.28:188][128]LogSavePackage: Moving 'D:/Valadez_Isaac/God-Killer/Saved/Branch_05A4E908BB473C391CCBA8B18BFC630C8C.tmp' to 'D:/Valadez_Isaac/God-Killer/Content/Models/Env/Branch_05.uasset'
[2015.05.07-18.26.28:211][128]Cmd: OBJ SAVEPACKAGE PACKAGE="/Game/Models/Env/Flower_pot_01" FILE="D:/Valadez_Isaac/God-Killer/Content/Models/Env/Flower_pot_01.uasset" SILENT=true
[2015.05.07-18.26.28:500][128]LogSavePackage: Save=287.302002ms
[2015.05.07-18.26.28:500][128]LogSavePackage: Moving 'D:/Valadez_Isaac/God-Killer/Saved/Flower_pot_012421E2174B6CFCC92CAC049B3023CFD2.tmp' to 'D:/Valadez_Isaac/God-Killer/Content/Models/Env/Flower_pot_01.uasset'
[2015.05.07-18.26.28:523][128]Cmd: OBJ SAVEPACKAGE PACKAGE="/Game/Models/Env/Flower_pot_02" FILE="D:/Valadez_Isaac/God-Killer/Content/Models/Env/Flower_pot_02.uasset" SILENT=true
[2015.05.07-18.26.28:821][128]LogSavePackage: Save=296.614197ms
[2015.05.07-18.26.28:821][128]LogSavePackage: Moving 'D:/Valadez_Isaac/God-Killer/Saved/Flower_pot_0228CF9B9E42A72A70DF37A7BEFFEC2C54.tmp' to 'D:/Valadez_Isaac/God-Killer/Content/Models/Env/Flower_pot_02.uasset'
[2015.05.07-18.26.28:843][128]Cmd: OBJ SAVEPACKAGE PACKAGE="/Game/Models/Env/Sack_01" FILE="D:/Valadez_Isaac/God-Killer/Content/Models/Env/Sack_01.uasset" SILENT=true
[2015.05.07-18.26.29:143][128]LogSavePackage: Save=299.159515ms
[2015.05.07-18.26.29:143][128]LogSavePackage: Moving 'D:/Valadez_Isaac/God-Killer/Saved/Sack_01C49499F145AFA7E5EBE44D8CD2091EAA.tmp' to 'D:/Valadez_Isaac/God-Killer/Content/Models/Env/Sack_01.uasset'
[2015.05.07-18.26.29:167][128]Cmd: OBJ SAVEPACKAGE PACKAGE="/Game/Models/Env/Sack_02" FILE="D:/Valadez_Isaac/God-Killer/Content/Models/Env/Sack_02.uasset" SILENT=true
[2015.05.07-18.26.29:472][128]LogSavePackage: Save=303.452087ms
[2015.05.07-18.26.29:472][128]LogSavePackage: Moving 'D:/Valadez_Isaac/God-Killer/Saved/Sack_025187BF78488C985708C251A00280DA67.tmp' to 'D:/Valadez_Isaac/God-Killer/Content/Models/Env/Sack_02.uasset'
[2015.05.07-18.26.29:495][128]Cmd: OBJ SAVEPACKAGE PACKAGE="/Game/Models/Env/Sack_03" FILE="D:/Valadez_Isaac/God-Killer/Content/Models/Env/Sack_03.uasset" SILENT=true
[2015.05.07-18.26.29:786][128]LogSavePackage: Save=290.013824ms
[2015.05.07-18.26.29:786][128]LogSavePackage: Moving 'D:/Valadez_Isaac/God-Killer/Saved/Sack_03421D449D4CD6ABCCC71B36BEB4351B43.tmp' to 'D:/Valadez_Isaac/God-Killer/Content/Models/Env/Sack_03.uasset'
[2015.05.07-18.26.29:808][128]Cmd: OBJ SAVEPACKAGE PACKAGE="/Game/Models/Env/Sack_04" FILE="D:/Valadez_Isaac/God-Killer/Content/Models/Env/Sack_04.uasset" SILENT=true
[2015.05.07-18.26.30:109][128]LogSavePackage: Save=300.216766ms
[2015.05.07-18.26.30:109][128]LogSavePackage: Moving 'D:/Valadez_Isaac/God-Killer/Saved/Sack_04E312B1B74A0642BE36E0199AAF171653.tmp' to 'D:/Valadez_Isaac/God-Killer/Content/Models/Env/Sack_04.uasset'
[2015.05.07-18.26.30:138][128]Cmd: OBJ SAVEPACKAGE PACKAGE="/Game/Models/Env/Tree_root_01" FILE="D:/Valadez_Isaac/God-Killer/Content/Models/Env/Tree_root_01.uasset" SILENT=true
[2015.05.07-18.26.30:449][128]LogSavePackage: Save=310.053314ms
[2015.05.07-18.26.30:449][128]LogSavePackage: Moving 'D:/Valadez_Isaac/God-Killer/Saved/Tree_root_0174A80EE44A0DE1A493DD138C10641264.tmp' to 'D:/Valadez_Isaac/God-Killer/Content/Models/Env/Tree_root_01.uasset'
[2015.05.07-18.26.30:478][128]Cmd: OBJ SAVEPACKAGE PACKAGE="/Game/Models/Env/Tree_root_02" FILE="D:/Valadez_Isaac/God-Killer/Content/Models/Env/Tree_root_02.uasset" SILENT=true
[2015.05.07-18.26.30:796][128]LogSavePackage: Save=317.142395ms
[2015.05.07-18.26.30:796][128]LogSavePackage: Moving 'D:/Valadez_Isaac/God-Killer/Saved/Tree_root_0257B413524B31204767314F9A90B7DCEC.tmp' to 'D:/Valadez_Isaac/God-Killer/Content/Models/Env/Tree_root_02.uasset'
[2015.05.07-18.26.30:827][128]Cmd: OBJ SAVEPACKAGE PACKAGE="/Game/Models/Env/Tree_root_03" FILE="D:/Valadez_Isaac/God-Killer/Content/Models/Env/Tree_root_03.uasset" SILENT=true
[2015.05.07-18.26.31:125][128]LogSavePackage: Save=297.470428ms
[2015.05.07-18.26.31:125][128]LogSavePackage: Moving 'D:/Valadez_Isaac/God-Killer/Saved/Tree_root_03F08638F24FCDAA6C8CB515BF4DD3EABF.tmp' to 'D:/Valadez_Isaac/God-Killer/Content/Models/Env/Tree_root_03.uasset'
[2015.05.07-18.26.31:154][128]Cmd: OBJ SAVEPACKAGE PACKAGE="/Game/Models/Env/Tree_root_04" FILE="D:/Valadez_Isaac/God-Killer/Content/Models/Env/Tree_root_04.uasset" SILENT=true
[2015.05.07-18.26.31:461][128]LogSavePackage: Save=306.387146ms
[2015.05.07-18.26.31:461][128]LogSavePackage: Moving 'D:/Valadez_Isaac/God-Killer/Saved/Tree_root_04282182C04BD961E7B509088DC444955F.tmp' to 'D:/Valadez_Isaac/God-Killer/Content/Models/Env/Tree_root_04.uasset'
[2015.05.07-18.26.31:490][128]Cmd: OBJ SAVEPACKAGE PACKAGE="/Game/Models/Env/Tree_root_05" FILE="D:/Valadez_Isaac/God-Killer/Content/Models/Env/Tree_root_05.uasset" SILENT=true
[2015.05.07-18.26.31:798][128]LogSavePackage: Save=306.447327ms
[2015.05.07-18.26.31:798][128]LogSavePackage: Moving 'D:/Valadez_Isaac/God-Killer/Saved/Tree_root_05D9D7EE66485A2791A6760E989B411E92.tmp' to 'D:/Valadez_Isaac/God-Killer/Content/Models/Env/Tree_root_05.uasset'
[2015.05.07-18.26.31:826][128]Cmd: OBJ SAVEPACKAGE PACKAGE="/Game/Models/Env/Tree_sapling" FILE="D:/Valadez_Isaac/God-Killer/Content/Models/Env/Tree_sapling.uasset" SILENT=true
[2015.05.07-18.26.32:130][128]LogSavePackage: Save=303.488861ms
[2015.05.07-18.26.32:130][128]LogSavePackage: Moving 'D:/Valadez_Isaac/God-Killer/Saved/Tree_sapling2B98643B4922BBCC8D24C68F9351F789.tmp' to 'D:/Valadez_Isaac/God-Killer/Content/Models/Env/Tree_sapling.uasset'
[2015.05.07-18.26.50:927][761]Cmd: QUIT_EDITOR
[2015.05.07-18.26.51:124][761]LogExit: Preparing to exit.
[2015.05.07-18.26.52:011][761]LogExit: Editor shut down
[2015.05.07-18.26.52:012][761]LogExit: Transaction tracking system shut down
[2015.05.07-18.26.52:013][761]LogParticles: Destroying 0 GPU particle simulations for FXSystem 0x0000000018C2BD80
[2015.05.07-18.26.52:013][761]LogParticles: Destroying 0 GPU particle simulations for FXSystem 0x000000001BFDC720
[2015.05.07-18.26.52:013][761]LogParticles: Destroying 0 GPU particle simulations for FXSystem 0x0000000017EC1D00
[2015.05.07-18.26.52:013][761]LogParticles: Destroying 0 GPU particle simulations for FXSystem 0x0000000017363420
[2015.05.07-18.26.52:061][761]LogExit: Object subsystem successfully closed.
[2015.05.07-18.26.52:120][761]LogModuleManager: Shutting down and abandoning module CrashTracker (177)
[2015.05.07-18.26.52:120][761]LogModuleManager: Shutting down and abandoning module SuperSearch (176)
[2015.05.07-18.26.52:120][761]LogModuleManager: Shutting down and abandoning module SceneOutliner (175)
[2015.05.07-18.26.52:120][761]LogModuleManager: Shutting down and abandoning module EditorWidgets (174)
[2015.05.07-18.26.52:120][761]LogModuleManager: Shutting down and abandoning module CollectionManager (173)
[2015.05.07-18.26.52:120][761]LogModuleManager: Shutting down and abandoning module StatsViewer (172)
[2015.05.07-18.26.52:120][761]LogModuleManager: Shutting down and abandoning module FoliageEdit (171)
[2015.05.07-18.26.52:120][761]LogModuleManager: Shutting down and abandoning module LandscapeEditor (170)
[2015.05.07-18.26.52:120][761]LogModuleManager: Shutting down and abandoning module MeshPaint (169)
[2015.05.07-18.26.52:120][761]LogModuleManager: Shutting down and abandoning module ActorPickerMode (168)
[2015.05.07-18.26.52:120][761]LogModuleManager: Shutting down and abandoning module GeometryMode (167)
[2015.05.07-18.26.52:120][761]LogModuleManager: Shutting down and abandoning module TextureAlignMode (166)
[2015.05.07-18.26.52:120][761]LogModuleManager: Shutting down and abandoning module BspMode (165)
[2015.05.07-18.26.52:120][761]LogModuleManager: Shutting down and abandoning module PlacementMode (164)
[2015.05.07-18.26.52:120][761]LogModuleManager: Shutting down and abandoning module AutomationWorker (163)
[2015.05.07-18.26.52:120][761]LogModuleManager: Shutting down and abandoning module CharacterAI (162)
[2015.05.07-18.26.52:120][761]LogModuleManager: Shutting down and abandoning module SmartSnapping (161)
[2015.05.07-18.26.52:120][761]LogModuleManager: Shutting down and abandoning module ViewportSnapping (160)
[2015.05.07-18.26.52:120][761]LogModuleManager: Shutting down and abandoning module LogVisualizer (159)
[2015.05.07-18.26.52:120][761]LogModuleManager: Shutting down and abandoning module GameProjectGeneration (158)
[2015.05.07-18.26.52:121][761]LogModuleManager: Shutting down and abandoning module IntroTutorials (157)
[2015.05.07-18.26.52:121][761]LogModuleManager: Shutting down and abandoning module EditorLiveStreaming (156)
[2015.05.07-18.26.52:121][761]LogModuleManager: Shutting down and abandoning module HardwareTargeting (155)
[2015.05.07-18.26.52:121][761]LogModuleManager: Shutting down and abandoning module DeviceProfileEditor (154)
[2015.05.07-18.26.52:121][761]LogModuleManager: Shutting down and abandoning module UndoHistory (153)
[2015.05.07-18.26.52:121][761]LogModuleManager: Shutting down and abandoning module GameplayTagsEditor (152)
[2015.05.07-18.26.52:121][761]LogModuleManager: Shutting down and abandoning module UserFeedback (151)
[2015.05.07-18.26.52:121][761]LogModuleManager: Shutting down and abandoning module XmlParser (150)
[2015.05.07-18.26.52:121][761]LogModuleManager: Shutting down and abandoning module Blutility (149)
[2015.05.07-18.26.52:121][761]LogModuleManager: Shutting down and abandoning module IOSPlatformEditor (148)
[2015.05.07-18.26.52:121][761]LogModuleManager: Shutting down and abandoning module IOSRuntimeSettings (147)
[2015.05.07-18.26.52:121][761]LogModuleManager: Shutting down and abandoning module AndroidDeviceDetection (146)
[2015.05.07-18.26.52:925][761]LogModuleManager: Shutting down and abandoning module AndroidPlatformEditor (145)
[2015.05.07-18.26.52:925][761]LogModuleManager: Shutting down and abandoning module AndroidRuntimeSettings (144)
[2015.05.07-18.26.52:925][761]LogModuleManager: Shutting down and abandoning module ProjectTargetPlatformEditor (143)
[2015.05.07-18.26.52:925][761]LogModuleManager: Shutting down and abandoning module ProjectSettingsViewer (142)
[2015.05.07-18.26.52:925][761]LogModuleManager: Shutting down and abandoning module InputBindingEditor (141)
[2015.05.07-18.26.52:925][761]LogModuleManager: Shutting down and abandoning module EditorSettingsViewer (140)
[2015.05.07-18.26.52:925][761]LogModuleManager: Shutting down and abandoning module SettingsEditor (139)
[2015.05.07-18.26.52:925][761]LogModuleManager: Shutting down and abandoning module ProjectLauncher (138)
[2015.05.07-18.26.52:925][761]LogModuleManager: Shutting down and abandoning module SessionFrontend (137)
[2015.05.07-18.26.52:925][761]LogModuleManager: Shutting down and abandoning module ProfilerClient (136)
[2015.05.07-18.26.52:925][761]LogModuleManager: Shutting down and abandoning module TargetDeviceServices (135)
[2015.05.07-18.26.52:925][761]LogModuleManager: Shutting down and abandoning module DeviceManager (134)
[2015.05.07-18.26.52:925][761]LogModuleManager: Shutting down and abandoning module AutomationController (133)
[2015.05.07-18.26.52:926][761]LogModuleManager: Shutting down and abandoning module AutomationWindow (132)
[2015.05.07-18.26.52:926][761]LogModuleManager: Shutting down and abandoning module Layers (131)
[2015.05.07-18.26.52:926][761]LogModuleManager: Shutting down and abandoning module ComponentVisualizers (130)
[2015.05.07-18.26.52:926][761]LogModuleManager: Shutting down and abandoning module DetailCustomizations (129)
[2015.05.07-18.26.52:926][761]LogModuleManager: Shutting down and abandoning module PackagesDialog (128)
[2015.05.07-18.26.52:926][761]LogModuleManager: Shutting down and abandoning module AssetRegistry (127)
[2015.05.07-18.26.53:009][761]LogModuleManager: Shutting down and abandoning module Persona (126)
[2015.05.07-18.26.53:009][761]LogModuleManager: Shutting down and abandoning module SlateReflector (125)
[2015.05.07-18.26.53:009][761]LogModuleManager: Shutting down and abandoning module LevelEditor (124)
[2015.05.07-18.26.53:010][761]LogModuleManager: Shutting down and abandoning module Kismet (123)
[2015.05.07-18.26.53:010][761]LogModuleManager: Shutting down and abandoning module GraphEditor (122)
[2015.05.07-18.26.53:010][761]LogModuleManager: Shutting down and abandoning module ClassViewer (121)
[2015.05.07-18.26.53:010][761]LogModuleManager: Shutting down and abandoning module Toolbox (120)
[2015.05.07-18.26.53:010][761]LogModuleManager: Shutting down and abandoning module ModuleUI (119)
[2015.05.07-18.26.53:010][761]LogModuleManager: Shutting down and abandoning module MovieSceneTools (118)
[2015.05.07-18.26.53:010][761]LogModuleManager: Shutting down and abandoning module OutputLog (117)
[2015.05.07-18.26.53:010][761]LogModuleManager: Shutting down and abandoning module GammaUI (116)
[2015.05.07-18.26.53:010][761]LogModuleManager: Shutting down and abandoning module Documentation (115)
[2015.05.07-18.26.53:010][761]LogModuleManager: Shutting down and abandoning module GameLiveStreaming (114)
[2015.05.07-18.26.53:010][761]LogModuleManager: Shutting down and abandoning module StreamingPauseRendering (113)
[2015.05.07-18.26.53:010][761]LogModuleManager: Shutting down and abandoning module HTTP (112)
[2015.05.07-18.26.53:010][761]LogModuleManager: Shutting down and abandoning module AnalyticsET (111)
[2015.05.07-18.26.53:010][761]LogModuleManager: Shutting down and abandoning module Analytics (110)
[2015.05.07-18.26.53:010][761]LogModuleManager: Shutting down and abandoning module AITestSuite (109)
[2015.05.07-18.26.53:010][761]LogModuleManager: Shutting down and abandoning module GameplayDebugger (108)
[2015.05.07-18.26.53:010][761]LogModuleManager: Shutting down and abandoning module AIModule (107)
[2015.05.07-18.26.53:010][761]LogModuleManager: Shutting down and abandoning module ProfilerService (106)
[2015.05.07-18.26.53:156][761]LogModuleManager: Shutting down and abandoning module TaskGraph (105)
[2015.05.07-18.26.53:156][761]LogModuleManager: Shutting down and abandoning module SlateRemote (104)
[2015.05.07-18.26.53:156][761]LogModuleManager: Shutting down and abandoning module ScriptEditorPlugin (103)
[2015.05.07-18.26.53:156][761]LogModuleManager: Shutting down and abandoning module CustomMeshComponent (102)
[2015.05.07-18.26.53:156][761]LogModuleManager: Shutting down and abandoning module CableComponent (101)
[2015.05.07-18.26.53:156][761]LogModuleManager: Shutting down and abandoning module MessagingDebugger (100)
[2015.05.07-18.26.53:156][761]LogModuleManager: Shutting down and abandoning module MediaPlayerEditor (99)
[2015.05.07-18.26.53:156][761]LogModuleManager: Shutting down and abandoning module SpeedTreeImporter (98)
[2015.05.07-18.26.53:156][761]LogModuleManager: Shutting down and abandoning module PluginsEditor (97)
[2015.05.07-18.26.53:156][761]LogModuleManager: Shutting down and abandoning module MainFrame (96)
[2015.05.07-18.26.53:156][761]LogModuleManager: Shutting down and abandoning module EpicSurvey (95)
[2015.05.07-18.26.53:156][761]LogModuleManager: Shutting down and abandoning module DesktopPlatform (94)
[2015.05.07-18.26.53:156][761]LogModuleManager: Shutting down and abandoning module DirectoryWatcher (93)
[2015.05.07-18.26.53:156][761]LogModuleManager: Shutting down and abandoning module HotReload (92)
[2015.05.07-18.26.53:156][761]LogModuleManager: Shutting down and abandoning module VisualStudioSourceCodeAccess (91)
[2015.05.07-18.26.53:156][761]LogModuleManager: Shutting down and abandoning module UObjectPlugin (90)
[2015.05.07-18.26.53:156][761]LogModuleManager: Shutting down and abandoning module SubversionSourceControl (89)
[2015.05.07-18.26.53:156][761]LogModuleManager: Shutting down and abandoning module PerforceSourceControl (88)
[2015.05.07-18.26.53:156][761]LogModuleManager: Shutting down and abandoning module SourceControl (87)
[2015.05.07-18.26.53:156][761]LogModuleManager: Shutting down and abandoning module GitSourceControl (86)
[2015.05.07-18.26.53:156][761]LogModuleManager: Shutting down and abandoning module BlankPlugin (85)
[2015.05.07-18.26.53:156][761]LogModuleManager: Shutting down and abandoning module PaperTiledImporter (84)
[2015.05.07-18.26.53:156][761]LogModuleManager: Shutting down and abandoning module PaperJsonImporter (83)
[2015.05.07-18.26.53:156][761]LogModuleManager: Shutting down and abandoning module ContentBrowser (82)
[2015.05.07-18.26.53:157][761]LogModuleManager: Shutting down and abandoning module Paper2DEditor (81)
[2015.05.07-18.26.53:157][761]LogModuleManager: Shutting down and abandoning module ScriptPlugin (80)
[2015.05.07-18.26.53:157][761]LogModuleManager: Shutting down and abandoning module UdpMessaging (79)
[2015.05.07-18.26.53:257][761]LogModuleManager: Shutting down and abandoning module Paper2D (78)
[2015.05.07-18.26.53:257][761]LogModuleManager: Shutting down and abandoning module WindowsMoviePlayer (77)
[2015.05.07-18.26.53:258][761]LogModuleManager: Shutting down and abandoning module Media (76)
[2015.05.07-18.26.53:258][761]LogModuleManager: Shutting down and abandoning module WmfMedia (75)
[2015.05.07-18.26.53:259][761]LogModuleManager: Shutting down and abandoning module OnlineBlueprintSupport (74)
[2015.05.07-18.26.53:259][761]LogModuleManager: Shutting down and abandoning module PropertyEditor (73)
[2015.05.07-18.26.53:259][761]LogModuleManager: Shutting down and abandoning module BehaviorTreeEditor (72)
[2015.05.07-18.26.53:259][761]LogModuleManager: Shutting down and abandoning module FunctionalTesting (71)
[2015.05.07-18.26.53:259][761]LogModuleManager: Shutting down and abandoning module CollisionAnalyzer (70)
[2015.05.07-18.26.53:259][761]LogModuleManager: Shutting down and abandoning module WorkspaceMenuStructure (69)
[2015.05.07-18.26.53:259][761]LogModuleManager: Shutting down and abandoning module MessageLog (68)
[2015.05.07-18.26.53:259][761]LogModuleManager: Shutting down and abandoning module Sequencer (67)
[2015.05.07-18.26.53:259][761]LogModuleManager: Shutting down and abandoning module AssetTools (66)
[2015.05.07-18.26.53:259][761]LogModuleManager: Shutting down and abandoning module UMGEditor (65)
[2015.05.07-18.26.53:259][761]LogModuleManager: Shutting down and abandoning module UMG (64)
[2015.05.07-18.26.53:259][761]LogModuleManager: Shutting down and abandoning module Slate (63)
[2015.05.07-18.26.53:259][761]LogModuleManager: Shutting down and abandoning module EditorStyle (62)
[2015.05.07-18.26.53:263][761]LogModuleManager: Shutting down and abandoning module SessionServices (61)
[2015.05.07-18.26.53:263][761]LogModuleManager: Shutting down and abandoning module SourceCodeAccess (60)
[2015.05.07-18.26.53:263][761]LogModuleManager: Shutting down and abandoning module HeadMountedDisplay (59)
[2015.05.07-18.26.53:263][761]LogModuleManager: Shutting down and abandoning module XAudio2 (58)
[2015.05.07-18.26.53:263][761]LogModuleManager: Shutting down and abandoning module Networking (56)
[2015.05.07-18.26.53:263][761]LogModuleManager: Shutting down and abandoning module Core (55)
[2015.05.07-18.26.53:263][761]LogModuleManager: Shutting down and abandoning module KismetCompiler (54)
[2015.05.07-18.26.53:263][761]LogModuleManager: Shutting down and abandoning module PhysXFormats (53)
[2015.05.07-18.26.53:263][761]LogModuleManager: Shutting down and abandoning module MeshUtilities (52)
[2015.05.07-18.26.53:263][761]LogModuleManager: Shutting down and abandoning module DerivedDataCache (51)
[2015.05.07-18.26.53:514][761]LogDerivedDataCache: Shutdown
[2015.05.07-18.26.53:514][761]LogModuleManager: Shutting down and abandoning module ShaderFormatOpenGL (50)
[2015.05.07-18.26.53:514][761]LogModuleManager: Shutting down and abandoning module ShaderFormatD3D (49)
[2015.05.07-18.26.53:514][761]LogModuleManager: Shutting down and abandoning module MetalShaderFormat (48)
[2015.05.07-18.26.53:514][761]LogModuleManager: Shutting down and abandoning module TextureFormatUncompressed (47)
[2015.05.07-18.26.53:514][761]LogModuleManager: Shutting down and abandoning module TextureFormatPVR (46)
[2015.05.07-18.26.53:514][761]LogModuleManager: Shutting down and abandoning module TextureFormatIntelISPCTexComp (45)
[2015.05.07-18.26.53:514][761]LogModuleManager: Shutting down and abandoning module TextureFormatDXT (44)
[2015.05.07-18.26.53:514][761]LogModuleManager: Shutting down and abandoning module ImageWrapper (43)
[2015.05.07-18.26.53:514][761]LogModuleManager: Shutting down and abandoning module TextureFormatASTC (42)
[2015.05.07-18.26.53:514][761]LogModuleManager: Shutting down and abandoning module TextureFormatAndroid (41)
[2015.05.07-18.26.53:514][761]LogModuleManager: Shutting down and abandoning module AudioFormatOpus (40)
[2015.05.07-18.26.53:514][761]LogModuleManager: Shutting down and abandoning module AudioFormatOgg (39)
[2015.05.07-18.26.53:514][761]LogModuleManager: Shutting down and abandoning module AudioFormatADPCM (38)
[2015.05.07-18.26.53:514][761]LogModuleManager: Shutting down and abandoning module LinuxTargetPlatform (37)
[2015.05.07-18.26.53:514][761]LogModuleManager: Shutting down and abandoning module LinuxServerTargetPlatform (36)
[2015.05.07-18.26.53:514][761]LogModuleManager: Shutting down and abandoning module LinuxNoEditorTargetPlatform (35)
[2015.05.07-18.26.53:514][761]LogModuleManager: Shutting down and abandoning module Messaging (34)
[2015.05.07-18.26.53:514][761]LogModuleManager: Shutting down and abandoning module IOSTargetPlatform (33)
[2015.05.07-18.26.53:514][761]LogModuleManager: Shutting down and abandoning module HTML5TargetPlatform (32)
[2015.05.07-18.26.53:514][761]LogModuleManager: Shutting down and abandoning module Android_PVRTCTargetPlatform (31)
[2015.05.07-18.26.53:514][761]LogModuleManager: Shutting down and abandoning module Android_ETC2TargetPlatform (30)
[2015.05.07-18.26.53:514][761]LogModuleManager: Shutting down and abandoning module Android_ETC1TargetPlatform (29)
[2015.05.07-18.26.53:514][761]LogModuleManager: Shutting down and abandoning module Android_ES31TargetPlatform (28)
[2015.05.07-18.26.53:514][761]LogModuleManager: Shutting down and abandoning module Android_DXTTargetPlatform (27)
[2015.05.07-18.26.53:514][761]LogModuleManager: Shutting down and abandoning module Android_ATCTargetPlatform (26)
[2015.05.07-18.26.53:514][761]LogModuleManager: Shutting down and abandoning module AndroidTargetPlatform (25)
[2015.05.07-18.26.53:514][761]LogModuleManager: Shutting down and abandoning module WindowsTargetPlatform (24)
[2015.05.07-18.26.53:514][761]LogModuleManager: Shutting down and abandoning module WindowsServerTargetPlatform (23)
[2015.05.07-18.26.53:514][761]LogModuleManager: Shutting down and abandoning module WindowsNoEditorTargetPlatform (22)
[2015.05.07-18.26.53:514][761]LogModuleManager: Shutting down and abandoning module WindowsClientTargetPlatform (21)
[2015.05.07-18.26.53:514][761]LogModuleManager: Shutting down and abandoning module TargetPlatform (20)
[2015.05.07-18.26.53:514][761]LogModuleManager: Shutting down and abandoning module InputCore (19)
[2015.05.07-18.26.53:514][761]LogModuleManager: Shutting down and abandoning module Settings (18)
[2015.05.07-18.26.53:514][761]LogModuleManager: Shutting down and abandoning module OnlineSubsystem (16)
[2015.05.07-18.26.53:514][761]LogModuleManager: Shutting down and abandoning module OculusRift (15)
[2015.05.07-18.26.53:514][761]LogModuleManager: Shutting down and abandoning module ExampleDeviceProfileSelector (14)
[2015.05.07-18.26.53:514][761]LogModuleManager: Shutting down and abandoning module TextureCompressor (13)
[2015.05.07-18.26.53:514][761]LogModuleManager: Shutting down and abandoning module ShaderCore (12)
[2015.05.07-18.26.53:514][761]LogModuleManager: Shutting down and abandoning module Landscape (11)
[2015.05.07-18.26.53:515][761]LogModuleManager: Shutting down and abandoning module SlateRHIRenderer (10)
[2015.05.07-18.26.53:516][761]LogModuleManager: Shutting down and abandoning module OpenGLDrv (9)
[2015.05.07-18.26.53:516][761]LogModuleManager: Shutting down and abandoning module D3D11RHI (8)
[2015.05.07-18.26.53:516][761]LogModuleManager: Shutting down and abandoning module Renderer (7)
[2015.05.07-18.26.53:516][761]LogModuleManager: Shutting down and abandoning module Engine (6)
[2015.05.07-18.26.53:516][761]LogModuleManager: Shutting down and abandoning module CoreUObject (5)
[2015.05.07-18.26.53:516][761]LogModuleManager: Shutting down and abandoning module NetworkFile (4)
[2015.05.07-18.26.53:516][761]LogModuleManager: Shutting down and abandoning module StreamingFile (3)
[2015.05.07-18.26.53:516][761]LogModuleManager: Shutting down and abandoning module SandboxFile (2)
[2015.05.07-18.26.53:516][761]LogModuleManager: Shutting down and abandoning module PakFile (1)
[2015.05.07-18.26.53:516][761]LogExit: Exiting.
[2015.05.07-18.26.53:527][761]Log file closed, 05/07/15 11:26:53
