[2015.08.20-02.28.56:171][  0]Log file open, 08/19/15 19:28:56
[2015.08.20-02.28.56:171][  0]LogInit:Display: Running engine for game: GodKiller
[2015.08.20-02.28.56:171][  0]LogInit:Display: RandInit(-1993968516) SRandInit(-1993968516).
[2015.08.20-02.28.56:171][  0]LogTaskGraph: Started task graph with 4 named threads and 5 total threads.
[2015.08.20-02.28.56:171][  0]LogStats: Stats thread started
[2015.08.20-02.28.56:171][  0]LogInit: Version: 4.8.3-2634408+++depot+UE4-Releases+4.8
[2015.08.20-02.28.56:171][  0]LogInit: API Version: 2579680
[2015.08.20-02.28.56:171][  0]LogInit: Compiled (64-bit): Jul 27 2015 16:24:33
[2015.08.20-02.28.56:171][  0]LogInit: Compiled with Visual C++: 18.00.21005.01
[2015.08.20-02.28.56:171][  0]LogInit: Build Configuration: Development
[2015.08.20-02.28.56:171][  0]LogInit: Branch Name: ++depot+UE4-Releases+4.8
[2015.08.20-02.28.56:171][  0]LogInit: Command line:  
[2015.08.20-02.28.56:171][  0]LogInit: Base directory: C:/Program Files/Epic Games/4.8/Engine/Binaries/Win64/
[2015.08.20-02.28.56:171][  0]LogInit: Rocket: 1
[2015.08.20-02.28.56:191][  0]LogInit: Using libcurl 7.41.0
[2015.08.20-02.28.56:191][  0]LogInit:  - built for x86_64-pc-win32
[2015.08.20-02.28.56:191][  0]LogInit:  - supports SSL with WinSSL
[2015.08.20-02.28.56:191][  0]LogInit:  - other features:
[2015.08.20-02.28.56:191][  0]LogInit:      CURL_VERSION_SSL
[2015.08.20-02.28.56:191][  0]LogInit:      CURL_VERSION_IPV6
[2015.08.20-02.28.56:191][  0]LogInit:      CURL_VERSION_ASYNCHDNS
[2015.08.20-02.28.56:191][  0]LogInit:      CURL_VERSION_LARGEFILE
[2015.08.20-02.28.56:191][  0]LogInit:      CURL_VERSION_IDN
[2015.08.20-02.28.56:191][  0]LogInit:  CurlRequestOptions (configurable via config and command line):
[2015.08.20-02.28.56:191][  0]LogInit:  - bVerifyPeer = true  - Libcurl will verify peer certificate
[2015.08.20-02.28.56:191][  0]LogInit:  - bUseHttpProxy = false  - Libcurl will NOT use HTTP proxy
[2015.08.20-02.28.56:191][  0]LogInit:  - bDontReuseConnections = false  - Libcurl will reuse connections
[2015.08.20-02.28.56:191][  0]LogInit:  - CertBundlePath = nullptr  - Libcurl will use whatever was configured at build time.
[2015.08.20-02.28.56:207][  0]LogOnline:Warning: No default platform service specified for OnlineSubsystem
[2015.08.20-02.28.56:229][  0]LogInit: Presizing for 0 objects not considered by GC, pre-allocating 0 bytes.
[2015.08.20-02.28.56:239][  0]LogInit: Object subsystem initialized
[2015.08.20-02.28.56:240][  0]LogConsoleResponse:Warning: Skipping Unknown console variable: 'TranslucentSortAxis = (X=0.000000,Y=-1.000000,Z=0.000000)'
[2015.08.20-02.28.56:240][  0]LogConsoleResponse:Warning:   Found in ini file 'C:/Users/Samantha/Desktop/God-Killer/Saved/Config/Windows/Engine.ini', in section '[/Script/Engine.RendererSettings]'
[2015.08.20-02.28.56:240][  0]LogConsoleResponse:Warning: Skipping Unknown console variable: 'UIScaleRule = ShortestSide'
[2015.08.20-02.28.56:240][  0]LogConsoleResponse:Warning:   Found in ini file 'C:/Users/Samantha/Desktop/God-Killer/Saved/Config/Windows/Engine.ini', in section '[/Script/Engine.RendererSettings]'
[2015.08.20-02.28.56:240][  0]LogConsoleResponse:Warning: Skipping Unknown console variable: 'UIScaleCurve = (EditorCurveData=(Keys=),ExternalCurve=None)'
[2015.08.20-02.28.56:240][  0]LogConsoleResponse:Warning:   Found in ini file 'C:/Users/Samantha/Desktop/God-Killer/Saved/Config/Windows/Engine.ini', in section '[/Script/Engine.RendererSettings]'
[2015.08.20-02.28.56:240][  0]LogInit: Selected Device Profile: [Windows]
[2015.08.20-02.28.56:240][  0]LogInit: Applying CVar settings loaded from the selected device profile: [Windows]
[2015.08.20-02.28.56:263][  0]LogInit: Computer: SAMANTHAPC
[2015.08.20-02.28.56:263][  0]LogInit: User: Samantha
[2015.08.20-02.28.56:263][  0]LogInit: CPU Page size=4096, Cores=2
[2015.08.20-02.28.56:263][  0]LogInit: High frequency timer resolution =2.240908 MHz
[2015.08.20-02.28.56:263][  0]LogMemory: Memory total: Physical=5.9GB (6GB approx)
[2015.08.20-02.28.56:263][  0]LogMemory: Platform Memory Stats for Windows
[2015.08.20-02.28.56:264][  0]LogMemory: Process Physical Memory: 49.13 MB used, 49.13 MB peak
[2015.08.20-02.28.56:264][  0]LogMemory: Process Virtual Memory: 22.23 MB used, 22.23 MB peak
[2015.08.20-02.28.56:264][  0]LogMemory: Physical Memory: 3225.54 MB used, 6027.63 MB total
[2015.08.20-02.28.56:264][  0]LogMemory: Virtual Memory: 290.75 MB used, 134217728.00 MB total
[2015.08.20-02.28.56:782][  0]LogTextLocalizationManager: The requested culture ('en_US') has no localization data; parent culture's ('en') localization data will be used.
[2015.08.20-02.28.57:107][  0]LogTextLocalizationManager:Warning: Loaded localization resources contain conflicting entries for (Namespace:ContentBrowser, Key:ImportAssetToolTip):
Localization Resource: (C:/Program Files/Epic Games/4.8/Engine/Content/Localization/Editor/en/Editor.locres) Source String Hash: (-630476809) Localized String: (Import to {0}...)
Localization Resource: (C:/Program Files/Epic Games/4.8/Engine/Content/Localization/Editor/en/Editor.locres) Source String Hash: (1271782899) Localized String: (Imports an asset from file to this folder.)
[2015.08.20-02.28.57:824][  0]LogD3D11RHI: Found D3D11 adapter 0: Intel(R) HD Graphics Family (Feature Level 11_0)
[2015.08.20-02.28.57:824][  0]LogD3D11RHI: Adapter has 32MB of dedicated video memory, 0MB of dedicated system memory, and 1760MB of shared system memory, 1 output[s]
[2015.08.20-02.28.57:825][  0]LogD3D11RHI: Found D3D11 adapter 1: Microsoft Basic Render Driver (Feature Level 11_0)
[2015.08.20-02.28.57:825][  0]LogD3D11RHI: Adapter has 0MB of dedicated video memory, 0MB of dedicated system memory, and 256MB of shared system memory, 0 output[s]
[2015.08.20-02.28.57:825][  0]LogD3D11RHI: Chosen D3D11 Adapter Id = 0
[2015.08.20-02.28.57:840][  0]LogD3D11RHI: InitD3DDevice
[2015.08.20-02.28.57:840][  0]LogD3D11RHI: !Direct3DDevice
[2015.08.20-02.28.57:841][  0]LogRHI: Texture pool is 638 MB (70% of 912 MB)
[2015.08.20-02.28.57:848][  0]LogD3D11RHI: Async texture creation enabled
[2015.08.20-02.28.57:853][  0]LogShaderCompilers:Display: Using Local Shader Compiler.
[2015.08.20-02.29.00:429][  0]LogTemp:Display: Loaded TP DesktopTargetPlatform
[2015.08.20-02.29.00:460][  0]LogTemp:Display: Loaded TP WindowsClientTargetPlatform
[2015.08.20-02.29.00:490][  0]LogTemp:Display: Loaded TP WindowsNoEditorTargetPlatform
[2015.08.20-02.29.00:511][  0]LogTemp:Display: Loaded TP WindowsServerTargetPlatform
[2015.08.20-02.29.00:543][  0]LogTemp:Display: Loaded TP WindowsTargetPlatform
[2015.08.20-02.29.00:579][  0]LogTemp:Display: Loaded TP AndroidTargetPlatform
[2015.08.20-02.29.00:609][  0]LogTemp:Display: Loaded TP Android_ASTCTargetPlatform
[2015.08.20-02.29.00:635][  0]LogTemp:Display: Loaded TP Android_ATCTargetPlatform
[2015.08.20-02.29.00:663][  0]LogTemp:Display: Loaded TP Android_DXTTargetPlatform
[2015.08.20-02.29.00:682][  0]LogTemp:Display: Loaded TP Android_ETC1TargetPlatform
[2015.08.20-02.29.00:715][  0]LogTemp:Display: Loaded TP Android_ETC2TargetPlatform
[2015.08.20-02.29.00:739][  0]LogTemp:Display: Loaded TP Android_PVRTCTargetPlatform
[2015.08.20-02.29.00:882][  0]LogTemp:Display: Loaded TP IOSTargetPlatform
[2015.08.20-02.29.00:928][  0]LogTemp:Display: Loaded TP LinuxNoEditorTargetPlatform
[2015.08.20-02.29.00:946][  0]LogTemp:Display: Loaded TP LinuxServerTargetPlatform
[2015.08.20-02.29.00:997][  0]LogTemp:Display: Loaded TP LinuxTargetPlatform
[2015.08.20-02.29.00:997][  0]LogTargetPlatformManager:Display: Building Assets For Windows
[2015.08.20-02.29.01:926][  0]LogDerivedDataCache:Display: Max Cache Size: 512 MB
[2015.08.20-02.29.02:644][  0]LogDerivedDataCache: Loaded boot cache 0.72s 53MB C:/Users/Samantha/AppData/Local/UnrealEngine/4.8/DerivedDataCache/Boot.ddc.
[2015.08.20-02.29.02:644][  0]LogDerivedDataCache:Display: Loaded Boot cache: C:/Users/Samantha/AppData/Local/UnrealEngine/4.8/DerivedDataCache/Boot.ddc
[2015.08.20-02.29.02:644][  0]LogDerivedDataCache: FDerivedDataBackendGraph:  Pak pak cache file ../../../../../../Users/Samantha/Desktop/God-Killer/DerivedDataCache/DDC.ddp not found, will not use a pak cache.
[2015.08.20-02.29.02:644][  0]LogDerivedDataCache: Unable to find inner node Pak for hierarchical cache Hierarchy.
[2015.08.20-02.29.02:644][  0]LogDerivedDataCache: FDerivedDataBackendGraph:  CompressedPak pak cache file ../../../../../../Users/Samantha/Desktop/God-Killer/DerivedDataCache/Compressed.ddp not found, will not use a pak cache.
[2015.08.20-02.29.02:644][  0]LogDerivedDataCache: Unable to find inner node CompressedPak for hierarchical cache Hierarchy.
[2015.08.20-02.29.02:953][  0]LogDerivedDataCache:Display: Pak cache opened for reading ../../../Engine/DerivedDataCache/Compressed.ddp.
[2015.08.20-02.29.02:989][  0]LogDerivedDataCache: Using Local data cache path C:/Users/Samantha/AppData/Local/UnrealEngine/Common/DerivedDataCache: Writable
[2015.08.20-02.29.10:250][  0]LogInit: Selected Device Profile: [Windows]
[2015.08.20-02.29.11:085][  0]ImportText (ComponentSweepMultiTests): Missing closing parenthesis: (RootShapeAsset="/Engine/BasicShapes/Cube.Cube",ShapeType="TriggerCapsule",HitResult=(Time=0.50,Location=(X=-100.000015,Y=0.0,Z=100.000015),ImpactPoint=(X=-50.0,Y=0.0,Z=50.0),Normal=(X=-1.0,Y=-0.0,Z=0.0),ImpactNormal=(X=0.0,Y=0.0,Z=1.0),TraceStart=(X=-200.0,Y=0.0,Z=200.0),TraceEnd=(X=0.0,Y=0.0,Z=0.0))
[2015.08.20-02.29.11:085][  0]ImportText (LineTraceSingleByChannelTests): Missing closing parenthesis: (RootShapeAsset="/Engine/BasicShapes/Cube.Cube",HitResult=(Time=0.50,Location=(X=-100.000015,Y=0.0,Z=100.000015),ImpactPoint=(X=-50.0,Y=0.0,Z=50.0),Normal=(X=-1.0,Y=-0.0,Z=0.0),ImpactNormal=(X=0.0,Y=0.0,Z=1.0),TraceStart=(X=-200.0,Y=0.0,Z=200.0),TraceEnd=(X=0.0,Y=0.0,Z=0.0))
[2015.08.20-02.29.11:277][  0]LogMeshUtilities: No automatic mesh reduction module available
[2015.08.20-02.29.11:277][  0]LogMeshUtilities: No automatic mesh merging module available
[2015.08.20-02.29.14:344][  0]LogInit: WinSock: version 1.1 (2.2), MaxSocks=32767, MaxUdp=65467
[2015.08.20-02.29.16:611][  0]LogModuleManager:Warning: ModuleManager: Unable to load module 'C:/Program Files/Epic Games/4.8/Engine/Binaries/Win64/UE4Editor-XAudio2.dll' because the file couldn't be loaded by the OS.
[2015.08.20-02.29.38:302][  0]UdpMessaging: Initializing bridge on interface 0.0.0.0:0 to multicast group 230.0.0.1:6666.
[2015.08.20-02.29.40:415][  0]SourceControl: Info Source control is disabled
[2015.08.20-02.29.40:437][  0]SourceControl: Info Source control is disabled
[2015.08.20-02.29.40:512][  0]SourceControl: Info Source control is disabled
[2015.08.20-02.29.40:564][  0]SourceControl: Info Source control is disabled
[2015.08.20-02.29.41:513][  0]LogObj: 26273 objects as part of root set at end of initial load.
[2015.08.20-02.29.41:513][  0]LogUObjectAllocator: 5409256 out of 0 bytes used by permanent object pool.
[2015.08.20-02.29.42:564][  0]LogEngine: Initializing Engine...
[2015.08.20-02.29.42:599][  0]LogHMD: Can't find Oculus library dev build: is proper Runtime installed? Version: 0.6.0.0
[2015.08.20-02.29.42:642][  0]LogHMD:Warning: SteamVR failed to initialize.  Error: 110
[2015.08.20-02.29.43:484][  0]LogAIModule: Creating AISystem for world NewWorld
[2015.08.20-03.06.00:029][  0]LogModuleManager:Warning: ModuleManager: Unable to load module 'C:/Program Files/Epic Games/4.8/Engine/Binaries/Win64/UE4Editor-XAudio2.dll' because the file couldn't be loaded by the OS.
[2015.08.20-03.06.00:083][  0]LogDerivedDataCache: Saved boot cache 0.05s 53MB C:/Users/Samantha/AppData/Local/UnrealEngine/4.8/DerivedDataCache/Boot.ddc.
[2015.08.20-03.06.00:122][  0]LogInit: Texture streaming: Disabled
[2015.08.20-03.06.00:339][  0]LogAnalytics: Creating configured Analytics provider AnalyticsET
[2015.08.20-03.06.00:339][  0]LogAnalytics: [UEEditor.Rocket.Release] APIServer = http://et2.epicgames.com/ET2/. AppVersion = 4.8.3-2634408+++depot+UE4-Releases+4.8
[2015.08.20-03.06.00:339][  0]LogAnalytics: [UEEditor.Rocket.Release] SetUserId 46872bea408cfcc0100ac385d2b5ce07|e22a3db169b04f708165eaff958a9646|097015b1-a59a-4201-b460-717027cc9fe8
[2015.08.20-03.06.00:339][  0]LogAnalytics: [UEEditor.Rocket.Release] AnalyticsET::StartSession
[2015.08.20-03.06.00:897][  0]LogInit: Transaction tracking system initialized
[2015.08.20-03.06.01:416][  0]BlueprintLog: New page: Editor Load
[2015.08.20-03.06.01:522][  0]LogAssetRegistry: FAssetRegistry took 0.0163 seconds to start up
[2015.08.20-03.06.01:606][  0]LogDirectoryWatcher:Warning: Failed to begin reading directory changes for ../../../Engine/Plugins/Experimental/CharacterAI/Content/. Error: 0
[2015.08.20-03.06.08:090][  0]LogConsoleManager:Warning: Console variable 'r.VSync' wasn't set ('GameSetting' has a lower priority than 'SystemSettingsIni')
[2015.08.20-03.06.08:091][  0]LogConsoleResponse:Display: 
[2015.08.20-03.06.12:185][  0]LogCook:Display: Done creating registry. It took  0.00s.
[2015.08.20-03.06.14:535][  0]SourceControl: Info Source control is disabled
[2015.08.20-03.06.14:585][  0]Cmd: MAP LOAD FILE="../../../../../../Users/Samantha/Desktop/God-Killer/Content/Scene/NewCave.umap" TEMPLATE=0 SHOWPROGRESS=1 FEATURELEVEL=3
[2015.08.20-03.06.14:654][  0]LightingResults: New page: Lighting Build
[2015.08.20-03.06.14:760][  0]MapCheck: New page: Map Check
[2015.08.20-03.06.14:760][  0]LightingResults: New page: Lighting Build
[2015.08.20-03.06.14:785][  0]LogParticles: Destroying 0 GPU particle simulations for FXSystem 0x000000BE164B5300
[2015.08.20-03.06.19:491][  0]LogBlueprint:Warning: [compiler GnawmersHealth] Warning 'gnawmers' is already a 'Enemy 1', you don't need  Cast To Enemy1 .
[2015.08.20-03.06.19:540][  0]LogBlueprint:Warning: [compiler GnawmersHealth] Warning [2246.09] Compile of GnawmersHealth successful, but with 1 Warning(s) [in 76 ms]
[2015.08.20-03.06.19:540][  0]LogBlueprint:Warning: [compiler GnawmersHealth] Warning [2246.09] Compile of GnawmersHealth successful, but with 2 Warning(s) [in 0 ms]
[2015.08.20-03.06.19:540][  0]LogBlueprint:Warning: [compiler GnawmersHealth] Warning [2246.09] Compile of GnawmersHealth successful, but with 3 Warning(s) [in 0 ms]
[2015.08.20-03.06.21:056][  0]LogBlueprint:Warning: [compiler Gui] Warning 'gnawmers' is already a 'Enemy 1', you don't need  Cast To Enemy1 .
[2015.08.20-03.06.21:069][  0]LogBlueprint:Warning: [compiler Gui] Warning [2247.62] Compile of Gui successful, but with 1 Warning(s) [in 50 ms]
[2015.08.20-03.06.21:069][  0]LogBlueprint:Warning: [compiler Gui] Warning [2247.62] Compile of Gui successful, but with 2 Warning(s) [in 0 ms]
[2015.08.20-03.06.21:069][  0]LogBlueprint:Warning: [compiler Gui] Warning [2247.62] Compile of Gui successful, but with 3 Warning(s) [in 0 ms]
[2015.08.20-03.06.23:579][  0]LogBlueprint:Warning: [compiler Gui] Warning 'gnawmers' is already a 'Enemy 1', you don't need  Cast To Enemy1 .
[2015.08.20-03.06.23:592][  0]LogBlueprint:Warning: [compiler Gui] Warning [2250.14] Compile of Gui successful, but with 1 Warning(s) [in 52 ms]
[2015.08.20-03.06.23:595][  0]LogBlueprint:Warning: [compiler Gui] Warning [2250.15] Compile of Gui successful, but with 2 Warning(s) [in 2 ms]
[2015.08.20-03.06.23:703][  0]LogBlueprint:Warning: [compiler GnawmersHealth] Warning 'gnawmers' is already a 'Enemy 1', you don't need  Cast To Enemy1 .
[2015.08.20-03.06.23:704][  0]LogBlueprint:Warning: [compiler GnawmersHealth] Warning [2250.26] Compile of GnawmersHealth successful, but with 1 Warning(s) [in 13 ms]
[2015.08.20-03.06.23:705][  0]LogBlueprint:Warning: [compiler GnawmersHealth] Warning [2250.26] Compile of GnawmersHealth successful, but with 2 Warning(s) [in 0 ms]
[2015.08.20-03.06.43:654][  0]LogStaticMesh: Building static mesh Temp_Boss...
[2015.08.20-03.06.43:788][  0]LogStaticMesh: Built static mesh [0.147925.2s] /Game/Boss/Temp_Boss.Temp_Boss
[2015.08.20-03.07.10:343][  0]LogAIModule: Creating AISystem for world NewCave
[2015.08.20-03.07.15:570][  0]LogEditorServer: Finished looking for orphan Actors (0.047 secs)
[2015.08.20-03.07.15:757][  0]Cmd: MAP CHECKDEP NOCLEARLOG
[2015.08.20-03.07.16:306][  0]MapCheck: Info Map check complete: 0 Error(s), 0 Warning(s), took 548.68ms to complete.
[2015.08.20-03.07.16:458][  0]LogFileHelpers: Loading map 'NewCave' took 61.880
[2015.08.20-03.07.17:979][  0]LogCollectionManager: Loaded 0 collections in 0.004615 seconds
[2015.08.20-03.07.18:011][  0]LogContentBrowser: Native class hierarchy populated in 0.0210 seconds. Added 1792 classes and 301 folders.
[2015.08.20-03.07.18:263][  0]LogContentBrowser: Native class hierarchy updated for 'WidgetCarousel' in 0.0004 seconds. Added 0 classes and 0 folders.
[2015.08.20-03.07.18:949][  0]LogContentBrowser: Native class hierarchy updated for 'AddContentDialog' in 0.0004 seconds. Added 0 classes and 0 folders.
[2015.08.20-03.07.19:440][  0]LogContentBrowser: Native class hierarchy updated for 'SceneOutliner' in 0.0005 seconds. Added 1 classes and 2 folders.
[2015.08.20-03.07.19:871][  0]LogCrashTracker: Crashtracker disabled due to settings.
[2015.08.20-03.07.19:880][  0]LogD3D11RHI: InitD3DDevice
[2015.08.20-03.07.19:962][  0]LogUObjectGlobals:Warning: Failed to find object 'Class None.'
[2015.08.20-03.07.20:080][  0]LogLoad: Full Startup: 2306.63 seconds (BP compile: 3.27 seconds)
[2015.08.20-03.07.21:427][  0]LogContentStreaming: Texture pool size is 0.000000MB
[2015.08.20-03.07.21:867][  0]LogContentStreaming: Texture pool size now 1000 MB
[2015.08.20-03.07.22:299][  0]LogRenderer: Reallocating scene render targets to support 832x712 (Frame:2).
[2015.08.20-03.07.23:706][  1]Cmd: UpdateLandscapeEditorData -warnings
[2015.08.20-03.07.23:865][  1]Cmd: UpdateLandscapeEditorData
[2015.08.20-03.07.24:253][  2]LogD3D11RHI: InitD3DDevice
[2015.08.20-03.07.24:264][  2]LogLinker:Warning: Can't find file '/Game/Models/Skeleton/NewModel/Anim/SkeletonMesh'
[2015.08.20-03.07.24:282][  2]LogLinker:Warning: Can't find file '/Game/Models/Skeleton/NewModel/Anim/SkeletonMesh'
[2015.08.20-03.07.24:283][  2]LogLinker:Warning: Can't find file '/Game/Models/Skeleton/NewModel/Anim/SkeletonMesh'
[2015.08.20-03.07.24:285][  2]LogUObjectGlobals:Warning: Failed to find object 'SkeletalMesh /Game/Models/Skeleton/NewModel/Anim/SkeletonMesh.SkeletonMesh'
[2015.08.20-03.07.31:586][ 23]LogAssetRegistry: Asset discovery search completed in 90.0804 seconds
[2015.08.20-03.20.54:739][675]LogD3D11RHI: InitD3DDevice
[2015.08.20-03.25.12:491][512]LogD3D11RHI: InitD3DDevice
[2015.08.20-03.25.41:678][ 80]LogD3D11RHI: InitD3DDevice
[2015.08.20-03.25.52:251][642]LogD3D11RHI: InitD3DDevice
[2015.08.20-03.26.11:984][800]LogD3D11RHI: InitD3DDevice
[2015.08.20-03.26.20:909][321]LogD3D11RHI: InitD3DDevice
[2015.08.20-03.26.21:849][321]LogActorComponent: UnregisterComponent: (/Engine/Transient.CharMoveComp) Not registered. Aborting.
[2015.08.20-03.26.21:865][321]LogActorComponent: UnregisterComponent: (/Engine/Transient.CharacterMovementComponent_0) Not registered. Aborting.
[2015.08.20-03.26.21:865][321]LogActorComponent: UnregisterComponent: (/Engine/Transient.CharacterMovementComponent_1) Not registered. Aborting.
[2015.08.20-03.26.24:228][321]LogFileHelpers: Editor autosave (incl. sublevels) for '/Game/Scene/NewCave' took 2.391
[2015.08.20-03.26.24:304][321]OBJ SavePackage: Generating thumbnails for [0] asset(s) in package [/Game/Goblin/GoblinAi/GoblinBehavior] ([1] browsable assets)...
[2015.08.20-03.26.24:304][321]OBJ SavePackage: Finished generating thumbnails for package [/Game/Goblin/GoblinAi/GoblinBehavior]
[2015.08.20-03.26.24:511][321]LogSavePackage: Save=126.091301ms
[2015.08.20-03.26.24:511][321]LogSavePackage: Moving '../../../../../../Users/Samantha/Desktop/God-Killer/Saved/GoblinBehavior_Auto15B46CCFA4D1BBA610BCDE88A60B65DE1.tmp' to '../../../../../../Users/Samantha/Desktop/God-Killer/Saved/Autosaves/Game/Goblin/GoblinAi/GoblinBehavior_Auto1.uasset'
[2015.08.20-03.26.24:529][321]LogFileHelpers: Auto-saving content packages took 0.299
[2015.08.20-03.27.51:042][476]LogD3D11RHI: InitD3DDevice
[2015.08.20-03.27.54:440][664]LogD3D11RHI: InitD3DDevice
[2015.08.20-03.27.54:949][689]LogD3D11RHI: InitD3DDevice
[2015.08.20-03.30.09:464][920]LogD3D11RHI: InitD3DDevice
[2015.08.20-03.30.12:173][ 71]LogD3D11RHI: InitD3DDevice
[2015.08.20-03.30.21:912][646]LogD3D11RHI: InitD3DDevice
[2015.08.20-03.30.29:256][ 81]LogD3D11RHI: InitD3DDevice
[2015.08.20-03.30.58:335][713]LogD3D11RHI: InitD3DDevice
[2015.08.20-03.30.58:411][713]Cmd: OBJ SAVEPACKAGE PACKAGE="/Game/Goblin/GoblinAi/GoblinBehavior" FILE="../../../../../../Users/Samantha/Desktop/God-Killer/Content/Goblin/GoblinAi/GoblinBehavior.uasset" SILENT=true
[2015.08.20-03.30.58:669][713]LogSavePackage: Save=207.920181ms
[2015.08.20-03.30.58:669][713]LogSavePackage: Moving '../../../../../../Users/Samantha/Desktop/God-Killer/Saved/GoblinBehavior1DFA2EE04D7DB1EFBA3B1883844A6866.tmp' to '../../../../../../Users/Samantha/Desktop/God-Killer/Content/Goblin/GoblinAi/GoblinBehavior.uasset'
[2015.08.20-03.31.27:439][345]LogD3D11RHI: InitD3DDevice
[2015.08.20-03.31.27:470][345]Cmd: OBJ SAVEPACKAGE PACKAGE="/Game/Goblin/GoblinAi/GoblinBehavior" FILE="../../../../../../Users/Samantha/Desktop/God-Killer/Content/Goblin/GoblinAi/GoblinBehavior.uasset" SILENT=true
[2015.08.20-03.31.27:537][345]LogSavePackage: Save=23.702000ms
[2015.08.20-03.31.27:537][345]LogSavePackage: Moving '../../../../../../Users/Samantha/Desktop/God-Killer/Saved/GoblinBehavior5ECA15F74A1D63140E2CC58221FBE924.tmp' to '../../../../../../Users/Samantha/Desktop/God-Killer/Content/Goblin/GoblinAi/GoblinBehavior.uasset'
[2015.08.20-03.31.31:367][438]BlueprintLog: New page: Pre-PIE auto-recompile
[2015.08.20-03.31.31:367][438]LogPlayLevel: [PIE] Compiling NewCave before PIE...
[2015.08.20-03.31.32:205][438]LogPlayLevel: PIE:  Blueprint regeneration took 842 ms (1 blueprints)
[2015.08.20-03.31.32:643][438]PIE: New page: PIE session: NewCave (Aug 19, 2015, 1:31:32 PM)
[2015.08.20-03.31.32:662][438]LogPlayLevel: Creating play world package: /Game/Scene/UEDPIE_0_NewCave
[2015.08.20-03.31.32:999][438]LogPlayLevel: PIE: StaticDuplicateObject took: (0.337336s)
[2015.08.20-03.31.33:017][438]LogAIModule: Creating AISystem for world NewCave
[2015.08.20-03.31.33:018][438]LogPlayLevel: PIE: World Init took: (0.019587s)
[2015.08.20-03.31.33:038][438]LogPlayLevel: PIE: Created PIE world by copying editor world from /Game/Scene/NewCave.NewCave to /Game/Scene/UEDPIE_0_NewCave.NewCave (0.377157s)
[2015.08.20-03.31.33:555][438]LogWorld: Game class is 'ThirdPersonGameMode_C'
[2015.08.20-03.31.35:111][438]LogWorld:Warning: *** WARNING - PATHS MAY NOT BE VALID ***
[2015.08.20-03.31.35:111][438]LogWorld: Bringing World /Game/Scene/UEDPIE_0_NewCave.NewCave up for play (max tick rate 60) at 2015.08.19-20.31.35
[2015.08.20-03.31.35:112][438]LogActor:Warning: GameSession /Game/Scene/UEDPIE_0_NewCave.NewCave:PersistentLevel.GameSession_0 has natively added scene component(s), but none of them were set as the actor's RootComponent - picking one arbitrarily
[2015.08.20-03.31.35:134][438]LogActor:Warning: GameNetworkManager /Game/Scene/UEDPIE_0_NewCave.NewCave:PersistentLevel.GameNetworkManager_0 has natively added scene component(s), but none of them were set as the actor's RootComponent - picking one arbitrarily
[2015.08.20-03.31.35:572][438]LogWorld: Bringing up level for play took: 1.812568
[2015.08.20-03.31.36:093][438]LogScript:Warning: Accessed None 'CallFunc_Array_Get_Item'
	KeySpawner_C /Game/Scene/UEDPIE_0_NewCave.NewCave:PersistentLevel.KeySpawner_C_2
	Function /Game/Key/KeySpawner.KeySpawner_C:ExecuteUbergraph_KeySpawner:0410
[2015.08.20-03.31.36:094][438]PIE:Error: Error Accessed None 'CallFunc_Array_Get_Item' from node SpawnActor in graph 'EventGraph' in blueprint KeySpawner
[2015.08.20-03.31.36:094][438]LogScript:Warning: Accessed None 'CallFunc_Array_Get_Item'
	KeySpawner_C /Game/Scene/UEDPIE_0_NewCave.NewCave:PersistentLevel.KeySpawner_C_2
	Function /Game/Key/KeySpawner.KeySpawner_C:ExecuteUbergraph_KeySpawner:050C
[2015.08.20-03.31.36:094][438]PIE:Error: Error Accessed None 'CallFunc_Array_Get_Item' from node SpawnActor in graph 'EventGraph' in blueprint KeySpawner
[2015.08.20-03.31.36:095][438]LogScript:Warning: Accessed None 'CallFunc_Array_Get_Item'
	KeySpawner_C /Game/Scene/UEDPIE_0_NewCave.NewCave:PersistentLevel.KeySpawner_C_2
	Function /Game/Key/KeySpawner.KeySpawner_C:ExecuteUbergraph_KeySpawner:0605
[2015.08.20-03.31.36:096][438]PIE:Error: Error Accessed None 'CallFunc_Array_Get_Item' from node SetActorLocation in graph 'EventGraph' in blueprint KeySpawner
[2015.08.20-03.31.36:097][438]LogScript:Warning: Accessed None 'CallFunc_Array_Get_Item'
	KeySpawner_C /Game/Scene/UEDPIE_0_NewCave.NewCave:PersistentLevel.KeySpawner_C_2
	Function /Game/Key/KeySpawner.KeySpawner_C:ExecuteUbergraph_KeySpawner:0410
[2015.08.20-03.31.36:097][438]PIE:Error: Error Accessed None 'CallFunc_Array_Get_Item' from node SpawnActor in graph 'EventGraph' in blueprint KeySpawner
[2015.08.20-03.31.36:097][438]LogScript:Warning: Accessed None 'CallFunc_Array_Get_Item'
	KeySpawner_C /Game/Scene/UEDPIE_0_NewCave.NewCave:PersistentLevel.KeySpawner_C_2
	Function /Game/Key/KeySpawner.KeySpawner_C:ExecuteUbergraph_KeySpawner:050C
[2015.08.20-03.31.36:097][438]PIE:Error: Error Accessed None 'CallFunc_Array_Get_Item' from node SpawnActor in graph 'EventGraph' in blueprint KeySpawner
[2015.08.20-03.31.36:098][438]LogScript:Warning: Accessed None 'CallFunc_Array_Get_Item'
	KeySpawner_C /Game/Scene/UEDPIE_0_NewCave.NewCave:PersistentLevel.KeySpawner_C_2
	Function /Game/Key/KeySpawner.KeySpawner_C:ExecuteUbergraph_KeySpawner:0605
[2015.08.20-03.31.36:099][438]PIE:Error: Error Accessed None 'CallFunc_Array_Get_Item' from node SetActorLocation in graph 'EventGraph' in blueprint KeySpawner
[2015.08.20-03.31.36:127][438]PIE: Info Play in editor start time for /Game/Scene/UEDPIE_0_NewCave 4.05
[2015.08.20-03.31.36:136][438]LogScript:Warning: Accessed None 'gnamers'
	Door_BP_C /Game/Scene/UEDPIE_0_NewCave.NewCave:PersistentLevel.Door_BP_C_1
	Function /Game/Models/Door/Door_BP.Door_BP_C:ExecuteUbergraph_Door_BP:0040
[2015.08.20-03.31.36:137][438]PIE:Error: Error Accessed None 'gnamers' from node Branch in graph 'EventGraph' in blueprint Door_BP
[2015.08.20-03.31.36:904][438]LogScript:Warning: Accessed None 'K2Node_DynamicCast_AsThird_Person_Character2'
	SuccessScreen_C /Engine/Transient.UnrealEdEngine_0:GameInstance_0.SuccessScreen_C_0
	Function /Game/GUI/SuccessScreen.SuccessScreen_C:ExecuteUbergraph_SuccessScreen:0040
[2015.08.20-03.31.36:984][439]LogScript:Warning: Accessed None 'gnamers'
	Door_BP_C /Game/Scene/UEDPIE_0_NewCave.NewCave:PersistentLevel.Door_BP_C_1
	Function /Game/Models/Door/Door_BP.Door_BP_C:ExecuteUbergraph_Door_BP:0040
[2015.08.20-03.31.36:985][439]PIE:Error: Error Accessed None 'gnamers' from node Branch in graph 'EventGraph' in blueprint Door_BP
[2015.08.20-03.31.37:215][440]LogScript:Warning: Accessed None 'gnamers'
	Door_BP_C /Game/Scene/UEDPIE_0_NewCave.NewCave:PersistentLevel.Door_BP_C_1
	Function /Game/Models/Door/Door_BP.Door_BP_C:ExecuteUbergraph_Door_BP:0040
[2015.08.20-03.31.37:216][440]PIE:Error: Error Accessed None 'gnamers' from node Branch in graph 'EventGraph' in blueprint Door_BP
[2015.08.20-03.31.37:322][441]LogScript:Warning: Accessed None 'gnamers'
	Door_BP_C /Game/Scene/UEDPIE_0_NewCave.NewCave:PersistentLevel.Door_BP_C_1
	Function /Game/Models/Door/Door_BP.Door_BP_C:ExecuteUbergraph_Door_BP:0040
[2015.08.20-03.31.37:322][441]PIE:Error: Error Accessed None 'gnamers' from node Branch in graph 'EventGraph' in blueprint Door_BP
[2015.08.20-03.31.37:421][442]LogScript:Warning: Accessed None 'gnamers'
	Door_BP_C /Game/Scene/UEDPIE_0_NewCave.NewCave:PersistentLevel.Door_BP_C_1
	Function /Game/Models/Door/Door_BP.Door_BP_C:ExecuteUbergraph_Door_BP:0040
[2015.08.20-03.31.37:422][442]PIE:Error: Error Accessed None 'gnamers' from node Branch in graph 'EventGraph' in blueprint Door_BP
[2015.08.20-03.31.37:570][443]LogScript:Warning: Accessed None 'gnamers'
	Door_BP_C /Game/Scene/UEDPIE_0_NewCave.NewCave:PersistentLevel.Door_BP_C_1
	Function /Game/Models/Door/Door_BP.Door_BP_C:ExecuteUbergraph_Door_BP:0040
[2015.08.20-03.31.37:571][443]PIE:Error: Error Accessed None 'gnamers' from node Branch in graph 'EventGraph' in blueprint Door_BP
[2015.08.20-03.31.37:721][444]LogScript:Warning: Accessed None 'gnamers'
	Door_BP_C /Game/Scene/UEDPIE_0_NewCave.NewCave:PersistentLevel.Door_BP_C_1
	Function /Game/Models/Door/Door_BP.Door_BP_C:ExecuteUbergraph_Door_BP:0040
[2015.08.20-03.31.37:722][444]PIE:Error: Error Accessed None 'gnamers' from node Branch in graph 'EventGraph' in blueprint Door_BP
[2015.08.20-03.31.37:939][445]LogScript:Warning: Accessed None 'gnamers'
	Door_BP_C /Game/Scene/UEDPIE_0_NewCave.NewCave:PersistentLevel.Door_BP_C_1
	Function /Game/Models/Door/Door_BP.Door_BP_C:ExecuteUbergraph_Door_BP:0040
[2015.08.20-03.31.37:940][445]PIE:Error: Error Accessed None 'gnamers' from node Branch in graph 'EventGraph' in blueprint Door_BP
[2015.08.20-03.31.38:023][446]LogScript:Warning: Accessed None 'gnamers'
	Door_BP_C /Game/Scene/UEDPIE_0_NewCave.NewCave:PersistentLevel.Door_BP_C_1
	Function /Game/Models/Door/Door_BP.Door_BP_C:ExecuteUbergraph_Door_BP:0040
[2015.08.20-03.31.38:024][446]PIE:Error: Error Accessed None 'gnamers' from node Branch in graph 'EventGraph' in blueprint Door_BP
[2015.08.20-03.31.38:176][447]LogScript:Warning: Accessed None 'gnamers'
	Door_BP_C /Game/Scene/UEDPIE_0_NewCave.NewCave:PersistentLevel.Door_BP_C_1
	Function /Game/Models/Door/Door_BP.Door_BP_C:ExecuteUbergraph_Door_BP:0040
[2015.08.20-03.31.38:176][447]PIE:Error: Error Accessed None 'gnamers' from node Branch in graph 'EventGraph' in blueprint Door_BP
[2015.08.20-03.31.38:326][448]LogScript:Warning: Accessed None 'gnamers'
	Door_BP_C /Game/Scene/UEDPIE_0_NewCave.NewCave:PersistentLevel.Door_BP_C_1
	Function /Game/Models/Door/Door_BP.Door_BP_C:ExecuteUbergraph_Door_BP:0040
[2015.08.20-03.31.38:326][448]PIE:Error: Error Accessed None 'gnamers' from node Branch in graph 'EventGraph' in blueprint Door_BP
[2015.08.20-03.31.38:482][449]LogScript:Warning: Accessed None 'gnamers'
	Door_BP_C /Game/Scene/UEDPIE_0_NewCave.NewCave:PersistentLevel.Door_BP_C_1
	Function /Game/Models/Door/Door_BP.Door_BP_C:ExecuteUbergraph_Door_BP:0040
[2015.08.20-03.31.38:482][449]PIE:Error: Error Accessed None 'gnamers' from node Branch in graph 'EventGraph' in blueprint Door_BP
[2015.08.20-03.31.38:629][450]LogScript:Warning: Accessed None 'gnamers'
	Door_BP_C /Game/Scene/UEDPIE_0_NewCave.NewCave:PersistentLevel.Door_BP_C_1
	Function /Game/Models/Door/Door_BP.Door_BP_C:ExecuteUbergraph_Door_BP:0040
[2015.08.20-03.31.38:629][450]PIE:Error: Error Accessed None 'gnamers' from node Branch in graph 'EventGraph' in blueprint Door_BP
[2015.08.20-03.31.38:899][451]LogScript:Warning: Accessed None 'gnamers'
	Door_BP_C /Game/Scene/UEDPIE_0_NewCave.NewCave:PersistentLevel.Door_BP_C_1
	Function /Game/Models/Door/Door_BP.Door_BP_C:ExecuteUbergraph_Door_BP:0040
[2015.08.20-03.31.38:899][451]PIE:Error: Error Accessed None 'gnamers' from node Branch in graph 'EventGraph' in blueprint Door_BP
[2015.08.20-03.31.38:933][452]LogScript:Warning: Accessed None 'gnamers'
	Door_BP_C /Game/Scene/UEDPIE_0_NewCave.NewCave:PersistentLevel.Door_BP_C_1
	Function /Game/Models/Door/Door_BP.Door_BP_C:ExecuteUbergraph_Door_BP:0040
[2015.08.20-03.31.38:933][452]PIE:Error: Error Accessed None 'gnamers' from node Branch in graph 'EventGraph' in blueprint Door_BP
[2015.08.20-03.31.39:082][453]LogScript:Warning: Accessed None 'gnamers'
	Door_BP_C /Game/Scene/UEDPIE_0_NewCave.NewCave:PersistentLevel.Door_BP_C_1
	Function /Game/Models/Door/Door_BP.Door_BP_C:ExecuteUbergraph_Door_BP:0040
[2015.08.20-03.31.39:083][453]PIE:Error: Error Accessed None 'gnamers' from node Branch in graph 'EventGraph' in blueprint Door_BP
[2015.08.20-03.31.39:233][454]LogScript:Warning: Accessed None 'gnamers'
	Door_BP_C /Game/Scene/UEDPIE_0_NewCave.NewCave:PersistentLevel.Door_BP_C_1
	Function /Game/Models/Door/Door_BP.Door_BP_C:ExecuteUbergraph_Door_BP:0040
[2015.08.20-03.31.39:234][454]PIE:Error: Error Accessed None 'gnamers' from node Branch in graph 'EventGraph' in blueprint Door_BP
[2015.08.20-03.31.39:384][455]PIE:Error: Error Accessed None 'gnamers' from node Branch in graph 'EventGraph' in blueprint Door_BP
[2015.08.20-03.31.39:536][456]PIE:Error: Error Accessed None 'gnamers' from node Branch in graph 'EventGraph' in blueprint Door_BP
[2015.08.20-03.31.39:682][457]PIE:Error: Error Accessed None 'gnamers' from node Branch in graph 'EventGraph' in blueprint Door_BP
[2015.08.20-03.31.39:829][458]PIE:Error: Error Accessed None 'gnamers' from node Branch in graph 'EventGraph' in blueprint Door_BP
[2015.08.20-03.31.39:979][459]PIE:Error: Error Accessed None 'gnamers' from node Branch in graph 'EventGraph' in blueprint Door_BP
[2015.08.20-03.31.40:191][460]PIE:Error: Error Accessed None 'gnamers' from node Branch in graph 'EventGraph' in blueprint Door_BP
[2015.08.20-03.31.40:381][461]PIE:Error: Error Accessed None 'gnamers' from node Branch in graph 'EventGraph' in blueprint Door_BP
[2015.08.20-03.31.40:441][462]PIE:Error: Error Accessed None 'gnamers' from node Branch in graph 'EventGraph' in blueprint Door_BP
[2015.08.20-03.31.40:589][463]PIE:Error: Error Accessed None 'gnamers' from node Branch in graph 'EventGraph' in blueprint Door_BP
[2015.08.20-03.31.40:800][464]PIE:Error: Error Accessed None 'gnamers' from node Branch in graph 'EventGraph' in blueprint Door_BP
[2015.08.20-03.31.40:887][465]PIE:Error: Error Accessed None 'gnamers' from node Branch in graph 'EventGraph' in blueprint Door_BP
[2015.08.20-03.31.41:043][466]PIE:Error: Error Accessed None 'gnamers' from node Branch in graph 'EventGraph' in blueprint Door_BP
[2015.08.20-03.31.41:196][467]PIE:Error: Error Accessed None 'gnamers' from node Branch in graph 'EventGraph' in blueprint Door_BP
[2015.08.20-03.31.41:344][468]PIE:Error: Error Accessed None 'gnamers' from node Branch in graph 'EventGraph' in blueprint Door_BP
[2015.08.20-03.31.41:493][469]PIE:Error: Error Accessed None 'gnamers' from node Branch in graph 'EventGraph' in blueprint Door_BP
[2015.08.20-03.31.41:657][470]PIE:Error: Error Accessed None 'gnamers' from node Branch in graph 'EventGraph' in blueprint Door_BP
[2015.08.20-03.31.41:773][471]PIE:Error: Error Accessed None 'gnamers' from node Branch in graph 'EventGraph' in blueprint Door_BP
[2015.08.20-03.31.41:908][472]PIE:Error: Error Accessed None 'gnamers' from node Branch in graph 'EventGraph' in blueprint Door_BP
[2015.08.20-03.31.42:043][473]PIE:Error: Error Accessed None 'gnamers' from node Branch in graph 'EventGraph' in blueprint Door_BP
[2015.08.20-03.31.42:178][474]PIE:Error: Error Accessed None 'gnamers' from node Branch in graph 'EventGraph' in blueprint Door_BP
[2015.08.20-03.31.42:315][475]PIE:Error: Error Accessed None 'gnamers' from node Branch in graph 'EventGraph' in blueprint Door_BP
[2015.08.20-03.31.42:452][476]PIE:Error: Error Accessed None 'gnamers' from node Branch in graph 'EventGraph' in blueprint Door_BP
[2015.08.20-03.31.42:587][477]PIE:Error: Error Accessed None 'gnamers' from node Branch in graph 'EventGraph' in blueprint Door_BP
[2015.08.20-03.31.42:728][478]PIE:Error: Error Accessed None 'gnamers' from node Branch in graph 'EventGraph' in blueprint Door_BP
[2015.08.20-03.31.42:873][479]PIE:Error: Error Accessed None 'gnamers' from node Branch in graph 'EventGraph' in blueprint Door_BP
[2015.08.20-03.31.43:026][480]PIE:Error: Error Accessed None 'gnamers' from node Branch in graph 'EventGraph' in blueprint Door_BP
[2015.08.20-03.31.43:177][481]PIE:Error: Error Accessed None 'gnamers' from node Branch in graph 'EventGraph' in blueprint Door_BP
[2015.08.20-03.31.43:337][482]PIE:Error: Error Accessed None 'gnamers' from node Branch in graph 'EventGraph' in blueprint Door_BP
[2015.08.20-03.31.43:493][483]PIE:Error: Error Accessed None 'gnamers' from node Branch in graph 'EventGraph' in blueprint Door_BP
[2015.08.20-03.31.43:642][484]PIE:Error: Error Accessed None 'gnamers' from node Branch in graph 'EventGraph' in blueprint Door_BP
[2015.08.20-03.31.43:794][485]PIE:Error: Error Accessed None 'gnamers' from node Branch in graph 'EventGraph' in blueprint Door_BP
[2015.08.20-03.31.43:951][486]PIE:Error: Error Accessed None 'gnamers' from node Branch in graph 'EventGraph' in blueprint Door_BP
[2015.08.20-03.31.44:103][487]PIE:Error: Error Accessed None 'gnamers' from node Branch in graph 'EventGraph' in blueprint Door_BP
[2015.08.20-03.31.44:263][488]PIE:Error: Error Accessed None 'gnamers' from node Branch in graph 'EventGraph' in blueprint Door_BP
[2015.08.20-03.31.44:423][489]PIE:Error: Error Accessed None 'gnamers' from node Branch in graph 'EventGraph' in blueprint Door_BP
[2015.08.20-03.31.44:576][490]PIE:Error: Error Accessed None 'gnamers' from node Branch in graph 'EventGraph' in blueprint Door_BP
[2015.08.20-03.31.44:731][491]PIE:Error: Error Accessed None 'gnamers' from node Branch in graph 'EventGraph' in blueprint Door_BP
[2015.08.20-03.31.44:891][492]PIE:Error: Error Accessed None 'gnamers' from node Branch in graph 'EventGraph' in blueprint Door_BP
[2015.08.20-03.31.45:046][493]PIE:Error: Error Accessed None 'gnamers' from node Branch in graph 'EventGraph' in blueprint Door_BP
[2015.08.20-03.31.45:202][494]PIE:Error: Error Accessed None 'gnamers' from node Branch in graph 'EventGraph' in blueprint Door_BP
[2015.08.20-03.31.45:361][495]PIE:Error: Error Accessed None 'gnamers' from node Branch in graph 'EventGraph' in blueprint Door_BP
[2015.08.20-03.31.45:519][496]PIE:Error: Error Accessed None 'gnamers' from node Branch in graph 'EventGraph' in blueprint Door_BP
[2015.08.20-03.31.45:674][497]PIE:Error: Error Accessed None 'gnamers' from node Branch in graph 'EventGraph' in blueprint Door_BP
[2015.08.20-03.31.45:833][498]PIE:Error: Error Accessed None 'gnamers' from node Branch in graph 'EventGraph' in blueprint Door_BP
[2015.08.20-03.31.45:991][499]PIE:Error: Error Accessed None 'gnamers' from node Branch in graph 'EventGraph' in blueprint Door_BP
[2015.08.20-03.31.46:148][500]PIE:Error: Error Accessed None 'gnamers' from node Branch in graph 'EventGraph' in blueprint Door_BP
[2015.08.20-03.31.46:305][501]PIE:Error: Error Accessed None 'gnamers' from node Branch in graph 'EventGraph' in blueprint Door_BP
[2015.08.20-03.31.46:468][502]PIE:Error: Error Accessed None 'gnamers' from node Branch in graph 'EventGraph' in blueprint Door_BP
[2015.08.20-03.31.46:625][503]PIE:Error: Error Accessed None 'gnamers' from node Branch in graph 'EventGraph' in blueprint Door_BP
[2015.08.20-03.31.46:704][503]LogScript:Warning: Accessed None 'Player'
	Enemy1_C /Game/Scene/UEDPIE_0_NewCave.NewCave:PersistentLevel.Enemy1_C_0
	Function /Game/Enemy1/Enemy1.Enemy1_C:ExecuteUbergraph_Enemy1:0086
[2015.08.20-03.31.46:705][503]PIE:Error: Error Accessed None 'Player' from node Branch in graph 'EventGraph' in blueprint Enemy1
[2015.08.20-03.31.46:778][503]LogScript:Warning: Accessed None 'Player'
	Enemy1_C /Game/Scene/UEDPIE_0_NewCave.NewCave:PersistentLevel.Enemy1_C_4
	Function /Game/Enemy1/Enemy1.Enemy1_C:ExecuteUbergraph_Enemy1:0086
[2015.08.20-03.31.46:779][503]PIE:Error: Error Accessed None 'Player' from node Branch in graph 'EventGraph' in blueprint Enemy1
[2015.08.20-03.31.46:839][504]PIE:Error: Error Accessed None 'gnamers' from node Branch in graph 'EventGraph' in blueprint Door_BP
[2015.08.20-03.31.46:936][505]PIE:Error: Error Accessed None 'gnamers' from node Branch in graph 'EventGraph' in blueprint Door_BP
[2015.08.20-03.31.47:086][506]PIE:Error: Error Accessed None 'gnamers' from node Branch in graph 'EventGraph' in blueprint Door_BP
[2015.08.20-03.31.47:227][507]PIE:Error: Error Accessed None 'gnamers' from node Branch in graph 'EventGraph' in blueprint Door_BP
[2015.08.20-03.31.47:376][508]PIE:Error: Error Accessed None 'gnamers' from node Branch in graph 'EventGraph' in blueprint Door_BP
[2015.08.20-03.31.47:502][509]PIE:Error: Error Accessed None 'gnamers' from node Branch in graph 'EventGraph' in blueprint Door_BP
[2015.08.20-03.31.47:651][510]PIE:Error: Error Accessed None 'gnamers' from node Branch in graph 'EventGraph' in blueprint Door_BP
[2015.08.20-03.31.47:787][511]PIE:Error: Error Accessed None 'gnamers' from node Branch in graph 'EventGraph' in blueprint Door_BP
[2015.08.20-03.31.47:929][512]PIE:Error: Error Accessed None 'gnamers' from node Branch in graph 'EventGraph' in blueprint Door_BP
[2015.08.20-03.31.48:066][513]PIE:Error: Error Accessed None 'gnamers' from node Branch in graph 'EventGraph' in blueprint Door_BP
[2015.08.20-03.31.48:206][514]PIE:Error: Error Accessed None 'gnamers' from node Branch in graph 'EventGraph' in blueprint Door_BP
[2015.08.20-03.31.48:342][515]PIE:Error: Error Accessed None 'gnamers' from node Branch in graph 'EventGraph' in blueprint Door_BP
[2015.08.20-03.31.48:485][516]PIE:Error: Error Accessed None 'gnamers' from node Branch in graph 'EventGraph' in blueprint Door_BP
[2015.08.20-03.31.48:621][517]PIE:Error: Error Accessed None 'gnamers' from node Branch in graph 'EventGraph' in blueprint Door_BP
[2015.08.20-03.31.48:764][518]PIE:Error: Error Accessed None 'gnamers' from node Branch in graph 'EventGraph' in blueprint Door_BP
[2015.08.20-03.31.48:904][519]PIE:Error: Error Accessed None 'gnamers' from node Branch in graph 'EventGraph' in blueprint Door_BP
[2015.08.20-03.31.49:048][520]PIE:Error: Error Accessed None 'gnamers' from node Branch in graph 'EventGraph' in blueprint Door_BP
[2015.08.20-03.31.49:209][521]PIE:Error: Error Accessed None 'gnamers' from node Branch in graph 'EventGraph' in blueprint Door_BP
[2015.08.20-03.31.49:325][522]PIE:Error: Error Accessed None 'gnamers' from node Branch in graph 'EventGraph' in blueprint Door_BP
[2015.08.20-03.31.49:470][523]PIE:Error: Error Accessed None 'gnamers' from node Branch in graph 'EventGraph' in blueprint Door_BP
[2015.08.20-03.31.49:604][524]PIE:Error: Error Accessed None 'gnamers' from node Branch in graph 'EventGraph' in blueprint Door_BP
[2015.08.20-03.31.49:743][525]PIE:Error: Error Accessed None 'gnamers' from node Branch in graph 'EventGraph' in blueprint Door_BP
[2015.08.20-03.31.49:881][526]PIE:Error: Error Accessed None 'gnamers' from node Branch in graph 'EventGraph' in blueprint Door_BP
[2015.08.20-03.31.50:018][527]PIE:Error: Error Accessed None 'gnamers' from node Branch in graph 'EventGraph' in blueprint Door_BP
[2015.08.20-03.31.50:157][528]PIE:Error: Error Accessed None 'gnamers' from node Branch in graph 'EventGraph' in blueprint Door_BP
[2015.08.20-03.31.50:295][529]PIE:Error: Error Accessed None 'gnamers' from node Branch in graph 'EventGraph' in blueprint Door_BP
[2015.08.20-03.31.50:434][530]PIE:Error: Error Accessed None 'gnamers' from node Branch in graph 'EventGraph' in blueprint Door_BP
[2015.08.20-03.31.50:571][531]PIE:Error: Error Accessed None 'gnamers' from node Branch in graph 'EventGraph' in blueprint Door_BP
[2015.08.20-03.31.50:710][532]PIE:Error: Error Accessed None 'gnamers' from node Branch in graph 'EventGraph' in blueprint Door_BP
[2015.08.20-03.31.50:844][533]PIE:Error: Error Accessed None 'gnamers' from node Branch in graph 'EventGraph' in blueprint Door_BP
[2015.08.20-03.31.50:982][534]PIE:Error: Error Accessed None 'gnamers' from node Branch in graph 'EventGraph' in blueprint Door_BP
[2015.08.20-03.31.51:118][535]PIE:Error: Error Accessed None 'gnamers' from node Branch in graph 'EventGraph' in blueprint Door_BP
[2015.08.20-03.31.51:253][536]PIE:Error: Error Accessed None 'gnamers' from node Branch in graph 'EventGraph' in blueprint Door_BP
[2015.08.20-03.31.51:390][537]PIE:Error: Error Accessed None 'gnamers' from node Branch in graph 'EventGraph' in blueprint Door_BP
[2015.08.20-03.31.51:525][538]PIE:Error: Error Accessed None 'gnamers' from node Branch in graph 'EventGraph' in blueprint Door_BP
[2015.08.20-03.31.51:659][539]PIE:Error: Error Accessed None 'gnamers' from node Branch in graph 'EventGraph' in blueprint Door_BP
[2015.08.20-03.31.51:795][540]PIE:Error: Error Accessed None 'gnamers' from node Branch in graph 'EventGraph' in blueprint Door_BP
[2015.08.20-03.31.51:929][541]PIE:Error: Error Accessed None 'gnamers' from node Branch in graph 'EventGraph' in blueprint Door_BP
[2015.08.20-03.31.52:065][542]PIE:Error: Error Accessed None 'gnamers' from node Branch in graph 'EventGraph' in blueprint Door_BP
[2015.08.20-03.31.52:199][543]PIE:Error: Error Accessed None 'gnamers' from node Branch in graph 'EventGraph' in blueprint Door_BP
[2015.08.20-03.31.52:337][544]PIE:Error: Error Accessed None 'gnamers' from node Branch in graph 'EventGraph' in blueprint Door_BP
[2015.08.20-03.31.52:474][545]PIE:Error: Error Accessed None 'gnamers' from node Branch in graph 'EventGraph' in blueprint Door_BP
[2015.08.20-03.31.52:611][546]PIE:Error: Error Accessed None 'gnamers' from node Branch in graph 'EventGraph' in blueprint Door_BP
[2015.08.20-03.31.52:746][547]PIE:Error: Error Accessed None 'gnamers' from node Branch in graph 'EventGraph' in blueprint Door_BP
[2015.08.20-03.31.52:896][548]PIE:Error: Error Accessed None 'gnamers' from node Branch in graph 'EventGraph' in blueprint Door_BP
[2015.08.20-03.31.53:020][549]PIE:Error: Error Accessed None 'gnamers' from node Branch in graph 'EventGraph' in blueprint Door_BP
[2015.08.20-03.31.53:157][550]PIE:Error: Error Accessed None 'gnamers' from node Branch in graph 'EventGraph' in blueprint Door_BP
[2015.08.20-03.31.53:291][551]PIE:Error: Error Accessed None 'gnamers' from node Branch in graph 'EventGraph' in blueprint Door_BP
[2015.08.20-03.31.53:431][552]PIE:Error: Error Accessed None 'gnamers' from node Branch in graph 'EventGraph' in blueprint Door_BP
[2015.08.20-03.31.53:564][553]PIE:Error: Error Accessed None 'gnamers' from node Branch in graph 'EventGraph' in blueprint Door_BP
[2015.08.20-03.31.53:701][554]PIE:Error: Error Accessed None 'gnamers' from node Branch in graph 'EventGraph' in blueprint Door_BP
[2015.08.20-03.31.53:835][555]PIE:Error: Error Accessed None 'gnamers' from node Branch in graph 'EventGraph' in blueprint Door_BP
[2015.08.20-03.31.53:971][556]PIE:Error: Error Accessed None 'gnamers' from node Branch in graph 'EventGraph' in blueprint Door_BP
[2015.08.20-03.31.54:104][557]PIE:Error: Error Accessed None 'gnamers' from node Branch in graph 'EventGraph' in blueprint Door_BP
[2015.08.20-03.31.54:239][558]PIE:Error: Error Accessed None 'gnamers' from node Branch in graph 'EventGraph' in blueprint Door_BP
[2015.08.20-03.31.54:378][559]PIE:Error: Error Accessed None 'gnamers' from node Branch in graph 'EventGraph' in blueprint Door_BP
[2015.08.20-03.31.54:516][560]PIE:Error: Error Accessed None 'gnamers' from node Branch in graph 'EventGraph' in blueprint Door_BP
[2015.08.20-03.31.54:652][561]PIE:Error: Error Accessed None 'gnamers' from node Branch in graph 'EventGraph' in blueprint Door_BP
[2015.08.20-03.31.54:789][562]PIE:Error: Error Accessed None 'gnamers' from node Branch in graph 'EventGraph' in blueprint Door_BP
[2015.08.20-03.31.54:924][563]PIE:Error: Error Accessed None 'gnamers' from node Branch in graph 'EventGraph' in blueprint Door_BP
[2015.08.20-03.31.55:059][564]PIE:Error: Error Accessed None 'gnamers' from node Branch in graph 'EventGraph' in blueprint Door_BP
[2015.08.20-03.31.55:194][565]PIE:Error: Error Accessed None 'gnamers' from node Branch in graph 'EventGraph' in blueprint Door_BP
[2015.08.20-03.31.55:330][566]PIE:Error: Error Accessed None 'gnamers' from node Branch in graph 'EventGraph' in blueprint Door_BP
[2015.08.20-03.31.55:467][567]PIE:Error: Error Accessed None 'gnamers' from node Branch in graph 'EventGraph' in blueprint Door_BP
[2015.08.20-03.31.55:605][568]PIE:Error: Error Accessed None 'gnamers' from node Branch in graph 'EventGraph' in blueprint Door_BP
[2015.08.20-03.31.55:739][569]PIE:Error: Error Accessed None 'gnamers' from node Branch in graph 'EventGraph' in blueprint Door_BP
[2015.08.20-03.31.55:873][570]PIE:Error: Error Accessed None 'gnamers' from node Branch in graph 'EventGraph' in blueprint Door_BP
[2015.08.20-03.31.55:892][570]LogScript:Warning: Cannot access 'Goblinontroller_C_0'. It is pending kill. Property: 'K2Node_DynamicCast_AsAIController'
	Wander2_C /Game/Scene/UEDPIE_0_NewCave.NewCave:PersistentLevel.Goblinontroller_C_0.BTComponent.Wander2_C_0
	Function /Game/Goblin/GoblinAi/Wander2.Wander2_C:ExecuteUbergraph_Wander2:0063
[2015.08.20-03.31.55:893][570]PIE:Error: Error Cannot access 'Goblinontroller_C_0'. It is pending kill. Property: 'K2Node_DynamicCast_AsAIController' from node Cast To GoblinBp in graph 'EventGraph' in blueprint Wander2
[2015.08.20-03.31.56:008][571]PIE:Error: Error Accessed None 'gnamers' from node Branch in graph 'EventGraph' in blueprint Door_BP
[2015.08.20-03.31.56:141][572]PIE:Error: Error Accessed None 'gnamers' from node Branch in graph 'EventGraph' in blueprint Door_BP
[2015.08.20-03.31.56:274][573]PIE:Error: Error Accessed None 'gnamers' from node Branch in graph 'EventGraph' in blueprint Door_BP
[2015.08.20-03.31.56:410][574]PIE:Error: Error Accessed None 'gnamers' from node Branch in graph 'EventGraph' in blueprint Door_BP
[2015.08.20-03.31.56:545][575]PIE:Error: Error Accessed None 'gnamers' from node Branch in graph 'EventGraph' in blueprint Door_BP
[2015.08.20-03.31.56:680][576]PIE:Error: Error Accessed None 'gnamers' from node Branch in graph 'EventGraph' in blueprint Door_BP
[2015.08.20-03.31.56:813][577]PIE:Error: Error Accessed None 'gnamers' from node Branch in graph 'EventGraph' in blueprint Door_BP
[2015.08.20-03.31.56:948][578]PIE:Error: Error Accessed None 'gnamers' from node Branch in graph 'EventGraph' in blueprint Door_BP
[2015.08.20-03.31.57:079][579]PIE:Error: Error Accessed None 'gnamers' from node Branch in graph 'EventGraph' in blueprint Door_BP
[2015.08.20-03.31.57:213][580]PIE:Error: Error Accessed None 'gnamers' from node Branch in graph 'EventGraph' in blueprint Door_BP
[2015.08.20-03.31.57:345][581]PIE:Error: Error Accessed None 'gnamers' from node Branch in graph 'EventGraph' in blueprint Door_BP
[2015.08.20-03.31.57:479][582]PIE:Error: Error Accessed None 'gnamers' from node Branch in graph 'EventGraph' in blueprint Door_BP
[2015.08.20-03.31.57:612][583]PIE:Error: Error Accessed None 'gnamers' from node Branch in graph 'EventGraph' in blueprint Door_BP
[2015.08.20-03.31.58:245][584]LogParticles: Destroying 0 GPU particle simulations for FXSystem 0x000000BE1AEBE700
[2015.08.20-03.31.58:355][584]LogD3D11RHI: InitD3DDevice
[2015.08.20-03.32.12:054][695]LogD3D11RHI: InitD3DDevice
[2015.08.20-03.32.12:587][695]LogLinker:Warning: Asset '../../../Engine/Content/ArtTools/RenderToTexture/Macros/RenderToTextureMacros.uasset' has been saved with empty engine version. The asset will be loaded but may be incompatible.
[2015.08.20-03.32.12:848][695]LogLinker:Warning: Asset '../../../Engine/Content/ArtTools/RenderToTexture/Enums/RenderToTexture_Enum.uasset' has been saved with empty engine version. The asset will be loaded but may be incompatible.
[2015.08.20-03.33.26:194][861]LogD3D11RHI: InitD3DDevice
[2015.08.20-03.34.15:648][105]LogD3D11RHI: InitD3DDevice
[2015.08.20-03.35.00:090][969]LogD3D11RHI: InitD3DDevice
[2015.08.20-03.35.05:329][110]LogD3D11RHI: InitD3DDevice
[2015.08.20-03.35.35:066][356]LogRenderer: Reallocating scene render targets to support 968x712 (Frame:1049).
[2015.08.20-03.36.08:765][517]LogD3D11RHI: InitD3DDevice
[2015.08.20-03.36.13:971][629]LogD3D11RHI: InitD3DDevice
[2015.08.20-03.36.14:409][629]LogD3D11RHI: InitD3DDevice
[2015.08.20-03.36.14:834][629]LogD3D11RHI: InitD3DDevice
[2015.08.20-03.38.21:516][723]LogD3D11RHI: InitD3DDevice
[2015.08.20-03.38.25:009][815]BlueprintLog: New page: Compile GoblinBp
[2015.08.20-03.38.25:821][815]LogActorComponent: UnregisterComponent: (/Engine/Transient.CharMoveComp) Not registered. Aborting.
[2015.08.20-03.38.25:965][815]LogParticles: Destroying 0 GPU particle simulations for FXSystem 0x000000BE0C09A0C0
[2015.08.20-03.38.26:159][815]BlueprintEditorCompileResults: Info [4172.71] Compile of GoblinBp successful! [in 1,150 ms]
[2015.08.20-03.38.27:702][870]LogD3D11RHI: InitD3DDevice
[2015.08.20-03.38.27:889][870]Cmd: OBJ SAVEPACKAGE PACKAGE="/Game/Goblin/GoblinAi/GoblinBp" FILE="../../../../../../Users/Samantha/Desktop/God-Killer/Content/Goblin/GoblinAi/GoblinBp.uasset" SILENT=true
[2015.08.20-03.38.28:531][870]LogSavePackage: Save=355.751770ms
[2015.08.20-03.38.28:532][870]LogSavePackage: Moving '../../../../../../Users/Samantha/Desktop/God-Killer/Saved/GoblinBp9C13F44D42537DCE662B0187714EEE0E.tmp' to '../../../../../../Users/Samantha/Desktop/God-Killer/Content/Goblin/GoblinAi/GoblinBp.uasset'
[2015.08.20-03.38.32:913][965]LogD3D11RHI: InitD3DDevice
[2015.08.20-03.38.33:053][965]Cmd: OBJ SAVEPACKAGE PACKAGE="/Game/Scene/NewCave" FILE="../../../../../../Users/Samantha/Desktop/God-Killer/Content/Scene/NewCave.umap" SILENT=true AUTOSAVING=false KEEPDIRTY=false
[2015.08.20-03.38.33:058][965]LogActorComponent: UnregisterComponent: (/Engine/Transient.CharMoveComp) Not registered. Aborting.
[2015.08.20-03.38.34:665][965]LogSavePackage: Save=1364.731567ms
[2015.08.20-03.38.34:681][965]LogSavePackage: Moving '../../../../../../Users/Samantha/Desktop/God-Killer/Saved/NewCave9D41C7FB43CE3880AAE231A3C32FC544.tmp' to '../../../../../../Users/Samantha/Desktop/God-Killer/Content/Scene/NewCave.umap'
[2015.08.20-03.38.36:651][980]BlueprintLog: New page: Pre-PIE auto-recompile
[2015.08.20-03.38.36:684][980]LogPlayLevel: [PIE] Compiling NewCave before PIE...
[2015.08.20-03.38.37:087][980]LogPlayLevel: PIE:  Blueprint regeneration took 436 ms (1 blueprints)
[2015.08.20-03.38.37:087][980]PIE: New page: PIE session: NewCave (Aug 19, 2015, 1:38:37 PM)
[2015.08.20-03.38.37:089][980]LogPlayLevel: Creating play world package: /Game/Scene/UEDPIE_0_NewCave
[2015.08.20-03.38.37:315][980]LogPlayLevel: PIE: StaticDuplicateObject took: (0.225319s)
[2015.08.20-03.38.37:317][980]LogAIModule: Creating AISystem for world NewCave
[2015.08.20-03.38.37:320][980]LogPlayLevel: PIE: World Init took: (0.004231s)
[2015.08.20-03.38.37:320][980]LogPlayLevel: PIE: Created PIE world by copying editor world from /Game/Scene/NewCave.NewCave to /Game/Scene/UEDPIE_0_NewCave.NewCave (0.230544s)
[2015.08.20-03.38.37:586][980]LogWorld: Game class is 'ThirdPersonGameMode_C'
[2015.08.20-03.38.37:919][980]LogWorld:Warning: *** WARNING - PATHS MAY NOT BE VALID ***
[2015.08.20-03.38.37:919][980]LogWorld: Bringing World /Game/Scene/UEDPIE_0_NewCave.NewCave up for play (max tick rate 60) at 2015.08.19-20.38.37
[2015.08.20-03.38.37:919][980]LogActor:Warning: GameSession /Game/Scene/UEDPIE_0_NewCave.NewCave:PersistentLevel.GameSession_1 has natively added scene component(s), but none of them were set as the actor's RootComponent - picking one arbitrarily
[2015.08.20-03.38.37:920][980]LogActor:Warning: GameNetworkManager /Game/Scene/UEDPIE_0_NewCave.NewCave:PersistentLevel.GameNetworkManager_1 has natively added scene component(s), but none of them were set as the actor's RootComponent - picking one arbitrarily
[2015.08.20-03.38.37:944][980]LogWorld: Bringing up level for play took: 0.354879
[2015.08.20-03.38.37:978][980]PIE: Info Play in editor start time for /Game/Scene/UEDPIE_0_NewCave 1.901
[2015.08.20-03.38.37:979][980]PIE:Error: Error Accessed None 'gnamers' from node Branch in graph 'EventGraph' in blueprint Door_BP
[2015.08.20-03.38.38:013][980]LogScript:Warning: Accessed None 'K2Node_DynamicCast_AsThird_Person_Character2'
	SuccessScreen_C /Engine/Transient.UnrealEdEngine_0:GameInstance_1.SuccessScreen_C_1
	Function /Game/GUI/SuccessScreen.SuccessScreen_C:ExecuteUbergraph_SuccessScreen:0040
[2015.08.20-03.38.38:048][981]PIE:Error: Error Accessed None 'gnamers' from node Branch in graph 'EventGraph' in blueprint Door_BP
[2015.08.20-03.38.38:404][982]PIE:Error: Error Accessed None 'gnamers' from node Branch in graph 'EventGraph' in blueprint Door_BP
[2015.08.20-03.38.38:470][983]PIE:Error: Error Accessed None 'gnamers' from node Branch in graph 'EventGraph' in blueprint Door_BP
[2015.08.20-03.38.38:655][984]PIE:Error: Error Accessed None 'gnamers' from node Branch in graph 'EventGraph' in blueprint Door_BP
[2015.08.20-03.38.38:804][985]PIE:Error: Error Accessed None 'gnamers' from node Branch in graph 'EventGraph' in blueprint Door_BP
[2015.08.20-03.38.38:954][986]PIE:Error: Error Accessed None 'gnamers' from node Branch in graph 'EventGraph' in blueprint Door_BP
[2015.08.20-03.38.39:107][987]PIE:Error: Error Accessed None 'gnamers' from node Branch in graph 'EventGraph' in blueprint Door_BP
[2015.08.20-03.38.39:261][988]PIE:Error: Error Accessed None 'gnamers' from node Branch in graph 'EventGraph' in blueprint Door_BP
[2015.08.20-03.38.39:412][989]PIE:Error: Error Accessed None 'gnamers' from node Branch in graph 'EventGraph' in blueprint Door_BP
[2015.08.20-03.38.39:563][990]PIE:Error: Error Accessed None 'gnamers' from node Branch in graph 'EventGraph' in blueprint Door_BP
[2015.08.20-03.38.39:712][991]PIE:Error: Error Accessed None 'gnamers' from node Branch in graph 'EventGraph' in blueprint Door_BP
[2015.08.20-03.38.39:869][992]PIE:Error: Error Accessed None 'gnamers' from node Branch in graph 'EventGraph' in blueprint Door_BP
[2015.08.20-03.38.40:014][993]PIE:Error: Error Accessed None 'gnamers' from node Branch in graph 'EventGraph' in blueprint Door_BP
[2015.08.20-03.38.40:165][994]PIE:Error: Error Accessed None 'gnamers' from node Branch in graph 'EventGraph' in blueprint Door_BP
[2015.08.20-03.38.40:313][995]PIE:Error: Error Accessed None 'gnamers' from node Branch in graph 'EventGraph' in blueprint Door_BP
[2015.08.20-03.38.40:461][996]PIE:Error: Error Accessed None 'gnamers' from node Branch in graph 'EventGraph' in blueprint Door_BP
[2015.08.20-03.38.40:611][997]PIE:Error: Error Accessed None 'gnamers' from node Branch in graph 'EventGraph' in blueprint Door_BP
[2015.08.20-03.38.40:762][998]PIE:Error: Error Accessed None 'gnamers' from node Branch in graph 'EventGraph' in blueprint Door_BP
[2015.08.20-03.38.40:908][999]PIE:Error: Error Accessed None 'gnamers' from node Branch in graph 'EventGraph' in blueprint Door_BP
[2015.08.20-03.38.41:058][  0]PIE:Error: Error Accessed None 'gnamers' from node Branch in graph 'EventGraph' in blueprint Door_BP
[2015.08.20-03.38.41:205][  1]PIE:Error: Error Accessed None 'gnamers' from node Branch in graph 'EventGraph' in blueprint Door_BP
[2015.08.20-03.38.41:357][  2]PIE:Error: Error Accessed None 'gnamers' from node Branch in graph 'EventGraph' in blueprint Door_BP
[2015.08.20-03.38.41:506][  3]PIE:Error: Error Accessed None 'gnamers' from node Branch in graph 'EventGraph' in blueprint Door_BP
[2015.08.20-03.38.41:656][  4]PIE:Error: Error Accessed None 'gnamers' from node Branch in graph 'EventGraph' in blueprint Door_BP
[2015.08.20-03.38.41:805][  5]PIE:Error: Error Accessed None 'gnamers' from node Branch in graph 'EventGraph' in blueprint Door_BP
[2015.08.20-03.38.41:953][  6]PIE:Error: Error Accessed None 'gnamers' from node Branch in graph 'EventGraph' in blueprint Door_BP
[2015.08.20-03.38.42:103][  7]PIE:Error: Error Accessed None 'gnamers' from node Branch in graph 'EventGraph' in blueprint Door_BP
[2015.08.20-03.38.42:252][  8]PIE:Error: Error Accessed None 'gnamers' from node Branch in graph 'EventGraph' in blueprint Door_BP
[2015.08.20-03.38.42:404][  9]PIE:Error: Error Accessed None 'gnamers' from node Branch in graph 'EventGraph' in blueprint Door_BP
[2015.08.20-03.38.42:546][ 10]PIE:Error: Error Accessed None 'gnamers' from node Branch in graph 'EventGraph' in blueprint Door_BP
[2015.08.20-03.38.42:690][ 11]PIE:Error: Error Accessed None 'gnamers' from node Branch in graph 'EventGraph' in blueprint Door_BP
[2015.08.20-03.38.42:827][ 12]PIE:Error: Error Accessed None 'gnamers' from node Branch in graph 'EventGraph' in blueprint Door_BP
[2015.08.20-03.38.42:966][ 13]PIE:Error: Error Accessed None 'gnamers' from node Branch in graph 'EventGraph' in blueprint Door_BP
[2015.08.20-03.38.43:106][ 14]PIE:Error: Error Accessed None 'gnamers' from node Branch in graph 'EventGraph' in blueprint Door_BP
[2015.08.20-03.38.43:243][ 15]PIE:Error: Error Accessed None 'gnamers' from node Branch in graph 'EventGraph' in blueprint Door_BP
[2015.08.20-03.38.43:380][ 16]PIE:Error: Error Accessed None 'gnamers' from node Branch in graph 'EventGraph' in blueprint Door_BP
[2015.08.20-03.38.43:525][ 17]PIE:Error: Error Accessed None 'gnamers' from node Branch in graph 'EventGraph' in blueprint Door_BP
[2015.08.20-03.38.43:660][ 18]PIE:Error: Error Accessed None 'gnamers' from node Branch in graph 'EventGraph' in blueprint Door_BP
[2015.08.20-03.38.43:800][ 19]PIE:Error: Error Accessed None 'gnamers' from node Branch in graph 'EventGraph' in blueprint Door_BP
[2015.08.20-03.38.43:943][ 20]PIE:Error: Error Accessed None 'gnamers' from node Branch in graph 'EventGraph' in blueprint Door_BP
[2015.08.20-03.38.44:084][ 21]PIE:Error: Error Accessed None 'gnamers' from node Branch in graph 'EventGraph' in blueprint Door_BP
[2015.08.20-03.38.44:221][ 22]PIE:Error: Error Accessed None 'gnamers' from node Branch in graph 'EventGraph' in blueprint Door_BP
[2015.08.20-03.38.44:366][ 23]PIE:Error: Error Accessed None 'gnamers' from node Branch in graph 'EventGraph' in blueprint Door_BP
[2015.08.20-03.38.44:501][ 24]PIE:Error: Error Accessed None 'gnamers' from node Branch in graph 'EventGraph' in blueprint Door_BP
[2015.08.20-03.38.44:640][ 25]PIE:Error: Error Accessed None 'gnamers' from node Branch in graph 'EventGraph' in blueprint Door_BP
[2015.08.20-03.38.44:780][ 26]PIE:Error: Error Accessed None 'gnamers' from node Branch in graph 'EventGraph' in blueprint Door_BP
[2015.08.20-03.38.44:926][ 27]PIE:Error: Error Accessed None 'gnamers' from node Branch in graph 'EventGraph' in blueprint Door_BP
[2015.08.20-03.38.45:073][ 28]PIE:Error: Error Accessed None 'gnamers' from node Branch in graph 'EventGraph' in blueprint Door_BP
[2015.08.20-03.38.45:216][ 29]PIE:Error: Error Accessed None 'gnamers' from node Branch in graph 'EventGraph' in blueprint Door_BP
[2015.08.20-03.38.45:357][ 30]PIE:Error: Error Accessed None 'gnamers' from node Branch in graph 'EventGraph' in blueprint Door_BP
[2015.08.20-03.38.45:499][ 31]PIE:Error: Error Accessed None 'gnamers' from node Branch in graph 'EventGraph' in blueprint Door_BP
[2015.08.20-03.38.45:640][ 32]PIE:Error: Error Accessed None 'gnamers' from node Branch in graph 'EventGraph' in blueprint Door_BP
[2015.08.20-03.38.45:779][ 33]PIE:Error: Error Accessed None 'gnamers' from node Branch in graph 'EventGraph' in blueprint Door_BP
[2015.08.20-03.38.45:912][ 34]PIE:Error: Error Accessed None 'gnamers' from node Branch in graph 'EventGraph' in blueprint Door_BP
[2015.08.20-03.38.46:048][ 35]PIE:Error: Error Accessed None 'gnamers' from node Branch in graph 'EventGraph' in blueprint Door_BP
[2015.08.20-03.38.46:179][ 36]PIE:Error: Error Accessed None 'gnamers' from node Branch in graph 'EventGraph' in blueprint Door_BP
[2015.08.20-03.38.46:309][ 37]PIE:Error: Error Accessed None 'gnamers' from node Branch in graph 'EventGraph' in blueprint Door_BP
[2015.08.20-03.38.46:439][ 38]PIE:Error: Error Accessed None 'gnamers' from node Branch in graph 'EventGraph' in blueprint Door_BP
[2015.08.20-03.38.46:569][ 39]PIE:Error: Error Accessed None 'gnamers' from node Branch in graph 'EventGraph' in blueprint Door_BP
[2015.08.20-03.38.46:699][ 40]PIE:Error: Error Accessed None 'gnamers' from node Branch in graph 'EventGraph' in blueprint Door_BP
[2015.08.20-03.38.46:831][ 41]PIE:Error: Error Accessed None 'gnamers' from node Branch in graph 'EventGraph' in blueprint Door_BP
[2015.08.20-03.38.46:961][ 42]PIE:Error: Error Accessed None 'gnamers' from node Branch in graph 'EventGraph' in blueprint Door_BP
[2015.08.20-03.38.47:090][ 43]PIE:Error: Error Accessed None 'gnamers' from node Branch in graph 'EventGraph' in blueprint Door_BP
[2015.08.20-03.38.47:220][ 44]PIE:Error: Error Accessed None 'gnamers' from node Branch in graph 'EventGraph' in blueprint Door_BP
[2015.08.20-03.38.47:350][ 45]PIE:Error: Error Accessed None 'gnamers' from node Branch in graph 'EventGraph' in blueprint Door_BP
[2015.08.20-03.38.47:480][ 46]PIE:Error: Error Accessed None 'gnamers' from node Branch in graph 'EventGraph' in blueprint Door_BP
[2015.08.20-03.38.47:611][ 47]PIE:Error: Error Accessed None 'gnamers' from node Branch in graph 'EventGraph' in blueprint Door_BP
[2015.08.20-03.38.47:742][ 48]PIE:Error: Error Accessed None 'gnamers' from node Branch in graph 'EventGraph' in blueprint Door_BP
[2015.08.20-03.38.47:770][ 48]LogScript:Warning: Accessed None 'Player'
	Enemy1_C /Game/Scene/UEDPIE_0_NewCave.NewCave:PersistentLevel.Enemy1_C_7
	Function /Game/Enemy1/Enemy1.Enemy1_C:ExecuteUbergraph_Enemy1:0086
[2015.08.20-03.38.47:770][ 48]PIE:Error: Error Accessed None 'Player' from node Branch in graph 'EventGraph' in blueprint Enemy1
[2015.08.20-03.38.47:803][ 48]LogScript:Warning: Accessed None 'Player'
	Enemy1_C /Game/Scene/UEDPIE_0_NewCave.NewCave:PersistentLevel.Enemy1_C_10
	Function /Game/Enemy1/Enemy1.Enemy1_C:ExecuteUbergraph_Enemy1:0086
[2015.08.20-03.38.47:803][ 48]PIE:Error: Error Accessed None 'Player' from node Branch in graph 'EventGraph' in blueprint Enemy1
[2015.08.20-03.38.47:873][ 49]PIE:Error: Error Accessed None 'gnamers' from node Branch in graph 'EventGraph' in blueprint Door_BP
[2015.08.20-03.38.48:003][ 50]PIE:Error: Error Accessed None 'gnamers' from node Branch in graph 'EventGraph' in blueprint Door_BP
[2015.08.20-03.38.48:134][ 51]PIE:Error: Error Accessed None 'gnamers' from node Branch in graph 'EventGraph' in blueprint Door_BP
[2015.08.20-03.38.48:262][ 52]PIE:Error: Error Accessed None 'gnamers' from node Branch in graph 'EventGraph' in blueprint Door_BP
[2015.08.20-03.38.48:394][ 53]PIE:Error: Error Accessed None 'gnamers' from node Branch in graph 'EventGraph' in blueprint Door_BP
[2015.08.20-03.38.48:522][ 54]PIE:Error: Error Accessed None 'gnamers' from node Branch in graph 'EventGraph' in blueprint Door_BP
[2015.08.20-03.38.48:655][ 55]PIE:Error: Error Accessed None 'gnamers' from node Branch in graph 'EventGraph' in blueprint Door_BP
[2015.08.20-03.38.48:784][ 56]PIE:Error: Error Accessed None 'gnamers' from node Branch in graph 'EventGraph' in blueprint Door_BP
[2015.08.20-03.38.48:916][ 57]PIE:Error: Error Accessed None 'gnamers' from node Branch in graph 'EventGraph' in blueprint Door_BP
[2015.08.20-03.38.49:043][ 58]PIE:Error: Error Accessed None 'gnamers' from node Branch in graph 'EventGraph' in blueprint Door_BP
[2015.08.20-03.38.49:173][ 59]PIE:Error: Error Accessed None 'gnamers' from node Branch in graph 'EventGraph' in blueprint Door_BP
[2015.08.20-03.38.49:299][ 60]PIE:Error: Error Accessed None 'gnamers' from node Branch in graph 'EventGraph' in blueprint Door_BP
[2015.08.20-03.38.49:432][ 61]PIE:Error: Error Accessed None 'gnamers' from node Branch in graph 'EventGraph' in blueprint Door_BP
[2015.08.20-03.38.49:562][ 62]PIE:Error: Error Accessed None 'gnamers' from node Branch in graph 'EventGraph' in blueprint Door_BP
[2015.08.20-03.38.49:698][ 63]PIE:Error: Error Accessed None 'gnamers' from node Branch in graph 'EventGraph' in blueprint Door_BP
[2015.08.20-03.38.49:828][ 64]PIE:Error: Error Accessed None 'gnamers' from node Branch in graph 'EventGraph' in blueprint Door_BP
[2015.08.20-03.38.49:963][ 65]PIE:Error: Error Accessed None 'gnamers' from node Branch in graph 'EventGraph' in blueprint Door_BP
[2015.08.20-03.38.50:091][ 66]PIE:Error: Error Accessed None 'gnamers' from node Branch in graph 'EventGraph' in blueprint Door_BP
[2015.08.20-03.38.50:224][ 67]PIE:Error: Error Accessed None 'gnamers' from node Branch in graph 'EventGraph' in blueprint Door_BP
[2015.08.20-03.38.50:353][ 68]PIE:Error: Error Accessed None 'gnamers' from node Branch in graph 'EventGraph' in blueprint Door_BP
[2015.08.20-03.38.50:486][ 69]PIE:Error: Error Accessed None 'gnamers' from node Branch in graph 'EventGraph' in blueprint Door_BP
[2015.08.20-03.38.50:615][ 70]PIE:Error: Error Accessed None 'gnamers' from node Branch in graph 'EventGraph' in blueprint Door_BP
[2015.08.20-03.38.50:747][ 71]PIE:Error: Error Accessed None 'gnamers' from node Branch in graph 'EventGraph' in blueprint Door_BP
[2015.08.20-03.38.50:876][ 72]PIE:Error: Error Accessed None 'gnamers' from node Branch in graph 'EventGraph' in blueprint Door_BP
[2015.08.20-03.38.51:008][ 73]PIE:Error: Error Accessed None 'gnamers' from node Branch in graph 'EventGraph' in blueprint Door_BP
[2015.08.20-03.38.51:141][ 74]PIE:Error: Error Accessed None 'gnamers' from node Branch in graph 'EventGraph' in blueprint Door_BP
[2015.08.20-03.38.51:279][ 75]PIE:Error: Error Accessed None 'gnamers' from node Branch in graph 'EventGraph' in blueprint Door_BP
[2015.08.20-03.38.51:421][ 76]PIE:Error: Error Accessed None 'gnamers' from node Branch in graph 'EventGraph' in blueprint Door_BP
[2015.08.20-03.38.51:559][ 77]PIE:Error: Error Accessed None 'gnamers' from node Branch in graph 'EventGraph' in blueprint Door_BP
[2015.08.20-03.38.51:705][ 78]PIE:Error: Error Accessed None 'gnamers' from node Branch in graph 'EventGraph' in blueprint Door_BP
[2015.08.20-03.38.51:850][ 79]PIE:Error: Error Accessed None 'gnamers' from node Branch in graph 'EventGraph' in blueprint Door_BP
[2015.08.20-03.38.51:996][ 80]PIE:Error: Error Accessed None 'gnamers' from node Branch in graph 'EventGraph' in blueprint Door_BP
[2015.08.20-03.38.52:140][ 81]PIE:Error: Error Accessed None 'gnamers' from node Branch in graph 'EventGraph' in blueprint Door_BP
[2015.08.20-03.38.52:286][ 82]PIE:Error: Error Accessed None 'gnamers' from node Branch in graph 'EventGraph' in blueprint Door_BP
[2015.08.20-03.38.52:431][ 83]PIE:Error: Error Accessed None 'gnamers' from node Branch in graph 'EventGraph' in blueprint Door_BP
[2015.08.20-03.38.52:581][ 84]PIE:Error: Error Accessed None 'gnamers' from node Branch in graph 'EventGraph' in blueprint Door_BP
[2015.08.20-03.38.52:722][ 85]PIE:Error: Error Accessed None 'gnamers' from node Branch in graph 'EventGraph' in blueprint Door_BP
[2015.08.20-03.38.52:869][ 86]PIE:Error: Error Accessed None 'gnamers' from node Branch in graph 'EventGraph' in blueprint Door_BP
[2015.08.20-03.38.53:014][ 87]PIE:Error: Error Accessed None 'gnamers' from node Branch in graph 'EventGraph' in blueprint Door_BP
[2015.08.20-03.38.53:160][ 88]PIE:Error: Error Accessed None 'gnamers' from node Branch in graph 'EventGraph' in blueprint Door_BP
[2015.08.20-03.38.53:312][ 89]PIE:Error: Error Accessed None 'gnamers' from node Branch in graph 'EventGraph' in blueprint Door_BP
[2015.08.20-03.38.53:462][ 90]PIE:Error: Error Accessed None 'gnamers' from node Branch in graph 'EventGraph' in blueprint Door_BP
[2015.08.20-03.38.53:605][ 91]PIE:Error: Error Accessed None 'gnamers' from node Branch in graph 'EventGraph' in blueprint Door_BP
[2015.08.20-03.38.53:749][ 92]PIE:Error: Error Accessed None 'gnamers' from node Branch in graph 'EventGraph' in blueprint Door_BP
[2015.08.20-03.38.53:893][ 93]PIE:Error: Error Accessed None 'gnamers' from node Branch in graph 'EventGraph' in blueprint Door_BP
[2015.08.20-03.38.54:033][ 94]PIE:Error: Error Accessed None 'gnamers' from node Branch in graph 'EventGraph' in blueprint Door_BP
[2015.08.20-03.38.54:170][ 95]PIE:Error: Error Accessed None 'gnamers' from node Branch in graph 'EventGraph' in blueprint Door_BP
[2015.08.20-03.38.54:310][ 96]PIE:Error: Error Accessed None 'gnamers' from node Branch in graph 'EventGraph' in blueprint Door_BP
[2015.08.20-03.38.54:444][ 97]PIE:Error: Error Accessed None 'gnamers' from node Branch in graph 'EventGraph' in blueprint Door_BP
[2015.08.20-03.38.54:575][ 98]PIE:Error: Error Accessed None 'gnamers' from node Branch in graph 'EventGraph' in blueprint Door_BP
[2015.08.20-03.38.54:708][ 99]PIE:Error: Error Accessed None 'gnamers' from node Branch in graph 'EventGraph' in blueprint Door_BP
[2015.08.20-03.38.54:837][100]PIE:Error: Error Accessed None 'gnamers' from node Branch in graph 'EventGraph' in blueprint Door_BP
[2015.08.20-03.38.54:970][101]PIE:Error: Error Accessed None 'gnamers' from node Branch in graph 'EventGraph' in blueprint Door_BP
[2015.08.20-03.38.55:098][102]PIE:Error: Error Accessed None 'gnamers' from node Branch in graph 'EventGraph' in blueprint Door_BP
[2015.08.20-03.38.55:232][103]PIE:Error: Error Accessed None 'gnamers' from node Branch in graph 'EventGraph' in blueprint Door_BP
[2015.08.20-03.38.55:365][104]PIE:Error: Error Accessed None 'gnamers' from node Branch in graph 'EventGraph' in blueprint Door_BP
[2015.08.20-03.38.55:498][105]PIE:Error: Error Accessed None 'gnamers' from node Branch in graph 'EventGraph' in blueprint Door_BP
[2015.08.20-03.38.55:629][106]PIE:Error: Error Accessed None 'gnamers' from node Branch in graph 'EventGraph' in blueprint Door_BP
[2015.08.20-03.38.55:765][107]PIE:Error: Error Accessed None 'gnamers' from node Branch in graph 'EventGraph' in blueprint Door_BP
[2015.08.20-03.38.55:892][108]PIE:Error: Error Accessed None 'gnamers' from node Branch in graph 'EventGraph' in blueprint Door_BP
[2015.08.20-03.38.56:026][109]PIE:Error: Error Accessed None 'gnamers' from node Branch in graph 'EventGraph' in blueprint Door_BP
[2015.08.20-03.38.56:154][110]PIE:Error: Error Accessed None 'gnamers' from node Branch in graph 'EventGraph' in blueprint Door_BP
[2015.08.20-03.38.56:288][111]PIE:Error: Error Accessed None 'gnamers' from node Branch in graph 'EventGraph' in blueprint Door_BP
[2015.08.20-03.38.56:418][112]PIE:Error: Error Accessed None 'gnamers' from node Branch in graph 'EventGraph' in blueprint Door_BP
[2015.08.20-03.38.56:552][113]PIE:Error: Error Accessed None 'gnamers' from node Branch in graph 'EventGraph' in blueprint Door_BP
[2015.08.20-03.38.56:680][114]PIE:Error: Error Accessed None 'gnamers' from node Branch in graph 'EventGraph' in blueprint Door_BP
[2015.08.20-03.38.56:814][115]PIE:Error: Error Accessed None 'gnamers' from node Branch in graph 'EventGraph' in blueprint Door_BP
[2015.08.20-03.38.56:943][116]PIE:Error: Error Accessed None 'gnamers' from node Branch in graph 'EventGraph' in blueprint Door_BP
[2015.08.20-03.38.57:078][117]PIE:Error: Error Accessed None 'gnamers' from node Branch in graph 'EventGraph' in blueprint Door_BP
[2015.08.20-03.38.57:209][118]PIE:Error: Error Accessed None 'gnamers' from node Branch in graph 'EventGraph' in blueprint Door_BP
[2015.08.20-03.38.57:345][119]PIE:Error: Error Accessed None 'gnamers' from node Branch in graph 'EventGraph' in blueprint Door_BP
[2015.08.20-03.38.57:482][120]PIE:Error: Error Accessed None 'gnamers' from node Branch in graph 'EventGraph' in blueprint Door_BP
[2015.08.20-03.38.57:616][121]PIE:Error: Error Accessed None 'gnamers' from node Branch in graph 'EventGraph' in blueprint Door_BP
[2015.08.20-03.38.57:749][122]PIE:Error: Error Accessed None 'gnamers' from node Branch in graph 'EventGraph' in blueprint Door_BP
[2015.08.20-03.38.57:881][123]PIE:Error: Error Accessed None 'gnamers' from node Branch in graph 'EventGraph' in blueprint Door_BP
[2015.08.20-03.38.58:016][124]PIE:Error: Error Accessed None 'gnamers' from node Branch in graph 'EventGraph' in blueprint Door_BP
[2015.08.20-03.38.58:149][125]PIE:Error: Error Accessed None 'gnamers' from node Branch in graph 'EventGraph' in blueprint Door_BP
[2015.08.20-03.38.58:284][126]PIE:Error: Error Accessed None 'gnamers' from node Branch in graph 'EventGraph' in blueprint Door_BP
[2015.08.20-03.38.58:420][127]PIE:Error: Error Accessed None 'gnamers' from node Branch in graph 'EventGraph' in blueprint Door_BP
[2015.08.20-03.38.58:556][128]PIE:Error: Error Accessed None 'gnamers' from node Branch in graph 'EventGraph' in blueprint Door_BP
[2015.08.20-03.38.58:686][129]PIE:Error: Error Accessed None 'gnamers' from node Branch in graph 'EventGraph' in blueprint Door_BP
[2015.08.20-03.38.58:818][130]PIE:Error: Error Accessed None 'gnamers' from node Branch in graph 'EventGraph' in blueprint Door_BP
[2015.08.20-03.38.58:950][131]PIE:Error: Error Accessed None 'gnamers' from node Branch in graph 'EventGraph' in blueprint Door_BP
[2015.08.20-03.38.59:079][132]PIE:Error: Error Accessed None 'gnamers' from node Branch in graph 'EventGraph' in blueprint Door_BP
[2015.08.20-03.38.59:211][133]PIE:Error: Error Accessed None 'gnamers' from node Branch in graph 'EventGraph' in blueprint Door_BP
[2015.08.20-03.38.59:344][134]PIE:Error: Error Accessed None 'gnamers' from node Branch in graph 'EventGraph' in blueprint Door_BP
[2015.08.20-03.38.59:474][135]PIE:Error: Error Accessed None 'gnamers' from node Branch in graph 'EventGraph' in blueprint Door_BP
[2015.08.20-03.38.59:606][136]PIE:Error: Error Accessed None 'gnamers' from node Branch in graph 'EventGraph' in blueprint Door_BP
[2015.08.20-03.38.59:734][137]PIE:Error: Error Accessed None 'gnamers' from node Branch in graph 'EventGraph' in blueprint Door_BP
[2015.08.20-03.38.59:867][138]PIE:Error: Error Accessed None 'gnamers' from node Branch in graph 'EventGraph' in blueprint Door_BP
[2015.08.20-03.38.59:998][139]PIE:Error: Error Accessed None 'gnamers' from node Branch in graph 'EventGraph' in blueprint Door_BP
[2015.08.20-03.39.00:130][140]PIE:Error: Error Accessed None 'gnamers' from node Branch in graph 'EventGraph' in blueprint Door_BP
[2015.08.20-03.39.00:261][141]PIE:Error: Error Accessed None 'gnamers' from node Branch in graph 'EventGraph' in blueprint Door_BP
[2015.08.20-03.39.00:397][142]PIE:Error: Error Accessed None 'gnamers' from node Branch in graph 'EventGraph' in blueprint Door_BP
[2015.08.20-03.39.00:528][143]PIE:Error: Error Accessed None 'gnamers' from node Branch in graph 'EventGraph' in blueprint Door_BP
[2015.08.20-03.39.00:659][144]PIE:Error: Error Accessed None 'gnamers' from node Branch in graph 'EventGraph' in blueprint Door_BP
[2015.08.20-03.39.00:792][145]PIE:Error: Error Accessed None 'gnamers' from node Branch in graph 'EventGraph' in blueprint Door_BP
[2015.08.20-03.39.00:924][146]PIE:Error: Error Accessed None 'gnamers' from node Branch in graph 'EventGraph' in blueprint Door_BP
[2015.08.20-03.39.01:057][147]PIE:Error: Error Accessed None 'gnamers' from node Branch in graph 'EventGraph' in blueprint Door_BP
[2015.08.20-03.39.01:190][148]PIE:Error: Error Accessed None 'gnamers' from node Branch in graph 'EventGraph' in blueprint Door_BP
[2015.08.20-03.39.01:323][149]PIE:Error: Error Accessed None 'gnamers' from node Branch in graph 'EventGraph' in blueprint Door_BP
[2015.08.20-03.39.01:457][150]PIE:Error: Error Accessed None 'gnamers' from node Branch in graph 'EventGraph' in blueprint Door_BP
[2015.08.20-03.39.01:589][151]PIE:Error: Error Accessed None 'gnamers' from node Branch in graph 'EventGraph' in blueprint Door_BP
[2015.08.20-03.39.01:722][152]PIE:Error: Error Accessed None 'gnamers' from node Branch in graph 'EventGraph' in blueprint Door_BP
[2015.08.20-03.39.01:853][153]PIE:Error: Error Accessed None 'gnamers' from node Branch in graph 'EventGraph' in blueprint Door_BP
[2015.08.20-03.39.01:986][154]PIE:Error: Error Accessed None 'gnamers' from node Branch in graph 'EventGraph' in blueprint Door_BP
[2015.08.20-03.39.02:118][155]PIE:Error: Error Accessed None 'gnamers' from node Branch in graph 'EventGraph' in blueprint Door_BP
[2015.08.20-03.39.02:249][156]PIE:Error: Error Accessed None 'gnamers' from node Branch in graph 'EventGraph' in blueprint Door_BP
[2015.08.20-03.39.02:382][157]PIE:Error: Error Accessed None 'gnamers' from node Branch in graph 'EventGraph' in blueprint Door_BP
[2015.08.20-03.39.02:515][158]PIE:Error: Error Accessed None 'gnamers' from node Branch in graph 'EventGraph' in blueprint Door_BP
[2015.08.20-03.39.02:645][159]PIE:Error: Error Accessed None 'gnamers' from node Branch in graph 'EventGraph' in blueprint Door_BP
[2015.08.20-03.39.02:780][160]PIE:Error: Error Accessed None 'gnamers' from node Branch in graph 'EventGraph' in blueprint Door_BP
[2015.08.20-03.39.02:912][161]PIE:Error: Error Accessed None 'gnamers' from node Branch in graph 'EventGraph' in blueprint Door_BP
[2015.08.20-03.39.03:045][162]PIE:Error: Error Accessed None 'gnamers' from node Branch in graph 'EventGraph' in blueprint Door_BP
[2015.08.20-03.39.03:176][163]PIE:Error: Error Accessed None 'gnamers' from node Branch in graph 'EventGraph' in blueprint Door_BP
[2015.08.20-03.39.03:312][164]PIE:Error: Error Accessed None 'gnamers' from node Branch in graph 'EventGraph' in blueprint Door_BP
[2015.08.20-03.39.03:443][165]PIE:Error: Error Accessed None 'gnamers' from node Branch in graph 'EventGraph' in blueprint Door_BP
[2015.08.20-03.39.03:577][166]PIE:Error: Error Accessed None 'gnamers' from node Branch in graph 'EventGraph' in blueprint Door_BP
[2015.08.20-03.39.04:028][167]LogParticles: Destroying 0 GPU particle simulations for FXSystem 0x000000BE41260220
[2015.08.20-03.39.04:111][167]LogD3D11RHI: InitD3DDevice
[2015.08.20-03.39.08:014][200]LogD3D11RHI: InitD3DDevice
[2015.08.20-03.39.08:145][200]Cmd: OBJ SAVEPACKAGE PACKAGE="/Game/Scene/NewCave" FILE="../../../../../../Users/Samantha/Desktop/God-Killer/Content/Scene/NewCave.umap" SILENT=true AUTOSAVING=false KE