[2016.02.17-04.28.08:421][  0]Log file open, 02/16/16 20:28:08
[2016.02.17-04.28.08:421][  0]LogInit:Display: Running engine for game: GodKiller
[2016.02.17-04.28.08:421][  0]LogInit:Display: RandInit(47674879) SRandInit(47674880).
[2016.02.17-04.28.08:421][  0]LogTaskGraph: Started task graph with 4 named threads and 7 total threads.
[2016.02.17-04.28.08:421][  0]LogStats: Stats thread started
[2016.02.17-04.28.08:421][  0]LogInit: Version: 4.8.3-2634408+++depot+UE4-Releases+4.8
[2016.02.17-04.28.08:421][  0]LogInit: API Version: 2579680
[2016.02.17-04.28.08:421][  0]LogInit: Compiled (64-bit): Jul 27 2015 16:24:33
[2016.02.17-04.28.08:421][  0]LogInit: Compiled with Visual C++: 18.00.21005.01
[2016.02.17-04.28.08:421][  0]LogInit: Build Configuration: Development
[2016.02.17-04.28.08:421][  0]LogInit: Branch Name: ++depot+UE4-Releases+4.8
[2016.02.17-04.28.08:421][  0]LogInit: Command line:  
[2016.02.17-04.28.08:421][  0]LogInit: Base directory: C:/Program Files/Epic Games/4.8/Engine/Binaries/Win64/
[2016.02.17-04.28.08:421][  0]LogInit: Rocket: 1
[2016.02.17-04.28.08:444][  0]LogInit: Using libcurl 7.41.0
[2016.02.17-04.28.08:444][  0]LogInit:  - built for x86_64-pc-win32
[2016.02.17-04.28.08:444][  0]LogInit:  - supports SSL with WinSSL
[2016.02.17-04.28.08:444][  0]LogInit:  - other features:
[2016.02.17-04.28.08:444][  0]LogInit:      CURL_VERSION_SSL
[2016.02.17-04.28.08:444][  0]LogInit:      CURL_VERSION_IPV6
[2016.02.17-04.28.08:444][  0]LogInit:      CURL_VERSION_ASYNCHDNS
[2016.02.17-04.28.08:444][  0]LogInit:      CURL_VERSION_LARGEFILE
[2016.02.17-04.28.08:444][  0]LogInit:      CURL_VERSION_IDN
[2016.02.17-04.28.08:444][  0]LogInit:  CurlRequestOptions (configurable via config and command line):
[2016.02.17-04.28.08:444][  0]LogInit:  - bVerifyPeer = true  - Libcurl will verify peer certificate
[2016.02.17-04.28.08:444][  0]LogInit:  - bUseHttpProxy = false  - Libcurl will NOT use HTTP proxy
[2016.02.17-04.28.08:444][  0]LogInit:  - bDontReuseConnections = false  - Libcurl will reuse connections
[2016.02.17-04.28.08:444][  0]LogInit:  - CertBundlePath = nullptr  - Libcurl will use whatever was configured at build time.
[2016.02.17-04.28.08:463][  0]LogOnline:Warning: No default platform service specified for OnlineSubsystem
[2016.02.17-04.28.08:533][  0]LogInit: Presizing for 0 objects not considered by GC, pre-allocating 0 bytes.
[2016.02.17-04.28.08:539][  0]LogInit: Object subsystem initialized
[2016.02.17-04.28.08:540][  0]LogConsoleResponse:Warning: Skipping Unknown console variable: 'TranslucentSortAxis = (X=0.000000,Y=-1.000000,Z=0.000000)'
[2016.02.17-04.28.08:540][  0]LogConsoleResponse:Warning:   Found in ini file 'C:/Users/tehno/Documents/God-Killer/Saved/Config/Windows/Engine.ini', in section '[/Script/Engine.RendererSettings]'
[2016.02.17-04.28.08:540][  0]LogConsoleResponse:Warning: Skipping Unknown console variable: 'UIScaleRule = ShortestSide'
[2016.02.17-04.28.08:540][  0]LogConsoleResponse:Warning:   Found in ini file 'C:/Users/tehno/Documents/God-Killer/Saved/Config/Windows/Engine.ini', in section '[/Script/Engine.RendererSettings]'
[2016.02.17-04.28.08:540][  0]LogConsoleResponse:Warning: Skipping Unknown console variable: 'UIScaleCurve = (EditorCurveData=(Keys=),ExternalCurve=None)'
[2016.02.17-04.28.08:540][  0]LogConsoleResponse:Warning:   Found in ini file 'C:/Users/tehno/Documents/God-Killer/Saved/Config/Windows/Engine.ini', in section '[/Script/Engine.RendererSettings]'
[2016.02.17-04.28.08:541][  0]LogInit: Selected Device Profile: [Windows]
[2016.02.17-04.28.08:541][  0]LogInit: Applying CVar settings loaded from the selected device profile: [Windows]
[2016.02.17-04.28.08:674][  0]LogInit: Computer: DESKTOP-1J5BF64
[2016.02.17-04.28.08:674][  0]LogInit: User: tehno
[2016.02.17-04.28.08:674][  0]LogInit: CPU Page size=4096, Cores=4
[2016.02.17-04.28.08:674][  0]LogInit: High frequency timer resolution =2.533207 MHz
[2016.02.17-04.28.08:674][  0]LogMemory: Memory total: Physical=7.9GB (8GB approx)
[2016.02.17-04.28.08:674][  0]LogMemory: Platform Memory Stats for Windows
[2016.02.17-04.28.08:674][  0]LogMemory: Process Physical Memory: 53.13 MB used, 53.13 MB peak
[2016.02.17-04.28.08:674][  0]LogMemory: Process Virtual Memory: 24.61 MB used, 24.61 MB peak
[2016.02.17-04.28.08:674][  0]LogMemory: Physical Memory: 5594.02 MB used, 8081.01 MB total
[2016.02.17-04.28.08:674][  0]LogMemory: Virtual Memory: 315.96 MB used, 134217728.00 MB total
[2016.02.17-04.28.09:733][  0]LogTextLocalizationManager: The requested culture ('en_US') has no localization data; parent culture's ('en') localization data will be used.
[2016.02.17-04.28.10:140][  0]LogTextLocalizationManager:Warning: Loaded localization resources contain conflicting entries for (Namespace:ContentBrowser, Key:ImportAssetToolTip):
Localization Resource: (C:/Program Files/Epic Games/4.8/Engine/Content/Localization/Editor/en/Editor.locres) Source String Hash: (-630476809) Localized String: (Import to {0}...)
Localization Resource: (C:/Program Files/Epic Games/4.8/Engine/Content/Localization/Editor/en/Editor.locres) Source String Hash: (1271782899) Localized String: (Imports an asset from file to this folder.)
[2016.02.17-04.28.11:423][  0]LogD3D11RHI: Found D3D11 adapter 0: NVIDIA GeForce GTX 960M     (Feature Level 11_0)
[2016.02.17-04.28.11:423][  0]LogD3D11RHI: Adapter has 1995MB of dedicated video memory, 0MB of dedicated system memory, and 4040MB of shared system memory, 1 output[s]
[2016.02.17-04.28.11:494][  0]LogD3D11RHI: Found D3D11 adapter 1: Intel(R) HD Graphics 4600 (Feature Level 11_0)
[2016.02.17-04.28.11:494][  0]LogD3D11RHI: Adapter has 112MB of dedicated video memory, 0MB of dedicated system memory, and 4040MB of shared system memory, 0 output[s]
[2016.02.17-04.28.11:499][  0]LogD3D11RHI: Found D3D11 adapter 2: Microsoft Basic Render Driver (Feature Level 11_0)
[2016.02.17-04.28.11:499][  0]LogD3D11RHI: Adapter has 0MB of dedicated video memory, 0MB of dedicated system memory, and 4040MB of shared system memory, 0 output[s]
[2016.02.17-04.28.11:499][  0]LogD3D11RHI: Chosen D3D11 Adapter Id = 0
[2016.02.17-04.28.11:508][  0]LogD3D11RHI: InitD3DDevice
[2016.02.17-04.28.11:508][  0]LogD3D11RHI: !Direct3DDevice
[2016.02.17-04.28.11:508][  0]LogRHI: Texture pool is 1361 MB (70% of 1945 MB)
[2016.02.17-04.28.11:532][  0]LogD3D11RHI: Async texture creation enabled
[2016.02.17-04.28.11:545][  0]LogShaderCompilers:Display: Using Local Shader Compiler.
[2016.02.17-04.28.16:633][  0]LogTemp:Display: Loaded TP DesktopTargetPlatform
[2016.02.17-04.28.16:654][  0]LogTemp:Display: Loaded TP WindowsClientTargetPlatform
[2016.02.17-04.28.16:698][  0]LogTemp:Display: Loaded TP WindowsNoEditorTargetPlatform
[2016.02.17-04.28.16:723][  0]LogTemp:Display: Loaded TP WindowsServerTargetPlatform
[2016.02.17-04.28.16:769][  0]LogTemp:Display: Loaded TP WindowsTargetPlatform
[2016.02.17-04.28.16:804][  0]LogTemp:Display: Loaded TP AndroidTargetPlatform
[2016.02.17-04.28.16:835][  0]LogTemp:Display: Loaded TP Android_ASTCTargetPlatform
[2016.02.17-04.28.16:866][  0]LogTemp:Display: Loaded TP Android_ATCTargetPlatform
[2016.02.17-04.28.16:899][  0]LogTemp:Display: Loaded TP Android_DXTTargetPlatform
[2016.02.17-04.28.16:930][  0]LogTemp:Display: Loaded TP Android_ETC1TargetPlatform
[2016.02.17-04.28.16:962][  0]LogTemp:Display: Loaded TP Android_ETC2TargetPlatform
[2016.02.17-04.28.16:992][  0]LogTemp:Display: Loaded TP Android_PVRTCTargetPlatform
[2016.02.17-04.28.17:137][  0]LogTemp:Display: Loaded TP IOSTargetPlatform
[2016.02.17-04.28.17:155][  0]LogTemp:Display: Loaded TP LinuxNoEditorTargetPlatform
[2016.02.17-04.28.17:219][  0]LogTemp:Display: Loaded TP LinuxServerTargetPlatform
[2016.02.17-04.28.17:272][  0]LogTemp:Display: Loaded TP LinuxTargetPlatform
[2016.02.17-04.28.17:272][  0]LogTargetPlatformManager:Display: Building Assets For Windows
[2016.02.17-04.28.18:245][  0]LogDerivedDataCache:Display: Max Cache Size: 512 MB
[2016.02.17-04.28.18:336][  0]LogDerivedDataCache: Loaded boot cache 0.09s 53MB C:/Users/tehno/AppData/Local/UnrealEngine/4.8/DerivedDataCache/Boot.ddc.
[2016.02.17-04.28.18:336][  0]LogDerivedDataCache:Display: Loaded Boot cache: C:/Users/tehno/AppData/Local/UnrealEngine/4.8/DerivedDataCache/Boot.ddc
[2016.02.17-04.28.18:336][  0]LogDerivedDataCache: FDerivedDataBackendGraph:  Pak pak cache file ../../../../../../Users/tehno/Documents/God-Killer/DerivedDataCache/DDC.ddp not found, will not use a pak cache.
[2016.02.17-04.28.18:336][  0]LogDerivedDataCache: Unable to find inner node Pak for hierarchical cache Hierarchy.
[2016.02.17-04.28.18:336][  0]LogDerivedDataCache: FDerivedDataBackendGraph:  CompressedPak pak cache file ../../../../../../Users/tehno/Documents/God-Killer/DerivedDataCache/Compressed.ddp not found, will not use a pak cache.
[2016.02.17-04.28.18:336][  0]LogDerivedDataCache: Unable to find inner node CompressedPak for hierarchical cache Hierarchy.
[2016.02.17-04.28.18:554][  0]LogDerivedDataCache:Display: Pak cache opened for reading ../../../Engine/DerivedDataCache/Compressed.ddp.
[2016.02.17-04.28.18:569][  0]LogDerivedDataCache: Using Local data cache path C:/Users/tehno/AppData/Local/UnrealEngine/Common/DerivedDataCache: Writable
[2016.02.17-04.28.23:253][  0]LogInit: Selected Device Profile: [Windows]
[2016.02.17-04.28.23:348][  0]ImportText (ComponentSweepMultiTests): Missing closing parenthesis: (RootShapeAsset="/Engine/BasicShapes/Cube.Cube",ShapeType="TriggerCapsule",HitResult=(Time=0.50,Location=(X=-100.000015,Y=0.0,Z=100.000015),ImpactPoint=(X=-50.0,Y=0.0,Z=50.0),Normal=(X=-1.0,Y=-0.0,Z=0.0),ImpactNormal=(X=0.0,Y=0.0,Z=1.0),TraceStart=(X=-200.0,Y=0.0,Z=200.0),TraceEnd=(X=0.0,Y=0.0,Z=0.0))
[2016.02.17-04.28.23:349][  0]ImportText (LineTraceSingleByChannelTests): Missing closing parenthesis: (RootShapeAsset="/Engine/BasicShapes/Cube.Cube",HitResult=(Time=0.50,Location=(X=-100.000015,Y=0.0,Z=100.000015),ImpactPoint=(X=-50.0,Y=0.0,Z=50.0),Normal=(X=-1.0,Y=-0.0,Z=0.0),ImpactNormal=(X=0.0,Y=0.0,Z=1.0),TraceStart=(X=-200.0,Y=0.0,Z=200.0),TraceEnd=(X=0.0,Y=0.0,Z=0.0))
[2016.02.17-04.28.23:460][  0]LogMeshUtilities: No automatic mesh reduction module available
[2016.02.17-04.28.23:460][  0]LogMeshUtilities: No automatic mesh merging module available
[2016.02.17-04.28.24:219][  0]LogInit: WinSock: version 1.1 (2.2), MaxSocks=32767, MaxUdp=65467
[2016.02.17-04.28.37:595][  0]UdpMessaging: Initializing bridge on interface 0.0.0.0:0 to multicast group 230.0.0.1:6666.
[2016.02.17-04.28.38:892][  0]SourceControl: Info Source control is disabled
[2016.02.17-04.28.39:200][  0]SourceControl: Info Source control is disabled
[2016.02.17-04.28.39:245][  0]SourceControl: Info Source control is disabled
[2016.02.17-04.28.39:307][  0]SourceControl: Info Source control is disabled
[2016.02.17-04.28.39:955][  0]LogObj: 26273 objects as part of root set at end of initial load.
[2016.02.17-04.28.39:955][  0]LogUObjectAllocator: 5409256 out of 0 bytes used by permanent object pool.
[2016.02.17-04.28.40:097][  0]LogEngine: Initializing Engine...
[2016.02.17-04.28.40:100][  0]LogHMD: Can't find Oculus library dev build: is proper Runtime installed? Version: 0.6.0.0
[2016.02.17-04.28.40:138][  0]LogHMD:Warning: SteamVR failed to initialize.  Error: 110
[2016.02.17-04.28.40:429][  0]LogAIModule: Creating AISystem for world NewWorld
[2016.02.17-04.28.40:452][  0]LogInit: XAudio2 using 'Speakers (Realtek High Definition Audio)' : 2 channels at 48 kHz using 32 bits per sample (channel mask 0x3)
[2016.02.17-04.28.40:463][  0]LogInit: FAudioDevice initialized.
[2016.02.17-04.28.40:501][  0]LogDerivedDataCache: Saved boot cache 0.04s 53MB C:/Users/tehno/AppData/Local/UnrealEngine/4.8/DerivedDataCache/Boot.ddc.
[2016.02.17-04.28.40:507][  0]LogInit: Texture streaming: Disabled
[2016.02.17-04.28.40:556][  0]LogAnalytics: Creating configured Analytics provider AnalyticsET
[2016.02.17-04.28.40:557][  0]LogAnalytics: [UEEditor.Rocket.Release] APIServer = http://et2.epicgames.com/ET2/. AppVersion = 4.8.3-2634408+++depot+UE4-Releases+4.8
[2016.02.17-04.28.40:557][  0]LogAnalytics: [UEEditor.Rocket.Release] SetUserId ff2ae08d43132c9c6560deab31976655|82a2ba43aacb4a26af7064aafe4b8476|408bd81a-a488-43d0-aafd-21e3d5a0d38c
[2016.02.17-04.28.40:557][  0]LogAnalytics: [UEEditor.Rocket.Release] AnalyticsET::StartSession
[2016.02.17-04.28.40:660][  0]LogInit: Transaction tracking system initialized
[2016.02.17-04.28.41:339][  0]BlueprintLog: New page: Editor Load
[2016.02.17-04.28.41:417][  0]LogAssetRegistry: FAssetRegistry took 0.0106 seconds to start up
[2016.02.17-04.28.41:418][  0]LogDirectoryWatcher:Warning: Failed to begin reading directory changes for ../../../Engine/Plugins/Experimental/CharacterAI/Content/. Error: 0
[2016.02.17-04.28.46:044][  0]LogConsoleManager:Warning: Console variable 'r.VSync' wasn't set ('GameSetting' has a lower priority than 'SystemSettingsIni')
[2016.02.17-04.28.46:044][  0]LogConsoleResponse:Display: 
[2016.02.17-04.28.46:844][  0]LogCook:Display: Done creating registry. It took  0.00s.
[2016.02.17-04.28.47:864][  0]SourceControl: Info Source control is disabled
[2016.02.17-04.28.47:864][  0]Cmd: MAP LOAD FILE="../../../../../../Users/tehno/Documents/God-Killer/Content/Scene/NewCave.umap" TEMPLATE=0 SHOWPROGRESS=1 FEATURELEVEL=3
[2016.02.17-04.28.47:868][  0]LightingResults: New page: Lighting Build
[2016.02.17-04.28.47:917][  0]MapCheck: New page: Map Check
[2016.02.17-04.28.47:917][  0]LightingResults: New page: Lighting Build
[2016.02.17-04.28.47:927][  0]LogParticles: Destroying 0 GPU particle simulations for FXSystem 0x000001FAF93E1300
[2016.02.17-04.28.51:107][  0]LogBlueprint:Warning: [compiler Gui] Warning 'gnawmers' is already a 'Enemy 1', you don't need  Cast To Enemy1 .
[2016.02.17-04.28.51:115][  0]LogBlueprint:Warning: [compiler Gui] Warning [0046.02] Compile of Gui successful, but with 1 Warning(s) [in 36 ms]
[2016.02.17-04.28.51:115][  0]LogBlueprint:Warning: [compiler Gui] Warning [0046.02] Compile of Gui successful, but with 2 Warning(s) [in 0 ms]
[2016.02.17-04.28.51:115][  0]LogBlueprint:Warning: [compiler Gui] Warning [0046.02] Compile of Gui successful, but with 3 Warning(s) [in 0 ms]
[2016.02.17-04.28.51:512][  0]LogBlueprint:Warning: [compiler GnawmersHealth] Warning 'gnawmers' is already a 'Enemy 1', you don't need  Cast To Enemy1 .
[2016.02.17-04.28.51:512][  0]LogBlueprint:Warning: [compiler GnawmersHealth] Warning [0046.42] Compile of GnawmersHealth successful, but with 1 Warning(s) [in 9 ms]
[2016.02.17-04.28.51:512][  0]LogBlueprint:Warning: [compiler GnawmersHealth] Warning [0046.42] Compile of GnawmersHealth successful, but with 2 Warning(s) [in 0 ms]
[2016.02.17-04.28.51:512][  0]LogBlueprint:Warning: [compiler GnawmersHealth] Warning [0046.42] Compile of GnawmersHealth successful, but with 3 Warning(s) [in 0 ms]
[2016.02.17-04.28.53:606][  0]LogBlueprint:Warning: [compiler Gui] Warning 'gnawmers' is already a 'Enemy 1', you don't need  Cast To Enemy1 .
[2016.02.17-04.28.53:614][  0]LogBlueprint:Warning: [compiler Gui] Warning [0048.52] Compile of Gui successful, but with 1 Warning(s) [in 37 ms]
[2016.02.17-04.28.53:616][  0]LogBlueprint:Warning: [compiler Gui] Warning [0048.52] Compile of Gui successful, but with 2 Warning(s) [in 1 ms]
[2016.02.17-04.28.53:705][  0]LogBlueprint:Warning: [compiler GnawmersHealth] Warning 'gnawmers' is already a 'Enemy 1', you don't need  Cast To Enemy1 .
[2016.02.17-04.28.53:706][  0]LogBlueprint:Warning: [compiler GnawmersHealth] Warning [0048.61] Compile of GnawmersHealth successful, but with 1 Warning(s) [in 10 ms]
[2016.02.17-04.28.53:706][  0]LogBlueprint:Warning: [compiler GnawmersHealth] Warning [0048.61] Compile of GnawmersHealth successful, but with 2 Warning(s) [in 0 ms]
[2016.02.17-04.28.58:978][  0]LogBlueprint:Warning: [compiler NewCave] Warning Node  Unknown  is not referencing a valid level actor
[2016.02.17-04.28.58:985][  0]LogBlueprint:Warning: [compiler NewCave] Warning [0053.89] Compile of NewCave successful, but with 1 Warning(s) [in 143 ms]
[2016.02.17-04.28.58:985][  0]LogBlueprint:Warning: [compiler NewCave] Warning [0053.89] Compile of NewCave successful, but with 2 Warning(s) [in 0 ms]
[2016.02.17-04.28.58:986][  0]LogBlueprint:Warning: [compiler NewCave] Warning [0053.89] Compile of NewCave successful, but with 3 Warning(s) [in 0 ms]
[2016.02.17-04.28.59:168][  0]LogBlueprint:Warning: [compiler NewCave] Warning Node  Unknown  is not referencing a valid level actor
[2016.02.17-04.28.59:179][  0]LogBlueprint:Warning: [compiler NewCave] Warning [0054.08] Compile of NewCave successful, but with 1 Warning(s) [in 153 ms]
[2016.02.17-04.28.59:179][  0]LogBlueprint:Warning: [compiler NewCave] Warning [0054.08] Compile of NewCave successful, but with 2 Warning(s) [in 0 ms]
[2016.02.17-04.31.03:461][  0]LogAIModule: Creating AISystem for world NewCave
[2016.02.17-04.31.05:854][  0]LogEditorServer: Finished looking for orphan Actors (0.000 secs)
[2016.02.17-04.31.05:858][  0]Cmd: MAP CHECKDEP NOCLEARLOG
[2016.02.17-04.31.06:111][  0]MapCheck: Info Map check complete: 0 Error(s), 0 Warning(s), took 251.512ms to complete.
[2016.02.17-04.31.06:111][  0]LogFileHelpers: Loading map 'NewCave' took 138.246
[2016.02.17-04.31.06:328][  0]LogCollectionManager: Loaded 0 collections in 0.003399 seconds
[2016.02.17-04.31.06:335][  0]LogContentBrowser: Native class hierarchy populated in 0.0071 seconds. Added 1792 classes and 301 folders.
[2016.02.17-04.31.06:456][  0]LogContentBrowser: Native class hierarchy updated for 'WidgetCarousel' in 0.0005 seconds. Added 0 classes and 0 folders.
[2016.02.17-04.31.06:811][  0]LogContentBrowser: Native class hierarchy updated for 'AddContentDialog' in 0.0010 seconds. Added 0 classes and 0 folders.
[2016.02.17-04.31.07:062][  0]LogContentBrowser: Native class hierarchy updated for 'SceneOutliner' in 0.0010 seconds. Added 1 classes and 2 folders.
[2016.02.17-04.31.07:410][  0]LogCrashTracker: Crashtracker disabled due to settings.
[2016.02.17-04.31.07:441][  0]LogD3D11RHI: InitD3DDevice
[2016.02.17-04.31.07:514][  0]LogD3D11RHI: InitD3DDevice
[2016.02.17-04.31.08:019][  0]LogLoad: Full Startup: 182.92 seconds (BP compile: 4.15 seconds)
[2016.02.17-04.31.08:982][  0]LogContentStreaming: Texture pool size is 0.000000MB
[2016.02.17-04.31.09:481][  0]LogContentStreaming: Texture pool size now 1000 MB
[2016.02.17-04.31.09:567][  0]LogAudio:Warning: Spatialisation on stereo and multichannel sounds is not supported. SoundWave: LoopBossFightMusic Actor: LoopBossFightMusic2_2 AudioComponent: AudioComponent0
[2016.02.17-04.31.09:567][  0]LogAudio:Warning: Spatialisation on stereo and multichannel sounds is not supported. SoundWave: animal-bats-cave Actor: animal-bats-cave_6 AudioComponent: AudioComponent0
[2016.02.17-04.31.09:567][  0]LogAudio:Warning: Spatialisation on stereo and multichannel sounds is not supported. SoundWave: SCI-FI-AMB-HVY-CAVE-WIND Actor: SCI-FI-AMB-HVY-CAVE-WIND_9 AudioComponent: AudioComponent0
[2016.02.17-04.31.09:567][  0]LogAudio:Warning: Spatialisation on stereo and multichannel sounds is not supported. SoundWave: water-drip-cave-2 Actor: water-drip-cave-4_27 AudioComponent: AudioComponent0
[2016.02.17-04.31.10:012][  0]LogRenderer: Reallocating scene render targets to support 824x624 (Frame:2).
[2016.02.17-04.31.10:479][  1]Cmd: UpdateLandscapeEditorData -warnings
[2016.02.17-04.31.10:512][  1]Cmd: UpdateLandscapeEditorData
[2016.02.17-04.31.18:843][ 22]LogAssetRegistry: Asset discovery search completed in 157.4361 seconds
[2016.02.17-04.33.42:799][489]LogD3D11RHI: InitD3DDevice
[2016.02.17-04.34.07:092][764]LogD3D11RHI: InitD3DDevice
[2016.02.17-04.34.07:952][764]LogD3D11RHI: InitD3DDevice
[2016.02.17-04.34.08:426][764]LogRenderer: Reallocating scene render targets to support 1040x688 (Frame:768).
[2016.02.17-04.34.10:037][841]LogD3D11RHI: InitD3DDevice
[2016.02.17-04.38.31:106][425]LogMaterial: Missing cached shader map for material Sword_Mat, compiling. 
[2016.02.17-04.38.31:170][425]LogMaterial:Warning: Failed to compile Material /Game/Sword-Dragon/Sword_Mat.Sword_Mat for platform PCD3D_SM5, Default Material will be used in game.
[2016.02.17-04.38.31:171][425]LogMaterial:Warning: 	(Node TextureSample) TextureSample> Missing input texture
[2016.02.17-04.38.31:175][425]LogStaticMesh: Building static mesh LowPolySwordSmooth...
[2016.02.17-04.38.31:178][425]LogD3D11RHI: InitD3DDevice
[2016.02.17-04.38.31:390][425]LogStaticMesh: Built static mesh [0.219532.2s] /Game/Sword-Dragon/LowPolySwordSmooth.LowPolySwordSmooth
[2016.02.17-04.38.31:479][425]LogD3D11RHI: InitD3DDevice
[2016.02.17-04.38.54:315][800]LogD3D11RHI: InitD3DDevice
[2016.02.17-04.38.56:795][800]LogSkeletalMesh: InitArticulated: Bodies already created (/Engine/Transient.DebugSkelMeshComponent_0) - call TermArticulated first.
[2016.02.17-04.38.57:445][800]LogLinker:Warning: Asset '../../../Engine/Content/Tutorial/SubEditors/PersonaAnimEditorTutorial.uasset' has been saved with empty engine version. The asset will be loaded but may be incompatible.
[2016.02.17-04.39.40:507][319]LogActorComponent: UnregisterComponent: (/Engine/Transient.CharMoveComp) Not registered. Aborting.
[2016.02.17-04.39.40:658][319]LogParticles: Destroying 0 GPU particle simulations for FXSystem 0x000001FA83183EC0
[2016.02.17-04.39.41:450][319]LogWindowsTextInputMethodSystem:Display: IME system now deactivated.
[2016.02.17-04.39.41:450][319]LogWindowsTextInputMethodSystem:Display: IME system now deactivated.
[2016.02.17-04.39.41:866][320]Cmd: QUIT_EDITOR
[2016.02.17-04.39.42:228][320]LogExit: Preparing to exit.
[2016.02.17-04.39.42:954][320]LogExit: Editor shut down
[2016.02.17-04.39.42:954][320]LogExit: Transaction tracking system shut down
[2016.02.17-04.39.42:970][320]LogParticles: Destroying 0 GPU particle simulations for FXSystem 0x000001FAC8741DA0
[2016.02.17-04.39.42:974][320]LogParticles: Destroying 0 GPU particle simulations for FXSystem 0x000001FB003C7560
[2016.02.17-04.39.42:974][320]LogParticles: Destroying 0 GPU particle simulations for FXSystem 0x000001FAF1250AE0
[2016.02.17-04.39.42:974][320]LogParticles: Destroying 0 GPU particle simulations for FXSystem 0x000001FB003453A0
[2016.02.17-04.39.42:974][320]LogParticles: Destroying 0 GPU particle simulations for FXSystem 0x000001FB05C267A0
[2016.02.17-04.39.42:974][320]LogParticles: Destroying 0 GPU particle simulations for FXSystem 0x000001FB05C25DA0
[2016.02.17-04.39.42:974][320]LogParticles: Destroying 0 GPU particle simulations for FXSystem 0x000001FB05C27EC0
[2016.02.17-04.39.42:974][320]LogParticles: Destroying 0 GPU particle simulations for FXSystem 0x000001FAC8F7BB00
[2016.02.17-04.39.42:974][320]LogParticles: Destroying 0 GPU particle simulations for FXSystem 0x000001FB18195C60
[2016.02.17-04.39.42:974][320]LogParticles: Destroying 0 GPU particle simulations for FXSystem 0x000001FA82AA45E0
[2016.02.17-04.39.42:974][320]LogParticles: Destroying 0 GPU particle simulations for FXSystem 0x000001FAF4762C00
[2016.02.17-04.39.42:974][320]LogParticles: Destroying 0 GPU particle simulations for FXSystem 0x000001FAF4763100
[2016.02.17-04.39.43:161][320]LogExit: Object subsystem successfully closed.
[2016.02.17-04.39.43:191][320]LogD3D11RHI: Shutdown
[2016.02.17-04.39.43:191][320]LogD3D11RHI: CleanupD3DDevice
[2016.02.17-04.39.43:408][320]LogD3D11RHI: ~FD3D11DynamicRHI
[2016.02.17-04.39.43:431][320]LogModuleManager: Shutting down and abandoning module StaticMeshEditor (189)
[2016.02.17-04.39.43:431][320]LogModuleManager: Shutting down and abandoning module CrashTracker (188)
[2016.02.17-04.39.43:431][320]LogModuleManager: Shutting down and abandoning module SceneOutliner (187)
[2016.02.17-04.39.43:431][320]LogModuleManager: Shutting down and abandoning module SuperSearch (186)
[2016.02.17-04.39.43:431][320]LogModuleManager: Shutting down and abandoning module WidgetCarousel (185)
[2016.02.17-04.39.43:431][320]LogModuleManager: Shutting down and abandoning module AddContentDialog (184)
[2016.02.17-04.39.43:431][320]LogModuleManager: Shutting down and abandoning module EditorWidgets (183)
[2016.02.17-04.39.43:431][320]LogModuleManager: Shutting down and abandoning module CollectionManager (182)
[2016.02.17-04.39.43:470][320]LogModuleManager: Shutting down and abandoning module StatsViewer (181)
[2016.02.17-04.39.43:470][320]LogModuleManager: Shutting down and abandoning module FoliageEdit (180)
[2016.02.17-04.39.43:470][320]LogModuleManager: Shutting down and abandoning module LandscapeEditor (179)
[2016.02.17-04.39.43:471][320]LogModuleManager: Shutting down and abandoning module ActorPickerMode (178)
[2016.02.17-04.39.43:471][320]LogModuleManager: Shutting down and abandoning module GeometryMode (177)
[2016.02.17-04.39.43:471][320]LogModuleManager: Shutting down and abandoning module TextureAlignMode (176)
[2016.02.17-04.39.43:471][320]LogModuleManager: Shutting down and abandoning module BspMode (175)
[2016.02.17-04.39.43:471][320]LogModuleManager: Shutting down and abandoning module PlacementMode (174)
[2016.02.17-04.39.43:471][320]LogModuleManager: Shutting down and abandoning module AutomationWorker (173)
[2016.02.17-04.39.43:471][320]LogModuleManager: Shutting down and abandoning module CharacterAI (172)
[2016.02.17-04.39.43:471][320]LogModuleManager: Shutting down and abandoning module SmartSnapping (171)
[2016.02.17-04.39.43:471][320]LogModuleManager: Shutting down and abandoning module ViewportSnapping (170)
[2016.02.17-04.39.43:471][320]LogModuleManager: Shutting down and abandoning module LogVisualizer (169)
[2016.02.17-04.39.43:471][320]LogModuleManager: Shutting down and abandoning module GameProjectGeneration (168)
[2016.02.17-04.39.43:471][320]LogModuleManager: Shutting down and abandoning module IntroTutorials (167)
[2016.02.17-04.39.43:471][320]LogModuleManager: Shutting down and abandoning module EditorLiveStreaming (166)
[2016.02.17-04.39.43:471][320]LogModuleManager: Shutting down and abandoning module IOSPlatformEditor (165)
[2016.02.17-04.39.43:471][320]LogModuleManager: Shutting down and abandoning module HTML5PlatformEditor (164)
[2016.02.17-04.39.43:471][320]LogModuleManager: Shutting down and abandoning module AndroidDeviceDetection (163)
[2016.02.17-04.39.43:589][320]LogModuleManager: Shutting down and abandoning module AndroidPlatformEditor (162)
[2016.02.17-04.39.43:589][320]LogModuleManager: Shutting down and abandoning module IOSRuntimeSettings (161)
[2016.02.17-04.39.43:589][320]LogModuleManager: Shutting down and abandoning module AndroidRuntimeSettings (160)
[2016.02.17-04.39.43:589][320]LogModuleManager: Shutting down and abandoning module MergeActors (159)
[2016.02.17-04.39.43:589][320]LogModuleManager: Shutting down and abandoning module SizeMap (158)
[2016.02.17-04.39.43:589][320]LogModuleManager: Shutting down and abandoning module TreeMap (157)
[2016.02.17-04.39.43:589][320]LogModuleManager: Shutting down and abandoning module ReferenceViewer (156)
[2016.02.17-04.39.43:589][320]LogModuleManager: Shutting down and abandoning module LocalizationDashboard (155)
[2016.02.17-04.39.43:589][320]LogModuleManager: Shutting down and abandoning module HardwareTargeting (154)
[2016.02.17-04.39.43:589][320]LogModuleManager: Shutting down and abandoning module DeviceProfileEditor (153)
[2016.02.17-04.39.43:589][320]LogModuleManager: Shutting down and abandoning module UndoHistory (152)
[2016.02.17-04.39.43:589][320]LogModuleManager: Shutting down and abandoning module GameplayTagsEditor (151)
[2016.02.17-04.39.43:589][320]LogModuleManager: Shutting down and abandoning module UserFeedback (150)
[2016.02.17-04.39.43:589][320]LogModuleManager: Shutting down and abandoning module XmlParser (149)
[2016.02.17-04.39.43:589][320]LogModuleManager: Shutting down and abandoning module Blutility (148)
[2016.02.17-04.39.43:589][320]LogModuleManager: Shutting down and abandoning module ProjectTargetPlatformEditor (147)
[2016.02.17-04.39.43:589][320]LogModuleManager: Shutting down and abandoning module ProjectSettingsViewer (146)
[2016.02.17-04.39.43:589][320]LogModuleManager: Shutting down and abandoning module InputBindingEditor (145)
[2016.02.17-04.39.43:590][320]LogModuleManager: Shutting down and abandoning module EditorSettingsViewer (144)
[2016.02.17-04.39.43:590][320]LogModuleManager: Shutting down and abandoning module SettingsEditor (143)
[2016.02.17-04.39.43:590][320]LogModuleManager: Shutting down and abandoning module ProjectLauncher (142)
[2016.02.17-04.39.43:590][320]LogModuleManager: Shutting down and abandoning module SessionFrontend (141)
[2016.02.17-04.39.43:590][320]LogModuleManager: Shutting down and abandoning module ProfilerClient (140)
[2016.02.17-04.39.43:590][320]LogModuleManager: Shutting down and abandoning module TargetDeviceServices (139)
[2016.02.17-04.39.43:590][320]LogModuleManager: Shutting down and abandoning module DeviceManager (138)
[2016.02.17-04.39.43:590][320]LogModuleManager: Shutting down and abandoning module AutomationController (137)
[2016.02.17-04.39.43:590][320]LogModuleManager: Shutting down and abandoning module AutomationWindow (136)
[2016.02.17-04.39.43:590][320]LogModuleManager: Shutting down and abandoning module Layers (135)
[2016.02.17-04.39.43:590][320]LogModuleManager: Shutting down and abandoning module ComponentVisualizers (134)
[2016.02.17-04.39.43:590][320]LogModuleManager: Shutting down and abandoning module DetailCustomizations (133)
[2016.02.17-04.39.43:590][320]LogModuleManager: Shutting down and abandoning module PackagesDialog (132)
[2016.02.17-04.39.43:590][320]LogModuleManager: Shutting down and abandoning module AssetRegistry (131)
[2016.02.17-04.39.43:685][320]LogModuleManager: Shutting down and abandoning module Persona (130)
[2016.02.17-04.39.43:685][320]LogModuleManager: Shutting down and abandoning module Kismet (129)
[2016.02.17-04.39.43:685][320]LogModuleManager: Shutting down and abandoning module GraphEditor (128)
[2016.02.17-04.39.43:685][320]LogModuleManager: Shutting down and abandoning module ClassViewer (127)
[2016.02.17-04.39.43:685][320]LogModuleManager: Shutting down and abandoning module Toolbox (126)
[2016.02.17-04.39.43:685][320]LogModuleManager: Shutting down and abandoning module ModuleUI (125)
[2016.02.17-04.39.43:685][320]LogModuleManager: Shutting down and abandoning module MovieSceneTools (124)
[2016.02.17-04.39.43:685][320]LogModuleManager: Shutting down and abandoning module OutputLog (123)
[2016.02.17-04.39.43:685][320]LogModuleManager: Shutting down and abandoning module GammaUI (122)
[2016.02.17-04.39.43:685][320]LogModuleManager: Shutting down and abandoning module Documentation (121)
[2016.02.17-04.39.43:685][320]LogModuleManager: Shutting down and abandoning module GameLiveStreaming (120)
[2016.02.17-04.39.43:685][320]LogModuleManager: Shutting down and abandoning module StreamingPauseRendering (119)
[2016.02.17-04.39.43:685][320]LogModuleManager: Shutting down and abandoning module AnalyticsET (118)
[2016.02.17-04.39.43:685][320]LogModuleManager: Shutting down and abandoning module Analytics (117)
[2016.02.17-04.39.43:685][320]LogModuleManager: Shutting down and abandoning module AITestSuite (116)
[2016.02.17-04.39.43:685][320]LogModuleManager: Shutting down and abandoning module GameplayDebugger (115)
[2016.02.17-04.39.43:685][320]LogModuleManager: Shutting down and abandoning module AIModule (114)
[2016.02.17-04.39.43:685][320]LogModuleManager: Shutting down and abandoning module ProfilerService (113)
[2016.02.17-04.39.43:712][320]LogModuleManager: Shutting down and abandoning module TaskGraph (112)
[2016.02.17-04.39.43:712][320]LogModuleManager: Shutting down and abandoning module SlateRemote (111)
[2016.02.17-04.39.43:713][320]LogModuleManager: Shutting down and abandoning module SteamVRController (110)
[2016.02.17-04.39.43:713][320]LogModuleManager: Shutting down and abandoning module SteamVR (109)
[2016.02.17-04.39.43:713][320]LogModuleManager: Shutting down and abandoning module ProceduralMeshComponent (108)
[2016.02.17-04.39.43:713][320]LogModuleManager: Shutting down and abandoning module OculusRift (107)
[2016.02.17-04.39.43:713][320]LogModuleManager: Shutting down and abandoning module LeapMotionController (106)
[2016.02.17-04.39.43:734][320]LogModuleManager: Shutting down and abandoning module CustomMeshComponent (105)
[2016.02.17-04.39.43:734][320]LogModuleManager: Shutting down and abandoning module CableComponent (104)
[2016.02.17-04.39.43:734][320]LogModuleManager: Shutting down and abandoning module MessagingDebugger (103)
[2016.02.17-04.39.43:734][320]LogModuleManager: Shutting down and abandoning module MediaPlayerEditor (102)
[2016.02.17-04.39.43:734][320]LogModuleManager: Shutting down and abandoning module SpeedTreeImporter (101)
[2016.02.17-04.39.43:734][320]LogModuleManager: Shutting down and abandoning module PluginBrowser (100)
[2016.02.17-04.39.43:734][320]LogModuleManager: Shutting down and abandoning module EpicSurvey (99)
[2016.02.17-04.39.43:734][320]LogModuleManager: Shutting down and abandoning module DesktopPlatform (98)
[2016.02.17-04.39.43:734][320]LogModuleManager: Shutting down and abandoning module VisualStudioSourceCodeAccess (97)
[2016.02.17-04.39.43:734][320]LogModuleManager: Shutting down and abandoning module UObjectPlugin (96)
[2016.02.17-04.39.43:734][320]LogModuleManager: Shutting down and abandoning module SubversionSourceControl (95)
[2016.02.17-04.39.43:734][320]LogModuleManager: Shutting down and abandoning module PerforceSourceControl (94)
[2016.02.17-04.39.43:734][320]LogModuleManager: Shutting down and abandoning module SourceControl (93)
[2016.02.17-04.39.43:734][320]LogModuleManager: Shutting down and abandoning module GitSourceControl (92)
[2016.02.17-04.39.43:734][320]LogModuleManager: Shutting down and abandoning module BlankPlugin (91)
[2016.02.17-04.39.43:734][320]LogModuleManager: Shutting down and abandoning module PaperTiledImporter (90)
[2016.02.17-04.39.43:734][320]LogModuleManager: Shutting down and abandoning module PaperSpriteSheetImporter (89)
[2016.02.17-04.39.43:734][320]LogModuleManager: Shutting down and abandoning module MeshPaint (88)
[2016.02.17-04.39.43:734][320]LogModuleManager: Shutting down and abandoning module SlateReflector (87)
[2016.02.17-04.39.43:734][320]LogModuleManager: Shutting down and abandoning module DirectoryWatcher (86)
[2016.02.17-04.39.43:737][320]LogModuleManager: Shutting down and abandoning module HotReload (85)
[2016.02.17-04.39.43:737][320]LogModuleManager: Shutting down and abandoning module MainFrame (84)
[2016.02.17-04.39.43:737][320]LogModuleManager: Shutting down and abandoning module LevelEditor (83)
[2016.02.17-04.39.43:738][320]LogModuleManager: Shutting down and abandoning module ContentBrowser (82)
[2016.02.17-04.39.43:739][320]LogModuleManager: Shutting down and abandoning module Paper2DEditor (81)
[2016.02.17-04.39.43:739][320]LogModuleManager: Shutting down and abandoning module UdpMessaging (80)
[2016.02.17-04.39.43:840][320]LogModuleManager: Shutting down and abandoning module Paper2D (79)
[2016.02.17-04.39.43:840][320]LogModuleManager: Shutting down and abandoning module WindowsMoviePlayer (78)
[2016.02.17-04.39.43:844][320]LogModuleManager: Shutting down and abandoning module Media (77)
[2016.02.17-04.39.43:844][320]LogModuleManager: Shutting down and abandoning module WmfMedia (76)
[2016.02.17-04.39.43:844][320]LogModuleManager: Shutting down and abandoning module OnlineBlueprintSupport (75)
[2016.02.17-04.39.43:844][320]LogModuleManager: Shutting down and abandoning module PropertyEditor (74)
[2016.02.17-04.39.43:844][320]LogModuleManager: Shutting down and abandoning module BehaviorTreeEditor (73)
[2016.02.17-04.39.43:844][320]LogModuleManager: Shutting down and abandoning module FunctionalTesting (72)
[2016.02.17-04.39.43:844][320]LogModuleManager: Shutting down and abandoning module CollisionAnalyzer (71)
[2016.02.17-04.39.43:844][320]LogModuleManager: Shutting down and abandoning module WorkspaceMenuStructure (70)
[2016.02.17-04.39.43:844][320]LogModuleManager: Shutting down and abandoning module MessageLog (69)
[2016.02.17-04.39.43:844][320]LogModuleManager: Shutting down and abandoning module Sequencer (68)
[2016.02.17-04.39.43:844][320]LogModuleManager: Shutting down and abandoning module AssetTools (67)
[2016.02.17-04.39.43:844][320]LogModuleManager: Shutting down and abandoning module UMGEditor (66)
[2016.02.17-04.39.43:844][320]LogModuleManager: Shutting down and abandoning module UMG (65)
[2016.02.17-04.39.43:844][320]LogModuleManager: Shutting down and abandoning module Slate (64)
[2016.02.17-04.39.43:854][320]LogModuleManager: Shutting down and abandoning module EditorStyle (63)
[2016.02.17-04.39.43:857][320]LogModuleManager: Shutting down and abandoning module SessionServices (62)
[2016.02.17-04.39.43:857][320]LogModuleManager: Shutting down and abandoning module SourceCodeAccess (61)
[2016.02.17-04.39.43:857][320]LogModuleManager: Shutting down and abandoning module HeadMountedDisplay (60)
[2016.02.17-04.39.43:857][320]LogModuleManager: Shutting down and abandoning module XAudio2 (59)
[2016.02.17-04.39.43:857][320]LogModuleManager: Shutting down and abandoning module Networking (57)
[2016.02.17-04.39.43:857][320]LogModuleManager: Shutting down and abandoning module Core (56)
[2016.02.17-04.39.43:857][320]LogModuleManager: Shutting down and abandoning module KismetCompiler (55)
[2016.02.17-04.39.43:857][320]LogModuleManager: Shutting down and abandoning module PhysXFormats (54)
[2016.02.17-04.39.43:857][320]LogModuleManager: Shutting down and abandoning module MeshUtilities (53)
[2016.02.17-04.39.43:857][320]LogModuleManager: Shutting down and abandoning module DerivedDataCache (52)
[2016.02.17-04.39.43:906][320]LogDerivedDataCache: Shutdown
[2016.02.17-04.39.43:906][320]LogModuleManager: Shutting down and abandoning module ShaderFormatOpenGL (51)
[2016.02.17-04.39.43:906][320]LogModuleManager: Shutting down and abandoning module ShaderFormatD3D (50)
[2016.02.17-04.39.43:906][320]LogModuleManager: Shutting down and abandoning module MetalShaderFormat (49)
[2016.02.17-04.39.43:906][320]LogModuleManager: Shutting down and abandoning module TextureFormatUncompressed (48)
[2016.02.17-04.39.43:907][320]LogModuleManager: Shutting down and abandoning module TextureFormatPVR (47)
[2016.02.17-04.39.43:907][320]LogModuleManager: Shutting down and abandoning module TextureFormatIntelISPCTexComp (46)
[2016.02.17-04.39.43:907][320]LogModuleManager: Shutting down and abandoning module TextureFormatDXT (45)
[2016.02.17-04.39.43:907][320]LogModuleManager: Shutting down and abandoning module ImageWrapper (44)
[2016.02.17-04.39.43:907][320]LogModuleManager: Shutting down and abandoning module TextureFormatASTC (43)
[2016.02.17-04.39.43:907][320]LogModuleManager: Shutting down and abandoning module TextureFormatAndroid (42)
[2016.02.17-04.39.43:907][320]LogModuleManager: Shutting down and abandoning module AudioFormatOpus (41)
[2016.02.17-04.39.43:907][320]LogModuleManager: Shutting down and abandoning module AudioFormatOgg (40)
[2016.02.17-04.39.43:907][320]LogModuleManager: Shutting down and abandoning module AudioFormatADPCM (39)
[2016.02.17-04.39.43:907][320]LogModuleManager: Shutting down and abandoning module LinuxTargetPlatform (38)
[2016.02.17-04.39.43:907][320]LogModuleManager: Shutting down and abandoning module LinuxServerTargetPlatform (37)
[2016.02.17-04.39.43:907][320]LogModuleManager: Shutting down and abandoning module LinuxNoEditorTargetPlatform (36)
[2016.02.17-04.39.43:907][320]LogModuleManager: Shutting down and abandoning module Messaging (35)
[2016.02.17-04.39.43:907][320]LogModuleManager: Shutting down and abandoning module IOSTargetPlatform (34)
[2016.02.17-04.39.43:907][320]LogModuleManager: Shutting down and abandoning module HTML5TargetPlatform (33)
[2016.02.17-04.39.43:907][320]LogModuleManager: Shutting down and abandoning module Android_PVRTCTargetPlatform (32)
[2016.02.17-04.39.43:907][320]LogModuleManager: Shutting down and abandoning module Android_ETC2TargetPlatform (31)
[2016.02.17-04.39.43:908][320]LogModuleManager: Shutting down and abandoning module Android_ETC1TargetPlatform (30)
[2016.02.17-04.39.43:908][320]LogModuleManager: Shutting down and abandoning module Android_DXTTargetPlatform (29)
[2016.02.17-04.39.43:908][320]LogModuleManager: Shutting down and abandoning module Android_ATCTargetPlatform (28)
[2016.02.17-04.39.43:908][320]LogModuleManager: Shutting down and abandoning module Android_ASTCTargetPlatform (27)
[2016.02.17-04.39.43:908][320]LogModuleManager: Shutting down and abandoning module AndroidTargetPlatform (26)
[2016.02.17-04.39.43:908][320]LogModuleManager: Shutting down and abandoning module WindowsTargetPlatform (25)
[2016.02.17-04.39.43:908][320]LogModuleManager: Shutting down and abandoning module WindowsServerTargetPlatform (24)
[2016.02.17-04.39.43:908][320]LogModuleManager: Shutting down and abandoning module WindowsNoEditorTargetPlatform (23)
[2016.02.17-04.39.43:908][320]LogModuleManager: Shutting down and abandoning module WindowsClientTargetPlatform (22)
[2016.02.17-04.39.43:908][320]LogModuleManager: Shutting down and abandoning module DesktopTargetPlatform (21)
[2016.02.17-04.39.43:908][320]LogModuleManager: Shutting down and abandoning module TargetPlatform (20)
[2016.02.17-04.39.43:909][320]LogModuleManager: Shutting down and abandoning module InputCore (19)
[2016.02.17-04.39.43:909][320]LogModuleManager: Shutting down and abandoning module Settings (18)
[2016.02.17-04.39.43:909][320]LogModuleManager: Shutting down and abandoning module OnlineSubsystem (16)
[2016.02.17-04.39.43:909][320]LogModuleManager: Shutting down and abandoning module HTTP (15)
[2016.02.17-04.39.43:910][320]LogModuleManager: Shutting down and abandoning module ExampleDeviceProfileSelector (14)
[2016.02.17-04.39.43:910][320]LogModuleManager: Shutting down and abandoning module TextureCompressor (13)
[2016.02.17-04.39.43:910][320]LogModuleManager: Shutting down and abandoning module ShaderCore (12)
[2016.02.17-04.39.43:910][320]LogModuleManager: Shutting down and abandoning module Landscape (11)
[2016.02.17-04.39.43:910][320]LogModuleManager: Shutting down and abandoning module SlateRHIRenderer (10)
[2016.02.17-04.39.43:913][320]LogModuleManager: Shutting down and abandoning module OpenGLDrv (9)
[2016.02.17-04.39.43:913][320]LogModuleManager: Shutting down and abandoning module D3D11RHI (8)
[2016.02.17-04.39.43:913][320]LogModuleManager: Shutting down and abandoning module Renderer (7)
[2016.02.17-04.39.43:913][320]LogModuleManager: Shutting down and abandoning module Engine (6)
[2016.02.17-04.39.43:913][320]LogModuleManager: Shutting down and abandoning module CoreUObject (5)
[2016.02.17-04.39.43:913][320]LogModuleManager: Shutting down and abandoning module NetworkFile (4)
[2016.02.17-04.39.43:913][320]LogModuleManager: Shutting down and abandoning module StreamingFile (3)
[2016.02.17-04.39.43:913][320]LogModuleManager: Shutting down and abandoning module SandboxFile (2)
[2016.02.17-04.39.43:913][320]LogModuleManager: Shutting down and abandoning module PakFile (1)
[2016.02.17-04.39.43:915][320]LogExit: Exiting.
[2016.02.17-04.39.43:924][320]Log file closed, 02/16/16 20:39:43
