[2015.08.29-02.51.07:489][  0]Log file open, 08/28/15 19:51:07
[2015.08.29-02.51.07:489][  0]LogInit:Display: Running engine for game: GodKiller
[2015.08.29-02.51.07:489][  0]LogInit:Display: RandInit(-1949691265) SRandInit(-1949691244).
[2015.08.29-02.51.07:489][  0]LogTaskGraph: Started task graph with 4 named threads and 7 total threads.
[2015.08.29-02.51.07:489][  0]LogStats: Stats thread started
[2015.08.29-02.51.07:489][  0]LogInit: Version: 4.8.3-2634408+++depot+UE4-Releases+4.8
[2015.08.29-02.51.07:489][  0]LogInit: API Version: 2579680
[2015.08.29-02.51.07:489][  0]LogInit: Compiled (64-bit): Jul 27 2015 16:24:33
[2015.08.29-02.51.07:489][  0]LogInit: Compiled with Visual C++: 18.00.21005.01
[2015.08.29-02.51.07:489][  0]LogInit: Build Configuration: Development
[2015.08.29-02.51.07:489][  0]LogInit: Branch Name: ++depot+UE4-Releases+4.8
[2015.08.29-02.51.07:489][  0]LogInit: Command line:  
[2015.08.29-02.51.07:489][  0]LogInit: Base directory: D:/Program Files/Unreal/Epic Games/4.8/Engine/Binaries/Win64/
[2015.08.29-02.51.07:489][  0]LogInit: Rocket: 1
[2015.08.29-02.51.07:516][  0]LogInit: Using libcurl 7.41.0
[2015.08.29-02.51.07:516][  0]LogInit:  - built for x86_64-pc-win32
[2015.08.29-02.51.07:516][  0]LogInit:  - supports SSL with WinSSL
[2015.08.29-02.51.07:516][  0]LogInit:  - other features:
[2015.08.29-02.51.07:516][  0]LogInit:      CURL_VERSION_SSL
[2015.08.29-02.51.07:516][  0]LogInit:      CURL_VERSION_IPV6
[2015.08.29-02.51.07:516][  0]LogInit:      CURL_VERSION_ASYNCHDNS
[2015.08.29-02.51.07:516][  0]LogInit:      CURL_VERSION_LARGEFILE
[2015.08.29-02.51.07:516][  0]LogInit:      CURL_VERSION_IDN
[2015.08.29-02.51.07:516][  0]LogInit:  CurlRequestOptions (configurable via config and command line):
[2015.08.29-02.51.07:516][  0]LogInit:  - bVerifyPeer = true  - Libcurl will verify peer certificate
[2015.08.29-02.51.07:517][  0]LogInit:  - bUseHttpProxy = false  - Libcurl will NOT use HTTP proxy
[2015.08.29-02.51.07:517][  0]LogInit:  - bDontReuseConnections = false  - Libcurl will reuse connections
[2015.08.29-02.51.07:517][  0]LogInit:  - CertBundlePath = nullptr  - Libcurl will use whatever was configured at build time.
[2015.08.29-02.51.07:537][  0]LogOnline:Warning: No default platform service specified for OnlineSubsystem
[2015.08.29-02.51.07:566][  0]LogInit: Presizing for 0 objects not considered by GC, pre-allocating 0 bytes.
[2015.08.29-02.51.07:575][  0]LogInit: Object subsystem initialized
[2015.08.29-02.51.07:576][  0]LogConsoleResponse:Warning: Skipping Unknown console variable: 'TranslucentSortAxis = (X=0.000000,Y=-1.000000,Z=0.000000)'
[2015.08.29-02.51.07:576][  0]LogConsoleResponse:Warning:   Found in ini file 'D:/Storage/Documents/SourceTRee/Saved/Config/Windows/Engine.ini', in section '[/Script/Engine.RendererSettings]'
[2015.08.29-02.51.07:576][  0]LogConsoleResponse:Warning: Skipping Unknown console variable: 'UIScaleRule = ShortestSide'
[2015.08.29-02.51.07:576][  0]LogConsoleResponse:Warning:   Found in ini file 'D:/Storage/Documents/SourceTRee/Saved/Config/Windows/Engine.ini', in section '[/Script/Engine.RendererSettings]'
[2015.08.29-02.51.07:576][  0]LogConsoleResponse:Warning: Skipping Unknown console variable: 'UIScaleCurve = (EditorCurveData=(Keys=),ExternalCurve=None)'
[2015.08.29-02.51.07:576][  0]LogConsoleResponse:Warning:   Found in ini file 'D:/Storage/Documents/SourceTRee/Saved/Config/Windows/Engine.ini', in section '[/Script/Engine.RendererSettings]'
[2015.08.29-02.51.07:577][  0]LogInit: Selected Device Profile: [Windows]
[2015.08.29-02.51.07:577][  0]LogInit: Applying CVar settings loaded from the selected device profile: [Windows]
[2015.08.29-02.51.07:585][  0]LogInit: Computer: JOSEPH-PC
[2015.08.29-02.51.07:585][  0]LogInit: User: Joseph
[2015.08.29-02.51.07:585][  0]LogInit: CPU Page size=4096, Cores=4
[2015.08.29-02.51.07:585][  0]LogInit: High frequency timer resolution =14.318180 MHz
[2015.08.29-02.51.07:585][  0]LogMemory: Memory total: Physical=15.9GB (16GB approx)
[2015.08.29-02.51.07:585][  0]LogMemory: Platform Memory Stats for Windows
[2015.08.29-02.51.07:585][  0]LogMemory: Process Physical Memory: 51.02 MB used, 51.02 MB peak
[2015.08.29-02.51.07:585][  0]LogMemory: Process Virtual Memory: 24.77 MB used, 24.77 MB peak
[2015.08.29-02.51.07:585][  0]LogMemory: Physical Memory: 3917.93 MB used, 16280.89 MB total
[2015.08.29-02.51.07:585][  0]LogMemory: Virtual Memory: 298.19 MB used, 134217728.00 MB total
[2015.08.29-02.51.07:630][  0]LogTextLocalizationManager: The requested culture ('en_US') has no localization data; parent culture's ('en') localization data will be used.
[2015.08.29-02.51.07:854][  0]LogTextLocalizationManager:Warning: Loaded localization resources contain conflicting entries for (Namespace:ContentBrowser, Key:ImportAssetToolTip):
Localization Resource: (D:/Program Files/Unreal/Epic Games/4.8/Engine/Content/Localization/Editor/en/Editor.locres) Source String Hash: (-630476809) Localized String: (Import to {0}...)
Localization Resource: (D:/Program Files/Unreal/Epic Games/4.8/Engine/Content/Localization/Editor/en/Editor.locres) Source String Hash: (1271782899) Localized String: (Imports an asset from file to this folder.)
[2015.08.29-02.51.08:431][  0]LogD3D11RHI: Found D3D11 adapter 0: AMD Radeon R9 200 Series (Feature Level 11_0)
[2015.08.29-02.51.08:432][  0]LogD3D11RHI: Adapter has 4075MB of dedicated video memory, 0MB of dedicated system memory, and 8140MB of shared system memory, 1 output[s]
[2015.08.29-02.51.08:433][  0]LogD3D11RHI: Found D3D11 adapter 1: Microsoft Basic Render Driver (Feature Level 11_0)
[2015.08.29-02.51.08:433][  0]LogD3D11RHI: Adapter has 0MB of dedicated video memory, 0MB of dedicated system memory, and 8140MB of shared system memory, 0 output[s]
[2015.08.29-02.51.08:433][  0]LogD3D11RHI: Chosen D3D11 Adapter Id = 0
[2015.08.29-02.51.08:441][  0]LogD3D11RHI: InitD3DDevice
[2015.08.29-02.51.08:441][  0]LogD3D11RHI: !Direct3DDevice
[2015.08.29-02.51.08:441][  0]LogRHI: Texture pool is 1361 MB (70% of 1945 MB)
[2015.08.29-02.51.08:450][  0]LogD3D11RHI: Async texture creation disabled: no driver support
[2015.08.29-02.51.08:464][  0]LogShaderCompilers:Display: Using Local Shader Compiler.
[2015.08.29-02.51.09:779][  0]LogTemp:Display: Loaded TP DesktopTargetPlatform
[2015.08.29-02.51.09:809][  0]LogTemp:Display: Loaded TP WindowsClientTargetPlatform
[2015.08.29-02.51.09:838][  0]LogTemp:Display: Loaded TP WindowsNoEditorTargetPlatform
[2015.08.29-02.51.09:866][  0]LogTemp:Display: Loaded TP WindowsServerTargetPlatform
[2015.08.29-02.51.09:900][  0]LogTemp:Display: Loaded TP WindowsTargetPlatform
[2015.08.29-02.51.09:923][  0]LogTemp:Display: Loaded TP AndroidTargetPlatform
[2015.08.29-02.51.09:945][  0]LogTemp:Display: Loaded TP Android_ASTCTargetPlatform
[2015.08.29-02.51.09:970][  0]LogTemp:Display: Loaded TP Android_ATCTargetPlatform
[2015.08.29-02.51.09:993][  0]LogTemp:Display: Loaded TP Android_DXTTargetPlatform
[2015.08.29-02.51.10:015][  0]LogTemp:Display: Loaded TP Android_ETC1TargetPlatform
[2015.08.29-02.51.10:037][  0]LogTemp:Display: Loaded TP Android_ETC2TargetPlatform
[2015.08.29-02.51.10:059][  0]LogTemp:Display: Loaded TP Android_PVRTCTargetPlatform
[2015.08.29-02.51.10:136][  0]LogTemp:Display: Loaded TP IOSTargetPlatform
[2015.08.29-02.51.10:157][  0]LogTemp:Display: Loaded TP LinuxNoEditorTargetPlatform
[2015.08.29-02.51.10:179][  0]LogTemp:Display: Loaded TP LinuxServerTargetPlatform
[2015.08.29-02.51.10:205][  0]LogTemp:Display: Loaded TP LinuxTargetPlatform
[2015.08.29-02.51.10:205][  0]LogTargetPlatformManager:Display: Building Assets For Windows
[2015.08.29-02.51.10:577][  0]LogDerivedDataCache:Display: Max Cache Size: 512 MB
[2015.08.29-02.51.10:666][  0]LogDerivedDataCache: Loaded boot cache 0.09s 53MB C:/Users/Joseph/AppData/Local/UnrealEngine/4.8/DerivedDataCache/Boot.ddc.
[2015.08.29-02.51.10:666][  0]LogDerivedDataCache:Display: Loaded Boot cache: C:/Users/Joseph/AppData/Local/UnrealEngine/4.8/DerivedDataCache/Boot.ddc
[2015.08.29-02.51.10:666][  0]LogDerivedDataCache: FDerivedDataBackendGraph:  Pak pak cache file ../../../../../../../Storage/Documents/SourceTRee/DerivedDataCache/DDC.ddp not found, will not use a pak cache.
[2015.08.29-02.51.10:666][  0]LogDerivedDataCache: Unable to find inner node Pak for hierarchical cache Hierarchy.
[2015.08.29-02.51.10:666][  0]LogDerivedDataCache: FDerivedDataBackendGraph:  CompressedPak pak cache file ../../../../../../../Storage/Documents/SourceTRee/DerivedDataCache/Compressed.ddp not found, will not use a pak cache.
[2015.08.29-02.51.10:666][  0]LogDerivedDataCache: Unable to find inner node CompressedPak for hierarchical cache Hierarchy.
[2015.08.29-02.51.10:831][  0]LogDerivedDataCache:Display: Pak cache opened for reading ../../../Engine/DerivedDataCache/Compressed.ddp.
[2015.08.29-02.51.10:844][  0]LogDerivedDataCache: Using Local data cache path C:/Users/Joseph/AppData/Local/UnrealEngine/Common/DerivedDataCache: Writable
[2015.08.29-02.51.11:180][  0]LogInit: Selected Device Profile: [Windows]
[2015.08.29-02.51.11:284][  0]ImportText (ComponentSweepMultiTests): Missing closing parenthesis: (RootShapeAsset="/Engine/BasicShapes/Cube.Cube",ShapeType="TriggerCapsule",HitResult=(Time=0.50,Location=(X=-100.000015,Y=0.0,Z=100.000015),ImpactPoint=(X=-50.0,Y=0.0,Z=50.0),Normal=(X=-1.0,Y=-0.0,Z=0.0),ImpactNormal=(X=0.0,Y=0.0,Z=1.0),TraceStart=(X=-200.0,Y=0.0,Z=200.0),TraceEnd=(X=0.0,Y=0.0,Z=0.0))
[2015.08.29-02.51.11:284][  0]ImportText (LineTraceSingleByChannelTests): Missing closing parenthesis: (RootShapeAsset="/Engine/BasicShapes/Cube.Cube",HitResult=(Time=0.50,Location=(X=-100.000015,Y=0.0,Z=100.000015),ImpactPoint=(X=-50.0,Y=0.0,Z=50.0),Normal=(X=-1.0,Y=-0.0,Z=0.0),ImpactNormal=(X=0.0,Y=0.0,Z=1.0),TraceStart=(X=-200.0,Y=0.0,Z=200.0),TraceEnd=(X=0.0,Y=0.0,Z=0.0))
[2015.08.29-02.51.11:331][  0]LogMeshUtilities: No automatic mesh reduction module available
[2015.08.29-02.51.11:331][  0]LogMeshUtilities: No automatic mesh merging module available
[2015.08.29-02.51.11:795][  0]LogInit: WinSock: version 1.1 (2.2), MaxSocks=32767, MaxUdp=65467
[2015.08.29-02.51.13:252][  0]UdpMessaging: Initializing bridge on interface 0.0.0.0:0 to multicast group 230.0.0.1:6666.
[2015.08.29-02.51.13:776][  0]SourceControl: Info Source control is disabled
[2015.08.29-02.51.14:009][  0]SourceControl: Info Source control is disabled
[2015.08.29-02.51.14:029][  0]SourceControl: Info Source control is disabled
[2015.08.29-02.51.14:046][  0]SourceControl: Info Source control is disabled
[2015.08.29-02.51.14:449][  0]LogObj: 26273 objects as part of root set at end of initial load.
[2015.08.29-02.51.14:449][  0]LogUObjectAllocator: 5409256 out of 0 bytes used by permanent object pool.
[2015.08.29-02.51.14:547][  0]LogEngine: Initializing Engine...
[2015.08.29-02.51.14:551][  0]LogHMD: Can't find Oculus library dev build: is proper Runtime installed? Version: 0.6.0.0
[2015.08.29-02.51.14:554][  0]LogHMD:Warning: SteamVR failed to initialize.  Error: 110
[2015.08.29-02.51.14:785][  0]LogAIModule: Creating AISystem for world NewWorld
[2015.08.29-02.51.14:796][  0]LogInit: XAudio2 using '1 - LG ULTRAWIDE (AMD High Definition Audio Device)' : 2 channels at 48 kHz using 16 bits per sample (channel mask 0x3)
[2015.08.29-02.51.14:809][  0]LogInit: FAudioDevice initialized.
[2015.08.29-02.51.14:861][  0]LogDerivedDataCache: Saved boot cache 0.05s 53MB C:/Users/Joseph/AppData/Local/UnrealEngine/4.8/DerivedDataCache/Boot.ddc.
[2015.08.29-02.51.14:873][  0]LogInit: Texture streaming: Disabled
[2015.08.29-02.51.14:924][  0]LogAnalytics: Creating configured Analytics provider AnalyticsET
[2015.08.29-02.51.14:924][  0]LogAnalytics: [UEEditor.Rocket.Release] APIServer = http://et2.epicgames.com/ET2/. AppVersion = 4.8.3-2634408+++depot+UE4-Releases+4.8
[2015.08.29-02.51.14:924][  0]LogAnalytics: [UEEditor.Rocket.Release] SetUserId d0fc97d9433d85cfe1d854a78446f226|fbedbf84e6654fb9830ed15a26abc575|31b426bb-6233-41c4-8090-528f38e68011
[2015.08.29-02.51.14:925][  0]LogAnalytics: [UEEditor.Rocket.Release] AnalyticsET::StartSession
[2015.08.29-02.51.14:993][  0]LogInit: Transaction tracking system initialized
[2015.08.29-02.51.15:253][  0]BlueprintLog: New page: Editor Load
[2015.08.29-02.51.15:317][  0]LogAssetRegistry: FAssetRegistry took 0.0115 seconds to start up
[2015.08.29-02.51.15:318][  0]LogDirectoryWatcher:Warning: Failed to begin reading directory changes for ../../../Engine/Plugins/Experimental/CharacterAI/Content/. Error: 0
[2015.08.29-02.51.16:603][  0]LogConsoleManager:Warning: Console variable 'r.VSync' wasn't set ('GameSetting' has a lower priority than 'SystemSettingsIni')
[2015.08.29-02.51.16:604][  0]LogConsoleResponse:Display: 
[2015.08.29-02.51.16:764][  0]LogCook:Display: Done creating registry. It took  0.00s.
[2015.08.29-02.51.17:104][  0]SourceControl: Info Source control is disabled
[2015.08.29-02.51.17:105][  0]Cmd: MAP LOAD FILE="../../../../../../../Storage/Documents/SourceTRee/Content/Scene/NewCave.umap" TEMPLATE=0 SHOWPROGRESS=1 FEATURELEVEL=3
[2015.08.29-02.51.17:105][  0]LightingResults: New page: Lighting Build
[2015.08.29-02.51.17:128][  0]MapCheck: New page: Map Check
[2015.08.29-02.51.17:128][  0]LightingResults: New page: Lighting Build
[2015.08.29-02.51.17:141][  0]LogParticles: Destroying 0 GPU particle simulations for FXSystem 0x0000001BB9E78F40
[2015.08.29-02.51.19:731][  0]LogBlueprint:Warning: [compiler GnawmersHealth] Warning 'gnawmers' is already a 'Enemy 1', you don't need  Cast To Enemy1 .
[2015.08.29-02.51.19:731][  0]LogBlueprint:Warning: [compiler GnawmersHealth] Warning [0015.16] Compile of GnawmersHealth successful, but with 1 Warning(s) [in 23 ms]
[2015.08.29-02.51.19:731][  0]LogBlueprint:Warning: [compiler GnawmersHealth] Warning [0015.16] Compile of GnawmersHealth successful, but with 2 Warning(s) [in 0 ms]
[2015.08.29-02.51.19:731][  0]LogBlueprint:Warning: [compiler GnawmersHealth] Warning [0015.16] Compile of GnawmersHealth successful, but with 3 Warning(s) [in 0 ms]
[2015.08.29-02.51.20:428][  0]LogBlueprint:Warning: [compiler Gui] Warning 'gnawmers' is already a 'Enemy 1', you don't need  Cast To Enemy1 .
[2015.08.29-02.51.20:437][  0]LogBlueprint:Warning: [compiler Gui] Warning [0015.87] Compile of Gui successful, but with 1 Warning(s) [in 58 ms]
[2015.08.29-02.51.20:437][  0]LogBlueprint:Warning: [compiler Gui] Warning [0015.87] Compile of Gui successful, but with 2 Warning(s) [in 0 ms]
[2015.08.29-02.51.20:437][  0]LogBlueprint:Warning: [compiler Gui] Warning [0015.87] Compile of Gui successful, but with 3 Warning(s) [in 0 ms]
[2015.08.29-02.51.23:571][  0]LogBlueprint:Warning: [compiler Gui] Warning 'gnawmers' is already a 'Enemy 1', you don't need  Cast To Enemy1 .
[2015.08.29-02.51.23:583][  0]LogBlueprint:Warning: [compiler Gui] Warning [0019.01] Compile of Gui successful, but with 1 Warning(s) [in 66 ms]
[2015.08.29-02.51.23:585][  0]LogBlueprint:Warning: [compiler Gui] Warning [0019.02] Compile of Gui successful, but with 2 Warning(s) [in 2 ms]
[2015.08.29-02.51.23:744][  0]LogBlueprint:Warning: [compiler GnawmersHealth] Warning 'gnawmers' is already a 'Enemy 1', you don't need  Cast To Enemy1 .
[2015.08.29-02.51.23:745][  0]LogBlueprint:Warning: [compiler GnawmersHealth] Warning [0019.18] Compile of GnawmersHealth successful, but with 1 Warning(s) [in 25 ms]
[2015.08.29-02.51.23:746][  0]LogBlueprint:Warning: [compiler GnawmersHealth] Warning [0019.18] Compile of GnawmersHealth successful, but with 2 Warning(s) [in 0 ms]
[2015.08.29-02.51.28:751][  0]LogAIModule: Creating AISystem for world NewCave
[2015.08.29-02.51.28:905][  0]LogEditorServer: Finished looking for orphan Actors (0.000 secs)
[2015.08.29-02.51.28:907][  0]Cmd: MAP CHECKDEP NOCLEARLOG
[2015.08.29-02.51.29:088][  0]MapCheck: Info Map check complete: 0 Error(s), 0 Warning(s), took 181.59ms to complete.
[2015.08.29-02.51.29:088][  0]LogFileHelpers: Loading map 'NewCave' took 11.984
[2015.08.29-02.51.29:188][  0]LogCollectionManager: Loaded 0 collections in 0.002882 seconds
[2015.08.29-02.51.29:197][  0]LogContentBrowser: Native class hierarchy populated in 0.0092 seconds. Added 1792 classes and 301 folders.
[2015.08.29-02.51.29:267][  0]LogContentBrowser: Native class hierarchy updated for 'WidgetCarousel' in 0.0005 seconds. Added 0 classes and 0 folders.
[2015.08.29-02.51.29:309][  0]LogContentBrowser: Native class hierarchy updated for 'AddContentDialog' in 0.0005 seconds. Added 0 classes and 0 folders.
[2015.08.29-02.51.29:374][  0]LogContentBrowser: Native class hierarchy updated for 'SceneOutliner' in 0.0005 seconds. Added 1 classes and 2 folders.
[2015.08.29-02.51.29:429][  0]LogCrashTracker: Crashtracker disabled due to settings.
[2015.08.29-02.51.29:430][  0]LogD3D11RHI: InitD3DDevice
[2015.08.29-02.51.29:434][  0]LogUObjectGlobals:Warning: Failed to find object 'Class None.'
[2015.08.29-02.51.29:456][  0]LogLoad: Full Startup: 24.89 seconds (BP compile: 5.74 seconds)
[2015.08.29-02.51.29:556][  0]LogContentStreaming: Texture pool size is 0.000000MB
[2015.08.29-02.51.29:752][  0]LogContentStreaming: Texture pool size now 1000 MB
[2015.08.29-02.51.29:947][  0]LogRenderer: Reallocating scene render targets to support 1552x928 (Frame:2).
[2015.08.29-02.51.30:189][  1]Cmd: UpdateLandscapeEditorData -warnings
[2015.08.29-02.51.30:190][  1]Cmd: UpdateLandscapeEditorData
[2015.08.29-02.51.31:799][ 23]LogAssetRegistry: Asset discovery search completed in 16.4940 seconds
[2015.08.29-02.52.25:462][633]LogEditorViewport: Clicking on Actor (LMB): StaticMeshActor (Cave)
[2015.08.29-02.52.31:642][ 17]LogD3D11RHI: InitD3DDevice
[2015.08.29-02.52.35:331][173]LogEditorViewport: Clicking on Actor (LMB): StaticMeshActor (Pillar11)
[2015.08.29-02.52.36:686][234]Cmd: TRANSACTION UNDO
[2015.08.29-02.52.36:686][234]LogEditorTransaction: Undo Clicking on Actors
[2015.08.29-02.52.36:713][234]LogD3D11RHI: InitD3DDevice
[2015.08.29-02.52.37:380][246]LogEditorViewport: Clicking on Actor (CTRL LMB): StaticMeshActor (Pillar11)
[2015.08.29-02.52.39:461][346]LogEditorViewport: Clicking on Actor (CTRL LMB): StaticMeshActor (Pillar8)
[2015.08.29-02.53.03:808][566]LogEditorViewport: Clicking Background
[2015.08.29-02.53.08:557][833]LogD3D11RHI: InitD3DDevice
[2015.08.29-02.53.09:136][871]BlueprintLog: New page: Pre-PIE auto-recompile
[2015.08.29-02.53.09:136][871]LogPlayLevel: [PIE] Compiling NewCave before PIE...
[2015.08.29-02.53.09:258][871]LogActorComponent: UnregisterComponent: (/Engine/Transient.CharMoveComp) Not registered. Aborting.
[2015.08.29-02.53.10:327][871]LogPlayLevel: PIE:  Blueprint regeneration took 1190 ms (1 blueprints)
[2015.08.29-02.53.10:696][871]PIE: New page: PIE session: NewCave (Aug 28, 2015, 12:53:10 PM)
[2015.08.29-02.53.10:696][871]LogPlayLevel: Creating play world package: /Game/Scene/UEDPIE_0_NewCave
[2015.08.29-02.53.10:804][871]LogPlayLevel: PIE: StaticDuplicateObject took: (0.107315s)
[2015.08.29-02.53.10:850][871]LogAIModule: Creating AISystem for world NewCave
[2015.08.29-02.53.10:850][871]LogPlayLevel: PIE: World Init took: (0.001425s)
[2015.08.29-02.53.10:851][871]LogPlayLevel: PIE: Created PIE world by copying editor world from /Game/Scene/NewCave.NewCave to /Game/Scene/UEDPIE_0_NewCave.NewCave (0.153908s)
[2015.08.29-02.53.10:902][871]LogInit: XAudio2 using '1 - LG ULTRAWIDE (AMD High Definition Audio Device)' : 2 channels at 48 kHz using 16 bits per sample (channel mask 0x3)
[2015.08.29-02.53.10:911][871]LogInit: FAudioDevice initialized.
[2015.08.29-02.53.11:069][871]LogWorld: Game class is 'ThirdPersonGameMode_C'
[2015.08.29-02.53.11:795][871]LogWorld:Warning: *** WARNING - PATHS MAY NOT BE VALID ***
[2015.08.29-02.53.11:795][871]LogWorld: Bringing World /Game/Scene/UEDPIE_0_NewCave.NewCave up for play (max tick rate 0) at 2015.08.28-19.53.11
[2015.08.29-02.53.11:795][871]LogActor:Warning: GameSession /Game/Scene/UEDPIE_0_NewCave.NewCave:PersistentLevel.GameSession_0 has natively added scene component(s), but none of them were set as the actor's RootComponent - picking one arbitrarily
[2015.08.29-02.53.11:796][871]LogActor:Warning: GameNetworkManager /Game/Scene/UEDPIE_0_NewCave.NewCave:PersistentLevel.GameNetworkManager_0 has natively added scene component(s), but none of them were set as the actor's RootComponent - picking one arbitrarily
[2015.08.29-02.53.11:884][871]LogWorld: Bringing up level for play took: 0.696713
[2015.08.29-02.53.11:992][871]LogScript:Warning: Accessed None 'CallFunc_Array_Get_Item'
	KeySpawner_C /Game/Scene/UEDPIE_0_NewCave.NewCave:PersistentLevel.KeySpawner_C_0
	Function /Game/Key/KeySpawner.KeySpawner_C:ExecuteUbergraph_KeySpawner:0410
[2015.08.29-02.53.11:992][871]PIE:Error: Error Accessed None 'CallFunc_Array_Get_Item' from node SpawnActor in graph 'EventGraph' in blueprint KeySpawner
[2015.08.29-02.53.11:992][871]LogScript:Warning: Accessed None 'CallFunc_Array_Get_Item'
	KeySpawner_C /Game/Scene/UEDPIE_0_NewCave.NewCave:PersistentLevel.KeySpawner_C_0
	Function /Game/Key/KeySpawner.KeySpawner_C:ExecuteUbergraph_KeySpawner:050C
[2015.08.29-02.53.11:992][871]PIE:Error: Error Accessed None 'CallFunc_Array_Get_Item' from node SpawnActor in graph 'EventGraph' in blueprint KeySpawner
[2015.08.29-02.53.11:992][871]LogScript:Warning: Accessed None 'CallFunc_Array_Get_Item'
	KeySpawner_C /Game/Scene/UEDPIE_0_NewCave.NewCave:PersistentLevel.KeySpawner_C_0
	Function /Game/Key/KeySpawner.KeySpawner_C:ExecuteUbergraph_KeySpawner:0605
[2015.08.29-02.53.11:992][871]PIE:Error: Error Accessed None 'CallFunc_Array_Get_Item' from node SetActorLocation in graph 'EventGraph' in blueprint KeySpawner
[2015.08.29-02.53.11:992][871]LogScript:Warning: Accessed None 'CallFunc_Array_Get_Item'
	KeySpawner_C /Game/Scene/UEDPIE_0_NewCave.NewCave:PersistentLevel.KeySpawner_C_0
	Function /Game/Key/KeySpawner.KeySpawner_C:ExecuteUbergraph_KeySpawner:0410
[2015.08.29-02.53.11:992][871]PIE:Error: Error Accessed None 'CallFunc_Array_Get_Item' from node SpawnActor in graph 'EventGraph' in blueprint KeySpawner
[2015.08.29-02.53.11:992][871]LogScript:Warning: Accessed None 'CallFunc_Array_Get_Item'
	KeySpawner_C /Game/Scene/UEDPIE_0_NewCave.NewCave:PersistentLevel.KeySpawner_C_0
	Function /Game/Key/KeySpawner.KeySpawner_C:ExecuteUbergraph_KeySpawner:050C
[2015.08.29-02.53.11:993][871]PIE:Error: Error Accessed None 'CallFunc_Array_Get_Item' from node SpawnActor in graph 'EventGraph' in blueprint KeySpawner
[2015.08.29-02.53.11:993][871]LogScript:Warning: Accessed None 'CallFunc_Array_Get_Item'
	KeySpawner_C /Game/Scene/UEDPIE_0_NewCave.NewCave:PersistentLevel.KeySpawner_C_0
	Function /Game/Key/KeySpawner.KeySpawner_C:ExecuteUbergraph_KeySpawner:0605
[2015.08.29-02.53.11:993][871]PIE:Error: Error Accessed None 'CallFunc_Array_Get_Item' from node SetActorLocation in graph 'EventGraph' in blueprint KeySpawner
[2015.08.29-02.53.11:994][871]PIE: Info Play in editor start time for /Game/Scene/UEDPIE_0_NewCave 2.743
[2015.08.29-02.53.12:099][871]LogScript:Warning: Accessed None 'K2Node_DynamicCast_AsThird_Person_Character2'
	SuccessScreen_C /Engine/Transient.UnrealEdEngine_0:GameInstance_0.SuccessScreen_C_0
	Function /Game/GUI/SuccessScreen.SuccessScreen_C:ExecuteUbergraph_SuccessScreen:04AE
[2015.08.29-02.53.21:737][364]LogScript:Warning: Accessed None 'Player'
	Enemy1_C /Game/Scene/UEDPIE_0_NewCave.NewCave:PersistentLevel.Enemy1_C_1
	Function /Game/Enemy1/Enemy1.Enemy1_C:ExecuteUbergraph_Enemy1:0086
[2015.08.29-02.53.21:738][364]PIE:Error: Error Accessed None 'Player' from node Branch in graph 'EventGraph' in blueprint Enemy1
[2015.08.29-02.53.21:745][364]LogScript:Warning: Accessed None 'Player'
	Enemy1_C /Game/Scene/UEDPIE_0_NewCave.NewCave:PersistentLevel.Enemy1_C_4
	Function /Game/Enemy1/Enemy1.Enemy1_C:ExecuteUbergraph_Enemy1:0086
[2015.08.29-02.53.21:746][364]PIE:Error: Error Accessed None 'Player' from node Branch in graph 'EventGraph' in blueprint Enemy1
[2015.08.29-02.53.22:664][394]LogParticles: Destroying 0 GPU particle simulations for FXSystem 0x0000001BADFE0B80
[2015.08.29-02.53.22:708][394]LogD3D11RHI: InitD3DDevice
[2015.08.29-02.53.26:845][638]LogEditorViewport: Clicking on Actor (LMB): StaticMeshActor (Rock47)
[2015.08.29-02.53.50:410][ 82]LogEditorViewport: Clicking Background
[2015.08.29-02.54.59:604][661]LogEditorViewport: Clicking on Actor (LMB): Landscape (Landscape)
[2015.08.29-02.55.26:340][433]LogEditorViewport: Clicking on Actor (LMB): PointLight (PointLight27)
[2015.08.29-02.55.27:404][490]LogEditorViewport: Clicking on Actor (CTRL LMB): Emitter (fire27)
[2015.08.29-02.55.28:218][548]LogEditorViewport: Clicking on Actor (CTRL LMB): StaticMeshActor (Firepit_Tall15)
[2015.08.29-02.55.42:713][544]LogEditorViewport: Clicking on Actor (LMB): StaticMeshActor (Tree_root_01)
[2015.08.29-02.55.46:632][780]LogEditorViewport: Clicking on Actor (LMB): StaticMeshActor (Branch_7)
[2015.08.29-02.55.47:370][827]LogEditorViewport: Clicking on Actor (LMB): StaticMeshActor (Tree_root_01)
[2015.08.29-02.55.49:216][950]LogEditorViewport: Clicking on Actor (LMB): StaticMeshActor (Branch_7)
[2015.08.29-02.55.55:663][376]LogD3D11RHI: InitD3DDevice
[2015.08.29-02.55.55:882][376]Cmd: OBJ SAVEPACKAGE PACKAGE="/Game/Scene/NewCave" FILE="../../../../../../../Storage/Documents/SourceTRee/Content/Scene/NewCave.umap" SILENT=true AUTOSAVING=false KEEPDIRTY=false
[2015.08.29-02.55.56:626][376]LogSavePackage: Save=668.490112ms
[2015.08.29-02.55.56:626][376]LogSavePackage: Moving '../../../../../../../Storage/Documents/SourceTRee/Saved/NewCaveC20964C441224220508A5FBDCAD56F88.tmp' to '../../../../../../../Storage/Documents/SourceTRee/Content/Scene/NewCave.umap'
[2015.08.29-02.55.56:714][376]LogFileHelpers: Saving map 'NewCave' took 1.023
[2015.08.29-02.57.24:627][513]LogD3D11RHI: InitD3DDevice
[2015.08.29-02.57.24:739][517]LogD3D11RHI: InitD3DDevice
[2015.08.29-02.57.25:451][562]LogD3D11RHI: InitD3DDevice
[2015.08.29-02.57.41:720][651]LogEditorViewport: Clicking on Actor (LMB): Emitter (P_Fire11)
[2015.08.29-02.57.43:924][795]LogEditorViewport: Clicking on Actor (LMB): StaticMeshActor (Table9)
[2015.08.29-02.57.45:110][859]LogEditorViewport: Clicking on Actor (CTRL LMB): Emitter (P_Fire11)
[2015.08.29-02.57.47:612][ 42]Cmd: TRANSACTION UNDO
[2015.08.29-02.57.47:612][ 42]LogEditorTransaction: Undo Move Actors
[2015.08.29-02.57.47:617][ 42]LogD3D11RHI: InitD3DDevice
[2015.08.29-02.57.48:565][ 93]LogEditorViewport: Clicking on Actor (CTRL LMB): StaticMeshActor (WallTorch14)
[2015.08.29-02.57.51:899][323]LogEditorViewport: Clicking on Actor (CTRL LMB): Emitter (P_Fire11)
[2015.08.29-02.57.55:174][567]Cmd: TRANSACTION UNDO
[2015.08.29-02.57.55:174][567]LogEditorTransaction: Undo Move Actors
[2015.08.29-02.57.55:179][567]LogD3D11RHI: InitD3DDevice
[2015.08.29-02.57.55:982][609]LogEditorViewport: Clicking on Actor (CTRL LMB): StaticMeshActor (Fort4)
[2015.08.29-02.58.03:492][127]LogD3D11RHI: InitD3DDevice
[2015.08.29-02.58.12:722][771]LogEditorViewport: Clicking on Actor (CTRL LMB): StaticMeshActor (Create34)
[2015.08.29-02.58.13:370][816]LogEditorViewport: Clicking on Actor (CTRL LMB): StaticMeshActor (Create18)
[2015.08.29-02.58.13:850][849]LogEditorViewport: Clicking on Actor (CTRL LMB): StaticMeshActor (Create25)
[2015.08.29-02.58.14:380][886]LogEditorViewport: Clicking on Actor (CTRL LMB): StaticMeshActor (Create27)
[2015.08.29-02.58.15:008][930]LogEditorViewport: Clicking on Actor (CTRL LMB): StaticMeshActor (Create26)
[2015.08.29-02.58.16:351][ 26]LogEditorViewport: Clicking on Actor (CTRL LMB): StaticMeshActor (Create32)
[2015.08.29-02.58.16:987][ 71]LogEditorViewport: Clicking on Actor (CTRL LMB): StaticMeshActor (Create26)
[2015.08.29-02.58.17:725][119]LogD3D11RHI: InitD3DDevice
[2015.08.29-02.58.20:984][289]LogEditorViewport: Clicking on Actor (CTRL LMB): StaticMeshActor (Create30)
[2015.08.29-02.58.22:250][366]LogEditorViewport: Clicking on Actor (CTRL LMB): StaticMeshActor (Create29)
[2015.08.29-02.58.23:035][415]LogEditorViewport: Clicking on Actor (CTRL LMB): Landscape (Landscape)
[2015.08.29-02.58.24:312][499]Cmd: TRANSACTION UNDO
[2015.08.29-02.58.24:312][499]LogEditorTransaction: Undo Clicking on Actors
[2015.08.29-02.58.24:322][499]LogD3D11RHI: InitD3DDevice
[2015.08.29-02.58.24:933][519]LogEditorViewport: Clicking on Actor (CTRL LMB): StaticMeshActor (Create31)
[2015.08.29-02.58.25:852][580]LogEditorViewport: Clicking on Actor (CTRL LMB): StaticMeshActor (Create35)
[2015.08.29-02.58.28:717][768]LogEditorViewport: Clicking on Actor (CTRL LMB): StaticMeshActor (Table9)
[2015.08.29-02.58.32:575][  7]LogD3D11RHI: InitD3DDevice
[2015.08.29-02.58.32:827][ 19]Cmd: TRANSACTION UNDO
[2015.08.29-02.58.32:827][ 19]LogEditorTransaction: Undo Move Actors
[2015.08.29-02.58.32:853][ 19]LogActorComponent: ~FComponentReregisterContext: (/Game/Scene/NewCave.NewCave:PersistentLevel.Chair10.StaticMeshComponent0) Component already registered.
[2015.08.29-02.58.32:853][ 19]LogActorComponent: ~FComponentReregisterContext: (/Game/Scene/NewCave.NewCave:PersistentLevel.Barrel42.StaticMeshComponent0) Component already registered.
[2015.08.29-02.58.32:854][ 19]LogActorComponent: ~FComponentReregisterContext: (/Game/Scene/NewCave.NewCave:PersistentLevel.Barrel39.StaticMeshComponent0) Component already registered.
[2015.08.29-02.58.32:855][ 19]LogActorComponent: ~FComponentReregisterContext: (/Game/Scene/NewCave.NewCave:PersistentLevel.P_Fire10.ParticleSystemComponent0) Component already registered.
[2015.08.29-02.58.32:856][ 19]LogActorComponent: ~FComponentReregisterContext: (/Game/Scene/NewCave.NewCave:PersistentLevel.WallTorch14.StaticMeshComponent0) Component already registered.
[2015.08.29-02.58.32:856][ 19]LogActorComponent: ~FComponentReregisterContext: (/Game/Scene/NewCave.NewCave:PersistentLevel.Create32.StaticMeshComponent0) Component already registered.
[2015.08.29-02.58.32:856][ 19]LogActorComponent: ~FComponentReregisterContext: (/Game/Scene/NewCave.NewCave:PersistentLevel.Create26.StaticMeshComponent0) Component already registered.
[2015.08.29-02.58.32:857][ 19]LogActorComponent: ~FComponentReregisterContext: (/Game/Scene/NewCave.NewCave:PersistentLevel.Create35.StaticMeshComponent0) Component already registered.
[2015.08.29-02.58.32:858][ 19]LogActorComponent: ~FComponentReregisterContext: (/Game/Scene/NewCave.NewCave:PersistentLevel.Barrel35.StaticMeshComponent0) Component already registered.
[2015.08.29-02.58.32:858][ 19]LogActorComponent: ~FComponentReregisterContext: (/Game/Scene/NewCave.NewCave:PersistentLevel.Barrel48.StaticMeshComponent0) Component already registered.
[2015.08.29-02.58.32:859][ 19]LogActorComponent: ~FComponentReregisterContext: (/Game/Scene/NewCave.NewCave:PersistentLevel.Create33.StaticMeshComponent0) Component already registered.
[2015.08.29-02.58.32:862][ 19]LogD3D11RHI: InitD3DDevice
[2015.08.29-02.58.48:976][952]LogD3D11RHI: InitD3DDevice
[2015.08.29-02.59.23:696][279]LogEditorViewport: Clicking Background
[2015.08.29-02.59.24:008][297]LogD3D11RHI: InitD3DDevice
[2015.08.29-02.59.24:226][297]Cmd: OBJ SAVEPACKAGE PACKAGE="/Game/Scene/NewCave" FILE="../../../../../../../Storage/Documents/SourceTRee/Content/Scene/NewCave.umap" SILENT=true AUTOSAVING=false KEEPDIRTY=false
[2015.08.29-02.59.24:967][297]LogSavePackage: Save=670.674500ms
[2015.08.29-02.59.24:967][297]LogSavePackage: Moving '../../../../../../../Storage/Documents/SourceTRee/Saved/NewCaveD5B3472E43F5EA802DEA40995461D41D.tmp' to '../../../../../../../Storage/Documents/SourceTRee/Content/Scene/NewCave.umap'
[2015.08.29-02.59.25:054][297]LogFileHelpers: Saving map 'NewCave' took 1.021
[2015.08.29-03.00.53:240][916]Cmd: DELETE
[2015.08.29-03.00.53:240][916]Cmd: ACTOR DELETE
[2015.08.29-03.00.53:247][916]LogEditorActor: Deleted Actor: Emitter
[2015.08.29-03.00.53:249][916]LogEditorActor: Deleted Actor: PointLight
[2015.08.29-03.00.53:251][916]LogEditorActor: Deleted Actor: StaticMeshActor
[2015.08.29-03.00.53:300][916]LogEditorActor: Deleted 3 Actors (0.060 secs)
[2015.08.29-03.01.01:954][590]Cmd: TRANSACTION UNDO
[2015.08.29-03.01.01:954][590]LogEditorTransaction: Undo Rotate Actors
[2015.08.29-03.01.01:957][590]LogD3D11RHI: InitD3DDevice
[2015.08.29-03.02.07:316][263]LogEditorViewport: Clicking on Actor (CTRL LMB): Emitter (fire14)
[2015.08.29-03.02.30:561][903]LogEditorViewport: Clicking on Actor (LMB): StaticMeshActor (Fence8)
[2015.08.29-03.02.31:534][971]Cmd: DELETE
[2015.08.29-03.02.31:534][971]Cmd: ACTOR DELETE
[2015.08.29-03.02.31:540][971]LogEditorActor: Deleted Actor: StaticMeshActor
[2015.08.29-03.02.31:586][971]LogEditorActor: Deleted 1 Actors (0.052 secs)
[2015.08.29-03.02.32:557][ 54]LogEditorViewport: Clicking on Actor (LMB): Emitter (P_Fire16)
[2015.08.29-03.02.32:817][ 70]Cmd: DELETE
[2015.08.29-03.02.32:817][ 70]Cmd: ACTOR DELETE
[2015.08.29-03.02.32:823][ 70]LogEditorActor: Deleted Actor: Emitter
[2015.08.29-03.02.32:865][ 70]LogEditorActor: Deleted 1 Actors (0.049 secs)
[2015.08.29-03.02.33:621][134]LogEditorViewport: Clicking on Actor (LMB): PointLight (PointLight45)
[2015.08.29-03.02.33:838][147]Cmd: DELETE
[2015.08.29-03.02.33:838][147]Cmd: ACTOR DELETE
[2015.08.29-03.02.33:844][147]LogEditorActor: Deleted Actor: PointLight
[2015.08.29-03.02.33:888][147]LogEditorActor: Deleted 1 Actors (0.049 secs)
[2015.08.29-03.02.34:317][182]LogEditorViewport: Clicking on Actor (LMB): StaticMeshActor (WallTorch15)
[2015.08.29-03.02.34:652][203]Cmd: DELETE
[2015.08.29-03.02.34:652][203]Cmd: ACTOR DELETE
[2015.08.29-03.02.34:658][203]LogEditorActor: Deleted Actor: StaticMeshActor
[2015.08.29-03.02.34:703][203]LogEditorActor: Deleted 1 Actors (0.052 secs)
[2015.08.29-03.02.36:345][344]LogEditorViewport: Clicking on Actor (LMB): StaticMeshActor (SpikedWall3)
[2015.08.29-03.02.41:300][652]LogEditorViewport: Clicking on Actor (LMB): StaticMeshActor (SpikedWall4)
[2015.08.29-03.03.02:268][ 98]LogD3D11RHI: InitD3DDevice
[2015.08.29-03.03.02:485][ 98]Cmd: OBJ SAVEPACKAGE PACKAGE="/Game/Scene/NewCave" FILE="../../../../../../../Storage/Documents/SourceTRee/Content/Scene/NewCave.umap" SILENT=true AUTOSAVING=false KEEPDIRTY=false
[2015.08.29-03.03.03:267][ 98]LogSavePackage: Save=712.806946ms
[2015.08.29-03.03.03:267][ 98]LogSavePackage: Moving '../../../../../../../Storage/Documents/SourceTRee/Saved/NewCave443A0D3740CCBCA384604C99F7A9387D.tmp' to '../../../../../../../Storage/Documents/SourceTRee/Content/Scene/NewCave.umap'
[2015.08.29-03.03.03:357][ 98]LogFileHelpers: Saving map 'NewCave' took 1.062
[2015.08.29-03.03.04:541][173]LogD3D11RHI: InitD3DDevice
[2015.08.29-03.03.04:582][173]Cmd: OBJ SAVEPACKAGE PACKAGE="/Game/Scene/NewCave" FILE="../../../../../../../Storage/Documents/SourceTRee/Content/Scene/NewCave.umap" SILENT=true AUTOSAVING=false KEEPDIRTY=false
[2015.08.29-03.03.05:358][173]LogSavePackage: Save=703.841675ms
[2015.08.29-03.03.05:358][173]LogSavePackage: Moving '../../../../../../../Storage/Documents/SourceTRee/Saved/NewCave750411F243C6012B1DA7EE98F3338EC0.tmp' to '../../../../../../../Storage/Documents/SourceTRee/Content/Scene/NewCave.umap'
[2015.08.29-03.03.53:366][564]LogEditorViewport: Clicking on Actor (LMB): StaticMeshActor (Firepit_Tall16)
[2015.08.29-03.03.55:762][709]LogEditorViewport: Clicking on Actor (CTRL LMB): PointLight (PointLight28)
[2015.08.29-03.03.56:474][761]LogEditorViewport: Clicking on Actor (CTRL LMB): Emitter (fire28)
[2015.08.29-03.04.27:233][879]Cmd: DELETE
[2015.08.29-03.04.27:233][879]Cmd: ACTOR DELETE
[2015.08.29-03.04.27:241][879]LogD3D11RHI: InitD3DDevice
[2015.08.29-03.04.32:318][879]LogEditorActor: Deleted 0 Actors (5.085 secs)
[2015.08.29-03.05.26:006][434]LogEditorViewport: Clicking on Actor (LMB): Emitter (fire20)
[2015.08.29-03.05.28:171][606]LogEditorViewport: Clicking on Actor (LMB): Emitter (fire20)
[2015.08.29-03.05.29:889][735]LogEditorViewport: Clicking on Actor (LMB): Emitter (fire20)
[2015.08.29-03.05.31:242][832]LogEditorViewport: Clicking on Actor (LMB): Emitter (fire20)
[2015.08.29-03.05.33:499][  1]LogEditorViewport: Clicking on Actor (LMB): StaticMeshActor (Firepit_Tall8)
[2015.08.29-03.05.34:561][ 74]LogEditorViewport: Clicking on Actor (CTRL LMB): Emitter (fire20)
[2015.08.29-03.05.36:593][220]LogEditorViewport: Clicking on Actor (CTRL LMB): Emitter (fire20)
[2015.08.29-03.05.41:209][518]LogEditorViewport: Clicking on Actor (CTRL LMB): Emitter (fire20)
[2015.08.29-03.05.42:590][619]LogD3D11RHI: InitD3DDevice
[2015.08.29-03.05.44:338][743]LogEditorViewport: Clicking on Actor (CTRL LMB): PointLight (PointLight9)
[2015.08.29-03.05.45:614][834]LogD3D11RHI: InitD3DDevice
[2015.08.29-03.07.00:366][ 17]LogD3D11RHI: InitD3DDevice
[2015.08.29-03.07.44:978][810]LogEditorViewport: Clicking on Actor (CTRL LMB): Landscape (Landscape)
[2015.08.29-03.07.45:185][818]LogD3D11RHI: InitD3DDevice
[2015.08.29-03.08.01:570][704]LogD3D11RHI: InitD3DDevice
[2015.08.29-03.08.02:621][735]LogEditorViewport: Clicking on Actor (CTRL LMB): Landscape (Landscape)
[2015.08.29-03.08.11:817][207]LogCrashTracker: 


