[2015.08.30-20.45.31:796][  0]Log file open, 08/30/15 13:45:31
[2015.08.30-20.45.31:796][  0]LogInit:Display: Running engine for game: GodKiller
[2015.08.30-20.45.31:796][  0]LogInit:Display: RandInit(-633100199) SRandInit(-633100171).
[2015.08.30-20.45.31:796][  0]LogTaskGraph: Started task graph with 4 named threads and 7 total threads.
[2015.08.30-20.45.31:796][  0]LogStats: Stats thread started
[2015.08.30-20.45.31:796][  0]LogInit: Version: 4.8.3-2634408+++depot+UE4-Releases+4.8
[2015.08.30-20.45.31:796][  0]LogInit: API Version: 2579680
[2015.08.30-20.45.31:796][  0]LogInit: Compiled (64-bit): Jul 27 2015 16:24:33
[2015.08.30-20.45.31:796][  0]LogInit: Compiled with Visual C++: 18.00.21005.01
[2015.08.30-20.45.31:796][  0]LogInit: Build Configuration: Development
[2015.08.30-20.45.31:796][  0]LogInit: Branch Name: ++depot+UE4-Releases+4.8
[2015.08.30-20.45.31:796][  0]LogInit: Command line:  
[2015.08.30-20.45.31:796][  0]LogInit: Base directory: D:/Program Files/Unreal/Epic Games/4.8/Engine/Binaries/Win64/
[2015.08.30-20.45.31:796][  0]LogInit: Rocket: 1
[2015.08.30-20.45.31:821][  0]LogInit: Using libcurl 7.41.0
[2015.08.30-20.45.31:821][  0]LogInit:  - built for x86_64-pc-win32
[2015.08.30-20.45.31:821][  0]LogInit:  - supports SSL with WinSSL
[2015.08.30-20.45.31:821][  0]LogInit:  - other features:
[2015.08.30-20.45.31:821][  0]LogInit:      CURL_VERSION_SSL
[2015.08.30-20.45.31:821][  0]LogInit:      CURL_VERSION_IPV6
[2015.08.30-20.45.31:821][  0]LogInit:      CURL_VERSION_ASYNCHDNS
[2015.08.30-20.45.31:821][  0]LogInit:      CURL_VERSION_LARGEFILE
[2015.08.30-20.45.31:821][  0]LogInit:      CURL_VERSION_IDN
[2015.08.30-20.45.31:821][  0]LogInit:  CurlRequestOptions (configurable via config and command line):
[2015.08.30-20.45.31:821][  0]LogInit:  - bVerifyPeer = true  - Libcurl will verify peer certificate
[2015.08.30-20.45.31:821][  0]LogInit:  - bUseHttpProxy = false  - Libcurl will NOT use HTTP proxy
[2015.08.30-20.45.31:821][  0]LogInit:  - bDontReuseConnections = false  - Libcurl will reuse connections
[2015.08.30-20.45.31:821][  0]LogInit:  - CertBundlePath = nullptr  - Libcurl will use whatever was configured at build time.
[2015.08.30-20.45.31:841][  0]LogOnline:Warning: No default platform service specified for OnlineSubsystem
[2015.08.30-20.45.31:867][  0]LogInit: Presizing for 0 objects not considered by GC, pre-allocating 0 bytes.
[2015.08.30-20.45.31:876][  0]LogInit: Object subsystem initialized
[2015.08.30-20.45.31:877][  0]LogConsoleResponse:Warning: Skipping Unknown console variable: 'TranslucentSortAxis = (X=0.000000,Y=-1.000000,Z=0.000000)'
[2015.08.30-20.45.31:877][  0]LogConsoleResponse:Warning:   Found in ini file 'D:/Storage/Documents/SourceTRee/Saved/Config/Windows/Engine.ini', in section '[/Script/Engine.RendererSettings]'
[2015.08.30-20.45.31:877][  0]LogConsoleResponse:Warning: Skipping Unknown console variable: 'UIScaleRule = ShortestSide'
[2015.08.30-20.45.31:877][  0]LogConsoleResponse:Warning:   Found in ini file 'D:/Storage/Documents/SourceTRee/Saved/Config/Windows/Engine.ini', in section '[/Script/Engine.RendererSettings]'
[2015.08.30-20.45.31:877][  0]LogConsoleResponse:Warning: Skipping Unknown console variable: 'UIScaleCurve = (EditorCurveData=(Keys=),ExternalCurve=None)'
[2015.08.30-20.45.31:877][  0]LogConsoleResponse:Warning:   Found in ini file 'D:/Storage/Documents/SourceTRee/Saved/Config/Windows/Engine.ini', in section '[/Script/Engine.RendererSettings]'
[2015.08.30-20.45.31:878][  0]LogInit: Selected Device Profile: [Windows]
[2015.08.30-20.45.31:878][  0]LogInit: Applying CVar settings loaded from the selected device profile: [Windows]
[2015.08.30-20.45.31:886][  0]LogInit: Computer: JOSEPH-PC
[2015.08.30-20.45.31:886][  0]LogInit: User: Joseph
[2015.08.30-20.45.31:886][  0]LogInit: CPU Page size=4096, Cores=4
[2015.08.30-20.45.31:886][  0]LogInit: High frequency timer resolution =14.318180 MHz
[2015.08.30-20.45.31:886][  0]LogMemory: Memory total: Physical=15.9GB (16GB approx)
[2015.08.30-20.45.31:886][  0]LogMemory: Platform Memory Stats for Windows
[2015.08.30-20.45.31:886][  0]LogMemory: Process Physical Memory: 52.03 MB used, 52.03 MB peak
[2015.08.30-20.45.31:886][  0]LogMemory: Process Virtual Memory: 24.74 MB used, 24.74 MB peak
[2015.08.30-20.45.31:886][  0]LogMemory: Physical Memory: 3142.39 MB used, 16280.89 MB total
[2015.08.30-20.45.31:886][  0]LogMemory: Virtual Memory: 298.17 MB used, 134217728.00 MB total
[2015.08.30-20.45.31:933][  0]LogTextLocalizationManager: The requested culture ('en_US') has no localization data; parent culture's ('en') localization data will be used.
[2015.08.30-20.45.32:145][  0]LogTextLocalizationManager:Warning: Loaded localization resources contain conflicting entries for (Namespace:ContentBrowser, Key:ImportAssetToolTip):
Localization Resource: (D:/Program Files/Unreal/Epic Games/4.8/Engine/Content/Localization/Editor/en/Editor.locres) Source String Hash: (-630476809) Localized String: (Import to {0}...)
Localization Resource: (D:/Program Files/Unreal/Epic Games/4.8/Engine/Content/Localization/Editor/en/Editor.locres) Source String Hash: (1271782899) Localized String: (Imports an asset from file to this folder.)
[2015.08.30-20.45.32:749][  0]LogD3D11RHI: Found D3D11 adapter 0: AMD Radeon R9 200 Series (Feature Level 11_0)
[2015.08.30-20.45.32:749][  0]LogD3D11RHI: Adapter has 4075MB of dedicated video memory, 0MB of dedicated system memory, and 8140MB of shared system memory, 1 output[s]
[2015.08.30-20.45.32:751][  0]LogD3D11RHI: Found D3D11 adapter 1: Microsoft Basic Render Driver (Feature Level 11_0)
[2015.08.30-20.45.32:751][  0]LogD3D11RHI: Adapter has 0MB of dedicated video memory, 0MB of dedicated system memory, and 8140MB of shared system memory, 0 output[s]
[2015.08.30-20.45.32:751][  0]LogD3D11RHI: Chosen D3D11 Adapter Id = 0
[2015.08.30-20.45.32:757][  0]LogD3D11RHI: InitD3DDevice
[2015.08.30-20.45.32:757][  0]LogD3D11RHI: !Direct3DDevice
[2015.08.30-20.45.32:757][  0]LogRHI: Texture pool is 1361 MB (70% of 1945 MB)
[2015.08.30-20.45.32:766][  0]LogD3D11RHI: Async texture creation disabled: no driver support
[2015.08.30-20.45.32:780][  0]LogShaderCompilers:Display: Using Local Shader Compiler.
[2015.08.30-20.45.34:221][  0]LogTemp:Display: Loaded TP DesktopTargetPlatform
[2015.08.30-20.45.34:244][  0]LogTemp:Display: Loaded TP WindowsClientTargetPlatform
[2015.08.30-20.45.34:267][  0]LogTemp:Display: Loaded TP WindowsNoEditorTargetPlatform
[2015.08.30-20.45.34:290][  0]LogTemp:Display: Loaded TP WindowsServerTargetPlatform
[2015.08.30-20.45.34:315][  0]LogTemp:Display: Loaded TP WindowsTargetPlatform
[2015.08.30-20.45.34:336][  0]LogTemp:Display: Loaded TP AndroidTargetPlatform
[2015.08.30-20.45.34:356][  0]LogTemp:Display: Loaded TP Android_ASTCTargetPlatform
[2015.08.30-20.45.34:377][  0]LogTemp:Display: Loaded TP Android_ATCTargetPlatform
[2015.08.30-20.45.34:398][  0]LogTemp:Display: Loaded TP Android_DXTTargetPlatform
[2015.08.30-20.45.34:419][  0]LogTemp:Display: Loaded TP Android_ETC1TargetPlatform
[2015.08.30-20.45.34:440][  0]LogTemp:Display: Loaded TP Android_ETC2TargetPlatform
[2015.08.30-20.45.34:462][  0]LogTemp:Display: Loaded TP Android_PVRTCTargetPlatform
[2015.08.30-20.45.34:538][  0]LogTemp:Display: Loaded TP IOSTargetPlatform
[2015.08.30-20.45.34:558][  0]LogTemp:Display: Loaded TP LinuxNoEditorTargetPlatform
[2015.08.30-20.45.34:578][  0]LogTemp:Display: Loaded TP LinuxServerTargetPlatform
[2015.08.30-20.45.34:602][  0]LogTemp:Display: Loaded TP LinuxTargetPlatform
[2015.08.30-20.45.34:602][  0]LogTargetPlatformManager:Display: Building Assets For Windows
[2015.08.30-20.45.34:949][  0]LogDerivedDataCache:Display: Max Cache Size: 512 MB
[2015.08.30-20.45.35:117][  0]LogDerivedDataCache: Loaded boot cache 0.17s 53MB C:/Users/Joseph/AppData/Local/UnrealEngine/4.8/DerivedDataCache/Boot.ddc.
[2015.08.30-20.45.35:117][  0]LogDerivedDataCache:Display: Loaded Boot cache: C:/Users/Joseph/AppData/Local/UnrealEngine/4.8/DerivedDataCache/Boot.ddc
[2015.08.30-20.45.35:329][  0]LogDerivedDataCache: FDerivedDataBackendGraph:  Pak pak cache file ../../../../../../../Storage/Documents/SourceTRee/DerivedDataCache/DDC.ddp not found, will not use a pak cache.
[2015.08.30-20.45.35:329][  0]LogDerivedDataCache: Unable to find inner node Pak for hierarchical cache Hierarchy.
[2015.08.30-20.45.35:329][  0]LogDerivedDataCache: FDerivedDataBackendGraph:  CompressedPak pak cache file ../../../../../../../Storage/Documents/SourceTRee/DerivedDataCache/Compressed.ddp not found, will not use a pak cache.
[2015.08.30-20.45.35:329][  0]LogDerivedDataCache: Unable to find inner node CompressedPak for hierarchical cache Hierarchy.
[2015.08.30-20.45.35:524][  0]LogDerivedDataCache:Display: Pak cache opened for reading ../../../Engine/DerivedDataCache/Compressed.ddp.
[2015.08.30-20.45.35:537][  0]LogDerivedDataCache: Using Local data cache path C:/Users/Joseph/AppData/Local/UnrealEngine/Common/DerivedDataCache: Writable
[2015.08.30-20.45.41:151][  0]LogInit: Selected Device Profile: [Windows]
[2015.08.30-20.45.42:057][  0]ImportText (ComponentSweepMultiTests): Missing closing parenthesis: (RootShapeAsset="/Engine/BasicShapes/Cube.Cube",ShapeType="TriggerCapsule",HitResult=(Time=0.50,Location=(X=-100.000015,Y=0.0,Z=100.000015),ImpactPoint=(X=-50.0,Y=0.0,Z=50.0),Normal=(X=-1.0,Y=-0.0,Z=0.0),ImpactNormal=(X=0.0,Y=0.0,Z=1.0),TraceStart=(X=-200.0,Y=0.0,Z=200.0),TraceEnd=(X=0.0,Y=0.0,Z=0.0))
[2015.08.30-20.45.42:057][  0]ImportText (LineTraceSingleByChannelTests): Missing closing parenthesis: (RootShapeAsset="/Engine/BasicShapes/Cube.Cube",HitResult=(Time=0.50,Location=(X=-100.000015,Y=0.0,Z=100.000015),ImpactPoint=(X=-50.0,Y=0.0,Z=50.0),Normal=(X=-1.0,Y=-0.0,Z=0.0),ImpactNormal=(X=0.0,Y=0.0,Z=1.0),TraceStart=(X=-200.0,Y=0.0,Z=200.0),TraceEnd=(X=0.0,Y=0.0,Z=0.0))
[2015.08.30-20.45.42:301][  0]LogMeshUtilities: No automatic mesh reduction module available
[2015.08.30-20.45.42:301][  0]LogMeshUtilities: No automatic mesh merging module available
[2015.08.30-20.45.45:256][  0]LogInit: WinSock: version 1.1 (2.2), MaxSocks=32767, MaxUdp=65467
[2015.08.30-20.45.51:923][  0]UdpMessaging: Initializing bridge on interface 0.0.0.0:0 to multicast group 230.0.0.1:6666.
[2015.08.30-20.45.53:559][  0]SourceControl: Info Source control is disabled
[2015.08.30-20.45.53:822][  0]SourceControl: Info Source control is disabled
[2015.08.30-20.45.53:897][  0]SourceControl: Info Source control is disabled
[2015.08.30-20.45.53:966][  0]SourceControl: Info Source control is disabled
[2015.08.30-20.45.55:015][  0]LogObj: 26273 objects as part of root set at end of initial load.
[2015.08.30-20.45.55:015][  0]LogUObjectAllocator: 5409248 out of 0 bytes used by permanent object pool.
[2015.08.30-20.45.55:667][  0]LogEngine: Initializing Engine...
[2015.08.30-20.45.55:698][  0]LogHMD: Can't find Oculus library dev build: is proper Runtime installed? Version: 0.6.0.0
[2015.08.30-20.45.55:753][  0]LogHMD:Warning: SteamVR failed to initialize.  Error: 110
[2015.08.30-20.45.56:744][  0]LogAIModule: Creating AISystem for world NewWorld
[2015.08.30-20.45.56:901][  0]LogInit: XAudio2 using '1 - LG ULTRAWIDE (AMD High Definition Audio Device)' : 2 channels at 48 kHz using 16 bits per sample (channel mask 0x3)
[2015.08.30-20.45.56:918][  0]LogInit: FAudioDevice initialized.
[2015.08.30-20.45.56:973][  0]LogDerivedDataCache: Saved boot cache 0.05s 53MB C:/Users/Joseph/AppData/Local/UnrealEngine/4.8/DerivedDataCache/Boot.ddc.
[2015.08.30-20.45.57:002][  0]LogInit: Texture streaming: Disabled
[2015.08.30-20.45.57:058][  0]LogAnalytics: Creating configured Analytics provider AnalyticsET
[2015.08.30-20.45.57:058][  0]LogAnalytics: [UEEditor.Rocket.Release] APIServer = http://et2.epicgames.com/ET2/. AppVersion = 4.8.3-2634408+++depot+UE4-Releases+4.8
[2015.08.30-20.45.57:058][  0]LogAnalytics: [UEEditor.Rocket.Release] SetUserId d0fc97d9433d85cfe1d854a78446f226|fbedbf84e6654fb9830ed15a26abc575|31b426bb-6233-41c4-8090-528f38e68011
[2015.08.30-20.45.57:059][  0]LogAnalytics: [UEEditor.Rocket.Release] AnalyticsET::StartSession
[2015.08.30-20.45.57:267][  0]LogInit: Transaction tracking system initialized
[2015.08.30-20.45.57:736][  0]BlueprintLog: New page: Editor Load
[2015.08.30-20.45.57:854][  0]LogAssetRegistry: FAssetRegistry took 0.0288 seconds to start up
[2015.08.30-20.45.57:862][  0]LogDirectoryWatcher:Warning: Failed to begin reading directory changes for ../../../Engine/Plugins/Experimental/CharacterAI/Content/. Error: 0
[2015.08.30-20.46.02:461][  0]LogConsoleManager:Warning: Console variable 'r.VSync' wasn't set ('GameSetting' has a lower priority than 'SystemSettingsIni')
[2015.08.30-20.46.02:461][  0]LogConsoleResponse:Display: 
[2015.08.30-20.46.04:391][  0]LogCook:Display: Done creating registry. It took  0.00s.
[2015.08.30-20.46.06:031][  0]SourceControl: Info Source control is disabled
[2015.08.30-20.46.06:085][  0]Cmd: MAP LOAD FILE="../../../../../../../Storage/Documents/SourceTRee/Content/Scene/NewCave.umap" TEMPLATE=0 SHOWPROGRESS=1 FEATURELEVEL=3
[2015.08.30-20.46.06:190][  0]LightingResults: New page: Lighting Build
[2015.08.30-20.46.06:494][  0]MapCheck: New page: Map Check
[2015.08.30-20.46.06:494][  0]LightingResults: New page: Lighting Build
[2015.08.30-20.46.06:797][  0]LogParticles: Destroying 0 GPU particle simulations for FXSystem 0x000000CBC52C4F40
[2015.08.30-20.46.10:563][  0]LogBlueprint:Warning: [compiler GnawmersHealth] Warning 'gnawmers' is already a 'Enemy 1', you don't need  Cast To Enemy1 .
[2015.08.30-20.46.10:564][  0]LogBlueprint:Warning: [compiler GnawmersHealth] Warning [0041.84] Compile of GnawmersHealth successful, but with 1 Warning(s) [in 40 ms]
[2015.08.30-20.46.10:564][  0]LogBlueprint:Warning: [compiler GnawmersHealth] Warning [0041.84] Compile of GnawmersHealth successful, but with 2 Warning(s) [in 0 ms]
[2015.08.30-20.46.10:564][  0]LogBlueprint:Warning: [compiler GnawmersHealth] Warning [0041.84] Compile of GnawmersHealth successful, but with 3 Warning(s) [in 0 ms]
[2015.08.30-20.46.11:527][  0]LogBlueprint:Warning: [compiler Gui] Warning 'gnawmers' is already a 'Enemy 1', you don't need  Cast To Enemy1 .
[2015.08.30-20.46.11:536][  0]LogBlueprint:Warning: [compiler Gui] Warning [0042.82] Compile of Gui successful, but with 1 Warning(s) [in 57 ms]
[2015.08.30-20.46.11:537][  0]LogBlueprint:Warning: [compiler Gui] Warning [0042.82] Compile of Gui successful, but with 2 Warning(s) [in 0 ms]
[2015.08.30-20.46.11:537][  0]LogBlueprint:Warning: [compiler Gui] Warning [0042.82] Compile of Gui successful, but with 3 Warning(s) [in 0 ms]
[2015.08.30-20.46.15:259][  0]LogBlueprint:Warning: [compiler Gui] Warning 'gnawmers' is already a 'Enemy 1', you don't need  Cast To Enemy1 .
[2015.08.30-20.46.15:268][  0]LogBlueprint:Warning: [compiler Gui] Warning [0046.55] Compile of Gui successful, but with 1 Warning(s) [in 58 ms]
[2015.08.30-20.46.15:270][  0]LogBlueprint:Warning: [compiler Gui] Warning [0046.55] Compile of Gui successful, but with 2 Warning(s) [in 1 ms]
[2015.08.30-20.46.15:417][  0]LogBlueprint:Warning: [compiler GnawmersHealth] Warning 'gnawmers' is already a 'Enemy 1', you don't need  Cast To Enemy1 .
[2015.08.30-20.46.15:418][  0]LogBlueprint:Warning: [compiler GnawmersHealth] Warning [0046.70] Compile of GnawmersHealth successful, but with 1 Warning(s) [in 25 ms]
[2015.08.30-20.46.15:418][  0]LogBlueprint:Warning: [compiler GnawmersHealth] Warning [0046.70] Compile of GnawmersHealth successful, but with 2 Warning(s) [in 0 ms]
[2015.08.30-20.46.25:530][  0]LogAIModule: Creating AISystem for world NewCave
[2015.08.30-20.46.26:264][  0]LogEditorServer: Finished looking for orphan Actors (0.000 secs)
[2015.08.30-20.46.26:274][  0]Cmd: MAP CHECKDEP NOCLEARLOG
[2015.08.30-20.46.26:480][  0]MapCheck: Info Map check complete: 0 Error(s), 0 Warning(s), took 205.426ms to complete.
[2015.08.30-20.46.26:480][  0]LogFileHelpers: Loading map 'NewCave' took 20.400
[2015.08.30-20.46.27:446][  0]LogCollectionManager: Loaded 0 collections in 0.002629 seconds
[2015.08.30-20.46.27:468][  0]LogContentBrowser: Native class hierarchy populated in 0.0209 seconds. Added 1792 classes and 301 folders.
[2015.08.30-20.46.27:712][  0]LogContentBrowser: Native class hierarchy updated for 'WidgetCarousel' in 0.0005 seconds. Added 0 classes and 0 folders.
[2015.08.30-20.46.28:120][  0]LogContentBrowser: Native class hierarchy updated for 'AddContentDialog' in 0.0005 seconds. Added 0 classes and 0 folders.
[2015.08.30-20.46.28:466][  0]LogContentBrowser: Native class hierarchy updated for 'SceneOutliner' in 0.0005 seconds. Added 1 classes and 2 folders.
[2015.08.30-20.46.28:896][  0]LogCrashTracker: Crashtracker disabled due to settings.
[2015.08.30-20.46.28:964][  0]LogD3D11RHI: InitD3DDevice
[2015.08.30-20.46.29:034][  0]LogUObjectGlobals:Warning: Failed to find object 'Class None.'
[2015.08.30-20.46.29:111][  0]LogLoad: Full Startup: 60.39 seconds (BP compile: 6.28 seconds)
[2015.08.30-20.46.29:562][  0]LogContentStreaming: Texture pool size is 0.000000MB
[2015.08.30-20.46.29:847][  0]LogContentStreaming: Texture pool size now 1000 MB
[2015.08.30-20.46.30:344][  0]LogRenderer: Reallocating scene render targets to support 1552x928 (Frame:2).
[2015.08.30-20.46.30:730][  1]Cmd: UpdateLandscapeEditorData -warnings
[2015.08.30-20.46.30:808][  1]Cmd: UpdateLandscapeEditorData
[2015.08.30-20.46.32:245][ 24]LogAssetRegistry: Asset discovery search completed in 34.4030 seconds
[2015.08.30-20.46.38:479][529]LogD3D11RHI: InitD3DDevice
[2015.08.30-20.46.53:081][679]LogD3D11RHI: InitD3DDevice
[2015.08.30-20.46.53:127][679]LogFactory: FactoryCreateBinary: StaticMesh with FbxFactory (0 0 F:/Joseph/GodKiller/GodKillerExports/plane.FBX)
[2015.08.30-20.46.53:252][679]LogFbx: ItemName: GlobalSettings, ItemCount : 1
[2015.08.30-20.46.53:252][679]LogFbx: ItemName: AnimationStack, ItemCount : 1
[2015.08.30-20.46.53:252][679]LogFbx: ItemName: AnimationLayer, ItemCount : 1
[2015.08.30-20.46.53:252][679]LogFbx: ItemName: Model, ItemCount : 1
[2015.08.30-20.46.53:252][679]LogFbx: ItemName: Geometry, ItemCount : 1
[2015.08.30-20.46.53:252][679]LogFbx: ItemName: Material, ItemCount : 1
[2015.08.30-20.46.53:252][679]LogFbx: ItemName: Texture, ItemCount : 1
[2015.08.30-20.46.53:252][679]LogFbx: ItemName: Video, ItemCount : 1
[2015.08.30-20.46.53:530][679]LogD3D11RHI: InitD3DDevice
[2015.08.30-20.46.54:900][679]LogFbx: Loading FBX Scene from F:/Joseph/GodKiller/GodKillerExports/plane.FBX
[2015.08.30-20.46.54:925][679]LogFbx: FBX Scene Loaded Succesfully
[2015.08.30-20.46.54:943][679]LogFbx:Warning: Triangulating static mesh Plane001
[2015.08.30-20.46.54:967][679]LogStaticMesh: Building static mesh plane...
[2015.08.30-20.46.55:000][679]LogStaticMesh: Built static mesh [0.033197.2s] /Game/Models/plane.plane
[2015.08.30-20.46.59:280][925]LogD3D11RHI: InitD3DDevice
[2015.08.30-20.46.59:625][925]LogActorFactory: Actor Factory created plane
[2015.08.30-20.47.00:451][988]LogActorFactory: Actor Factory created plane
[2015.08.30-20.47.10:968][650]LogD3D11RHI: InitD3DDevice
[2015.08.30-20.47.11:170][650]LogD3D11RHI: InitD3DDevice
[2015.08.30-20.47.16:795][965]LogD3D11RHI: InitD3DDevice
[2015.08.30-20.47.16:831][965]LogStaticMesh: Building static mesh plane...
[2015.08.30-20.47.16:832][965]LogStaticMesh: Built static mesh [0.001829.2s] /Game/Models/plane.plane
[2015.08.30-20.47.24:059][325]LogD3D11RHI: InitD3DDevice
[2015.08.30-20.47.24:097][325]LogStaticMesh: Building static mesh plane...
[2015.08.30-20.47.24:099][325]LogStaticMesh: Built static mesh [0.001932.2s] /Game/Models/plane.plane
[2015.08.30-20.47.31:336][727]LogEditorViewport: Clicking on Actor (LMB): StaticMeshActor (rock003)
[2015.08.30-20.47.35:657][956]LogD3D11RHI: InitD3DDevice
[2015.08.30-20.47.40:269][232]LogEditorViewport: Clicking on Actor (LMB): StaticMeshActor (plane)
[2015.08.30-20.47.41:739][322]LogD3D11RHI: InitD3DDevice
[2015.08.30-20.47.57:101][265]LogD3D11RHI: InitD3DDevice
[2015.08.30-20.47.57:133][265]LogStaticMesh: Building static mesh plane...
[2015.08.30-20.47.57:134][265]LogStaticMesh: Built static mesh [0.001769.2s] /Game/Models/plane.plane
[2015.08.30-20.48.05:793][770]Cmd: TRANSACTION UNDO
[2015.08.30-20.48.05:793][770]LogEditorTransaction: Undo Move Actors
[2015.08.30-20.48.05:797][770]LogD3D11RHI: InitD3DDevice
[2015.08.30-20.48.13:302][197]LogD3D11RHI: InitD3DDevice
[2015.08.30-20.48.13:333][197]LogStaticMesh: Building static mesh plane...
[2015.08.30-20.48.13:335][197]LogStaticMesh: Built static mesh [0.001786.2s] /Game/Models/plane.plane
[2015.08.30-20.49.33:152][177]LogEditorViewport: Clicking on Actor (LMB): StaticMeshActor (Cave)
[2015.08.30-20.49.37:799][465]LogD3D11RHI: InitD3DDevice
[2015.08.30-20.49.43:114][770]Cmd: TRANSACTION UNDO
[2015.08.30-20.49.43:114][770]LogEditorTransaction: Undo Scale Actors
[2015.08.30-20.49.43:119][770]LogD3D11RHI: InitD3DDevice
[2015.08.30-20.49.44:128][807]Cmd: TRANSACTION UNDO
[2015.08.30-20.49.44:128][807]LogEditorTransaction: Undo Scale Actors
[2015.08.30-20.50.08:210][326]LogD3D11RHI: InitD3DDevice
[2015.08.30-20.50.10:352][427]Cmd: TRANSACTION UNDO
[2015.08.30-20.50.10:352][427]LogEditorTransaction: Undo Scale Actors
[2015.08.30-20.50.10:360][427]LogActorComponent: ~FComponentReregisterContext: (/Game/Scene/NewCave.NewCave:PersistentLevel.Stalagmite20.StaticMeshComponent0) Component already registered.
[2015.08.30-20.50.10:360][427]LogActorComponent: ~FComponentReregisterContext: (/Game/Scene/NewCave.NewCave:PersistentLevel.Stalagmite22.StaticMeshComponent0) Component already registered.
[2015.08.30-20.50.10:361][427]LogActorComponent: ~FComponentReregisterContext: (/Game/Scene/NewCave.NewCave:PersistentLevel.Stalagmite12.StaticMeshComponent0) Component already registered.
[2015.08.30-20.50.10:363][427]LogActorComponent: ~FComponentReregisterContext: (/Game/Scene/NewCave.NewCave:PersistentLevel.Stalagmite24.StaticMeshComponent0) Component already registered.
[2015.08.30-20.50.10:363][427]LogActorComponent: ~FComponentReregisterContext: (/Game/Scene/NewCave.NewCave:PersistentLevel.Rock6.StaticMeshComponent0) Component already registered.
[2015.08.30-20.50.10:365][427]LogActorComponent: ~FComponentReregisterContext: (/Game/Scene/NewCave.NewCave:PersistentLevel.rock16.StaticMeshComponent0) Component already registered.
[2015.08.30-20.50.10:369][427]LogD3D11RHI: InitD3DDevice
[2015.08.30-20.50.18:053][730]LogEditorViewport: Clicking on Actor (CTRL LMB): StaticMeshActor (Pillar4)
[2015.08.30-20.51.21:583][954]LogD3D11RHI: InitD3DDevice
[2015.08.30-20.51.34:789][608]LogEditorViewport: Clicking on Actor (LMB): StaticMeshActor (plane)
[2015.08.30-20.51.50:964][533]LogD3D11RHI: InitD3DDevice
[2015.08.30-20.51.50:994][533]LogStaticMesh: Building static mesh plane...
[2015.08.30-20.51.50:996][533]LogStaticMesh: Built static mesh [0.001872.2s] /Game/Models/plane.plane
[2015.08.30-20.52.00:262][ 69]LogD3D11RHI: InitD3DDevice
[2015.08.30-20.52.00:295][ 69]LogStaticMesh: Building static mesh plane...
[2015.08.30-20.52.00:296][ 69]LogStaticMesh: Built static mesh [0.001806.2s] /Game/Models/plane.plane
[2015.08.30-20.53.17:974][119]LogActorComponent: UnregisterComponent: (/Engine/Transient.CharMoveComp) Not registered. Aborting.
[2015.08.30-20.53.19:244][119]LogD3D11RHI: InitD3DDevice
[2015.08.30-20.53.20:904][119]LogD3D11RHI: InitD3DDevice
[2015.08.30-20.53.20:967][119]Cmd: OBJ SAVEPACKAGE PACKAGE="/Game/Models/plane" FILE="../../../../../../../Storage/Documents/SourceTRee/Content/Models/plane.uasset" SILENT=true
[2015.08.30-20.53.21:004][119]LogSavePackage: Save=32.476402ms
[2015.08.30-20.53.21:004][119]LogSavePackage: Moving '../../../../../../../Storage/Documents/SourceTRee/Saved/planeB28BAD51466C0E262D04AABE75C3B5AF.tmp' to '../../../../../../../Storage/Documents/SourceTRee/Content/Models/plane.uasset'
[2015.08.30-20.53.21:231][119]Cmd: OBJ SAVEPACKAGE PACKAGE="/Game/Scene/NewCave" FILE="../../../../../../../Storage/Documents/SourceTRee/Content/Scene/NewCave.umap" SILENT=true AUTOSAVING=false KEEPDIRTY=false
[2015.08.30-20.53.22:358][119]LogSavePackage: Save=1030.584717ms
[2015.08.30-20.53.22:358][119]LogSavePackage: Moving '../../../../../../../Storage/Documents/SourceTRee/Saved/NewCaveADEBC5FC421559103A6AA383C249AE9A.tmp' to '../../../../../../../Storage/Documents/SourceTRee/Content/Scene/NewCave.umap'
[2015.08.30-20.53.22:446][119]LogFileHelpers: Saving map 'NewCave' took 1.424
[2015.08.30-20.53.24:939][282]LogD3D11RHI: InitD3DDevice
[2015.08.30-20.53.24:970][282]Cmd: OBJ SAVEPACKAGE PACKAGE="/Game/Scene/NewCave" FILE="../../../../../../../Storage/Documents/SourceTRee/Content/Scene/NewCave.umap" SILENT=true AUTOSAVING=false KEEPDIRTY=false
[2015.08.30-20.53.26:024][282]LogSavePackage: Save=991.424744ms
[2015.08.30-20.53.26:024][282]LogSavePackage: Moving '../../../../../../../Storage/Documents/SourceTRee/Saved/NewCave461605CF44C1797FA759C784378187E4.tmp' to '../../../../../../../Storage/Documents/SourceTRee/Content/Scene/NewCave.umap'
[2015.08.30-20.53.27:346][353]Cmd: DELETE
[2015.08.30-20.53.27:346][353]Cmd: ACTOR DELETE
[2015.08.30-20.53.27:379][353]LogEditorActor: Deleted Actor: StaticMeshActor
[2015.08.30-20.53.27:442][353]LogEditorActor: Deleted 1 Actors (0.083 secs)
[2015.08.30-20.53.28:203][399]LogCrashTracker: 


