Log file open, 05/27/15 15:54:46
LogInit:Display: Running engine for game: GodKiller
LogInit: Version: 4.7.6-2513093+++depot+UE4-Releases+4.7
LogInit: API Version: 2455222
LogInit: Compiled (64-bit): Apr 15 2015 12:09:54
LogInit: Compiled with Visual C++: 18.00.21005.01
LogInit: Build Configuration: Development
LogInit: Branch Name: ++depot+UE4-Releases+4.7
LogInit: Command line:  
LogInit: Base directory: E:/Program Files/Epic Games/4.7/Engine/Binaries/Win64/
LogInit: Rocket: 1
[2015.05.27-22.54.46:228][  0]LogTaskGraph: Started task graph with 3 named threads and 6 total threads.
[2015.05.27-22.54.46:296][  0]LogOnline:Warning: No default platform service specified for OnlineSubsystem
[2015.05.27-22.54.46:328][  0]LogInit: Presizing for 0 objects not considered by GC, pre-allocating 0 bytes.
[2015.05.27-22.54.46:338][  0]LogInit: Object subsystem initialized
[2015.05.27-22.54.46:342][  0]LogConsoleResponse:Warning: Skipping Unknown console variable: 'TranslucentSortAxis = (X=0.000000,Y=-1.000000,Z=0.000000)'
[2015.05.27-22.54.46:342][  0]LogConsoleResponse:Warning:   Found in ini file 'E:/Documents/GitHub/God-Killer/Saved/Config/Windows/Engine.ini', in section '[/Script/Engine.RendererSettings]'
[2015.05.27-22.54.46:342][  0]LogConsoleResponse:Warning: Skipping Unknown console variable: 'UIScaleRule = ShortestSide'
[2015.05.27-22.54.46:342][  0]LogConsoleResponse:Warning:   Found in ini file 'E:/Documents/GitHub/God-Killer/Saved/Config/Windows/Engine.ini', in section '[/Script/Engine.RendererSettings]'
[2015.05.27-22.54.46:342][  0]LogConsoleResponse:Warning: Skipping Unknown console variable: 'UIScaleCurve = (EditorCurveData=(Keys=),ExternalCurve=None)'
[2015.05.27-22.54.46:342][  0]LogConsoleResponse:Warning:   Found in ini file 'E:/Documents/GitHub/God-Killer/Saved/Config/Windows/Engine.ini', in section '[/Script/Engine.RendererSettings]'
[2015.05.27-22.54.46:342][  0]LogInit: Selected Device Profile: [Windows]
[2015.05.27-22.54.46:342][  0]LogInit: Applying CVar settings loaded from the selected device profile: [Windows]
[2015.05.27-22.54.46:352][  0]LogInit: Computer: JOSEPH-PC
[2015.05.27-22.54.46:352][  0]LogInit: User: Joseph
[2015.05.27-22.54.46:352][  0]LogInit: CPU Page size=4096, Cores=4
[2015.05.27-22.54.46:352][  0]LogInit: High frequency timer resolution =3.919687 MHz
[2015.05.27-22.54.46:352][  0]LogMemory: Memory total: Physical=15.9GB (16GB approx) Virtual=8192.0GB
[2015.05.27-22.54.46:352][  0]LogMemory: Platform Memory Stats for Windows
[2015.05.27-22.54.46:352][  0]LogMemory: Process Physical Memory: 53.26 MB used, 53.26 MB peak
[2015.05.27-22.54.46:352][  0]LogMemory: Process Virtual Memory: 29.98 MB used, 29.98 MB peak
[2015.05.27-22.54.46:352][  0]LogMemory: Physical Memory: 4130.89 MB used, 16280.89 MB total
[2015.05.27-22.54.46:352][  0]LogMemory: Virtual Memory: 287.53 MB used, 8388608.00 MB total
[2015.05.27-22.54.46:429][  0]LogD3D11RHI: Found D3D11 adapter 0: AMD Radeon R9 200 Series (Feature Level 11_0)
[2015.05.27-22.54.46:429][  0]LogD3D11RHI: Adapter has 4073MB of dedicated video memory, 0MB of dedicated system memory, and 3840MB of shared system memory, 1 output[s]
[2015.05.27-22.54.46:429][  0]LogD3D11RHI: Chosen D3D11 Adapter Id = 0
[2015.05.27-22.54.46:438][  0]LogRHI: Texture pool is 1361 MB (70% of 1945 MB)
[2015.05.27-22.54.46:460][  0]LogD3D11RHI: Async texture creation disabled: no driver support
[2015.05.27-22.54.46:597][  0]LogTextLocalizationManager: The requested culture ('en_US') has no localization data; parent culture's ('en') localization data will be used.
[2015.05.27-22.54.46:662][  0]LogTextLocalizationManager:Warning: Loading localization resources contain conflicting entries for (Namespace:UICommands, Key:Save_ToolTip):
Resource: (E:/Program Files/Epic Games/4.7/Engine/Content/Localization/Editor/en/Editor.locres) Hash: (-29098895) String: (Saves the current level to disk)
Resource: (E:/Program Files/Epic Games/4.7/Engine/Content/Localization/Engine/en/Engine.locres) Hash: (-1280300587) String: (Save selected data to vlog file)
[2015.05.27-22.54.46:662][  0]LogTextLocalizationManager:Warning: Loading localization resources contain conflicting entries for (Namespace:ContentBrowser, Key:ImportAssetToolTip):
Resource: (E:/Program Files/Epic Games/4.7/Engine/Content/Localization/Editor/en/Editor.locres) Hash: (-630476809) String: (Import to {0}...)
Resource: (E:/Program Files/Epic Games/4.7/Engine/Content/Localization/Editor/en/Editor.locres) Hash: (1271782899) String: (Imports an asset from file to this folder.)
[2015.05.27-22.54.46:755][  0]LogContentStreaming: Texture pool size is 0.000000MB
[2015.05.27-22.54.50:000][  0]LogTargetPlatformManager:Display: Building Assets For Windows
[2015.05.27-22.54.51:407][  0]LogTargetPlatformManager:Display: Building Assets For Windows
[2015.05.27-22.54.51:534][  0]LogDerivedDataCache:Display: Max Cache Size: 512 MB
[2015.05.27-22.54.51:603][  0]LogDerivedDataCache: Loaded boot cache 0.07s 39MB C:/Users/Joseph/AppData/Local/UnrealEngine/4.7/DerivedDataCache/Boot.ddc.
[2015.05.27-22.54.51:603][  0]LogDerivedDataCache:Display: Loaded Boot cache: C:/Users/Joseph/AppData/Local/UnrealEngine/4.7/DerivedDataCache/Boot.ddc
[2015.05.27-22.54.51:603][  0]LogDerivedDataCache: FDerivedDataBackendGraph:  Pak pak cache file ../../../../../../Documents/GitHub/God-Killer/DerivedDataCache/DDC.ddp not found, will not use a pak cache.
[2015.05.27-22.54.51:603][  0]LogDerivedDataCache: Unable to find inner node Pak for hierarchical cache Hierarchy.
[2015.05.27-22.54.51:727][  0]LogDerivedDataCache:Display: Pak cache opened for reading ../../../Engine/DerivedDataCache/Compressed.ddp.
[2015.05.27-22.54.51:739][  0]LogDerivedDataCache: Using Local data cache path C:/Users/Joseph/AppData/Local/UnrealEngine/Common/DerivedDataCache: Writable
[2015.05.27-22.54.52:186][  0]LogMeshUtilities: No automatic mesh reduction module available
[2015.05.27-22.54.52:186][  0]LogMeshUtilities: No automatic mesh merging module available
[2015.05.27-22.54.52:873][  0]LogInit: WinSock: version 1.1 (2.2), MaxSocks=32767, MaxUdp=65467
[2015.05.27-22.54.53:066][  0]LogSlate:Warning: Failed to load font data from '../../../Engine/Content/Slate/Fonts/Roboto-Italic.ttf'
[2015.05.27-22.54.54:387][  0]UdpMessaging: Initializing bridge on interface 0.0.0.0:0 to multicast group 230.0.0.1:6666.
[2015.05.27-22.54.54:833][  0]SourceControl: Info Source control is disabled
[2015.05.27-22.54.54:833][  0]SourceControl: Info Source control is disabled
[2015.05.27-22.54.54:833][  0]SourceControl: Info Source control is disabled
[2015.05.27-22.54.54:833][  0]LogSourceControl: RunCommandInternalRaw: 'git version'
[2015.05.27-22.54.54:834][  0]LogSourceControl: RunCommandInternalRaw: ExecProcess ReturnCode=2 OutResults=''
[2015.05.27-22.54.54:857][  0]SourceControl: Info Source control is disabled
[2015.05.27-22.54.55:340][  0]LogObj: 24232 objects as part of root set at end of initial load.
[2015.05.27-22.54.55:340][  0]LogUObjectAllocator: 5137176 out of 0 bytes used by permanent object pool.
[2015.05.27-22.54.55:468][  0]LogEngine: Initializing Engine...
[2015.05.27-22.54.58:665][  0]LogInit: XAudio2 using '1 - LG ULTRAWIDE (AMD High Definition Audio Device)' : 2 channels at 48 kHz using 16 bits per sample (channel mask 0x3)
[2015.05.27-22.54.58:682][  0]LogInit: FAudioDevice initialized.
[2015.05.27-22.54.58:770][  0]LogAIModule: Creating AISystem for world NewWorld
[2015.05.27-22.54.58:805][  0]LogDerivedDataCache: Saved boot cache 0.03s 39MB C:/Users/Joseph/AppData/Local/UnrealEngine/4.7/DerivedDataCache/Boot.ddc.
[2015.05.27-22.54.58:814][  0]LogInit: Texture streaming: Enabled
[2015.05.27-22.54.58:969][  0]LogAnalytics: Creating configured Analytics provider AnalyticsET
[2015.05.27-22.54.58:969][  0]LogAnalytics: ET APIKey = Rocket.Release. APIServer = http://et2.epicgames.com/ET2/. AppVersion = 4.7.6-2513093+++depot+UE4-Releases+4.7
[2015.05.27-22.54.58:969][  0]LogAnalytics: ET APIKey = Rocket.Release. DataRouterUploadURL = https://datarouter-public-service-gamedev.ol.epicgames.net/datarouter/api/v1/public/data. AppVersion = 4.7.6-2513093+++depot+UE4-Releases+4.7
[2015.05.27-22.54.58:969][  0]LogAnalytics: SetUserId b9e16797403c47e8d8c7f7803aa9954f|fbedbf84e6654fb9830ed15a26abc575|2ed228c2-85a1-483a-b700-9447107bbaed
[2015.05.27-22.54.58:969][  0]LogAnalytics: AnalyticsET::StartSession [Rocket.Release]
[2015.05.27-22.54.59:060][  0]LogInit: Transaction tracking system initialized
[2015.05.27-22.54.59:499][  0]BlueprintLog: New page: Editor Load
[2015.05.27-22.54.59:574][  0]LogAssetRegistry: FAssetRegistry took 0.0095 seconds to start up
[2015.05.27-22.54.59:575][  0]LogDirectoryWatcher:Warning: Failed to begin reading directory changes for ../../../Engine/Plugins/Experimental/CharacterAI/Content/. Error: 0
[2015.05.27-22.55.01:173][  0]LogTargetPlatformManager:Display: Building Assets For Windows
[2015.05.27-22.55.02:198][  0]LogTargetPlatformManager:Display: Building Assets For Windows
[2015.05.27-22.55.02:861][  0]LogSlate:Warning: Failed to load font data from '../../../Engine/Content/Editor/Slate/Fonts/Roboto-Regular.ttf'
[2015.05.27-22.55.02:861][  0]LogSlate:Warning: Failed to load font data from '../../../Engine/Content/Editor/Slate/Fonts/Roboto-Bold.ttf'
[2015.05.27-22.55.02:868][  0]LogConsoleResponse:Display: 
[2015.05.27-22.55.03:106][  0]LogCook:Display: Done creating registry. It took  0.00s.
[2015.05.27-22.55.03:503][  0]SourceControl: Info Source control is disabled
[2015.05.27-22.55.03:503][  0]Cmd: MAP LOAD FILE="../../../../../../Documents/GitHub/God-Killer/Content/Scene/NewCave.umap" TEMPLATE=0 SHOWPROGRESS=1 FEATURELEVEL=3
[2015.05.27-22.55.03:504][  0]LightingResults: New page: Lighting Build
[2015.05.27-22.55.03:537][  0]MapCheck: New page: Map Check
[2015.05.27-22.55.03:537][  0]LightingResults: New page: Lighting Build
[2015.05.27-22.55.03:548][  0]LogParticles: Destroying 0 GPU particle simulations for FXSystem 0x00000000164D0680
[2015.05.27-22.55.10:784][  0]LogEditorServer: Finished looking for orphan Actors (0.000 secs)
[2015.05.27-22.55.10:784][  0]LogAIModule: Creating AISystem for world NewCave
[2015.05.27-22.55.10:785][  0]Cmd: MAP CHECKDEP
[2015.05.27-22.55.10:785][  0]MapCheck: New page: NewCave - May 27, 2015, 8:55:10 AM
[2015.05.27-22.55.11:055][  0]MapCheck: Info Map check complete: 0 Error(s), 0 Warning(s), took 270.106ms to complete.
[2015.05.27-22.55.11:055][  0]LogFileHelpers: Loading map 'NewCave' took 7.552
[2015.05.27-22.55.11:171][  0]LogCollectionManager: Loaded 0 collections in 0.002312 seconds
[2015.05.27-22.55.11:188][  0]LogContentBrowser: Native class hierarchy populated in 0.0174 seconds. Added 1696 classes and 261 folders.
[2015.05.27-22.55.11:328][  0]LogContentBrowser: Native class hierarchy updated for 'SceneOutliner' in 0.0066 seconds. Added 1 classes and 2 folders.
[2015.05.27-22.55.11:428][  0]LogCrashTracker: Crashtracker disabled due to settings.
[2015.05.27-22.55.11:430][  0]LogSlate:Warning: Failed to load font data from 'Veranda'
[2015.05.27-22.55.11:438][  0]LogUObjectGlobals:Warning: Failed to find object 'Class None.'
[2015.05.27-22.55.11:499][  0]LogLoad: Full Startup: 28.01 seconds (BP compile: 3.62 seconds)
[2015.05.27-22.55.11:940][  0]LogContentBrowser:Verbose: The content browser source was changed by the sources view to '/Game/Particles'
[2015.05.27-22.55.12:161][  0]LogRenderer:Warning: Reallocating scene render targets to support 32x32 (Frame:2).
[2015.05.27-22.55.12:450][  0]LogRenderer:Warning: Reallocating scene render targets to support 1440x968 (Frame:17).
[2015.05.27-22.55.12:555][  1]Cmd: UpdateLandscapeEditorData -warnings
[2015.05.27-22.55.12:559][  1]Cmd: UpdateLandscapeEditorData
[2015.05.27-22.55.13:914][  5]LogAssetRegistry: Asset discovery search completed in 14.3485 seconds
[2015.05.27-22.56.11:964][377]LogEditorViewport: Clicking on Actor (LMB): StaticMeshActor (Altar)
[2015.05.27-22.56.14:399][550]LogMaterial: Missing cached shader map for material DArkWater, compiling. 
[2015.05.27-22.56.14:447][550]LogActorComponent: UnregisterComponent: (/Engine/Transient.SkeletalMeshComponent_0) Not registered. Aborting.
[2015.05.27-22.56.14:534][550]LogActorComponent: UnregisterComponent: (/Engine/Transient.SkeletalMeshComponent_0) Not registered. Aborting.
[2015.05.27-22.56.14:534][550]LogActorComponent: RegisterComponentWithWorld: (/Engine/Transient.MaterialEditorMeshComponent_0) Already registered. Aborting.
[2015.05.27-22.56.14:534][550]LogActorComponent: UnregisterComponent: (/Engine/Transient.SkeletalMeshComponent_0) Not registered. Aborting.
[2015.05.27-22.56.14:534][550]LogActorComponent: RegisterComponentWithWorld: (/Engine/Transient.MaterialEditorMeshComponent_0) Already registered. Aborting.
[2015.05.27-22.56.14:547][550]LogMaterial: Missing cached shader map for material DArkWater, compiling. 
[2015.05.27-22.56.14:554][550]LogMaterial: 0.000115 seconds spent updating 1 materials, 1 interfaces, 0 instances, 0 with static permutations.
[2015.05.27-22.56.14:578][550]LogMaterial: Missing cached shader map for material FMatExpressionPreview MaterialExpressionConstant3Vector_0, compiling. 
[2015.05.27-22.56.14:581][550]LogMaterial: Missing cached shader map for material FMatExpressionPreview MaterialExpressionNormalize_0, compiling. 
[2015.05.27-22.56.14:583][550]LogMaterial: Missing cached shader map for material FMatExpressionPreview MaterialExpressionAdd_1, compiling. 
[2015.05.27-22.56.14:586][550]LogMaterial: Missing cached shader map for material FMatExpressionPreview MaterialExpressionTextureSample_4, compiling. 
[2015.05.27-22.56.14:588][550]LogMaterial: Missing cached shader map for material FMatExpressionPreview MaterialExpressionTextureSample_5, compiling. 
[2015.05.27-22.56.18:166][681]MaterialEditorStats: Info Base pass shader with static lighting: 79 instructions
[2015.05.27-22.56.18:166][681]MaterialEditorStats: Info Base pass shader with only dynamic lighting: 32 instructions
[2015.05.27-22.56.18:166][681]MaterialEditorStats: Info Base pass shader for self shadowed translucency: 68 instructions
[2015.05.27-22.56.18:166][681]MaterialEditorStats: Info Vertex shader: 70 instructions
[2015.05.27-22.56.18:166][681]MaterialEditorStats: Info Texture samplers: 5/16
[2015.05.27-22.56.29:629][313]LogMaterial: Missing cached shader map for material DArkWater, compiling. 
[2015.05.27-22.56.29:637][313]LogMaterial: 0.000107 seconds spent updating 1 materials, 1 interfaces, 0 instances, 0 with static permutations.
[2015.05.27-22.56.31:296][390]LogMaterial: Missing cached shader map for material DArkWater, compiling. 
[2015.05.27-22.56.31:305][390]LogMaterial: 0.000046 seconds spent updating 1 materials, 1 interfaces, 0 instances, 0 with static permutations.
[2015.05.27-22.56.32:158][426]MaterialEditorStats: Info Base pass shader with static lighting: 79 instructions
[2015.05.27-22.56.32:158][426]MaterialEditorStats: Info Base pass shader with only dynamic lighting: 32 instructions
[2015.05.27-22.56.32:158][426]MaterialEditorStats: Info Base pass shader for self shadowed translucency: 68 instructions
[2015.05.27-22.56.32:158][426]MaterialEditorStats: Info Vertex shader: 70 instructions
[2015.05.27-22.56.32:158][426]MaterialEditorStats: Info Texture samplers: 5/16
[2015.05.27-22.56.37:171][689]LogMaterial: Missing cached shader map for material DArkWater, compiling. 
[2015.05.27-22.56.37:178][689]LogMaterial: 0.000078 seconds spent updating 1 materials, 1 interfaces, 0 instances, 0 with static permutations.
[2015.05.27-22.56.39:629][809]MaterialEditorStats: Info Base pass shader with static lighting: 79 instructions
[2015.05.27-22.56.39:629][809]MaterialEditorStats: Info Base pass shader with only dynamic lighting: 32 instructions
[2015.05.27-22.56.39:629][809]MaterialEditorStats: Info Base pass shader for self shadowed translucency: 68 instructions
[2015.05.27-22.56.39:629][809]MaterialEditorStats: Info Vertex shader: 70 instructions
[2015.05.27-22.56.39:629][809]MaterialEditorStats: Info Texture samplers: 5/16
[2015.05.27-22.56.41:466][922]LogMaterial: Missing cached shader map for material DArkWater, compiling. 
[2015.05.27-22.56.41:473][922]LogMaterial: 0.000110 seconds spent updating 1 materials, 1 interfaces, 0 instances, 0 with static permutations.
[2015.05.27-22.56.43:898][ 44]MaterialEditorStats: Info Base pass shader with static lighting: 79 instructions
[2015.05.27-22.56.43:898][ 44]MaterialEditorStats: Info Base pass shader with only dynamic lighting: 32 instructions
[2015.05.27-22.56.43:898][ 44]MaterialEditorStats: Info Base pass shader for self shadowed translucency: 68 instructions
[2015.05.27-22.56.43:898][ 44]MaterialEditorStats: Info Vertex shader: 70 instructions
[2015.05.27-22.56.43:898][ 44]MaterialEditorStats: Info Texture samplers: 5/16
[2015.05.27-22.56.58:478][188]LogMaterial: Missing cached shader map for material DArkWater, compiling. 
[2015.05.27-22.56.58:485][188]LogMaterial: 0.000110 seconds spent updating 1 materials, 1 interfaces, 0 instances, 0 with static permutations.
[2015.05.27-22.57.00:546][292]LogMaterial: Missing cached shader map for material DArkWater, compiling. 
[2015.05.27-22.57.00:553][292]LogMaterial: 0.000067 seconds spent updating 1 materials, 1 interfaces, 0 instances, 0 with static permutations.
[2015.05.27-22.57.00:736][298]MaterialEditorStats: Info Base pass shader with static lighting: 79 instructions
[2015.05.27-22.57.00:737][298]MaterialEditorStats: Info Base pass shader with only dynamic lighting: 32 instructions
[2015.05.27-22.57.00:737][298]MaterialEditorStats: Info Base pass shader for self shadowed translucency: 68 instructions
[2015.05.27-22.57.00:737][298]MaterialEditorStats: Info Vertex shader: 70 instructions
[2015.05.27-22.57.00:737][298]MaterialEditorStats: Info Texture samplers: 5/16
[2015.05.27-22.57.10:970][874]LogMaterial: Missing cached shader map for material DArkWater, compiling. 
[2015.05.27-22.57.10:977][874]LogMaterial: 0.000075 seconds spent updating 1 materials, 1 interfaces, 0 instances, 0 with static permutations.
[2015.05.27-22.57.10:978][874]LogMaterial: Missing cached shader map for material FMatExpressionPreview MaterialExpressionDepthFade_0, compiling. 
[2015.05.27-22.57.10:982][874]LogMaterial: Missing cached shader map for material DArkWater, compiling. 
[2015.05.27-22.57.10:989][874]LogMaterial: 0.000145 seconds spent updating 1 materials, 1 interfaces, 0 instances, 0 with static permutations.
[2015.05.27-22.57.11:015][874]LogMaterial: Missing cached shader map for material FMatExpressionPreview MaterialExpressionDepthFade_0, compiling. 
[2015.05.27-22.57.13:210][986]MaterialEditorStats: Info Base pass shader with static lighting: 79 instructions
[2015.05.27-22.57.13:210][986]MaterialEditorStats: Info Base pass shader with only dynamic lighting: 32 instructions
[2015.05.27-22.57.13:210][986]MaterialEditorStats: Info Base pass shader for self shadowed translucency: 68 instructions
[2015.05.27-22.57.13:210][986]MaterialEditorStats: Info Vertex shader: 70 instructions
[2015.05.27-22.57.13:210][986]MaterialEditorStats: Info Texture samplers: 5/16
[2015.05.27-22.57.15:146][113]LogMaterial: Missing cached shader map for material DArkWater, compiling. 
[2015.05.27-22.57.15:153][113]LogMaterial: 0.000089 seconds spent updating 1 materials, 1 interfaces, 0 instances, 0 with static permutations.
[2015.05.27-22.57.17:391][227]MaterialEditorStats: Info Base pass shader with static lighting: 79 instructions
[2015.05.27-22.57.17:391][227]MaterialEditorStats: Info Base pass shader with only dynamic lighting: 32 instructions
[2015.05.27-22.57.17:391][227]MaterialEditorStats: Info Base pass shader for self shadowed translucency: 68 instructions
[2015.05.27-22.57.17:391][227]MaterialEditorStats: Info Vertex shader: 70 instructions
[2015.05.27-22.57.17:391][227]MaterialEditorStats: Info Texture samplers: 5/16
[2015.05.27-23.00.34:596][399]LogMaterialEditor: Applying material DArkWater
[2015.05.27-23.00.35:967][399]LogMaterial: Missing cached shader map for material DArkWater, compiling. 
[2015.05.27-23.00.35:996][399]LogMaterial: 0.000184 seconds spent updating 1 materials, 1 interfaces, 0 instances, 0 with static permutations.
[2015.05.27-23.00.36:050][399]LogMaterial: Missing cached shader map for material DArkWater, compiling. 
[2015.05.27-23.00.36:298][399]LogMaterial: Missing cached shader map for material DArkWater, compiling. 
[2015.05.27-23.00.36:328][399]LogMaterial: 0.014386 seconds spent updating 1 materials, 1 interfaces, 0 instances, 0 with static permutations.
[2015.05.27-23.00.42:996][734]MaterialEditorStats: Info Base pass shader with static lighting: 101 instructions
[2015.05.27-23.00.42:996][734]MaterialEditorStats: Info Base pass shader with only dynamic lighting: 53 instructions
[2015.05.27-23.00.42:996][734]MaterialEditorStats: Info Base pass shader for self shadowed translucency: 89 instructions
[2015.05.27-23.00.42:996][734]MaterialEditorStats: Info Vertex shader: 70 instructions
[2015.05.27-23.00.42:996][734]MaterialEditorStats: Info Texture samplers: 5/16
[2015.05.27-23.01.00:795][519]LogMaterial: Missing cached shader map for material DArkWater, compiling. 
[2015.05.27-23.01.00:802][519]LogMaterial: 0.000210 seconds spent updating 1 materials, 1 interfaces, 0 instances, 0 with static permutations.
[2015.05.27-23.01.03:565][658]LogMaterial: Missing cached shader map for material DArkWater, compiling. 
[2015.05.27-23.01.03:574][658]LogMaterial: 0.000091 seconds spent updating 1 materials, 1 interfaces, 0 instances, 0 with static permutations.
[2015.05.27-23.01.03:994][676]MaterialEditorStats: Info Base pass shader with static lighting: 79 instructions
[2015.05.27-23.01.03:995][676]MaterialEditorStats: Info Base pass shader with only dynamic lighting: 32 instructions
[2015.05.27-23.01.03:995][676]MaterialEditorStats: Info Base pass shader for self shadowed translucency: 68 instructions
[2015.05.27-23.01.03:995][676]MaterialEditorStats: Info Vertex shader: 70 instructions
[2015.05.27-23.01.03:995][676]MaterialEditorStats: Info Texture samplers: 5/16
[2015.05.27-23.01.04:962][719]LogMaterial: Missing cached shader map for material DArkWater, compiling. 
[2015.05.27-23.01.04:969][719]LogMaterial: 0.000078 seconds spent updating 1 materials, 1 interfaces, 0 instances, 0 with static permutations.
[2015.05.27-23.01.07:195][827]MaterialEditorStats: Info Base pass shader with static lighting: 79 instructions
[2015.05.27-23.01.07:195][827]MaterialEditorStats: Info Base pass shader with only dynamic lighting: 32 instructions
[2015.05.27-23.01.07:195][827]MaterialEditorStats: Info Base pass shader for self shadowed translucency: 68 instructions
[2015.05.27-23.01.07:195][827]MaterialEditorStats: Info Vertex shader: 70 instructions
[2015.05.27-23.01.07:195][827]MaterialEditorStats: Info Texture samplers: 5/16
[2015.05.27-23.01.10:528][ 26]LogMaterial: Missing cached shader map for material DArkWater, compiling. 
[2015.05.27-23.01.10:536][ 26]LogMaterial: 0.000195 seconds spent updating 1 materials, 1 interfaces, 0 instances, 0 with static permutations.
[2015.05.27-23.01.10:551][ 26]LogMaterial: Missing cached shader map for material DArkWater, compiling. 
[2015.05.27-23.01.10:558][ 26]LogMaterial: 0.000162 seconds spent updating 1 materials, 1 interfaces, 0 instances, 0 with static permutations.
[2015.05.27-23.01.12:862][142]MaterialEditorStats: Info Base pass shader with static lighting: 79 instructions
[2015.05.27-23.01.12:862][142]MaterialEditorStats: Info Base pass shader with only dynamic lighting: 32 instructions
[2015.05.27-23.01.12:862][142]MaterialEditorStats: Info Base pass shader for self shadowed translucency: 68 instructions
[2015.05.27-23.01.12:862][142]MaterialEditorStats: Info Vertex shader: 70 instructions
[2015.05.27-23.01.12:862][142]MaterialEditorStats: Info Texture samplers: 5/16
[2015.05.27-23.01.23:661][722]LogMaterial: Missing cached shader map for material DArkWater, compiling. 
[2015.05.27-23.01.23:668][722]LogMaterial: 0.000156 seconds spent updating 1 materials, 1 interfaces, 0 instances, 0 with static permutations.
[2015.05.27-23.01.23:693][722]LogMaterial: Missing cached shader map for material FMatExpressionPreview MaterialExpressionNormalize_0, compiling. 
[2015.05.27-23.01.23:705][722]LogMaterial: Missing cached shader map for material DArkWater, compiling. 
[2015.05.27-23.01.23:715][722]LogMaterial: 0.000045 seconds spent updating 1 materials, 1 interfaces, 0 instances, 0 with static permutations.
[2015.05.27-23.01.23:742][722]LogMaterial: Missing cached shader map for material FMatExpressionPreview MaterialExpressionAdd_1, compiling. 
[2015.05.27-23.01.23:750][722]LogMaterial: Missing cached shader map for material DArkWater, compiling. 
[2015.05.27-23.01.23:761][722]LogMaterial: 0.000095 seconds spent updating 1 materials, 1 interfaces, 0 instances, 0 with static permutations.
[2015.05.27-23.01.23:766][722]LogMaterial: Missing cached shader map for material DArkWater, compiling. 
[2015.05.27-23.01.23:777][722]LogMaterial: 0.000069 seconds spent updating 1 materials, 1 interfaces, 0 instances, 0 with static permutations.
[2015.05.27-23.01.23:784][722]LogMaterial: Missing cached shader map for material DArkWater, compiling. 
[2015.05.27-23.01.23:794][722]LogMaterial: 0.000090 seconds spent updating 1 materials, 1 interfaces, 0 instances, 0 with static permutations.
[2015.05.27-23.01.26:054][830]MaterialEditorStats: Info Base pass shader with static lighting: 79 instructions
[2015.05.27-23.01.26:055][830]MaterialEditorStats: Info Base pass shader with only dynamic lighting: 32 instructions
[2015.05.27-23.01.26:055][830]MaterialEditorStats: Info Base pass shader for self shadowed translucency: 68 instructions
[2015.05.27-23.01.26:055][830]MaterialEditorStats: Info Vertex shader: 70 instructions
[2015.05.27-23.01.26:055][830]MaterialEditorStats: Info Texture samplers: 5/16
[2015.05.27-23.01.28:452][963]LogContentBrowser:Verbose: The content browser source was changed by the sources view to 'None'
[2015.05.27-23.01.28:452][963]LogContentBrowser:Verbose: The content browser source was changed by the sources view to '/Game/Textures'
[2015.05.27-23.01.41:665][848]LogMaterial: Missing cached shader map for material DArkWater, compiling. 
[2015.05.27-23.01.41:672][848]LogMaterial: 0.000111 seconds spent updating 1 materials, 1 interfaces, 0 instances, 0 with static permutations.
[2015.05.27-23.01.41:676][848]LogMaterial: Missing cached shader map for material DArkWater, compiling. 
[2015.05.27-23.01.41:676][848]LogMaterial:Warning: Failed to compile Material /Engine/Transient.DArkWater for platform PCD3D_SM5, Default Material will be used in game.
[2015.05.27-23.01.41:676][848]LogMaterial:Warning: 	(Node OneMinus) Missing 1-x input
[2015.05.27-23.01.41:676][848]LogMaterial: 0.000071 seconds spent updating 1 materials, 1 interfaces, 0 instances, 0 with static permutations.
[2015.05.27-23.01.41:680][848]MaterialEditorStats:Error: Error [SM5] (Node OneMinus) Missing 1-x input
[2015.05.27-23.01.56:907][402]LogMaterial: Missing cached shader map for material DArkWater, compiling. 
[2015.05.27-23.01.56:915][402]LogMaterial: 0.000149 seconds spent updating 1 materials, 1 interfaces, 0 instances, 0 with static permutations.
[2015.05.27-23.01.58:646][475]LogMaterial: Missing cached shader map for material DArkWater, compiling. 
[2015.05.27-23.01.58:656][475]LogMaterial: 0.000082 seconds spent updating 1 materials, 1 interfaces, 0 instances, 0 with static permutations.
[2015.05.27-23.02.01:148][619]MaterialEditorStats: Info Base pass shader with static lighting: 85 instructions
[2015.05.27-23.02.01:148][619]MaterialEditorStats: Info Base pass shader with only dynamic lighting: 38 instructions
[2015.05.27-23.02.01:148][619]MaterialEditorStats: Info Base pass shader for self shadowed translucency: 74 instructions
[2015.05.27-23.02.01:148][619]MaterialEditorStats: Info Vertex shader: 70 instructions
[2015.05.27-23.02.01:148][619]MaterialEditorStats: Info Texture samplers: 5/16
[2015.05.27-23.02.01:620][651]LogMaterial: Missing cached shader map for material DArkWater, compiling. 
[2015.05.27-23.02.01:627][651]LogMaterial: 0.000144 seconds spent updating 1 materials, 1 interfaces, 0 instances, 0 with static permutations.
[2015.05.27-23.02.01:653][651]LogMaterial: Missing cached shader map for material FMatExpressionPreview MaterialExpressionDepthFade_0, compiling. 
[2015.05.27-23.02.03:898][768]MaterialEditorStats: Info Base pass shader with static lighting: 98 instructions
[2015.05.27-23.02.03:898][768]MaterialEditorStats: Info Base pass shader with only dynamic lighting: 51 instructions
[2015.05.27-23.02.03:898][768]MaterialEditorStats: Info Base pass shader for self shadowed translucency: 87 instructions
[2015.05.27-23.02.03:898][768]MaterialEditorStats: Info Vertex shader: 70 instructions
[2015.05.27-23.02.03:898][768]MaterialEditorStats: Info Texture samplers: 6/16
[2015.05.27-23.02.04:796][817]LogMaterialEditor: Applying material DArkWater
[2015.05.27-23.02.06:171][817]LogMaterial: Missing cached shader map for material DArkWater, compiling. 
[2015.05.27-23.02.06:199][817]LogMaterial: 0.000106 seconds spent updating 1 materials, 1 interfaces, 0 instances, 0 with static permutations.
[2015.05.27-23.02.06:257][817]LogMaterial: Missing cached shader map for material DArkWater, compiling. 
[2015.05.27-23.02.06:293][817]LogMaterial: Missing cached shader map for material DArkWater, compiling. 
[2015.05.27-23.02.06:328][817]LogMaterial: 0.021536 seconds spent updating 1 materials, 1 interfaces, 0 instances, 0 with static permutations.
[2015.05.27-23.02.12:377][836]MaterialEditorStats: Info Base pass shader with static lighting: 120 instructions
[2015.05.27-23.02.12:377][836]MaterialEditorStats: Info Base pass shader with only dynamic lighting: 72 instructions
[2015.05.27-23.02.12:377][836]MaterialEditorStats: Info Base pass shader for self shadowed translucency: 108 instructions
[2015.05.27-23.02.12:377][836]MaterialEditorStats: Info Vertex shader: 70 instructions
[2015.05.27-23.02.12:378][836]MaterialEditorStats: Info Texture samplers: 6/16
[2015.05.27-23.02.44:526][223]LogMaterial: Missing cached shader map for material DArkWater, compiling. 
[2015.05.27-23.02.44:533][223]LogMaterial: 0.000081 seconds spent updating 1 materials, 1 interfaces, 0 instances, 0 with static permutations.
[2015.05.27-23.02.47:680][388]MaterialEditorStats: Info Base pass shader with static lighting: 97 instructions
[2015.05.27-23.02.47:680][388]MaterialEditorStats: Info Base pass shader with only dynamic lighting: 44 instructions
[2015.05.27-23.02.47:680][388]MaterialEditorStats: Info Base pass shader for self shadowed translucency: 80 instructions
[2015.05.27-23.02.47:680][388]MaterialEditorStats: Info Vertex shader: 70 instructions
[2015.05.27-23.02.47:680][388]MaterialEditorStats: Info Texture samplers: 6/16
[2015.05.27-23.03.01:241][197]LogMaterial: Missing cached shader map for material DArkWater, compiling. 
[2015.05.27-23.03.01:248][197]LogMaterial: 0.000082 seconds spent updating 1 materials, 1 interfaces, 0 instances, 0 with static permutations.
[2015.05.27-23.03.03:513][312]MaterialEditorStats: Info Base pass shader with static lighting: 97 instructions
[2015.05.27-23.03.03:513][312]MaterialEditorStats: Info Base pass shader with only dynamic lighting: 44 instructions
[2015.05.27-23.03.03:513][312]MaterialEditorStats: Info Base pass shader for self shadowed translucency: 80 instructions
[2015.05.27-23.03.03:513][312]MaterialEditorStats: Info Vertex shader: 70 instructions
[2015.05.27-23.03.03:513][312]MaterialEditorStats: Info Texture samplers: 6/16
[2015.05.27-23.03.03:854][332]LogMaterialEditor: Applying material DArkWater
[2015.05.27-23.03.05:224][332]LogMaterial: Missing cached shader map for material DArkWater, compiling. 
[2015.05.27-23.03.05:252][332]LogMaterial: 0.000108 seconds spent updating 1 materials, 1 interfaces, 0 instances, 0 with static permutations.
[2015.05.27-23.03.05:372][332]LogMaterial: Missing cached shader map for material DArkWater, compiling. 
[2015.05.27-23.03.05:398][332]LogMaterial: Missing cached shader map for material DArkWater, compiling. 
[2015.05.27-23.03.05:423][332]LogMaterial: 0.015220 seconds spent updating 1 materials, 1 interfaces, 0 instances, 0 with static permutations.
[2015.05.27-23.03.11:308][623]MaterialEditorStats: Info Base pass shader with static lighting: 118 instructions
[2015.05.27-23.03.11:308][623]MaterialEditorStats: Info Base pass shader with only dynamic lighting: 64 instructions
[2015.05.27-23.03.11:308][623]MaterialEditorStats: Info Base pass shader for self shadowed translucency: 100 instructions
[2015.05.27-23.03.11:308][623]MaterialEditorStats: Info Vertex shader: 70 instructions
[2015.05.27-23.03.11:308][623]MaterialEditorStats: Info Texture samplers: 6/16
[2015.05.27-23.05.12:283][991]LogFileHelpers: Editor autosave (incl. sublevels) for '/Game/Scene/NewCave' took 0.055
[2015.05.27-23.05.12:325][991]OBJ SavePackage: Generating thumbnails for [1] asset(s) in package [/Game/Textures/DArkWater] ([1] browsable assets)...
[2015.05.27-23.05.12:363][991]OBJ SavePackage:     Rendered thumbnail for [Material /Game/Textures/DArkWater.DArkWater]
[2015.05.27-23.05.12:363][991]OBJ SavePackage: Finished generating thumbnails for package [/Game/Textures/DArkWater]
[2015.05.27-23.05.12:365][991]Cmd: OBJ SAVEPACKAGE PACKAGE="/Game/Textures/DArkWater" FILE="../../../../../../Documents/GitHub/God-Killer/Saved/Autosaves/Game/Textures/DArkWater_Auto1.uasset" SILENT=false AUTOSAVING=true
[2015.05.27-23.05.12:803][991]LogSavePackage: Save=364.339050ms
[2015.05.27-23.05.12:804][991]LogSavePackage: Moving '../../../../../../Documents/GitHub/God-Killer/Saved/DArkWater_Auto122B5F150407CCA2A6F6466AD7465106A.tmp' to '../../../../../../Documents/GitHub/God-Killer/Saved/Autosaves/Game/Textures/DArkWater_Auto1.uasset'
[2015.05.27-23.05.12:812][991]LogFileHelpers: Auto-saving content packages took 0.529
[2015.05.27-23.07.42:834][857]LogMaterial: Missing cached shader map for material DArkWater, compiling. 
[2015.05.27-23.07.42:841][857]LogMaterial: 0.000164 seconds spent updating 1 materials, 1 interfaces, 0 instances, 0 with static permutations.
[2015.05.27-23.07.45:210][961]LogMaterial: Missing cached shader map for material DArkWater, compiling. 
[2015.05.27-23.07.45:219][961]LogMaterial: 0.000038 seconds spent updating 1 materials, 1 interfaces, 0 instances, 0 with static permutations.
[2015.05.27-23.07.46:407][ 22]LogMaterial: Missing cached shader map for material DArkWater, compiling. 
[2015.05.27-23.07.46:415][ 22]LogMaterial: 0.000064 seconds spent updating 1 materials, 1 interfaces, 0 instances, 0 with static permutations.
[2015.05.27-23.07.47:854][101]LogMaterial: Missing cached shader map for material DArkWater, compiling. 
[2015.05.27-23.07.47:862][101]LogMaterial: 0.000078 seconds spent updating 1 materials, 1 interfaces, 0 instances, 0 with static permutations.
[2015.05.27-23.07.50:148][217]MaterialEditorStats: Info Base pass shader with static lighting: 97 instructions
[2015.05.27-23.07.50:148][217]MaterialEditorStats: Info Base pass shader with only dynamic lighting: 44 instructions
[2015.05.27-23.07.50:148][217]MaterialEditorStats: Info Base pass shader for self shadowed translucency: 80 instructions
[2015.05.27-23.07.50:148][217]MaterialEditorStats: Info Vertex shader: 70 instructions
[2015.05.27-23.07.50:148][217]MaterialEditorStats: Info Texture samplers: 6/16
[2015.05.27-23.07.51:792][310]LogMaterialEditor: Applying material DArkWater
[2015.05.27-23.07.53:163][310]LogMaterial: Missing cached shader map for material DArkWater, compiling. 
[2015.05.27-23.07.53:191][310]LogMaterial: 0.000119 seconds spent updating 1 materials, 1 interfaces, 0 instances, 0 with static permutations.
[2015.05.27-23.07.53:254][310]LogMaterial: Missing cached shader map for material DArkWater, compiling. 
[2015.05.27-23.07.53:280][310]LogMaterial: Missing cached shader map for material DArkWater, compiling. 
[2015.05.27-23.07.53:315][310]LogMaterial: 0.025675 seconds spent updating 1 materials, 1 interfaces, 0 instances, 0 with static permutations.
[2015.05.27-23.07.59:302][579]MaterialEditorStats: Info Base pass shader with static lighting: 118 instructions
[2015.05.27-23.07.59:302][579]MaterialEditorStats: Info Base pass shader with only dynamic lighting: 64 instructions
[2015.05.27-23.07.59:302][579]MaterialEditorStats: Info Base pass shader for self shadowed translucency: 100 instructions
[2015.05.27-23.07.59:302][579]MaterialEditorStats: Info Vertex shader: 70 instructions
[2015.05.27-23.07.59:302][579]MaterialEditorStats: Info Texture samplers: 6/16
[2015.05.27-23.08.02:248][728]LogActorComponent: UnregisterComponent: (/Engine/Transient.SkeletalMeshComponent_0) Not registered. Aborting.
[2015.05.27-23.08.02:248][728]LogActorComponent: RegisterComponentWithWorld: (/Engine/Transient.MaterialEditorMeshComponent_0) Already registered. Aborting.
[2015.05.27-23.08.10:275][185]LogMaterial: Missing cached shader map for material DArkWater, compiling. 
[2015.05.27-23.08.10:282][185]LogMaterial: 0.000114 seconds spent updating 1 materials, 1 interfaces, 0 instances, 0 with static permutations.
[2015.05.27-23.08.12:084][271]LogMaterial: Missing cached shader map for material DArkWater, compiling. 
[2015.05.27-23.08.12:091][271]LogMaterial: 0.000046 seconds spent updating 1 materials, 1 interfaces, 0 instances, 0 with static permutations.
[2015.05.27-23.08.12:620][295]MaterialEditorStats: Info Base pass shader with static lighting: 97 instructions
[2015.05.27-23.08.12:620][295]MaterialEditorStats: Info Base pass shader with only dynamic lighting: 44 instructions
[2015.05.27-23.08.12:620][295]MaterialEditorStats: Info Base pass shader for self shadowed translucency: 80 instructions
[2015.05.27-23.08.12:620][295]MaterialEditorStats: Info Vertex shader: 70 instructions
[2015.05.27-23.08.12:620][295]MaterialEditorStats: Info Texture samplers: 6/16
[2015.05.27-23.08.14:677][394]LogMaterialEditor: Applying material DArkWater
[2015.05.27-23.08.16:044][394]LogMaterial: Missing cached shader map for material DArkWater, compiling. 
[2015.05.27-23.08.16:072][394]LogMaterial: 0.000202 seconds spent updating 1 materials, 1 interfaces, 0 instances, 0 with static permutations.
[2015.05.27-23.08.16:153][394]LogMaterial: Missing cached shader map for material DArkWater, compiling. 
[2015.05.27-23.08.16:178][394]LogMaterial: Missing cached shader map for material DArkWater, compiling. 
[2015.05.27-23.08.16:199][394]LogMaterial: 0.011860 seconds spent updating 1 materials, 1 interfaces, 0 instances, 0 with static permutations.
[2015.05.27-23.08.22:184][691]MaterialEditorStats: Info Base pass shader with static lighting: 118 instructions
[2015.05.27-23.08.22:184][691]MaterialEditorStats: Info Base pass shader with only dynamic lighting: 64 instructions
[2015.05.27-23.08.22:184][691]MaterialEditorStats: Info Base pass shader for self shadowed translucency: 100 instructions
[2015.05.27-23.08.22:184][691]MaterialEditorStats: Info Vertex shader: 70 instructions
[2015.05.27-23.08.22:184][691]MaterialEditorStats: Info Texture samplers: 6/16
[2015.05.27-23.08.33:355][306]LogEditorViewport: Clicking on Actor (LMB): StaticMeshActor (newcave004)
[2015.05.27-23.08.36:695][486]LogMaterial: Missing cached shader map for material Water, compiling. 
[2015.05.27-23.08.36:715][486]LogActorComponent: UnregisterComponent: (/Engine/Transient.SkeletalMeshComponent_1) Not registered. Aborting.
[2015.05.27-23.08.36:789][486]LogActorComponent: UnregisterComponent: (/Engine/Transient.SkeletalMeshComponent_1) Not registered. Aborting.
[2015.05.27-23.08.36:789][486]LogActorComponent: RegisterComponentWithWorld: (/Engine/Transient.MaterialEditorMeshComponent_1) Already registered. Aborting.
[2015.05.27-23.08.36:789][486]LogActorComponent: UnregisterComponent: (/Engine/Transient.SkeletalMeshComponent_1) Not registered. Aborting.
[2015.05.27-23.08.36:789][486]LogActorComponent: RegisterComponentWithWorld: (/Engine/Transient.MaterialEditorMeshComponent_1) Already registered. Aborting.
[2015.05.27-23.08.36:801][486]LogMaterial: Missing cached shader map for material Water, compiling. 
[2015.05.27-23.08.36:808][486]LogMaterial: 0.000064 seconds spent updating 1 materials, 1 interfaces, 0 instances, 0 with static permutations.
[2015.05.27-23.08.36:837][486]LogMaterial: Missing cached shader map for material FMatExpressionPreview MaterialExpressionNormalize_0, compiling. 
[2015.05.27-23.08.36:839][486]LogMaterial: Missing cached shader map for material FMatExpressionPreview MaterialExpressionAdd_1, compiling. 
[2015.05.27-23.08.36:842][486]LogMaterial: Missing cached shader map for material FMatExpressionPreview MaterialExpressionTextureSample_4, compiling. 
[2015.05.27-23.08.36:845][486]LogMaterial: Missing cached shader map for material FMatExpressionPreview MaterialExpressionTextureSample_5, compiling. 
[2015.05.27-23.08.39:046][587]LogUObjectGlobals:Warning: Failed to find object 'Object None.'
[2015.05.27-23.08.39:046][587]LogUObjectGlobals:Warning: Failed to find object 'Object None.'
[2015.05.27-23.08.39:046][587]LogUObjectGlobals:Warning: Failed to find object 'Object None.'
[2015.05.27-23.08.39:046][587]LogUObjectGlobals:Warning: Failed to find object 'Object None.'
[2015.05.27-23.08.39:046][587]LogUObjectGlobals:Warning: Failed to find object 'Object None.'
[2015.05.27-23.08.39:046][587]LogUObjectGlobals:Warning: Failed to find object 'Object None.'
[2015.05.27-23.08.39:049][587]LogUObjectHash:Warning: Ambiguous search, could be MaterialGraphNode /Engine/Transient.Water:MaterialGraph_1.MaterialGraphNode_15 or MaterialGraphNode /Engine/Transient.DArkWater:MaterialGraph_0.MaterialGraphNode_15
[2015.05.27-23.08.39:050][587]LogUObjectHash:Warning: Ambiguous search, could be MaterialGraphNode /Engine/Transient.Water:MaterialGraph_1.MaterialGraphNode_19 or MaterialGraphNode /Engine/Transient.DArkWater:MaterialGraph_0.MaterialGraphNode_19
[2015.05.27-23.08.39:052][587]LogUObjectHash:Warning: Ambiguous search, could be MaterialGraphNode /Engine/Transient.Water:MaterialGraph_1.MaterialGraphNode_15 or MaterialGraphNode /Engine/Transient.DArkWater:MaterialGraph_0.MaterialGraphNode_15
[2015.05.27-23.08.39:054][587]LogUObjectHash:Warning: Ambiguous search, could be MaterialGraphNode /Engine/Transient.Water:MaterialGraph_1.MaterialGraphNode_18 or MaterialGraphNode /Engine/Transient.DArkWater:MaterialGraph_0.MaterialGraphNode_18
[2015.05.27-23.08.39:054][587]LogProperty:Warning: ObjectProperty /Script/Engine.MaterialExpression:ExpressionInput.Expression: unresolved reference to 'MaterialExpressionDepthFade'MaterialGraphNode_18.MaterialExpressionDepthFade_3')'
[2015.05.27-23.08.39:054][587]LogUObjectHash:Warning: Ambiguous search, could be MaterialGraphNode /Engine/Transient.Water:MaterialGraph_1.MaterialGraphNode_16 or MaterialGraphNode /Engine/Transient.DArkWater:MaterialGraph_0.MaterialGraphNode_16
[2015.05.27-23.08.39:055][587]LogProperty:Warning: ObjectProperty /Script/Engine.MaterialExpression:ExpressionInput.Expression: unresolved reference to 'MaterialExpressionScalarParameter'MaterialGraphNode_16.MaterialExpressionScalarParameter_3')'
[2015.05.27-23.08.39:058][587]LogUObjectHash:Warning: Ambiguous search, could be MaterialGraphNode /Engine/Transient.Water:MaterialGraph_1.MaterialGraphNode_21 or MaterialGraphNode /Engine/Transient.DArkWater:MaterialGraph_0.MaterialGraphNode_21
[2015.05.27-23.08.39:058][587]LogProperty:Warning: ObjectProperty /Script/Engine.MaterialExpression:ExpressionInput.Expression: unresolved reference to 'MaterialExpressionOneMinus'MaterialGraphNode_21.MaterialExpressionOneMinus_3')'
[2015.05.27-23.08.39:058][587]LogUObjectHash:Warning: Ambiguous search, could be MaterialGraphNode /Engine/Transient.Water:MaterialGraph_1.MaterialGraphNode_18 or MaterialGraphNode /Engine/Transient.DArkWater:MaterialGraph_0.MaterialGraphNode_18
[2015.05.27-23.08.39:058][587]LogProperty:Warning: ObjectProperty /Script/Engine.MaterialExpression:ExpressionInput.Expression: unresolved reference to 'MaterialExpressionDepthFade'MaterialGraphNode_18.MaterialExpressionDepthFade_3')'
[2015.05.27-23.08.39:059][587]LogUObjectHash:Warning: Ambiguous search, could be MaterialGraphNode /Engine/Transient.Water:MaterialGraph_1.MaterialGraphNode_21 or MaterialGraphNode /Engine/Transient.DArkWater:MaterialGraph_0.MaterialGraphNode_21
[2015.05.27-23.08.39:062][587]LogUObjectHash:Warning: Ambiguous search, could be MaterialGraphNode /Engine/Transient.Water:MaterialGraph_1.MaterialGraphNode_20 or MaterialGraphNode /Engine/Transient.DArkWater:MaterialGraph_0.MaterialGraphNode_20
[2015.05.27-23.08.39:062][587]LogProperty:Warning: ObjectProperty /Script/Engine.MaterialExpression:ExpressionInput.Expression: unresolved reference to 'MaterialExpressionMaterialFunctionCall'MaterialGraphNode_20.MaterialExpressionMaterialFunctionCall_3')'
[2015.05.27-23.08.39:062][587]LogUObjectHash:Warning: Ambiguous search, could be MaterialGraphNode /Engine/Transient.Water:MaterialGraph_1.MaterialGraphNode_20 or MaterialGraphNode /Engine/Transient.DArkWater:MaterialGraph_0.MaterialGraphNode_20
[2015.05.27-23.08.39:092][587]LogMaterial: Missing cached shader map for material Water, compiling. 
[2015.05.27-23.08.39:099][587]LogMaterial: 0.000068 seconds spent updating 1 materials, 1 interfaces, 0 instances, 0 with static permutations.
[2015.05.27-23.08.39:100][587]LogMaterial: Missing cached shader map for material FMatExpressionPreview MaterialExpressionDepthFade_5, compiling. 
[2015.05.27-23.08.39:152][588]MaterialEditorStats: Info Base pass shader with static lighting: 78 instructions
[2015.05.27-23.08.39:152][588]MaterialEditorStats: Info Base pass shader with only dynamic lighting: 25 instructions
[2015.05.27-23.08.39:152][588]MaterialEditorStats: Info Base pass shader for self shadowed translucency: 61 instructions
[2015.05.27-23.08.39:152][588]MaterialEditorStats: Info Vertex shader: 70 instructions
[2015.05.27-23.08.39:152][588]MaterialEditorStats: Info Texture samplers: 5/16
[2015.05.27-23.08.46:653][ 16]LogMaterial: Missing cached shader map for material Water, compiling. 
[2015.05.27-23.08.46:659][ 16]LogMaterial: 0.000086 seconds spent updating 1 materials, 1 interfaces, 0 instances, 0 with static permutations.
[2015.05.27-23.08.46:681][ 16]LogMaterial: Missing cached shader map for material FMatExpressionPreview MaterialExpressionDepthFade_5, compiling. 
[2015.05.27-23.08.47:909][ 67]LogMaterial: Missing cached shader map for material Water, compiling. 
[2015.05.27-23.08.47:917][ 67]LogMaterial: 0.000103 seconds spent updating 1 materials, 1 interfaces, 0 instances, 0 with static permutations.
[2015.05.27-23.08.49:937][168]MaterialEditorStats: Info Base pass shader with static lighting: 78 instructions
[2015.05.27-23.08.49:937][168]MaterialEditorStats: Info Base pass shader with only dynamic lighting: 25 instructions
[2015.05.27-23.08.49:937][168]MaterialEditorStats: Info Base pass shader for self shadowed translucency: 61 instructions
[2015.05.27-23.08.49:937][168]MaterialEditorStats: Info Vertex shader: 70 instructions
[2015.05.27-23.08.49:937][168]MaterialEditorStats: Info Texture samplers: 5/16
[2015.05.27-23.08.54:146][425]LogMaterial: Missing cached shader map for material Water, compiling. 
[2015.05.27-23.08.54:153][425]LogMaterial: 0.000116 seconds spent updating 1 materials, 1 interfaces, 0 instances, 0 with static permutations.
[2015.05.27-23.08.56:266][526]MaterialEditorStats: Info Base pass shader with static lighting: 78 instructions
[2015.05.27-23.08.56:266][526]MaterialEditorStats: Info Base pass shader with only dynamic lighting: 25 instructions
[2015.05.27-23.08.56:266][526]MaterialEditorStats: Info Base pass shader for self shadowed translucency: 61 instructions
[2015.05.27-23.08.56:266][526]MaterialEditorStats: Info Vertex shader: 70 instructions
[2015.05.27-23.08.56:266][526]MaterialEditorStats: Info Texture samplers: 5/16
[2015.05.27-23.08.58:499][698]LogMaterial: Missing cached shader map for material Water, compiling. 
[2015.05.27-23.08.58:506][698]LogMaterial: 0.000076 seconds spent updating 1 materials, 1 interfaces, 0 instances, 0 with static permutations.
[2015.05.27-23.08.59:746][759]LogMaterial: Missing cached shader map for material Water, compiling. 
[2015.05.27-23.08.59:755][759]LogMaterial: 0.000125 seconds spent updating 1 materials, 1 interfaces, 0 instances, 0 with static permutations.
[2015.05.27-23.09.01:965][864]LogMaterial: Missing cached shader map for material Water, compiling. 
[2015.05.27-23.09.01:972][864]LogMaterial: 0.000048 seconds spent updating 1 materials, 1 interfaces, 0 instances, 0 with static permutations.
[2015.05.27-23.09.01:994][864]LogMaterial: Missing cached shader map for material FMatExpressionPreview MaterialExpressionAdd_1, compiling. 
[2015.05.27-23.09.02:004][864]LogMaterial: Missing cached shader map for material Water, compiling. 
[2015.05.27-23.09.02:014][864]LogMaterial: 0.000057 seconds spent updating 1 materials, 1 interfaces, 0 instances, 0 with static permutations.
[2015.05.27-23.09.02:019][864]LogMaterial: Missing cached shader map for material Water, compiling. 
[2015.05.27-23.09.02:028][864]LogMaterial: 0.000063 seconds spent updating 1 materials, 1 interfaces, 0 instances, 0 with static permutations.
[2015.05.27-23.09.02:100][866]MaterialEditorStats: Info Base pass shader with static lighting: 97 instructions
[2015.05.27-23.09.02:100][866]MaterialEditorStats: Info Base pass shader with only dynamic lighting: 44 instructions
[2015.05.27-23.09.02:100][866]MaterialEditorStats: Info Base pass shader for self shadowed translucency: 80 instructions
[2015.05.27-23.09.02:100][866]MaterialEditorStats: Info Vertex shader: 70 instructions
[2015.05.27-23.09.02:100][866]MaterialEditorStats: Info Texture samplers: 6/16
[2015.05.27-23.09.04:764][995]LogMaterialEditor: Applying material Water
[2015.05.27-23.09.06:131][995]LogMaterial: Missing cached shader map for material Water, compiling. 
[2015.05.27-23.09.06:159][995]LogMaterial: 0.000115 seconds spent updating 1 materials, 1 interfaces, 0 instances, 0 with static permutations.
[2015.05.27-23.09.06:228][995]LogMaterial: Missing cached shader map for material Water, compiling. 
[2015.05.27-23.09.06:258][995]LogMaterial: Missing cached shader map for material Water, compiling. 
[2015.05.27-23.09.06:280][995]LogMaterial: 0.012544 seconds spent updating 1 materials, 1 interfaces, 0 instances, 0 with static permutations.
[2015.05.27-23.09.12:253][336]MaterialEditorStats: Info Base pass shader with static lighting: 118 instructions
[2015.05.27-23.09.12:253][336]MaterialEditorStats: Info Base pass shader with only dynamic lighting: 64 instructions
[2015.05.27-23.09.12:253][336]MaterialEditorStats: Info Base pass shader for self shadowed translucency: 100 instructions
[2015.05.27-23.09.12:253][336]MaterialEditorStats: Info Vertex shader: 70 instructions
[2015.05.27-23.09.12:253][336]MaterialEditorStats: Info Texture samplers: 6/16
[2015.05.27-23.09.23:671][290]LogParticles: Destroying 0 GPU particle simulations for FXSystem 0x000000001CE57EC0
[2015.05.27-23.09.24:819][290]Cmd: OBJ SAVEPACKAGE PACKAGE="/Game/Textures/DArkWater" FILE="../../../../../../Documents/GitHub/God-Killer/Content/Textures/DArkWater.uasset" SILENT=true
[2015.05.27-23.09.25:169][290]LogSavePackage: Save=282.247284ms
[2015.05.27-23.09.25:169][290]LogSavePackage: Moving '../../../../../../Documents/GitHub/God-Killer/Saved/DArkWaterC1CC6A9342B2F552197787B475E24937.tmp' to '../../../../../../Documents/GitHub/God-Killer/Content/Textures/DArkWater.uasset'
[2015.05.27-23.09.25:204][290]Cmd: OBJ SAVEPACKAGE PACKAGE="/Game/Textures/Water" FILE="../../../../../../Documents/GitHub/God-Killer/Content/Textures/Water.uasset" SILENT=true
[2015.05.27-23.09.25:494][290]LogSavePackage: Save=224.785812ms
[2015.05.27-23.09.25:494][290]LogSavePackage: Moving '../../../../../../Documents/GitHub/God-Killer/Saved/Water9CA993CD486F9316EBFE5CB019166FF4.tmp' to '../../../../../../Documents/GitHub/God-Killer/Content/Textures/Water.uasset'
[2015.05.27-23.09.27:680][424]Cmd: QUIT_EDITOR
[2015.05.27-23.09.27:972][424]LogExit: Preparing to exit.
[2015.05.27-23.09.28:543][424]LogExit: Editor shut down
[2015.05.27-23.09.28:543][424]LogExit: Transaction tracking system shut down
[2015.05.27-23.09.28:545][424]LogParticles: Destroying 0 GPU particle simulations for FXSystem 0x000000000EDD22A0
[2015.05.27-23.09.28:555][424]LogParticles: Destroying 0 GPU particle simulations for FXSystem 0x000000001DF79580
[2015.05.27-23.09.28:557][424]LogParticles: Destroying 0 GPU particle simulations for FXSystem 0x0000000024B45F80
[2015.05.27-23.09.28:557][424]LogParticles: Destroying 0 GPU particle simulations for FXSystem 0x00000000274DACA0
[2015.05.27-23.09.28:557][424]LogParticles: Destroying 0 GPU particle simulations for FXSystem 0x00000000274D85E0
[2015.05.27-23.09.28:557][424]LogParticles: Destroying 0 GPU particle simulations for FXSystem 0x00000000274D8400
[2015.05.27-23.09.28:618][424]LogExit: Object subsystem successfully closed.
[2015.05.27-23.09.28:711][424]LogModuleManager: Shutting down and abandoning module MaterialEditor (178)
[2015.05.27-23.09.28:711][424]LogModuleManager: Shutting down and abandoning module CrashTracker (177)
[2015.05.27-23.09.28:711][424]LogModuleManager: Shutting down and abandoning module SuperSearch (176)
[2015.05.27-23.09.28:711][424]LogModuleManager: Shutting down and abandoning module SceneOutliner (175)
[2015.05.27-23.09.28:711][424]LogModuleManager: Shutting down and abandoning module EditorWidgets (174)
[2015.05.27-23.09.28:711][424]LogModuleManager: Shutting down and abandoning module CollectionManager (173)
[2015.05.27-23.09.28:711][424]LogModuleManager: Shutting down and abandoning module StatsViewer (172)
[2015.05.27-23.09.28:711][424]LogModuleManager: Shutting down and abandoning module FoliageEdit (171)
[2015.05.27-23.09.28:711][424]LogModuleManager: Shutting down and abandoning module LandscapeEditor (170)
[2015.05.27-23.09.28:711][424]LogModuleManager: Shutting down and abandoning module MeshPaint (169)
[2015.05.27-23.09.28:711][424]LogModuleManager: Shutting down and abandoning module ActorPickerMode (168)
[2015.05.27-23.09.28:711][424]LogModuleManager: Shutting down and abandoning module GeometryMode (167)
[2015.05.27-23.09.28:711][424]LogModuleManager: Shutting down and abandoning module TextureAlignMode (166)
[2015.05.27-23.09.28:711][424]LogModuleManager: Shutting down and abandoning module BspMode (165)
[2015.05.27-23.09.28:711][424]LogModuleManager: Shutting down and abandoning module PlacementMode (164)
[2015.05.27-23.09.28:711][424]LogModuleManager: Shutting down and abandoning module AutomationWorker (163)
[2015.05.27-23.09.28:711][424]LogModuleManager: Shutting down and abandoning module CharacterAI (162)
[2015.05.27-23.09.28:711][424]LogModuleManager: Shutting down and abandoning module SmartSnapping (161)
[2015.05.27-23.09.28:711][424]LogModuleManager: Shutting down and abandoning module ViewportSnapping (160)
[2015.05.27-23.09.28:711][424]LogModuleManager: Shutting down and abandoning module LogVisualizer (159)
[2015.05.27-23.09.28:711][424]LogModuleManager: Shutting down and abandoning module GameProjectGeneration (158)
[2015.05.27-23.09.28:711][424]LogModuleManager: Shutting down and abandoning module IntroTutorials (157)
[2015.05.27-23.09.28:711][424]LogModuleManager: Shutting down and abandoning module EditorLiveStreaming (156)
[2015.05.27-23.09.28:711][424]LogModuleManager: Shutting down and abandoning module HardwareTargeting (155)
[2015.05.27-23.09.28:711][424]LogModuleManager: Shutting down and abandoning module DeviceProfileEditor (154)
[2015.05.27-23.09.28:711][424]LogModuleManager: Shutting down and abandoning module UndoHistory (153)
[2015.05.27-23.09.28:711][424]LogModuleManager: Shutting down and abandoning module GameplayTagsEditor (152)
[2015.05.27-23.09.28:711][424]LogModuleManager: Shutting down and abandoning module UserFeedback (151)
[2015.05.27-23.09.28:711][424]LogModuleManager: Shutting down and abandoning module XmlParser (150)
[2015.05.27-23.09.28:711][424]LogModuleManager: Shutting down and abandoning module Blutility (149)
[2015.05.27-23.09.28:711][424]LogModuleManager: Shutting down and abandoning module IOSPlatformEditor (148)
[2015.05.27-23.09.28:711][424]LogModuleManager: Shutting down and abandoning module IOSRuntimeSettings (147)
[2015.05.27-23.09.28:711][424]LogModuleManager: Shutting down and abandoning module AndroidDeviceDetection (146)
[2015.05.27-23.09.29:449][424]LogModuleManager: Shutting down and abandoning module AndroidPlatformEditor (145)
[2015.05.27-23.09.29:449][424]LogModuleManager: Shutting down and abandoning module AndroidRuntimeSettings (144)
[2015.05.27-23.09.29:449][424]LogModuleManager: Shutting down and abandoning module ProjectTargetPlatformEditor (143)
[2015.05.27-23.09.29:449][424]LogModuleManager: Shutting down and abandoning module ProjectSettingsViewer (142)
[2015.05.27-23.09.29:449][424]LogModuleManager: Shutting down and abandoning module InputBindingEditor (141)
[2015.05.27-23.09.29:449][424]LogModuleManager: Shutting down and abandoning module EditorSettingsViewer (140)
[2015.05.27-23.09.29:449][424]LogModuleManager: Shutting down and abandoning module SettingsEditor (139)
[2015.05.27-23.09.29:449][424]LogModuleManager: Shutting down and abandoning module ProjectLauncher (138)
[2015.05.27-23.09.29:449][424]LogModuleManager: Shutting down and abandoning module SessionFrontend (137)
[2015.05.27-23.09.29:449][424]LogModuleManager: Shutting down and abandoning module ProfilerClient (136)
[2015.05.27-23.09.29:449][424]LogModuleManager: Shutting down and abandoning module TargetDeviceServices (135)
[2015.05.27-23.09.29:449][424]LogModuleManager: Shutting down and abandoning module DeviceManager (134)
[2015.05.27-23.09.29:449][424]LogModuleManager: Shutting down and abandoning module AutomationController (133)
[2015.05.27-23.09.29:449][424]LogModuleManager: Shutting down and abandoning module AutomationWindow (132)
[2015.05.27-23.09.29:449][424]LogModuleManager: Shutting down and abandoning module Layers (131)
[2015.05.27-23.09.29:449][424]LogModuleManager: Shutting down and abandoning module ComponentVisualizers (130)
[2015.05.27-23.09.29:449][424]LogModuleManager: Shutting down and abandoning module DetailCustomizations (129)
[2015.05.27-23.09.29:450][424]LogModuleManager: Shutting down and abandoning module PackagesDialog (128)
[2015.05.27-23.09.29:450][424]LogModuleManager: Shutting down and abandoning module AssetRegistry (127)
[2015.05.27-23.09.29:546][424]LogModuleManager: Shutting down and abandoning module Persona (126)
[2015.05.27-23.09.29:546][424]LogModuleManager: Shutting down and abandoning module SlateReflector (125)
[2015.05.27-23.09.29:546][424]LogModuleManager: Shutting down and abandoning module LevelEditor (124)
[2015.05.27-23.09.29:547][424]LogModuleManager: Shutting down and abandoning module Kismet (123)
[2015.05.27-23.09.29:547][424]LogModuleManager: Shutting down and abandoning module GraphEditor (122)
[2015.05.27-23.09.29:547][424]LogModuleManager: Shutting down and abandoning module ClassViewer (121)
[2015.05.27-23.09.29:547][424]LogModuleManager: Shutting down and abandoning module Toolbox (120)
[2015.05.27-23.09.29:547][424]LogModuleManager: Shutting down and abandoning module ModuleUI (119)
[2015.05.27-23.09.29:547][424]LogModuleManager: Shutting down and abandoning module MovieSceneTools (118)
[2015.05.27-23.09.29:547][424]LogModuleManager: Shutting down and abandoning module OutputLog (117)
[2015.05.27-23.09.29:547][424]LogModuleManager: Shutting down and abandoning module GammaUI (116)
[2015.05.27-23.09.29:547][424]LogModuleManager: Shutting down and abandoning module Documentation (115)
[2015.05.27-23.09.29:547][424]LogModuleManager: Shutting down and abandoning module GameLiveStreaming (114)
[2015.05.27-23.09.29:547][424]LogModuleManager: Shutting down and abandoning module StreamingPauseRendering (113)
[2015.05.27-23.09.29:547][424]LogModuleManager: Shutting down and abandoning module HTTP (112)
[2015.05.27-23.09.29:547][424]LogModuleManager: Shutting down and abandoning module AnalyticsET (111)
[2015.05.27-23.09.29:547][424]LogModuleManager: Shutting down and abandoning module Analytics (110)
[2015.05.27-23.09.29:547][424]LogModuleManager: Shutting down and abandoning module AITestSuite (109)
[2015.05.27-23.09.29:547][424]LogModuleManager: Shutting down and abandoning module GameplayDebugger (108)
[2015.05.27-23.09.29:547][424]LogModuleManager: Shutting down and abandoning module AIModule (107)
[2015.05.27-23.09.29:547][424]LogModuleManager: Shutting down and abandoning module ProfilerService (106)
[2015.05.27-23.09.29:778][424]LogModuleManager: Shutting down and abandoning module TaskGraph (105)
[2015.05.27-23.09.29:778][424]LogModuleManager: Shutting down and abandoning module SlateRemote (104)
[2015.05.27-23.09.29:778][424]LogModuleManager: Shutting down and abandoning module ScriptEditorPlugin (103)
[2015.05.27-23.09.29:778][424]LogModuleManager: Shutting down and abandoning module CustomMeshComponent (102)
[2015.05.27-23.09.29:778][424]LogModuleManager: Shutting down and abandoning module CableComponent (101)
[2015.05.27-23.09.29:778][424]LogModuleManager: Shutting down and abandoning module MessagingDebugger (100)
[2015.05.27-23.09.29:778][424]LogModuleManager: Shutting down and abandoning module MediaPlayerEditor (99)
[2015.05.27-23.09.29:778][424]LogModuleManager: Shutting down and abandoning module SpeedTreeImporter (98)
[2015.05.27-23.09.29:778][424]LogModuleManager: Shutting down and abandoning module PluginsEditor (97)
[2015.05.27-23.09.29:778][424]LogModuleManager: Shutting down and abandoning module MainFrame (96)
[2015.05.27-23.09.29:778][424]LogModuleManager: Shutting down and abandoning module EpicSurvey (95)
[2015.05.27-23.09.29:778][424]LogModuleManager: Shutting down and abandoning module DesktopPlatform (94)
[2015.05.27-23.09.29:778][424]LogModuleManager: Shutting down and abandoning module DirectoryWatcher (93)
[2015.05.27-23.09.29:778][424]LogModuleManager: Shutting down and abandoning module HotReload (92)
[2015.05.27-23.09.29:778][424]LogModuleManager: Shutting down and abandoning module VisualStudioSourceCodeAccess (91)
[2015.05.27-23.09.29:778][424]LogModuleManager: Shutting down and abandoning module UObjectPlugin (90)
[2015.05.27-23.09.29:778][424]LogModuleManager: Shutting down and abandoning module SubversionSourceControl (89)
[2015.05.27-23.09.29:778][424]LogModuleManager: Shutting down and abandoning module PerforceSourceControl (88)
[2015.05.27-23.09.29:778][424]LogModuleManager: Shutting down and abandoning module SourceControl (87)
[2015.05.27-23.09.29:778][424]LogModuleManager: Shutting down and abandoning module GitSourceControl (86)
[2015.05.27-23.09.29:779][424]LogModuleManager: Shutting down and abandoning module BlankPlugin (85)
[2015.05.27-23.09.29:779][424]LogModuleManager: Shutting down and abandoning module PaperTiledImporter (84)
[2015.05.27-23.09.29:779][424]LogModuleManager: Shutting down and abandoning module PaperJsonImporter (83)
[2015.05.27-23.09.29:779][424]LogModuleManager: Shutting down and abandoning module ContentBrowser (82)
[2015.05.27-23.09.29:779][424]LogModuleManager: Shutting down and abandoning module Paper2DEditor (81)
[2015.05.27-23.09.29:779][424]LogModuleManager: Shutting down and abandoning module ScriptPlugin (80)
[2015.05.27-23.09.29:779][424]LogModuleManager: Shutting down and abandoning module UdpMessaging (79)
[2015.05.27-23.09.29:879][424]LogModuleManager: Shutting down and abandoning module Paper2D (78)
[2015.05.27-23.09.29:879][424]LogModuleManager: Shutting down and abandoning module WindowsMoviePlayer (77)
[2015.05.27-23.09.29:879][424]LogModuleManager: Shutting down and abandoning module Media (76)
[2015.05.27-23.09.29:879][424]LogModuleManager: Shutting down and abandoning module WmfMedia (75)
[2015.05.27-23.09.29:879][424]LogModuleManager: Shutting down and abandoning module OnlineBlueprintSupport (74)
[2015.05.27-23.09.29:879][424]LogModuleManager: Shutting down and abandoning module PropertyEditor (73)
[2015.05.27-23.09.29:879][424]LogModuleManager: Shutting down and abandoning module BehaviorTreeEditor (72)
[2015.05.27-23.09.29:879][424]LogModuleManager: Shutting down and abandoning module FunctionalTesting (71)
[2015.05.27-23.09.29:879][424]LogModuleManager: Shutting down and abandoning module CollisionAnalyzer (70)
[2015.05.27-23.09.29:879][424]LogModuleManager: Shutting down and abandoning module WorkspaceMenuStructure (69)
[2015.05.27-23.09.29:879][424]LogModuleManager: Shutting down and abandoning module MessageLog (68)
[2015.05.27-23.09.29:879][424]LogModuleManager: Shutting down and abandoning module Sequencer (67)
[2015.05.27-23.09.29:879][424]LogModuleManager: Shutting down and abandoning module AssetTools (66)
[2015.05.27-23.09.29:879][424]LogModuleManager: Shutting down and abandoning module UMGEditor (65)
[2015.05.27-23.09.29:879][424]LogModuleManager: Shutting down and abandoning module UMG (64)
[2015.05.27-23.09.29:879][424]LogModuleManager: Shutting down and abandoning module Slate (63)
[2015.05.27-23.09.29:879][424]LogModuleManager: Shutting down and abandoning module EditorStyle (62)
[2015.05.27-23.09.29:888][424]LogModuleManager: Shutting down and abandoning module SessionServices (61)
[2015.05.27-23.09.29:888][424]LogModuleManager: Shutting down and abandoning module SourceCodeAccess (60)
[2015.05.27-23.09.29:888][424]LogModuleManager: Shutting down and abandoning module HeadMountedDisplay (59)
[2015.05.27-23.09.29:888][424]LogModuleManager: Shutting down and abandoning module XAudio2 (58)
[2015.05.27-23.09.29:888][424]LogModuleManager: Shutting down and abandoning module Networking (56)
[2015.05.27-23.09.29:888][424]LogModuleManager: Shutting down and abandoning module Core (55)
[2015.05.27-23.09.29:888][424]LogModuleManager: Shutting down and abandoning module KismetCompiler (54)
[2015.05.27-23.09.29:888][424]LogModuleManager: Shutting down and abandoning module PhysXFormats (53)
[2015.05.27-23.09.29:888][424]LogModuleManager: Shutting down and abandoning module MeshUtilities (52)
[2015.05.27-23.09.29:888][424]LogModuleManager: Shutting down and abandoning module DerivedDataCache (51)
[2015.05.27-23.09.29:937][424]LogDerivedDataCache: Shutdown
[2015.05.27-23.09.29:937][424]LogModuleManager: Shutting down and abandoning module ShaderFormatOpenGL (50)
[2015.05.27-23.09.29:937][424]LogModuleManager: Shutting down and abandoning module ShaderFormatD3D (49)
[2015.05.27-23.09.29:937][424]LogModuleManager: Shutting down and abandoning module MetalShaderFormat (48)
[2015.05.27-23.09.29:937][424]LogModuleManager: Shutting down and abandoning module TextureFormatUncompressed (47)
[2015.05.27-23.09.29:937][424]LogModuleManager: Shutting down and abandoning module TextureFormatPVR (46)
[2015.05.27-23.09.29:937][424]LogModuleManager: Shutting down and abandoning module TextureFormatIntelISPCTexComp (45)
[2015.05.27-23.09.29:937][424]LogModuleManager: Shutting down and abandoning module TextureFormatDXT (44)
[2015.05.27-23.09.29:937][424]LogModuleManager: Shutting down and abandoning module ImageWrapper (43)
[2015.05.27-23.09.29:937][424]LogModuleManager: Shutting down and abandoning module TextureFormatASTC (42)
[2015.05.27-23.09.29:937][424]LogModuleManager: Shutting down and abandoning module TextureFormatAndroid (41)
[2015.05.27-23.09.29:937][424]LogModuleManager: Shutting down and abandoning module AudioFormatOpus (40)
[2015.05.27-23.09.29:937][424]LogModuleManager: Shutting down and abandoning module AudioFormatOgg (39)
[2015.05.27-23.09.29:937][424]LogModuleManager: Shutting down and abandoning module AudioFormatADPCM (38)
[2015.05.27-23.09.29:937][424]LogModuleManager: Shutting down and abandoning module LinuxTargetPlatform (37)
[2015.05.27-23.09.29:937][424]LogModuleManager: Shutting down and abandoning module LinuxServerTargetPlatform (36)
[2015.05.27-23.09.29:937][424]LogModuleManager: Shutting down and abandoning module LinuxNoEditorTargetPlatform (35)
[2015.05.27-23.09.29:937][424]LogModuleManager: Shutting down and abandoning module Messaging (34)
[2015.05.27-23.09.29:937][424]LogModuleManager: Shutting down and abandoning module IOSTargetPlatform (33)
[2015.05.27-23.09.29:937][424]LogModuleManager: Shutting down and abandoning module HTML5TargetPlatform (32)
[2015.05.27-23.09.29:937][424]LogModuleManager: Shutting down and abandoning module Android_PVRTCTargetPlatform (31)
[2015.05.27-23.09.29:937][424]LogModuleManager: Shutting down and abandoning module Android_ETC2TargetPlatform (30)
[2015.05.27-23.09.29:937][424]LogModuleManager: Shutting down and abandoning module Android_ETC1TargetPlatform (29)
[2015.05.27-23.09.29:937][424]LogModuleManager: Shutting down and abandoning module Android_ES31TargetPlatform (28)
[2015.05.27-23.09.29:937][424]LogModuleManager: Shutting down and abandoning module Android_DXTTargetPlatform (27)
[2015.05.27-23.09.29:937][424]LogModuleManager: Shutting down and abandoning module Android_ATCTargetPlatform (26)
[2015.05.27-23.09.29:937][424]LogModuleManager: Shutting down and abandoning module AndroidTargetPlatform (25)
[2015.05.27-23.09.29:937][424]LogModuleManager: Shutting down and abandoning module WindowsTargetPlatform (24)
[2015.05.27-23.09.29:937][424]LogModuleManager: Shutting down and abandoning module WindowsServerTargetPlatform (23)
[2015.05.27-23.09.29:937][424]LogModuleManager: Shutting down and abandoning module WindowsNoEditorTargetPlatform (22)
[2015.05.27-23.09.29:937][424]LogModuleManager: Shutting down and abandoning module WindowsClientTargetPlatform (21)
[2015.05.27-23.09.29:937][424]LogModuleManager: Shutting down and abandoning module TargetPlatform (20)
[2015.05.27-23.09.29:937][424]LogModuleManager: Shutting down and abandoning module InputCore (19)
[2015.05.27-23.09.29:937][424]LogModuleManager: Shutting down and abandoning module Settings (18)
[2015.05.27-23.09.29:937][424]LogModuleManager: Shutting down and abandoning module OnlineSubsystem (16)
[2015.05.27-23.09.29:937][424]LogModuleManager: Shutting down and abandoning module OculusRift (15)
[2015.05.27-23.09.29:937][424]LogModuleManager: Shutting down and abandoning module ExampleDeviceProfileSelector (14)
[2015.05.27-23.09.29:937][424]LogModuleManager: Shutting down and abandoning module TextureCompressor (13)
[2015.05.27-23.09.29:938][424]LogModuleManager: Shutting down and abandoning module ShaderCore (12)
[2015.05.27-23.09.29:938][424]LogModuleManager: Shutting down and abandoning module Landscape (11)
[2015.05.27-23.09.29:938][424]LogModuleManager: Shutting down and abandoning module SlateRHIRenderer (10)
[2015.05.27-23.09.29:941][424]LogModuleManager: Shutting down and abandoning module OpenGLDrv (9)
[2015.05.27-23.09.29:941][424]LogModuleManager: Shutting down and abandoning module D3D11RHI (8)
[2015.05.27-23.09.29:941][424]LogModuleManager: Shutting down and abandoning module Renderer (7)
[2015.05.27-23.09.29:941][424]LogModuleManager: Shutting down and abandoning module Engine (6)
[2015.05.27-23.09.29:941][424]LogModuleManager: Shutting down and abandoning module CoreUObject (5)
[2015.05.27-23.09.29:941][424]LogModuleManager: Shutting down and abandoning module NetworkFile (4)
[2015.05.27-23.09.29:941][424]LogModuleManager: Shutting down and abandoning module StreamingFile (3)
[2015.05.27-23.09.29:941][424]LogModuleManager: Shutting down and abandoning module SandboxFile (2)
[2015.05.27-23.09.29:941][424]LogModuleManager: Shutting down and abandoning module PakFile (1)
[2015.05.27-23.09.29:942][424]LogExit: Exiting.
[2015.05.27-23.09.29:947][424]Log file closed, 05/27/15 16:09:29
