Log file open, 05/01/15 13:39:40
LogInit:Display: Running engine for game: GodKiller
LogInit: Version: 4.7.6-2513093+++depot+UE4-Releases+4.7
LogInit: API Version: 2455222
LogInit: Compiled (64-bit): Apr 15 2015 12:09:54
LogInit: Compiled with Visual C++: 18.00.21005.01
LogInit: Build Configuration: Development
LogInit: Branch Name: ++depot+UE4-Releases+4.7
LogInit: Command line:  
LogInit: Base directory: E:/Program Files/Epic Games/4.7/Engine/Binaries/Win64/
LogInit: Rocket: 1
[2015.05.01-20.39.40:749][  0]LogTaskGraph: Started task graph with 3 named threads and 6 total threads.
[2015.05.01-20.39.40:816][  0]LogOnline:Warning: No default platform service specified for OnlineSubsystem
[2015.05.01-20.39.40:911][  0]LogInit: Presizing for 0 objects not considered by GC, pre-allocating 0 bytes.
[2015.05.01-20.39.40:921][  0]LogInit: Object subsystem initialized
[2015.05.01-20.39.40:923][  0]LogConsoleResponse:Warning: Skipping Unknown console variable: 'TranslucentSortAxis = (X=0.000000,Y=-1.000000,Z=0.000000)'
[2015.05.01-20.39.40:923][  0]LogConsoleResponse:Warning:   Found in ini file 'E:/Documents/GitHub/God-Killer/Saved/Config/Windows/Engine.ini', in section '[/Script/Engine.RendererSettings]'
[2015.05.01-20.39.40:923][  0]LogConsoleResponse:Warning: Skipping Unknown console variable: 'UIScaleRule = ShortestSide'
[2015.05.01-20.39.40:923][  0]LogConsoleResponse:Warning:   Found in ini file 'E:/Documents/GitHub/God-Killer/Saved/Config/Windows/Engine.ini', in section '[/Script/Engine.RendererSettings]'
[2015.05.01-20.39.40:923][  0]LogConsoleResponse:Warning: Skipping Unknown console variable: 'UIScaleCurve = (EditorCurveData=(Keys=),ExternalCurve=None)'
[2015.05.01-20.39.40:923][  0]LogConsoleResponse:Warning:   Found in ini file 'E:/Documents/GitHub/God-Killer/Saved/Config/Windows/Engine.ini', in section '[/Script/Engine.RendererSettings]'
[2015.05.01-20.39.40:924][  0]LogInit: Selected Device Profile: [Windows]
[2015.05.01-20.39.40:924][  0]LogInit: Applying CVar settings loaded from the selected device profile: [Windows]
[2015.05.01-20.39.40:939][  0]LogInit: Computer: JOSEPH-PC
[2015.05.01-20.39.40:939][  0]LogInit: User: Joseph
[2015.05.01-20.39.40:939][  0]LogInit: CPU Page size=4096, Cores=4
[2015.05.01-20.39.40:939][  0]LogInit: High frequency timer resolution =3.919443 MHz
[2015.05.01-20.39.40:940][  0]LogMemory: Memory total: Physical=15.9GB (16GB approx) Virtual=8192.0GB
[2015.05.01-20.39.40:940][  0]LogMemory: Platform Memory Stats for Windows
[2015.05.01-20.39.40:940][  0]LogMemory: Process Physical Memory: 53.06 MB used, 53.06 MB peak
[2015.05.01-20.39.40:940][  0]LogMemory: Process Virtual Memory: 32.04 MB used, 32.04 MB peak
[2015.05.01-20.39.40:940][  0]LogMemory: Physical Memory: 4936.93 MB used, 16280.89 MB total
[2015.05.01-20.39.40:940][  0]LogMemory: Virtual Memory: 288.85 MB used, 8388608.00 MB total
[2015.05.01-20.39.41:071][  0]LogD3D11RHI: Found D3D11 adapter 0: AMD Radeon R9 200 Series (Feature Level 11_0)
[2015.05.01-20.39.41:071][  0]LogD3D11RHI: Adapter has 4073MB of dedicated video memory, 0MB of dedicated system memory, and 3840MB of shared system memory, 1 output[s]
[2015.05.01-20.39.41:071][  0]LogD3D11RHI: Chosen D3D11 Adapter Id = 0
[2015.05.01-20.39.41:080][  0]LogRHI: Texture pool is 1361 MB (70% of 1945 MB)
[2015.05.01-20.39.41:101][  0]LogD3D11RHI: Async texture creation disabled: no driver support
[2015.05.01-20.39.41:373][  0]LogTextLocalizationManager: The requested culture ('en_US') has no localization data; parent culture's ('en') localization data will be used.
[2015.05.01-20.39.41:435][  0]LogTextLocalizationManager:Warning: Loading localization resources contain conflicting entries for (Namespace:UICommands, Key:Save_ToolTip):
Resource: (E:/Program Files/Epic Games/4.7/Engine/Content/Localization/Editor/en/Editor.locres) Hash: (-29098895) String: (Saves the current level to disk)
Resource: (E:/Program Files/Epic Games/4.7/Engine/Content/Localization/Engine/en/Engine.locres) Hash: (-1280300587) String: (Save selected data to vlog file)
[2015.05.01-20.39.41:435][  0]LogTextLocalizationManager:Warning: Loading localization resources contain conflicting entries for (Namespace:ContentBrowser, Key:ImportAssetToolTip):
Resource: (E:/Program Files/Epic Games/4.7/Engine/Content/Localization/Editor/en/Editor.locres) Hash: (-630476809) String: (Import to {0}...)
Resource: (E:/Program Files/Epic Games/4.7/Engine/Content/Localization/Editor/en/Editor.locres) Hash: (1271782899) String: (Imports an asset from file to this folder.)
[2015.05.01-20.39.41:518][  0]LogContentStreaming: Texture pool size is 0.000000MB
[2015.05.01-20.39.45:172][  0]LogTargetPlatformManager:Display: Building Assets For Windows
[2015.05.01-20.39.46:809][  0]LogTargetPlatformManager:Display: Building Assets For Windows
[2015.05.01-20.39.46:961][  0]LogDerivedDataCache:Display: Max Cache Size: 512 MB
[2015.05.01-20.39.47:026][  0]LogDerivedDataCache: Loaded boot cache 0.06s 39MB C:/Users/Joseph/AppData/Local/UnrealEngine/4.7/DerivedDataCache/Boot.ddc.
[2015.05.01-20.39.47:026][  0]LogDerivedDataCache:Display: Loaded Boot cache: C:/Users/Joseph/AppData/Local/UnrealEngine/4.7/DerivedDataCache/Boot.ddc
[2015.05.01-20.39.47:026][  0]LogDerivedDataCache: FDerivedDataBackendGraph:  Pak pak cache file ../../../../../../Documents/GitHub/God-Killer/DerivedDataCache/DDC.ddp not found, will not use a pak cache.
[2015.05.01-20.39.47:026][  0]LogDerivedDataCache: Unable to find inner node Pak for hierarchical cache Hierarchy.
[2015.05.01-20.39.47:152][  0]LogDerivedDataCache:Display: Pak cache opened for reading ../../../Engine/DerivedDataCache/Compressed.ddp.
[2015.05.01-20.39.47:165][  0]LogDerivedDataCache: Using Local data cache path C:/Users/Joseph/AppData/Local/UnrealEngine/Common/DerivedDataCache: Writable
[2015.05.01-20.39.50:996][  0]LogMeshUtilities: No automatic mesh reduction module available
[2015.05.01-20.39.50:996][  0]LogMeshUtilities: No automatic mesh merging module available
[2015.05.01-20.39.51:532][  0]LogInit: WinSock: version 1.1 (2.2), MaxSocks=32767, MaxUdp=65467
[2015.05.01-20.39.51:733][  0]LogSlate:Warning: Failed to load font data from '../../../Engine/Content/Slate/Fonts/Roboto-Italic.ttf'
[2015.05.01-20.39.55:125][  0]UdpMessaging: Initializing bridge on interface 0.0.0.0:0 to multicast group 230.0.0.1:6666.
[2015.05.01-20.39.55:588][  0]SourceControl: Info Source control is disabled
[2015.05.01-20.39.55:588][  0]SourceControl: Info Source control is disabled
[2015.05.01-20.39.55:589][  0]SourceControl: Info Source control is disabled
[2015.05.01-20.39.55:589][  0]LogSourceControl: RunCommandInternalRaw: 'git version'
[2015.05.01-20.39.55:589][  0]LogSourceControl: RunCommandInternalRaw: ExecProcess ReturnCode=2 OutResults=''
[2015.05.01-20.39.55:612][  0]SourceControl: Info Source control is disabled
[2015.05.01-20.39.56:155][  0]LogObj: 24232 objects as part of root set at end of initial load.
[2015.05.01-20.39.56:155][  0]LogUObjectAllocator: 5137176 out of 0 bytes used by permanent object pool.
[2015.05.01-20.39.56:283][  0]LogEngine: Initializing Engine...
[2015.05.01-20.39.59:490][  0]LogInit: XAudio2 using '1 - LG ULTRAWIDE (AMD High Definition Audio Device)' : 2 channels at 48 kHz using 16 bits per sample (channel mask 0x3)
[2015.05.01-20.39.59:517][  0]LogInit: FAudioDevice initialized.
[2015.05.01-20.39.59:605][  0]LogAIModule: Creating AISystem for world NewWorld
[2015.05.01-20.39.59:640][  0]LogDerivedDataCache: Saved boot cache 0.03s 39MB C:/Users/Joseph/AppData/Local/UnrealEngine/4.7/DerivedDataCache/Boot.ddc.
[2015.05.01-20.39.59:648][  0]LogInit: Texture streaming: Enabled
[2015.05.01-20.39.59:801][  0]LogAnalytics: Creating configured Analytics provider AnalyticsET
[2015.05.01-20.39.59:801][  0]LogAnalytics: ET APIKey = Rocket.Release. APIServer = http://et2.epicgames.com/ET2/. AppVersion = 4.7.6-2513093+++depot+UE4-Releases+4.7
[2015.05.01-20.39.59:801][  0]LogAnalytics: ET APIKey = Rocket.Release. DataRouterUploadURL = https://datarouter-public-service-gamedev.ol.epicgames.net/datarouter/api/v1/public/data. AppVersion = 4.7.6-2513093+++depot+UE4-Releases+4.7
[2015.05.01-20.39.59:802][  0]LogAnalytics: SetUserId b9e16797403c47e8d8c7f7803aa9954f|fbedbf84e6654fb9830ed15a26abc575|2ed228c2-85a1-483a-b700-9447107bbaed
[2015.05.01-20.39.59:802][  0]LogAnalytics: AnalyticsET::StartSession [Rocket.Release]
[2015.05.01-20.39.59:882][  0]LogInit: Transaction tracking system initialized
[2015.05.01-20.40.00:313][  0]BlueprintLog: New page: Editor Load
[2015.05.01-20.40.00:391][  0]LogAssetRegistry: FAssetRegistry took 0.0099 seconds to start up
[2015.05.01-20.40.00:392][  0]LogDirectoryWatcher:Warning: Failed to begin reading directory changes for ../../../Engine/Plugins/Experimental/CharacterAI/Content/. Error: 0
[2015.05.01-20.40.01:912][  0]LogTargetPlatformManager:Display: Building Assets For Windows
[2015.05.01-20.40.02:888][  0]LogTargetPlatformManager:Display: Building Assets For Windows
[2015.05.01-20.40.03:541][  0]LogSlate:Warning: Failed to load font data from '../../../Engine/Content/Editor/Slate/Fonts/Roboto-Regular.ttf'
[2015.05.01-20.40.03:542][  0]LogSlate:Warning: Failed to load font data from '../../../Engine/Content/Editor/Slate/Fonts/Roboto-Bold.ttf'
[2015.05.01-20.40.03:556][  0]LogConsoleResponse:Display: 
[2015.05.01-20.40.03:797][  0]LogCook:Display: Done creating registry. It took  0.00s.
[2015.05.01-20.40.04:238][  0]SourceControl: Info Source control is disabled
[2015.05.01-20.40.04:238][  0]Cmd: MAP LOAD FILE="../../../../../../Documents/GitHub/God-Killer/Content/ThirdPersonBP/Maps/ThirdPersonExampleMap.umap" TEMPLATE=0 SHOWPROGRESS=1 FEATURELEVEL=3
[2015.05.01-20.40.04:239][  0]LightingResults: New page: Lighting Build
[2015.05.01-20.40.04:269][  0]MapCheck: New page: Map Check
[2015.05.01-20.40.04:269][  0]LightingResults: New page: Lighting Build
[2015.05.01-20.40.04:280][  0]LogParticles: Destroying 0 GPU particle simulations for FXSystem 0x0000000014A90680
[2015.05.01-20.40.04:290][  0]LogLinker:Warning: Asset '../../../Engine/Content/EngineMeshes/Humanoid.uasset' has been saved with empty engine version. The asset will be loaded but may be incompatible.
[2015.05.01-20.40.07:348][  0]LogEditorServer: Finished looking for orphan Actors (0.000 secs)
[2015.05.01-20.40.08:560][  0]LogAIModule: Creating AISystem for world ThirdPersonExampleMap
[2015.05.01-20.40.08:561][  0]Cmd: MAP CHECKDEP
[2015.05.01-20.40.08:561][  0]MapCheck: New page: ThirdPersonExampleMap - May 1, 2015, 6:40:08 AM
[2015.05.01-20.40.08:756][  0]MapCheck: Info Map check complete: 0 Error(s), 0 Warning(s), took 194.579ms to complete.
[2015.05.01-20.40.08:756][  0]LogFileHelpers: Loading map 'ThirdPersonExampleMap' took 4.517
[2015.05.01-20.40.08:880][  0]LogCollectionManager: Loaded 0 collections in 0.002182 seconds
[2015.05.01-20.40.08:898][  0]LogContentBrowser: Native class hierarchy populated in 0.0172 seconds. Added 1696 classes and 261 folders.
[2015.05.01-20.40.09:030][  0]LogContentBrowser: Native class hierarchy updated for 'SceneOutliner' in 0.0065 seconds. Added 1 classes and 2 folders.
[2015.05.01-20.40.09:149][  0]LogCrashTracker: Crashtracker disabled due to settings.
[2015.05.01-20.40.09:151][  0]LogSlate:Warning: Failed to load font data from 'Veranda'
[2015.05.01-20.40.09:157][  0]LogUObjectGlobals:Warning: Failed to find object 'Class None.'
[2015.05.01-20.40.09:251][  0]LogLoad: Full Startup: 32.10 seconds (BP compile: 1.44 seconds)
[2015.05.01-20.40.09:621][  0]LogContentBrowser:Verbose: The content browser source was changed by the sources view to '/Game/ThirdPersonBP/Blueprints'
[2015.05.01-20.40.09:794][  0]LogRenderer:Warning: Reallocating scene render targets to support 32x32 (Frame:2).
[2015.05.01-20.40.09:992][  0]LogRenderer:Warning: Reallocating scene render targets to support 1456x968 (Frame:5).
[2015.05.01-20.40.11:112][  4]LogAssetRegistry: Asset discovery search completed in 10.7308 seconds
[2015.05.01-20.40.11:766][  6]LogEditorViewport: Clicking on Actor (LMB): StaticMeshActor (Wall3)
[2015.05.01-20.40.14:171][174]LogContentBrowser:Verbose: The content browser source was changed by the sources view to '/Game/Particles'
[2015.05.01-20.40.15:118][268]LogContentBrowser:Verbose: The content browser source was changed by the sources view to '/Game/Scene'
[2015.05.01-20.40.16:915][451]LogContentBrowser:Verbose: The content browser source was changed by the sources view to '/Game/Models'
[2015.05.01-20.40.18:217][565]LogContentBrowser:Verbose: The content browser source was changed by the sources view to '/Game/Models/Pillar'
[2015.05.01-20.40.20:523][770]LogEditorFactories: Performing atomic reimport of [E:/Documents/GodKillerExports/Pillar.FBX]
[2015.05.01-20.40.20:534][770]LogFbx: Loading FBX Scene from E:/Documents/GodKillerExports/Pillar.FBX
[2015.05.01-20.40.20:554][770]LogFbx: FBX Scene Loaded Succesfully
[2015.05.01-20.40.20:565][770]LogFbx:Warning: Triangulating static mesh Bottombase
[2015.05.01-20.40.26:175][770]LogFbx: == Initial material list:
[2015.05.01-20.40.26:175][770]LogFbx: 0: 02 - Default
[2015.05.01-20.40.26:175][770]LogFbx: == After sorting:
[2015.05.01-20.40.26:175][770]LogFbx: 0: 02 - Default
[2015.05.01-20.40.26:175][770]LogFbx: == Mapping table:
[2015.05.01-20.40.26:175][770]LogFbx:   sort 0 -> 0
[2015.05.01-20.40.26:230][770]LogStaticMesh: Building static mesh Pillar...
[2015.05.01-20.40.28:003][770]LogStaticMesh: Built static mesh [1773.504761ms] /Game/Models/Pillar/Pillar.Pillar
[2015.05.01-20.40.28:134][770]LogStaticMesh:Warning: Pillar has degenerate tangent bases which will result in incorrect shading. 
[2015.05.01-20.40.30:487][770]LogEditorFactories: -- imported successfully
[2015.05.01-20.40.31:782][858]LogContentBrowser:Verbose: The content browser source was changed by the sources view to '/Game/Scene'
[2015.05.01-20.40.33:280][965]LogParticles:Warning: InitializeSystem called on an unregistered component. Template=/Game/Particles/fire.fire Component=/Game/Scene/NewCave.NewCave:PersistentLevel.fire_5.ParticleSystemComponent0
[2015.05.01-20.40.33:282][965]LogParticles:Warning: InitializeSystem called on an unregistered component. Template=/Game/Particles/fire.fire Component=/Game/Scene/NewCave.NewCave:PersistentLevel.fire2.ParticleSystemComponent0
[2015.05.01-20.40.33:284][965]LogParticles:Warning: InitializeSystem called on an unregistered component. Template=/Game/Particles/fire.fire Component=/Game/Scene/NewCave.NewCave:PersistentLevel.fire3.ParticleSystemComponent0
[2015.05.01-20.40.33:287][965]LogParticles:Warning: InitializeSystem called on an unregistered component. Template=/Game/Particles/fire.fire Component=/Game/Scene/NewCave.NewCave:PersistentLevel.fire4.ParticleSystemComponent0
[2015.05.01-20.40.33:289][965]LogParticles:Warning: InitializeSystem called on an unregistered component. Template=/Game/Particles/fire.fire Component=/Game/Scene/NewCave.NewCave:PersistentLevel.fire5.ParticleSystemComponent0
[2015.05.01-20.40.33:291][965]LogParticles:Warning: InitializeSystem called on an unregistered component. Template=/Game/Particles/fire.fire Component=/Game/Scene/NewCave.NewCave:PersistentLevel.fire6.ParticleSystemComponent0
[2015.05.01-20.40.33:294][965]LogParticles:Warning: InitializeSystem called on an unregistered component. Template=/Game/Particles/fire.fire Component=/Game/Scene/NewCave.NewCave:PersistentLevel.fire7.ParticleSystemComponent0
[2015.05.01-20.40.33:296][965]LogParticles:Warning: InitializeSystem called on an unregistered component. Template=/Game/Particles/fire.fire Component=/Game/Scene/NewCave.NewCave:PersistentLevel.fire8.ParticleSystemComponent0
[2015.05.01-20.40.33:298][965]LogParticles:Warning: InitializeSystem called on an unregistered component. Template=/Game/Particles/fire.fire Component=/Game/Scene/NewCave.NewCave:PersistentLevel.fire9.ParticleSystemComponent0
[2015.05.01-20.40.33:300][965]LogParticles:Warning: InitializeSystem called on an unregistered component. Template=/Game/Particles/fire.fire Component=/Game/Scene/NewCave.NewCave:PersistentLevel.fire10.ParticleSystemComponent0
[2015.05.01-20.40.33:305][965]LogParticles:Warning: InitializeSystem called on an unregistered component. Template=/Game/Particles/fire.fire Component=/Game/Scene/NewCave.NewCave:PersistentLevel.fire11.ParticleSystemComponent0
[2015.05.01-20.40.33:308][965]LogParticles:Warning: InitializeSystem called on an unregistered component. Template=/Game/Particles/fire.fire Component=/Game/Scene/NewCave.NewCave:PersistentLevel.fire12.ParticleSystemComponent0
[2015.05.01-20.40.33:311][965]LogParticles:Warning: InitializeSystem called on an unregistered component. Template=/Game/Particles/fire.fire Component=/Game/Scene/NewCave.NewCave:PersistentLevel.fire13.ParticleSystemComponent0
[2015.05.01-20.40.33:318][965]LogActorComponent: UnregisterComponent: (/Engine/Transient.CharMoveComp) Not registered. Aborting.
[2015.05.01-20.40.33:319][965]LogActorComponent: UnregisterComponent: (/Engine/Transient.CharacterMovementComponent_0) Not registered. Aborting.
[2015.05.01-20.40.35:233][965]Cmd: OBJ SAVEPACKAGE PACKAGE="/Game/Models/Pillar/Pillar" FILE="../../../../../../Documents/GitHub/God-Killer/Content/Models/Pillar/Pillar.uasset" SILENT=true
[2015.05.01-20.40.35:437][965]LogSavePackage: Save=185.196213ms
[2015.05.01-20.40.35:437][965]LogSavePackage: Moving '../../../../../../Documents/GitHub/God-Killer/Saved/PillarE0DCF70049C510857ACA67BFB2B4AE9D.tmp' to '../../../../../../Documents/GitHub/God-Killer/Content/Models/Pillar/Pillar.uasset'
[2015.05.01-20.40.35:447][965]Cmd: MAP LOAD FILE="../../../../../../Documents/GitHub/God-Killer/Content/Scene/NewCave.umap" TEMPLATE=0 SHOWPROGRESS=1 FEATURELEVEL=3
[2015.05.01-20.40.35:447][965]LightingResults: New page: Lighting Build
[2015.05.01-20.40.35:511][965]LoadErrors: New page: Loading map: NewCave.umap
[2015.05.01-20.40.35:513][965]MapCheck: New page: Map Check
[2015.05.01-20.40.35:513][965]LightingResults: New page: Lighting Build
[2015.05.01-20.40.35:526][965]LogParticles: Destroying 0 GPU particle simulations for FXSystem 0x000000000E30A980
[2015.05.01-20.40.35:798][965]LogEditorServer: Finished looking for orphan Actors (0.000 secs)
[2015.05.01-20.40.35:844][965]LogAIModule: Creating AISystem for world NewCave
[2015.05.01-20.40.35:876][965]Cmd: MAP CHECKDEP
[2015.05.01-20.40.35:876][965]MapCheck: New page: NewCave - May 1, 2015, 6:40:35 AM
[2015.05.01-20.40.36:100][965]MapCheck: Info Map check complete: 0 Error(s), 0 Warning(s), took 223.086ms to complete.
[2015.05.01-20.40.36:101][965]LogFileHelpers: Loading map 'NewCave' took 0.656
[2015.05.01-20.40.36:167][966]Cmd: UpdateLandscapeEditorData -warnings
[2015.05.01-20.40.36:168][966]Cmd: UpdateLandscapeEditorData
[2015.05.01-20.40.46:466][129]LogEditorViewport: Clicking on Actor (LMB): StaticMeshActor (Pillar2)
[2015.05.01-20.40.57:317][132]LogUnrealMath: Expression Error : No value recognized
[2015.05.01-20.40.57:317][132]LogUnrealMath: Expression Error : Error in expression
[2015.05.01-20.41.01:138][520]LogUnrealMath: Expression Error : No value recognized
[2015.05.01-20.41.01:138][520]LogUnrealMath: Expression Error : Error in expression
[2015.05.01-20.41.01:138][520]LogUnrealMath: Expression Error : No value recognized
[2015.05.01-20.41.01:138][520]LogUnrealMath: Expression Error : Error in expression
[2015.05.01-20.41.01:203][526]LogEditorViewport: Clicking on Actor (LMB): StaticMeshActor (Pillar2)
[2015.05.01-20.41.02:207][630]Cmd: TRANSACTION UNDO
[2015.05.01-20.41.02:207][630]LogEditorTransaction: Undo Clicking on Actors
[2015.05.01-20.41.02:807][656]Cmd: TRANSACTION UNDO
[2015.05.01-20.41.02:807][656]LogEditorTransaction: Undo Clicking on Actors
[2015.05.01-20.41.05:169][886]LogEditorViewport: Clicking on Actor (CTRL LMB): StaticMeshActor (Pillar5)
[2015.05.01-20.41.06:121][978]LogEditorViewport: Clicking on Actor (CTRL LMB): StaticMeshActor (Pillar7)
[2015.05.01-20.41.06:920][ 56]LogEditorViewport: Clicking on Actor (context menu): StaticMeshActor (newcave004)
[2015.05.01-20.41.08:206][189]LogEditorViewport: Clicking on Actor (LMB): StaticMeshActor (Pillar9)
[2015.05.01-20.41.08:692][236]Cmd: TRANSACTION UNDO
[2015.05.01-20.41.08:692][236]LogEditorTransaction: Undo Clicking on Actors
[2015.05.01-20.41.09:039][252]Cmd: TRANSACTION UNDO
[2015.05.01-20.41.09:039][252]LogEditorTransaction: Undo Clicking on Actors (context menu)
[2015.05.01-20.41.09:509][282]LogEditorViewport: Clicking on Actor (CTRL LMB): StaticMeshActor (Pillar9)
[2015.05.01-20.41.10:685][396]LogEditorViewport: Clicking on Actor (CTRL LMB): StaticMeshActor (Pillar6)
[2015.05.01-20.41.11:696][492]LogEditorViewport: Clicking on Actor (CTRL LMB): StaticMeshActor (Pillar4)
[2015.05.01-20.41.12:977][615]LogEditorViewport: Clicking on Actor (CTRL LMB): StaticMeshActor (Pillar3)
[2015.05.01-20.41.13:620][675]LogEditorViewport: Clicking on Actor (CTRL LMB): StaticMeshActor (Pillar11)
[2015.05.01-20.41.16:061][885]LogEditorViewport: Clicking on Actor (CTRL LMB): StaticMeshActor (Pillar8)
[2015.05.01-20.41.18:287][ 88]LogEditorViewport: Clicking on Actor (CTRL LMB): StaticMeshActor (Pillar10)
[2015.05.01-20.41.30:867][229]LogContentBrowser:Verbose: The content browser source was changed by the sources view to '/Game/Models/Rocks'
[2015.05.01-20.41.31:323][265]LogContentBrowser:Verbose: The content browser source was changed by the sources view to '/Game/Models/Pillar'
[2015.05.01-20.41.46:318][455]LogEditorViewport: Clicking on Actor (LMB): Landscape (Landscape)
[2015.05.01-20.41.49:529][729]LogActorComponent: UnregisterComponent: (/Engine/Transient.CharMoveComp) Not registered. Aborting.
[2015.05.01-20.41.49:543][729]LogParticles: Destroying 0 GPU particle simulations for FXSystem 0x0000000043E80180
[2015.05.01-20.41.50:839][729]Cmd: OBJ SAVEPACKAGE PACKAGE="/Game/Scene/NewCave" FILE="../../../../../../Documents/GitHub/God-Killer/Content/Scene/NewCave.umap" SILENT=true AUTOSAVING=false KEEPDIRTY=false
[2015.05.01-20.41.51:484][729]LogSavePackage: Save=600.390686ms
[2015.05.01-20.41.51:484][729]LogSavePackage: Moving '../../../../../../Documents/GitHub/God-Killer/Saved/NewCave38CA521144C80E9ECDB48E9AA2A0ABC7.tmp' to '../../../../../../Documents/GitHub/God-Killer/Content/Scene/NewCave.umap'
[2015.05.01-20.41.51:522][729]LogFileHelpers: Saving map 'NewCave' took 0.904
[2015.05.01-20.43.35:778][322]LogEditorFactories: Performing atomic reimport of [E:/Documents/GodKillerExports/Pillar.FBX]
[2015.05.01-20.43.35:789][322]LogFbx: Loading FBX Scene from E:/Documents/GodKillerExports/Pillar.FBX
[2015.05.01-20.43.35:813][322]LogFbx: FBX Scene Loaded Succesfully
[2015.05.01-20.43.35:843][322]LogFbx: == Initial material list:
[2015.05.01-20.43.35:843][322]LogFbx: 0: 02 - Default
[2015.05.01-20.43.35:843][322]LogFbx: == After sorting:
[2015.05.01-20.43.35:843][322]LogFbx: 0: 02 - Default
[2015.05.01-20.43.35:843][322]LogFbx: == Mapping table:
[2015.05.01-20.43.35:843][322]LogFbx:   sort 0 -> 0
[2015.05.01-20.43.35:904][322]LogStaticMesh: Building static mesh Pillar...
[2015.05.01-20.43.37:143][322]LogStaticMesh: Built static mesh [1239.578979ms] /Game/Models/Pillar/Pillar.Pillar
[2015.05.01-20.43.37:267][322]LogStaticMesh:Warning: Pillar has degenerate tangent bases which will result in incorrect shading. 
[2015.05.01-20.43.39:234][322]LogEditorFactories: -- imported successfully
[2015.05.01-20.51.51:317][705]Cmd: OBJ SAVEPACKAGE PACKAGE="/Game/Scene/NewCave" FILE="../../../../../../Documents/GitHub/God-Killer/Saved/Autosaves/Game/Scene/NewCave_Auto1.umap" SILENT=true AUTOSAVING=true KEEPDIRTY=false
[2015.05.01-20.51.51:944][705]LogSavePackage: Save=594.825867ms
[2015.05.01-20.51.51:944][705]LogSavePackage: Moving '../../../../../../Documents/GitHub/God-Killer/Saved/NewCave_Auto15773E7C643ED71898E4C5387A48447E2.tmp' to '../../../../../../Documents/GitHub/God-Killer/Saved/Autosaves/Game/Scene/NewCave_Auto1.umap'
[2015.05.01-20.51.51:980][705]LogFileHelpers: Editor autosave (incl. sublevels) for '/Game/Scene/NewCave' took 0.740
[2015.05.01-20.51.51:980][705]LogFileHelpers: Editor autosave (incl. sublevels) for all levels took 0.740
[2015.05.01-20.51.52:021][705]OBJ SavePackage: Generating thumbnails for [1] asset(s) in package [/Game/Models/Pillar/Pillar] ([1] browsable assets)...
[2015.05.01-20.51.52:042][705]OBJ SavePackage:     Rendered thumbnail for [StaticMesh /Game/Models/Pillar/Pillar.Pillar]
[2015.05.01-20.51.52:042][705]OBJ SavePackage: Finished generating thumbnails for package [/Game/Models/Pillar/Pillar]
[2015.05.01-20.51.52:044][705]Cmd: OBJ SAVEPACKAGE PACKAGE="/Game/Models/Pillar/Pillar" FILE="../../../../../../Documents/GitHub/God-Killer/Saved/Autosaves/Game/Models/Pillar/Pillar_Auto1.uasset" SILENT=false AUTOSAVING=true
[2015.05.01-20.51.52:337][705]LogSavePackage: Save=270.795624ms
[2015.05.01-20.51.52:338][705]LogSavePackage: Moving '../../../../../../Documents/GitHub/God-Killer/Saved/Pillar_Auto16A4D324C474E7912F4ED368EC9CDA8C9.tmp' to '../../../../../../Documents/GitHub/God-Killer/Saved/Autosaves/Game/Models/Pillar/Pillar_Auto1.uasset'
[2015.05.01-20.51.52:353][705]LogFileHelpers: Auto-saving content packages took 0.373
[2015.05.01-20.55.50:858][688]LogEditorFactories: Performing atomic reimport of [E:/Documents/GodKillerExports/Pillar.FBX]
[2015.05.01-20.55.50:869][688]LogFbx: Loading FBX Scene from E:/Documents/GodKillerExports/Pillar.FBX
[2015.05.01-20.55.50:890][688]LogFbx: FBX Scene Loaded Succesfully
[2015.05.01-20.55.50:900][688]LogFbx:Warning: Triangulating static mesh Pilllar
[2015.05.01-20.55.56:689][688]LogFbx: == Initial material list:
[2015.05.01-20.55.56:689][688]LogFbx: 0: 02 - Default
[2015.05.01-20.55.56:689][688]LogFbx: == After sorting:
[2015.05.01-20.55.56:689][688]LogFbx: 0: 02 - Default
[2015.05.01-20.55.56:689][688]LogFbx: == Mapping table:
[2015.05.01-20.55.56:689][688]LogFbx:   sort 0 -> 0
[2015.05.01-20.55.56:739][688]LogStaticMesh: Building static mesh Pillar...
[2015.05.01-20.55.57:973][688]LogStaticMesh: Built static mesh [1234.571655ms] /Game/Models/Pillar/Pillar.Pillar
[2015.05.01-20.55.58:099][688]LogStaticMesh:Warning: Pillar has degenerate tangent bases which will result in incorrect shading. 
[2015.05.01-20.55.59:827][688]LogEditorFactories: -- imported successfully
[2015.05.01-20.56.05:009][ 37]Cmd: OBJ SAVEPACKAGE PACKAGE="/Game/Models/Pillar/Pillar" FILE="../../../../../../Documents/GitHub/God-Killer/Content/Models/Pillar/Pillar.uasset" SILENT=true
[2015.05.01-20.56.05:215][ 37]LogSavePackage: Save=186.818130ms
[2015.05.01-20.56.05:215][ 37]LogSavePackage: Moving '../../../../../../Documents/GitHub/God-Killer/Saved/PillarEB5693A24464BF33DA34E09DD9CD5E09.tmp' to '../../../../../../Documents/GitHub/God-Killer/Content/Models/Pillar/Pillar.uasset'
[2015.05.01-20.56.05:452][ 37]Cmd: OBJ SAVEPACKAGE PACKAGE="/Game/Scene/NewCave" FILE="../../../../../../Documents/GitHub/God-Killer/Content/Scene/NewCave.umap" SILENT=true AUTOSAVING=false KEEPDIRTY=false
[2015.05.01-20.56.06:055][ 37]LogSavePackage: Save=568.038391ms
[2015.05.01-20.56.06:055][ 37]LogSavePackage: Moving '../../../../../../Documents/GitHub/God-Killer/Saved/NewCaveC518B8D844CD1B135D27419B2951E784.tmp' to '../../../../../../Documents/GitHub/God-Killer/Content/Scene/NewCave.umap'
[2015.05.01-20.56.06:096][ 37]LogFileHelpers: Saving map 'NewCave' took 0.870
[2015.05.01-20.56.07:798][164]Cmd: QUIT_EDITOR
[2015.05.01-20.56.08:048][164]LogExit: Preparing to exit.
[2015.05.01-20.56.08:244][164]LogExit: Editor shut down
[2015.05.01-20.56.08:245][164]LogExit: Transaction tracking system shut down
[2015.05.01-20.56.08:304][164]LogParticles: Destroying 0 GPU particle simulations for FXSystem 0x0000000043E80A40
[2015.05.01-20.56.08:304][164]LogParticles: Destroying 0 GPU particle simulations for FXSystem 0x000000004567DE40
[2015.05.01-20.56.08:304][164]LogParticles: Destroying 0 GPU particle simulations for FXSystem 0x000000002311FEC0
[2015.05.01-20.56.08:304][164]LogParticles: Destroying 0 GPU particle simulations for FXSystem 0x000000004DFBB7E0
[2015.05.01-20.56.08:304][164]LogParticles: Destroying 0 GPU particle simulations for FXSystem 0x000000004BFA0860
[2015.05.01-20.56.08:304][164]LogExit: Object subsystem successfully closed.
[2015.05.01-20.56.08:406][164]LogModuleManager: Shutting down and abandoning module StaticMeshEditor (178)
[2015.05.01-20.56.08:406][164]LogModuleManager: Shutting down and abandoning module CrashTracker (177)
[2015.05.01-20.56.08:406][164]LogModuleManager: Shutting down and abandoning module SuperSearch (176)
[2015.05.01-20.56.08:406][164]LogModuleManager: Shutting down and abandoning module SceneOutliner (175)
[2015.05.01-20.56.08:406][164]LogModuleManager: Shutting down and abandoning module EditorWidgets (174)
[2015.05.01-20.56.08:406][164]LogModuleManager: Shutting down and abandoning module CollectionManager (173)
[2015.05.01-20.56.08:406][164]LogModuleManager: Shutting down and abandoning module StatsViewer (172)
[2015.05.01-20.56.08:406][164]LogModuleManager: Shutting down and abandoning module FoliageEdit (171)
[2015.05.01-20.56.08:406][164]LogModuleManager: Shutting down and abandoning module LandscapeEditor (170)
[2015.05.01-20.56.08:406][164]LogModuleManager: Shutting down and abandoning module MeshPaint (169)
[2015.05.01-20.56.08:406][164]LogModuleManager: Shutting down and abandoning module ActorPickerMode (168)
[2015.05.01-20.56.08:406][164]LogModuleManager: Shutting down and abandoning module GeometryMode (167)
[2015.05.01-20.56.08:406][164]LogModuleManager: Shutting down and abandoning module TextureAlignMode (166)
[2015.05.01-20.56.08:406][164]LogModuleManager: Shutting down and abandoning module BspMode (165)
[2015.05.01-20.56.08:406][164]LogModuleManager: Shutting down and abandoning module PlacementMode (164)
[2015.05.01-20.56.08:406][164]LogModuleManager: Shutting down and abandoning module AutomationWorker (163)
[2015.05.01-20.56.08:406][164]LogModuleManager: Shutting down and abandoning module CharacterAI (162)
[2015.05.01-20.56.08:406][164]LogModuleManager: Shutting down and abandoning module SmartSnapping (161)
[2015.05.01-20.56.08:406][164]LogModuleManager: Shutting down and abandoning module ViewportSnapping (160)
[2015.05.01-20.56.08:406][164]LogModuleManager: Shutting down and abandoning module LogVisualizer (159)
[2015.05.01-20.56.08:406][164]LogModuleManager: Shutting down and abandoning module GameProjectGeneration (158)
[2015.05.01-20.56.08:406][164]LogModuleManager: Shutting down and abandoning module IntroTutorials (157)
[2015.05.01-20.56.08:406][164]LogModuleManager: Shutting down and abandoning module EditorLiveStreaming (156)
[2015.05.01-20.56.08:406][164]LogModuleManager: Shutting down and abandoning module HardwareTargeting (155)
[2015.05.01-20.56.08:406][164]LogModuleManager: Shutting down and abandoning module DeviceProfileEditor (154)
[2015.05.01-20.56.08:406][164]LogModuleManager: Shutting down and abandoning module UndoHistory (153)
[2015.05.01-20.56.08:406][164]LogModuleManager: Shutting down and abandoning module GameplayTagsEditor (152)
[2015.05.01-20.56.08:406][164]LogModuleManager: Shutting down and abandoning module UserFeedback (151)
[2015.05.01-20.56.08:406][164]LogModuleManager: Shutting down and abandoning module XmlParser (150)
[2015.05.01-20.56.08:406][164]LogModuleManager: Shutting down and abandoning module Blutility (149)
[2015.05.01-20.56.08:406][164]LogModuleManager: Shutting down and abandoning module IOSPlatformEditor (148)
[2015.05.01-20.56.08:406][164]LogModuleManager: Shutting down and abandoning module IOSRuntimeSettings (147)
[2015.05.01-20.56.08:406][164]LogModuleManager: Shutting down and abandoning module AndroidDeviceDetection (146)
[2015.05.01-20.56.09:137][164]LogModuleManager: Shutting down and abandoning module AndroidPlatformEditor (145)
[2015.05.01-20.56.09:137][164]LogModuleManager: Shutting down and abandoning module AndroidRuntimeSettings (144)
[2015.05.01-20.56.09:137][164]LogModuleManager: Shutting down and abandoning module ProjectTargetPlatformEditor (143)
[2015.05.01-20.56.09:137][164]LogModuleManager: Shutting down and abandoning module ProjectSettingsViewer (142)
[2015.05.01-20.56.09:137][164]LogModuleManager: Shutting down and abandoning module InputBindingEditor (141)
[2015.05.01-20.56.09:137][164]LogModuleManager: Shutting down and abandoning module EditorSettingsViewer (140)
[2015.05.01-20.56.09:138][164]LogModuleManager: Shutting down and abandoning module SettingsEditor (139)
[2015.05.01-20.56.09:138][164]LogModuleManager: Shutting down and abandoning module ProjectLauncher (138)
[2015.05.01-20.56.09:138][164]LogModuleManager: Shutting down and abandoning module SessionFrontend (137)
[2015.05.01-20.56.09:138][164]LogModuleManager: Shutting down and abandoning module ProfilerClient (136)
[2015.05.01-20.56.09:138][164]LogModuleManager: Shutting down and abandoning module TargetDeviceServices (135)
[2015.05.01-20.56.09:138][164]LogModuleManager: Shutting down and abandoning module DeviceManager (134)
[2015.05.01-20.56.09:138][164]LogModuleManager: Shutting down and abandoning module AutomationController (133)
[2015.05.01-20.56.09:138][164]LogModuleManager: Shutting down and abandoning module AutomationWindow (132)
[2015.05.01-20.56.09:138][164]LogModuleManager: Shutting down and abandoning module Layers (131)
[2015.05.01-20.56.09:138][164]LogModuleManager: Shutting down and abandoning module ComponentVisualizers (130)
[2015.05.01-20.56.09:138][164]LogModuleManager: Shutting down and abandoning module DetailCustomizations (129)
[2015.05.01-20.56.09:138][164]LogModuleManager: Shutting down and abandoning module PackagesDialog (128)
[2015.05.01-20.56.09:139][164]LogModuleManager: Shutting down and abandoning module AssetRegistry (127)
[2015.05.01-20.56.09:181][164]LogModuleManager: Shutting down and abandoning module Persona (126)
[2015.05.01-20.56.09:181][164]LogModuleManager: Shutting down and abandoning module SlateReflector (125)
[2015.05.01-20.56.09:181][164]LogModuleManager: Shutting down and abandoning module LevelEditor (124)
[2015.05.01-20.56.09:182][164]LogModuleManager: Shutting down and abandoning module Kismet (123)
[2015.05.01-20.56.09:182][164]LogModuleManager: Shutting down and abandoning module GraphEditor (122)
[2015.05.01-20.56.09:182][164]LogModuleManager: Shutting down and abandoning module ClassViewer (121)
[2015.05.01-20.56.09:182][164]LogModuleManager: Shutting down and abandoning module Toolbox (120)
[2015.05.01-20.56.09:182][164]LogModuleManager: Shutting down and abandoning module ModuleUI (119)
[2015.05.01-20.56.09:182][164]LogModuleManager: Shutting down and abandoning module MovieSceneTools (118)
[2015.05.01-20.56.09:182][164]LogModuleManager: Shutting down and abandoning module OutputLog (117)
[2015.05.01-20.56.09:182][164]LogModuleManager: Shutting down and abandoning module GammaUI (116)
[2015.05.01-20.56.09:182][164]LogModuleManager: Shutting down and abandoning module Documentation (115)
[2015.05.01-20.56.09:182][164]LogModuleManager: Shutting down and abandoning module GameLiveStreaming (114)
[2015.05.01-20.56.09:182][164]LogModuleManager: Shutting down and abandoning module StreamingPauseRendering (113)
[2015.05.01-20.56.09:182][164]LogModuleManager: Shutting down and abandoning module HTTP (112)
[2015.05.01-20.56.09:182][164]LogModuleManager: Shutting down and abandoning module AnalyticsET (111)
[2015.05.01-20.56.09:182][164]LogModuleManager: Shutting down and abandoning module Analytics (110)
[2015.05.01-20.56.09:182][164]LogModuleManager: Shutting down and abandoning module AITestSuite (109)
[2015.05.01-20.56.09:182][164]LogModuleManager: Shutting down and abandoning module GameplayDebugger (108)
[2015.05.01-20.56.09:182][164]LogModuleManager: Shutting down and abandoning module AIModule (107)
[2015.05.01-20.56.09:182][164]LogModuleManager: Shutting down and abandoning module ProfilerService (106)
[2015.05.01-20.56.09:345][164]LogModuleManager: Shutting down and abandoning module TaskGraph (105)
[2015.05.01-20.56.09:345][164]LogModuleManager: Shutting down and abandoning module SlateRemote (104)
[2015.05.01-20.56.09:345][164]LogModuleManager: Shutting down and abandoning module ScriptEditorPlugin (103)
[2015.05.01-20.56.09:345][164]LogModuleManager: Shutting down and abandoning module CustomMeshComponent (102)
[2015.05.01-20.56.09:345][164]LogModuleManager: Shutting down and abandoning module CableComponent (101)
[2015.05.01-20.56.09:345][164]LogModuleManager: Shutting down and abandoning module MessagingDebugger (100)
[2015.05.01-20.56.09:345][164]LogModuleManager: Shutting down and abandoning module MediaPlayerEditor (99)
[2015.05.01-20.56.09:345][164]LogModuleManager: Shutting down and abandoning module SpeedTreeImporter (98)
[2015.05.01-20.56.09:345][164]LogModuleManager: Shutting down and abandoning module PluginsEditor (97)
[2015.05.01-20.56.09:345][164]LogModuleManager: Shutting down and abandoning module MainFrame (96)
[2015.05.01-20.56.09:345][164]LogModuleManager: Shutting down and abandoning module EpicSurvey (95)
[2015.05.01-20.56.09:345][164]LogModuleManager: Shutting down and abandoning module DesktopPlatform (94)
[2015.05.01-20.56.09:345][164]LogModuleManager: Shutting down and abandoning module DirectoryWatcher (93)
[2015.05.01-20.56.09:346][164]LogModuleManager: Shutting down and abandoning module HotReload (92)
[2015.05.01-20.56.09:346][164]LogModuleManager: Shutting down and abandoning module VisualStudioSourceCodeAccess (91)
[2015.05.01-20.56.09:346][164]LogModuleManager: Shutting down and abandoning module UObjectPlugin (90)
[2015.05.01-20.56.09:346][164]LogModuleManager: Shutting down and abandoning module SubversionSourceControl (89)
[2015.05.01-20.56.09:346][164]LogModuleManager: Shutting down and abandoning module PerforceSourceControl (88)
[2015.05.01-20.56.09:346][164]LogModuleManager: Shutting down and abandoning module SourceControl (87)
[2015.05.01-20.56.09:346][164]LogModuleManager: Shutting down and abandoning module GitSourceControl (86)
[2015.05.01-20.56.09:346][164]LogModuleManager: Shutting down and abandoning module BlankPlugin (85)
[2015.05.01-20.56.09:346][164]LogModuleManager: Shutting down and abandoning module PaperTiledImporter (84)
[2015.05.01-20.56.09:346][164]LogModuleManager: Shutting down and abandoning module PaperJsonImporter (83)
[2015.05.01-20.56.09:346][164]LogModuleManager: Shutting down and abandoning module ContentBrowser (82)
[2015.05.01-20.56.09:346][164]LogModuleManager: Shutting down and abandoning module Paper2DEditor (81)
[2015.05.01-20.56.09:346][164]LogModuleManager: Shutting down and abandoning module ScriptPlugin (80)
[2015.05.01-20.56.09:346][164]LogModuleManager: Shutting down and abandoning module UdpMessaging (79)
[2015.05.01-20.56.09:447][164]LogModuleManager: Shutting down and abandoning module Paper2D (78)
[2015.05.01-20.56.09:447][164]LogModuleManager: Shutting down and abandoning module WindowsMoviePlayer (77)
[2015.05.01-20.56.09:450][164]LogModuleManager: Shutting down and abandoning module Media (76)
[2015.05.01-20.56.09:450][164]LogModuleManager: Shutting down and abandoning module WmfMedia (75)
[2015.05.01-20.56.09:450][164]LogModuleManager: Shutting down and abandoning module OnlineBlueprintSupport (74)
[2015.05.01-20.56.09:450][164]LogModuleManager: Shutting down and abandoning module PropertyEditor (73)
[2015.05.01-20.56.09:451][164]LogModuleManager: Shutting down and abandoning module BehaviorTreeEditor (72)
[2015.05.01-20.56.09:451][164]LogModuleManager: Shutting down and abandoning module FunctionalTesting (71)
[2015.05.01-20.56.09:451][164]LogModuleManager: Shutting down and abandoning module CollisionAnalyzer (70)
[2015.05.01-20.56.09:451][164]LogModuleManager: Shutting down and abandoning module WorkspaceMenuStructure (69)
[2015.05.01-20.56.09:451][164]LogModuleManager: Shutting down and abandoning module MessageLog (68)
[2015.05.01-20.56.09:451][164]LogModuleManager: Shutting down and abandoning module Sequencer (67)
[2015.05.01-20.56.09:451][164]LogModuleManager: Shutting down and abandoning module AssetTools (66)
[2015.05.01-20.56.09:451][164]LogModuleManager: Shutting down and abandoning module UMGEditor (65)
[2015.05.01-20.56.09:451][164]LogModuleManager: Shutting down and abandoning module UMG (64)
[2015.05.01-20.56.09:451][164]LogModuleManager: Shutting down and abandoning module Slate (63)
[2015.05.01-20.56.09:451][164]LogModuleManager: Shutting down and abandoning module EditorStyle (62)
[2015.05.01-20.56.09:460][164]LogModuleManager: Shutting down and abandoning module SessionServices (61)
[2015.05.01-20.56.09:460][164]LogModuleManager: Shutting down and abandoning module SourceCodeAccess (60)
[2015.05.01-20.56.09:460][164]LogModuleManager: Shutting down and abandoning module HeadMountedDisplay (59)
[2015.05.01-20.56.09:460][164]LogModuleManager: Shutting down and abandoning module XAudio2 (58)
[2015.05.01-20.56.09:460][164]LogModuleManager: Shutting down and abandoning module Networking (56)
[2015.05.01-20.56.09:460][164]LogModuleManager: Shutting down and abandoning module Core (55)
[2015.05.01-20.56.09:460][164]LogModuleManager: Shutting down and abandoning module KismetCompiler (54)
[2015.05.01-20.56.09:460][164]LogModuleManager: Shutting down and abandoning module PhysXFormats (53)
[2015.05.01-20.56.09:460][164]LogModuleManager: Shutting down and abandoning module MeshUtilities (52)
[2015.05.01-20.56.09:460][164]LogModuleManager: Shutting down and abandoning module DerivedDataCache (51)
[2015.05.01-20.56.09:468][164]LogDerivedDataCache: Shutdown
[2015.05.01-20.56.09:468][164]LogModuleManager: Shutting down and abandoning module ShaderFormatOpenGL (50)
[2015.05.01-20.56.09:468][164]LogModuleManager: Shutting down and abandoning module ShaderFormatD3D (49)
[2015.05.01-20.56.09:468][164]LogModuleManager: Shutting down and abandoning module MetalShaderFormat (48)
[2015.05.01-20.56.09:468][164]LogModuleManager: Shutting down and abandoning module TextureFormatUncompressed (47)
[2015.05.01-20.56.09:468][164]LogModuleManager: Shutting down and abandoning module TextureFormatPVR (46)
[2015.05.01-20.56.09:468][164]LogModuleManager: Shutting down and abandoning module TextureFormatIntelISPCTexComp (45)
[2015.05.01-20.56.09:468][164]LogModuleManager: Shutting down and abandoning module TextureFormatDXT (44)
[2015.05.01-20.56.09:468][164]LogModuleManager: Shutting down and abandoning module ImageWrapper (43)
[2015.05.01-20.56.09:468][164]LogModuleManager: Shutting down and abandoning module TextureFormatASTC (42)
[2015.05.01-20.56.09:468][164]LogModuleManager: Shutting down and abandoning module TextureFormatAndroid (41)
[2015.05.01-20.56.09:468][164]LogModuleManager: Shutting down and abandoning module AudioFormatOpus (40)
[2015.05.01-20.56.09:468][164]LogModuleManager: Shutting down and abandoning module AudioFormatOgg (39)
[2015.05.01-20.56.09:468][164]LogModuleManager: Shutting down and abandoning module AudioFormatADPCM (38)
[2015.05.01-20.56.09:468][164]LogModuleManager: Shutting down and abandoning module LinuxTargetPlatform (37)
[2015.05.01-20.56.09:468][164]LogModuleManager: Shutting down and abandoning module LinuxServerTargetPlatform (36)
[2015.05.01-20.56.09:468][164]LogModuleManager: Shutting down and abandoning module LinuxNoEditorTargetPlatform (35)
[2015.05.01-20.56.09:468][164]LogModuleManager: Shutting down and abandoning module Messaging (34)
[2015.05.01-20.56.09:468][164]LogModuleManager: Shutting down and abandoning module IOSTargetPlatform (33)
[2015.05.01-20.56.09:468][164]LogModuleManager: Shutting down and abandoning module HTML5TargetPlatform (32)
[2015.05.01-20.56.09:468][164]LogModuleManager: Shutting down and abandoning module Android_PVRTCTargetPlatform (31)
[2015.05.01-20.56.09:468][164]LogModuleManager: Shutting down and abandoning module Android_ETC2TargetPlatform (30)
[2015.05.01-20.56.09:468][164]LogModuleManager: Shutting down and abandoning module Android_ETC1TargetPlatform (29)
[2015.05.01-20.56.09:468][164]LogModuleManager: Shutting down and abandoning module Android_ES31TargetPlatform (28)
[2015.05.01-20.56.09:468][164]LogModuleManager: Shutting down and abandoning module Android_DXTTargetPlatform (27)
[2015.05.01-20.56.09:468][164]LogModuleManager: Shutting down and abandoning module Android_ATCTargetPlatform (26)
[2015.05.01-20.56.09:468][164]LogModuleManager: Shutting down and abandoning module AndroidTargetPlatform (25)
[2015.05.01-20.56.09:468][164]LogModuleManager: Shutting down and abandoning module WindowsTargetPlatform (24)
[2015.05.01-20.56.09:468][164]LogModuleManager: Shutting down and abandoning module WindowsServerTargetPlatform (23)
[2015.05.01-20.56.09:468][164]LogModuleManager: Shutting down and abandoning module WindowsNoEditorTargetPlatform (22)
[2015.05.01-20.56.09:468][164]LogModuleManager: Shutting down and abandoning module WindowsClientTargetPlatform (21)
[2015.05.01-20.56.09:468][164]LogModuleManager: Shutting down and abandoning module TargetPlatform (20)
[2015.05.01-20.56.09:468][164]LogModuleManager: Shutting down and abandoning module InputCore (19)
[2015.05.01-20.56.09:468][164]LogModuleManager: Shutting down and abandoning module Settings (18)
[2015.05.01-20.56.09:468][164]LogModuleManager: Shutting down and abandoning module OnlineSubsystem (16)
[2015.05.01-20.56.09:468][164]LogModuleManager: Shutting down and abandoning module OculusRift (15)
[2015.05.01-20.56.09:468][164]LogModuleManager: Shutting down and abandoning module ExampleDeviceProfileSelector (14)
[2015.05.01-20.56.09:468][164]LogModuleManager: Shutting down and abandoning module TextureCompressor (13)
[2015.05.01-20.56.09:468][164]LogModuleManager: Shutting down and abandoning module ShaderCore (12)
[2015.05.01-20.56.09:468][164]LogModuleManager: Shutting down and abandoning module Landscape (11)
[2015.05.01-20.56.09:468][164]LogModuleManager: Shutting down and abandoning module SlateRHIRenderer (10)
[2015.05.01-20.56.09:472][164]LogModuleManager: Shutting down and abandoning module OpenGLDrv (9)
[2015.05.01-20.56.09:472][164]LogModuleManager: Shutting down and abandoning module D3D11RHI (8)
[2015.05.01-20.56.09:472][164]LogModuleManager: Shutting down and abandoning module Renderer (7)
[2015.05.01-20.56.09:472][164]LogModuleManager: Shutting down and abandoning module Engine (6)
[2015.05.01-20.56.09:472][164]LogModuleManager: Shutting down and abandoning module CoreUObject (5)
[2015.05.01-20.56.09:472][164]LogModuleManager: Shutting down and abandoning module NetworkFile (4)
[2015.05.01-20.56.09:472][164]LogModuleManager: Shutting down and abandoning module StreamingFile (3)
[2015.05.01-20.56.09:472][164]LogModuleManager: Shutting down and abandoning module SandboxFile (2)
[2015.05.01-20.56.09:472][164]LogModuleManager: Shutting down and abandoning module PakFile (1)
[2015.05.01-20.56.09:473][164]LogExit: Exiting.
[2015.05.01-20.56.09:478][164]Log file closed, 05/01/15 13:56:09
