[2015.08.28-19.50.56:535][  0]Log file open, 08/28/15 12:50:56
[2015.08.28-19.50.56:535][  0]LogInit:Display: Running engine for game: GodKiller
[2015.08.28-19.50.56:535][  0]LogInit:Display: RandInit(-38201272) SRandInit(-38201258).
[2015.08.28-19.50.56:535][  0]LogTaskGraph: Started task graph with 4 named threads and 7 total threads.
[2015.08.28-19.50.56:535][  0]LogStats: Stats thread started
[2015.08.28-19.50.56:535][  0]LogInit: Version: 4.8.3-2634408+++depot+UE4-Releases+4.8
[2015.08.28-19.50.56:535][  0]LogInit: API Version: 2579680
[2015.08.28-19.50.56:535][  0]LogInit: Compiled (64-bit): Jul 27 2015 16:24:33
[2015.08.28-19.50.56:535][  0]LogInit: Compiled with Visual C++: 18.00.21005.01
[2015.08.28-19.50.56:535][  0]LogInit: Build Configuration: Development
[2015.08.28-19.50.56:535][  0]LogInit: Branch Name: ++depot+UE4-Releases+4.8
[2015.08.28-19.50.56:535][  0]LogInit: Command line:  
[2015.08.28-19.50.56:535][  0]LogInit: Base directory: D:/Program Files/Unreal/Epic Games/4.8/Engine/Binaries/Win64/
[2015.08.28-19.50.56:535][  0]LogInit: Rocket: 1
[2015.08.28-19.50.56:562][  0]LogInit: Using libcurl 7.41.0
[2015.08.28-19.50.56:562][  0]LogInit:  - built for x86_64-pc-win32
[2015.08.28-19.50.56:562][  0]LogInit:  - supports SSL with WinSSL
[2015.08.28-19.50.56:562][  0]LogInit:  - other features:
[2015.08.28-19.50.56:562][  0]LogInit:      CURL_VERSION_SSL
[2015.08.28-19.50.56:562][  0]LogInit:      CURL_VERSION_IPV6
[2015.08.28-19.50.56:562][  0]LogInit:      CURL_VERSION_ASYNCHDNS
[2015.08.28-19.50.56:562][  0]LogInit:      CURL_VERSION_LARGEFILE
[2015.08.28-19.50.56:562][  0]LogInit:      CURL_VERSION_IDN
[2015.08.28-19.50.56:562][  0]LogInit:  CurlRequestOptions (configurable via config and command line):
[2015.08.28-19.50.56:562][  0]LogInit:  - bVerifyPeer = true  - Libcurl will verify peer certificate
[2015.08.28-19.50.56:562][  0]LogInit:  - bUseHttpProxy = false  - Libcurl will NOT use HTTP proxy
[2015.08.28-19.50.56:563][  0]LogInit:  - bDontReuseConnections = false  - Libcurl will reuse connections
[2015.08.28-19.50.56:563][  0]LogInit:  - CertBundlePath = nullptr  - Libcurl will use whatever was configured at build time.
[2015.08.28-19.50.56:585][  0]LogOnline:Warning: No default platform service specified for OnlineSubsystem
[2015.08.28-19.50.56:613][  0]LogInit: Presizing for 0 objects not considered by GC, pre-allocating 0 bytes.
[2015.08.28-19.50.56:623][  0]LogInit: Object subsystem initialized
[2015.08.28-19.50.56:624][  0]LogConsoleResponse:Warning: Skipping Unknown console variable: 'TranslucentSortAxis = (X=0.000000,Y=-1.000000,Z=0.000000)'
[2015.08.28-19.50.56:624][  0]LogConsoleResponse:Warning:   Found in ini file 'D:/Storage/Documents/SourceTRee/Saved/Config/Windows/Engine.ini', in section '[/Script/Engine.RendererSettings]'
[2015.08.28-19.50.56:624][  0]LogConsoleResponse:Warning: Skipping Unknown console variable: 'UIScaleRule = ShortestSide'
[2015.08.28-19.50.56:624][  0]LogConsoleResponse:Warning:   Found in ini file 'D:/Storage/Documents/SourceTRee/Saved/Config/Windows/Engine.ini', in section '[/Script/Engine.RendererSettings]'
[2015.08.28-19.50.56:624][  0]LogConsoleResponse:Warning: Skipping Unknown console variable: 'UIScaleCurve = (EditorCurveData=(Keys=),ExternalCurve=None)'
[2015.08.28-19.50.56:624][  0]LogConsoleResponse:Warning:   Found in ini file 'D:/Storage/Documents/SourceTRee/Saved/Config/Windows/Engine.ini', in section '[/Script/Engine.RendererSettings]'
[2015.08.28-19.50.56:624][  0]LogInit: Selected Device Profile: [Windows]
[2015.08.28-19.50.56:624][  0]LogInit: Applying CVar settings loaded from the selected device profile: [Windows]
[2015.08.28-19.50.56:633][  0]LogInit: Computer: JOSEPH-PC
[2015.08.28-19.50.56:633][  0]LogInit: User: Joseph
[2015.08.28-19.50.56:633][  0]LogInit: CPU Page size=4096, Cores=4
[2015.08.28-19.50.56:633][  0]LogInit: High frequency timer resolution =14.318180 MHz
[2015.08.28-19.50.56:633][  0]LogMemory: Memory total: Physical=15.9GB (16GB approx)
[2015.08.28-19.50.56:633][  0]LogMemory: Platform Memory Stats for Windows
[2015.08.28-19.50.56:633][  0]LogMemory: Process Physical Memory: 51.07 MB used, 51.07 MB peak
[2015.08.28-19.50.56:633][  0]LogMemory: Process Virtual Memory: 25.73 MB used, 25.73 MB peak
[2015.08.28-19.50.56:633][  0]LogMemory: Physical Memory: 4811.95 MB used, 16280.89 MB total
[2015.08.28-19.50.56:633][  0]LogMemory: Virtual Memory: 299.13 MB used, 134217728.00 MB total
[2015.08.28-19.50.56:676][  0]LogTextLocalizationManager: The requested culture ('en_US') has no localization data; parent culture's ('en') localization data will be used.
[2015.08.28-19.50.56:891][  0]LogTextLocalizationManager:Warning: Loaded localization resources contain conflicting entries for (Namespace:ContentBrowser, Key:ImportAssetToolTip):
Localization Resource: (D:/Program Files/Unreal/Epic Games/4.8/Engine/Content/Localization/Editor/en/Editor.locres) Source String Hash: (-630476809) Localized String: (Import to {0}...)
Localization Resource: (D:/Program Files/Unreal/Epic Games/4.8/Engine/Content/Localization/Editor/en/Editor.locres) Source String Hash: (1271782899) Localized String: (Imports an asset from file to this folder.)
[2015.08.28-19.50.57:519][  0]LogD3D11RHI: Found D3D11 adapter 0: AMD Radeon R9 200 Series (Feature Level 11_0)
[2015.08.28-19.50.57:519][  0]LogD3D11RHI: Adapter has 4075MB of dedicated video memory, 0MB of dedicated system memory, and 8140MB of shared system memory, 1 output[s]
[2015.08.28-19.50.57:521][  0]LogD3D11RHI: Found D3D11 adapter 1: Microsoft Basic Render Driver (Feature Level 11_0)
[2015.08.28-19.50.57:521][  0]LogD3D11RHI: Adapter has 0MB of dedicated video memory, 0MB of dedicated system memory, and 8140MB of shared system memory, 0 output[s]
[2015.08.28-19.50.57:521][  0]LogD3D11RHI: Chosen D3D11 Adapter Id = 0
[2015.08.28-19.50.57:529][  0]LogD3D11RHI: InitD3DDevice
[2015.08.28-19.50.57:529][  0]LogD3D11RHI: !Direct3DDevice
[2015.08.28-19.50.57:530][  0]LogRHI: Texture pool is 1361 MB (70% of 1945 MB)
[2015.08.28-19.50.57:539][  0]LogD3D11RHI: Async texture creation disabled: no driver support
[2015.08.28-19.50.57:553][  0]LogShaderCompilers:Display: Using Local Shader Compiler.
[2015.08.28-19.50.58:921][  0]LogTemp:Display: Loaded TP DesktopTargetPlatform
[2015.08.28-19.50.58:947][  0]LogTemp:Display: Loaded TP WindowsClientTargetPlatform
[2015.08.28-19.50.58:972][  0]LogTemp:Display: Loaded TP WindowsNoEditorTargetPlatform
[2015.08.28-19.50.59:007][  0]LogTemp:Display: Loaded TP WindowsServerTargetPlatform
[2015.08.28-19.50.59:036][  0]LogTemp:Display: Loaded TP WindowsTargetPlatform
[2015.08.28-19.50.59:058][  0]LogTemp:Display: Loaded TP AndroidTargetPlatform
[2015.08.28-19.50.59:079][  0]LogTemp:Display: Loaded TP Android_ASTCTargetPlatform
[2015.08.28-19.50.59:101][  0]LogTemp:Display: Loaded TP Android_ATCTargetPlatform
[2015.08.28-19.50.59:123][  0]LogTemp:Display: Loaded TP Android_DXTTargetPlatform
[2015.08.28-19.50.59:145][  0]LogTemp:Display: Loaded TP Android_ETC1TargetPlatform
[2015.08.28-19.50.59:167][  0]LogTemp:Display: Loaded TP Android_ETC2TargetPlatform
[2015.08.28-19.50.59:189][  0]LogTemp:Display: Loaded TP Android_PVRTCTargetPlatform
[2015.08.28-19.50.59:264][  0]LogTemp:Display: Loaded TP IOSTargetPlatform
[2015.08.28-19.50.59:286][  0]LogTemp:Display: Loaded TP LinuxNoEditorTargetPlatform
[2015.08.28-19.50.59:308][  0]LogTemp:Display: Loaded TP LinuxServerTargetPlatform
[2015.08.28-19.50.59:334][  0]LogTemp:Display: Loaded TP LinuxTargetPlatform
[2015.08.28-19.50.59:334][  0]LogTargetPlatformManager:Display: Building Assets For Windows
[2015.08.28-19.50.59:709][  0]LogDerivedDataCache:Display: Max Cache Size: 512 MB
[2015.08.28-19.50.59:793][  0]LogDerivedDataCache: Loaded boot cache 0.08s 53MB C:/Users/Joseph/AppData/Local/UnrealEngine/4.8/DerivedDataCache/Boot.ddc.
[2015.08.28-19.50.59:793][  0]LogDerivedDataCache:Display: Loaded Boot cache: C:/Users/Joseph/AppData/Local/UnrealEngine/4.8/DerivedDataCache/Boot.ddc
[2015.08.28-19.50.59:793][  0]LogDerivedDataCache: FDerivedDataBackendGraph:  Pak pak cache file ../../../../../../../Storage/Documents/SourceTRee/DerivedDataCache/DDC.ddp not found, will not use a pak cache.
[2015.08.28-19.50.59:793][  0]LogDerivedDataCache: Unable to find inner node Pak for hierarchical cache Hierarchy.
[2015.08.28-19.50.59:793][  0]LogDerivedDataCache: FDerivedDataBackendGraph:  CompressedPak pak cache file ../../../../../../../Storage/Documents/SourceTRee/DerivedDataCache/Compressed.ddp not found, will not use a pak cache.
[2015.08.28-19.50.59:793][  0]LogDerivedDataCache: Unable to find inner node CompressedPak for hierarchical cache Hierarchy.
[2015.08.28-19.50.59:937][  0]LogDerivedDataCache:Display: Pak cache opened for reading ../../../Engine/DerivedDataCache/Compressed.ddp.
[2015.08.28-19.50.59:950][  0]LogDerivedDataCache: Using Local data cache path C:/Users/Joseph/AppData/Local/UnrealEngine/Common/DerivedDataCache: Writable
[2015.08.28-19.51.00:285][  0]LogInit: Selected Device Profile: [Windows]
[2015.08.28-19.51.00:386][  0]ImportText (ComponentSweepMultiTests): Missing closing parenthesis: (RootShapeAsset="/Engine/BasicShapes/Cube.Cube",ShapeType="TriggerCapsule",HitResult=(Time=0.50,Location=(X=-100.000015,Y=0.0,Z=100.000015),ImpactPoint=(X=-50.0,Y=0.0,Z=50.0),Normal=(X=-1.0,Y=-0.0,Z=0.0),ImpactNormal=(X=0.0,Y=0.0,Z=1.0),TraceStart=(X=-200.0,Y=0.0,Z=200.0),TraceEnd=(X=0.0,Y=0.0,Z=0.0))
[2015.08.28-19.51.00:387][  0]ImportText (LineTraceSingleByChannelTests): Missing closing parenthesis: (RootShapeAsset="/Engine/BasicShapes/Cube.Cube",HitResult=(Time=0.50,Location=(X=-100.000015,Y=0.0,Z=100.000015),ImpactPoint=(X=-50.0,Y=0.0,Z=50.0),Normal=(X=-1.0,Y=-0.0,Z=0.0),ImpactNormal=(X=0.0,Y=0.0,Z=1.0),TraceStart=(X=-200.0,Y=0.0,Z=200.0),TraceEnd=(X=0.0,Y=0.0,Z=0.0))
[2015.08.28-19.51.00:431][  0]LogMeshUtilities: No automatic mesh reduction module available
[2015.08.28-19.51.00:431][  0]LogMeshUtilities: No automatic mesh merging module available
[2015.08.28-19.51.00:885][  0]LogInit: WinSock: version 1.1 (2.2), MaxSocks=32767, MaxUdp=65467
[2015.08.28-19.51.02:423][  0]UdpMessaging: Initializing bridge on interface 0.0.0.0:0 to multicast group 230.0.0.1:6666.
[2015.08.28-19.51.02:962][  0]SourceControl: Info Source control is disabled
[2015.08.28-19.51.03:265][  0]SourceControl: Info Source control is disabled
[2015.08.28-19.51.03:285][  0]SourceControl: Info Source control is disabled
[2015.08.28-19.51.03:303][  0]SourceControl: Info Source control is disabled
[2015.08.28-19.51.03:712][  0]LogObj: 26273 objects as part of root set at end of initial load.
[2015.08.28-19.51.03:712][  0]LogUObjectAllocator: 5409248 out of 0 bytes used by permanent object pool.
[2015.08.28-19.51.03:829][  0]LogEngine: Initializing Engine...
[2015.08.28-19.51.03:836][  0]LogHMD: Can't find Oculus library dev build: is proper Runtime installed? Version: 0.6.0.0
[2015.08.28-19.51.03:839][  0]LogHMD:Warning: SteamVR failed to initialize.  Error: 110
[2015.08.28-19.51.04:095][  0]LogAIModule: Creating AISystem for world NewWorld
[2015.08.28-19.51.04:109][  0]LogInit: XAudio2 using '1 - LG ULTRAWIDE (AMD High Definition Audio Device)' : 2 channels at 48 kHz using 16 bits per sample (channel mask 0x3)
[2015.08.28-19.51.04:123][  0]LogInit: FAudioDevice initialized.
[2015.08.28-19.51.04:175][  0]LogDerivedDataCache: Saved boot cache 0.05s 53MB C:/Users/Joseph/AppData/Local/UnrealEngine/4.8/DerivedDataCache/Boot.ddc.
[2015.08.28-19.51.04:187][  0]LogInit: Texture streaming: Disabled
[2015.08.28-19.51.04:237][  0]LogAnalytics: Creating configured Analytics provider AnalyticsET
[2015.08.28-19.51.04:237][  0]LogAnalytics: [UEEditor.Rocket.Release] APIServer = http://et2.epicgames.com/ET2/. AppVersion = 4.8.3-2634408+++depot+UE4-Releases+4.8
[2015.08.28-19.51.04:238][  0]LogAnalytics: [UEEditor.Rocket.Release] SetUserId d0fc97d9433d85cfe1d854a78446f226|fbedbf84e6654fb9830ed15a26abc575|31b426bb-6233-41c4-8090-528f38e68011
[2015.08.28-19.51.04:238][  0]LogAnalytics: [UEEditor.Rocket.Release] AnalyticsET::StartSession
[2015.08.28-19.51.04:314][  0]LogInit: Transaction tracking system initialized
[2015.08.28-19.51.04:554][  0]BlueprintLog: New page: Editor Load
[2015.08.28-19.51.04:609][  0]LogAssetRegistry: FAssetRegistry took 0.0109 seconds to start up
[2015.08.28-19.51.04:610][  0]LogDirectoryWatcher:Warning: Failed to begin reading directory changes for ../../../Engine/Plugins/Experimental/CharacterAI/Content/. Error: 0
[2015.08.28-19.51.05:725][  0]LogConsoleManager:Warning: Console variable 'r.VSync' wasn't set ('GameSetting' has a lower priority than 'SystemSettingsIni')
[2015.08.28-19.51.05:725][  0]LogConsoleResponse:Display: 
[2015.08.28-19.51.05:867][  0]LogCook:Display: Done creating registry. It took  0.00s.
[2015.08.28-19.51.06:187][  0]SourceControl: Info Source control is disabled
[2015.08.28-19.51.06:187][  0]Cmd: MAP LOAD FILE="../../../../../../../Storage/Documents/SourceTRee/Content/Scene/NewCave.umap" TEMPLATE=0 SHOWPROGRESS=1 FEATURELEVEL=3
[2015.08.28-19.51.06:188][  0]LightingResults: New page: Lighting Build
[2015.08.28-19.51.06:207][  0]MapCheck: New page: Map Check
[2015.08.28-19.51.06:207][  0]LightingResults: New page: Lighting Build
[2015.08.28-19.51.06:222][  0]LogParticles: Destroying 0 GPU particle simulations for FXSystem 0x000000DEBDFB8F40
[2015.08.28-19.51.08:632][  0]LogBlueprint:Warning: [compiler GnawmersHealth] Warning 'gnawmers' is already a 'Enemy 1', you don't need  Cast To Enemy1 .
[2015.08.28-19.51.08:633][  0]LogBlueprint:Warning: [compiler GnawmersHealth] Warning [0014.83] Compile of GnawmersHealth successful, but with 1 Warning(s) [in 23 ms]
[2015.08.28-19.51.08:633][  0]LogBlueprint:Warning: [compiler GnawmersHealth] Warning [0014.83] Compile of GnawmersHealth successful, but with 2 Warning(s) [in 0 ms]
[2015.08.28-19.51.08:633][  0]LogBlueprint:Warning: [compiler GnawmersHealth] Warning [0014.83] Compile of GnawmersHealth successful, but with 3 Warning(s) [in 0 ms]
[2015.08.28-19.51.08:807][  0]LogLinker:Warning: BossHealth has an inappropriate outermost, it was probably saved with a deprecated outer (file: ../../../../../../../Storage/Documents/SourceTRee/Content/GUI/SuccessScreen.uasset)
[2015.08.28-19.51.08:857][  0]LogBlueprint:Warning: [SuccessScreen] CreatePinForVariable: 'BossHealth' variable not found. Base class was probably changed.
[2015.08.28-19.51.08:857][  0]LogBlueprint:Warning: [SuccessScreen] CreatePinForVariable: 'BossKilled' variable not found. Base class was probably changed.
[2015.08.28-19.51.08:901][  0]LogBlueprint:Warning: [compiler SuccessScreen] Warning Could not find a variable named "BossKilled" in 'SuccessScreen'.
Make sure 'SuccessScreen' has been compiled for  Get BossKilled 
[2015.08.28-19.51.08:901][  0]LogBlueprint:Warning: [compiler SuccessScreen] Warning Could not find a variable named "BossHealth" in 'SuccessScreen'.
Make sure 'SuccessScreen' has been compiled for  Get BossHealth 
[2015.08.28-19.51.08:903][  0]LogBlueprint:Error: [compiler SuccessScreen] Error This blueprint (self) is not compatible with ' Target ', therefore that pin must have a connection.
[2015.08.28-19.51.08:903][  0]LogBlueprint:Error: [compiler SuccessScreen] Error The property associated with  Boss Health  could not be found
[2015.08.28-19.51.08:927][  0]LogBlueprint:Warning: [compiler SuccessScreen] Warning [0015.13] Compile of SuccessScreen failed. 2 Fatal Issue(s) 2 Warning(s) [in 63 ms]
[2015.08.28-19.51.08:927][  0]LogBlueprint:Warning: [compiler SuccessScreen] Warning [0015.13] Compile of SuccessScreen failed. 2 Fatal Issue(s) 3 Warning(s) [in 0 ms]
[2015.08.28-19.51.08:927][  0]LogBlueprint:Warning: [compiler SuccessScreen] Warning [0015.13] Compile of SuccessScreen failed. 2 Fatal Issue(s) 4 Warning(s) [in 0 ms]
[2015.08.28-19.51.08:999][  0]LogLinker:Warning: BossHealth has an inappropriate outermost, it was probably saved with a deprecated outer (file: ../../../../../../../Storage/Documents/SourceTRee/Content/GUI/SuccessScreen.uasset)
[2015.08.28-19.51.09:378][  0]LogBlueprint:Warning: [compiler Gui] Warning 'gnawmers' is already a 'Enemy 1', you don't need  Cast To Enemy1 .
[2015.08.28-19.51.09:388][  0]LogBlueprint:Warning: [compiler Gui] Warning [0015.59] Compile of Gui successful, but with 1 Warning(s) [in 64 ms]
[2015.08.28-19.51.09:388][  0]LogBlueprint:Warning: [compiler Gui] Warning [0015.59] Compile of Gui successful, but with 2 Warning(s) [in 0 ms]
[2015.08.28-19.51.09:388][  0]LogBlueprint:Warning: [compiler Gui] Warning [0015.59] Compile of Gui successful, but with 3 Warning(s) [in 0 ms]
[2015.08.28-19.51.12:708][  0]LogBlueprint:Warning: [compiler Gui] Warning 'gnawmers' is already a 'Enemy 1', you don't need  Cast To Enemy1 .
[2015.08.28-19.51.12:721][  0]LogBlueprint:Warning: [compiler Gui] Warning [0018.92] Compile of Gui successful, but with 1 Warning(s) [in 75 ms]
[2015.08.28-19.51.12:723][  0]LogBlueprint:Warning: [compiler Gui] Warning [0018.92] Compile of Gui successful, but with 2 Warning(s) [in 2 ms]
[2015.08.28-19.51.12:909][  0]LogBlueprint:Warning: [compiler GnawmersHealth] Warning 'gnawmers' is already a 'Enemy 1', you don't need  Cast To Enemy1 .
[2015.08.28-19.51.12:910][  0]LogBlueprint:Warning: [compiler GnawmersHealth] Warning [0019.11] Compile of GnawmersHealth successful, but with 1 Warning(s) [in 30 ms]
[2015.08.28-19.51.12:910][  0]LogBlueprint:Warning: [compiler GnawmersHealth] Warning [0019.11] Compile of GnawmersHealth successful, but with 2 Warning(s) [in 0 ms]
[2015.08.28-19.51.18:434][  0]LogAIModule: Creating AISystem for world NewCave
[2015.08.28-19.51.18:594][  0]LogEditorServer: Finished looking for orphan Actors (0.000 secs)
[2015.08.28-19.51.18:596][  0]Cmd: MAP CHECKDEP NOCLEARLOG
[2015.08.28-19.51.18:776][  0]MapCheck: Info Map check complete: 0 Error(s), 0 Warning(s), took 179.416ms to complete.
[2015.08.28-19.51.18:776][  0]LogFileHelpers: Loading map 'NewCave' took 12.588
[2015.08.28-19.51.18:877][  0]LogCollectionManager: Loaded 0 collections in 0.002623 seconds
[2015.08.28-19.51.18:886][  0]LogContentBrowser: Native class hierarchy populated in 0.0092 seconds. Added 1792 classes and 301 folders.
[2015.08.28-19.51.18:956][  0]LogContentBrowser: Native class hierarchy updated for 'WidgetCarousel' in 0.0005 seconds. Added 0 classes and 0 folders.
[2015.08.28-19.51.18:998][  0]LogContentBrowser: Native class hierarchy updated for 'AddContentDialog' in 0.0005 seconds. Added 0 classes and 0 folders.
[2015.08.28-19.51.19:071][  0]LogContentBrowser: Native class hierarchy updated for 'SceneOutliner' in 0.0005 seconds. Added 1 classes and 2 folders.
[2015.08.28-19.51.19:124][  0]LogCrashTracker: Crashtracker disabled due to settings.
[2015.08.28-19.51.19:126][  0]LogD3D11RHI: InitD3DDevice
[2015.08.28-19.51.19:130][  0]LogUObjectGlobals:Warning: Failed to find object 'Class None.'
[2015.08.28-19.51.19:152][  0]LogLoad: Full Startup: 25.35 seconds (BP compile: 5.91 seconds)
[2015.08.28-19.51.19:614][  0]LogContentStreaming: Texture pool size is 0.000000MB
[2015.08.28-19.51.19:820][  0]LogContentStreaming: Texture pool size now 1000 MB
[2015.08.28-19.51.20:163][  0]LogRenderer: Reallocating scene render targets to support 1552x928 (Frame:2).
[2015.08.28-19.51.20:388][  1]Cmd: UpdateLandscapeEditorData -warnings
[2015.08.28-19.51.20:390][  1]Cmd: UpdateLandscapeEditorData
[2015.08.28-19.51.20:896][  6]LogD3D11RHI: InitD3DDevice
[2015.08.28-19.51.21:835][ 22]LogAssetRegistry: Asset discovery search completed in 17.2370 seconds
[2015.08.28-19.51.21:896][ 22]LogD3D11RHI: InitD3DDevice
[2015.08.28-19.51.21:989][ 22]LogLinker:Warning: Asset '../../../Engine/Content/Tutorial/Basics/FeaturePacks.uasset' has been saved with empty engine version. The asset will be loaded but may be incompatible.
[2015.08.28-19.51.22:678][ 22]LogLinker:Warning: Asset '../../../Engine/Content/Tutorial/Mobile/InstallingiTunesTutorial.uasset' has been saved with empty engine version. The asset will be loaded but may be incompatible.
[2015.08.28-19.51.22:702][ 22]LogLinker:Warning: Asset '../../../Engine/Content/Tutorial/Mobile/SettingUpAndroidTutorial.uasset' has been saved with empty engine version. The asset will be loaded but may be incompatible.
[2015.08.28-19.51.24:340][102]LogD3D11RHI: InitD3DDevice
[2015.08.28-19.51.37:421][752]LogD3D11RHI: InitD3DDevice
[2015.08.28-19.51.37:478][752]LogD3D11RHI: InitD3DDevice
[2015.08.28-19.51.52:856][752]LogActorComponent: UnregisterComponent: (/Engine/Transient.CharMoveComp) Not registered. Aborting.
[2015.08.28-19.51.54:411][752]LogFactory: FactoryCreateBinary: StaticMesh with FbxFactory (0 0 ../../../../../../../Storage/Documents/GodKillerExports/Cave.FBX)
[2015.08.28-19.51.54:418][752]LogFbx: ItemName: GlobalSettings, ItemCount : 1
[2015.08.28-19.51.54:418][752]LogFbx: ItemName: AnimationStack, ItemCount : 1
[2015.08.28-19.51.54:418][752]LogFbx: ItemName: AnimationLayer, ItemCount : 1
[2015.08.28-19.51.54:418][752]LogFbx: ItemName: Model, ItemCount : 1
[2015.08.28-19.51.54:418][752]LogFbx: ItemName: Geometry, ItemCount : 1
[2015.08.28-19.51.54:418][752]LogFbx: ItemName: Material, ItemCount : 1
[2015.08.28-19.51.54:418][752]LogFbx: ItemName: Texture, ItemCount : 1
[2015.08.28-19.51.54:418][752]LogFbx: ItemName: CollectionExclusive, ItemCount : 7
[2015.08.28-19.51.54:418][752]LogFbx: ItemName: Video, ItemCount : 1
[2015.08.28-19.51.54:456][752]LogD3D11RHI: InitD3DDevice
[2015.08.28-19.52.00:496][752]LogFbx: Loading FBX Scene from ../../../../../../../Storage/Documents/GodKillerExports/Cave.FBX
[2015.08.28-19.52.00:512][752]LogFbx: FBX Scene Loaded Succesfully
[2015.08.28-19.52.00:516][752]LogFbx:Warning: Triangulating static mesh Box006
[2015.08.28-19.52.03:157][752]LogStaticMesh: Building static mesh Cave...
[2015.08.28-19.52.03:367][752]LogStaticMesh: Built static mesh [0.209921.2s] /Game/Models/Cave.Cave
[2015.08.28-19.52.06:595][926]LogD3D11RHI: InitD3DDevice
[2015.08.28-19.52.06:661][930]LogActorFactory: Actor Factory created Cave
[2015.08.28-19.52.07:482][981]LogActorFactory: Actor Factory created Cave
[2015.08.28-19.52.07:728][987]LogD3D11RHI: InitD3DDevice
[2015.08.28-19.52.16:981][466]LogD3D11RHI: InitD3DDevice
[2015.08.28-19.52.21:516][861]LogEditorViewport: Clicking on Actor (LMB): StaticMeshActor (rock003)
[2015.08.28-19.52.23:206][973]LogEditorViewport: Clicking on Actor (LMB): StaticMeshActor (newcave004)
[2015.08.28-19.52.29:760][432]LogEditorViewport: Clicking on Actor (LMB): StaticMeshActor (Cave)
[2015.08.28-19.52.34:673][779]LogD3D11RHI: InitD3DDevice
[2015.08.28-19.52.35:932][826]LogEditorViewport: Clicking on Actor (LMB): StaticMeshActor (newcave004)
[2015.08.28-19.52.41:664][168]LogEditorViewport: Clicking on Actor (LMB): StaticMeshActor (Cave)
[2015.08.28-19.52.44:657][371]LogD3D11RHI: InitD3DDevice
[2015.08.28-19.52.46:279][435]LogEditorViewport: Clicking on Actor (LMB): StaticMeshActor (Stalagmite12)
[2015.08.28-19.52.46:837][457]LogEditorViewport: Clicking on Actor (LMB): StaticMeshActor (newcave004)
[2015.08.28-19.52.48:968][578]LogEditorViewport: Clicking on Actor (LMB): StaticMeshActor (Cave)
[2015.08.28-19.52.50:334][665]LogEditorViewport: Clicking on Actor (LMB): StaticMeshActor (newcave004)
[2015.08.28-19.52.54:356][939]LogEditorViewport: Clicking on Actor (LMB): StaticMeshActor (Cave)
[2015.08.28-19.52.57:120][121]LogD3D11RHI: InitD3DDevice
[2015.08.28-19.53.01:527][304]LogEditorViewport: Clicking on Actor (LMB): StaticMeshActor (newcave004)
[2015.08.28-19.53.05:758][538]LogD3D11RHI: InitD3DDevice
[2015.08.28-19.53.07:865][674]LogEditorViewport: Clicking on Actor (LMB): StaticMeshActor (newcave004)
[2015.08.28-19.53.08:941][747]Cmd: DELETE
[2015.08.28-19.53.08:941][747]Cmd: ACTOR DELETE
[2015.08.28-19.53.08:947][747]LogEditorActor: Deleted Actor: StaticMeshActor
[2015.08.28-19.53.08:948][747]LogActorComponent: UnregisterComponent: (/Engine/Transient.CharMoveComp) Not registered. Aborting.
[2015.08.28-19.53.08:994][747]LogEditorActor: Deleted 1 Actors (0.053 secs)
[2015.08.28-19.53.09:123][756]LogD3D11RHI: InitD3DDevice
[2015.08.28-19.53.17:280][362]LogEditorViewport: Clicking on Actor (LMB): StaticMeshActor (Cave)
[2015.08.28-19.53.30:303][220]LogD3D11RHI: InitD3DDevice
[2015.08.28-19.54.03:053][205]LogD3D11RHI: InitD3DDevice
[2015.08.28-19.54.10:341][673]LogD3D11RHI: InitD3DDevice
[2015.08.28-19.54.21:430][409]LogD3D11RHI: InitD3DDevice
[2015.08.28-19.55.04:264][370]LogD3D11RHI: InitD3DDevice
[2015.08.28-19.55.04:506][370]Cmd: OBJ SAVEPACKAGE PACKAGE="/Game/Scene/NewCave" FILE="../../../../../../../Storage/Documents/SourceTRee/Content/Scene/NewCave.umap" SILENT=true AUTOSAVING=false KEEPDIRTY=false
[2015.08.28-19.55.05:371][370]LogSavePackage: Save=776.604492ms
[2015.08.28-19.55.05:371][370]LogSavePackage: Moving '../../../../../../../Storage/Documents/SourceTRee/Saved/NewCave2C5D637343B511AED1DBA8AD479EC287.tmp' to '../../../../../../../Storage/Documents/SourceTRee/Content/Scene/NewCave.umap'
[2015.08.28-19.55.05:480][370]LogFileHelpers: Saving map 'NewCave' took 1.178
[2015.08.28-19.55.05:550][370]Cmd: OBJ SAVEPACKAGE PACKAGE="/Game/Models/Cave" FILE="../../../../../../../Storage/Documents/SourceTRee/Content/Models/Cave.uasset" SILENT=true
[2015.08.28-19.55.05:563][370]LogSavePackage: Save=11.048890ms
[2015.08.28-19.55.05:563][370]LogSavePackage: Moving '../../../../../../../Storage/Documents/SourceTRee/Saved/CaveB566E3E04171C052A1A181B024F991D5.tmp' to '../../../../../../../Storage/Documents/SourceTRee/Content/Models/Cave.uasset'
[2015.08.28-19.56.12:466][ 82]LogEditorViewport: Clicking on Actor (LMB): StaticMeshActor (Rock27)
[2015.08.28-19.56.15:666][293]LogEditorViewport: Clicking on Actor (LMB): StaticMeshActor (Cave)
[2015.08.28-19.56.18:497][483]LogD3D11RHI: InitD3DDevice
[2015.08.28-19.56.18:783][483]LogD3D11RHI: InitD3DDevice
[2015.08.28-19.56.25:187][857]LogD3D11RHI: InitD3DDevice
[2015.08.28-19.56.25:220][857]LogStaticMesh: Building static mesh Cave...
[2015.08.28-19.56.25:428][857]LogStaticMesh: Built static mesh [0.208580.2s] /Game/Models/Cave.Cave
[2015.08.28-19.57.01:886][240]LogEditorViewport: Clicking on Actor (context menu): Landscape (Landscape)
[2015.08.28-19.57.02:028][240]LogD3D11RHI: InitD3DDevice
[2015.08.28-19.57.02:929][321]LogEditorViewport: Clicking on Actor (LMB): StaticMeshActor (Cave)
[2015.08.28-19.57.05:263][458]LogD3D11RHI: InitD3DDevice
[2015.08.28-19.57.17:653][112]LogD3D11RHI: InitD3DDevice
[2015.08.28-19.57.17:688][112]LogStaticMesh: Building static mesh Cave...
[2015.08.28-19.57.17:896][112]LogStaticMesh: Built static mesh [0.208082.2s] /Game/Models/Cave.Cave
[2015.08.28-19.57.38:328][303]LogD3D11RHI: InitD3DDevice
[2015.08.28-19.57.44:778][720]Cmd: TRANSACTION UNDO
[2015.08.28-19.57.44:791][720]LogEditorTransaction: Undo Rotate Actors
[2015.08.28-19.57.44:810][720]LogD3D11RHI: InitD3DDevice
[2015.08.28-19.57.44:990][724]LogD3D11RHI: InitD3DDevice
[2015.08.28-19.57.45:272][728]Cmd: TRANSACTION UNDO
[2015.08.28-19.57.45:272][728]LogEditorTransaction: Undo Move Actors
[2015.08.28-19.57.58:384][576]LogD3D11RHI: InitD3DDevice
[2015.08.28-19.58.02:599][831]LogEditorViewport: Clicking on Actor (LMB): StaticMeshActor (Rock001)
[2015.08.28-19.58.12:200][435]LogEditorViewport: Clicking on Actor (LMB): StaticMeshActor (Log28)
[2015.08.28-19.58.24:427][254]LogEditorViewport: Clicking on Actor (LMB): Skeleton_EnemyBP_C (Skeleton_EnemyBP7)
[2015.08.28-19.58.26:571][370]LogEditorViewport: Clicking on Actor (CTRL LMB): NavMeshBoundsVolume (NavMeshBoundsVolume7)
[2015.08.28-19.58.44:241][710]LogParticles: Destroying 0 GPU particle simulations for FXSystem 0x000000DECD5136A0
[2015.08.28-19.58.44:277][710]LogD3D11RHI: InitD3DDevice
[2015.08.28-19.58.45:875][710]LogWindowsTextInputMethodSystem:Display: IME system now deactivated.
[2015.08.28-19.58.46:219][711]Cmd: QUIT_EDITOR
[2015.08.28-19.58.46:641][711]LogExit: Preparing to exit.
[2015.08.28-19.58.47:691][711]LogExit: Editor shut down
[2015.08.28-19.58.47:691][711]LogExit: Transaction tracking system shut down
[2015.08.28-19.58.47:706][711]LogParticles: Destroying 0 GPU particle simulations for FXSystem 0x000000DED7150360
[2015.08.28-19.58.47:708][711]LogParticles: Destroying 0 GPU particle simulations for FXSystem 0x000000DE84CA7880
[2015.08.28-19.58.47:708][711]LogParticles: Destroying 0 GPU particle simulations for FXSystem 0x000000DE84D12C00
[2015.08.28-19.58.47:708][711]LogParticles: Destroying 0 GPU particle simulations for FXSystem 0x000000DED79F4B80
[2015.08.28-19.58.47:709][711]LogParticles: Destroying 0 GPU particle simulations for FXSystem 0x000000DED79F4360
[2015.08.28-19.58.47:709][711]LogParticles: Destroying 0 GPU particle simulations for FXSystem 0x000000DECA1B5A80
[2015.08.28-19.58.47:935][711]LogExit: Object subsystem successfully closed.
[2015.08.28-19.58.47:959][711]LogD3D11RHI: Shutdown
[2015.08.28-19.58.47:959][711]LogD3D11RHI: CleanupD3DDevice
[2015.08.28-19.58.47:962][711]LogD3D11RHI: ~FD3D11DynamicRHI
[2015.08.28-19.58.47:994][711]LogModuleManager: Shutting down and abandoning module StaticMeshEditor (189)
[2015.08.28-19.58.47:994][711]LogModuleManager: Shutting down and abandoning module CrashTracker (188)
[2015.08.28-19.58.47:994][711]LogModuleManager: Shutting down and abandoning module SceneOutliner (187)
[2015.08.28-19.58.47:994][711]LogModuleManager: Shutting down and abandoning module SuperSearch (186)
[2015.08.28-19.58.47:994][711]LogModuleManager: Shutting down and abandoning module WidgetCarousel (185)
[2015.08.28-19.58.47:994][711]LogModuleManager: Shutting down and abandoning module AddContentDialog (184)
[2015.08.28-19.58.47:995][711]LogModuleManager: Shutting down and abandoning module EditorWidgets (183)
[2015.08.28-19.58.47:995][711]LogModuleManager: Shutting down and abandoning module CollectionManager (182)
[2015.08.28-19.58.47:995][711]LogModuleManager: Shutting down and abandoning module StatsViewer (181)
[2015.08.28-19.58.47:995][711]LogModuleManager: Shutting down and abandoning module FoliageEdit (180)
[2015.08.28-19.58.47:995][711]LogModuleManager: Shutting down and abandoning module LandscapeEditor (179)
[2015.08.28-19.58.47:995][711]LogModuleManager: Shutting down and abandoning module ActorPickerMode (178)
[2015.08.28-19.58.47:995][711]LogModuleManager: Shutting down and abandoning module GeometryMode (177)
[2015.08.28-19.58.47:995][711]LogModuleManager: Shutting down and abandoning module TextureAlignMode (176)
[2015.08.28-19.58.47:995][711]LogModuleManager: Shutting down and abandoning module BspMode (175)
[2015.08.28-19.58.47:995][711]LogModuleManager: Shutting down and abandoning module PlacementMode (174)
[2015.08.28-19.58.47:995][711]LogModuleManager: Shutting down and abandoning module AutomationWorker (173)
[2015.08.28-19.58.47:995][711]LogModuleManager: Shutting down and abandoning module CharacterAI (172)
[2015.08.28-19.58.47:995][711]LogModuleManager: Shutting down and abandoning module SmartSnapping (171)
[2015.08.28-19.58.47:995][711]LogModuleManager: Shutting down and abandoning module ViewportSnapping (170)
[2015.08.28-19.58.47:995][711]LogModuleManager: Shutting down and abandoning module LogVisualizer (169)
[2015.08.28-19.58.47:995][711]LogModuleManager: Shutting down and abandoning module GameProjectGeneration (168)
[2015.08.28-19.58.47:995][711]LogModuleManager: Shutting down and abandoning module IntroTutorials (167)
[2015.08.28-19.58.47:995][711]LogModuleManager: Shutting down and abandoning module EditorLiveStreaming (166)
[2015.08.28-19.58.47:996][711]LogModuleManager: Shutting down and abandoning module IOSPlatformEditor (165)
[2015.08.28-19.58.47:996][711]LogModuleManager: Shutting down and abandoning module HTML5PlatformEditor (164)
[2015.08.28-19.58.47:996][711]LogModuleManager: Shutting down and abandoning module AndroidDeviceDetection (163)
[2015.08.28-19.58.48:603][711]LogModuleManager: Shutting down and abandoning module AndroidPlatformEditor (162)
[2015.08.28-19.58.48:603][711]LogModuleManager: Shutting down and abandoning module IOSRuntimeSettings (161)
[2015.08.28-19.58.48:603][711]LogModuleManager: Shutting down and abandoning module AndroidRuntimeSettings (160)
[2015.08.28-19.58.48:603][711]LogModuleManager: Shutting down and abandoning module MergeActors (159)
[2015.08.28-19.58.48:603][711]LogModuleManager: Shutting down and abandoning module SizeMap (158)
[2015.08.28-19.58.48:603][711]LogModuleManager: Shutting down and abandoning module TreeMap (157)
[2015.08.28-19.58.48:603][711]LogModuleManager: Shutting down and abandoning module ReferenceViewer (156)
[2015.08.28-19.58.48:603][711]LogModuleManager: Shutting down and abandoning module LocalizationDashboard (155)
[2015.08.28-19.58.48:603][711]LogModuleManager: Shutting down and abandoning module HardwareTargeting (154)
[2015.08.28-19.58.48:603][711]LogModuleManager: Shutting down and abandoning module DeviceProfileEditor (153)
[2015.08.28-19.58.48:603][711]LogModuleManager: Shutting down and abandoning module UndoHistory (152)
[2015.08.28-19.58.48:603][711]LogModuleManager: Shutting down and abandoning module GameplayTagsEditor (151)
[2015.08.28-19.58.48:603][711]LogModuleManager: Shutting down and abandoning module UserFeedback (150)
[2015.08.28-19.58.48:603][711]LogModuleManager: Shutting down and abandoning module XmlParser (149)
[2015.08.28-19.58.48:603][711]LogModuleManager: Shutting down and abandoning module Blutility (148)
[2015.08.28-19.58.48:603][711]LogModuleManager: Shutting down and abandoning module ProjectTargetPlatformEditor (147)
[2015.08.28-19.58.48:603][711]LogModuleManager: Shutting down and abandoning module ProjectSettingsViewer (146)
[2015.08.28-19.58.48:603][711]LogModuleManager: Shutting down and abandoning module InputBindingEditor (145)
[2015.08.28-19.58.48:604][711]LogModuleManager: Shutting down and abandoning module EditorSettingsViewer (144)
[2015.08.28-19.58.48:604][711]LogModuleManager: Shutting down and abandoning module SettingsEditor (143)
[2015.08.28-19.58.48:604][711]LogModuleManager: Shutting down and abandoning module ProjectLauncher (142)
[2015.08.28-19.58.48:604][711]LogModuleManager: Shutting down and abandoning module SessionFrontend (141)
[2015.08.28-19.58.48:604][711]LogModuleManager: Shutting down and abandoning module ProfilerClient (140)
[2015.08.28-19.58.48:604][711]LogModuleManager: Shutting down and abandoning module TargetDeviceServices (139)
[2015.08.28-19.58.48:604][711]LogModuleManager: Shutting down and abandoning module DeviceManager (138)
[2015.08.28-19.58.48:604][711]LogModuleManager: Shutting down and abandoning module AutomationController (137)
[2015.08.28-19.58.48:604][711]LogModuleManager: Shutting down and abandoning module AutomationWindow (136)
[2015.08.28-19.58.48:604][711]LogModuleManager: Shutting down and abandoning module Layers (135)
[2015.08.28-19.58.48:604][711]LogModuleManager: Shutting down and abandoning module ComponentVisualizers (134)
[2015.08.28-19.58.48:604][711]LogModuleManager: Shutting down and abandoning module DetailCustomizations (133)
[2015.08.28-19.58.48:604][711]LogModuleManager: Shutting down and abandoning module PackagesDialog (132)
[2015.08.28-19.58.48:604][711]LogModuleManager: Shutting down and abandoning module AssetRegistry (131)
[2015.08.28-19.58.48:758][711]LogModuleManager: Shutting down and abandoning module Persona (130)
[2015.08.28-19.58.48:758][711]LogModuleManager: Shutting down and abandoning module Kismet (129)
[2015.08.28-19.58.48:758][711]LogModuleManager: Shutting down and abandoning module GraphEditor (128)
[2015.08.28-19.58.48:758][711]LogModuleManager: Shutting down and abandoning module ClassViewer (127)
[2015.08.28-19.58.48:758][711]LogModuleManager: Shutting down and abandoning module Toolbox (126)
[2015.08.28-19.58.48:758][711]LogModuleManager: Shutting down and abandoning module ModuleUI (125)
[2015.08.28-19.58.48:758][711]LogModuleManager: Shutting down and abandoning module MovieSceneTools (124)
[2015.08.28-19.58.48:758][711]LogModuleManager: Shutting down and abandoning module OutputLog (123)
[2015.08.28-19.58.48:758][711]LogModuleManager: Shutting down and abandoning module GammaUI (122)
[2015.08.28-19.58.48:758][711]LogModuleManager: Shutting down and abandoning module Documentation (121)
[2015.08.28-19.58.48:758][711]LogModuleManager: Shutting down and abandoning module GameLiveStreaming (120)
[2015.08.28-19.58.48:758][711]LogModuleManager: Shutting down and abandoning module StreamingPauseRendering (119)
[2015.08.28-19.58.48:758][711]LogModuleManager: Shutting down and abandoning module AnalyticsET (118)
[2015.08.28-19.58.48:758][711]LogModuleManager: Shutting down and abandoning module Analytics (117)
[2015.08.28-19.58.48:758][711]LogModuleManager: Shutting down and abandoning module AITestSuite (116)
[2015.08.28-19.58.48:758][711]LogModuleManager: Shutting down and abandoning module GameplayDebugger (115)
[2015.08.28-19.58.48:758][711]LogModuleManager: Shutting down and abandoning module AIModule (114)
[2015.08.28-19.58.48:758][711]LogModuleManager: Shutting down and abandoning module ProfilerService (113)
[2015.08.28-19.58.48:776][711]LogModuleManager: Shutting down and abandoning module TaskGraph (112)
[2015.08.28-19.58.48:776][711]LogModuleManager: Shutting down and abandoning module SlateRemote (111)
[2015.08.28-19.58.48:776][711]LogModuleManager: Shutting down and abandoning module SteamVRController (110)
[2015.08.28-19.58.48:776][711]LogModuleManager: Shutting down and abandoning module SteamVR (109)
[2015.08.28-19.58.48:776][711]LogModuleManager: Shutting down and abandoning module ProceduralMeshComponent (108)
[2015.08.28-19.58.48:776][711]LogModuleManager: Shutting down and abandoning module OculusRift (107)
[2015.08.28-19.58.48:776][711]LogModuleManager: Shutting down and abandoning module LeapMotionController (106)
[2015.08.28-19.58.48:808][711]LogModuleManager: Shutting down and abandoning module CustomMeshComponent (105)
[2015.08.28-19.58.48:808][711]LogModuleManager: Shutting down and abandoning module CableComponent (104)
[2015.08.28-19.58.48:808][711]LogModuleManager: Shutting down and abandoning module MessagingDebugger (103)
[2015.08.28-19.58.48:808][711]LogModuleManager: Shutting down and abandoning module MediaPlayerEditor (102)
[2015.08.28-19.58.48:808][711]LogModuleManager: Shutting down and abandoning module SpeedTreeImporter (101)
[2015.08.28-19.58.48:808][711]LogModuleManager: Shutting down and abandoning module PluginBrowser (100)
[2015.08.28-19.58.48:808][711]LogModuleManager: Shutting down and abandoning module EpicSurvey (99)
[2015.08.28-19.58.48:808][711]LogModuleManager: Shutting down and abandoning module DesktopPlatform (98)
[2015.08.28-19.58.48:808][711]LogModuleManager: Shutting down and abandoning module VisualStudioSourceCodeAccess (97)
[2015.08.28-19.58.48:808][711]LogModuleManager: Shutting down and abandoning module UObjectPlugin (96)
[2015.08.28-19.58.48:808][711]LogModuleManager: Shutting down and abandoning module SubversionSourceControl (95)
[2015.08.28-19.58.48:808][711]LogModuleManager: Shutting down and abandoning module PerforceSourceControl (94)
[2015.08.28-19.58.48:808][711]LogModuleManager: Shutting down and abandoning module SourceControl (93)
[2015.08.28-19.58.48:808][711]LogModuleManager: Shutting down and abandoning module GitSourceControl (92)
[2015.08.28-19.58.48:808][711]LogModuleManager: Shutting down and abandoning module BlankPlugin (91)
[2015.08.28-19.58.48:808][711]LogModuleManager: Shutting down and abandoning module PaperTiledImporter (90)
[2015.08.28-19.58.48:808][711]LogModuleManager: Shutting down and abandoning module PaperSpriteSheetImporter (89)
[2015.08.28-19.58.48:808][711]LogModuleManager: Shutting down and abandoning module MeshPaint (88)
[2015.08.28-19.58.48:808][711]LogModuleManager: Shutting down and abandoning module SlateReflector (87)
[2015.08.28-19.58.48:808][711]LogModuleManager: Shutting down and abandoning module DirectoryWatcher (86)
[2015.08.28-19.58.48:809][711]LogModuleManager: Shutting down and abandoning module HotReload (85)
[2015.08.28-19.58.48:809][711]LogModuleManager: Shutting down and abandoning module MainFrame (84)
[2015.08.28-19.58.48:809][711]LogModuleManager: Shutting down and abandoning module LevelEditor (83)
[2015.08.28-19.58.48:810][711]LogModuleManager: Shutting down and abandoning module ContentBrowser (82)
[2015.08.28-19.58.48:810][711]LogModuleManager: Shutting down and abandoning module Paper2DEditor (81)
[2015.08.28-19.58.48:811][711]LogModuleManager: Shutting down and abandoning module UdpMessaging (80)
[2015.08.28-19.58.48:911][711]LogModuleManager: Shutting down and abandoning module Paper2D (79)
[2015.08.28-19.58.48:911][711]LogModuleManager: Shutting down and abandoning module WindowsMoviePlayer (78)
[2015.08.28-19.58.48:915][711]LogModuleManager: Shutting down and abandoning module Media (77)
[2015.08.28-19.58.48:915][711]LogModuleManager: Shutting down and abandoning module WmfMedia (76)
[2015.08.28-19.58.48:916][711]LogModuleManager: Shutting down and abandoning module OnlineBlueprintSupport (75)
[2015.08.28-19.58.48:916][711]LogModuleManager: Shutting down and abandoning module PropertyEditor (74)
[2015.08.28-19.58.48:916][711]LogModuleManager: Shutting down and abandoning module BehaviorTreeEditor (73)
[2015.08.28-19.58.48:916][711]LogModuleManager: Shutting down and abandoning module FunctionalTesting (72)
[2015.08.28-19.58.48:916][711]LogModuleManager: Shutting down and abandoning module CollisionAnalyzer (71)
[2015.08.28-19.58.48:916][711]LogModuleManager: Shutting down and abandoning module WorkspaceMenuStructure (70)
[2015.08.28-19.58.48:916][711]LogModuleManager: Shutting down and abandoning module MessageLog (69)
[2015.08.28-19.58.48:916][711]LogModuleManager: Shutting down and abandoning module Sequencer (68)
[2015.08.28-19.58.48:916][711]LogModuleManager: Shutting down and abandoning module AssetTools (67)
[2015.08.28-19.58.48:916][711]LogModuleManager: Shutting down and abandoning module UMGEditor (66)
[2015.08.28-19.58.48:916][711]LogModuleManager: Shutting down and abandoning module UMG (65)
[2015.08.28-19.58.48:916][711]LogModuleManager: Shutting down and abandoning module Slate (64)
[2015.08.28-19.58.48:916][711]LogModuleManager: Shutting down and abandoning module EditorStyle (63)
[2015.08.28-19.58.48:920][711]LogModuleManager: Shutting down and abandoning module SessionServices (62)
[2015.08.28-19.58.48:920][711]LogModuleManager: Shutting down and abandoning module SourceCodeAccess (61)
[2015.08.28-19.58.48:920][711]LogModuleManager: Shutting down and abandoning module HeadMountedDisplay (60)
[2015.08.28-19.58.48:920][711]LogModuleManager: Shutting down and abandoning module XAudio2 (59)
[2015.08.28-19.58.48:920][711]LogModuleManager: Shutting down and abandoning module Networking (57)
[2015.08.28-19.58.48:920][711]LogModuleManager: Shutting down and abandoning module Core (56)
[2015.08.28-19.58.48:920][711]LogModuleManager: Shutting down and abandoning module KismetCompiler (55)
[2015.08.28-19.58.48:920][711]LogModuleManager: Shutting down and abandoning module PhysXFormats (54)
[2015.08.28-19.58.48:920][711]LogModuleManager: Shutting down and abandoning module MeshUtilities (53)
[2015.08.28-19.58.48:920][711]LogModuleManager: Shutting down and abandoning module DerivedDataCache (52)
[2015.08.28-19.58.49:008][711]LogDerivedDataCache: Shutdown
[2015.08.28-19.58.49:008][711]LogModuleManager: Shutting down and abandoning module ShaderFormatOpenGL (51)
[2015.08.28-19.58.49:008][711]LogModuleManager: Shutting down and abandoning module ShaderFormatD3D (50)
[2015.08.28-19.58.49:008][711]LogModuleManager: Shutting down and abandoning module MetalShaderFormat (49)
[2015.08.28-19.58.49:008][711]LogModuleManager: Shutting down and abandoning module TextureFormatUncompressed (48)
[2015.08.28-19.58.49:008][711]LogModuleManager: Shutting down and abandoning module TextureFormatPVR (47)
[2015.08.28-19.58.49:008][711]LogModuleManager: Shutting down and abandoning module TextureFormatIntelISPCTexComp (46)
[2015.08.28-19.58.49:008][711]LogModuleManager: Shutting down and abandoning module TextureFormatDXT (45)
[2015.08.28-19.58.49:008][711]LogModuleManager: Shutting down and abandoning module ImageWrapper (44)
[2015.08.28-19.58.49:009][711]LogModuleManager: Shutting down and abandoning module TextureFormatASTC (43)
[2015.08.28-19.58.49:009][711]LogModuleManager: Shutting down and abandoning module TextureFormatAndroid (42)
[2015.08.28-19.58.49:009][711]LogModuleManager: Shutting down and abandoning module AudioFormatOpus (41)
[2015.08.28-19.58.49:009][711]LogModuleManager: Shutting down and abandoning module AudioFormatOgg (40)
[2015.08.28-19.58.49:009][711]LogModuleManager: Shutting down and abandoning module AudioFormatADPCM (39)
[2015.08.28-19.58.49:009][711]LogModuleManager: Shutting down and abandoning module LinuxTargetPlatform (38)
[2015.08.28-19.58.49:009][711]LogModuleManager: Shutting down and abandoning module LinuxServerTargetPlatform (37)
[2015.08.28-19.58.49:009][711]LogModuleManager: Shutting down and abandoning module LinuxNoEditorTargetPlatform (36)
[2015.08.28-19.58.49:009][711]LogModuleManager: Shutting down and abandoning module Messaging (35)
[2015.08.28-19.58.49:009][711]LogModuleManager: Shutting down and abandoning module IOSTargetPlatform (34)
[2015.08.28-19.58.49:009][711]LogModuleManager: Shutting down and abandoning module HTML5TargetPlatform (33)
[2015.08.28-19.58.49:009][711]LogModuleManager: Shutting down and abandoning module Android_PVRTCTargetPlatform (32)
[2015.08.28-19.58.49:009][711]LogModuleManager: Shutting down and abandoning module Android_ETC2TargetPlatform (31)
[2015.08.28-19.58.49:009][711]LogModuleManager: Shutting down and abandoning module Android_ETC1TargetPlatform (30)
[2015.08.28-19.58.49:009][711]LogModuleManager: Shutting down and abandoning module Android_DXTTargetPlatform (29)
[2015.08.28-19.58.49:009][711]LogModuleManager: Shutting down and abandoning module Android_ATCTargetPlatform (28)
[2015.08.28-19.58.49:009][711]LogModuleManager: Shutting down and abandoning module Android_ASTCTargetPlatform (27)
[2015.08.28-19.58.49:009][711]LogModuleManager: Shutting down and abandoning module AndroidTargetPlatform (26)
[2015.08.28-19.58.49:009][711]LogModuleManager: Shutting down and abandoning module WindowsTargetPlatform (25)
[2015.08.28-19.58.49:009][711]LogModuleManager: Shutting down and abandoning module WindowsServerTargetPlatform (24)
[2015.08.28-19.58.49:009][711]LogModuleManager: Shutting down and abandoning module WindowsNoEditorTargetPlatform (23)
[2015.08.28-19.58.49:009][711]LogModuleManager: Shutting down and abandoning module WindowsClientTargetPlatform (22)
[2015.08.28-19.58.49:009][711]LogModuleManager: Shutting down and abandoning module DesktopTargetPlatform (21)
[2015.08.28-19.58.49:009][711]LogModuleManager: Shutting down and abandoning module TargetPlatform (20)
[2015.08.28-19.58.49:009][711]LogModuleManager: Shutting down and abandoning module InputCore (19)
[2015.08.28-19.58.49:009][711]LogModuleManager: Shutting down and abandoning module Settings (18)
[2015.08.28-19.58.49:009][711]LogModuleManager: Shutting down and abandoning module OnlineSubsystem (16)
[2015.08.28-19.58.49:009][711]LogModuleManager: Shutting down and abandoning module HTTP (15)
[2015.08.28-19.58.49:009][711]LogModuleManager: Shutting down and abandoning module ExampleDeviceProfileSelector (14)
[2015.08.28-19.58.49:009][711]LogModuleManager: Shutting down and abandoning module TextureCompressor (13)
[2015.08.28-19.58.49:009][711]LogModuleManager: Shutting down and abandoning module ShaderCore (12)
[2015.08.28-19.58.49:009][711]LogModuleManager: Shutting down and abandoning module Landscape (11)
[2015.08.28-19.58.49:009][711]LogModuleManager: Shutting down and abandoning module SlateRHIRenderer (10)
[2015.08.28-19.58.49:013][711]LogModuleManager: Shutting down and abandoning module OpenGLDrv (9)
[2015.08.28-19.58.49:013][711]LogModuleManager: Shutting down and abandoning module D3D11RHI (8)
[2015.08.28-19.58.49:013][711]LogModuleManager: Shutting down and abandoning module Renderer (7)
[2015.08.28-19.58.49:013][711]LogModuleManager: Shutting down and abandoning module Engine (6)
[2015.08.28-19.58.49:013][711]LogModuleManager: Shutting down and abandoning module CoreUObject (5)
[2015.08.28-19.58.49:013][711]LogModuleManager: Shutting down and abandoning module NetworkFile (4)
[2015.08.28-19.58.49:013][711]LogModuleManager: Shutting down and abandoning module StreamingFile (3)
[2015.08.28-19.58.49:013][711]LogModuleManager: Shutting down and abandoning module SandboxFile (2)
[2015.08.28-19.58.49:013][711]LogModuleManager: Shutting down and abandoning module PakFile (1)
[2015.08.28-19.58.49:014][711]LogExit: Exiting.
[2015.08.28-19.58.49:065][711]Log file closed, 08/28/15 12:58:49
