[2015.08.27-19.07.20:172][  0]Log file open, 08/27/15 12:07:20
[2015.08.27-19.07.20:172][  0]LogInit:Display: Running engine for game: GodKiller
[2015.08.27-19.07.20:172][  0]LogInit:Display: RandInit(791249688) SRandInit(791249689).
[2015.08.27-19.07.20:172][  0]LogTaskGraph: Started task graph with 4 named threads and 5 total threads.
[2015.08.27-19.07.20:172][  0]LogStats: Stats thread started
[2015.08.27-19.07.20:172][  0]LogInit: Version: 4.8.3-2634408+++depot+UE4-Releases+4.8
[2015.08.27-19.07.20:172][  0]LogInit: API Version: 2579680
[2015.08.27-19.07.20:172][  0]LogInit: Compiled (64-bit): Jul 27 2015 16:24:33
[2015.08.27-19.07.20:173][  0]LogInit: Compiled with Visual C++: 18.00.21005.01
[2015.08.27-19.07.20:173][  0]LogInit: Build Configuration: Development
[2015.08.27-19.07.20:173][  0]LogInit: Branch Name: ++depot+UE4-Releases+4.8
[2015.08.27-19.07.20:173][  0]LogInit: Command line:  
[2015.08.27-19.07.20:173][  0]LogInit: Base directory: C:/Program Files/Epic Games/4.8/Engine/Binaries/Win64/
[2015.08.27-19.07.20:173][  0]LogInit: Rocket: 1
[2015.08.27-19.07.20:249][  0]LogInit: Using libcurl 7.41.0
[2015.08.27-19.07.20:249][  0]LogInit:  - built for x86_64-pc-win32
[2015.08.27-19.07.20:249][  0]LogInit:  - supports SSL with WinSSL
[2015.08.27-19.07.20:249][  0]LogInit:  - other features:
[2015.08.27-19.07.20:249][  0]LogInit:      CURL_VERSION_SSL
[2015.08.27-19.07.20:249][  0]LogInit:      CURL_VERSION_IPV6
[2015.08.27-19.07.20:249][  0]LogInit:      CURL_VERSION_ASYNCHDNS
[2015.08.27-19.07.20:249][  0]LogInit:      CURL_VERSION_LARGEFILE
[2015.08.27-19.07.20:249][  0]LogInit:      CURL_VERSION_IDN
[2015.08.27-19.07.20:250][  0]LogInit:  CurlRequestOptions (configurable via config and command line):
[2015.08.27-19.07.20:250][  0]LogInit:  - bVerifyPeer = true  - Libcurl will verify peer certificate
[2015.08.27-19.07.20:250][  0]LogInit:  - bUseHttpProxy = false  - Libcurl will NOT use HTTP proxy
[2015.08.27-19.07.20:250][  0]LogInit:  - bDontReuseConnections = false  - Libcurl will reuse connections
[2015.08.27-19.07.20:250][  0]LogInit:  - CertBundlePath = nullptr  - Libcurl will use whatever was configured at build time.
[2015.08.27-19.07.20:298][  0]LogOnline:Warning: No default platform service specified for OnlineSubsystem
[2015.08.27-19.07.20:526][  0]LogInit: Presizing for 0 objects not considered by GC, pre-allocating 0 bytes.
[2015.08.27-19.07.20:586][  0]LogInit: Object subsystem initialized
[2015.08.27-19.07.20:601][  0]LogConsoleResponse:Warning: Skipping Unknown console variable: 'TranslucentSortAxis = (X=0.000000,Y=-1.000000,Z=0.000000)'
[2015.08.27-19.07.20:601][  0]LogConsoleResponse:Warning:   Found in ini file 'C:/Users/Samantha/Desktop/God-Killer/Saved/Config/Windows/Engine.ini', in section '[/Script/Engine.RendererSettings]'
[2015.08.27-19.07.20:601][  0]LogConsoleResponse:Warning: Skipping Unknown console variable: 'UIScaleRule = ShortestSide'
[2015.08.27-19.07.20:601][  0]LogConsoleResponse:Warning:   Found in ini file 'C:/Users/Samantha/Desktop/God-Killer/Saved/Config/Windows/Engine.ini', in section '[/Script/Engine.RendererSettings]'
[2015.08.27-19.07.20:601][  0]LogConsoleResponse:Warning: Skipping Unknown console variable: 'UIScaleCurve = (EditorCurveData=(Keys=),ExternalCurve=None)'
[2015.08.27-19.07.20:601][  0]LogConsoleResponse:Warning:   Found in ini file 'C:/Users/Samantha/Desktop/God-Killer/Saved/Config/Windows/Engine.ini', in section '[/Script/Engine.RendererSettings]'
[2015.08.27-19.07.20:621][  0]LogInit: Selected Device Profile: [Windows]
[2015.08.27-19.07.20:621][  0]LogInit: Applying CVar settings loaded from the selected device profile: [Windows]
[2015.08.27-19.07.20:727][  0]LogInit: Computer: SAMANTHAPC
[2015.08.27-19.07.20:727][  0]LogInit: User: Samantha
[2015.08.27-19.07.20:727][  0]LogInit: CPU Page size=4096, Cores=2
[2015.08.27-19.07.20:727][  0]LogInit: High frequency timer resolution =2.240911 MHz
[2015.08.27-19.07.20:740][  0]LogMemory: Memory total: Physical=5.9GB (6GB approx)
[2015.08.27-19.07.20:748][  0]LogMemory: Platform Memory Stats for Windows
[2015.08.27-19.07.20:748][  0]LogMemory: Process Physical Memory: 50.09 MB used, 50.09 MB peak
[2015.08.27-19.07.20:748][  0]LogMemory: Process Virtual Memory: 24.19 MB used, 25.01 MB peak
[2015.08.27-19.07.20:748][  0]LogMemory: Physical Memory: 2867.85 MB used, 6027.63 MB total
[2015.08.27-19.07.20:748][  0]LogMemory: Virtual Memory: 296.55 MB used, 134217728.00 MB total
[2015.08.27-19.07.21:574][  0]LogTextLocalizationManager: The requested culture ('en_US') has no localization data; parent culture's ('en') localization data will be used.
[2015.08.27-19.07.22:645][  0]LogTextLocalizationManager:Warning: Loaded localization resources contain conflicting entries for (Namespace:ContentBrowser, Key:ImportAssetToolTip):
Localization Resource: (C:/Program Files/Epic Games/4.8/Engine/Content/Localization/Editor/en/Editor.locres) Source String Hash: (-630476809) Localized String: (Import to {0}...)
Localization Resource: (C:/Program Files/Epic Games/4.8/Engine/Content/Localization/Editor/en/Editor.locres) Source String Hash: (1271782899) Localized String: (Imports an asset from file to this folder.)
[2015.08.27-19.07.24:911][  0]LogD3D11RHI: Found D3D11 adapter 0: Intel(R) HD Graphics Family (Feature Level 11_0)
[2015.08.27-19.07.24:911][  0]LogD3D11RHI: Adapter has 32MB of dedicated video memory, 0MB of dedicated system memory, and 1760MB of shared system memory, 1 output[s]
[2015.08.27-19.07.24:914][  0]LogD3D11RHI: Found D3D11 adapter 1: Microsoft Basic Render Driver (Feature Level 11_0)
[2015.08.27-19.07.24:914][  0]LogD3D11RHI: Adapter has 0MB of dedicated video memory, 0MB of dedicated system memory, and 256MB of shared system memory, 0 output[s]
[2015.08.27-19.07.24:914][  0]LogD3D11RHI: Chosen D3D11 Adapter Id = 0
[2015.08.27-19.07.24:939][  0]LogD3D11RHI: InitD3DDevice
[2015.08.27-19.07.24:939][  0]LogD3D11RHI: !Direct3DDevice
[2015.08.27-19.07.24:939][  0]LogRHI: Texture pool is 638 MB (70% of 912 MB)
[2015.08.27-19.07.24:958][  0]LogD3D11RHI: Async texture creation enabled
[2015.08.27-19.07.25:044][  0]LogShaderCompilers:Display: Using Local Shader Compiler.
[2015.08.27-19.07.31:273][  0]LogTemp:Display: Loaded TP DesktopTargetPlatform
[2015.08.27-19.07.31:343][  0]LogTemp:Display: Loaded TP WindowsClientTargetPlatform
[2015.08.27-19.07.31:442][  0]LogTemp:Display: Loaded TP WindowsNoEditorTargetPlatform
[2015.08.27-19.07.31:509][  0]LogTemp:Display: Loaded TP WindowsServerTargetPlatform
[2015.08.27-19.07.31:575][  0]LogTemp:Display: Loaded TP WindowsTargetPlatform
[2015.08.27-19.07.31:645][  0]LogTemp:Display: Loaded TP AndroidTargetPlatform
[2015.08.27-19.07.31:725][  0]LogTemp:Display: Loaded TP Android_ASTCTargetPlatform
[2015.08.27-19.07.31:786][  0]LogTemp:Display: Loaded TP Android_ATCTargetPlatform
[2015.08.27-19.07.31:858][  0]LogTemp:Display: Loaded TP Android_DXTTargetPlatform
[2015.08.27-19.07.31:913][  0]LogTemp:Display: Loaded TP Android_ETC1TargetPlatform
[2015.08.27-19.07.32:002][  0]LogTemp:Display: Loaded TP Android_ETC2TargetPlatform
[2015.08.27-19.07.32:062][  0]LogTemp:Display: Loaded TP Android_PVRTCTargetPlatform
[2015.08.27-19.07.32:295][  0]LogTemp:Display: Loaded TP IOSTargetPlatform
[2015.08.27-19.07.32:371][  0]LogTemp:Display: Loaded TP LinuxNoEditorTargetPlatform
[2015.08.27-19.07.32:421][  0]LogTemp:Display: Loaded TP LinuxServerTargetPlatform
[2015.08.27-19.07.32:489][  0]LogTemp:Display: Loaded TP LinuxTargetPlatform
[2015.08.27-19.07.32:489][  0]LogTargetPlatformManager:Display: Building Assets For Windows
[2015.08.27-19.07.33:846][  0]LogDerivedDataCache:Display: Max Cache Size: 512 MB
[2015.08.27-19.07.34:792][  0]LogDerivedDataCache: Loaded boot cache 0.95s 53MB C:/Users/Samantha/AppData/Local/UnrealEngine/4.8/DerivedDataCache/Boot.ddc.
[2015.08.27-19.07.34:792][  0]LogDerivedDataCache:Display: Loaded Boot cache: C:/Users/Samantha/AppData/Local/UnrealEngine/4.8/DerivedDataCache/Boot.ddc
[2015.08.27-19.07.34:793][  0]LogDerivedDataCache: FDerivedDataBackendGraph:  Pak pak cache file ../../../../../../Users/Samantha/Desktop/God-Killer/DerivedDataCache/DDC.ddp not found, will not use a pak cache.
[2015.08.27-19.07.34:793][  0]LogDerivedDataCache: Unable to find inner node Pak for hierarchical cache Hierarchy.
[2015.08.27-19.07.34:793][  0]LogDerivedDataCache: FDerivedDataBackendGraph:  CompressedPak pak cache file ../../../../../../Users/Samantha/Desktop/God-Killer/DerivedDataCache/Compressed.ddp not found, will not use a pak cache.
[2015.08.27-19.07.34:793][  0]LogDerivedDataCache: Unable to find inner node CompressedPak for hierarchical cache Hierarchy.
[2015.08.27-19.07.35:389][  0]LogDerivedDataCache:Display: Pak cache opened for reading ../../../Engine/DerivedDataCache/Compressed.ddp.
[2015.08.27-19.07.35:403][  0]LogDerivedDataCache: Using Local data cache path C:/Users/Samantha/AppData/Local/UnrealEngine/Common/DerivedDataCache: Writable
[2015.08.27-19.07.45:300][  0]LogInit: Selected Device Profile: [Windows]
[2015.08.27-19.07.45:813][  0]ImportText (ComponentSweepMultiTests): Missing closing parenthesis: (RootShapeAsset="/Engine/BasicShapes/Cube.Cube",ShapeType="TriggerCapsule",HitResult=(Time=0.50,Location=(X=-100.000015,Y=0.0,Z=100.000015),ImpactPoint=(X=-50.0,Y=0.0,Z=50.0),Normal=(X=-1.0,Y=-0.0,Z=0.0),ImpactNormal=(X=0.0,Y=0.0,Z=1.0),TraceStart=(X=-200.0,Y=0.0,Z=200.0),TraceEnd=(X=0.0,Y=0.0,Z=0.0))
[2015.08.27-19.07.45:814][  0]ImportText (LineTraceSingleByChannelTests): Missing closing parenthesis: (RootShapeAsset="/Engine/BasicShapes/Cube.Cube",HitResult=(Time=0.50,Location=(X=-100.000015,Y=0.0,Z=100.000015),ImpactPoint=(X=-50.0,Y=0.0,Z=50.0),Normal=(X=-1.0,Y=-0.0,Z=0.0),ImpactNormal=(X=0.0,Y=0.0,Z=1.0),TraceStart=(X=-200.0,Y=0.0,Z=200.0),TraceEnd=(X=0.0,Y=0.0,Z=0.0))
[2015.08.27-19.07.45:993][  0]LogMeshUtilities: No automatic mesh reduction module available
[2015.08.27-19.07.45:993][  0]LogMeshUtilities: No automatic mesh merging module available
[2015.08.27-19.07.47:742][  0]LogInit: WinSock: version 1.1 (2.2), MaxSocks=32767, MaxUdp=65467
[2015.08.27-19.08.06:507][  0]LogModuleManager:Warning: ModuleManager: Unable to load module 'C:/Program Files/Epic Games/4.8/Engine/Binaries/Win64/UE4Editor-XAudio2.dll' because the file couldn't be loaded by the OS.
[2015.08.27-19.08.33:981][  0]UdpMessaging: Initializing bridge on interface 0.0.0.0:0 to multicast group 230.0.0.1:6666.
[2015.08.27-19.08.35:813][  0]SourceControl: Info Source control is disabled
[2015.08.27-19.08.35:846][  0]SourceControl: Info Source control is disabled
[2015.08.27-19.08.35:901][  0]SourceControl: Info Source control is disabled
[2015.08.27-19.08.35:959][  0]SourceControl: Info Source control is disabled
[2015.08.27-19.08.37:345][  0]LogObj: 26273 objects as part of root set at end of initial load.
[2015.08.27-19.08.37:346][  0]LogUObjectAllocator: 5409256 out of 0 bytes used by permanent object pool.
[2015.08.27-19.08.37:654][  0]LogEngine: Initializing Engine...
[2015.08.27-19.08.37:661][  0]LogHMD: Can't find Oculus library dev build: is proper Runtime installed? Version: 0.6.0.0
[2015.08.27-19.08.37:711][  0]LogHMD:Warning: SteamVR failed to initialize.  Error: 110
[2015.08.27-19.08.38:321][  0]LogAIModule: Creating AISystem for world NewWorld
[2015.08.27-19.08.40:096][  0]LogModuleManager:Warning: ModuleManager: Unable to load module 'C:/Program Files/Epic Games/4.8/Engine/Binaries/Win64/UE4Editor-XAudio2.dll' because the file couldn't be loaded by the OS.
[2015.08.27-19.08.40:193][  0]LogDerivedDataCache: Saved boot cache 0.10s 53MB C:/Users/Samantha/AppData/Local/UnrealEngine/4.8/DerivedDataCache/Boot.ddc.
[2015.08.27-19.08.40:210][  0]LogInit: Texture streaming: Disabled
[2015.08.27-19.08.40:315][  0]LogAnalytics: Creating configured Analytics provider AnalyticsET
[2015.08.27-19.08.40:315][  0]LogAnalytics: [UEEditor.Rocket.Release] APIServer = http://et2.epicgames.com/ET2/. AppVersion = 4.8.3-2634408+++depot+UE4-Releases+4.8
[2015.08.27-19.08.40:315][  0]LogAnalytics: [UEEditor.Rocket.Release] SetUserId 46872bea408cfcc0100ac385d2b5ce07|e22a3db169b04f708165eaff958a9646|097015b1-a59a-4201-b460-717027cc9fe8
[2015.08.27-19.08.40:316][  0]LogAnalytics: [UEEditor.Rocket.Release] AnalyticsET::StartSession
[2015.08.27-19.08.40:473][  0]LogInit: Transaction tracking system initialized
[2015.08.27-19.08.41:461][  0]BlueprintLog: New page: Editor Load
[2015.08.27-19.08.41:581][  0]LogAssetRegistry: FAssetRegistry took 0.0114 seconds to start up
[2015.08.27-19.08.41:582][  0]LogDirectoryWatcher:Warning: Failed to begin reading directory changes for ../../../Engine/Plugins/Experimental/CharacterAI/Content/. Error: 0
[2015.08.27-19.08.45:336][  0]LogConsoleManager:Warning: Console variable 'r.VSync' wasn't set ('GameSetting' has a lower priority than 'SystemSettingsIni')
[2015.08.27-19.08.45:337][  0]LogConsoleResponse:Display: 
[2015.08.27-19.08.45:749][  0]LogCook:Display: Done creating registry. It took  0.00s.
[2015.08.27-19.08.46:954][  0]SourceControl: Info Source control is disabled
[2015.08.27-19.08.46:954][  0]Cmd: MAP LOAD FILE="../../../../../../Users/Samantha/Desktop/God-Killer/Content/Scene/NewCave.umap" TEMPLATE=0 SHOWPROGRESS=1 FEATURELEVEL=3
[2015.08.27-19.08.46:955][  0]LightingResults: New page: Lighting Build
[2015.08.27-19.08.47:001][  0]MapCheck: New page: Map Check
[2015.08.27-19.08.47:001][  0]LightingResults: New page: Lighting Build
[2015.08.27-19.08.47:054][  0]LogParticles: Destroying 0 GPU particle simulations for FXSystem 0x0000001F1B429300
[2015.08.27-19.08.50:471][  0]LogBlueprint:Warning: [compiler GnawmersHealth] Warning 'gnawmers' is already a 'Enemy 1', you don't need  Cast To Enemy1 .
[2015.08.27-19.08.50:473][  0]LogBlueprint:Warning: [compiler GnawmersHealth] Warning [0096.60] Compile of GnawmersHealth successful, but with 1 Warning(s) [in 32 ms]
[2015.08.27-19.08.50:473][  0]LogBlueprint:Warning: [compiler GnawmersHealth] Warning [0096.60] Compile of GnawmersHealth successful, but with 2 Warning(s) [in 0 ms]
[2015.08.27-19.08.50:473][  0]LogBlueprint:Warning: [compiler GnawmersHealth] Warning [0096.60] Compile of GnawmersHealth successful, but with 3 Warning(s) [in 0 ms]
[2015.08.27-19.08.51:909][  0]LogBlueprint:Warning: [compiler Gui] Warning 'gnawmers' is already a 'Enemy 1', you don't need  Cast To Enemy1 .
[2015.08.27-19.08.51:935][  0]LogBlueprint:Warning: [compiler Gui] Warning [0098.06] Compile of Gui successful, but with 1 Warning(s) [in 108 ms]
[2015.08.27-19.08.51:937][  0]LogBlueprint:Warning: [compiler Gui] Warning [0098.06] Compile of Gui successful, but with 2 Warning(s) [in 1 ms]
[2015.08.27-19.08.51:937][  0]LogBlueprint:Warning: [compiler Gui] Warning [0098.06] Compile of Gui successful, but with 3 Warning(s) [in 0 ms]
[2015.08.27-19.08.55:850][  0]LogBlueprint:Warning: [compiler Gui] Warning 'gnawmers' is already a 'Enemy 1', you don't need  Cast To Enemy1 .
[2015.08.27-19.08.55:866][  0]LogBlueprint:Warning: [compiler Gui] Warning [0101.99] Compile of Gui successful, but with 1 Warning(s) [in 64 ms]
[2015.08.27-19.08.55:869][  0]LogBlueprint:Warning: [compiler Gui] Warning [0102.00] Compile of Gui successful, but with 2 Warning(s) [in 2 ms]
[2015.08.27-19.08.56:035][  0]LogBlueprint:Warning: [compiler GnawmersHealth] Warning 'gnawmers' is already a 'Enemy 1', you don't need  Cast To Enemy1 .
[2015.08.27-19.08.56:036][  0]LogBlueprint:Warning: [compiler GnawmersHealth] Warning [0102.16] Compile of GnawmersHealth successful, but with 1 Warning(s) [in 21 ms]
[2015.08.27-19.08.56:037][  0]LogBlueprint:Warning: [compiler GnawmersHealth] Warning [0102.16] Compile of GnawmersHealth successful, but with 2 Warning(s) [in 0 ms]
[2015.08.27-19.09.45:027][  0]LogAIModule: Creating AISystem for world NewCave
[2015.08.27-19.09.49:656][  0]LogEditorServer: Finished looking for orphan Actors (0.000 secs)
[2015.08.27-19.09.49:661][  0]Cmd: MAP CHECKDEP NOCLEARLOG
[2015.08.27-19.09.49:950][  0]MapCheck: Info Map check complete: 0 Error(s), 0 Warning(s), took 289.138ms to complete.
[2015.08.27-19.09.49:951][  0]LogFileHelpers: Loading map 'NewCave' took 62.997
[2015.08.27-19.09.50:182][  0]LogCollectionManager: Loaded 0 collections in 0.006802 seconds
[2015.08.27-19.09.50:205][  0]LogContentBrowser: Native class hierarchy populated in 0.0224 seconds. Added 1792 classes and 301 folders.
[2015.08.27-19.09.50:430][  0]LogContentBrowser: Native class hierarchy updated for 'WidgetCarousel' in 0.0007 seconds. Added 0 classes and 0 folders.
[2015.08.27-19.09.51:141][  0]LogContentBrowser: Native class hierarchy updated for 'AddContentDialog' in 0.0012 seconds. Added 0 classes and 0 folders.
[2015.08.27-19.09.51:437][  0]LogContentBrowser: Native class hierarchy updated for 'SceneOutliner' in 0.0011 seconds. Added 1 classes and 2 folders.
[2015.08.27-19.09.51:679][  0]LogCrashTracker: Crashtracker disabled due to settings.
[2015.08.27-19.09.51:683][  0]LogD3D11RHI: InitD3DDevice
[2015.08.27-19.09.51:690][  0]LogUObjectGlobals:Warning: Failed to find object 'Class None.'
[2015.08.27-19.09.51:715][  0]LogLoad: Full Startup: 157.84 seconds (BP compile: 7.95 seconds)
[2015.08.27-19.09.52:551][  0]LogContentStreaming: Texture pool size is 0.000000MB
[2015.08.27-19.09.53:222][  0]LogContentStreaming: Texture pool size now 1000 MB
[2015.08.27-19.09.53:659][  0]LogRenderer: Reallocating scene render targets to support 832x712 (Frame:2).
[2015.08.27-19.09.55:629][  1]Cmd: UpdateLandscapeEditorData -warnings
[2015.08.27-19.09.55:682][  1]Cmd: UpdateLandscapeEditorData
[2015.08.27-19.09.56:341][  2]LogD3D11RHI: InitD3DDevice
[2015.08.27-19.10.12:984][ 51]LogAssetRegistry: Asset discovery search completed in 91.4145 seconds
[2015.08.27-19.11.25:818][287]LogEditorViewport: Clicking on Actor (context menu): Landscape (Landscape)
[2015.08.27-19.11.26:089][287]LogD3D11RHI: InitD3DDevice
[2015.08.27-19.11.27:027][307]LogD3D11RHI: InitD3DDevice
[2015.08.27-19.12.10:561][874]BlueprintLog: New page: Pre-PIE auto-recompile
[2015.08.27-19.12.10:562][874]LogPlayLevel: [PIE] Compiling NewCave before PIE...
[2015.08.27-19.12.10:959][874]LogActorComponent: UnregisterComponent: (/Engine/Transient.CharMoveComp) Not registered. Aborting.
[2015.08.27-19.12.12:694][874]LogPlayLevel: PIE:  Blueprint regeneration took 2132 ms (1 blueprints)
[2015.08.27-19.12.12:851][874]PIE: New page: PIE session: NewCave (Aug 27, 2015, 5:12:12 AM)
[2015.08.27-19.12.12:852][874]LogPlayLevel: Creating play world package: /Game/Scene/UEDPIE_0_NewCave
[2015.08.27-19.12.13:157][874]LogPlayLevel: PIE: StaticDuplicateObject took: (0.304938s)
[2015.08.27-19.12.13:159][874]LogAIModule: Creating AISystem for world NewCave
[2015.08.27-19.12.13:161][874]LogPlayLevel: PIE: World Init took: (0.003611s)
[2015.08.27-19.12.13:162][874]LogPlayLevel: PIE: Created PIE world by copying editor world from /Game/Scene/NewCave.NewCave to /Game/Scene/UEDPIE_0_NewCave.NewCave (0.309800s)
[2015.08.27-19.12.13:531][874]LogWorld: Game class is 'ThirdPersonGameMode_C'
[2015.08.27-19.12.14:809][874]LogWorld:Warning: *** WARNING - PATHS MAY NOT BE VALID ***
[2015.08.27-19.12.14:809][874]LogWorld: Bringing World /Game/Scene/UEDPIE_0_NewCave.NewCave up for play (max tick rate 60) at 2015.08.27-12.12.14
[2015.08.27-19.12.14:810][874]LogActor:Warning: GameSession /Game/Scene/UEDPIE_0_NewCave.NewCave:PersistentLevel.GameSession_0 has natively added scene component(s), but none of them were set as the actor's RootComponent - picking one arbitrarily
[2015.08.27-19.12.14:811][874]LogActor:Warning: GameNetworkManager /Game/Scene/UEDPIE_0_NewCave.NewCave:PersistentLevel.GameNetworkManager_0 has natively added scene component(s), but none of them were set as the actor's RootComponent - picking one arbitrarily
[2015.08.27-19.12.14:837][874]LogWorld: Bringing up level for play took: 1.302138
[2015.08.27-19.12.14:870][874]LogScript:Warning: Accessed None 'CallFunc_Array_Get_Item'
	KeySpawner_C /Game/Scene/UEDPIE_0_NewCave.NewCave:PersistentLevel.KeySpawner_C_0
	Function /Game/Key/KeySpawner.KeySpawner_C:ExecuteUbergraph_KeySpawner:0410
[2015.08.27-19.12.14:871][874]PIE:Error: Error Accessed None 'CallFunc_Array_Get_Item' from node SpawnActor in graph 'EventGraph' in blueprint KeySpawner
[2015.08.27-19.12.14:871][874]LogScript:Warning: Accessed None 'CallFunc_Array_Get_Item'
	KeySpawner_C /Game/Scene/UEDPIE_0_NewCave.NewCave:PersistentLevel.KeySpawner_C_0
	Function /Game/Key/KeySpawner.KeySpawner_C:ExecuteUbergraph_KeySpawner:050C
[2015.08.27-19.12.14:871][874]PIE:Error: Error Accessed None 'CallFunc_Array_Get_Item' from node SpawnActor in graph 'EventGraph' in blueprint KeySpawner
[2015.08.27-19.12.14:873][874]LogScript:Warning: Accessed None 'CallFunc_Array_Get_Item'
	KeySpawner_C /Game/Scene/UEDPIE_0_NewCave.NewCave:PersistentLevel.KeySpawner_C_0
	Function /Game/Key/KeySpawner.KeySpawner_C:ExecuteUbergraph_KeySpawner:0605
[2015.08.27-19.12.14:873][874]PIE:Error: Error Accessed None 'CallFunc_Array_Get_Item' from node SetActorLocation in graph 'EventGraph' in blueprint KeySpawner
[2015.08.27-19.12.14:875][874]LogScript:Warning: Accessed None 'CallFunc_Array_Get_Item'
	KeySpawner_C /Game/Scene/UEDPIE_0_NewCave.NewCave:PersistentLevel.KeySpawner_C_0
	Function /Game/Key/KeySpawner.KeySpawner_C:ExecuteUbergraph_KeySpawner:0410
[2015.08.27-19.12.14:876][874]PIE:Error: Error Accessed None 'CallFunc_Array_Get_Item' from node SpawnActor in graph 'EventGraph' in blueprint KeySpawner
[2015.08.27-19.12.14:876][874]LogScript:Warning: Accessed None 'CallFunc_Array_Get_Item'
	KeySpawner_C /Game/Scene/UEDPIE_0_NewCave.NewCave:PersistentLevel.KeySpawner_C_0
	Function /Game/Key/KeySpawner.KeySpawner_C:ExecuteUbergraph_KeySpawner:050C
[2015.08.27-19.12.14:876][874]PIE:Error: Error Accessed None 'CallFunc_Array_Get_Item' from node SpawnActor in graph 'EventGraph' in blueprint KeySpawner
[2015.08.27-19.12.14:877][874]LogScript:Warning: Accessed None 'CallFunc_Array_Get_Item'
	KeySpawner_C /Game/Scene/UEDPIE_0_NewCave.NewCave:PersistentLevel.KeySpawner_C_0
	Function /Game/Key/KeySpawner.KeySpawner_C:ExecuteUbergraph_KeySpawner:0605
[2015.08.27-19.12.14:878][874]PIE:Error: Error Accessed None 'CallFunc_Array_Get_Item' from node SetActorLocation in graph 'EventGraph' in blueprint KeySpawner
[2015.08.27-19.12.14:880][874]PIE: Info Play in editor start time for /Game/Scene/UEDPIE_0_NewCave 4.574
[2015.08.27-19.12.15:050][874]LogScript:Warning: Accessed None 'K2Node_DynamicCast_AsThird_Person_Character2'
	SuccessScreen_C /Engine/Transient.UnrealEdEngine_0:GameInstance_0.SuccessScreen_C_0
	Function /Game/GUI/SuccessScreen.SuccessScreen_C:ExecuteUbergraph_SuccessScreen:0040
[2015.08.27-19.12.24:924][918]LogScript:Warning: Accessed None 'Player'
	Enemy1_C /Game/Scene/UEDPIE_0_NewCave.NewCave:PersistentLevel.Enemy1_C_1
	Function /Game/Enemy1/Enemy1.Enemy1_C:ExecuteUbergraph_Enemy1:0086
[2015.08.27-19.12.24:924][918]PIE:Error: Error Accessed None 'Player' from node Branch in graph 'EventGraph' in blueprint Enemy1
[2015.08.27-19.12.24:955][918]LogScript:Warning: Accessed None 'Player'
	Enemy1_C /Game/Scene/UEDPIE_0_NewCave.NewCave:PersistentLevel.Enemy1_C_4
	Function /Game/Enemy1/Enemy1.Enemy1_C:ExecuteUbergraph_Enemy1:0086
[2015.08.27-19.12.24:955][918]PIE:Error: Error Accessed None 'Player' from node Branch in graph 'EventGraph' in blueprint Enemy1
[2015.08.27-19.13.05:828][ 91]LogParticles: Destroying 0 GPU particle simulations for FXSystem 0x0000001F2402C540
[2015.08.27-19.13.05:898][ 91]LogD3D11RHI: InitD3DDevice
[2015.08.27-19.13.18:608][163]LogD3D11RHI: InitD3DDevice
[2015.08.27-19.13.18:690][163]LogD3D11RHI: InitD3DDevice
[2015.08.27-19.13.18:966][163]LogLinker:Warning: Asset '../../../Engine/Content/ArtTools/RenderToTexture/Macros/RenderToTextureMacros.uasset' has been saved with empty engine version. The asset will be loaded but may be incompatible.
[2015.08.27-19.13.19:240][163]LogLinker:Warning: Asset '../../../Engine/Content/ArtTools/RenderToTexture/Enums/RenderToTexture_Enum.uasset' has been saved with empty engine version. The asset will be loaded but may be incompatible.
[2015.08.27-19.13.46:119][282]LogD3D11RHI: InitD3DDevice
[2015.08.27-19.14.02:377][472]BlueprintLog: New page: Compile Crystal1
[2015.08.27-19.14.02:937][472]BlueprintEditorCompileResults: Info [0409.06] Compile of Crystal1 successful! [in 560 ms]
[2015.08.27-19.14.05:538][486]LogD3D11RHI: InitD3DDevice
[2015.08.27-19.14.05:632][486]Cmd: OBJ SAVEPACKAGE PACKAGE="/Game/Crysral11/Crystal1" FILE="../../../../../../Users/Samantha/Desktop/God-Killer/Content/Crysral11/Crystal1.uasset" SILENT=true
[2015.08.27-19.14.05:820][486]LogSavePackage: Save=89.638542ms
[2015.08.27-19.14.05:822][486]LogSavePackage: Moving '../../../../../../Users/Samantha/Desktop/God-Killer/Saved/Crystal1BE41659F43885EB301F9F28D5546A5BA.tmp' to '../../../../../../Users/Samantha/Desktop/God-Killer/Content/Crysral11/Crystal1.uasset'
[2015.08.27-19.14.27:099][729]LogD3D11RHI: InitD3DDevice
[2015.08.27-19.14.32:612][887]LogD3D11RHI: InitD3DDevice
[2015.08.27-19.14.32:701][887]Cmd: OBJ SAVEPACKAGE PACKAGE="/Game/Scene/NewCave" FILE="../../../../../../Users/Samantha/Desktop/God-Killer/Content/Scene/NewCave.umap" SILENT=true AUTOSAVING=false KEEPDIRTY=false
[2015.08.27-19.14.34:631][887]LogSavePackage: Save=1665.919800ms
[2015.08.27-19.14.34:631][887]LogSavePackage: Moving '../../../../../../Users/Samantha/Desktop/God-Killer/Saved/NewCave760FCFD34BDAEAD1492716B86ED3D448.tmp' to '../../../../../../Users/Samantha/Desktop/God-Killer/Content/Scene/NewCave.umap'
[2015.08.27-19.15.07:988][ 52]LogD3D11RHI: InitD3DDevice
[2015.08.27-19.15.11:593][149]LogD3D11RHI: InitD3DDevice
[2015.08.27-19.15.18:620][350]LogRenderer: Reallocating scene render targets to support 968x712 (Frame:848).
[2015.08.27-19.17.05:253][841]LogD3D11RHI: InitD3DDevice
[2015.08.27-19.18.49:580][ 63]LogD3D11RHI: InitD3DDevice
[2015.08.27-19.18.51:866][156]LogD3D11RHI: InitD3DDevice
[2015.08.27-19.18.52:627][181]LogD3D11RHI: InitD3DDevice
[2015.08.27-19.18.57:199][362]LogContentStreaming: Texture pool size now 700 MB
[2015.08.27-19.18.57:466][364]LogRenderer: Reallocating scene render targets to support 968x712 (Frame:1229).
[2015.08.27-19.19.14:788][ 26]LogD3D11RHI: InitD3DDevice
[2015.08.27-19.19.20:357][225]BlueprintLog: New page: Pre-PIE auto-recompile
[2015.08.27-19.19.20:400][225]LogPlayLevel: [PIE] Compiling NewCave before PIE...
[2015.08.27-19.19.20:919][225]LogPlayLevel: PIE:  Blueprint regeneration took 561 ms (1 blueprints)
[2015.08.27-19.19.20:919][225]PIE: New page: PIE session: NewCave (Aug 27, 2015, 5:19:20 AM)
[2015.08.27-19.19.20:920][225]LogPlayLevel: Creating play world package: /Game/Scene/UEDPIE_0_NewCave
[2015.08.27-19.19.21:222][225]LogPlayLevel: PIE: StaticDuplicateObject took: (0.302169s)
[2015.08.27-19.19.21:224][225]LogAIModule: Creating AISystem for world NewCave
[2015.08.27-19.19.21:226][225]LogPlayLevel: PIE: World Init took: (0.003428s)
[2015.08.27-19.19.21:227][225]LogPlayLevel: PIE: Created PIE world by copying editor world from /Game/Scene/NewCave.NewCave to /Game/Scene/UEDPIE_0_NewCave.NewCave (0.306684s)
[2015.08.27-19.19.21:464][225]LogWorld: Game class is 'ThirdPersonGameMode_C'
[2015.08.27-19.19.21:923][225]LogWorld:Warning: *** WARNING - PATHS MAY NOT BE VALID ***
[2015.08.27-19.19.21:923][225]LogWorld: Bringing World /Game/Scene/UEDPIE_0_NewCave.NewCave up for play (max tick rate 60) at 2015.08.27-12.19.21
[2015.08.27-19.19.21:923][225]LogActor:Warning: GameSession /Game/Scene/UEDPIE_0_NewCave.NewCave:PersistentLevel.GameSession_1 has natively added scene component(s), but none of them were set as the actor's RootComponent - picking one arbitrarily
[2015.08.27-19.19.21:924][225]LogActor:Warning: GameNetworkManager /Game/Scene/UEDPIE_0_NewCave.NewCave:PersistentLevel.GameNetworkManager_1 has natively added scene component(s), but none of them were set as the actor's RootComponent - picking one arbitrarily
[2015.08.27-19.19.21:950][225]LogWorld: Bringing up level for play took: 0.481858
[2015.08.27-19.19.21:980][225]LogScript:Warning: Accessed None 'CallFunc_Array_Get_Item'
	KeySpawner_C /Game/Scene/UEDPIE_0_NewCave.NewCave:PersistentLevel.KeySpawner_C_0
	Function /Game/Key/KeySpawner.KeySpawner_C:ExecuteUbergraph_KeySpawner:0410
[2015.08.27-19.19.21:980][225]PIE:Error: Error Accessed None 'CallFunc_Array_Get_Item' from node SpawnActor in graph 'EventGraph' in blueprint KeySpawner
[2015.08.27-19.19.21:980][225]LogScript:Warning: Accessed None 'CallFunc_Array_Get_Item'
	KeySpawner_C /Game/Scene/UEDPIE_0_NewCave.NewCave:PersistentLevel.KeySpawner_C_0
	Function /Game/Key/KeySpawner.KeySpawner_C:ExecuteUbergraph_KeySpawner:050C
[2015.08.27-19.19.21:981][225]PIE:Error: Error Accessed None 'CallFunc_Array_Get_Item' from node SpawnActor in graph 'EventGraph' in blueprint KeySpawner
[2015.08.27-19.19.21:982][225]LogScript:Warning: Accessed None 'CallFunc_Array_Get_Item'
	KeySpawner_C /Game/Scene/UEDPIE_0_NewCave.NewCave:PersistentLevel.KeySpawner_C_0
	Function /Game/Key/KeySpawner.KeySpawner_C:ExecuteUbergraph_KeySpawner:0605
[2015.08.27-19.19.21:982][225]PIE:Error: Error Accessed None 'CallFunc_Array_Get_Item' from node SetActorLocation in graph 'EventGraph' in blueprint KeySpawner
[2015.08.27-19.19.21:982][225]PIE: Info Play in editor start time for /Game/Scene/UEDPIE_0_NewCave 1.676
[2015.08.27-19.19.22:012][225]LogScript:Warning: Accessed None 'K2Node_DynamicCast_AsThird_Person_Character2'
	SuccessScreen_C /Engine/Transient.UnrealEdEngine_0:GameInstance_1.SuccessScreen_C_1
	Function /Game/GUI/SuccessScreen.SuccessScreen_C:ExecuteUbergraph_SuccessScreen:0040
[2015.08.27-19.19.29:866][278]LogD3D11RHI: InitD3DDevice
[2015.08.27-19.19.31:474][343]LogD3D11RHI: InitD3DDevice
[2015.08.27-19.19.39:279][700]LogD3D11RHI: InitD3DDevice
[2015.08.27-19.19.40:719][765]LogD3D11RHI: InitD3DDevice
[2015.08.27-19.19.44:077][919]LogD3D11RHI: InitD3DDevice
[2015.08.27-19.19.44:262][926]LogD3D11RHI: InitD3DDevice
[2015.08.27-19.19.53:265][250]LogScript:Warning: Accessed None 'Player'
	Enemy1_C /Game/Scene/UEDPIE_0_NewCave.NewCave:PersistentLevel.Enemy1_C_6
	Function /Game/Enemy1/Enemy1.Enemy1_C:ExecuteUbergraph_Enemy1:0086
[2015.08.27-19.19.53:266][250]PIE:Error: Error Accessed None 'Player' from node Branch in graph 'EventGraph' in blueprint Enemy1
[2015.08.27-19.19.53:288][250]LogScript:Warning: Accessed None 'Player'
	Enemy1_C /Game/Scene/UEDPIE_0_NewCave.NewCave:PersistentLevel.Enemy1_C_9
	Function /Game/Enemy1/Enemy1.Enemy1_C:ExecuteUbergraph_Enemy1:0086
[2015.08.27-19.19.53:289][250]PIE:Error: Error Accessed None 'Player' from node Branch in graph 'EventGraph' in blueprint Enemy1
[2015.08.27-19.20.43:221][584]LogBlueprintUserMessages: 1.0
[2015.08.27-19.20.58:839][676]LogParticles: Destroying 0 GPU particle simulations for FXSystem 0x0000001F14E5A200
[2015.08.27-19.20.58:911][676]LogD3D11RHI: InitD3DDevice
[2015.08.27-19.21.17:617][788]LogD3D11RHI: InitD3DDevice
[2015.08.27-19.21.38:943][303]LogD3D11RHI: InitD3DDevice
[2015.08.27-19.21.46:457][534]LogD3D11RHI: InitD3DDevice
[2015.08.27-19.21.50:509][667]BlueprintLog: New page: Compile HercBp
[2015.08.27-19.21.51:136][667]LogActorComponent: UnregisterComponent: (/Engine/Transient.CharMoveComp) Not registered. Aborting.
[2015.08.27-19.21.51:362][667]BlueprintEditorCompileResults: Info [0877.49] Compile of HercBp successful! [in 852 ms]
[2015.08.27-19.21.57:437][882]LogD3D11RHI: InitD3DDevice
[2015.08.27-19.21.57:562][882]Cmd: OBJ SAVEPACKAGE PACKAGE="/Game/Herc/HercAi/HercBp" FILE="../../../../../../Users/Samantha/Desktop/God-Killer/Content/Herc/HercAi/HercBp.uasset" SILENT=true
[2015.08.27-19.21.58:135][882]LogSavePackage: Save=482.856750ms
[2015.08.27-19.21.58:135][882]LogSavePackage: Moving '../../../../../../Users/Samantha/Desktop/God-Killer/Saved/HercBp88C7C26E44D9832EE9FBF5BAFFB50945.tmp' to '../../../../../../Users/Samantha/Desktop/God-Killer/Content/Herc/HercAi/HercBp.uasset'
[2015.08.27-19.22.03:378][992]BlueprintLog: New page: Pre-PIE auto-recompile
[2015.08.27-19.22.03:410][992]LogPlayLevel: [PIE] Compiling NewCave before PIE...
[2015.08.27-19.22.03:683][992]LogActorComponent: UnregisterComponent: (/Engine/Transient.CharMoveComp) Not registered. Aborting.
[2015.08.27-19.22.03:906][992]LogPlayLevel: PIE:  Blueprint regeneration took 527 ms (1 blueprints)
[2015.08.27-19.22.03:907][992]PIE: New page: PIE session: NewCave (Aug 27, 2015, 5:22:03 AM)
[2015.08.27-19.22.03:908][992]LogPlayLevel: Creating play world package: /Game/Scene/UEDPIE_0_NewCave
[2015.08.27-19.22.04:636][992]LogPlayLevel: PIE: StaticDuplicateObject took: (0.728182s)
[2015.08.27-19.22.04:640][992]LogAIModule: Creating AISystem for world NewCave
[2015.08.27-19.22.04:642][992]LogPlayLevel: PIE: World Init took: (0.005875s)
[2015.08.27-19.22.04:643][992]LogPlayLevel: PIE: Created PIE world by copying editor world from /Game/Scene/NewCave.NewCave to /Game/Scene/UEDPIE_0_NewCave.NewCave (0.735582s)
[2015.08.27-19.22.08:454][992]LogWorld: Game class is 'ThirdPersonGameMode_C'
[2015.08.27-19.22.08:911][992]LogWorld:Warning: *** WARNING - PATHS MAY NOT BE VALID ***
[2015.08.27-19.22.08:911][992]LogWorld: Bringing World /Game/Scene/UEDPIE_0_NewCave.NewCave up for play (max tick rate 60) at 2015.08.27-12.22.08
[2015.08.27-19.22.08:911][992]LogActor:Warning: GameSession /Game/Scene/UEDPIE_0_NewCave.NewCave:PersistentLevel.GameSession_2 has natively added scene component(s), but none of them were set as the actor's RootComponent - picking one arbitrarily
[2015.08.27-19.22.08:912][992]LogActor:Warning: GameNetworkManager /Game/Scene/UEDPIE_0_NewCave.NewCave:PersistentLevel.GameNetworkManager_2 has natively added scene component(s), but none of them were set as the actor's RootComponent - picking one arbitrarily
[2015.08.27-19.22.08:939][992]LogWorld: Bringing up level for play took: 0.481247
[2015.08.27-19.22.08:965][992]LogScript:Warning: Accessed None 'CallFunc_Array_Get_Item'
	KeySpawner_C /Game/Scene/UEDPIE_0_NewCave.NewCave:PersistentLevel.KeySpawner_C_0
	Function /Game/Key/KeySpawner.KeySpawner_C:ExecuteUbergraph_KeySpawner:0410
[2015.08.27-19.22.08:966][992]PIE:Error: Error Accessed None 'CallFunc_Array_Get_Item' from node SpawnActor in graph 'EventGraph' in blueprint KeySpawner
[2015.08.27-19.22.08:966][992]LogScript:Warning: Accessed None 'CallFunc_Array_Get_Item'
	KeySpawner_C /Game/Scene/UEDPIE_0_NewCave.NewCave:PersistentLevel.KeySpawner_C_0
	Function /Game/Key/KeySpawner.KeySpawner_C:ExecuteUbergraph_KeySpawner:050C
[2015.08.27-19.22.08:966][992]PIE:Error: Error Accessed None 'CallFunc_Array_Get_Item' from node SpawnActor in graph 'EventGraph' in blueprint KeySpawner
[2015.08.27-19.22.08:967][992]LogScript:Warning: Accessed None 'CallFunc_Array_Get_Item'
	KeySpawner_C /Game/Scene/UEDPIE_0_NewCave.NewCave:PersistentLevel.KeySpawner_C_0
	Function /Game/Key/KeySpawner.KeySpawner_C:ExecuteUbergraph_KeySpawner:0605
[2015.08.27-19.22.08:967][992]PIE:Error: Error Accessed None 'CallFunc_Array_Get_Item' from node SetActorLocation in graph 'EventGraph' in blueprint KeySpawner
[2015.08.27-19.22.08:968][992]LogScript:Warning: Accessed None 'CallFunc_Array_Get_Item'
	KeySpawner_C /Game/Scene/UEDPIE_0_NewCave.NewCave:PersistentLevel.KeySpawner_C_0
	Function /Game/Key/KeySpawner.KeySpawner_C:ExecuteUbergraph_KeySpawner:0410
[2015.08.27-19.22.08:968][992]PIE:Error: Error Accessed None 'CallFunc_Array_Get_Item' from node SpawnActor in graph 'EventGraph' in blueprint KeySpawner
[2015.08.27-19.22.08:969][992]LogScript:Warning: Accessed None 'CallFunc_Array_Get_Item'
	KeySpawner_C /Game/Scene/UEDPIE_0_NewCave.NewCave:PersistentLevel.KeySpawner_C_0
	Function /Game/Key/KeySpawner.KeySpawner_C:ExecuteUbergraph_KeySpawner:050C
[2015.08.27-19.22.08:969][992]PIE:Error: Error Accessed None 'CallFunc_Array_Get_Item' from node SpawnActor in graph 'EventGraph' in blueprint KeySpawner
[2015.08.27-19.22.08:969][992]LogScript:Warning: Accessed None 'CallFunc_Array_Get_Item'
	KeySpawner_C /Game/Scene/UEDPIE_0_NewCave.NewCave:PersistentLevel.KeySpawner_C_0
	Function /Game/Key/KeySpawner.KeySpawner_C:ExecuteUbergraph_KeySpawner:0605
[2015.08.27-19.22.08:970][992]PIE:Error: Error Accessed None 'CallFunc_Array_Get_Item' from node SetActorLocation in graph 'EventGraph' in blueprint KeySpawner
[2015.08.27-19.22.08:971][992]PIE: Info Play in editor start time for /Game/Scene/UEDPIE_0_NewCave 4.665
[2015.08.27-19.22.09:004][992]LogScript:Warning: Accessed None 'K2Node_DynamicCast_AsThird_Person_Character2'
	SuccessScreen_C /Engine/Transient.UnrealEdEngine_0:GameInstance_2.SuccessScreen_C_2
	Function /Game/GUI/SuccessScreen.SuccessScreen_C:ExecuteUbergraph_SuccessScreen:0040
[2015.08.27-19.22.18:910][ 56]LogScript:Warning: Accessed None 'Player'
	Enemy1_C /Game/Scene/UEDPIE_0_NewCave.NewCave:PersistentLevel.Enemy1_C_13
	Function /Game/Enemy1/Enemy1.Enemy1_C:ExecuteUbergraph_Enemy1:0086
[2015.08.27-19.22.18:911][ 56]PIE:Error: Error Accessed None 'Player' from node Branch in graph 'EventGraph' in blueprint Enemy1
[2015.08.27-19.22.18:937][ 56]LogScript:Warning: Accessed None 'Player'
	Enemy1_C /Game/Scene/UEDPIE_0_NewCave.NewCave:PersistentLevel.Enemy1_C_16
	Function /Game/Enemy1/Enemy1.Enemy1_C:ExecuteUbergraph_Enemy1:0086
[2015.08.27-19.22.18:938][ 56]PIE:Error: Error Accessed None 'Player' from node Branch in graph 'EventGraph' in blueprint Enemy1
[2015.08.27-19.22.24:264][ 90]LogBlueprintUserMessages: 1.0
[2015.08.27-19.22.24:264][ 90]LogBlueprintUserMessages: 0.95
[2015.08.27-19.22.24:264][ 90]LogBlueprintUserMessages: 0.9
[2015.08.27-19.22.45:217][215]LogParticles: Destroying 0 GPU particle simulations for FXSystem 0x0000001F2221EC00
[2015.08.27-19.22.45:293][215]LogD3D11RHI: InitD3DDevice
[2015.08.27-19.22.59:044][644]LogD3D11RHI: InitD3DDevice
[2015.08.27-19.23.04:012][816]LogD3D11RHI: InitD3DDevice
[2015.08.27-19.23.06:399][882]LogD3D11RHI: InitD3DDevice
[2015.08.27-19.23.11:036][ 51]LogD3D11RHI: InitD3DDevice
[2015.08.27-19.23.16:260][249]BlueprintLog: New page: Compile HercBp
[2015.08.27-19.23.16:773][249]LogActorComponent: UnregisterComponent: (/Engine/Transient.CharMoveComp) Not registered. Aborting.
[2015.08.27-19.23.17:002][249]BlueprintEditorCompileResults: Info [0963.13] Compile of HercBp successful! [in 740 ms]
[2015.08.27-19.23.17:972][281]LogD3D11RHI: InitD3DDevice
[2015.08.27-19.23.18:076][281]Cmd: OBJ SAVEPACKAGE PACKAGE="/Game/Herc/HercAi/HercBp" FILE="../../../../../../Users/Samantha/Desktop/God-Killer/Content/Herc/HercAi/HercBp.uasset" SILENT=true
[2015.08.27-19.23.18:593][281]LogSavePackage: Save=472.273987ms
[2015.08.27-19.23.18:593][281]LogSavePackage: Moving '../../../../../../Users/Samantha/Desktop/God-Killer/Saved/HercBpABE08A3A41C5FFBB813F9D96A63A9B97.tmp' to '../../../../../../Users/Samantha/Desktop/God-Killer/Content/Herc/HercAi/HercBp.uasset'
[2015.08.27-19.23.21:647][343]BlueprintLog: New page: Pre-PIE auto-recompile
[2015.08.27-19.23.21:685][343]LogPlayLevel: [PIE] Compiling NewCave before PIE...
[2015.08.27-19.23.21:983][343]LogActorComponent: UnregisterComponent: (/Engine/Transient.CharMoveComp) Not registered. Aborting.
[2015.08.27-19.23.22:166][343]LogPlayLevel: PIE:  Blueprint regeneration took 520 ms (1 blueprints)
[2015.08.27-19.23.22:167][343]PIE: New page: PIE session: NewCave (Aug 27, 2015, 5:23:22 AM)
[2015.08.27-19.23.22:168][343]LogPlayLevel: Creating play world package: /Game/Scene/UEDPIE_0_NewCave
[2015.08.27-19.23.22:750][343]LogPlayLevel: PIE: StaticDuplicateObject took: (0.581361s)
[2015.08.27-19.23.22:752][343]LogAIModule: Creating AISystem for world NewCave
[2015.08.27-19.23.22:754][343]LogPlayLevel: PIE: World Init took: (0.003752s)
[2015.08.27-19.23.22:755][343]LogPlayLevel: PIE: Created PIE world by copying editor world from /Game/Scene/NewCave.NewCave to /Game/Scene/UEDPIE_0_NewCave.NewCave (0.586268s)
[2015.08.27-19.23.22:988][343]LogWorld: Game class is 'ThirdPersonGameMode_C'
[2015.08.27-19.23.23:447][343]LogWorld:Warning: *** WARNING - PATHS MAY NOT BE VALID ***
[2015.08.27-19.23.23:447][343]LogWorld: Bringing World /Game/Scene/UEDPIE_0_NewCave.NewCave up for play (max tick rate 60) at 2015.08.27-12.23.23
[2015.08.27-19.23.23:447][343]LogActor:Warning: GameSession /Game/Scene/UEDPIE_0_NewCave.NewCave:PersistentLevel.GameSession_3 has natively added scene component(s), but none of them were set as the actor's RootComponent - picking one arbitrarily
[2015.08.27-19.23.23:448][343]LogActor:Warning: GameNetworkManager /Game/Scene/UEDPIE_0_NewCave.NewCave:PersistentLevel.GameNetworkManager_3 has natively added scene component(s), but none of them were set as the actor's RootComponent - picking one arbitrarily
[2015.08.27-19.23.23:480][343]LogWorld: Bringing up level for play took: 0.488870
[2015.08.27-19.23.23:510][343]PIE: Info Play in editor start time for /Game/Scene/UEDPIE_0_NewCave 1.204
[2015.08.27-19.23.23:543][343]LogScript:Warning: Accessed None 'K2Node_DynamicCast_AsThird_Person_Character2'
	SuccessScreen_C /Engine/Transient.UnrealEdEngine_0:GameInstance_3.SuccessScreen_C_3
	Function /Game/GUI/SuccessScreen.SuccessScreen_C:ExecuteUbergraph_SuccessScreen:0040
[2015.08.27-19.23.31:923][401]LogBlueprintUserMessages: 1.0
[2015.08.27-19.23.31:924][401]LogBlueprintUserMessages: 0.95
[2015.08.27-19.23.31:924][401]LogBlueprintUserMessages: 0.9
[2015.08.27-19.23.33:251][410]LogScript:Warning: Accessed None 'Player'
	Enemy1_C /Game/Scene/UEDPIE_0_NewCave.NewCave:PersistentLevel.Enemy1_C_19
	Function /Game/Enemy1/Enemy1.Enemy1_C:ExecuteUbergraph_Enemy1:0086
[2015.08.27-19.23.33:251][410]PIE:Error: Error Accessed None 'Player' from node Branch in graph 'EventGraph' in blueprint Enemy1
[2015.08.27-19.23.33:274][410]LogScript:Warning: Accessed None 'Player'
	Enemy1_C /Game/Scene/UEDPIE_0_NewCave.NewCave:PersistentLevel.Enemy1_C_22
	Function /Game/Enemy1/Enemy1.Enemy1_C:ExecuteUbergraph_Enemy1:0086
[2015.08.27-19.23.33:274][410]PIE:Error: Error Accessed None 'Player' from node Branch in graph 'EventGraph' in blueprint Enemy1
[2015.08.27-19.23.34:492][419]LogBlueprintUserMessages: 0.85
[2015.08.27-19.23.34:493][419]LogBlueprintUserMessages: 0.8
[2015.08.27-19.23.34:493][419]LogBlueprintUserMessages: 0.75
[2015.08.27-19.23.42:562][472]LogBlueprintUserMessages: 0.688
[2015.08.27-19.23.42:562][472]LogBlueprintUserMessages: 0.638
[2015.08.27-19.23.42:563][472]LogBlueprintUserMessages: 0.588
[2015.08.27-19.23.44:411][483]LogBlueprintUserMessages: 0.538
[2015.08.27-19.23.44:411][483]LogBlueprintUserMessages: 0.488
[2015.08.27-19.23.44:411][483]LogBlueprintUserMessages: 0.438
[2015.08.27-19.23.44:762][485]LogBlueprintUserMessages: 0.388
[2015.08.27-19.23.44:763][485]LogBlueprintUserMessages: 0.338
[2015.08.27-19.23.44:763][485]LogBlueprintUserMessages: 0.288
[2015.08.27-19.23.47:664][504]LogBlueprintUserMessages: 0.238
[2015.08.27-19.23.47:665][504]LogBlueprintUserMessages: 0.188
[2015.08.27-19.23.47:665][504]LogBlueprintUserMessages: 0.138
[2015.08.27-19.23.49:114][511]LogParticles: Destroying 0 GPU particle simulations for FXSystem 0x0000001F2221F4C0
[2015.08.27-19.23.49:177][511]LogD3D11RHI: InitD3DDevice
[2015.08.27-19.24.56:299][614]LogD3D11RHI: InitD3DDevice
[2015.08.27-19.24.58:783][699]LogD3D11RHI: InitD3DDevice
[2015.08.27-19.25.02:071][820]LogD3D11RHI: InitD3DDevice
[2015.08.27-19.25.05:299][913]LogD3D11RHI: InitD3DDevice
[2015.08.27-19.25.07:697][  4]LogD3D11RHI: InitD3DDevice
[2015.08.27-19.25.11:173][128]BlueprintLog: New page: Compile HercBp
[2015.08.27-19.25.11:692][128]LogActorComponent: UnregisterComponent: (/Engine/Transient.CharMoveComp) Not registered. Aborting.
[2015.08.27-19.25.11:918][128]BlueprintEditorCompileResults: Info [1078.05] Compile of HercBp successful! [in 745 ms]
[2015.08.27-19.25.13:900][201]LogD3D11RHI: InitD3DDevice
[2015.08.27-19.25.14:005][201]Cmd: OBJ SAVEPACKAGE PACKAGE="/Game/Herc/HercAi/HercBp" FILE="../../../../../../Users/Samantha/Desktop/God-Killer/Content/Herc/HercAi/HercBp.uasset" SILENT=true
[2015.08.27-19.25.14:469][201]LogSavePackage: Save=432.841827ms
[2015.08.27-19.25.14:469][201]LogSavePackage: Moving '../../../../../../Users/Samantha/Desktop/God-Killer/Saved/HercBp310AABE5434AF3163D17D8A163066D39.tmp' to '../../../../../../Users/Samantha/Desktop/God-Killer/Content/Herc/HercAi/HercBp.uasset'
[2015.08.27-19.26.02:902][853]LogD3D11RHI: InitD3DDevice
[2015.08.27-19.26.02:940][853]Cmd: OBJ SAVEPACKAGE PACKAGE="/Game/Herc/HercAi/HercBp" FILE="../../../../../../Users/Samantha/Desktop/God-Killer/Content/Herc/HercAi/HercBp.uasset" SILENT=true
[2015.08.27-19.26.03:401][853]LogSavePackage: Save=430.187103ms
[2015.08.27-19.26.03:401][853]LogSavePackage: Moving '../../../../../../Users/Samantha/Desktop/God-Killer/Saved/HercBpEEEE963246724167B59660A43007B054.tmp' to '../../../../../../Users/Samantha/Desktop/God-Killer/Content/Herc/HercAi/HercBp.uasset'
[2015.08.27-19.26.41:798][758]LogD3D11RHI: InitD3DDevice
[2015.08.27-19.26.43:855][770]LogD3D11RHI: InitD3DDevice
[2015.08.27-19.26.45:409][782]LogD3D11RHI: InitD3DDevice
[2015.08.27-19.26.45:630][782]LogD3D11RHI: InitD3DDevice
[2015.08.27-19.28.18:818][793]LogD3D11RHI: InitD3DDevice
[2015.08.27-19.28.21:304][810]LogD3D11RHI: InitD3DDevice
[2015.08.27-19.28.55:369][908]LogD3D11RHI: InitD3DDevice
[2015.08.27-19.29.23:277][117]LogD3D11RHI: InitD3DDevice
[2015.08.27-19.29.24:124][117]LogActorComponent: UnregisterComponent: (/Engine/Transient.CharMoveComp) Not registered. Aborting.
[2015.08.27-19.29.24:349][117]Cmd: OBJ SAVEPACKAGE PACKAGE="/Game/Scene/NewCave" FILE="../../../../../../Users/Samantha/Desktop/God-Killer/Saved/Autosaves/Game/Scene/NewCave_Auto1.umap" SILENT=true AUTOSAVING=true KEEPDIRTY=false
[2015.08.27-19.29.26:336][117]LogSavePackage: Save=1578.205933ms
[2015.08.27-19.29.26:355][117]LogSavePackage: Moving '../../../../../../Users/Samantha/Desktop/God-Killer/Saved/NewCave_Auto1B664538441592A4FF6EDB09B7191E39C.tmp' to '../../../../../../Users/Samantha/Desktop/God-Killer/Saved/Autosaves/Game/Scene/NewCave_Auto1.umap'
[2015.08.27-19.29.26:367][117]LogFileHelpers: Editor autosave (incl. sublevels) for '/Game/Scene/NewCave' took 2.243
[2015.08.27-19.29.26:367][117]LogFileHelpers: Editor autosave (incl. sublevels) for all levels took 2.243
[2015.08.27-19.30.05:887][422]BlueprintLog: New page: Pre-PIE auto-recompile
[2015.08.27-19.30.05:928][422]LogPlayLevel: [PIE] Compiling NewCave before PIE...
[2015.08.27-19.30.06:380][422]LogPlayLevel: PIE:  Blueprint regeneration took 492 ms (1 blueprints)
[2015.08.27-19.30.06:380][422]PIE: New page: PIE session: NewCave (Aug 27, 2015, 5:30:06 AM)
[2015.08.27-19.30.06:381][422]LogPlayLevel: Creating play world package: /Game/Scene/UEDPIE_0_NewCave
[2015.08.27-19.30.06:671][422]LogPlayLevel: PIE: StaticDuplicateObject took: (0.289465s)
[2015.08.27-19.30.06:672][422]LogAIModule: Creating AISystem for world NewCave
[2015.08.27-19.30.06:674][422]LogPlayLevel: PIE: World Init took: (0.003332s)
[2015.08.27-19.30.06:675][422]LogPlayLevel: PIE: Created PIE world by copying editor world from /Game/Scene/NewCave.NewCave to /Game/Scene/UEDPIE_0_NewCave.NewCave (0.293826s)
[2015.08.27-19.30.06:916][422]LogWorld: Game class is 'ThirdPersonGameMode_C'
[2015.08.27-19.30.07:414][422]LogWorld:Warning: *** WARNING - PATHS MAY NOT BE VALID ***
[2015.08.27-19.30.07:414][422]LogWorld: Bringing World /Game/Scene/UEDPIE_0_NewCave.NewCave up for play (max tick rate 60) at 2015.08.27-12.30.07
[2015.08.27-19.30.07:414][422]LogActor:Warning: GameSession /Game/Scene/UEDPIE_0_NewCave.NewCave:PersistentLevel.GameSession_4 has natively added scene component(s), but none of them were set as the actor's RootComponent - picking one arbitrarily
[2015.08.27-19.30.07:416][422]LogActor:Warning: GameNetworkManager /Game/Scene/UEDPIE_0_NewCave.NewCave:PersistentLevel.GameNetworkManager_4 has natively added scene component(s), but none of them were set as the actor's RootComponent - picking one arbitrarily
[2015.08.27-19.30.07:446][422]LogWorld: Bringing up level for play took: 0.526000
[2015.08.27-19.30.07:481][422]PIE: Info Play in editor start time for /Game/Scene/UEDPIE_0_NewCave 1.174
[2015.08.27-19.30.07:512][422]LogScript:Warning: Accessed None 'K2Node_DynamicCast_AsThird_Person_Character2'
	SuccessScreen_C /Engine/Transient.UnrealEdEngine_0:GameInstance_4.SuccessScreen_C_4
	Function /Game/GUI/SuccessScreen.SuccessScreen_C:ExecuteUbergraph_SuccessScreen:0040
[2015.08.27-19.30.17:406][485]LogScript:Warning: Accessed None 'Player'
	Enemy1_C /Game/Scene/UEDPIE_0_NewCave.NewCave:PersistentLevel.Enemy1_C_24
	Function /Game/Enemy1/Enemy1.Enemy1_C:ExecuteUbergraph_Enemy1:0086
[2015.08.27-19.30.17:407][485]PIE:Error: Error Accessed None 'Player' from node Branch in graph 'EventGraph' in blueprint Enemy1
[2015.08.27-19.30.17:439][485]LogScript:Warning: Accessed None 'Player'
	Enemy1_C /Game/Scene/UEDPIE_0_NewCave.NewCave:PersistentLevel.Enemy1_C_28
	Function /Game/Enemy1/Enemy1.Enemy1_C:ExecuteUbergraph_Enemy1:0086
[2015.08.27-19.30.17:439][485]PIE:Error: Error Accessed None 'Player' from node Branch in graph 'EventGraph' in blueprint Enemy1
[2015.08.27-19.30.22:896][518]LogParticles: Destroying 0 GPU particle simulations for FXSystem 0x0000001F40F6D440
[2015.08.27-19.30.22:960][518]LogD3D11RHI: InitD3DDevice
[2015.08.27-19.30.37:451][611]LogD3D11RHI: InitD3DDevice
[2015.08.27-19.32.08:566][ 94]LogD3D11RHI: InitD3DDevice
[2015.08.27-19.32.09:340][ 94]LogRenderer: Reallocating scene render targets to support 1144x712 (Frame:5271).
[2015.08.27-19.32.57:285][959]LogD3D11RHI: InitD3DDevice
[2015.08.27-19.33.24:769][134]LogD3D11RHI: InitD3DDevice
[2015.08.27-19.33.38:975][517]LogD3D11RHI: InitD3DDevice
[2015.08.27-19.33.41:502][550]LogD3D11RHI: InitD3DDevice
[2015.08.27-19.34.03:946][  8]BlueprintLog: New page: Compile Rocks
[2015.08.27-19.34.04:430][  8]LogParticles: Destroying 0 GPU particle simulations for FXSystem 0x0000001F4A822340
[2015.08.27-19.34.04:521][  8]BlueprintEditorCompileResults: Info [1610.65] Compile of Rocks successful! [in 575 ms]
[2015.08.27-19.35.40:021][234]BlueprintLog: New page: Compile Rocks
[2015.08.27-19.35.40:564][234]BlueprintEditorCompileResults: Info [1706.69] Compile of Rocks successful! [in 543 ms]
[2015.08.27-19.35.42:156][266]LogD3D11RHI: InitD3DDevice
[2015.08.27-19.35.42:285][266]Cmd: OBJ SAVEPACKAGE PACKAGE="/Game/Herc/BossPower/Rocks" FILE="../../../../../../Users/Samantha/Desktop/God-Killer/Content/Herc/BossPower/Rocks.uasset" SILENT=true
[2015.08.27-19.35.42:758][266]LogSavePackage: Save=136.084839ms
[2015.08.27-19.35.42:758][266]LogSavePackage: Moving '../../../../../../Users/Samantha/Desktop/God-Killer/Saved/RocksC8046DFA466AB9AAE2EB2BA1CB90B245.tmp' to '../../../../../../Users/Samantha/Desktop/God-Killer/Content/Herc/BossPower/Rocks.uasset'
[2015.08.27-19.35.45:511][359]LogD3D11RHI: InitD3DDevice
[2015.08.27-19.35.45:621][359]Cmd: OBJ SAVEPACKAGE PACKAGE="/Game/Models/Rocks/SamRock" FILE="../../../../../../Users/Samantha/Desktop/God-Killer/Content/Models/Rocks/SamRock.uasset" SILENT=true
[2015.08.27-19.35.45:673][359]LogSavePackage: Save=48.038052ms
[2015.08.27-19.35.45:674][359]LogSavePackage: Moving '../../../../../../Users/Samantha/Desktop/God-Killer/Saved/SamRockCC2700324CC4FE0BA5C22787E17AA0B7.tmp' to '../../../../../../Users/Samantha/Desktop/God-Killer/Content/Models/Rocks/SamRock.uasset'
[2015.08.27-19.35.53:339][555]LogD3D11RHI: InitD3DDevice
[2015.08.27-19.35.53:379][555]Cmd: OBJ SAVEPACKAGE PACKAGE="/Game/Scene/NewCave" FILE="../../../../../../Users/Samantha/Desktop/God-Killer/Content/Scene/NewCave.umap" SILENT=true AUTOSAVING=false KEEPDIRTY=false
[2015.08.27-19.35.55:681][555]LogSavePackage: Save=1654.439697ms
[2015.08.27-19.35.55:681][555]LogSavePackage: Moving '../../../../../../Users/Samantha/Desktop/God-Killer/Saved/NewCave9DEB6FAD4A2B7AF6F760FA9454EA0050.tmp' to '../../../../../../Users/Samantha/Desktop/God-Killer/Content/Scene/NewCave.umap'
[2015.08.27-19.35.57:085][563]BlueprintLog: New page: Pre-PIE auto-recompile
[2015.08.27-19.35.57:117][563]LogPlayLevel: [PIE] Compiling NewCave before PIE...
[2015.08.27-19.35.57:558][563]LogPlayLevel: PIE:  Blueprint regeneration took 472 ms (1 blueprints)
[2015.08.27-19.35.57:559][563]PIE: New page: PIE session: NewCave (Aug 27, 2015, 5:35:57 AM)
[2015.08.27-19.35.57:560][563]LogPlayLevel: Creating play world package: /Game/Scene/UEDPIE_0_NewCave
[2015.08.27-19.35.58:193][563]LogPlayLevel: PIE: StaticDuplicateObject took: (0.633215s)
[2015.08.27-19.35.58:195][563]LogAIModule: Creating AISystem for world NewCave
[2015.08.27-19.35.58:197][563]LogPlayLevel: PIE: World Init took: (0.003620s)
[2015.08.27-19.35.58:198][563]LogPlayLevel: PIE: Created PIE world by copying editor world from /Game/Scene/NewCave.NewCave to /Game/Scene/UEDPIE_0_NewCave.NewCave (0.637987s)
[2015.08.27-19.35.58:430][563]LogWorld: Game class is 'ThirdPersonGameMode_C'
[2015.08.27-19.35.58:863][563]LogWorld:Warning: *** WARNING - PATHS MAY NOT BE VALID ***
[2015.08.27-19.35.58:864][563]LogWorld: Bringing World /Game/Scene/UEDPIE_0_NewCave.NewCave up for play (max tick rate 60) at 2015.08.27-12.35.58
[2015.08.27-19.35.58:864][563]LogActor:Warning: GameSession /Game/Scene/UEDPIE_0_NewCave.NewCave:PersistentLevel.GameSession_5 has natively added scene component(s), but none of them were set as the actor's RootComponent - picking one arbitrarily
[2015.08.27-19.35.58:865][563]LogActor:Warning: GameNetworkManager /Game/Scene/UEDPIE_0_NewCave.NewCave:PersistentLevel.GameNetworkManager_5 has natively added scene component(s), but none of them were set as the actor's RootComponent - picking one arbitrarily
[2015.08.27-19.35.58:891][563]LogWorld: Bringing up level for play took: 0.457570
[2015.08.27-19.35.58:919][563]LogScript:Warning: Accessed None 'CallFunc_Array_Get_Item'
	KeySpawner_C /Game/Scene/UEDPIE_0_NewCave.NewCave:PersistentLevel.KeySpawner_C_0
	Function /Game/Key/KeySpawner.KeySpawner_C:ExecuteUbergraph_KeySpawner:0410
[2015.08.27-19.35.58:919][563]PIE:Error: Error Accessed None 'CallFunc_Array_Get_Item' from node SpawnActor in graph 'EventGraph' in blueprint KeySpawner
[2015.08.27-19.35.58:919][563]LogScript:Warning: Accessed None 'CallFunc_Array_Get_Item'
	KeySpawner_C /Game/Scene/UEDPIE_0_NewCave.NewCave:PersistentLevel.KeySpawner_C_0
	Function /Game/Key/KeySpawner.KeySpawner_C:ExecuteUbergraph_KeySpawner:050C
[2015.08.27-19.35.58:919][563]PIE:Error: Error Accessed None 'CallFunc_Array_Get_Item' from node SpawnActor in graph 'EventGraph' in blueprint KeySpawner
[2015.08.27-19.35.58:920][563]PIE:Error: Error Accessed None 'CallFunc_Array_Get_Item' from node SetActorLocation in graph 'EventGraph' in blueprint KeySpawner
[2015.08.27-19.35.58:921][563]PIE:Error: Error Accessed None 'CallFunc_Array_Get_Item' from node SpawnActor in graph 'EventGraph' in blueprint KeySpawner
[2015.08.27-19.35.58:921][563]PIE:Error: Error Accessed None 'CallFunc_Array_Get_Item' from node SpawnActor in graph 'EventGraph' in blueprint KeySpawner
[2015.08.27-19.35.58:922][563]PIE:Error: Error Accessed None 'CallFunc_Array_Get_Item' from node SetActorLocation in graph 'EventGraph' in blueprint KeySpawner
[2015.08.27-19.35.58:922][563]PIE: Info Play in editor start time for /Game/Scene/UEDPIE_0_NewCave 2.616
[2015.08.27-19.35.59:209][563]LogScript:Warning: Accessed None 'K2Node_DynamicCast_AsThird_Person_Character2'
	SuccessScreen_C /Engine/Transient.UnrealEdEngine_0:GameInstance_5.SuccessScreen_C_5
	Function /Game/GUI/SuccessScreen.SuccessScreen_C:ExecuteUbergraph_SuccessScreen:0040
[2015.08.27-19.36.08:921][626]LogScript:Warning: Accessed None 'Player'
	Enemy1_C /Game/Scene/UEDPIE_0_NewCave.NewCave:PersistentLevel.Enemy1_C_31
	Function /Game/Enemy1/Enemy1.Enemy1_C:ExecuteUbergraph_Enemy1:0086
[2015.08.27-19.36.08:921][626]PIE:Error: Error Accessed None 'Player' from node Branch in graph 'EventGraph' in blueprint Enemy1
[2015.08.27-19.36.08:944][626]LogScript:Warning: Accessed None 'Player'
	Enemy1_C /Game/Scene/UEDPIE_0_NewCave.NewCave:PersistentLevel.Enemy1_C_34
	Function /Game/Enemy1/Enemy1.Enemy1_C:ExecuteUbergraph_Enemy1:0086
[2015.08.27-19.36.08:944][626]PIE:Error: Error Accessed None 'Player' from node Branch in graph 'EventGraph' in blueprint Enemy1
[2015.08.27-19.36.15:633][666]LogParticles: Destroying 0 GPU particle simulations for FXSystem 0x0000001F4AFE9120
[2015.08.27-19.36.15:700][666]LogD3D11RHI: InitD3DDevice
[2015.08.27-19.36.26:599][945]LogD3D11RHI: InitD3DDevice
[2015.08.27-19.36.34:720][183]LogD3D11RHI: InitD3DDevice
[2015.08.27-19.36.38:855][339]LogD3D11RHI: InitD3DDevice
[2015.08.27-19.36.59:916][199]LogD3D11RHI: InitD3DDevice
[2015.08.27-19.37.02:928][314]LogD3D11RHI: InitD3DDevice
[2015.08.27-19.37.08:097][527]BlueprintLog: New page: Compile Rocks
[2015.08.27-19.37.08:494][527]LogParticles: Destroying 0 GPU particle simulations for FXSystem 0x0000001F1495F420
[2015.08.27-19.37.08:580][527]BlueprintEditorCompileResults: Info [1794.71] Compil