Log file open, 04/30/15 04:50:27
LogInit:Display: Running engine for game: GodKiller
LogInit: Version: 4.7.3-2479750+++depot+UE4-Releases+4.7
LogInit: API Version: 2455222
LogInit: Compiled (64-bit): Mar 15 2015 23:20:45
LogInit: Compiled with Visual C++: 18.00.21005.01
LogInit: Build Configuration: Development
LogInit: Branch Name: ++depot+UE4-Releases+4.7
LogInit: Command line:  
LogInit: Base directory: E:/Unreal/Epic Games/4.7/Engine/Binaries/Win64/
LogInit: Rocket: 1
[2015.04.30-11.50.27:432][  0]LogTaskGraph: Started task graph with 3 named threads and 6 total threads.
[2015.04.30-11.50.27:488][  0]LogOnline:Warning: No default platform service specified for OnlineSubsystem
[2015.04.30-11.50.27:505][  0]LogInit: Presizing for 0 objects not considered by GC, pre-allocating 0 bytes.
[2015.04.30-11.50.27:518][  0]LogInit: Object subsystem initialized
[2015.04.30-11.50.27:520][  0]LogConsoleResponse:Warning: Skipping Unknown console variable: 'TranslucentSortAxis = (X=0.000000,Y=-1.000000,Z=0.000000)'
[2015.04.30-11.50.27:520][  0]LogConsoleResponse:Warning:   Found in ini file 'C:/Users/Nargon/Documents/God-Killer/Saved/Config/Windows/Engine.ini', in section '[/Script/Engine.RendererSettings]'
[2015.04.30-11.50.27:520][  0]LogConsoleResponse:Warning: Skipping Unknown console variable: 'UIScaleRule = ShortestSide'
[2015.04.30-11.50.27:520][  0]LogConsoleResponse:Warning:   Found in ini file 'C:/Users/Nargon/Documents/God-Killer/Saved/Config/Windows/Engine.ini', in section '[/Script/Engine.RendererSettings]'
[2015.04.30-11.50.27:520][  0]LogConsoleResponse:Warning: Skipping Unknown console variable: 'UIScaleCurve = (EditorCurveData=(Keys=),ExternalCurve=None)'
[2015.04.30-11.50.27:520][  0]LogConsoleResponse:Warning:   Found in ini file 'C:/Users/Nargon/Documents/God-Killer/Saved/Config/Windows/Engine.ini', in section '[/Script/Engine.RendererSettings]'
[2015.04.30-11.50.27:521][  0]LogInit: Selected Device Profile: [Windows]
[2015.04.30-11.50.27:521][  0]LogInit: Applying CVar settings loaded from the selected device profile: [Windows]
[2015.04.30-11.50.27:529][  0]LogInit: Computer: NARGON-PC
[2015.04.30-11.50.27:529][  0]LogInit: User: Nargon
[2015.04.30-11.50.27:529][  0]LogInit: CPU Page size=4096, Cores=4
[2015.04.30-11.50.27:529][  0]LogInit: High frequency timer resolution =1.948720 MHz
[2015.04.30-11.50.27:530][  0]LogMemory: Memory total: Physical=8.0GB (8GB approx) Virtual=8192.0GB
[2015.04.30-11.50.27:530][  0]LogMemory: Platform Memory Stats for Windows
[2015.04.30-11.50.27:530][  0]LogMemory: Process Physical Memory: 49.00 MB used, 49.00 MB peak
[2015.04.30-11.50.27:530][  0]LogMemory: Process Virtual Memory: 28.41 MB used, 28.41 MB peak
[2015.04.30-11.50.27:530][  0]LogMemory: Physical Memory: 5188.64 MB used, 8169.16 MB total
[2015.04.30-11.50.27:530][  0]LogMemory: Virtual Memory: 277.09 MB used, 8388608.00 MB total
[2015.04.30-11.50.27:571][  0]LogD3D11RHI: Found D3D11 adapter 0: NVIDIA GeForce GTX 560M   (Feature Level 11_0)
[2015.04.30-11.50.27:571][  0]LogD3D11RHI: Adapter has 2000MB of dedicated video memory, 0MB of dedicated system memory, and 2047MB of shared system memory, 1 output[s]
[2015.04.30-11.50.27:571][  0]LogD3D11RHI: Chosen D3D11 Adapter Id = 0
[2015.04.30-11.50.27:588][  0]LogRHI: Texture pool is 1361 MB (70% of 1945 MB)
[2015.04.30-11.50.27:600][  0]LogD3D11RHI: Async texture creation enabled
[2015.04.30-11.50.27:686][  0]LogTextLocalizationManager: The requested culture ('en_US') has no localization data; parent culture's ('en') localization data will be used.
[2015.04.30-11.50.27:777][  0]LogTextLocalizationManager:Warning: Loading localization resources contain conflicting entries for (Namespace:UICommands, Key:Save_ToolTip):
Resource: (E:/Unreal/Epic Games/4.7/Engine/Content/Localization/Editor/en/Editor.locres) Hash: (-29098895) String: (Saves the current level to disk)
Resource: (E:/Unreal/Epic Games/4.7/Engine/Content/Localization/Engine/en/Engine.locres) Hash: (-1280300587) String: (Save selected data to vlog file)
[2015.04.30-11.50.27:777][  0]LogTextLocalizationManager:Warning: Loading localization resources contain conflicting entries for (Namespace:ContentBrowser, Key:ImportAssetToolTip):
Resource: (E:/Unreal/Epic Games/4.7/Engine/Content/Localization/Editor/en/Editor.locres) Hash: (-630476809) String: (Import to {0}...)
Resource: (E:/Unreal/Epic Games/4.7/Engine/Content/Localization/Editor/en/Editor.locres) Hash: (1271782899) String: (Imports an asset from file to this folder.)
[2015.04.30-11.50.27:889][  0]LogContentStreaming: Texture pool size is 0.000000MB
[2015.04.30-11.50.31:085][  0]LogTargetPlatformManager:Display: Building Assets For Windows
[2015.04.30-11.50.31:841][  0]LogTargetPlatformManager:Display: Building Assets For Windows
[2015.04.30-11.50.31:923][  0]LogDerivedDataCache:Display: Max Cache Size: 512 MB
[2015.04.30-11.50.31:986][  0]LogDerivedDataCache: Loaded boot cache 0.06s 39MB C:/Users/Nargon/AppData/Local/UnrealEngine/4.7/DerivedDataCache/Boot.ddc.
[2015.04.30-11.50.31:986][  0]LogDerivedDataCache:Display: Loaded Boot cache: C:/Users/Nargon/AppData/Local/UnrealEngine/4.7/DerivedDataCache/Boot.ddc
[2015.04.30-11.50.31:986][  0]LogDerivedDataCache: FDerivedDataBackendGraph:  Pak pak cache file C:/Users/Nargon/Documents/God-Killer/DerivedDataCache/DDC.ddp not found, will not use a pak cache.
[2015.04.30-11.50.31:986][  0]LogDerivedDataCache: Unable to find inner node Pak for hierarchical cache Hierarchy.
[2015.04.30-11.50.32:157][  0]LogDerivedDataCache:Display: Pak cache opened for reading ../../../Engine/DerivedDataCache/Compressed.ddp.
[2015.04.30-11.50.32:169][  0]LogDerivedDataCache: Using Local data cache path C:/Users/Nargon/AppData/Local/UnrealEngine/Common/DerivedDataCache: Writable
[2015.04.30-11.50.32:629][  0]LogMeshUtilities: No automatic mesh reduction module available
[2015.04.30-11.50.32:629][  0]LogMeshUtilities: No automatic mesh merging module available
[2015.04.30-11.50.33:121][  0]LogInit: WinSock: version 1.1 (2.2), MaxSocks=32767, MaxUdp=65467
[2015.04.30-11.50.33:220][  0]LogSlate:Warning: Failed to load font data from '../../../Engine/Content/Slate/Fonts/Roboto-Italic.ttf'
[2015.04.30-11.50.34:639][  0]UdpMessaging: Initializing bridge on interface 0.0.0.0:0 to multicast group 230.0.0.1:6666.
[2015.04.30-11.50.34:885][  0]SourceControl: Info Source control is disabled
[2015.04.30-11.50.34:885][  0]SourceControl: Info Source control is disabled
[2015.04.30-11.50.34:885][  0]SourceControl: Info Source control is disabled
[2015.04.30-11.50.34:885][  0]LogSourceControl: RunCommandInternalRaw: 'git version'
[2015.04.30-11.50.34:885][  0]LogSourceControl: RunCommandInternalRaw: ExecProcess ReturnCode=2 OutResults=''
[2015.04.30-11.50.34:897][  0]SourceControl: Info Source control is disabled
[2015.04.30-11.50.35:145][  0]LogObj: 24231 objects as part of root set at end of initial load.
[2015.04.30-11.50.35:145][  0]LogUObjectAllocator: 5136440 out of 0 bytes used by permanent object pool.
[2015.04.30-11.50.35:248][  0]LogEngine: Initializing Engine...
[2015.04.30-11.50.37:475][  0]LogInit: XAudio2 using 'Speakers (Realtek High Definition Audio)' : 2 channels at 48 kHz using 32 bits per sample (channel mask 0x3)
[2015.04.30-11.50.37:489][  0]LogInit: FAudioDevice initialized.
[2015.04.30-11.50.37:539][  0]LogAIModule: Creating AISystem for world NewWorld
[2015.04.30-11.50.37:563][  0]LogDerivedDataCache: Saved boot cache 0.02s 39MB C:/Users/Nargon/AppData/Local/UnrealEngine/4.7/DerivedDataCache/Boot.ddc.
[2015.04.30-11.50.37:569][  0]LogInit: Texture streaming: Enabled
[2015.04.30-11.50.37:704][  0]LogAnalytics: Creating configured Analytics provider AnalyticsET
[2015.04.30-11.50.37:704][  0]LogAnalytics: ET APIKey = Rocket.Release. APIServer = http://et2.epicgames.com/ET2/. AppVersion = 4.7.3-2479750+++depot+UE4-Releases+4.7
[2015.04.30-11.50.37:704][  0]LogAnalytics: ET APIKey = Rocket.Release. DataRouterUploadURL = https://datarouter-public-service-gamedev.ol.epicgames.net/datarouter/api/v1/public/data. AppVersion = 4.7.3-2479750+++depot+UE4-Releases+4.7
[2015.04.30-11.50.37:704][  0]LogAnalytics: SetUserId f66fb68b41e6b40cb4c8ddab8a154b7e|ecb70a7e3ce340b3a897ae77bd608e2c|90ddc32f-7eb2-4426-89b9-b6a36000bee7
[2015.04.30-11.50.37:704][  0]LogAnalytics: AnalyticsET::StartSession [Rocket.Release]
[2015.04.30-11.50.37:770][  0]LogInit: Transaction tracking system initialized
[2015.04.30-11.50.38:044][  0]BlueprintLog: New page: Editor Load
[2015.04.30-11.50.38:088][  0]LogAssetRegistry: FAssetRegistry took 0.0099 seconds to start up
[2015.04.30-11.50.38:089][  0]LogDirectoryWatcher:Warning: Failed to begin reading directory changes for ../../../Engine/Plugins/Experimental/CharacterAI/Content/. Error: 0
[2015.04.30-11.50.38:887][  0]LogTargetPlatformManager:Display: Building Assets For Windows
[2015.04.30-11.50.39:460][  0]LogTargetPlatformManager:Display: Building Assets For Windows
[2015.04.30-11.50.39:820][  0]LogSlate:Warning: Failed to load font data from '../../../Engine/Content/Editor/Slate/Fonts/Roboto-Regular.ttf'
[2015.04.30-11.50.39:821][  0]LogSlate:Warning: Failed to load font data from '../../../Engine/Content/Editor/Slate/Fonts/Roboto-Bold.ttf'
[2015.04.30-11.50.39:887][  0]LogConsoleResponse:Display: 
[2015.04.30-11.50.40:081][  0]LogCook:Display: Done creating registry. It took  0.00s.
[2015.04.30-11.50.40:270][  0]SourceControl: Info Source control is disabled
[2015.04.30-11.50.40:270][  0]Cmd: MAP LOAD FILE="C:/Users/Nargon/Documents/God-Killer/Content/ThirdPersonBP/Maps/ThirdPersonExampleMap.umap" TEMPLATE=0 SHOWPROGRESS=1 FEATURELEVEL=3
[2015.04.30-11.50.40:271][  0]LightingResults: New page: Lighting Build
[2015.04.30-11.50.40:287][  0]MapCheck: New page: Map Check
[2015.04.30-11.50.40:287][  0]LightingResults: New page: Lighting Build
[2015.04.30-11.50.40:298][  0]LogParticles: Destroying 0 GPU particle simulations for FXSystem 0x0000000003CFE520
[2015.04.30-11.50.40:311][  0]LogLinker:Warning: Asset '../../../Engine/Content/EngineMeshes/Humanoid.uasset' has been saved with empty engine version. The asset will be loaded but may be incompatible.
[2015.04.30-11.50.42:807][  0]LogEditorServer: Finished looking for orphan Actors (0.000 secs)
[2015.04.30-11.50.44:102][  0]LogAIModule: Creating AISystem for world ThirdPersonExampleMap
[2015.04.30-11.50.44:103][  0]Cmd: MAP CHECKDEP
[2015.04.30-11.50.44:104][  0]MapCheck: New page: ThirdPersonExampleMap - Apr 29, 2015, 9:50:44 PM
[2015.04.30-11.50.44:262][  0]MapCheck: Info Map check complete: 0 Error(s), 0 Warning(s), took 158.261ms to complete.
[2015.04.30-11.50.44:262][  0]LogFileHelpers: Loading map 'ThirdPersonExampleMap' took 3.991
[2015.04.30-11.50.44:359][  0]LogCollectionManager: Loaded 0 collections in 0.002318 seconds
[2015.04.30-11.50.44:371][  0]LogContentBrowser: Native class hierarchy populated in 0.0110 seconds. Added 1696 classes and 261 folders.
[2015.04.30-11.50.44:473][  0]LogContentBrowser: Native class hierarchy updated for 'SceneOutliner' in 0.0018 seconds. Added 1 classes and 2 folders.
[2015.04.30-11.50.44:542][  0]LogCrashTracker: Crashtracker disabled due to settings.
[2015.04.30-11.50.44:544][  0]LogSlate:Warning: Failed to load font data from 'Veranda'
[2015.04.30-11.50.44:548][  0]LogUObjectGlobals:Warning: Failed to find object 'Class None.'
[2015.04.30-11.50.44:583][  0]LogLoad: Full Startup: 19.22 seconds (BP compile: 0.95 seconds)
[2015.04.30-11.50.44:945][  0]LogContentBrowser:Verbose: The content browser source was changed by the sources view to '/Game/sword'
[2015.04.30-11.50.45:100][  0]LogRenderer:Warning: Reallocating scene render targets to support 32x32 (Frame:2).
[2015.04.30-11.50.45:209][  0]LogRenderer:Warning: Reallocating scene render targets to support 936x744 (Frame:3).
[2015.04.30-11.50.46:636][  5]LogAssetRegistry: Asset discovery search completed in 8.5572 seconds
[2015.04.30-11.50.52:112][156]LogPlayLevel: PIE:  No blueprints needed recompiling
[2015.04.30-11.50.52:112][156]PIE: New page: PIE session: ThirdPersonExampleMap (Apr 29, 2015, 9:50:52 PM)
[2015.04.30-11.50.52:139][156]LogPlayLevel: PIE: StaticDuplicateObject took: (0.026836s)
[2015.04.30-11.50.52:141][156]LogPlayLevel: PIE: World Init took: (0.001252s)
[2015.04.30-11.50.52:141][156]LogPlayLevel: PIE: Created PIE world by copying editor world from /Game/ThirdPersonBP/Maps/ThirdPersonExampleMap.ThirdPersonExampleMap to /Game/ThirdPersonBP/Maps/UEDPIE_0_ThirdPersonExampleMap.ThirdPersonExampleMap (0.028493s)
[2015.04.30-11.50.52:224][156]LogWorld: Game class is 'ThirdPersonGameMode_C'
[2015.04.30-11.50.52:227][156]LogAIModule: Creating AISystem for world ThirdPersonExampleMap
[2015.04.30-11.50.52:234][156]LogWorld: Bringing World /Game/ThirdPersonBP/Maps/UEDPIE_0_ThirdPersonExampleMap.ThirdPersonExampleMap up for play (max tick rate 60) at 2015.04.30-04.50.52
[2015.04.30-11.50.52:235][156]LogWorld: Bringing up level for play took: 0.007931
[2015.04.30-11.50.52:237][156]PIE: Info Play in editor start time for /Game/ThirdPersonBP/Maps/UEDPIE_0_ThirdPersonExampleMap 0.31
[2015.04.30-11.50.55:996][376]LogActorComponent: UnregisterComponent: (/Engine/Transient.CharMoveComp) Not registered. Aborting.
[2015.04.30-11.50.56:020][376]LogParticles: Destroying 0 GPU particle simulations for FXSystem 0x0000000045CD22A0
[2015.04.30-11.51.03:269][722]LogRenderer:Warning: Reallocating scene render targets to support 952x744 (Frame:689).
[2015.04.30-11.51.10:659][132]Cmd: OBJ SAVEPACKAGE PACKAGE="/Game/sword/sword_bp" FILE="C:/Users/Nargon/Documents/God-Killer/Content/sword/sword_bp.uasset" SILENT=true
[2015.04.30-11.51.10:878][132]LogSavePackage: Save=205.123367ms
[2015.04.30-11.51.10:878][132]LogSavePackage: Moving 'C:/Users/Nargon/Documents/God-Killer/Saved/sword_bp4CA403EA47469352120F54A42CE5BF74.tmp' to 'C:/Users/Nargon/Documents/God-Killer/Content/sword/sword_bp.uasset'
[2015.04.30-11.51.12:892][248]BlueprintLog: New page: Compile sword_bp
[2015.04.30-11.51.12:986][248]BlueprintEditorCompileResults: Info [0047.62] Compile of sword_bp successful! [in 94 ms]
[2015.04.30-11.51.14:772][348]BlueprintLog: New page: Pre-PIE auto-recompile
[2015.04.30-11.51.14:777][348]LogPlayLevel: [PIE] Compiling ThirdPersonCharacter before PIE...
[2015.04.30-11.51.15:047][348]LogPlayLevel: PIE:  Blueprint regeneration took 274 ms (1 blueprints)
[2015.04.30-11.51.15:047][348]PIE: New page: PIE session: ThirdPersonExampleMap (Apr 29, 2015, 9:51:15 PM)
[2015.04.30-11.51.15:073][348]LogPlayLevel: PIE: StaticDuplicateObject took: (0.025832s)
[2015.04.30-11.51.15:074][348]LogPlayLevel: PIE: World Init took: (0.000945s)
[2015.04.30-11.51.15:074][348]LogPlayLevel: PIE: Created PIE world by copying editor world from /Game/ThirdPersonBP/Maps/ThirdPersonExampleMap.ThirdPersonExampleMap to /Game/ThirdPersonBP/Maps/UEDPIE_0_ThirdPersonExampleMap.ThirdPersonExampleMap (0.027010s)
[2015.04.30-11.51.15:120][348]LogWorld: Game class is 'ThirdPersonGameMode_C'
[2015.04.30-11.51.15:122][348]LogAIModule: Creating AISystem for world ThirdPersonExampleMap
[2015.04.30-11.51.15:129][348]LogWorld: Bringing World /Game/ThirdPersonBP/Maps/UEDPIE_0_ThirdPersonExampleMap.ThirdPersonExampleMap up for play (max tick rate 60) at 2015.04.30-04.51.15
[2015.04.30-11.51.15:130][348]LogWorld: Bringing up level for play took: 0.007203
[2015.04.30-11.51.15:132][348]PIE: Info Play in editor start time for /Game/ThirdPersonBP/Maps/UEDPIE_0_ThirdPersonExampleMap 1.205
[2015.04.30-11.51.18:112][522]LogParticles: Destroying 0 GPU particle simulations for FXSystem 0x0000000013BFA660
[2015.04.30-11.52.47:761][232]LogSavePackage: Save=3123.244385ms
[2015.04.30-11.52.47:761][232]LogSavePackage: Moving 'C:/Users/Nargon/Documents/God-Killer/Saved/ThirdPersonExampleMapFC3B52904739AB09E0AE4F8667BDC6D0.tmp' to 'C:/Users/Nargon/Documents/God-Killer/Content/ThirdPersonBP/Maps/ThirdPersonExampleMap.umap'
[2015.04.30-11.52.47:809][232]LogFileHelpers: Saving map 'ThirdPersonExampleMap' took 3.384
[2015.04.30-11.52.47:831][232]Cmd: OBJ SAVEPACKAGE PACKAGE="/Game/sword/sword_bp" FILE="C:/Users/Nargon/Documents/God-Killer/Content/sword/sword_bp.uasset" SILENT=true
[2015.04.30-11.52.48:047][232]LogSavePackage: Save=208.009872ms
[2015.04.30-11.52.48:047][232]LogSavePackage: Moving 'C:/Users/Nargon/Documents/God-Killer/Saved/sword_bpDAB9EA674B685A473D13BD82BB3F73D7.tmp' to 'C:/Users/Nargon/Documents/God-Killer/Content/sword/sword_bp.uasset'
[2015.04.30-11.52.48:684][268]BlueprintLog: New page: Compile sword_bp
[2015.04.30-11.52.48:781][268]BlueprintEditorCompileResults: Info [0143.41] Compile of sword_bp successful! [in 96 ms]
[2015.04.30-11.52.50:676][377]BlueprintLog: New page: Pre-PIE auto-recompile
[2015.04.30-11.52.50:681][377]LogPlayLevel: [PIE] Compiling ThirdPersonCharacter before PIE...
[2015.04.30-11.52.50:981][377]LogPlayLevel: PIE:  Blueprint regeneration took 305 ms (1 blueprints)
[2015.04.30-11.52.50:982][377]PIE: New page: PIE session: ThirdPersonExampleMap (Apr 29, 2015, 9:52:50 PM)
[2015.04.30-11.52.51:012][377]LogPlayLevel: PIE: StaticDuplicateObject took: (0.029883s)
[2015.04.30-11.52.51:013][377]LogPlayLevel: PIE: World Init took: (0.000997s)
[2015.04.30-11.52.51:013][377]LogPlayLevel: PIE: Created PIE world by copying editor world from /Game/ThirdPersonBP/Maps/ThirdPersonExampleMap.ThirdPersonExampleMap to /Game/ThirdPersonBP/Maps/UEDPIE_0_ThirdPersonExampleMap.ThirdPersonExampleMap (0.031116s)
[2015.04.30-11.52.51:057][377]LogWorld: Game class is 'ThirdPersonGameMode_C'
[2015.04.30-11.52.51:060][377]LogAIModule: Creating AISystem for world ThirdPersonExampleMap
[2015.04.30-11.52.51:067][377]LogWorld: Bringing World /Game/ThirdPersonBP/Maps/UEDPIE_0_ThirdPersonExampleMap.ThirdPersonExampleMap up for play (max tick rate 60) at 2015.04.30-04.52.51
[2015.04.30-11.52.51:068][377]LogWorld: Bringing up level for play took: 0.006952
[2015.04.30-11.52.51:070][377]PIE: Info Play in editor start time for /Game/ThirdPersonBP/Maps/UEDPIE_0_ThirdPersonExampleMap 1.141
[2015.04.30-11.52.51:720][415]LogBlueprintUserMessages: Hello
[2015.04.30-11.52.53:887][541]LogParticles: Destroying 0 GPU particle simulations for FXSystem 0x000000000C80AAC0
[2015.04.30-11.53.51:349][664]LogSavePackage: Save=3177.277832ms
[2015.04.30-11.53.51:349][664]LogSavePackage: Moving 'C:/Users/Nargon/Documents/God-Killer/Saved/ThirdPersonExampleMapCD8AD463481BC50AF3401892E0E582F1.tmp' to 'C:/Users/Nargon/Documents/God-Killer/Content/ThirdPersonBP/Maps/ThirdPersonExampleMap.umap'
[2015.04.30-11.53.51:433][664]LogFileHelpers: Saving map 'ThirdPersonExampleMap' took 3.465
[2015.04.30-11.53.51:453][664]Cmd: OBJ SAVEPACKAGE PACKAGE="/Game/sword/sword_bp" FILE="C:/Users/Nargon/Documents/God-Killer/Content/sword/sword_bp.uasset" SILENT=true
[2015.04.30-11.53.51:677][664]LogSavePackage: Save=217.204117ms
[2015.04.30-11.53.51:677][664]LogSavePackage: Moving 'C:/Users/Nargon/Documents/God-Killer/Saved/sword_bpE64F7DC040F53C7A1A9AE8AA4B1741C6.tmp' to 'C:/Users/Nargon/Documents/God-Killer/Content/sword/sword_bp.uasset'
[2015.04.30-11.53.56:911][838]LogContentBrowser:Verbose: The content browser source was changed by the sources view to '/Game/ThirdPersonBP'
[2015.04.30-11.53.58:081][905]LogContentBrowser:Verbose: The content browser source was changed by the sources view to '/Game/ThirdPersonBP/Blueprints'
[2015.04.30-11.54.06:209][330]LogActorComponent: UnregisterComponent: (/Engine/Transient.CharMoveComp) Not registered. Aborting.
[2015.04.30-11.54.06:209][330]LogActorComponent: UnregisterComponent: (/Engine/Transient.CharacterMovementComponent_0) Not registered. Aborting.
[2015.04.30-11.54.15:477][672]LogSavePackage: Save=3248.820313ms
[2015.04.30-11.54.15:477][672]LogSavePackage: Moving 'C:/Users/Nargon/Documents/God-Killer/Saved/ThirdPersonExampleMap4635AB954F37A4989166E580051EDDAC.tmp' to 'C:/Users/Nargon/Documents/God-Killer/Content/ThirdPersonBP/Maps/ThirdPersonExampleMap.umap'
[2015.04.30-11.54.15:515][672]LogFileHelpers: Saving map 'ThirdPersonExampleMap' took 3.485
[2015.04.30-11.54.15:545][672]Cmd: OBJ SAVEPACKAGE PACKAGE="/Game/ThirdPersonBP/Blueprints/ThirdPersonCharacter" FILE="C:/Users/Nargon/Documents/God-Killer/Content/ThirdPersonBP/Blueprints/ThirdPersonCharacter.uasset" SILENT=true
[2015.04.30-11.54.16:127][672]LogSavePackage: Save=570.538086ms
[2015.04.30-11.54.16:127][672]LogSavePackage: Moving 'C:/Users/Nargon/Documents/God-Killer/Saved/ThirdPersonCharacter716509C54558BDEF9F6EA1A16996473B.tmp' to 'C:/Users/Nargon/Documents/God-Killer/Content/ThirdPersonBP/Blueprints/ThirdPersonCharacter.uasset'
[2015.04.30-11.54.16:663][703]BlueprintLog: New page: Compile ThirdPersonCharacter
[2015.04.30-11.54.16:940][703]LogActorComponent: UnregisterComponent: (/Engine/Transient.CharMoveComp) Not registered. Aborting.
[2015.04.30-11.54.16:991][703]BlueprintEditorCompileResults: Info [0231.62] Compile of ThirdPersonCharacter successful! [in 327 ms]
[2015.04.30-11.54.18:504][790]BlueprintLog: New page: Compile sword_bp
[2015.04.30-11.54.18:630][790]BlueprintEditorCompileResults: Info [0233.26] Compile of sword_bp successful! [in 126 ms]
[2015.04.30-11.54.20:203][879]BlueprintLog: New page: Pre-PIE auto-recompile
[2015.04.30-11.54.20:207][879]LogActorComponent: UnregisterComponent: (/Engine/Transient.CharMoveComp) Not registered. Aborting.
[2015.04.30-11.54.20:214][879]LogPlayLevel: [PIE] Compiling ThirdPersonCharacter before PIE...
[2015.04.30-11.54.20:498][879]LogPlayLevel: PIE:  Blueprint regeneration took 294 ms (1 blueprints)
[2015.04.30-11.54.20:498][879]PIE: New page: PIE session: ThirdPersonExampleMap (Apr 29, 2015, 9:54:20 PM)
[2015.04.30-11.54.20:528][879]LogPlayLevel: PIE: StaticDuplicateObject took: (0.029723s)
[2015.04.30-11.54.20:529][879]LogPlayLevel: PIE: World Init took: (0.000895s)
[2015.04.30-11.54.20:530][879]LogPlayLevel: PIE: Created PIE world by copying editor world from /Game/ThirdPersonBP/Maps/ThirdPersonExampleMap.ThirdPersonExampleMap to /Game/ThirdPersonBP/Maps/UEDPIE_0_ThirdPersonExampleMap.ThirdPersonExampleMap (0.030900s)
[2015.04.30-11.54.20:573][879]LogWorld: Game class is 'ThirdPersonGameMode_C'
[2015.04.30-11.54.20:576][879]LogAIModule: Creating AISystem for world ThirdPersonExampleMap
[2015.04.30-11.54.20:583][879]LogWorld: Bringing World /Game/ThirdPersonBP/Maps/UEDPIE_0_ThirdPersonExampleMap.ThirdPersonExampleMap up for play (max tick rate 60) at 2015.04.30-04.54.20
[2015.04.30-11.54.20:584][879]LogWorld: Bringing up level for play took: 0.007390
[2015.04.30-11.54.20:586][879]PIE: Info Play in editor start time for /Game/ThirdPersonBP/Maps/UEDPIE_0_ThirdPersonExampleMap 0.657
[2015.04.30-11.54.21:124][909]LogBlueprintUserMessages: Hello
[2015.04.30-11.54.23:741][ 64]LogActorComponent: UnregisterComponent: (/Engine/Transient.CharMoveComp) Not registered. Aborting.
[2015.04.30-11.54.23:786][ 65]LogParticles: Destroying 0 GPU particle simulations for FXSystem 0x000000004D62D800
[2015.04.30-11.54.32:095][548]LogUObjectGlobals:Warning: Failed to find object 'Object None.'
[2015.04.30-11.54.41:535][903]LogSavePackage: Save=3140.135010ms
[2015.04.30-11.54.41:535][903]LogSavePackage: Moving 'C:/Users/Nargon/Documents/God-Killer/Saved/ThirdPersonExampleMapB50F2CCE4EBC657CD41453A0BB44BA09.tmp' to 'C:/Users/Nargon/Documents/God-Killer/Content/ThirdPersonBP/Maps/ThirdPersonExampleMap.umap'
[2015.04.30-11.54.41:568][903]LogFileHelpers: Saving map 'ThirdPersonExampleMap' took 3.376
[2015.04.30-11.54.41:591][903]Cmd: OBJ SAVEPACKAGE PACKAGE="/Game/sword/sword_bp" FILE="C:/Users/Nargon/Documents/God-Killer/Content/sword/sword_bp.uasset" SILENT=true
[2015.04.30-11.54.41:818][903]LogSavePackage: Save=219.375275ms
[2015.04.30-11.54.41:818][903]LogSavePackage: Moving 'C:/Users/Nargon/Documents/God-Killer/Saved/sword_bp99ABC8CD45DBDB22F64E699D880B9A2A.tmp' to 'C:/Users/Nargon/Documents/God-Killer/Content/sword/sword_bp.uasset'
[2015.04.30-11.54.42:351][935]BlueprintLog: New page: Compile sword_bp
[2015.04.30-11.54.42:477][935]BlueprintEditorCompileResults: Info [0257.11] Compile of sword_bp successful! [in 125 ms]
[2015.04.30-11.54.45:241][ 75]BlueprintLog: New page: Pre-PIE auto-recompile
[2015.04.30-11.54.45:244][ 75]LogActorComponent: UnregisterComponent: (/Engine/Transient.CharMoveComp) Not registered. Aborting.
[2015.04.30-11.54.45:251][ 75]LogPlayLevel: [PIE] Compiling ThirdPersonCharacter before PIE...
[2015.04.30-11.54.45:544][ 75]LogPlayLevel: PIE:  Blueprint regeneration took 303 ms (1 blueprints)
[2015.04.30-11.54.45:544][ 75]PIE: New page: PIE session: ThirdPersonExampleMap (Apr 29, 2015, 9:54:45 PM)
[2015.04.30-11.54.45:575][ 75]LogPlayLevel: PIE: StaticDuplicateObject took: (0.030657s)
[2015.04.30-11.54.45:576][ 75]LogPlayLevel: PIE: World Init took: (0.001031s)
[2015.04.30-11.54.45:577][ 75]LogPlayLevel: PIE: Created PIE world by copying editor world from /Game/ThirdPersonBP/Maps/ThirdPersonExampleMap.ThirdPersonExampleMap to /Game/ThirdPersonBP/Maps/UEDPIE_0_ThirdPersonExampleMap.ThirdPersonExampleMap (0.031998s)
[2015.04.30-11.54.45:624][ 75]LogWorld: Game class is 'ThirdPersonGameMode_C'
[2015.04.30-11.54.45:627][ 75]LogAIModule: Creating AISystem for world ThirdPersonExampleMap
[2015.04.30-11.54.45:633][ 75]LogWorld: Bringing World /Game/ThirdPersonBP/Maps/UEDPIE_0_ThirdPersonExampleMap.ThirdPersonExampleMap up for play (max tick rate 60) at 2015.04.30-04.54.45
[2015.04.30-11.54.45:634][ 75]LogWorld: Bringing up level for play took: 0.007061
[2015.04.30-11.54.45:636][ 75]PIE: Info Play in editor start time for /Game/ThirdPersonBP/Maps/UEDPIE_0_ThirdPersonExampleMap -0.293
[2015.04.30-11.54.46:407][119]LogBlueprintUserMessages: Hello
[2015.04.30-11.54.46:407][119]LogBlueprintUserMessages: Now
[2015.04.30-11.54.48:407][237]LogActorComponent: UnregisterComponent: (/Engine/Transient.CharMoveComp) Not registered. Aborting.
[2015.04.30-11.54.48:453][238]LogParticles: Destroying 0 GPU particle simulations for FXSystem 0x0000000013865080
[2015.04.30-11.55.02:593][866]LogSavePackage: Save=3212.563721ms
[2015.04.30-11.55.02:593][866]LogSavePackage: Moving 'C:/Users/Nargon/Documents/God-Killer/Saved/ThirdPersonExampleMap84666F2E413DE40384B79DBA286F86BF.tmp' to 'C:/Users/Nargon/Documents/God-Killer/Content/ThirdPersonBP/Maps/ThirdPersonExampleMap.umap'
[2015.04.30-11.55.02:682][866]LogFileHelpers: Saving map 'ThirdPersonExampleMap' took 3.519
[2015.04.30-11.55.02:703][866]Cmd: OBJ SAVEPACKAGE PACKAGE="/Game/sword/sword_bp" FILE="C:/Users/Nargon/Documents/God-Killer/Content/sword/sword_bp.uasset" SILENT=true
[2015.04.30-11.55.02:938][866]LogSavePackage: Save=226.041702ms
[2015.04.30-11.55.02:938][866]LogSavePackage: Moving 'C:/Users/Nargon/Documents/God-Killer/Saved/sword_bpC7877C494CF69CD9A4FA8B88BC920731.tmp' to 'C:/Users/Nargon/Documents/God-Killer/Content/sword/sword_bp.uasset'
[2015.04.30-11.55.05:095][994]BlueprintLog: New page: Pre-PIE auto-recompile
[2015.04.30-11.55.05:104][994]LogPlayLevel: [PIE] Compiling sword_bp before PIE...
[2015.04.30-11.55.05:195][994]LogPlayLevel: [PIE] Compiling ThirdPersonCharacter before PIE...
[2015.04.30-11.55.05:462][994]LogPlayLevel: PIE:  Blueprint regeneration took 366 ms (2 blueprints)
[2015.04.30-11.55.05:462][994]PIE: New page: PIE session: ThirdPersonExampleMap (Apr 29, 2015, 9:55:05 PM)
[2015.04.30-11.55.05:490][994]LogPlayLevel: PIE: StaticDuplicateObject took: (0.027907s)
[2015.04.30-11.55.05:491][994]LogPlayLevel: PIE: World Init took: (0.001055s)
[2015.04.30-11.55.05:491][994]LogPlayLevel: PIE: Created PIE world by copying editor world from /Game/ThirdPersonBP/Maps/ThirdPersonExampleMap.ThirdPersonExampleMap to /Game/ThirdPersonBP/Maps/UEDPIE_0_ThirdPersonExampleMap.ThirdPersonExampleMap (0.029257s)
[2015.04.30-11.55.05:536][994]LogWorld: Game class is 'ThirdPersonGameMode_C'
[2015.04.30-11.55.05:539][994]LogAIModule: Creating AISystem for world ThirdPersonExampleMap
[2015.04.30-11.55.05:546][994]LogWorld: Bringing World /Game/ThirdPersonBP/Maps/UEDPIE_0_ThirdPersonExampleMap.ThirdPersonExampleMap up for play (max tick rate 60) at 2015.04.30-04.55.05
[2015.04.30-11.55.05:546][994]LogWorld: Bringing up level for play took: 0.007257
[2015.04.30-11.55.05:549][994]PIE: Info Play in editor start time for /Game/ThirdPersonBP/Maps/UEDPIE_0_ThirdPersonExampleMap -0.381
[2015.04.30-11.55.06:259][ 34]LogBlueprintUserMessages: Hello
[2015.04.30-11.55.06:259][ 34]LogBlueprintUserMessages: Now
[2015.04.30-11.55.10:143][267]LogBlueprintUserMessages: Hello
[2015.04.30-11.55.10:143][267]LogBlueprintUserMessages: 0.0
[2015.04.30-11.55.11:310][335]LogActorComponent: UnregisterComponent: (/Engine/Transient.CharMoveComp) Not registered. Aborting.
[2015.04.30-11.55.11:356][336]LogParticles: Destroying 0 GPU particle simulations for FXSystem 0x0000000011A562A0
[2015.04.30-11.55.15:471][374]LogSavePackage: Save=3175.022461ms
[2015.04.30-11.55.15:471][374]LogSavePackage: Moving 'C:/Users/Nargon/Documents/God-Killer/Saved/ThirdPersonExampleMapC2CB47534DAD87F1233534B4E5E345B4.tmp' to 'C:/Users/Nargon/Documents/God-Killer/Content/ThirdPersonBP/Maps/ThirdPersonExampleMap.umap'
[2015.04.30-11.55.15:504][374]LogFileHelpers: Saving map 'ThirdPersonExampleMap' took 3.440
[2015.04.30-11.55.25:635][951]LogActorComponent: UnregisterComponent: (/Engine/Transient.CharMoveComp) Not registered. Aborting.
[2015.04.30-11.55.25:636][951]LogActorComponent: UnregisterComponent: (/Engine/Transient.CharacterMovementComponent_1) Not registered. Aborting.
[2015.04.30-11.55.25:731][951]Cmd: OBJ SAVEPACKAGE PACKAGE="/Game/sword/sword_bp" FILE="C:/Users/Nargon/Documents/God-Killer/Content/sword/sword_bp.uasset" SILENT=true
[2015.04.30-11.55.25:955][951]LogSavePackage: Save=216.969604ms
[2015.04.30-11.55.25:955][951]LogSavePackage: Moving 'C:/Users/Nargon/Documents/God-Killer/Saved/sword_bpB478459F458D011C965473AF8A3084C0.tmp' to 'C:/Users/Nargon/Documents/God-Killer/Content/sword/sword_bp.uasset'
[2015.04.30-11.55.26:388][977]BlueprintLog: New page: Compile sword_bp
[2015.04.30-11.55.26:514][977]BlueprintEditorCompileResults: Info [0301.14] Compile of sword_bp successful! [in 124 ms]
[2015.04.30-11.55.28:806][114]LogActorComponent: UnregisterComponent: (/Engine/Transient.CharMoveComp) Not registered. Aborting.
[2015.04.30-11.55.32:411][114]LogSavePackage: Save=3320.791016ms
[2015.04.30-11.55.32:411][114]LogSavePackage: Moving 'C:/Users/Nargon/Documents/God-Killer/Saved/ThirdPersonExampleMap2174ECA6462472B8E024C59872F54319.tmp' to 'C:/Users/Nargon/Documents/God-Killer/Content/ThirdPersonBP/Maps/ThirdPersonExampleMap.umap'
[2015.04.30-11.55.32:444][114]LogFileHelpers: Saving map 'ThirdPersonExampleMap' took 3.572
[2015.04.30-11.55.32:873][139]BlueprintLog: New page: Pre-PIE auto-recompile
[2015.04.30-11.55.32:887][139]LogPlayLevel: [PIE] Compiling ThirdPersonCharacter before PIE...
[2015.04.30-11.55.33:226][139]LogPlayLevel: PIE:  Blueprint regeneration took 352 ms (1 blueprints)
[2015.04.30-11.55.33:226][139]PIE: New page: PIE session: ThirdPersonExampleMap (Apr 29, 2015, 9:55:33 PM)
[2015.04.30-11.55.33:252][139]LogPlayLevel: PIE: StaticDuplicateObject took: (0.026145s)
[2015.04.30-11.55.33:254][139]LogPlayLevel: PIE: World Init took: (0.001099s)
[2015.04.30-11.55.33:254][139]LogPlayLevel: PIE: Created PIE world by copying editor world from /Game/ThirdPersonBP/Maps/ThirdPersonExampleMap.ThirdPersonExampleMap to /Game/ThirdPersonBP/Maps/UEDPIE_0_ThirdPersonExampleMap.ThirdPersonExampleMap (0.027526s)
[2015.04.30-11.55.33:299][139]LogWorld: Game class is 'ThirdPersonGameMode_C'
[2015.04.30-11.55.33:302][139]LogAIModule: Creating AISystem for world ThirdPersonExampleMap
[2015.04.30-11.55.33:308][139]LogWorld: Bringing World /Game/ThirdPersonBP/Maps/UEDPIE_0_ThirdPersonExampleMap.ThirdPersonExampleMap up for play (max tick rate 60) at 2015.04.30-04.55.33
[2015.04.30-11.55.33:309][139]LogWorld: Bringing up level for play took: 0.006617
[2015.04.30-11.55.33:311][139]PIE: Info Play in editor start time for /Game/ThirdPersonBP/Maps/UEDPIE_0_ThirdPersonExampleMap 1.381
[2015.04.30-11.55.43:418][743]LogBlueprintUserMessages: 0.0
[2015.04.30-11.55.44:607][812]LogActorComponent: UnregisterComponent: (/Engine/Transient.CharMoveComp) Not registered. Aborting.
[2015.04.30-11.55.44:652][813]LogParticles: Destroying 0 GPU particle simulations for FXSystem 0x000000004D62E8E0
[2015.04.30-11.55.49:943][904]LogSavePackage: Save=3504.175049ms
[2015.04.30-11.55.49:943][904]LogSavePackage: Moving 'C:/Users/Nargon/Documents/God-Killer/Saved/ThirdPersonExampleMap2E6F2F874A0EDC8E94E99C979C4AE229.tmp' to 'C:/Users/Nargon/Documents/God-Killer/Content/ThirdPersonBP/Maps/ThirdPersonExampleMap.umap'
[2015.04.30-11.55.50:052][904]LogFileHelpers: Saving map 'ThirdPersonExampleMap' took 3.821
[2015.04.30-11.55.52:217][989]Cmd: QUIT_EDITOR
[2015.04.30-11.55.52:520][989]LogExit: Preparing to exit.
[2015.04.30-11.55.52:709][989]LogExit: Editor shut down
[2015.04.30-11.55.52:709][989]LogExit: Transaction tracking system shut down
[2015.04.30-11.55.52:713][989]LogParticles: Destroying 0 GPU particle simulations for FXSystem 0x000000000D34A200
[2015.04.30-11.55.52:714][989]LogParticles: Destroying 0 GPU particle simulations for FXSystem 0x000000003EB668E0
[2015.04.30-11.55.52:714][989]LogParticles: Destroying 0 GPU particle simulations for FXSystem 0x000000003E99B9C0
[2015.04.30-11.55.52:714][989]LogParticles: Destroying 0 GPU particle simulations for FXSystem 0x0000000045CD3060
[2015.04.30-11.55.52:714][989]LogParticles: Destroying 0 GPU particle simulations for FXSystem 0x0000000045CD2CA0
[2015.04.30-11.55.52:715][989]LogParticles: Destroying 0 GPU particle simulations for FXSystem 0x0000000013A17100
[2015.04.30-11.55.52:716][989]LogParticles: Destroying 0 GPU particle simulations for FXSystem 0x000000004F7D3420
[2015.04.30-11.55.52:914][989]LogExit: Object subsystem successfully closed.
[2015.04.30-11.55.52:979][989]LogModuleManager: Shutting down and abandoning module CrashTracker (177)
[2015.04.30-11.55.52:979][989]LogModuleManager: Shutting down and abandoning module SuperSearch (176)
[2015.04.30-11.55.52:979][989]LogModuleManager: Shutting down and abandoning module SceneOutliner (175)
[2015.04.30-11.55.52:979][989]LogModuleManager: Shutting down and abandoning module EditorWidgets (174)
[2015.04.30-11.55.52:979][989]LogModuleManager: Shutting down and abandoning module CollectionManager (173)
[2015.04.30-11.55.52:979][989]LogModuleManager: Shutting down and abandoning module StatsViewer (172)
[2015.04.30-11.55.52:979][989]LogModuleManager: Shutting down and abandoning module FoliageEdit (171)
[2015.04.30-11.55.52:979][989]LogModuleManager: Shutting down and abandoning module LandscapeEditor (170)
[2015.04.30-11.55.52:979][989]LogModuleManager: Shutting down and abandoning module MeshPaint (169)
[2015.04.30-11.55.52:979][989]LogModuleManager: Shutting down and abandoning module ActorPickerMode (168)
[2015.04.30-11.55.52:979][989]LogModuleManager: Shutting down and abandoning module GeometryMode (167)
[2015.04.30-11.55.52:979][989]LogModuleManager: Shutting down and abandoning module TextureAlignMode (166)
[2015.04.30-11.55.52:979][989]LogModuleManager: Shutting down and abandoning module BspMode (165)
[2015.04.30-11.55.52:979][989]LogModuleManager: Shutting down and abandoning module PlacementMode (164)
[2015.04.30-11.55.52:979][989]LogModuleManager: Shutting down and abandoning module AutomationWorker (163)
[2015.04.30-11.55.52:979][989]LogModuleManager: Shutting down and abandoning module CharacterAI (162)
[2015.04.30-11.55.52:979][989]LogModuleManager: Shutting down and abandoning module SmartSnapping (161)
[2015.04.30-11.55.52:979][989]LogModuleManager: Shutting down and abandoning module ViewportSnapping (160)
[2015.04.30-11.55.52:979][989]LogModuleManager: Shutting down and abandoning module LogVisualizer (159)
[2015.04.30-11.55.52:979][989]LogModuleManager: Shutting down and abandoning module GameProjectGeneration (158)
[2015.04.30-11.55.52:980][989]LogModuleManager: Shutting down and abandoning module IntroTutorials (157)
[2015.04.30-11.55.52:980][989]LogModuleManager: Shutting down and abandoning module EditorLiveStreaming (156)
[2015.04.30-11.55.52:980][989]LogModuleManager: Shutting down and abandoning module HardwareTargeting (155)
[2015.04.30-11.55.52:980][989]LogModuleManager: Shutting down and abandoning module DeviceProfileEditor (154)
[2015.04.30-11.55.52:980][989]LogModuleManager: Shutting down and abandoning module UndoHistory (153)
[2015.04.30-11.55.52:980][989]LogModuleManager: Shutting down and abandoning module GameplayTagsEditor (152)
[2015.04.30-11.55.52:980][989]LogModuleManager: Shutting down and abandoning module UserFeedback (151)
[2015.04.30-11.55.52:980][989]LogModuleManager: Shutting down and abandoning module XmlParser (150)
[2015.04.30-11.55.52:980][989]LogModuleManager: Shutting down and abandoning module Blutility (149)
[2015.04.30-11.55.52:980][989]LogModuleManager: Shutting down and abandoning module IOSPlatformEditor (148)
[2015.04.30-11.55.52:980][989]LogModuleManager: Shutting down and abandoning module IOSRuntimeSettings (147)
[2015.04.30-11.55.52:980][989]LogModuleManager: Shutting down and abandoning module AndroidDeviceDetection (146)
[2015.04.30-11.55.53:581][989]LogModuleManager: Shutting down and abandoning module AndroidPlatformEditor (145)
[2015.04.30-11.55.53:581][989]LogModuleManager: Shutting down and abandoning module AndroidRuntimeSettings (144)
[2015.04.30-11.55.53:581][989]LogModuleManager: Shutting down and abandoning module ProjectTargetPlatformEditor (143)
[2015.04.30-11.55.53:581][989]LogModuleManager: Shutting down and abandoning module ProjectSettingsViewer (142)
[2015.04.30-11.55.53:581][989]LogModuleManager: Shutting down and abandoning module InputBindingEditor (141)
[2015.04.30-11.55.53:582][989]LogModuleManager: Shutting down and abandoning module EditorSettingsViewer (140)
[2015.04.30-11.55.53:582][989]LogModuleManager: Shutting down and abandoning module SettingsEditor (139)
[2015.04.30-11.55.53:582][989]LogModuleManager: Shutting down and abandoning module ProjectLauncher (138)
[2015.04.30-11.55.53:582][989]LogModuleManager: Shutting down and abandoning module SessionFrontend (137)
[2015.04.30-11.55.53:582][989]LogModuleManager: Shutting down and abandoning module ProfilerClient (136)
[2015.04.30-11.55.53:582][989]LogModuleManager: Shutting down and abandoning module TargetDeviceServices (135)
[2015.04.30-11.55.53:582][989]LogModuleManager: Shutting down and abandoning module DeviceManager (134)
[2015.04.30-11.55.53:582][989]LogModuleManager: Shutting down and abandoning module AutomationController (133)
[2015.04.30-11.55.53:582][989]LogModuleManager: Shutting down and abandoning module AutomationWindow (132)
[2015.04.30-11.55.53:582][989]LogModuleManager: Shutting down and abandoning module Layers (131)
[2015.04.30-11.55.53:582][989]LogModuleManager: Shutting down and abandoning module ComponentVisualizers (130)
[2015.04.30-11.55.53:582][989]LogModuleManager: Shutting down and abandoning module DetailCustomizations (129)
[2015.04.30-11.55.53:582][989]LogModuleManager: Shutting down and abandoning module PackagesDialog (128)
[2015.04.30-11.55.53:582][989]LogModuleManager: Shutting down and abandoning module AssetRegistry (127)
[2015.04.30-11.55.53:699][989]LogModuleManager: Shutting down and abandoning module Persona (126)
[2015.04.30-11.55.53:699][989]LogModuleManager: Shutting down and abandoning module SlateReflector (125)
[2015.04.30-11.55.53:699][989]LogModuleManager: Shutting down and abandoning module LevelEditor (124)
[2015.04.30-11.55.53:701][989]LogModuleManager: Shutting down and abandoning module Kismet (123)
[2015.04.30-11.55.53:701][989]LogModuleManager: Shutting down and abandoning module GraphEditor (122)
[2015.04.30-11.55.53:701][989]LogModuleManager: Shutting down and abandoning module ClassViewer (121)
[2015.04.30-11.55.53:701][989]LogModuleManager: Shutting down and abandoning module Toolbox (120)
[2015.04.30-11.55.53:701][989]LogModuleManager: Shutting down and abandoning module ModuleUI (119)
[2015.04.30-11.55.53:701][989]LogModuleManager: Shutting down and abandoning module MovieSceneTools (118)
[2015.04.30-11.55.53:701][989]LogModuleManager: Shutting down and abandoning module OutputLog (117)
[2015.04.30-11.55.53:701][989]LogModuleManager: Shutting down and abandoning module GammaUI (116)
[2015.04.30-11.55.53:701][989]LogModuleManager: Shutting down and abandoning module Documentation (115)
[2015.04.30-11.55.53:701][989]LogModuleManager: Shutting down and abandoning module GameLiveStreaming (114)
[2015.04.30-11.55.53:701][989]LogModuleManager: Shutting down and abandoning module StreamingPauseRendering (113)
[2015.04.30-11.55.53:701][989]LogModuleManager: Shutting down and abandoning module HTTP (112)
[2015.04.30-11.55.53:701][989]LogModuleManager: Shutting down and abandoning module AnalyticsET (111)
[2015.04.30-11.55.53:701][989]LogModuleManager: Shutting down and abandoning module Analytics (110)
[2015.04.30-11.55.53:701][989]LogModuleManager: Shutting down and abandoning module AITestSuite (109)
[2015.04.30-11.55.53:701][989]LogModuleManager: Shutting down and abandoning module GameplayDebugger (108)
[2015.04.30-11.55.53:701][989]LogModuleManager: Shutting down and abandoning module AIModule (107)
[2015.04.30-11.55.53:701][989]LogModuleManager: Shutting down and abandoning module ProfilerService (106)
[2015.04.30-11.55.53:718][989]LogModuleManager: Shutting down and abandoning module TaskGraph (105)
[2015.04.30-11.55.53:718][989]LogModuleManager: Shutting down and abandoning module SlateRemote (104)
[2015.04.30-11.55.53:718][989]LogModuleManager: Shutting down and abandoning module ScriptEditorPlugin (103)
[2015.04.30-11.55.53:718][989]LogModuleManager: Shutting down and abandoning module CustomMeshComponent (102)
[2015.04.30-11.55.53:718][989]LogModuleManager: Shutting down and abandoning module CableComponent (101)
[2015.04.30-11.55.53:718][989]LogModuleManager: Shutting down and abandoning module MessagingDebugger (100)
[2015.04.30-11.55.53:718][989]LogModuleManager: Shutting down and abandoning module MediaPlayerEditor (99)
[2015.04.30-11.55.53:718][989]LogModuleManager: Shutting down and abandoning module SpeedTreeImporter (98)
[2015.04.30-11.55.53:718][989]LogModuleManager: Shutting down and abandoning module PluginsEditor (97)
[2015.04.30-11.55.53:718][989]LogModuleManager: Shutting down and abandoning module MainFrame (96)
[2015.04.30-11.55.53:718][989]LogModuleManager: Shutting down and abandoning module EpicSurvey (95)
[2015.04.30-11.55.53:718][989]LogModuleManager: Shutting down and abandoning module DesktopPlatform (94)
[2015.04.30-11.55.53:718][989]LogModuleManager: Shutting down and abandoning module DirectoryWatcher (93)
[2015.04.30-11.55.53:719][989]LogModuleManager: Shutting down and abandoning module HotReload (92)
[2015.04.30-11.55.53:719][989]LogModuleManager: Shutting down and abandoning module VisualStudioSourceCodeAccess (91)
[2015.04.30-11.55.53:719][989]LogModuleManager: Shutting down and abandoning module UObjectPlugin (90)
[2015.04.30-11.55.53:719][989]LogModuleManager: Shutting down and abandoning module SubversionSourceControl (89)
[2015.04.30-11.55.53:719][989]LogModuleManager: Shutting down and abandoning module PerforceSourceControl (88)
[2015.04.30-11.55.53:719][989]LogModuleManager: Shutting down and abandoning module SourceControl (87)
[2015.04.30-11.55.53:719][989]LogModuleManager: Shutting down and abandoning module GitSourceControl (86)
[2015.04.30-11.55.53:719][989]LogModuleManager: Shutting down and abandoning module BlankPlugin (85)
[2015.04.30-11.55.53:719][989]LogModuleManager: Shutting down and abandoning module PaperTiledImporter (84)
[2015.04.30-11.55.53:719][989]LogModuleManager: Shutting down and abandoning module PaperJsonImporter (83)
[2015.04.30-11.55.53:719][989]LogModuleManager: Shutting down and abandoning module ContentBrowser (82)
[2015.04.30-11.55.53:720][989]LogModuleManager: Shutting down and abandoning module Paper2DEditor (81)
[2015.04.30-11.55.53:720][989]LogModuleManager: Shutting down and abandoning module ScriptPlugin (80)
[2015.04.30-11.55.53:720][989]LogModuleManager: Shutting down and abandoning module UdpMessaging (79)
[2015.04.30-11.55.53:820][989]LogModuleManager: Shutting down and abandoning module Paper2D (78)
[2015.04.30-11.55.53:820][989]LogModuleManager: Shutting down and abandoning module WindowsMoviePlayer (77)
[2015.04.30-11.55.53:822][989]LogModuleManager: Shutting down and abandoning module Media (76)
[2015.04.30-11.55.53:822][989]LogModuleManager: Shutting down and abandoning module WmfMedia (75)
[2015.04.30-11.55.53:822][989]LogModuleManager: Shutting down and abandoning module OnlineBlueprintSupport (74)
[2015.04.30-11.55.53:822][989]LogModuleManager: Shutting down and abandoning module PropertyEditor (73)
[2015.04.30-11.55.53:823][989]LogModuleManager: Shutting down and abandoning module BehaviorTreeEditor (72)
[2015.04.30-11.55.53:823][989]LogModuleManager: Shutting down and abandoning module FunctionalTesting (71)
[2015.04.30-11.55.53:823][989]LogModuleManager: Shutting down and abandoning module CollisionAnalyzer (70)
[2015.04.30-11.55.53:823][989]LogModuleManager: Shutting down and abandoning module WorkspaceMenuStructure (69)
[2015.04.30-11.55.53:823][989]LogModuleManager: Shutting down and abandoning module MessageLog (68)
[2015.04.30-11.55.53:823][989]LogModuleManager: Shutting down and abandoning module Sequencer (67)
[2015.04.30-11.55.53:823][989]LogModuleManager: Shutting down and abandoning module AssetTools (66)
[2015.04.30-11.55.53:823][989]LogModuleManager: Shutting down and abandoning module UMGEditor (65)
[2015.04.30-11.55.53:823][989]LogModuleManager: Shutting down and abandoning module UMG (64)
[2015.04.30-11.55.53:823][989]LogModuleManager: Shutting down and abandoning module Slate (63)
[2015.04.30-11.55.53:823][989]LogModuleManager: Shutting down and abandoning module EditorStyle (62)
[2015.04.30-11.55.53:829][989]LogModuleManager: Shutting down and abandoning module SessionServices (61)
[2015.04.30-11.55.53:829][989]LogModuleManager: Shutting down and abandoning module SourceCodeAccess (60)
[2015.04.30-11.55.53:829][989]LogModuleManager: Shutting down and abandoning module HeadMountedDisplay (59)
[2015.04.30-11.55.53:829][989]LogModuleManager: Shutting down and abandoning module XAudio2 (58)
[2015.04.30-11.55.53:829][989]LogModuleManager: Shutting down and abandoning module Networking (56)
[2015.04.30-11.55.53:829][989]LogModuleManager: Shutting down and abandoning module Core (55)
[2015.04.30-11.55.53:829][989]LogModuleManager: Shutting down and abandoning module KismetCompiler (54)
[2015.04.30-11.55.53:829][989]LogModuleManager: Shutting down and abandoning module PhysXFormats (53)
[2015.04.30-11.55.53:829][989]LogModuleManager: Shutting down and abandoning module MeshUtilities (52)
[2015.04.30-11.55.53:829][989]LogModuleManager: Shutting down and abandoning module DerivedDataCache (51)
[2015.04.30-11.55.53:888][989]LogDerivedDataCache: Shutdown
[2015.04.30-11.55.53:888][989]LogModuleManager: Shutting down and abandoning module ShaderFormatOpenGL (50)
[2015.04.30-11.55.53:888][989]LogModuleManager: Shutting down and abandoning module ShaderFormatD3D (49)
[2015.04.30-11.55.53:888][989]LogModuleManager: Shutting down and abandoning module MetalShaderFormat (48)
[2015.04.30-11.55.53:888][989]LogModuleManager: Shutting down and abandoning module TextureFormatUncompressed (47)
[2015.04.30-11.55.53:888][989]LogModuleManager: Shutting down and abandoning module TextureFormatPVR (46)
[2015.04.30-11.55.53:888][989]LogModuleManager: Shutting down and abandoning module TextureFormatIntelISPCTexComp (45)
[2015.04.30-11.55.53:888][989]LogModuleManager: Shutting down and abandoning module TextureFormatDXT (44)
[2015.04.30-11.55.53:888][989]LogModuleManager: Shutting down and abandoning module ImageWrapper (43)
[2015.04.30-11.55.53:888][989]LogModuleManager: Shutting down and abandoning module TextureFormatASTC (42)
[2015.04.30-11.55.53:888][989]LogModuleManager: Shutting down and abandoning module TextureFormatAndroid (41)
[2015.04.30-11.55.53:888][989]LogModuleManager: Shutting down and abandoning module AudioFormatOpus (40)
[2015.04.30-11.55.53:888][989]LogModuleManager: Shutting down and abandoning module AudioFormatOgg (39)
[2015.04.30-11.55.53:888][989]LogModuleManager: Shutting down and abandoning module AudioFormatADPCM (38)
[2015.04.30-11.55.53:888][989]LogModuleManager: Shutting down and abandoning module LinuxTargetPlatform (37)
[2015.04.30-11.55.53:888][989]LogModuleManager: Shutting down and abandoning module LinuxServerTargetPlatform (36)
[2015.04.30-11.55.53:888][989]LogModuleManager: Shutting down and abandoning module LinuxNoEditorTargetPlatform (35)
[2015.04.30-11.55.53:888][989]LogModuleManager: Shutting down and abandoning module Messaging (34)
[2015.04.30-11.55.53:888][989]LogModuleManager: Shutting down and abandoning module IOSTargetPlatform (33)
[2015.04.30-11.55.53:888][989]LogModuleManager: Shutting down and abandoning module HTML5TargetPlatform (32)
[2015.04.30-11.55.53:888][989]LogModuleManager: Shutting down and abandoning module Android_PVRTCTargetPlatform (31)
[2015.04.30-11.55.53:888][989]LogModuleManager: Shutting down and abandoning module Android_ETC2TargetPlatform (30)
[2015.04.30-11.55.53:888][989]LogModuleManager: Shutting down and abandoning module Android_ETC1TargetPlatform (29)
[2015.04.30-11.55.53:888][989]LogModuleManager: Shutting down and abandoning module Android_ES31TargetPlatform (28)
[2015.04.30-11.55.53:888][989]LogModuleManager: Shutting down and abandoning module Android_DXTTargetPlatform (27)
[2015.04.30-11.55.53:888][989]LogModuleManager: Shutting down and abandoning module Android_ATCTargetPlatform (26)
[2015.04.30-11.55.53:888][989]LogModuleManager: Shutting down and abandoning module AndroidTargetPlatform (25)
[2015.04.30-11.55.53:888][989]LogModuleManager: Shutting down and abandoning module WindowsTargetPlatform (24)
[2015.04.30-11.55.53:888][989]LogModuleManager: Shutting down and abandoning module WindowsServerTargetPlatform (23)
[2015.04.30-11.55.53:888][989]LogModuleManager: Shutting down and abandoning module WindowsNoEditorTargetPlatform (22)
[2015.04.30-11.55.53:888][989]LogModuleManager: Shutting down and abandoning module WindowsClientTargetPlatform (21)
[2015.04.30-11.55.53:888][989]LogModuleManager: Shutting down and abandoning module TargetPlatform (20)
[2015.04.30-11.55.53:888][989]LogModuleManager: Shutting down and abandoning module InputCore (19)
[2015.04.30-11.55.53:888][989]LogModuleManager: Shutting down and abandoning module Settings (18)
[2015.04.30-11.55.53:888][989]LogModuleManager: Shutting down and abandoning module OnlineSubsystem (16)
[2015.04.30-11.55.53:888][989]LogModuleManager: Shutting down and abandoning module OculusRift (15)
[2015.04.30-11.55.53:888][989]LogModuleManager: Shutting down and abandoning module ExampleDeviceProfileSelector (14)
[2015.04.30-11.55.53:888][989]LogModuleManager: Shutting down and abandoning module TextureCompressor (13)
[2015.04.30-11.55.53:888][989]LogModuleManager: Shutting down and abandoning module ShaderCore (12)
[2015.04.30-11.55.53:888][989]LogModuleManager: Shutting down and abandoning module Landscape (11)
[2015.04.30-11.55.53:889][989]LogModuleManager: Shutting down and abandoning module SlateRHIRenderer (10)
[2015.04.30-11.55.53:892][989]LogModuleManager: Shutting down and abandoning module OpenGLDrv (9)
[2015.04.30-11.55.53:892][989]LogModuleManager: Shutting down and abandoning module D3D11RHI (8)
[2015.04.30-11.55.53:892][989]LogModuleManager: Shutting down and abandoning module Renderer (7)
[2015.04.30-11.55.53:892][989]LogModuleManager: Shutting down and abandoning module Engine (6)
[2015.04.30-11.55.53:892][989]LogModuleManager: Shutting down and abandoning module CoreUObject (5)
[2015.04.30-11.55.53:892][989]LogModuleManager: Shutting down and abandoning module NetworkFile (4)
[2015.04.30-11.55.53:892][989]LogModuleManager: Shutting down and abandoning module StreamingFile (3)
[2015.04.30-11.55.53:892][989]LogModuleManager: Shutting down and abandoning module SandboxFile (2)
[2015.04.30-11.55.53:892][989]LogModuleManager: Shutting down and abandoning module PakFile (1)
[2015.04.30-11.55.53:893][989]LogExit: Exiting.
[2015.04.30-11.55.53:899][989]Log file closed, 04/30/15 04:55:53
